[0.047s] Invoking command in '/home/embedded/ros2_ws/build/ecl_exceptions': AMENT_PREFIX_PATH=/home/embedded/ros2_ws/install/ecl_errors:/home/embedded/ros2_ws/install/ecl_config:${AMENT_PREFIX_PATH} CMAKE_PREFIX_PATH=/home/embedded/ros2_ws/install/ecl_errors:/home/embedded/ros2_ws/install/ecl_config:/opt/ros/jazzy/opt/gz_sim_vendor:/opt/ros/jazzy/opt/gz_sensors_vendor:/opt/ros/jazzy/opt/gz_physics_vendor:/opt/ros/jazzy/opt/sdformat_vendor:/opt/ros/jazzy/opt/gz_gui_vendor:/opt/ros/jazzy/opt/gz_transport_vendor:/opt/ros/jazzy/opt/gz_rendering_vendor:/opt/ros/jazzy/opt/gz_plugin_vendor:/opt/ros/jazzy/opt/gz_fuel_tools_vendor:/opt/ros/jazzy/opt/gz_msgs_vendor:/opt/ros/jazzy/opt/gz_common_vendor:/opt/ros/jazzy/opt/gz_tools_vendor:/opt/ros/jazzy/opt/gz_ogre_next_vendor:/opt/ros/jazzy/opt/gz_dartsim_vendor:/opt/ros/jazzy/opt/gz_math_vendor:/opt/ros/jazzy/opt/gz_utils_vendor:/opt/ros/jazzy/opt/gz_cmake_vendor:/opt/ros/jazzy LD_LIBRARY_PATH=/home/embedded/ros2_ws/install/ecl_errors/lib:${LD_LIBRARY_PATH} PATH=/home/embedded/ros2_ws/install/ecl_config/bin:${PATH} /usr/bin/cmake --build /home/embedded/ros2_ws/build/ecl_exceptions -- -j4 -l4
[0.240s] [ 33%] Built target ecl_exceptions
[0.352s] [ 66%] Built target ecl_demo_exception_tracer
[0.355s] [100%] Built target ecl_demo_exceptions
[0.409s] Invoked command in '/home/embedded/ros2_ws/build/ecl_exceptions' returned '0': AMENT_PREFIX_PATH=/home/embedded/ros2_ws/install/ecl_errors:/home/embedded/ros2_ws/install/ecl_config:${AMENT_PREFIX_PATH} CMAKE_PREFIX_PATH=/home/embedded/ros2_ws/install/ecl_errors:/home/embedded/ros2_ws/install/ecl_config:/opt/ros/jazzy/opt/gz_sim_vendor:/opt/ros/jazzy/opt/gz_sensors_vendor:/opt/ros/jazzy/opt/gz_physics_vendor:/opt/ros/jazzy/opt/sdformat_vendor:/opt/ros/jazzy/opt/gz_gui_vendor:/opt/ros/jazzy/opt/gz_transport_vendor:/opt/ros/jazzy/opt/gz_rendering_vendor:/opt/ros/jazzy/opt/gz_plugin_vendor:/opt/ros/jazzy/opt/gz_fuel_tools_vendor:/opt/ros/jazzy/opt/gz_msgs_vendor:/opt/ros/jazzy/opt/gz_common_vendor:/opt/ros/jazzy/opt/gz_tools_vendor:/opt/ros/jazzy/opt/gz_ogre_next_vendor:/opt/ros/jazzy/opt/gz_dartsim_vendor:/opt/ros/jazzy/opt/gz_math_vendor:/opt/ros/jazzy/opt/gz_utils_vendor:/opt/ros/jazzy/opt/gz_cmake_vendor:/opt/ros/jazzy LD_LIBRARY_PATH=/home/embedded/ros2_ws/install/ecl_errors/lib:${LD_LIBRARY_PATH} PATH=/home/embedded/ros2_ws/install/ecl_config/bin:${PATH} /usr/bin/cmake --build /home/embedded/ros2_ws/build/ecl_exceptions -- -j4 -l4
[0.410s] Invoking command in '/home/embedded/ros2_ws/build/ecl_exceptions': AMENT_PREFIX_PATH=/home/embedded/ros2_ws/install/ecl_errors:/home/embedded/ros2_ws/install/ecl_config:${AMENT_PREFIX_PATH} CMAKE_PREFIX_PATH=/home/embedded/ros2_ws/install/ecl_errors:/home/embedded/ros2_ws/install/ecl_config:/opt/ros/jazzy/opt/gz_sim_vendor:/opt/ros/jazzy/opt/gz_sensors_vendor:/opt/ros/jazzy/opt/gz_physics_vendor:/opt/ros/jazzy/opt/sdformat_vendor:/opt/ros/jazzy/opt/gz_gui_vendor:/opt/ros/jazzy/opt/gz_transport_vendor:/opt/ros/jazzy/opt/gz_rendering_vendor:/opt/ros/jazzy/opt/gz_plugin_vendor:/opt/ros/jazzy/opt/gz_fuel_tools_vendor:/opt/ros/jazzy/opt/gz_msgs_vendor:/opt/ros/jazzy/opt/gz_common_vendor:/opt/ros/jazzy/opt/gz_tools_vendor:/opt/ros/jazzy/opt/gz_ogre_next_vendor:/opt/ros/jazzy/opt/gz_dartsim_vendor:/opt/ros/jazzy/opt/gz_math_vendor:/opt/ros/jazzy/opt/gz_utils_vendor:/opt/ros/jazzy/opt/gz_cmake_vendor:/opt/ros/jazzy LD_LIBRARY_PATH=/home/embedded/ros2_ws/install/ecl_errors/lib:${LD_LIBRARY_PATH} PATH=/home/embedded/ros2_ws/install/ecl_config/bin:${PATH} /usr/bin/cmake --install /home/embedded/ros2_ws/build/ecl_exceptions
[0.450s] -- Install configuration: ""
[0.451s] -- Execute custom install script
[0.454s] -- Up-to-date symlink: /home/embedded/ros2_ws/install/ecl_exceptions/include/ecl/exceptions/data_exception.hpp
[0.454s] -- Up-to-date symlink: /home/embedded/ros2_ws/install/ecl_exceptions/include/ecl/exceptions/exception.hpp
[0.454s] -- Up-to-date symlink: /home/embedded/ros2_ws/install/ecl_exceptions/include/ecl/exceptions/macros.hpp
[0.455s] -- Up-to-date symlink: /home/embedded/ros2_ws/install/ecl_exceptions/include/ecl/exceptions/posix_error_handler.hpp
[0.456s] -- Up-to-date symlink: /home/embedded/ros2_ws/install/ecl_exceptions/include/ecl/exceptions/standard_exception.hpp
[0.457s] -- Up-to-date symlink: /home/embedded/ros2_ws/install/ecl_exceptions/include/ecl/exceptions.hpp
[0.459s] -- Up-to-date symlink: /home/embedded/ros2_ws/install/ecl_exceptions/lib/ecl_exceptions/demo_exceptions
[0.460s] -- Up-to-date symlink: /home/embedded/ros2_ws/install/ecl_exceptions/lib/ecl_exceptions/demo_exception_tracer
[0.460s] -- Up-to-date symlink: /home/embedded/ros2_ws/install/ecl_exceptions/share/ecl_exceptions/environment/library_path.sh
[0.460s] -- Up-to-date symlink: /home/embedded/ros2_ws/install/ecl_exceptions/share/ecl_exceptions/environment/library_path.dsv
[0.463s] -- Up-to-date symlink: /home/embedded/ros2_ws/install/ecl_exceptions/share/ament_index/resource_index/package_run_dependencies/ecl_exceptions
[0.463s] -- Up-to-date symlink: /home/embedded/ros2_ws/install/ecl_exceptions/share/ament_index/resource_index/parent_prefix_path/ecl_exceptions
[0.465s] -- Up-to-date symlink: /home/embedded/ros2_ws/install/ecl_exceptions/share/ecl_exceptions/environment/ament_prefix_path.sh
[0.465s] -- Up-to-date symlink: /home/embedded/ros2_ws/install/ecl_exceptions/share/ecl_exceptions/environment/ament_prefix_path.dsv
[0.466s] -- Up-to-date symlink: /home/embedded/ros2_ws/install/ecl_exceptions/share/ecl_exceptions/environment/path.sh
[0.466s] -- Up-to-date symlink: /home/embedded/ros2_ws/install/ecl_exceptions/share/ecl_exceptions/environment/path.dsv
[0.466s] -- Up-to-date symlink: /home/embedded/ros2_ws/install/ecl_exceptions/share/ecl_exceptions/local_setup.bash
[0.466s] -- Up-to-date symlink: /home/embedded/ros2_ws/install/ecl_exceptions/share/ecl_exceptions/local_setup.sh
[0.466s] -- Up-to-date symlink: /home/embedded/ros2_ws/install/ecl_exceptions/share/ecl_exceptions/local_setup.zsh
[0.470s] -- Up-to-date symlink: /home/embedded/ros2_ws/install/ecl_exceptions/share/ecl_exceptions/local_setup.dsv
[0.470s] -- Symlinking: /home/embedded/ros2_ws/install/ecl_exceptions/share/ecl_exceptions/package.dsv
[0.522s] -- Up-to-date symlink: /home/embedded/ros2_ws/install/ecl_exceptions/share/ament_index/resource_index/packages/ecl_exceptions
[0.523s] -- Up-to-date symlink: /home/embedded/ros2_ws/install/ecl_exceptions/share/ecl_exceptions/cmake/ament_cmake_export_targets-extras.cmake
[0.523s] -- Up-to-date symlink: /home/embedded/ros2_ws/install/ecl_exceptions/share/ecl_exceptions/cmake/ament_cmake_export_include_directories-extras.cmake
[0.523s] -- Up-to-date symlink: /home/embedded/ros2_ws/install/ecl_exceptions/share/ecl_exceptions/cmake/ament_cmake_export_libraries-extras.cmake
[0.523s] -- Up-to-date symlink: /home/embedded/ros2_ws/install/ecl_exceptions/share/ecl_exceptions/cmake/ament_cmake_export_dependencies-extras.cmake
[0.523s] -- Up-to-date symlink: /home/embedded/ros2_ws/install/ecl_exceptions/share/ecl_exceptions/cmake/ecl_exceptionsConfig.cmake
[0.523s] -- Up-to-date symlink: /home/embedded/ros2_ws/install/ecl_exceptions/share/ecl_exceptions/cmake/ecl_exceptionsConfig-version.cmake
[0.523s] -- Up-to-date symlink: /home/embedded/ros2_ws/install/ecl_exceptions/share/ecl_exceptions/package.xml
[0.523s] -- Up-to-date: /home/embedded/ros2_ws/install/ecl_exceptions/share/ecl_exceptions/cmake/ecl_exceptionsExport.cmake
[0.523s] -- Up-to-date: /home/embedded/ros2_ws/install/ecl_exceptions/share/ecl_exceptions/cmake/ecl_exceptionsExport-noconfig.cmake
[0.523s] -- Up-to-date: /home/embedded/ros2_ws/install/ecl_exceptions/lib/libecl_exceptions.so.1.2.1
[0.523s] -- Up-to-date: /home/embedded/ros2_ws/install/ecl_exceptions/lib/libecl_exceptions.so
[0.524s] Invoked command in '/home/embedded/ros2_ws/build/ecl_exceptions' returned '0': AMENT_PREFIX_PATH=/home/embedded/ros2_ws/install/ecl_errors:/home/embedded/ros2_ws/install/ecl_config:${AMENT_PREFIX_PATH} CMAKE_PREFIX_PATH=/home/embedded/ros2_ws/install/ecl_errors:/home/embedded/ros2_ws/install/ecl_config:/opt/ros/jazzy/opt/gz_sim_vendor:/opt/ros/jazzy/opt/gz_sensors_vendor:/opt/ros/jazzy/opt/gz_physics_vendor:/opt/ros/jazzy/opt/sdformat_vendor:/opt/ros/jazzy/opt/gz_gui_vendor:/opt/ros/jazzy/opt/gz_transport_vendor:/opt/ros/jazzy/opt/gz_rendering_vendor:/opt/ros/jazzy/opt/gz_plugin_vendor:/opt/ros/jazzy/opt/gz_fuel_tools_vendor:/opt/ros/jazzy/opt/gz_msgs_vendor:/opt/ros/jazzy/opt/gz_common_vendor:/opt/ros/jazzy/opt/gz_tools_vendor:/opt/ros/jazzy/opt/gz_ogre_next_vendor:/opt/ros/jazzy/opt/gz_dartsim_vendor:/opt/ros/jazzy/opt/gz_math_vendor:/opt/ros/jazzy/opt/gz_utils_vendor:/opt/ros/jazzy/opt/gz_cmake_vendor:/opt/ros/jazzy LD_LIBRARY_PATH=/home/embedded/ros2_ws/install/ecl_errors/lib:${LD_LIBRARY_PATH} PATH=/home/embedded/ros2_ws/install/ecl_config/bin:${PATH} /usr/bin/cmake --install /home/embedded/ros2_ws/build/ecl_exceptions
