[0.047s] Invoking command in '/home/embedded/ros2_ws/build/astra_camera_msgs': CMAKE_PREFIX_PATH=${CMAKE_PREFIX_PATH}:/opt/ros/jazzy /usr/bin/cmake --build /home/embedded/ros2_ws/build/astra_camera_msgs -- -j4 -l4
[0.233s] [  1%] Built target astra_camera_msgs__rosidl_generator_type_description
[0.260s] [  1%] Built target ament_cmake_python_symlink_astra_camera_msgs
[0.367s] [  1%] Built target astra_camera_msgs__cpp
[0.411s] [ 27%] Built target astra_camera_msgs__rosidl_generator_c
[0.562s] [ 37%] Built target astra_camera_msgs__rosidl_typesupport_cpp
[0.579s] [ 47%] Built target astra_camera_msgs__rosidl_typesupport_introspection_c
[0.631s] [ 56%] Built target astra_camera_msgs__rosidl_typesupport_fastrtps_c
[0.680s] [ 66%] Built target astra_camera_msgs__rosidl_typesupport_c
[0.702s] [ 76%] Built target astra_camera_msgs__rosidl_typesupport_fastrtps_cpp
[0.747s] [ 85%] Built target astra_camera_msgs__rosidl_typesupport_introspection_cpp
[0.817s] [ 85%] Built target astra_camera_msgs
[0.896s] [ 86%] Built target astra_camera_msgs__py
[0.984s] [ 94%] Built target astra_camera_msgs__rosidl_generator_py
[1.091s] [ 96%] Built target astra_camera_msgs_s__rosidl_typesupport_c
[1.137s] [ 98%] Built target astra_camera_msgs_s__rosidl_typesupport_fastrtps_c
[1.159s] [100%] Built target astra_camera_msgs_s__rosidl_typesupport_introspection_c
[1.183s] running egg_info
[1.230s] writing astra_camera_msgs.egg-info/PKG-INFO
[1.230s] writing dependency_links to astra_camera_msgs.egg-info/dependency_links.txt
[1.231s] writing top-level names to astra_camera_msgs.egg-info/top_level.txt
[1.357s] reading manifest file 'astra_camera_msgs.egg-info/SOURCES.txt'
[1.358s] writing manifest file 'astra_camera_msgs.egg-info/SOURCES.txt'
[1.471s] [100%] Built target ament_cmake_python_build_astra_camera_msgs_egg
[1.510s] Invoked command in '/home/embedded/ros2_ws/build/astra_camera_msgs' returned '0': CMAKE_PREFIX_PATH=${CMAKE_PREFIX_PATH}:/opt/ros/jazzy /usr/bin/cmake --build /home/embedded/ros2_ws/build/astra_camera_msgs -- -j4 -l4
[1.510s] Invoking command in '/home/embedded/ros2_ws/build/astra_camera_msgs': CMAKE_PREFIX_PATH=${CMAKE_PREFIX_PATH}:/opt/ros/jazzy /usr/bin/cmake --install /home/embedded/ros2_ws/build/astra_camera_msgs
[1.532s] -- Install configuration: ""
[1.532s] -- Execute custom install script
[1.533s] -- Up-to-date symlink: /home/embedded/ros2_ws/install/astra_camera_msgs/share/ament_index/resource_index/rosidl_interfaces/astra_camera_msgs
[1.535s] -- Up-to-date symlink: /home/embedded/ros2_ws/install/astra_camera_msgs/share/astra_camera_msgs/msg/DeviceInfo.json
[1.535s] -- Up-to-date symlink: /home/embedded/ros2_ws/install/astra_camera_msgs/share/astra_camera_msgs/msg/Extrinsics.json
[1.536s] -- Up-to-date symlink: /home/embedded/ros2_ws/install/astra_camera_msgs/share/astra_camera_msgs/msg/Metadata.json
[1.536s] -- Up-to-date symlink: /home/embedded/ros2_ws/install/astra_camera_msgs/share/astra_camera_msgs/srv/GetDeviceInfo.json
[1.536s] -- Up-to-date symlink: /home/embedded/ros2_ws/install/astra_camera_msgs/share/astra_camera_msgs/srv/GetCameraInfo.json
[1.536s] -- Up-to-date symlink: /home/embedded/ros2_ws/install/astra_camera_msgs/share/astra_camera_msgs/srv/GetCameraParams.json
[1.536s] -- Up-to-date symlink: /home/embedded/ros2_ws/install/astra_camera_msgs/share/astra_camera_msgs/srv/GetInt32.json
[1.538s] -- Up-to-date symlink: /home/embedded/ros2_ws/install/astra_camera_msgs/share/astra_camera_msgs/srv/GetString.json
[1.539s] -- Up-to-date symlink: /home/embedded/ros2_ws/install/astra_camera_msgs/share/astra_camera_msgs/srv/SetInt32.json
[1.542s] -- Up-to-date symlink: /home/embedded/ros2_ws/install/astra_camera_msgs/include/astra_camera_msgs/astra_camera_msgs/msg/detail/device_info__functions.h
[1.542s] -- Up-to-date symlink: /home/embedded/ros2_ws/install/astra_camera_msgs/include/astra_camera_msgs/astra_camera_msgs/msg/detail/device_info__struct.h
[1.542s] -- Up-to-date symlink: /home/embedded/ros2_ws/install/astra_camera_msgs/include/astra_camera_msgs/astra_camera_msgs/msg/detail/device_info__type_support.h
[1.542s] -- Up-to-date symlink: /home/embedded/ros2_ws/install/astra_camera_msgs/include/astra_camera_msgs/astra_camera_msgs/msg/detail/extrinsics__functions.h
[1.543s] -- Up-to-date symlink: /home/embedded/ros2_ws/install/astra_camera_msgs/include/astra_camera_msgs/astra_camera_msgs/msg/detail/extrinsics__struct.h
[1.546s] -- Up-to-date symlink: /home/embedded/ros2_ws/install/astra_camera_msgs/include/astra_camera_msgs/astra_camera_msgs/msg/detail/extrinsics__type_support.h
[1.547s] -- Up-to-date symlink: /home/embedded/ros2_ws/install/astra_camera_msgs/include/astra_camera_msgs/astra_camera_msgs/msg/detail/metadata__functions.h
[1.547s] -- Up-to-date symlink: /home/embedded/ros2_ws/install/astra_camera_msgs/include/astra_camera_msgs/astra_camera_msgs/msg/detail/metadata__struct.h
[1.549s] -- Up-to-date symlink: /home/embedded/ros2_ws/install/astra_camera_msgs/include/astra_camera_msgs/astra_camera_msgs/msg/detail/metadata__type_support.h
[1.550s] -- Up-to-date symlink: /home/embedded/ros2_ws/install/astra_camera_msgs/include/astra_camera_msgs/astra_camera_msgs/msg/device_info.h
[1.550s] -- Up-to-date symlink: /home/embedded/ros2_ws/install/astra_camera_msgs/include/astra_camera_msgs/astra_camera_msgs/msg/extrinsics.h
[1.550s] -- Up-to-date symlink: /home/embedded/ros2_ws/install/astra_camera_msgs/include/astra_camera_msgs/astra_camera_msgs/msg/metadata.h
[1.550s] -- Up-to-date symlink: /home/embedded/ros2_ws/install/astra_camera_msgs/include/astra_camera_msgs/astra_camera_msgs/msg/rosidl_generator_c__visibility_control.h
[1.550s] -- Up-to-date symlink: /home/embedded/ros2_ws/install/astra_camera_msgs/include/astra_camera_msgs/astra_camera_msgs/srv/detail/get_camera_info__functions.h
[1.551s] -- Up-to-date symlink: /home/embedded/ros2_ws/install/astra_camera_msgs/include/astra_camera_msgs/astra_camera_msgs/srv/detail/get_camera_info__struct.h
[1.551s] -- Up-to-date symlink: /home/embedded/ros2_ws/install/astra_camera_msgs/include/astra_camera_msgs/astra_camera_msgs/srv/detail/get_camera_info__type_support.h
[1.552s] -- Up-to-date symlink: /home/embedded/ros2_ws/install/astra_camera_msgs/include/astra_camera_msgs/astra_camera_msgs/srv/detail/get_camera_params__functions.h
[1.552s] -- Up-to-date symlink: /home/embedded/ros2_ws/install/astra_camera_msgs/include/astra_camera_msgs/astra_camera_msgs/srv/detail/get_camera_params__struct.h
[1.552s] -- Up-to-date symlink: /home/embedded/ros2_ws/install/astra_camera_msgs/include/astra_camera_msgs/astra_camera_msgs/srv/detail/get_camera_params__type_support.h
[1.553s] -- Up-to-date symlink: /home/embedded/ros2_ws/install/astra_camera_msgs/include/astra_camera_msgs/astra_camera_msgs/srv/detail/get_device_info__functions.h
[1.553s] -- Up-to-date symlink: /home/embedded/ros2_ws/install/astra_camera_msgs/include/astra_camera_msgs/astra_camera_msgs/srv/detail/get_device_info__struct.h
[1.553s] -- Up-to-date symlink: /home/embedded/ros2_ws/install/astra_camera_msgs/include/astra_camera_msgs/astra_camera_msgs/srv/detail/get_device_info__type_support.h
[1.553s] -- Up-to-date symlink: /home/embedded/ros2_ws/install/astra_camera_msgs/include/astra_camera_msgs/astra_camera_msgs/srv/detail/get_int32__functions.h
[1.553s] -- Up-to-date symlink: /home/embedded/ros2_ws/install/astra_camera_msgs/include/astra_camera_msgs/astra_camera_msgs/srv/detail/get_int32__struct.h
[1.553s] -- Up-to-date symlink: /home/embedded/ros2_ws/install/astra_camera_msgs/include/astra_camera_msgs/astra_camera_msgs/srv/detail/get_int32__type_support.h
[1.553s] -- Up-to-date symlink: /home/embedded/ros2_ws/install/astra_camera_msgs/include/astra_camera_msgs/astra_camera_msgs/srv/detail/get_string__functions.h
[1.553s] -- Up-to-date symlink: /home/embedded/ros2_ws/install/astra_camera_msgs/include/astra_camera_msgs/astra_camera_msgs/srv/detail/get_string__struct.h
[1.553s] -- Up-to-date symlink: /home/embedded/ros2_ws/install/astra_camera_msgs/include/astra_camera_msgs/astra_camera_msgs/srv/detail/get_string__type_support.h
[1.553s] -- Up-to-date symlink: /home/embedded/ros2_ws/install/astra_camera_msgs/include/astra_camera_msgs/astra_camera_msgs/srv/detail/set_int32__functions.h
[1.560s] -- Up-to-date symlink: /home/embedded/ros2_ws/install/astra_camera_msgs/include/astra_camera_msgs/astra_camera_msgs/srv/detail/set_int32__struct.h
[1.561s] -- Up-to-date symlink: /home/embedded/ros2_ws/install/astra_camera_msgs/include/astra_camera_msgs/astra_camera_msgs/srv/detail/set_int32__type_support.h
[1.561s] -- Up-to-date symlink: /home/embedded/ros2_ws/install/astra_camera_msgs/include/astra_camera_msgs/astra_camera_msgs/srv/get_camera_info.h
[1.561s] -- Up-to-date symlink: /home/embedded/ros2_ws/install/astra_camera_msgs/include/astra_camera_msgs/astra_camera_msgs/srv/get_camera_params.h
[1.561s] -- Up-to-date symlink: /home/embedded/ros2_ws/install/astra_camera_msgs/include/astra_camera_msgs/astra_camera_msgs/srv/get_device_info.h
[1.561s] -- Up-to-date symlink: /home/embedded/ros2_ws/install/astra_camera_msgs/include/astra_camera_msgs/astra_camera_msgs/srv/get_int32.h
[1.563s] -- Up-to-date symlink: /home/embedded/ros2_ws/install/astra_camera_msgs/include/astra_camera_msgs/astra_camera_msgs/srv/get_string.h
[1.563s] -- Up-to-date symlink: /home/embedded/ros2_ws/install/astra_camera_msgs/include/astra_camera_msgs/astra_camera_msgs/srv/set_int32.h
[1.563s] -- Up-to-date symlink: /home/embedded/ros2_ws/install/astra_camera_msgs/share/astra_camera_msgs/environment/library_path.sh
[1.565s] -- Up-to-date symlink: /home/embedded/ros2_ws/install/astra_camera_msgs/share/astra_camera_msgs/environment/library_path.dsv
[1.566s] -- Up-to-date symlink: /home/embedded/ros2_ws/install/astra_camera_msgs/include/astra_camera_msgs/astra_camera_msgs/msg/detail/device_info__rosidl_typesupport_fastrtps_c.h
[1.567s] -- Up-to-date symlink: /home/embedded/ros2_ws/install/astra_camera_msgs/include/astra_camera_msgs/astra_camera_msgs/msg/detail/extrinsics__rosidl_typesupport_fastrtps_c.h
[1.572s] -- Up-to-date symlink: /home/embedded/ros2_ws/install/astra_camera_msgs/include/astra_camera_msgs/astra_camera_msgs/msg/detail/metadata__rosidl_typesupport_fastrtps_c.h
[1.572s] -- Up-to-date symlink: /home/embedded/ros2_ws/install/astra_camera_msgs/include/astra_camera_msgs/astra_camera_msgs/msg/rosidl_typesupport_fastrtps_c__visibility_control.h
[1.572s] -- Up-to-date symlink: /home/embedded/ros2_ws/install/astra_camera_msgs/include/astra_camera_msgs/astra_camera_msgs/srv/detail/get_camera_info__rosidl_typesupport_fastrtps_c.h
[1.572s] -- Up-to-date symlink: /home/embedded/ros2_ws/install/astra_camera_msgs/include/astra_camera_msgs/astra_camera_msgs/srv/detail/get_camera_params__rosidl_typesupport_fastrtps_c.h
[1.572s] -- Up-to-date symlink: /home/embedded/ros2_ws/install/astra_camera_msgs/include/astra_camera_msgs/astra_camera_msgs/srv/detail/get_device_info__rosidl_typesupport_fastrtps_c.h
[1.572s] -- Up-to-date symlink: /home/embedded/ros2_ws/install/astra_camera_msgs/include/astra_camera_msgs/astra_camera_msgs/srv/detail/get_int32__rosidl_typesupport_fastrtps_c.h
[1.572s] -- Up-to-date symlink: /home/embedded/ros2_ws/install/astra_camera_msgs/include/astra_camera_msgs/astra_camera_msgs/srv/detail/get_string__rosidl_typesupport_fastrtps_c.h
[1.572s] -- Up-to-date symlink: /home/embedded/ros2_ws/install/astra_camera_msgs/include/astra_camera_msgs/astra_camera_msgs/srv/detail/set_int32__rosidl_typesupport_fastrtps_c.h
[1.573s] -- Up-to-date symlink: /home/embedded/ros2_ws/install/astra_camera_msgs/include/astra_camera_msgs/astra_camera_msgs/msg/detail/device_info__rosidl_typesupport_introspection_c.h
[1.573s] -- Up-to-date symlink: /home/embedded/ros2_ws/install/astra_camera_msgs/include/astra_camera_msgs/astra_camera_msgs/msg/detail/extrinsics__rosidl_typesupport_introspection_c.h
[1.575s] -- Up-to-date symlink: /home/embedded/ros2_ws/install/astra_camera_msgs/include/astra_camera_msgs/astra_camera_msgs/msg/detail/metadata__rosidl_typesupport_introspection_c.h
[1.576s] -- Up-to-date symlink: /home/embedded/ros2_ws/install/astra_camera_msgs/include/astra_camera_msgs/astra_camera_msgs/msg/rosidl_typesupport_introspection_c__visibility_control.h
[1.576s] -- Up-to-date symlink: /home/embedded/ros2_ws/install/astra_camera_msgs/include/astra_camera_msgs/astra_camera_msgs/srv/detail/get_camera_info__rosidl_typesupport_introspection_c.h
[1.576s] -- Up-to-date symlink: /home/embedded/ros2_ws/install/astra_camera_msgs/include/astra_camera_msgs/astra_camera_msgs/srv/detail/get_camera_params__rosidl_typesupport_introspection_c.h
[1.576s] -- Up-to-date symlink: /home/embedded/ros2_ws/install/astra_camera_msgs/include/astra_camera_msgs/astra_camera_msgs/srv/detail/get_device_info__rosidl_typesupport_introspection_c.h
[1.576s] -- Up-to-date symlink: /home/embedded/ros2_ws/install/astra_camera_msgs/include/astra_camera_msgs/astra_camera_msgs/srv/detail/get_int32__rosidl_typesupport_introspection_c.h
[1.580s] -- Up-to-date symlink: /home/embedded/ros2_ws/install/astra_camera_msgs/include/astra_camera_msgs/astra_camera_msgs/srv/detail/get_string__rosidl_typesupport_introspection_c.h
[1.581s] -- Up-to-date symlink: /home/embedded/ros2_ws/install/astra_camera_msgs/include/astra_camera_msgs/astra_camera_msgs/srv/detail/set_int32__rosidl_typesupport_introspection_c.h
[1.585s] -- Up-to-date symlink: /home/embedded/ros2_ws/install/astra_camera_msgs/include/astra_camera_msgs/astra_camera_msgs/msg/detail/device_info__builder.hpp
[1.585s] -- Up-to-date symlink: /home/embedded/ros2_ws/install/astra_camera_msgs/include/astra_camera_msgs/astra_camera_msgs/msg/detail/device_info__struct.hpp
[1.585s] -- Up-to-date symlink: /home/embedded/ros2_ws/install/astra_camera_msgs/include/astra_camera_msgs/astra_camera_msgs/msg/detail/device_info__traits.hpp
[1.585s] -- Up-to-date symlink: /home/embedded/ros2_ws/install/astra_camera_msgs/include/astra_camera_msgs/astra_camera_msgs/msg/detail/device_info__type_support.hpp
[1.585s] -- Up-to-date symlink: /home/embedded/ros2_ws/install/astra_camera_msgs/include/astra_camera_msgs/astra_camera_msgs/msg/detail/extrinsics__builder.hpp
[1.586s] -- Up-to-date symlink: /home/embedded/ros2_ws/install/astra_camera_msgs/include/astra_camera_msgs/astra_camera_msgs/msg/detail/extrinsics__struct.hpp
[1.586s] -- Up-to-date symlink: /home/embedded/ros2_ws/install/astra_camera_msgs/include/astra_camera_msgs/astra_camera_msgs/msg/detail/extrinsics__traits.hpp
[1.586s] -- Up-to-date symlink: /home/embedded/ros2_ws/install/astra_camera_msgs/include/astra_camera_msgs/astra_camera_msgs/msg/detail/extrinsics__type_support.hpp
[1.589s] -- Up-to-date symlink: /home/embedded/ros2_ws/install/astra_camera_msgs/include/astra_camera_msgs/astra_camera_msgs/msg/detail/metadata__builder.hpp
[1.589s] -- Up-to-date symlink: /home/embedded/ros2_ws/install/astra_camera_msgs/include/astra_camera_msgs/astra_camera_msgs/msg/detail/metadata__struct.hpp
[1.589s] -- Up-to-date symlink: /home/embedded/ros2_ws/install/astra_camera_msgs/include/astra_camera_msgs/astra_camera_msgs/msg/detail/metadata__traits.hpp
[1.589s] -- Up-to-date symlink: /home/embedded/ros2_ws/install/astra_camera_msgs/include/astra_camera_msgs/astra_camera_msgs/msg/detail/metadata__type_support.hpp
[1.589s] -- Up-to-date symlink: /home/embedded/ros2_ws/install/astra_camera_msgs/include/astra_camera_msgs/astra_camera_msgs/msg/device_info.hpp
[1.591s] -- Up-to-date symlink: /home/embedded/ros2_ws/install/astra_camera_msgs/include/astra_camera_msgs/astra_camera_msgs/msg/extrinsics.hpp
[1.591s] -- Up-to-date symlink: /home/embedded/ros2_ws/install/astra_camera_msgs/include/astra_camera_msgs/astra_camera_msgs/msg/metadata.hpp
[1.593s] -- Up-to-date symlink: /home/embedded/ros2_ws/install/astra_camera_msgs/include/astra_camera_msgs/astra_camera_msgs/msg/rosidl_generator_cpp__visibility_control.hpp
[1.593s] -- Up-to-date symlink: /home/embedded/ros2_ws/install/astra_camera_msgs/include/astra_camera_msgs/astra_camera_msgs/srv/detail/get_camera_info__builder.hpp
[1.593s] -- Up-to-date symlink: /home/embedded/ros2_ws/install/astra_camera_msgs/include/astra_camera_msgs/astra_camera_msgs/srv/detail/get_camera_info__struct.hpp
[1.597s] -- Up-to-date symlink: /home/embedded/ros2_ws/install/astra_camera_msgs/include/astra_camera_msgs/astra_camera_msgs/srv/detail/get_camera_info__traits.hpp
[1.597s] -- Up-to-date symlink: /home/embedded/ros2_ws/install/astra_camera_msgs/include/astra_camera_msgs/astra_camera_msgs/srv/detail/get_camera_info__type_support.hpp
[1.597s] -- Up-to-date symlink: /home/embedded/ros2_ws/install/astra_camera_msgs/include/astra_camera_msgs/astra_camera_msgs/srv/detail/get_camera_params__builder.hpp
[1.597s] -- Up-to-date symlink: /home/embedded/ros2_ws/install/astra_camera_msgs/include/astra_camera_msgs/astra_camera_msgs/srv/detail/get_camera_params__struct.hpp
[1.597s] -- Up-to-date symlink: /home/embedded/ros2_ws/install/astra_camera_msgs/include/astra_camera_msgs/astra_camera_msgs/srv/detail/get_camera_params__traits.hpp
[1.597s] -- Up-to-date symlink: /home/embedded/ros2_ws/install/astra_camera_msgs/include/astra_camera_msgs/astra_camera_msgs/srv/detail/get_camera_params__type_support.hpp
[1.598s] -- Up-to-date symlink: /home/embedded/ros2_ws/install/astra_camera_msgs/include/astra_camera_msgs/astra_camera_msgs/srv/detail/get_device_info__builder.hpp
[1.598s] -- Up-to-date symlink: /home/embedded/ros2_ws/install/astra_camera_msgs/include/astra_camera_msgs/astra_camera_msgs/srv/detail/get_device_info__struct.hpp
[1.598s] -- Up-to-date symlink: /home/embedded/ros2_ws/install/astra_camera_msgs/include/astra_camera_msgs/astra_camera_msgs/srv/detail/get_device_info__traits.hpp
[1.598s] -- Up-to-date symlink: /home/embedded/ros2_ws/install/astra_camera_msgs/include/astra_camera_msgs/astra_camera_msgs/srv/detail/get_device_info__type_support.hpp
[1.598s] -- Up-to-date symlink: /home/embedded/ros2_ws/install/astra_camera_msgs/include/astra_camera_msgs/astra_camera_msgs/srv/detail/get_int32__builder.hpp
[1.604s] -- Up-to-date symlink: /home/embedded/ros2_ws/install/astra_camera_msgs/include/astra_camera_msgs/astra_camera_msgs/srv/detail/get_int32__struct.hpp
[1.605s] -- Up-to-date symlink: /home/embedded/ros2_ws/install/astra_camera_msgs/include/astra_camera_msgs/astra_camera_msgs/srv/detail/get_int32__traits.hpp
[1.605s] -- Up-to-date symlink: /home/embedded/ros2_ws/install/astra_camera_msgs/include/astra_camera_msgs/astra_camera_msgs/srv/detail/get_int32__type_support.hpp
[1.605s] -- Up-to-date symlink: /home/embedded/ros2_ws/install/astra_camera_msgs/include/astra_camera_msgs/astra_camera_msgs/srv/detail/get_string__builder.hpp
[1.605s] -- Up-to-date symlink: /home/embedded/ros2_ws/install/astra_camera_msgs/include/astra_camera_msgs/astra_camera_msgs/srv/detail/get_string__struct.hpp
[1.605s] -- Up-to-date symlink: /home/embedded/ros2_ws/install/astra_camera_msgs/include/astra_camera_msgs/astra_camera_msgs/srv/detail/get_string__traits.hpp
[1.605s] -- Up-to-date symlink: /home/embedded/ros2_ws/install/astra_camera_msgs/include/astra_camera_msgs/astra_camera_msgs/srv/detail/get_string__type_support.hpp
[1.606s] -- Up-to-date symlink: /home/embedded/ros2_ws/install/astra_camera_msgs/include/astra_camera_msgs/astra_camera_msgs/srv/detail/set_int32__builder.hpp
[1.606s] -- Up-to-date symlink: /home/embedded/ros2_ws/install/astra_camera_msgs/include/astra_camera_msgs/astra_camera_msgs/srv/detail/set_int32__struct.hpp
[1.606s] -- Up-to-date symlink: /home/embedded/ros2_ws/install/astra_camera_msgs/include/astra_camera_msgs/astra_camera_msgs/srv/detail/set_int32__traits.hpp
[1.606s] -- Up-to-date symlink: /home/embedded/ros2_ws/install/astra_camera_msgs/include/astra_camera_msgs/astra_camera_msgs/srv/detail/set_int32__type_support.hpp
[1.606s] -- Up-to-date symlink: /home/embedded/ros2_ws/install/astra_camera_msgs/include/astra_camera_msgs/astra_camera_msgs/srv/get_camera_info.hpp
[1.606s] -- Up-to-date symlink: /home/embedded/ros2_ws/install/astra_camera_msgs/include/astra_camera_msgs/astra_camera_msgs/srv/get_camera_params.hpp
[1.612s] -- Up-to-date symlink: /home/embedded/ros2_ws/install/astra_camera_msgs/include/astra_camera_msgs/astra_camera_msgs/srv/get_device_info.hpp
[1.613s] -- Up-to-date symlink: /home/embedded/ros2_ws/install/astra_camera_msgs/include/astra_camera_msgs/astra_camera_msgs/srv/get_int32.hpp
[1.613s] -- Up-to-date symlink: /home/embedded/ros2_ws/install/astra_camera_msgs/include/astra_camera_msgs/astra_camera_msgs/srv/get_string.hpp
[1.613s] -- Up-to-date symlink: /home/embedded/ros2_ws/install/astra_camera_msgs/include/astra_camera_msgs/astra_camera_msgs/srv/set_int32.hpp
[1.613s] -- Up-to-date symlink: /home/embedded/ros2_ws/install/astra_camera_msgs/include/astra_camera_msgs/astra_camera_msgs/msg/detail/device_info__rosidl_typesupport_fastrtps_cpp.hpp
[1.613s] -- Up-to-date symlink: /home/embedded/ros2_ws/install/astra_camera_msgs/include/astra_camera_msgs/astra_camera_msgs/msg/detail/extrinsics__rosidl_typesupport_fastrtps_cpp.hpp
[1.613s] -- Up-to-date symlink: /home/embedded/ros2_ws/install/astra_camera_msgs/include/astra_camera_msgs/astra_camera_msgs/msg/detail/metadata__rosidl_typesupport_fastrtps_cpp.hpp
[1.613s] -- Up-to-date symlink: /home/embedded/ros2_ws/install/astra_camera_msgs/include/astra_camera_msgs/astra_camera_msgs/msg/rosidl_typesupport_fastrtps_cpp__visibility_control.h
[1.614s] -- Up-to-date symlink: /home/embedded/ros2_ws/install/astra_camera_msgs/include/astra_camera_msgs/astra_camera_msgs/srv/detail/get_camera_info__rosidl_typesupport_fastrtps_cpp.hpp
[1.614s] -- Up-to-date symlink: /home/embedded/ros2_ws/install/astra_camera_msgs/include/astra_camera_msgs/astra_camera_msgs/srv/detail/get_camera_params__rosidl_typesupport_fastrtps_cpp.hpp
[1.614s] -- Up-to-date symlink: /home/embedded/ros2_ws/install/astra_camera_msgs/include/astra_camera_msgs/astra_camera_msgs/srv/detail/get_device_info__rosidl_typesupport_fastrtps_cpp.hpp
[1.614s] -- Up-to-date symlink: /home/embedded/ros2_ws/install/astra_camera_msgs/include/astra_camera_msgs/astra_camera_msgs/srv/detail/get_int32__rosidl_typesupport_fastrtps_cpp.hpp
[1.614s] -- Up-to-date symlink: /home/embedded/ros2_ws/install/astra_camera_msgs/include/astra_camera_msgs/astra_camera_msgs/srv/detail/get_string__rosidl_typesupport_fastrtps_cpp.hpp
[1.614s] -- Up-to-date symlink: /home/embedded/ros2_ws/install/astra_camera_msgs/include/astra_camera_msgs/astra_camera_msgs/srv/detail/set_int32__rosidl_typesupport_fastrtps_cpp.hpp
[1.615s] -- Up-to-date symlink: /home/embedded/ros2_ws/install/astra_camera_msgs/include/astra_camera_msgs/astra_camera_msgs/msg/detail/device_info__rosidl_typesupport_introspection_cpp.hpp
[1.615s] -- Up-to-date symlink: /home/embedded/ros2_ws/install/astra_camera_msgs/include/astra_camera_msgs/astra_camera_msgs/msg/detail/extrinsics__rosidl_typesupport_introspection_cpp.hpp
[1.615s] -- Up-to-date symlink: /home/embedded/ros2_ws/install/astra_camera_msgs/include/astra_camera_msgs/astra_camera_msgs/msg/detail/metadata__rosidl_typesupport_introspection_cpp.hpp
[1.615s] -- Up-to-date symlink: /home/embedded/ros2_ws/install/astra_camera_msgs/include/astra_camera_msgs/astra_camera_msgs/srv/detail/get_camera_info__rosidl_typesupport_introspection_cpp.hpp
[1.615s] -- Up-to-date symlink: /home/embedded/ros2_ws/install/astra_camera_msgs/include/astra_camera_msgs/astra_camera_msgs/srv/detail/get_camera_params__rosidl_typesupport_introspection_cpp.hpp
[1.615s] -- Up-to-date symlink: /home/embedded/ros2_ws/install/astra_camera_msgs/include/astra_camera_msgs/astra_camera_msgs/srv/detail/get_device_info__rosidl_typesupport_introspection_cpp.hpp
[1.615s] -- Up-to-date symlink: /home/embedded/ros2_ws/install/astra_camera_msgs/include/astra_camera_msgs/astra_camera_msgs/srv/detail/get_int32__rosidl_typesupport_introspection_cpp.hpp
[1.615s] -- Up-to-date symlink: /home/embedded/ros2_ws/install/astra_camera_msgs/include/astra_camera_msgs/astra_camera_msgs/srv/detail/get_string__rosidl_typesupport_introspection_cpp.hpp
[1.616s] -- Up-to-date symlink: /home/embedded/ros2_ws/install/astra_camera_msgs/include/astra_camera_msgs/astra_camera_msgs/srv/detail/set_int32__rosidl_typesupport_introspection_cpp.hpp
[1.616s] -- Up-to-date symlink: /home/embedded/ros2_ws/install/astra_camera_msgs/share/astra_camera_msgs/environment/pythonpath.sh
[1.616s] -- Up-to-date symlink: /home/embedded/ros2_ws/install/astra_camera_msgs/share/astra_camera_msgs/environment/pythonpath.dsv
[1.616s] -- Up-to-date symlink: /home/embedded/ros2_ws/install/astra_camera_msgs/lib/python3.12/site-packages/astra_camera_msgs-1.0.1-py3.12.egg-info/PKG-INFO
[1.616s] -- Up-to-date symlink: /home/embedded/ros2_ws/install/astra_camera_msgs/lib/python3.12/site-packages/astra_camera_msgs-1.0.1-py3.12.egg-info/SOURCES.txt
[1.616s] -- Up-to-date symlink: /home/embedded/ros2_ws/install/astra_camera_msgs/lib/python3.12/site-packages/astra_camera_msgs-1.0.1-py3.12.egg-info/dependency_links.txt
[1.622s] -- Up-to-date symlink: /home/embedded/ros2_ws/install/astra_camera_msgs/lib/python3.12/site-packages/astra_camera_msgs-1.0.1-py3.12.egg-info/top_level.txt
[1.623s] -- Up-to-date symlink: /home/embedded/ros2_ws/install/astra_camera_msgs/lib/python3.12/site-packages/astra_camera_msgs/__init__.py
[1.623s] -- Up-to-date symlink: /home/embedded/ros2_ws/install/astra_camera_msgs/lib/python3.12/site-packages/astra_camera_msgs/_astra_camera_msgs_s.ep.rosidl_typesupport_c.c
[1.623s] -- Up-to-date symlink: /home/embedded/ros2_ws/install/astra_camera_msgs/lib/python3.12/site-packages/astra_camera_msgs/_astra_camera_msgs_s.ep.rosidl_typesupport_fastrtps_c.c
[1.623s] -- Up-to-date symlink: /home/embedded/ros2_ws/install/astra_camera_msgs/lib/python3.12/site-packages/astra_camera_msgs/_astra_camera_msgs_s.ep.rosidl_typesupport_introspection_c.c
[1.623s] -- Up-to-date symlink: /home/embedded/ros2_ws/install/astra_camera_msgs/lib/python3.12/site-packages/astra_camera_msgs/astra_camera_msgs_s__rosidl_typesupport_c.so
[1.623s] -- Up-to-date symlink: /home/embedded/ros2_ws/install/astra_camera_msgs/lib/python3.12/site-packages/astra_camera_msgs/astra_camera_msgs_s__rosidl_typesupport_fastrtps_c.so
[1.623s] -- Up-to-date symlink: /home/embedded/ros2_ws/install/astra_camera_msgs/lib/python3.12/site-packages/astra_camera_msgs/astra_camera_msgs_s__rosidl_typesupport_introspection_c.so
[1.623s] -- Up-to-date symlink: /home/embedded/ros2_ws/install/astra_camera_msgs/lib/python3.12/site-packages/astra_camera_msgs/msg/__init__.py
[1.623s] -- Up-to-date symlink: /home/embedded/ros2_ws/install/astra_camera_msgs/lib/python3.12/site-packages/astra_camera_msgs/msg/_device_info.py
[1.624s] -- Up-to-date symlink: /home/embedded/ros2_ws/install/astra_camera_msgs/lib/python3.12/site-packages/astra_camera_msgs/msg/_device_info_s.c
[1.624s] -- Up-to-date symlink: /home/embedded/ros2_ws/install/astra_camera_msgs/lib/python3.12/site-packages/astra_camera_msgs/msg/_extrinsics.py
[1.624s] -- Up-to-date symlink: /home/embedded/ros2_ws/install/astra_camera_msgs/lib/python3.12/site-packages/astra_camera_msgs/msg/_extrinsics_s.c
[1.624s] -- Up-to-date symlink: /home/embedded/ros2_ws/install/astra_camera_msgs/lib/python3.12/site-packages/astra_camera_msgs/msg/_metadata.py
[1.624s] -- Up-to-date symlink: /home/embedded/ros2_ws/install/astra_camera_msgs/lib/python3.12/site-packages/astra_camera_msgs/msg/_metadata_s.c
[1.624s] -- Up-to-date symlink: /home/embedded/ros2_ws/install/astra_camera_msgs/lib/python3.12/site-packages/astra_camera_msgs/srv/__init__.py
[1.624s] -- Up-to-date symlink: /home/embedded/ros2_ws/install/astra_camera_msgs/lib/python3.12/site-packages/astra_camera_msgs/srv/_get_camera_info.py
[1.624s] -- Up-to-date symlink: /home/embedded/ros2_ws/install/astra_camera_msgs/lib/python3.12/site-packages/astra_camera_msgs/srv/_get_camera_info_s.c
[1.624s] -- Up-to-date symlink: /home/embedded/ros2_ws/install/astra_camera_msgs/lib/python3.12/site-packages/astra_camera_msgs/srv/_get_camera_params.py
[1.624s] -- Up-to-date symlink: /home/embedded/ros2_ws/install/astra_camera_msgs/lib/python3.12/site-packages/astra_camera_msgs/srv/_get_camera_params_s.c
[1.625s] -- Up-to-date symlink: /home/embedded/ros2_ws/install/astra_camera_msgs/lib/python3.12/site-packages/astra_camera_msgs/srv/_get_device_info.py
[1.625s] -- Up-to-date symlink: /home/embedded/ros2_ws/install/astra_camera_msgs/lib/python3.12/site-packages/astra_camera_msgs/srv/_get_device_info_s.c
[1.625s] -- Up-to-date symlink: /home/embedded/ros2_ws/install/astra_camera_msgs/lib/python3.12/site-packages/astra_camera_msgs/srv/_get_int32.py
[1.625s] -- Up-to-date symlink: /home/embedded/ros2_ws/install/astra_camera_msgs/lib/python3.12/site-packages/astra_camera_msgs/srv/_get_int32_s.c
[1.625s] -- Up-to-date symlink: /home/embedded/ros2_ws/install/astra_camera_msgs/lib/python3.12/site-packages/astra_camera_msgs/srv/_get_string.py
[1.625s] -- Up-to-date symlink: /home/embedded/ros2_ws/install/astra_camera_msgs/lib/python3.12/site-packages/astra_camera_msgs/srv/_get_string_s.c
[1.625s] -- Up-to-date symlink: /home/embedded/ros2_ws/install/astra_camera_msgs/lib/python3.12/site-packages/astra_camera_msgs/srv/_set_int32.py
[1.631s] -- Up-to-date symlink: /home/embedded/ros2_ws/install/astra_camera_msgs/lib/python3.12/site-packages/astra_camera_msgs/srv/_set_int32_s.c
[1.632s] -- Up-to-date symlink: /home/embedded/ros2_ws/install/astra_camera_msgs/lib/python3.12/site-packages/astra_camera_msgs/astra_camera_msgs_s__rosidl_typesupport_fastrtps_c.so
[1.632s] -- Up-to-date symlink: /home/embedded/ros2_ws/install/astra_camera_msgs/lib/python3.12/site-packages/astra_camera_msgs/astra_camera_msgs_s__rosidl_typesupport_introspection_c.so
[1.632s] -- Up-to-date symlink: /home/embedded/ros2_ws/install/astra_camera_msgs/lib/python3.12/site-packages/astra_camera_msgs/astra_camera_msgs_s__rosidl_typesupport_c.so
[1.632s] -- Up-to-date symlink: /home/embedded/ros2_ws/install/astra_camera_msgs/share/astra_camera_msgs/msg/DeviceInfo.idl
[1.632s] -- Up-to-date symlink: /home/embedded/ros2_ws/install/astra_camera_msgs/share/astra_camera_msgs/msg/Extrinsics.idl
[1.632s] -- Up-to-date symlink: /home/embedded/ros2_ws/install/astra_camera_msgs/share/astra_camera_msgs/msg/Metadata.idl
[1.632s] -- Up-to-date symlink: /home/embedded/ros2_ws/install/astra_camera_msgs/share/astra_camera_msgs/srv/GetDeviceInfo.idl
[1.632s] -- Up-to-date symlink: /home/embedded/ros2_ws/install/astra_camera_msgs/share/astra_camera_msgs/srv/GetCameraInfo.idl
[1.632s] -- Up-to-date symlink: /home/embedded/ros2_ws/install/astra_camera_msgs/share/astra_camera_msgs/srv/GetCameraParams.idl
[1.632s] -- Up-to-date symlink: /home/embedded/ros2_ws/install/astra_camera_msgs/share/astra_camera_msgs/srv/GetInt32.idl
[1.633s] -- Up-to-date symlink: /home/embedded/ros2_ws/install/astra_camera_msgs/share/astra_camera_msgs/srv/GetString.idl
[1.633s] -- Up-to-date symlink: /home/embedded/ros2_ws/install/astra_camera_msgs/share/astra_camera_msgs/srv/SetInt32.idl
[1.633s] -- Up-to-date symlink: /home/embedded/ros2_ws/install/astra_camera_msgs/share/astra_camera_msgs/msg/DeviceInfo.msg
[1.633s] -- Up-to-date symlink: /home/embedded/ros2_ws/install/astra_camera_msgs/share/astra_camera_msgs/msg/Extrinsics.msg
[1.633s] -- Up-to-date symlink: /home/embedded/ros2_ws/install/astra_camera_msgs/share/astra_camera_msgs/msg/Metadata.msg
[1.633s] -- Up-to-date symlink: /home/embedded/ros2_ws/install/astra_camera_msgs/share/astra_camera_msgs/srv/GetDeviceInfo.srv
[1.633s] -- Up-to-date symlink: /home/embedded/ros2_ws/install/astra_camera_msgs/share/astra_camera_msgs/srv/GetCameraInfo.srv
[1.633s] -- Up-to-date symlink: /home/embedded/ros2_ws/install/astra_camera_msgs/share/astra_camera_msgs/srv/GetCameraParams.srv
[1.633s] -- Up-to-date symlink: /home/embedded/ros2_ws/install/astra_camera_msgs/share/astra_camera_msgs/srv/GetInt32.srv
[1.633s] -- Up-to-date symlink: /home/embedded/ros2_ws/install/astra_camera_msgs/share/astra_camera_msgs/srv/GetString.srv
[1.634s] -- Up-to-date symlink: /home/embedded/ros2_ws/install/astra_camera_msgs/share/astra_camera_msgs/srv/SetInt32.srv
[1.634s] -- Up-to-date symlink: /home/embedded/ros2_ws/install/astra_camera_msgs/share/ament_index/resource_index/package_run_dependencies/astra_camera_msgs
[1.634s] -- Up-to-date symlink: /home/embedded/ros2_ws/install/astra_camera_msgs/share/ament_index/resource_index/parent_prefix_path/astra_camera_msgs
[1.634s] -- Up-to-date symlink: /home/embedded/ros2_ws/install/astra_camera_msgs/share/astra_camera_msgs/environment/ament_prefix_path.sh
[1.634s] -- Up-to-date symlink: /home/embedded/ros2_ws/install/astra_camera_msgs/share/astra_camera_msgs/environment/ament_prefix_path.dsv
[1.634s] -- Up-to-date symlink: /home/embedded/ros2_ws/install/astra_camera_msgs/share/astra_camera_msgs/environment/path.sh
[1.634s] -- Up-to-date symlink: /home/embedded/ros2_ws/install/astra_camera_msgs/share/astra_camera_msgs/environment/path.dsv
[1.638s] -- Up-to-date symlink: /home/embedded/ros2_ws/install/astra_camera_msgs/share/astra_camera_msgs/local_setup.bash
[1.638s] -- Up-to-date symlink: /home/embedded/ros2_ws/install/astra_camera_msgs/share/astra_camera_msgs/local_setup.sh
[1.638s] -- Up-to-date symlink: /home/embedded/ros2_ws/install/astra_camera_msgs/share/astra_camera_msgs/local_setup.zsh
[1.638s] -- Up-to-date symlink: /home/embedded/ros2_ws/install/astra_camera_msgs/share/astra_camera_msgs/local_setup.dsv
[1.638s] -- Symlinking: /home/embedded/ros2_ws/install/astra_camera_msgs/share/astra_camera_msgs/package.dsv
[1.648s] -- Up-to-date symlink: /home/embedded/ros2_ws/install/astra_camera_msgs/share/ament_index/resource_index/packages/astra_camera_msgs
[1.648s] -- Up-to-date symlink: /home/embedded/ros2_ws/install/astra_camera_msgs/share/astra_camera_msgs/cmake/rosidl_cmake-extras.cmake
[1.648s] -- Up-to-date symlink: /home/embedded/ros2_ws/install/astra_camera_msgs/share/astra_camera_msgs/cmake/ament_cmake_export_dependencies-extras.cmake
[1.649s] -- Up-to-date symlink: /home/embedded/ros2_ws/install/astra_camera_msgs/share/astra_camera_msgs/cmake/ament_cmake_export_include_directories-extras.cmake
[1.649s] -- Up-to-date symlink: /home/embedded/ros2_ws/install/astra_camera_msgs/share/astra_camera_msgs/cmake/ament_cmake_export_libraries-extras.cmake
[1.649s] -- Up-to-date symlink: /home/embedded/ros2_ws/install/astra_camera_msgs/share/astra_camera_msgs/cmake/ament_cmake_export_targets-extras.cmake
[1.649s] -- Up-to-date symlink: /home/embedded/ros2_ws/install/astra_camera_msgs/share/astra_camera_msgs/cmake/rosidl_cmake_export_typesupport_targets-extras.cmake
[1.649s] -- Up-to-date symlink: /home/embedded/ros2_ws/install/astra_camera_msgs/share/astra_camera_msgs/cmake/rosidl_cmake_export_typesupport_libraries-extras.cmake
[1.649s] -- Up-to-date symlink: /home/embedded/ros2_ws/install/astra_camera_msgs/share/astra_camera_msgs/cmake/astra_camera_msgsConfig.cmake
[1.650s] -- Up-to-date symlink: /home/embedded/ros2_ws/install/astra_camera_msgs/share/astra_camera_msgs/cmake/astra_camera_msgsConfig-version.cmake
[1.652s] -- Up-to-date symlink: /home/embedded/ros2_ws/install/astra_camera_msgs/share/astra_camera_msgs/package.xml
[1.652s] -- Up-to-date: /home/embedded/ros2_ws/install/astra_camera_msgs/lib/libastra_camera_msgs__rosidl_generator_c.so
[1.655s] -- Up-to-date: /home/embedded/ros2_ws/install/astra_camera_msgs/lib/libastra_camera_msgs__rosidl_typesupport_fastrtps_c.so
[1.656s] -- Up-to-date: /home/embedded/ros2_ws/install/astra_camera_msgs/lib/libastra_camera_msgs__rosidl_typesupport_introspection_c.so
[1.656s] -- Up-to-date: /home/embedded/ros2_ws/install/astra_camera_msgs/lib/libastra_camera_msgs__rosidl_typesupport_c.so
[1.656s] -- Up-to-date: /home/embedded/ros2_ws/install/astra_camera_msgs/lib/libastra_camera_msgs__rosidl_typesupport_fastrtps_cpp.so
[1.671s] -- Up-to-date: /home/embedded/ros2_ws/install/astra_camera_msgs/lib/libastra_camera_msgs__rosidl_typesupport_introspection_cpp.so
[1.671s] -- Up-to-date: /home/embedded/ros2_ws/install/astra_camera_msgs/lib/libastra_camera_msgs__rosidl_typesupport_cpp.so
[1.933s] Listing '/home/embedded/ros2_ws/install/astra_camera_msgs/lib/python3.12/site-packages/astra_camera_msgs'...
[1.933s] Listing '/home/embedded/ros2_ws/install/astra_camera_msgs/lib/python3.12/site-packages/astra_camera_msgs/msg'...
[1.933s] Listing '/home/embedded/ros2_ws/install/astra_camera_msgs/lib/python3.12/site-packages/astra_camera_msgs/srv'...
[2.005s] -- Up-to-date: /home/embedded/ros2_ws/install/astra_camera_msgs/lib/libastra_camera_msgs__rosidl_generator_py.so
[2.006s] -- Up-to-date: /home/embedded/ros2_ws/install/astra_camera_msgs/share/astra_camera_msgs/cmake/export_astra_camera_msgs__rosidl_generator_cExport.cmake
[2.006s] -- Up-to-date: /home/embedded/ros2_ws/install/astra_camera_msgs/share/astra_camera_msgs/cmake/export_astra_camera_msgs__rosidl_generator_cExport-noconfig.cmake
[2.006s] -- Up-to-date: /home/embedded/ros2_ws/install/astra_camera_msgs/share/astra_camera_msgs/cmake/export_astra_camera_msgs__rosidl_typesupport_fastrtps_cExport.cmake
[2.006s] -- Up-to-date: /home/embedded/ros2_ws/install/astra_camera_msgs/share/astra_camera_msgs/cmake/export_astra_camera_msgs__rosidl_typesupport_fastrtps_cExport-noconfig.cmake
[2.006s] -- Up-to-date: /home/embedded/ros2_ws/install/astra_camera_msgs/share/astra_camera_msgs/cmake/astra_camera_msgs__rosidl_typesupport_introspection_cExport.cmake
[2.006s] -- Up-to-date: /home/embedded/ros2_ws/install/astra_camera_msgs/share/astra_camera_msgs/cmake/astra_camera_msgs__rosidl_typesupport_introspection_cExport-noconfig.cmake
[2.006s] -- Up-to-date: /home/embedded/ros2_ws/install/astra_camera_msgs/share/astra_camera_msgs/cmake/astra_camera_msgs__rosidl_typesupport_cExport.cmake
[2.006s] -- Up-to-date: /home/embedded/ros2_ws/install/astra_camera_msgs/share/astra_camera_msgs/cmake/astra_camera_msgs__rosidl_typesupport_cExport-noconfig.cmake
[2.007s] -- Up-to-date: /home/embedded/ros2_ws/install/astra_camera_msgs/share/astra_camera_msgs/cmake/export_astra_camera_msgs__rosidl_generator_cppExport.cmake
[2.007s] -- Up-to-date: /home/embedded/ros2_ws/install/astra_camera_msgs/share/astra_camera_msgs/cmake/export_astra_camera_msgs__rosidl_typesupport_fastrtps_cppExport.cmake
[2.007s] -- Up-to-date: /home/embedded/ros2_ws/install/astra_camera_msgs/share/astra_camera_msgs/cmake/export_astra_camera_msgs__rosidl_typesupport_fastrtps_cppExport-noconfig.cmake
[2.007s] -- Up-to-date: /home/embedded/ros2_ws/install/astra_camera_msgs/share/astra_camera_msgs/cmake/astra_camera_msgs__rosidl_typesupport_introspection_cppExport.cmake
[2.007s] -- Up-to-date: /home/embedded/ros2_ws/install/astra_camera_msgs/share/astra_camera_msgs/cmake/astra_camera_msgs__rosidl_typesupport_introspection_cppExport-noconfig.cmake
[2.007s] -- Up-to-date: /home/embedded/ros2_ws/install/astra_camera_msgs/share/astra_camera_msgs/cmake/astra_camera_msgs__rosidl_typesupport_cppExport.cmake
[2.007s] -- Up-to-date: /home/embedded/ros2_ws/install/astra_camera_msgs/share/astra_camera_msgs/cmake/astra_camera_msgs__rosidl_typesupport_cppExport-noconfig.cmake
[2.007s] -- Up-to-date: /home/embedded/ros2_ws/install/astra_camera_msgs/share/astra_camera_msgs/cmake/export_astra_camera_msgs__rosidl_generator_pyExport.cmake
[2.008s] -- Up-to-date: /home/embedded/ros2_ws/install/astra_camera_msgs/share/astra_camera_msgs/cmake/export_astra_camera_msgs__rosidl_generator_pyExport-noconfig.cmake
[2.017s] Invoked command in '/home/embedded/ros2_ws/build/astra_camera_msgs' returned '0': CMAKE_PREFIX_PATH=${CMAKE_PREFIX_PATH}:/opt/ros/jazzy /usr/bin/cmake --install /home/embedded/ros2_ws/build/astra_camera_msgs
