-- Found ament_cmake_ros: 0.12.0 (/opt/ros/jazzy/share/ament_cmake_ros/cmake)
-- Override CMake install command with custom implementation using symlinks instead of copying resources
-- Found ecl_build: 1.0.3 (/opt/ros/jazzy/share/ecl_build/cmake)
[0mCMake Deprecation Warning at /opt/ros/jazzy/share/ecl_build/cmake/cotire.cmake:45 (cmake_minimum_required):
  Compatibility with CMake < 3.5 will be removed from a future version of
  CMake.

  Update the VERSION argument <min> value or use a ...<max> suffix to tell
  CMake that the project does not need compatibility with older versions.
Call Stack (most recent call first):
  /opt/ros/jazzy/share/ecl_build/cmake/ecl_buildConfig.cmake:41 (include)
  CMakeLists.txt:13 (find_package)

[0m
-- Found ament_lint_auto: 0.17.2 (/opt/ros/jazzy/share/ament_lint_auto/cmake)
-- Configuring done (0.9s)
-- Generating done (0.0s)
-- Build files have been written to: /home/embedded/ros2_ws/build/ecl_command_line
[ 50%] [32mBuilding CXX object src/examples/CMakeFiles/ecl_demo_command_line.dir/command_line.cpp.o[0m
[100%] [32m[1mLinking CXX executable demo_command_line[0m
[100%] Built target ecl_demo_command_line
-- Install configuration: ""
-- Execute custom install script
-- Symlinking: /home/embedded/ros2_ws/install/ecl_command_line/include/ecl/command_line/arg.hpp
-- Symlinking: /home/embedded/ros2_ws/install/ecl_command_line/include/ecl/command_line/arg_exception.hpp
-- Symlinking: /home/embedded/ros2_ws/install/ecl_command_line/include/ecl/command_line/cmd_line.hpp
-- Symlinking: /home/embedded/ros2_ws/install/ecl_command_line/include/ecl/command_line/cmd_line_interface.hpp
-- Symlinking: /home/embedded/ros2_ws/install/ecl_command_line/include/ecl/command_line/cmd_line_output.hpp
-- Symlinking: /home/embedded/ros2_ws/install/ecl_command_line/include/ecl/command_line/constraint.hpp
-- Symlinking: /home/embedded/ros2_ws/install/ecl_command_line/include/ecl/command_line/docbook_output.hpp
-- Symlinking: /home/embedded/ros2_ws/install/ecl_command_line/include/ecl/command_line/help_visitor.hpp
-- Symlinking: /home/embedded/ros2_ws/install/ecl_command_line/include/ecl/command_line/ignore_rest_visitor.hpp
-- Symlinking: /home/embedded/ros2_ws/install/ecl_command_line/include/ecl/command_line/multi_arg.hpp
-- Symlinking: /home/embedded/ros2_ws/install/ecl_command_line/include/ecl/command_line/multi_switch_arg.hpp
-- Symlinking: /home/embedded/ros2_ws/install/ecl_command_line/include/ecl/command_line/optional_unlabeled_tracker.hpp
-- Symlinking: /home/embedded/ros2_ws/install/ecl_command_line/include/ecl/command_line/std_output.hpp
-- Symlinking: /home/embedded/ros2_ws/install/ecl_command_line/include/ecl/command_line/switch_arg.hpp
-- Symlinking: /home/embedded/ros2_ws/install/ecl_command_line/include/ecl/command_line/unlabeled_multi_arg.hpp
-- Symlinking: /home/embedded/ros2_ws/install/ecl_command_line/include/ecl/command_line/unlabeled_value_arg.hpp
-- Symlinking: /home/embedded/ros2_ws/install/ecl_command_line/include/ecl/command_line/value_arg.hpp
-- Symlinking: /home/embedded/ros2_ws/install/ecl_command_line/include/ecl/command_line/values_constraint.hpp
-- Symlinking: /home/embedded/ros2_ws/install/ecl_command_line/include/ecl/command_line/version_visitor.hpp
-- Symlinking: /home/embedded/ros2_ws/install/ecl_command_line/include/ecl/command_line/visitor.hpp
-- Symlinking: /home/embedded/ros2_ws/install/ecl_command_line/include/ecl/command_line/xor_handler.hpp
-- Symlinking: /home/embedded/ros2_ws/install/ecl_command_line/include/ecl/command_line.hpp
-- Symlinking: /home/embedded/ros2_ws/install/ecl_command_line/lib/ecl_command_line/demo_command_line
-- Symlinking: /home/embedded/ros2_ws/install/ecl_command_line/share/ament_index/resource_index/package_run_dependencies/ecl_command_line
-- Symlinking: /home/embedded/ros2_ws/install/ecl_command_line/share/ament_index/resource_index/parent_prefix_path/ecl_command_line
-- Symlinking: /home/embedded/ros2_ws/install/ecl_command_line/share/ecl_command_line/environment/ament_prefix_path.sh
-- Symlinking: /home/embedded/ros2_ws/install/ecl_command_line/share/ecl_command_line/environment/ament_prefix_path.dsv
-- Symlinking: /home/embedded/ros2_ws/install/ecl_command_line/share/ecl_command_line/environment/path.sh
-- Symlinking: /home/embedded/ros2_ws/install/ecl_command_line/share/ecl_command_line/environment/path.dsv
-- Symlinking: /home/embedded/ros2_ws/install/ecl_command_line/share/ecl_command_line/local_setup.bash
-- Symlinking: /home/embedded/ros2_ws/install/ecl_command_line/share/ecl_command_line/local_setup.sh
-- Symlinking: /home/embedded/ros2_ws/install/ecl_command_line/share/ecl_command_line/local_setup.zsh
-- Symlinking: /home/embedded/ros2_ws/install/ecl_command_line/share/ecl_command_line/local_setup.dsv
-- Symlinking: /home/embedded/ros2_ws/install/ecl_command_line/share/ecl_command_line/package.dsv
-- Symlinking: /home/embedded/ros2_ws/install/ecl_command_line/share/ament_index/resource_index/packages/ecl_command_line
-- Symlinking: /home/embedded/ros2_ws/install/ecl_command_line/share/ecl_command_line/cmake/ament_cmake_export_targets-extras.cmake
-- Symlinking: /home/embedded/ros2_ws/install/ecl_command_line/share/ecl_command_line/cmake/ament_cmake_export_include_directories-extras.cmake
-- Symlinking: /home/embedded/ros2_ws/install/ecl_command_line/share/ecl_command_line/cmake/ecl_command_lineConfig.cmake
-- Symlinking: /home/embedded/ros2_ws/install/ecl_command_line/share/ecl_command_line/cmake/ecl_command_lineConfig-version.cmake
-- Symlinking: /home/embedded/ros2_ws/install/ecl_command_line/share/ecl_command_line/package.xml
-- Installing: /home/embedded/ros2_ws/install/ecl_command_line/share/ecl_command_line/cmake/ecl_command_lineExport.cmake
