[  4%] Built target gtest_main
[  9%] Built target gtest
[ 40%] Built target ecl_geometry
[ 45%] Built target ecl_test_homogeneous_points
[ 50%] Built target ecl_test_cartesian_points
[ 54%] Built target ecl_test_angles
[ 59%] Built target ecl_test_cubic_splines
[ 63%] Built target ecl_test_polynomials
[ 68%] Built target ecl_test_legacy_pose2d
[ 72%] Built target ecl_test_linear_segment
[ 77%] Built target ecl_test_legacy_pose3d
[ 81%] Built target ecl_test_smooth_linear_splines
[ 86%] Built target ecl_test_pose2d
[ 90%] Built target ecl_test_tension_function
[ 95%] Built target ecl_test_tension_splines
[100%] Built target ecl_test_odometry_helper
-- Install configuration: ""
-- Execute custom install script
-- Symlinking: /home/embedded/ros2_ws/install/ecl_geometry/include/ecl/geometry/angle.hpp
-- Symlinking: /home/embedded/ros2_ws/install/ecl_geometry/include/ecl/geometry/cartesian_point.hpp
-- Symlinking: /home/embedded/ros2_ws/install/ecl_geometry/include/ecl/geometry/cubic_spline.hpp
-- Symlinking: /home/embedded/ros2_ws/install/ecl_geometry/include/ecl/geometry/function_math.hpp
-- Symlinking: /home/embedded/ros2_ws/install/ecl_geometry/include/ecl/geometry/homogeneous_point.hpp
-- Symlinking: /home/embedded/ros2_ws/install/ecl_geometry/include/ecl/geometry/legacy_pose2d.hpp
-- Symlinking: /home/embedded/ros2_ws/install/ecl_geometry/include/ecl/geometry/legacy_pose3d.hpp
-- Symlinking: /home/embedded/ros2_ws/install/ecl_geometry/include/ecl/geometry/linear_segment.hpp
-- Symlinking: /home/embedded/ros2_ws/install/ecl_geometry/include/ecl/geometry/macros.hpp
-- Symlinking: /home/embedded/ros2_ws/install/ecl_geometry/include/ecl/geometry/odometry.hpp
-- Symlinking: /home/embedded/ros2_ws/install/ecl_geometry/include/ecl/geometry/odometry_helper.hpp
-- Symlinking: /home/embedded/ros2_ws/install/ecl_geometry/include/ecl/geometry/odometry_typedefs.hpp
-- Symlinking: /home/embedded/ros2_ws/install/ecl_geometry/include/ecl/geometry/pascals_triangle.hpp
-- Symlinking: /home/embedded/ros2_ws/install/ecl_geometry/include/ecl/geometry/polynomial.hpp
-- Symlinking: /home/embedded/ros2_ws/install/ecl_geometry/include/ecl/geometry/pose2d.hpp
-- Symlinking: /home/embedded/ros2_ws/install/ecl_geometry/include/ecl/geometry/smooth_linear_spline.hpp
-- Symlinking: /home/embedded/ros2_ws/install/ecl_geometry/include/ecl/geometry/spline_function.hpp
-- Symlinking: /home/embedded/ros2_ws/install/ecl_geometry/include/ecl/geometry/tension_function.hpp
-- Symlinking: /home/embedded/ros2_ws/install/ecl_geometry/include/ecl/geometry/tension_spline.hpp
-- Symlinking: /home/embedded/ros2_ws/install/ecl_geometry/include/ecl/geometry.hpp
-- Symlinking: /home/embedded/ros2_ws/install/ecl_geometry/share/ecl_geometry/environment/library_path.sh
-- Symlinking: /home/embedded/ros2_ws/install/ecl_geometry/share/ecl_geometry/environment/library_path.dsv
-- Symlinking: /home/embedded/ros2_ws/install/ecl_geometry/share/ament_index/resource_index/package_run_dependencies/ecl_geometry
-- Symlinking: /home/embedded/ros2_ws/install/ecl_geometry/share/ament_index/resource_index/parent_prefix_path/ecl_geometry
-- Symlinking: /home/embedded/ros2_ws/install/ecl_geometry/share/ecl_geometry/environment/ament_prefix_path.sh
-- Symlinking: /home/embedded/ros2_ws/install/ecl_geometry/share/ecl_geometry/environment/ament_prefix_path.dsv
-- Symlinking: /home/embedded/ros2_ws/install/ecl_geometry/share/ecl_geometry/environment/path.sh
-- Symlinking: /home/embedded/ros2_ws/install/ecl_geometry/share/ecl_geometry/environment/path.dsv
-- Symlinking: /home/embedded/ros2_ws/install/ecl_geometry/share/ecl_geometry/local_setup.bash
-- Symlinking: /home/embedded/ros2_ws/install/ecl_geometry/share/ecl_geometry/local_setup.sh
-- Symlinking: /home/embedded/ros2_ws/install/ecl_geometry/share/ecl_geometry/local_setup.zsh
-- Symlinking: /home/embedded/ros2_ws/install/ecl_geometry/share/ecl_geometry/local_setup.dsv
-- Symlinking: /home/embedded/ros2_ws/install/ecl_geometry/share/ecl_geometry/package.dsv
-- Symlinking: /home/embedded/ros2_ws/install/ecl_geometry/share/ament_index/resource_index/packages/ecl_geometry
-- Symlinking: /home/embedded/ros2_ws/install/ecl_geometry/share/ecl_geometry/cmake/ament_cmake_export_targets-extras.cmake
-- Symlinking: /home/embedded/ros2_ws/install/ecl_geometry/share/ecl_geometry/cmake/ament_cmake_export_include_directories-extras.cmake
-- Symlinking: /home/embedded/ros2_ws/install/ecl_geometry/share/ecl_geometry/cmake/ament_cmake_export_libraries-extras.cmake
-- Symlinking: /home/embedded/ros2_ws/install/ecl_geometry/share/ecl_geometry/cmake/ament_cmake_export_dependencies-extras.cmake
-- Symlinking: /home/embedded/ros2_ws/install/ecl_geometry/share/ecl_geometry/cmake/ecl_geometryConfig.cmake
-- Symlinking: /home/embedded/ros2_ws/install/ecl_geometry/share/ecl_geometry/cmake/ecl_geometryConfig-version.cmake
-- Symlinking: /home/embedded/ros2_ws/install/ecl_geometry/share/ecl_geometry/package.xml
-- Installing: /home/embedded/ros2_ws/install/ecl_geometry/share/ecl_geometry/cmake/ecl_geometryExport.cmake
-- Installing: /home/embedded/ros2_ws/install/ecl_geometry/share/ecl_geometry/cmake/ecl_geometryExport-noconfig.cmake
-- Installing: /home/embedded/ros2_ws/install/ecl_geometry/lib/libecl_geometry.so.1.2.1
-- Set non-toolchain portion of runtime path of "/home/embedded/ros2_ws/install/ecl_geometry/lib/libecl_geometry.so.1.2.1" to ""
-- Installing: /home/embedded/ros2_ws/install/ecl_geometry/lib/libecl_geometry.so
