[0.055s] Invoking command in '/home/embedded/ros2_ws/build/ecl_concepts': AMENT_PREFIX_PATH=/home/embedded/ros2_ws/install/ecl_type_traits:/home/embedded/ros2_ws/install/ecl_mpl:/home/embedded/ros2_ws/install/ecl_config:${AMENT_PREFIX_PATH} CMAKE_PREFIX_PATH=/home/embedded/ros2_ws/install/ecl_type_traits:/home/embedded/ros2_ws/install/ecl_mpl:/home/embedded/ros2_ws/install/ecl_config:/opt/ros/jazzy/opt/gz_sim_vendor:/opt/ros/jazzy/opt/gz_sensors_vendor:/opt/ros/jazzy/opt/gz_physics_vendor:/opt/ros/jazzy/opt/sdformat_vendor:/opt/ros/jazzy/opt/gz_gui_vendor:/opt/ros/jazzy/opt/gz_transport_vendor:/opt/ros/jazzy/opt/gz_rendering_vendor:/opt/ros/jazzy/opt/gz_plugin_vendor:/opt/ros/jazzy/opt/gz_fuel_tools_vendor:/opt/ros/jazzy/opt/gz_msgs_vendor:/opt/ros/jazzy/opt/gz_common_vendor:/opt/ros/jazzy/opt/gz_tools_vendor:/opt/ros/jazzy/opt/gz_ogre_next_vendor:/opt/ros/jazzy/opt/gz_dartsim_vendor:/opt/ros/jazzy/opt/gz_math_vendor:/opt/ros/jazzy/opt/gz_utils_vendor:/opt/ros/jazzy/opt/gz_cmake_vendor:/opt/ros/jazzy LD_LIBRARY_PATH=/home/embedded/ros2_ws/install/ecl_type_traits/lib:${LD_LIBRARY_PATH} PATH=/home/embedded/ros2_ws/install/ecl_type_traits/bin:/home/embedded/ros2_ws/install/ecl_config/bin:${PATH} /usr/bin/cmake --build /home/embedded/ros2_ws/build/ecl_concepts -- -j4 -l4
[0.263s] [ 33%] Built target gtest
[0.265s] [ 66%] Built target gtest_main
[0.327s] [100%] Built target ecl_test_concepts
[0.382s] Invoked command in '/home/embedded/ros2_ws/build/ecl_concepts' returned '0': AMENT_PREFIX_PATH=/home/embedded/ros2_ws/install/ecl_type_traits:/home/embedded/ros2_ws/install/ecl_mpl:/home/embedded/ros2_ws/install/ecl_config:${AMENT_PREFIX_PATH} CMAKE_PREFIX_PATH=/home/embedded/ros2_ws/install/ecl_type_traits:/home/embedded/ros2_ws/install/ecl_mpl:/home/embedded/ros2_ws/install/ecl_config:/opt/ros/jazzy/opt/gz_sim_vendor:/opt/ros/jazzy/opt/gz_sensors_vendor:/opt/ros/jazzy/opt/gz_physics_vendor:/opt/ros/jazzy/opt/sdformat_vendor:/opt/ros/jazzy/opt/gz_gui_vendor:/opt/ros/jazzy/opt/gz_transport_vendor:/opt/ros/jazzy/opt/gz_rendering_vendor:/opt/ros/jazzy/opt/gz_plugin_vendor:/opt/ros/jazzy/opt/gz_fuel_tools_vendor:/opt/ros/jazzy/opt/gz_msgs_vendor:/opt/ros/jazzy/opt/gz_common_vendor:/opt/ros/jazzy/opt/gz_tools_vendor:/opt/ros/jazzy/opt/gz_ogre_next_vendor:/opt/ros/jazzy/opt/gz_dartsim_vendor:/opt/ros/jazzy/opt/gz_math_vendor:/opt/ros/jazzy/opt/gz_utils_vendor:/opt/ros/jazzy/opt/gz_cmake_vendor:/opt/ros/jazzy LD_LIBRARY_PATH=/home/embedded/ros2_ws/install/ecl_type_traits/lib:${LD_LIBRARY_PATH} PATH=/home/embedded/ros2_ws/install/ecl_type_traits/bin:/home/embedded/ros2_ws/install/ecl_config/bin:${PATH} /usr/bin/cmake --build /home/embedded/ros2_ws/build/ecl_concepts -- -j4 -l4
[0.382s] Invoking command in '/home/embedded/ros2_ws/build/ecl_concepts': AMENT_PREFIX_PATH=/home/embedded/ros2_ws/install/ecl_type_traits:/home/embedded/ros2_ws/install/ecl_mpl:/home/embedded/ros2_ws/install/ecl_config:${AMENT_PREFIX_PATH} CMAKE_PREFIX_PATH=/home/embedded/ros2_ws/install/ecl_type_traits:/home/embedded/ros2_ws/install/ecl_mpl:/home/embedded/ros2_ws/install/ecl_config:/opt/ros/jazzy/opt/gz_sim_vendor:/opt/ros/jazzy/opt/gz_sensors_vendor:/opt/ros/jazzy/opt/gz_physics_vendor:/opt/ros/jazzy/opt/sdformat_vendor:/opt/ros/jazzy/opt/gz_gui_vendor:/opt/ros/jazzy/opt/gz_transport_vendor:/opt/ros/jazzy/opt/gz_rendering_vendor:/opt/ros/jazzy/opt/gz_plugin_vendor:/opt/ros/jazzy/opt/gz_fuel_tools_vendor:/opt/ros/jazzy/opt/gz_msgs_vendor:/opt/ros/jazzy/opt/gz_common_vendor:/opt/ros/jazzy/opt/gz_tools_vendor:/opt/ros/jazzy/opt/gz_ogre_next_vendor:/opt/ros/jazzy/opt/gz_dartsim_vendor:/opt/ros/jazzy/opt/gz_math_vendor:/opt/ros/jazzy/opt/gz_utils_vendor:/opt/ros/jazzy/opt/gz_cmake_vendor:/opt/ros/jazzy LD_LIBRARY_PATH=/home/embedded/ros2_ws/install/ecl_type_traits/lib:${LD_LIBRARY_PATH} PATH=/home/embedded/ros2_ws/install/ecl_type_traits/bin:/home/embedded/ros2_ws/install/ecl_config/bin:${PATH} /usr/bin/cmake --install /home/embedded/ros2_ws/build/ecl_concepts
[0.404s] -- Install configuration: ""
[0.406s] -- Execute custom install script
[0.406s] -- Up-to-date symlink: /home/embedded/ros2_ws/install/ecl_concepts/include/ecl/concepts/blueprints.hpp
[0.407s] -- Up-to-date symlink: /home/embedded/ros2_ws/install/ecl_concepts/include/ecl/concepts/containers.hpp
[0.407s] -- Up-to-date symlink: /home/embedded/ros2_ws/install/ecl_concepts/include/ecl/concepts/devices.hpp
[0.407s] -- Up-to-date symlink: /home/embedded/ros2_ws/install/ecl_concepts/include/ecl/concepts/macros.hpp
[0.408s] -- Up-to-date symlink: /home/embedded/ros2_ws/install/ecl_concepts/include/ecl/concepts/nullary_function.hpp
[0.408s] -- Up-to-date symlink: /home/embedded/ros2_ws/install/ecl_concepts/include/ecl/concepts/streams.hpp
[0.409s] -- Up-to-date symlink: /home/embedded/ros2_ws/install/ecl_concepts/include/ecl/concepts.hpp
[0.412s] -- Up-to-date symlink: /home/embedded/ros2_ws/install/ecl_concepts/share/ament_index/resource_index/package_run_dependencies/ecl_concepts
[0.412s] -- Up-to-date symlink: /home/embedded/ros2_ws/install/ecl_concepts/share/ament_index/resource_index/parent_prefix_path/ecl_concepts
[0.412s] -- Up-to-date symlink: /home/embedded/ros2_ws/install/ecl_concepts/share/ecl_concepts/environment/ament_prefix_path.sh
[0.412s] -- Up-to-date symlink: /home/embedded/ros2_ws/install/ecl_concepts/share/ecl_concepts/environment/ament_prefix_path.dsv
[0.413s] -- Up-to-date symlink: /home/embedded/ros2_ws/install/ecl_concepts/share/ecl_concepts/environment/path.sh
[0.413s] -- Up-to-date symlink: /home/embedded/ros2_ws/install/ecl_concepts/share/ecl_concepts/environment/path.dsv
[0.413s] -- Up-to-date symlink: /home/embedded/ros2_ws/install/ecl_concepts/share/ecl_concepts/local_setup.bash
[0.413s] -- Up-to-date symlink: /home/embedded/ros2_ws/install/ecl_concepts/share/ecl_concepts/local_setup.sh
[0.414s] -- Up-to-date symlink: /home/embedded/ros2_ws/install/ecl_concepts/share/ecl_concepts/local_setup.zsh
[0.414s] -- Up-to-date symlink: /home/embedded/ros2_ws/install/ecl_concepts/share/ecl_concepts/local_setup.dsv
[0.415s] -- Symlinking: /home/embedded/ros2_ws/install/ecl_concepts/share/ecl_concepts/package.dsv
[0.457s] -- Up-to-date symlink: /home/embedded/ros2_ws/install/ecl_concepts/share/ament_index/resource_index/packages/ecl_concepts
[0.457s] -- Up-to-date symlink: /home/embedded/ros2_ws/install/ecl_concepts/share/ecl_concepts/cmake/ament_cmake_export_targets-extras.cmake
[0.461s] -- Up-to-date symlink: /home/embedded/ros2_ws/install/ecl_concepts/share/ecl_concepts/cmake/ament_cmake_export_include_directories-extras.cmake
[0.461s] -- Up-to-date symlink: /home/embedded/ros2_ws/install/ecl_concepts/share/ecl_concepts/cmake/ament_cmake_export_dependencies-extras.cmake
[0.461s] -- Up-to-date symlink: /home/embedded/ros2_ws/install/ecl_concepts/share/ecl_concepts/cmake/ecl_conceptsConfig.cmake
[0.461s] -- Up-to-date symlink: /home/embedded/ros2_ws/install/ecl_concepts/share/ecl_concepts/cmake/ecl_conceptsConfig-version.cmake
[0.462s] -- Up-to-date symlink: /home/embedded/ros2_ws/install/ecl_concepts/share/ecl_concepts/package.xml
[0.462s] -- Up-to-date: /home/embedded/ros2_ws/install/ecl_concepts/share/ecl_concepts/cmake/ecl_conceptsExport.cmake
[0.475s] Invoked command in '/home/embedded/ros2_ws/build/ecl_concepts' returned '0': AMENT_PREFIX_PATH=/home/embedded/ros2_ws/install/ecl_type_traits:/home/embedded/ros2_ws/install/ecl_mpl:/home/embedded/ros2_ws/install/ecl_config:${AMENT_PREFIX_PATH} CMAKE_PREFIX_PATH=/home/embedded/ros2_ws/install/ecl_type_traits:/home/embedded/ros2_ws/install/ecl_mpl:/home/embedded/ros2_ws/install/ecl_config:/opt/ros/jazzy/opt/gz_sim_vendor:/opt/ros/jazzy/opt/gz_sensors_vendor:/opt/ros/jazzy/opt/gz_physics_vendor:/opt/ros/jazzy/opt/sdformat_vendor:/opt/ros/jazzy/opt/gz_gui_vendor:/opt/ros/jazzy/opt/gz_transport_vendor:/opt/ros/jazzy/opt/gz_rendering_vendor:/opt/ros/jazzy/opt/gz_plugin_vendor:/opt/ros/jazzy/opt/gz_fuel_tools_vendor:/opt/ros/jazzy/opt/gz_msgs_vendor:/opt/ros/jazzy/opt/gz_common_vendor:/opt/ros/jazzy/opt/gz_tools_vendor:/opt/ros/jazzy/opt/gz_ogre_next_vendor:/opt/ros/jazzy/opt/gz_dartsim_vendor:/opt/ros/jazzy/opt/gz_math_vendor:/opt/ros/jazzy/opt/gz_utils_vendor:/opt/ros/jazzy/opt/gz_cmake_vendor:/opt/ros/jazzy LD_LIBRARY_PATH=/home/embedded/ros2_ws/install/ecl_type_traits/lib:${LD_LIBRARY_PATH} PATH=/home/embedded/ros2_ws/install/ecl_type_traits/bin:/home/embedded/ros2_ws/install/ecl_config/bin:${PATH} /usr/bin/cmake --install /home/embedded/ros2_ws/build/ecl_concepts
