[0.051s] Invoking command in '/home/embedded/ros2_ws/build/ecl_sigslots_lite': AMENT_PREFIX_PATH=/home/embedded/ros2_ws/install/ecl_errors:/home/embedded/ros2_ws/install/ecl_config:${AMENT_PREFIX_PATH} CMAKE_PREFIX_PATH=/home/embedded/ros2_ws/install/ecl_errors:/home/embedded/ros2_ws/install/ecl_config:/opt/ros/jazzy/opt/gz_sim_vendor:/opt/ros/jazzy/opt/gz_sensors_vendor:/opt/ros/jazzy/opt/gz_physics_vendor:/opt/ros/jazzy/opt/sdformat_vendor:/opt/ros/jazzy/opt/gz_gui_vendor:/opt/ros/jazzy/opt/gz_transport_vendor:/opt/ros/jazzy/opt/gz_rendering_vendor:/opt/ros/jazzy/opt/gz_plugin_vendor:/opt/ros/jazzy/opt/gz_fuel_tools_vendor:/opt/ros/jazzy/opt/gz_msgs_vendor:/opt/ros/jazzy/opt/gz_common_vendor:/opt/ros/jazzy/opt/gz_tools_vendor:/opt/ros/jazzy/opt/gz_ogre_next_vendor:/opt/ros/jazzy/opt/gz_dartsim_vendor:/opt/ros/jazzy/opt/gz_math_vendor:/opt/ros/jazzy/opt/gz_utils_vendor:/opt/ros/jazzy/opt/gz_cmake_vendor:/opt/ros/jazzy LD_LIBRARY_PATH=/home/embedded/ros2_ws/install/ecl_errors/lib:${LD_LIBRARY_PATH} PATH=/home/embedded/ros2_ws/install/ecl_config/bin:${PATH} /usr/bin/cmake --build /home/embedded/ros2_ws/build/ecl_sigslots_lite -- -j4 -l4
[0.201s] [100%] Built target demo_sigslots_lite
[0.249s] Invoked command in '/home/embedded/ros2_ws/build/ecl_sigslots_lite' returned '0': AMENT_PREFIX_PATH=/home/embedded/ros2_ws/install/ecl_errors:/home/embedded/ros2_ws/install/ecl_config:${AMENT_PREFIX_PATH} CMAKE_PREFIX_PATH=/home/embedded/ros2_ws/install/ecl_errors:/home/embedded/ros2_ws/install/ecl_config:/opt/ros/jazzy/opt/gz_sim_vendor:/opt/ros/jazzy/opt/gz_sensors_vendor:/opt/ros/jazzy/opt/gz_physics_vendor:/opt/ros/jazzy/opt/sdformat_vendor:/opt/ros/jazzy/opt/gz_gui_vendor:/opt/ros/jazzy/opt/gz_transport_vendor:/opt/ros/jazzy/opt/gz_rendering_vendor:/opt/ros/jazzy/opt/gz_plugin_vendor:/opt/ros/jazzy/opt/gz_fuel_tools_vendor:/opt/ros/jazzy/opt/gz_msgs_vendor:/opt/ros/jazzy/opt/gz_common_vendor:/opt/ros/jazzy/opt/gz_tools_vendor:/opt/ros/jazzy/opt/gz_ogre_next_vendor:/opt/ros/jazzy/opt/gz_dartsim_vendor:/opt/ros/jazzy/opt/gz_math_vendor:/opt/ros/jazzy/opt/gz_utils_vendor:/opt/ros/jazzy/opt/gz_cmake_vendor:/opt/ros/jazzy LD_LIBRARY_PATH=/home/embedded/ros2_ws/install/ecl_errors/lib:${LD_LIBRARY_PATH} PATH=/home/embedded/ros2_ws/install/ecl_config/bin:${PATH} /usr/bin/cmake --build /home/embedded/ros2_ws/build/ecl_sigslots_lite -- -j4 -l4
[0.251s] Invoking command in '/home/embedded/ros2_ws/build/ecl_sigslots_lite': AMENT_PREFIX_PATH=/home/embedded/ros2_ws/install/ecl_errors:/home/embedded/ros2_ws/install/ecl_config:${AMENT_PREFIX_PATH} CMAKE_PREFIX_PATH=/home/embedded/ros2_ws/install/ecl_errors:/home/embedded/ros2_ws/install/ecl_config:/opt/ros/jazzy/opt/gz_sim_vendor:/opt/ros/jazzy/opt/gz_sensors_vendor:/opt/ros/jazzy/opt/gz_physics_vendor:/opt/ros/jazzy/opt/sdformat_vendor:/opt/ros/jazzy/opt/gz_gui_vendor:/opt/ros/jazzy/opt/gz_transport_vendor:/opt/ros/jazzy/opt/gz_rendering_vendor:/opt/ros/jazzy/opt/gz_plugin_vendor:/opt/ros/jazzy/opt/gz_fuel_tools_vendor:/opt/ros/jazzy/opt/gz_msgs_vendor:/opt/ros/jazzy/opt/gz_common_vendor:/opt/ros/jazzy/opt/gz_tools_vendor:/opt/ros/jazzy/opt/gz_ogre_next_vendor:/opt/ros/jazzy/opt/gz_dartsim_vendor:/opt/ros/jazzy/opt/gz_math_vendor:/opt/ros/jazzy/opt/gz_utils_vendor:/opt/ros/jazzy/opt/gz_cmake_vendor:/opt/ros/jazzy LD_LIBRARY_PATH=/home/embedded/ros2_ws/install/ecl_errors/lib:${LD_LIBRARY_PATH} PATH=/home/embedded/ros2_ws/install/ecl_config/bin:${PATH} /usr/bin/cmake --install /home/embedded/ros2_ws/build/ecl_sigslots_lite
[0.276s] -- Install configuration: ""
[0.276s] -- Execute custom install script
[0.279s] -- Up-to-date symlink: /home/embedded/ros2_ws/install/ecl_sigslots_lite/include/ecl/sigslots_lite/connect.hpp
[0.279s] -- Up-to-date symlink: /home/embedded/ros2_ws/install/ecl_sigslots_lite/include/ecl/sigslots_lite/errors.hpp
[0.279s] -- Up-to-date symlink: /home/embedded/ros2_ws/install/ecl_sigslots_lite/include/ecl/sigslots_lite/managers.hpp
[0.280s] -- Up-to-date symlink: /home/embedded/ros2_ws/install/ecl_sigslots_lite/include/ecl/sigslots_lite/signal.hpp
[0.280s] -- Up-to-date symlink: /home/embedded/ros2_ws/install/ecl_sigslots_lite/include/ecl/sigslots_lite/slot.hpp
[0.280s] -- Up-to-date symlink: /home/embedded/ros2_ws/install/ecl_sigslots_lite/include/ecl/sigslots_lite/utilities.hpp
[0.280s] -- Up-to-date symlink: /home/embedded/ros2_ws/install/ecl_sigslots_lite/include/ecl/sigslots_lite.hpp
[0.280s] -- Up-to-date symlink: /home/embedded/ros2_ws/install/ecl_sigslots_lite/lib/ecl_sigslots_lite/demo_sigslots_lite
[0.281s] -- Up-to-date symlink: /home/embedded/ros2_ws/install/ecl_sigslots_lite/share/ament_index/resource_index/package_run_dependencies/ecl_sigslots_lite
[0.281s] -- Up-to-date symlink: /home/embedded/ros2_ws/install/ecl_sigslots_lite/share/ament_index/resource_index/parent_prefix_path/ecl_sigslots_lite
[0.284s] -- Up-to-date symlink: /home/embedded/ros2_ws/install/ecl_sigslots_lite/share/ecl_sigslots_lite/environment/ament_prefix_path.sh
[0.284s] -- Up-to-date symlink: /home/embedded/ros2_ws/install/ecl_sigslots_lite/share/ecl_sigslots_lite/environment/ament_prefix_path.dsv
[0.284s] -- Up-to-date symlink: /home/embedded/ros2_ws/install/ecl_sigslots_lite/share/ecl_sigslots_lite/environment/path.sh
[0.284s] -- Up-to-date symlink: /home/embedded/ros2_ws/install/ecl_sigslots_lite/share/ecl_sigslots_lite/environment/path.dsv
[0.285s] -- Up-to-date symlink: /home/embedded/ros2_ws/install/ecl_sigslots_lite/share/ecl_sigslots_lite/local_setup.bash
[0.286s] -- Up-to-date symlink: /home/embedded/ros2_ws/install/ecl_sigslots_lite/share/ecl_sigslots_lite/local_setup.sh
[0.286s] -- Up-to-date symlink: /home/embedded/ros2_ws/install/ecl_sigslots_lite/share/ecl_sigslots_lite/local_setup.zsh
[0.288s] -- Up-to-date symlink: /home/embedded/ros2_ws/install/ecl_sigslots_lite/share/ecl_sigslots_lite/local_setup.dsv
[0.291s] -- Symlinking: /home/embedded/ros2_ws/install/ecl_sigslots_lite/share/ecl_sigslots_lite/package.dsv
[0.331s] -- Up-to-date symlink: /home/embedded/ros2_ws/install/ecl_sigslots_lite/share/ament_index/resource_index/packages/ecl_sigslots_lite
[0.333s] -- Up-to-date symlink: /home/embedded/ros2_ws/install/ecl_sigslots_lite/share/ecl_sigslots_lite/cmake/ament_cmake_export_targets-extras.cmake
[0.333s] -- Up-to-date symlink: /home/embedded/ros2_ws/install/ecl_sigslots_lite/share/ecl_sigslots_lite/cmake/ament_cmake_export_include_directories-extras.cmake
[0.333s] -- Up-to-date symlink: /home/embedded/ros2_ws/install/ecl_sigslots_lite/share/ecl_sigslots_lite/cmake/ament_cmake_export_dependencies-extras.cmake
[0.333s] -- Up-to-date symlink: /home/embedded/ros2_ws/install/ecl_sigslots_lite/share/ecl_sigslots_lite/cmake/ecl_sigslots_liteConfig.cmake
[0.333s] -- Up-to-date symlink: /home/embedded/ros2_ws/install/ecl_sigslots_lite/share/ecl_sigslots_lite/cmake/ecl_sigslots_liteConfig-version.cmake
[0.333s] -- Up-to-date symlink: /home/embedded/ros2_ws/install/ecl_sigslots_lite/share/ecl_sigslots_lite/package.xml
[0.334s] -- Up-to-date: /home/embedded/ros2_ws/install/ecl_sigslots_lite/share/ecl_sigslots_lite/cmake/ecl_sigslots_liteExport.cmake
[0.339s] Invoked command in '/home/embedded/ros2_ws/build/ecl_sigslots_lite' returned '0': AMENT_PREFIX_PATH=/home/embedded/ros2_ws/install/ecl_errors:/home/embedded/ros2_ws/install/ecl_config:${AMENT_PREFIX_PATH} CMAKE_PREFIX_PATH=/home/embedded/ros2_ws/install/ecl_errors:/home/embedded/ros2_ws/install/ecl_config:/opt/ros/jazzy/opt/gz_sim_vendor:/opt/ros/jazzy/opt/gz_sensors_vendor:/opt/ros/jazzy/opt/gz_physics_vendor:/opt/ros/jazzy/opt/sdformat_vendor:/opt/ros/jazzy/opt/gz_gui_vendor:/opt/ros/jazzy/opt/gz_transport_vendor:/opt/ros/jazzy/opt/gz_rendering_vendor:/opt/ros/jazzy/opt/gz_plugin_vendor:/opt/ros/jazzy/opt/gz_fuel_tools_vendor:/opt/ros/jazzy/opt/gz_msgs_vendor:/opt/ros/jazzy/opt/gz_common_vendor:/opt/ros/jazzy/opt/gz_tools_vendor:/opt/ros/jazzy/opt/gz_ogre_next_vendor:/opt/ros/jazzy/opt/gz_dartsim_vendor:/opt/ros/jazzy/opt/gz_math_vendor:/opt/ros/jazzy/opt/gz_utils_vendor:/opt/ros/jazzy/opt/gz_cmake_vendor:/opt/ros/jazzy LD_LIBRARY_PATH=/home/embedded/ros2_ws/install/ecl_errors/lib:${LD_LIBRARY_PATH} PATH=/home/embedded/ros2_ws/install/ecl_config/bin:${PATH} /usr/bin/cmake --install /home/embedded/ros2_ws/build/ecl_sigslots_lite
