[0.084s] Invoking command in '/home/embedded/ros2_ws/build/openni2_camera': CMAKE_PREFIX_PATH=${CMAKE_PREFIX_PATH}:/opt/ros/jazzy /usr/bin/cmake --build /home/embedded/ros2_ws/build/openni2_camera -- -j4 -l4
[0.456s] [  1%] Built target openni2_camera__rosidl_generator_type_description
[0.605s] [  5%] Built target openni2_camera_driver
[0.778s] [  9%] Built target usb_reset
[0.878s] [ 11%] Built target openni2_camera__cpp
[1.012s] [ 20%] Built target openni2_camera__rosidl_generator_c
[1.163s] [ 37%] Built target openni2_wrapper
[1.287s] [ 43%] Built target openni2_camera__rosidl_typesupport_fastrtps_c
[1.437s] [ 49%] Built target openni2_camera__rosidl_typesupport_fastrtps_cpp
[1.631s] [ 54%] Built target openni2_camera__rosidl_typesupport_introspection_c
[1.745s] [ 60%] Built target openni2_camera__rosidl_typesupport_c
[1.856s] [ 66%] Built target openni2_camera__rosidl_typesupport_introspection_cpp
[2.035s] [ 69%] Built target test_wrapper
[2.189s] [ 73%] Built target list_devices
[2.300s] [ 79%] Built target openni2_camera__rosidl_typesupport_cpp
[2.501s] [ 79%] Built target ament_cmake_python_symlink_openni2_camera
[2.649s] [ 83%] Built target openni2_camera_lib
[3.463s] running egg_info
[3.523s] writing openni2_camera.egg-info/PKG-INFO
[3.524s] writing dependency_links to openni2_camera.egg-info/dependency_links.txt
[3.528s] writing top-level names to openni2_camera.egg-info/top_level.txt
[3.701s] reading manifest file 'openni2_camera.egg-info/SOURCES.txt'
[3.706s] writing manifest file 'openni2_camera.egg-info/SOURCES.txt'
[3.836s] [ 83%] Built target ament_cmake_python_build_openni2_camera_egg
[3.915s] [ 83%] Built target openni2_camera
[3.990s] [ 84%] Built target openni2_camera__py
[4.067s] [ 88%] Built target openni2_camera__rosidl_generator_py
[4.155s] [ 92%] Built target openni2_camera_s__rosidl_typesupport_fastrtps_c
[4.228s] [ 96%] Built target openni2_camera_s__rosidl_typesupport_c
[4.321s] [100%] Built target openni2_camera_s__rosidl_typesupport_introspection_c
[4.355s] Invoked command in '/home/embedded/ros2_ws/build/openni2_camera' returned '0': CMAKE_PREFIX_PATH=${CMAKE_PREFIX_PATH}:/opt/ros/jazzy /usr/bin/cmake --build /home/embedded/ros2_ws/build/openni2_camera -- -j4 -l4
[4.363s] Invoking command in '/home/embedded/ros2_ws/build/openni2_camera': CMAKE_PREFIX_PATH=${CMAKE_PREFIX_PATH}:/opt/ros/jazzy /usr/bin/cmake --install /home/embedded/ros2_ws/build/openni2_camera
[4.385s] -- Install configuration: ""
[4.386s] -- Execute custom install script
[4.388s] -- Up-to-date symlink: /home/embedded/ros2_ws/install/openni2_camera/share/ament_index/resource_index/rosidl_interfaces/openni2_camera
[4.389s] -- Up-to-date symlink: /home/embedded/ros2_ws/install/openni2_camera/share/openni2_camera/srv/GetSerial.json
[4.389s] -- Up-to-date symlink: /home/embedded/ros2_ws/install/openni2_camera/include/openni2_camera/openni2_camera/msg/rosidl_generator_c__visibility_control.h
[4.390s] -- Up-to-date symlink: /home/embedded/ros2_ws/install/openni2_camera/include/openni2_camera/openni2_camera/srv/detail/get_serial__functions.h
[4.394s] -- Up-to-date symlink: /home/embedded/ros2_ws/install/openni2_camera/include/openni2_camera/openni2_camera/srv/detail/get_serial__struct.h
[4.395s] -- Up-to-date symlink: /home/embedded/ros2_ws/install/openni2_camera/include/openni2_camera/openni2_camera/srv/detail/get_serial__type_support.h
[4.398s] -- Up-to-date symlink: /home/embedded/ros2_ws/install/openni2_camera/include/openni2_camera/openni2_camera/srv/get_serial.h
[4.399s] -- Up-to-date symlink: /home/embedded/ros2_ws/install/openni2_camera/share/openni2_camera/environment/library_path.sh
[4.400s] -- Up-to-date symlink: /home/embedded/ros2_ws/install/openni2_camera/share/openni2_camera/environment/library_path.dsv
[4.400s] -- Up-to-date symlink: /home/embedded/ros2_ws/install/openni2_camera/include/openni2_camera/openni2_camera/msg/rosidl_typesupport_fastrtps_c__visibility_control.h
[4.400s] -- Up-to-date symlink: /home/embedded/ros2_ws/install/openni2_camera/include/openni2_camera/openni2_camera/srv/detail/get_serial__rosidl_typesupport_fastrtps_c.h
[4.400s] -- Up-to-date symlink: /home/embedded/ros2_ws/install/openni2_camera/include/openni2_camera/openni2_camera/msg/rosidl_generator_cpp__visibility_control.hpp
[4.402s] -- Up-to-date symlink: /home/embedded/ros2_ws/install/openni2_camera/include/openni2_camera/openni2_camera/srv/detail/get_serial__builder.hpp
[4.402s] -- Up-to-date symlink: /home/embedded/ros2_ws/install/openni2_camera/include/openni2_camera/openni2_camera/srv/detail/get_serial__struct.hpp
[4.402s] -- Up-to-date symlink: /home/embedded/ros2_ws/install/openni2_camera/include/openni2_camera/openni2_camera/srv/detail/get_serial__traits.hpp
[4.402s] -- Up-to-date symlink: /home/embedded/ros2_ws/install/openni2_camera/include/openni2_camera/openni2_camera/srv/detail/get_serial__type_support.hpp
[4.403s] -- Up-to-date symlink: /home/embedded/ros2_ws/install/openni2_camera/include/openni2_camera/openni2_camera/srv/get_serial.hpp
[4.403s] -- Up-to-date symlink: /home/embedded/ros2_ws/install/openni2_camera/include/openni2_camera/openni2_camera/msg/rosidl_typesupport_fastrtps_cpp__visibility_control.h
[4.403s] -- Up-to-date symlink: /home/embedded/ros2_ws/install/openni2_camera/include/openni2_camera/openni2_camera/srv/detail/get_serial__rosidl_typesupport_fastrtps_cpp.hpp
[4.403s] -- Up-to-date symlink: /home/embedded/ros2_ws/install/openni2_camera/include/openni2_camera/openni2_camera/msg/rosidl_typesupport_introspection_c__visibility_control.h
[4.403s] -- Up-to-date symlink: /home/embedded/ros2_ws/install/openni2_camera/include/openni2_camera/openni2_camera/srv/detail/get_serial__rosidl_typesupport_introspection_c.h
[4.403s] -- Up-to-date symlink: /home/embedded/ros2_ws/install/openni2_camera/include/openni2_camera/openni2_camera/srv/detail/get_serial__rosidl_typesupport_introspection_cpp.hpp
[4.403s] -- Up-to-date symlink: /home/embedded/ros2_ws/install/openni2_camera/share/openni2_camera/environment/pythonpath.sh
[4.403s] -- Up-to-date symlink: /home/embedded/ros2_ws/install/openni2_camera/share/openni2_camera/environment/pythonpath.dsv
[4.403s] -- Up-to-date symlink: /home/embedded/ros2_ws/install/openni2_camera/lib/python3.12/site-packages/openni2_camera-2.3.0-py3.12.egg-info/PKG-INFO
[4.403s] -- Up-to-date symlink: /home/embedded/ros2_ws/install/openni2_camera/lib/python3.12/site-packages/openni2_camera-2.3.0-py3.12.egg-info/SOURCES.txt
[4.403s] -- Up-to-date symlink: /home/embedded/ros2_ws/install/openni2_camera/lib/python3.12/site-packages/openni2_camera-2.3.0-py3.12.egg-info/dependency_links.txt
[4.404s] -- Up-to-date symlink: /home/embedded/ros2_ws/install/openni2_camera/lib/python3.12/site-packages/openni2_camera-2.3.0-py3.12.egg-info/top_level.txt
[4.404s] -- Up-to-date symlink: /home/embedded/ros2_ws/install/openni2_camera/lib/python3.12/site-packages/openni2_camera/__init__.py
[4.404s] -- Up-to-date symlink: /home/embedded/ros2_ws/install/openni2_camera/lib/python3.12/site-packages/openni2_camera/_openni2_camera_s.ep.rosidl_typesupport_c.c
[4.404s] -- Up-to-date symlink: /home/embedded/ros2_ws/install/openni2_camera/lib/python3.12/site-packages/openni2_camera/_openni2_camera_s.ep.rosidl_typesupport_fastrtps_c.c
[4.404s] -- Up-to-date symlink: /home/embedded/ros2_ws/install/openni2_camera/lib/python3.12/site-packages/openni2_camera/_openni2_camera_s.ep.rosidl_typesupport_introspection_c.c
[4.404s] -- Up-to-date symlink: /home/embedded/ros2_ws/install/openni2_camera/lib/python3.12/site-packages/openni2_camera/openni2_camera_s__rosidl_typesupport_c.so
[4.404s] -- Up-to-date symlink: /home/embedded/ros2_ws/install/openni2_camera/lib/python3.12/site-packages/openni2_camera/openni2_camera_s__rosidl_typesupport_fastrtps_c.so
[4.404s] -- Up-to-date symlink: /home/embedded/ros2_ws/install/openni2_camera/lib/python3.12/site-packages/openni2_camera/openni2_camera_s__rosidl_typesupport_introspection_c.so
[4.404s] -- Up-to-date symlink: /home/embedded/ros2_ws/install/openni2_camera/lib/python3.12/site-packages/openni2_camera/srv/__init__.py
[4.404s] -- Up-to-date symlink: /home/embedded/ros2_ws/install/openni2_camera/lib/python3.12/site-packages/openni2_camera/srv/_get_serial.py
[4.404s] -- Up-to-date symlink: /home/embedded/ros2_ws/install/openni2_camera/lib/python3.12/site-packages/openni2_camera/srv/_get_serial_s.c
[4.405s] -- Up-to-date symlink: /home/embedded/ros2_ws/install/openni2_camera/lib/python3.12/site-packages/openni2_camera/openni2_camera_s__rosidl_typesupport_fastrtps_c.so
[4.409s] -- Up-to-date symlink: /home/embedded/ros2_ws/install/openni2_camera/lib/python3.12/site-packages/openni2_camera/openni2_camera_s__rosidl_typesupport_introspection_c.so
[4.412s] -- Up-to-date symlink: /home/embedded/ros2_ws/install/openni2_camera/lib/python3.12/site-packages/openni2_camera/openni2_camera_s__rosidl_typesupport_c.so
[4.414s] -- Up-to-date symlink: /home/embedded/ros2_ws/install/openni2_camera/share/openni2_camera/srv/GetSerial.idl
[4.414s] -- Up-to-date symlink: /home/embedded/ros2_ws/install/openni2_camera/share/openni2_camera/srv/GetSerial.srv
[4.415s] -- Up-to-date symlink: /home/embedded/ros2_ws/install/openni2_camera/lib/openni2_camera/openni2_camera_driver
[4.416s] -- Up-to-date symlink: /home/embedded/ros2_ws/install/openni2_camera/lib/openni2_camera/list_devices
[4.417s] -- Up-to-date symlink: /home/embedded/ros2_ws/install/openni2_camera/lib/libopenni2_camera_lib.so
[4.418s] -- Up-to-date symlink: /home/embedded/ros2_ws/install/openni2_camera/lib/libopenni2_wrapper.so
[4.419s] -- Up-to-date symlink: /home/embedded/ros2_ws/install/openni2_camera/lib/openni2_camera/usb_reset
[4.420s] -- Up-to-date symlink: /home/embedded/ros2_ws/install/openni2_camera/include/openni2_camera/openni2_convert.h
[4.420s] -- Up-to-date symlink: /home/embedded/ros2_ws/install/openni2_camera/include/openni2_camera/openni2_device.h
[4.421s] -- Up-to-date symlink: /home/embedded/ros2_ws/install/openni2_camera/include/openni2_camera/openni2_device_info.h
[4.422s] -- Up-to-date symlink: /home/embedded/ros2_ws/install/openni2_camera/include/openni2_camera/openni2_device_manager.h
[4.422s] -- Up-to-date symlink: /home/embedded/ros2_ws/install/openni2_camera/include/openni2_camera/openni2_driver.h
[4.423s] -- Up-to-date symlink: /home/embedded/ros2_ws/install/openni2_camera/include/openni2_camera/openni2_exception.h
[4.423s] -- Up-to-date symlink: /home/embedded/ros2_ws/install/openni2_camera/include/openni2_camera/openni2_frame_listener.h
[4.427s] -- Up-to-date symlink: /home/embedded/ros2_ws/install/openni2_camera/include/openni2_camera/openni2_timer_filter.h
[4.429s] -- Up-to-date symlink: /home/embedded/ros2_ws/install/openni2_camera/include/openni2_camera/openni2_video_mode.h
[4.430s] -- Up-to-date symlink: /home/embedded/ros2_ws/install/openni2_camera/share/openni2_camera//launch/camera_only.launch.py
[4.431s] -- Up-to-date symlink: /home/embedded/ros2_ws/install/openni2_camera/share/openni2_camera//launch/camera_with_cloud.launch.py
[4.432s] -- Up-to-date symlink: /home/embedded/ros2_ws/install/openni2_camera/share/openni2_camera//launch/camera_with_cloud_norgb.launch.py
[4.433s] -- Up-to-date symlink: /home/embedded/ros2_ws/install/openni2_camera/share/openni2_camera//launch/tfs.launch.py
[4.433s] -- Up-to-date symlink: /home/embedded/ros2_ws/install/openni2_camera/share/ament_index/resource_index/package_run_dependencies/openni2_camera
[4.434s] -- Up-to-date symlink: /home/embedded/ros2_ws/install/openni2_camera/share/ament_index/resource_index/parent_prefix_path/openni2_camera
[4.435s] -- Up-to-date symlink: /home/embedded/ros2_ws/install/openni2_camera/share/openni2_camera/environment/ament_prefix_path.sh
[4.435s] -- Up-to-date symlink: /home/embedded/ros2_ws/install/openni2_camera/share/openni2_camera/environment/ament_prefix_path.dsv
[4.436s] -- Up-to-date symlink: /home/embedded/ros2_ws/install/openni2_camera/share/openni2_camera/environment/path.sh
[4.437s] -- Up-to-date symlink: /home/embedded/ros2_ws/install/openni2_camera/share/openni2_camera/environment/path.dsv
[4.437s] -- Up-to-date symlink: /home/embedded/ros2_ws/install/openni2_camera/share/openni2_camera/local_setup.bash
[4.438s] -- Up-to-date symlink: /home/embedded/ros2_ws/install/openni2_camera/share/openni2_camera/local_setup.sh
[4.439s] -- Up-to-date symlink: /home/embedded/ros2_ws/install/openni2_camera/share/openni2_camera/local_setup.zsh
[4.439s] -- Up-to-date symlink: /home/embedded/ros2_ws/install/openni2_camera/share/openni2_camera/local_setup.dsv
[4.439s] -- Symlinking: /home/embedded/ros2_ws/install/openni2_camera/share/openni2_camera/package.dsv
[4.451s] -- Up-to-date symlink: /home/embedded/ros2_ws/install/openni2_camera/share/ament_index/resource_index/packages/openni2_camera
[4.452s] -- Up-to-date symlink: /home/embedded/ros2_ws/install/openni2_camera/share/ament_index/resource_index/rclcpp_components/openni2_camera
[4.453s] -- Up-to-date symlink: /home/embedded/ros2_ws/install/openni2_camera/share/openni2_camera/cmake/rosidl_cmake-extras.cmake
[4.453s] -- Up-to-date symlink: /home/embedded/ros2_ws/install/openni2_camera/share/openni2_camera/cmake/ament_cmake_export_dependencies-extras.cmake
[4.455s] -- Up-to-date symlink: /home/embedded/ros2_ws/install/openni2_camera/share/openni2_camera/cmake/ament_cmake_export_include_directories-extras.cmake
[4.459s] -- Up-to-date symlink: /home/embedded/ros2_ws/install/openni2_camera/share/openni2_camera/cmake/ament_cmake_export_libraries-extras.cmake
[4.462s] -- Up-to-date symlink: /home/embedded/ros2_ws/install/openni2_camera/share/openni2_camera/cmake/ament_cmake_export_targets-extras.cmake
[4.463s] -- Up-to-date symlink: /home/embedded/ros2_ws/install/openni2_camera/share/openni2_camera/cmake/rosidl_cmake_export_typesupport_targets-extras.cmake
[4.464s] -- Up-to-date symlink: /home/embedded/ros2_ws/install/openni2_camera/share/openni2_camera/cmake/rosidl_cmake_export_typesupport_libraries-extras.cmake
[4.465s] -- Up-to-date symlink: /home/embedded/ros2_ws/install/openni2_camera/share/openni2_camera/cmake/openni2_cameraConfig.cmake
[4.465s] -- Up-to-date symlink: /home/embedded/ros2_ws/install/openni2_camera/share/openni2_camera/cmake/openni2_cameraConfig-version.cmake
[4.466s] -- Up-to-date symlink: /home/embedded/ros2_ws/install/openni2_camera/share/openni2_camera/package.xml
[4.467s] -- Up-to-date: /home/embedded/ros2_ws/install/openni2_camera/lib/libopenni2_camera__rosidl_generator_c.so
[4.467s] -- Up-to-date: /home/embedded/ros2_ws/install/openni2_camera/lib/libopenni2_camera__rosidl_typesupport_fastrtps_c.so
[4.468s] -- Up-to-date: /home/embedded/ros2_ws/install/openni2_camera/lib/libopenni2_camera__rosidl_typesupport_fastrtps_cpp.so
[4.469s] -- Up-to-date: /home/embedded/ros2_ws/install/openni2_camera/lib/libopenni2_camera__rosidl_typesupport_introspection_c.so
[4.469s] -- Up-to-date: /home/embedded/ros2_ws/install/openni2_camera/lib/libopenni2_camera__rosidl_typesupport_c.so
[4.469s] -- Up-to-date: /home/embedded/ros2_ws/install/openni2_camera/lib/libopenni2_camera__rosidl_typesupport_introspection_cpp.so
[4.469s] -- Up-to-date: /home/embedded/ros2_ws/install/openni2_camera/lib/libopenni2_camera__rosidl_typesupport_cpp.so
[4.538s] Listing '/home/embedded/ros2_ws/install/openni2_camera/lib/python3.12/site-packages/openni2_camera'...
[4.538s] Listing '/home/embedded/ros2_ws/install/openni2_camera/lib/python3.12/site-packages/openni2_camera/srv'...
[4.556s] -- Up-to-date: /home/embedded/ros2_ws/install/openni2_camera/lib/libopenni2_camera__rosidl_generator_py.so
[4.558s] -- Up-to-date: /home/embedded/ros2_ws/install/openni2_camera/share/openni2_camera/cmake/export_openni2_camera__rosidl_generator_cExport.cmake
[4.558s] -- Up-to-date: /home/embedded/ros2_ws/install/openni2_camera/share/openni2_camera/cmake/export_openni2_camera__rosidl_generator_cExport-noconfig.cmake
[4.560s] -- Up-to-date: /home/embedded/ros2_ws/install/openni2_camera/share/openni2_camera/cmake/export_openni2_camera__rosidl_typesupport_fastrtps_cExport.cmake
[4.560s] -- Up-to-date: /home/embedded/ros2_ws/install/openni2_camera/share/openni2_camera/cmake/export_openni2_camera__rosidl_typesupport_fastrtps_cExport-noconfig.cmake
[4.560s] -- Up-to-date: /home/embedded/ros2_ws/install/openni2_camera/share/openni2_camera/cmake/export_openni2_camera__rosidl_generator_cppExport.cmake
[4.561s] -- Up-to-date: /home/embedded/ros2_ws/install/openni2_camera/share/openni2_camera/cmake/export_openni2_camera__rosidl_typesupport_fastrtps_cppExport.cmake
[4.562s] -- Up-to-date: /home/embedded/ros2_ws/install/openni2_camera/share/openni2_camera/cmake/export_openni2_camera__rosidl_typesupport_fastrtps_cppExport-noconfig.cmake
[4.562s] -- Up-to-date: /home/embedded/ros2_ws/install/openni2_camera/share/openni2_camera/cmake/openni2_camera__rosidl_typesupport_introspection_cExport.cmake
[4.563s] -- Up-to-date: /home/embedded/ros2_ws/install/openni2_camera/share/openni2_camera/cmake/openni2_camera__rosidl_typesupport_introspection_cExport-noconfig.cmake
[4.563s] -- Up-to-date: /home/embedded/ros2_ws/install/openni2_camera/share/openni2_camera/cmake/openni2_camera__rosidl_typesupport_cExport.cmake
[4.563s] -- Up-to-date: /home/embedded/ros2_ws/install/openni2_camera/share/openni2_camera/cmake/openni2_camera__rosidl_typesupport_cExport-noconfig.cmake
[4.564s] -- Up-to-date: /home/embedded/ros2_ws/install/openni2_camera/share/openni2_camera/cmake/openni2_camera__rosidl_typesupport_introspection_cppExport.cmake
[4.564s] -- Up-to-date: /home/embedded/ros2_ws/install/openni2_camera/share/openni2_camera/cmake/openni2_camera__rosidl_typesupport_introspection_cppExport-noconfig.cmake
[4.565s] -- Up-to-date: /home/embedded/ros2_ws/install/openni2_camera/share/openni2_camera/cmake/openni2_camera__rosidl_typesupport_cppExport.cmake
[4.565s] -- Up-to-date: /home/embedded/ros2_ws/install/openni2_camera/share/openni2_camera/cmake/openni2_camera__rosidl_typesupport_cppExport-noconfig.cmake
[4.565s] -- Up-to-date: /home/embedded/ros2_ws/install/openni2_camera/share/openni2_camera/cmake/export_openni2_camera__rosidl_generator_pyExport.cmake
[4.566s] -- Up-to-date: /home/embedded/ros2_ws/install/openni2_camera/share/openni2_camera/cmake/export_openni2_camera__rosidl_generator_pyExport-noconfig.cmake
[4.571s] Invoked command in '/home/embedded/ros2_ws/build/openni2_camera' returned '0': CMAKE_PREFIX_PATH=${CMAKE_PREFIX_PATH}:/opt/ros/jazzy /usr/bin/cmake --install /home/embedded/ros2_ws/build/openni2_camera
