[0.039s] Invoking command in '/home/embedded/ros2_ws/build/openni2_camera': CMAKE_PREFIX_PATH=${CMAKE_PREFIX_PATH}:/opt/ros/jazzy /usr/bin/cmake --build /home/embedded/ros2_ws/build/openni2_camera -- -j4 -l4
[0.232s] [  1%] Built target openni2_camera__rosidl_generator_type_description
[0.296s] [  5%] Built target openni2_camera_driver
[0.306s] [ 22%] Built target openni2_wrapper
[0.343s] [ 22%] Built target ament_cmake_python_symlink_openni2_camera
[0.345s] [ 26%] Built target usb_reset
[0.419s] [ 28%] Built target openni2_camera__cpp
[0.423s] [ 37%] Built target openni2_camera__rosidl_generator_c
[0.471s] [ 41%] Built target test_wrapper
[0.485s] [ 45%] Built target list_devices
[0.561s] [ 50%] Built target openni2_camera__rosidl_typesupport_cpp
[0.601s] [ 56%] Built target openni2_camera__rosidl_typesupport_fastrtps_c
[0.619s] [ 62%] Built target openni2_camera__rosidl_typesupport_fastrtps_cpp
[0.673s] [ 67%] Built target openni2_camera__rosidl_typesupport_introspection_c
[0.714s] [ 73%] Built target openni2_camera__rosidl_typesupport_c
[0.722s] [ 79%] Built target openni2_camera__rosidl_typesupport_introspection_cpp
[0.792s] [ 83%] Built target openni2_camera_lib
[0.831s] [ 83%] Built target openni2_camera
[0.952s] [ 84%] Built target openni2_camera__py
[1.079s] [ 88%] Built target openni2_camera__rosidl_generator_py
[1.215s] [ 92%] Built target openni2_camera_s__rosidl_typesupport_c
[1.243s] [ 96%] Built target openni2_camera_s__rosidl_typesupport_fastrtps_c
[1.260s] [100%] Built target openni2_camera_s__rosidl_typesupport_introspection_c
[1.401s] running egg_info
[1.440s] writing openni2_camera.egg-info/PKG-INFO
[1.440s] writing dependency_links to openni2_camera.egg-info/dependency_links.txt
[1.441s] writing top-level names to openni2_camera.egg-info/top_level.txt
[1.561s] reading manifest file 'openni2_camera.egg-info/SOURCES.txt'
[1.561s] writing manifest file 'openni2_camera.egg-info/SOURCES.txt'
[1.705s] [100%] Built target ament_cmake_python_build_openni2_camera_egg
