-- Found ament_cmake_ros: 0.12.0 (/opt/ros/jazzy/share/ament_cmake_ros/cmake)
-- Override CMake install command with custom implementation using symlinks instead of copying resources
-- Found ecl_build: 1.0.3 (/opt/ros/jazzy/share/ecl_build/cmake)
[0mCMake Deprecation Warning at /opt/ros/jazzy/share/ecl_build/cmake/cotire.cmake:45 (cmake_minimum_required):
  Compatibility with CMake < 3.5 will be removed from a future version of
  CMake.

  Update the VERSION argument <min> value or use a ...<max> suffix to tell
  CMake that the project does not need compatibility with older versions.
Call Stack (most recent call first):
  /opt/ros/jazzy/share/ecl_build/cmake/ecl_buildConfig.cmake:41 (include)
  CMakeLists.txt:17 (find_package)

[0m
-- Found ament_lint_auto: 0.17.2 (/opt/ros/jazzy/share/ament_lint_auto/cmake)
-- Found gtest sources under '/opt/ros/jazzy/src/gtest_vendor': C++ tests using 'Google Test' will be built
-- Performing Test CMAKE_HAVE_LIBC_PTHREAD
-- Performing Test CMAKE_HAVE_LIBC_PTHREAD - Success
-- Found Threads: TRUE  
-- Configuring done (1.4s)
-- Generating done (0.0s)
-- Build files have been written to: /home/embedded/ros2_ws/build/ecl_mpl
[ 16%] [32mBuilding CXX object gtest/CMakeFiles/gtest_main.dir/src/gtest_main.cc.o[0m
[ 33%] [32mBuilding CXX object gtest/CMakeFiles/gtest.dir/src/gtest-all.cc.o[0m
[ 50%] [32m[1mLinking CXX static library libgtest_main.a[0m
[ 50%] Built target gtest_main
[ 66%] [32m[1mLinking CXX static library libgtest.a[0m
[ 66%] Built target gtest
[ 83%] [32mBuilding CXX object src/test/CMakeFiles/test_enable_if.dir/enable_if.cpp.o[0m
[100%] [32m[1mLinking CXX executable test_enable_if[0m
[100%] Built target test_enable_if
