[0.027s] Invoking command in '/home/embedded/ros2_ws/build/ecl_eigen': CMAKE_PREFIX_PATH=${CMAKE_PREFIX_PATH}:/opt/ros/jazzy /usr/bin/cmake --build /home/embedded/ros2_ws/build/ecl_eigen -- -j4 -l4
[0.213s] Invoked command in '/home/embedded/ros2_ws/build/ecl_eigen' returned '0': CMAKE_PREFIX_PATH=${CMAKE_PREFIX_PATH}:/opt/ros/jazzy /usr/bin/cmake --build /home/embedded/ros2_ws/build/ecl_eigen -- -j4 -l4
[0.283s] Invoking command in '/home/embedded/ros2_ws/build/ecl_eigen': CMAKE_PREFIX_PATH=${CMAKE_PREFIX_PATH}:/opt/ros/jazzy /usr/bin/cmake --install /home/embedded/ros2_ws/build/ecl_eigen
[0.330s] -- Install configuration: ""
[0.330s] -- Execute custom install script
[0.331s] -- Up-to-date symlink: /home/embedded/ros2_ws/install/ecl_eigen/include/ecl/eigen.hpp
[0.336s] -- Up-to-date symlink: /home/embedded/ros2_ws/install/ecl_eigen/share/licenses/eigen/COPYING.LESSER
[0.336s] -- Up-to-date symlink: /home/embedded/ros2_ws/install/ecl_eigen/share/ament_index/resource_index/package_run_dependencies/ecl_eigen
[0.336s] -- Up-to-date symlink: /home/embedded/ros2_ws/install/ecl_eigen/share/ament_index/resource_index/parent_prefix_path/ecl_eigen
[0.337s] -- Up-to-date symlink: /home/embedded/ros2_ws/install/ecl_eigen/share/ecl_eigen/environment/ament_prefix_path.sh
[0.338s] -- Up-to-date symlink: /home/embedded/ros2_ws/install/ecl_eigen/share/ecl_eigen/environment/ament_prefix_path.dsv
[0.343s] -- Up-to-date symlink: /home/embedded/ros2_ws/install/ecl_eigen/share/ecl_eigen/environment/path.sh
[0.344s] -- Up-to-date symlink: /home/embedded/ros2_ws/install/ecl_eigen/share/ecl_eigen/environment/path.dsv
[0.344s] -- Up-to-date symlink: /home/embedded/ros2_ws/install/ecl_eigen/share/ecl_eigen/local_setup.bash
[0.344s] -- Up-to-date symlink: /home/embedded/ros2_ws/install/ecl_eigen/share/ecl_eigen/local_setup.sh
[0.344s] -- Up-to-date symlink: /home/embedded/ros2_ws/install/ecl_eigen/share/ecl_eigen/local_setup.zsh
[0.344s] -- Up-to-date symlink: /home/embedded/ros2_ws/install/ecl_eigen/share/ecl_eigen/local_setup.dsv
[0.346s] -- Symlinking: /home/embedded/ros2_ws/install/ecl_eigen/share/ecl_eigen/package.dsv
[0.412s] -- Up-to-date symlink: /home/embedded/ros2_ws/install/ecl_eigen/share/ament_index/resource_index/packages/ecl_eigen
[0.413s] -- Up-to-date symlink: /home/embedded/ros2_ws/install/ecl_eigen/share/ecl_eigen/cmake/ament_cmake_export_targets-extras.cmake
[0.413s] -- Up-to-date symlink: /home/embedded/ros2_ws/install/ecl_eigen/share/ecl_eigen/cmake/ament_cmake_export_include_directories-extras.cmake
[0.413s] -- Up-to-date symlink: /home/embedded/ros2_ws/install/ecl_eigen/share/ecl_eigen/cmake/ament_cmake_export_dependencies-extras.cmake
[0.413s] -- Up-to-date symlink: /home/embedded/ros2_ws/install/ecl_eigen/share/ecl_eigen/cmake/ecl_eigenConfig.cmake
[0.413s] -- Up-to-date symlink: /home/embedded/ros2_ws/install/ecl_eigen/share/ecl_eigen/cmake/ecl_eigenConfig-version.cmake
[0.421s] -- Up-to-date symlink: /home/embedded/ros2_ws/install/ecl_eigen/share/ecl_eigen/package.xml
[0.421s] -- Up-to-date: /home/embedded/ros2_ws/install/ecl_eigen/share/ecl_eigen/cmake/ecl_eigenExport.cmake
[0.427s] Invoked command in '/home/embedded/ros2_ws/build/ecl_eigen' returned '0': CMAKE_PREFIX_PATH=${CMAKE_PREFIX_PATH}:/opt/ros/jazzy /usr/bin/cmake --install /home/embedded/ros2_ws/build/ecl_eigen
