[0.064s] Invoking command in '/home/embedded/ros2_ws/build/ecl_ipc': AMENT_PREFIX_PATH=/home/embedded/ros2_ws/install/ecl_threads:/home/embedded/ros2_ws/install/ecl_utilities:/home/embedded/ros2_ws/install/ecl_time:/home/embedded/ros2_ws/install/ecl_time_lite:/home/embedded/ros2_ws/install/ecl_exceptions:/home/embedded/ros2_ws/install/ecl_concepts:/home/embedded/ros2_ws/install/ecl_type_traits:/home/embedded/ros2_ws/install/ecl_errors:/home/embedded/ros2_ws/install/ecl_mpl:/home/embedded/ros2_ws/install/ecl_config:${AMENT_PREFIX_PATH} CMAKE_PREFIX_PATH=/home/embedded/ros2_ws/install/ecl_threads:/home/embedded/ros2_ws/install/ecl_utilities:/home/embedded/ros2_ws/install/ecl_time:/home/embedded/ros2_ws/install/ecl_time_lite:/home/embedded/ros2_ws/install/ecl_exceptions:/home/embedded/ros2_ws/install/ecl_concepts:/home/embedded/ros2_ws/install/ecl_type_traits:/home/embedded/ros2_ws/install/ecl_errors:/home/embedded/ros2_ws/install/ecl_mpl:/home/embedded/ros2_ws/install/ecl_config:/opt/ros/jazzy/opt/gz_sim_vendor:/opt/ros/jazzy/opt/gz_sensors_vendor:/opt/ros/jazzy/opt/gz_physics_vendor:/opt/ros/jazzy/opt/sdformat_vendor:/opt/ros/jazzy/opt/gz_gui_vendor:/opt/ros/jazzy/opt/gz_transport_vendor:/opt/ros/jazzy/opt/gz_rendering_vendor:/opt/ros/jazzy/opt/gz_plugin_vendor:/opt/ros/jazzy/opt/gz_fuel_tools_vendor:/opt/ros/jazzy/opt/gz_msgs_vendor:/opt/ros/jazzy/opt/gz_common_vendor:/opt/ros/jazzy/opt/gz_tools_vendor:/opt/ros/jazzy/opt/gz_ogre_next_vendor:/opt/ros/jazzy/opt/gz_dartsim_vendor:/opt/ros/jazzy/opt/gz_math_vendor:/opt/ros/jazzy/opt/gz_utils_vendor:/opt/ros/jazzy/opt/gz_cmake_vendor:/opt/ros/jazzy LD_LIBRARY_PATH=/home/embedded/ros2_ws/install/ecl_threads/lib:/home/embedded/ros2_ws/install/ecl_time/lib:/home/embedded/ros2_ws/install/ecl_time_lite/lib:/home/embedded/ros2_ws/install/ecl_exceptions/lib:/home/embedded/ros2_ws/install/ecl_type_traits/lib:/home/embedded/ros2_ws/install/ecl_errors/lib:${LD_LIBRARY_PATH} PATH=/home/embedded/ros2_ws/install/ecl_type_traits/bin:/home/embedded/ros2_ws/install/ecl_config/bin:${PATH} /usr/bin/cmake /home/embedded/ros2_ws/src/ThirdParty/ecl/ecl_core/ecl_ipc -DAMENT_CMAKE_SYMLINK_INSTALL=1 -DCMAKE_INSTALL_PREFIX=/home/embedded/ros2_ws/install/ecl_ipc
[0.219s] -- The C compiler identification is GNU 13.3.0
[0.364s] -- The CXX compiler identification is GNU 13.3.0
[0.404s] -- Detecting C compiler ABI info
[0.655s] -- Detecting C compiler ABI info - done
[0.673s] -- Check for working C compiler: /usr/bin/cc - skipped
[0.673s] -- Detecting C compile features
[0.674s] -- Detecting C compile features - done
[0.694s] -- Detecting CXX compiler ABI info
[0.966s] -- Detecting CXX compiler ABI info - done
[0.982s] -- Check for working CXX compiler: /usr/bin/c++ - skipped
[0.982s] -- Detecting CXX compile features
[0.985s] -- Detecting CXX compile features - done
[0.992s] -- Found ament_cmake_ros: 0.12.0 (/opt/ros/jazzy/share/ament_cmake_ros/cmake)
[1.400s] -- Found Python3: /usr/bin/python3 (found version "3.12.3") found components: Interpreter 
[1.580s] -- Override CMake install command with custom implementation using symlinks instead of copying resources
[1.697s] -- Found ecl_build: 1.0.3 (/opt/ros/jazzy/share/ecl_build/cmake)
[1.704s] [0mCMake Deprecation Warning at /opt/ros/jazzy/share/ecl_build/cmake/cotire.cmake:45 (cmake_minimum_required):
[1.704s]   Compatibility with CMake < 3.5 will be removed from a future version of
[1.704s]   CMake.
[1.704s] 
[1.704s]   Update the VERSION argument <min> value or use a ...<max> suffix to tell
[1.704s]   CMake that the project does not need compatibility with older versions.
[1.705s] Call Stack (most recent call first):
[1.705s]   /opt/ros/jazzy/share/ecl_build/cmake/ecl_buildConfig.cmake:41 (include)
[1.705s]   CMakeLists.txt:17 (find_package)
[1.705s] 
[1.705s] [0m
[1.712s] -- Found ecl_config: 1.2.0 (/home/embedded/ros2_ws/install/ecl_config/share/ecl_config/cmake)
[1.714s] -- Found ecl_errors: 1.2.0 (/home/embedded/ros2_ws/install/ecl_errors/share/ecl_errors/cmake)
[1.720s] -- Found ecl_time_lite: 1.2.0 (/home/embedded/ros2_ws/install/ecl_time_lite/share/ecl_time_lite/cmake)
[1.729s] -- Found ecl_exceptions: 1.2.1 (/home/embedded/ros2_ws/install/ecl_exceptions/share/ecl_exceptions/cmake)
[1.735s] -- Found ecl_threads: 1.2.1 (/home/embedded/ros2_ws/install/ecl_threads/share/ecl_threads/cmake)
[1.736s] -- Performing Test CMAKE_HAVE_LIBC_PTHREAD
[2.000s] -- Performing Test CMAKE_HAVE_LIBC_PTHREAD - Success
[2.003s] [33mCMake Warning (dev) at /usr/share/cmake-3.28/Modules/FindPackageHandleStandardArgs.cmake:438 (message):
[2.004s]   The package name passed to `find_package_handle_standard_args` (Threads)
[2.004s]   does not match the name of the calling package (ecl_threads).  This can
[2.004s]   lead to problems in calling code that expects `find_package` result
[2.005s]   variables (e.g., `_FOUND`) to follow a certain pattern.
[2.005s] Call Stack (most recent call first):
[2.006s]   /usr/share/cmake-3.28/Modules/FindThreads.cmake:226 (FIND_PACKAGE_HANDLE_STANDARD_ARGS)
[2.006s]   /opt/ros/jazzy/share/ecl_build/cmake/ecl_platform_detection.cmake:225 (include)
[2.006s]   /home/embedded/ros2_ws/install/ecl_threads/share/ecl_threads/cmake/ecl_threads-extras.cmake:4 (ecl_detect_threads)
[2.006s]   /home/embedded/ros2_ws/install/ecl_threads/share/ecl_threads/cmake/ecl_threadsConfig.cmake:41 (include)
[2.006s]   CMakeLists.txt:22 (find_package)
[2.006s] This warning is for project developers.  Use -Wno-dev to suppress it.
[2.007s] [0m
[2.007s] -- Found Threads: TRUE  
[2.321s] -- Found ament_lint_auto: 0.17.2 (/opt/ros/jazzy/share/ament_lint_auto/cmake)
[2.435s] -- Found gtest sources under '/opt/ros/jazzy/src/gtest_vendor': C++ tests using 'Google Test' will be built
[2.507s] -- Configuring done (2.4s)
[2.590s] -- Generating done (0.1s)
[2.613s] -- Build files have been written to: /home/embedded/ros2_ws/build/ecl_ipc
[2.632s] Invoked command in '/home/embedded/ros2_ws/build/ecl_ipc' returned '0': AMENT_PREFIX_PATH=/home/embedded/ros2_ws/install/ecl_threads:/home/embedded/ros2_ws/install/ecl_utilities:/home/embedded/ros2_ws/install/ecl_time:/home/embedded/ros2_ws/install/ecl_time_lite:/home/embedded/ros2_ws/install/ecl_exceptions:/home/embedded/ros2_ws/install/ecl_concepts:/home/embedded/ros2_ws/install/ecl_type_traits:/home/embedded/ros2_ws/install/ecl_errors:/home/embedded/ros2_ws/install/ecl_mpl:/home/embedded/ros2_ws/install/ecl_config:${AMENT_PREFIX_PATH} CMAKE_PREFIX_PATH=/home/embedded/ros2_ws/install/ecl_threads:/home/embedded/ros2_ws/install/ecl_utilities:/home/embedded/ros2_ws/install/ecl_time:/home/embedded/ros2_ws/install/ecl_time_lite:/home/embedded/ros2_ws/install/ecl_exceptions:/home/embedded/ros2_ws/install/ecl_concepts:/home/embedded/ros2_ws/install/ecl_type_traits:/home/embedded/ros2_ws/install/ecl_errors:/home/embedded/ros2_ws/install/ecl_mpl:/home/embedded/ros2_ws/install/ecl_config:/opt/ros/jazzy/opt/gz_sim_vendor:/opt/ros/jazzy/opt/gz_sensors_vendor:/opt/ros/jazzy/opt/gz_physics_vendor:/opt/ros/jazzy/opt/sdformat_vendor:/opt/ros/jazzy/opt/gz_gui_vendor:/opt/ros/jazzy/opt/gz_transport_vendor:/opt/ros/jazzy/opt/gz_rendering_vendor:/opt/ros/jazzy/opt/gz_plugin_vendor:/opt/ros/jazzy/opt/gz_fuel_tools_vendor:/opt/ros/jazzy/opt/gz_msgs_vendor:/opt/ros/jazzy/opt/gz_common_vendor:/opt/ros/jazzy/opt/gz_tools_vendor:/opt/ros/jazzy/opt/gz_ogre_next_vendor:/opt/ros/jazzy/opt/gz_dartsim_vendor:/opt/ros/jazzy/opt/gz_math_vendor:/opt/ros/jazzy/opt/gz_utils_vendor:/opt/ros/jazzy/opt/gz_cmake_vendor:/opt/ros/jazzy LD_LIBRARY_PATH=/home/embedded/ros2_ws/install/ecl_threads/lib:/home/embedded/ros2_ws/install/ecl_time/lib:/home/embedded/ros2_ws/install/ecl_time_lite/lib:/home/embedded/ros2_ws/install/ecl_exceptions/lib:/home/embedded/ros2_ws/install/ecl_type_traits/lib:/home/embedded/ros2_ws/install/ecl_errors/lib:${LD_LIBRARY_PATH} PATH=/home/embedded/ros2_ws/install/ecl_type_traits/bin:/home/embedded/ros2_ws/install/ecl_config/bin:${PATH} /usr/bin/cmake /home/embedded/ros2_ws/src/ThirdParty/ecl/ecl_core/ecl_ipc -DAMENT_CMAKE_SYMLINK_INSTALL=1 -DCMAKE_INSTALL_PREFIX=/home/embedded/ros2_ws/install/ecl_ipc
[2.636s] Invoking command in '/home/embedded/ros2_ws/build/ecl_ipc': AMENT_PREFIX_PATH=/home/embedded/ros2_ws/install/ecl_threads:/home/embedded/ros2_ws/install/ecl_utilities:/home/embedded/ros2_ws/install/ecl_time:/home/embedded/ros2_ws/install/ecl_time_lite:/home/embedded/ros2_ws/install/ecl_exceptions:/home/embedded/ros2_ws/install/ecl_concepts:/home/embedded/ros2_ws/install/ecl_type_traits:/home/embedded/ros2_ws/install/ecl_errors:/home/embedded/ros2_ws/install/ecl_mpl:/home/embedded/ros2_ws/install/ecl_config:${AMENT_PREFIX_PATH} CMAKE_PREFIX_PATH=/home/embedded/ros2_ws/install/ecl_threads:/home/embedded/ros2_ws/install/ecl_utilities:/home/embedded/ros2_ws/install/ecl_time:/home/embedded/ros2_ws/install/ecl_time_lite:/home/embedded/ros2_ws/install/ecl_exceptions:/home/embedded/ros2_ws/install/ecl_concepts:/home/embedded/ros2_ws/install/ecl_type_traits:/home/embedded/ros2_ws/install/ecl_errors:/home/embedded/ros2_ws/install/ecl_mpl:/home/embedded/ros2_ws/install/ecl_config:/opt/ros/jazzy/opt/gz_sim_vendor:/opt/ros/jazzy/opt/gz_sensors_vendor:/opt/ros/jazzy/opt/gz_physics_vendor:/opt/ros/jazzy/opt/sdformat_vendor:/opt/ros/jazzy/opt/gz_gui_vendor:/opt/ros/jazzy/opt/gz_transport_vendor:/opt/ros/jazzy/opt/gz_rendering_vendor:/opt/ros/jazzy/opt/gz_plugin_vendor:/opt/ros/jazzy/opt/gz_fuel_tools_vendor:/opt/ros/jazzy/opt/gz_msgs_vendor:/opt/ros/jazzy/opt/gz_common_vendor:/opt/ros/jazzy/opt/gz_tools_vendor:/opt/ros/jazzy/opt/gz_ogre_next_vendor:/opt/ros/jazzy/opt/gz_dartsim_vendor:/opt/ros/jazzy/opt/gz_math_vendor:/opt/ros/jazzy/opt/gz_utils_vendor:/opt/ros/jazzy/opt/gz_cmake_vendor:/opt/ros/jazzy LD_LIBRARY_PATH=/home/embedded/ros2_ws/install/ecl_threads/lib:/home/embedded/ros2_ws/install/ecl_time/lib:/home/embedded/ros2_ws/install/ecl_time_lite/lib:/home/embedded/ros2_ws/install/ecl_exceptions/lib:/home/embedded/ros2_ws/install/ecl_type_traits/lib:/home/embedded/ros2_ws/install/ecl_errors/lib:${LD_LIBRARY_PATH} PATH=/home/embedded/ros2_ws/install/ecl_type_traits/bin:/home/embedded/ros2_ws/install/ecl_config/bin:${PATH} /usr/bin/cmake --build /home/embedded/ros2_ws/build/ecl_ipc -- -j4 -l4
[2.774s] [  7%] [32mBuilding CXX object src/lib/CMakeFiles/ecl_ipc.dir/semaphore_pos.cpp.o[0m
[3.426s] [ 15%] [32mBuilding CXX object src/lib/CMakeFiles/ecl_ipc.dir/shared_memory_pos.cpp.o[0m
[4.032s] [ 23%] [32m[1mLinking CXX shared library libecl_ipc.so[0m
[4.283s] [ 23%] Built target ecl_ipc
[4.334s] [ 30%] [32mBuilding CXX object gtest/CMakeFiles/gtest.dir/src/gtest-all.cc.o[0m
[13.770s] [ 38%] [32m[1mLinking CXX static library libgtest.a[0m
[14.052s] [ 38%] Built target gtest
[14.118s] [ 46%] [32mBuilding CXX object gtest/CMakeFiles/gtest_main.dir/src/gtest_main.cc.o[0m
[15.681s] [ 53%] [32m[1mLinking CXX static library libgtest_main.a[0m
[15.774s] [ 53%] Built target gtest_main
[15.829s] [ 61%] [32mBuilding CXX object src/test/CMakeFiles/ecl_test_shared_memory.dir/shared_memory.cpp.o[0m
[17.626s] [ 69%] [32m[1mLinking CXX executable ecl_test_shared_memory[0m
[18.002s] [ 69%] Built target ecl_test_shared_memory
[18.061s] [ 76%] [32mBuilding CXX object src/test/CMakeFiles/ecl_test_semaphores_timed.dir/semaphores_timed.cpp.o[0m
[19.944s] [ 84%] [32m[1mLinking CXX executable ecl_test_semaphores_timed[0m
[20.305s] [ 84%] Built target ecl_test_semaphores_timed
[20.364s] [ 92%] [32mBuilding CXX object src/test/CMakeFiles/ecl_test_semaphores.dir/semaphores.cpp.o[0m
[22.093s] [100%] [32m[1mLinking CXX executable ecl_test_semaphores[0m
[22.559s] [100%] Built target ecl_test_semaphores
[22.600s] Invoked command in '/home/embedded/ros2_ws/build/ecl_ipc' returned '0': AMENT_PREFIX_PATH=/home/embedded/ros2_ws/install/ecl_threads:/home/embedded/ros2_ws/install/ecl_utilities:/home/embedded/ros2_ws/install/ecl_time:/home/embedded/ros2_ws/install/ecl_time_lite:/home/embedded/ros2_ws/install/ecl_exceptions:/home/embedded/ros2_ws/install/ecl_concepts:/home/embedded/ros2_ws/install/ecl_type_traits:/home/embedded/ros2_ws/install/ecl_errors:/home/embedded/ros2_ws/install/ecl_mpl:/home/embedded/ros2_ws/install/ecl_config:${AMENT_PREFIX_PATH} CMAKE_PREFIX_PATH=/home/embedded/ros2_ws/install/ecl_threads:/home/embedded/ros2_ws/install/ecl_utilities:/home/embedded/ros2_ws/install/ecl_time:/home/embedded/ros2_ws/install/ecl_time_lite:/home/embedded/ros2_ws/install/ecl_exceptions:/home/embedded/ros2_ws/install/ecl_concepts:/home/embedded/ros2_ws/install/ecl_type_traits:/home/embedded/ros2_ws/install/ecl_errors:/home/embedded/ros2_ws/install/ecl_mpl:/home/embedded/ros2_ws/install/ecl_config:/opt/ros/jazzy/opt/gz_sim_vendor:/opt/ros/jazzy/opt/gz_sensors_vendor:/opt/ros/jazzy/opt/gz_physics_vendor:/opt/ros/jazzy/opt/sdformat_vendor:/opt/ros/jazzy/opt/gz_gui_vendor:/opt/ros/jazzy/opt/gz_transport_vendor:/opt/ros/jazzy/opt/gz_rendering_vendor:/opt/ros/jazzy/opt/gz_plugin_vendor:/opt/ros/jazzy/opt/gz_fuel_tools_vendor:/opt/ros/jazzy/opt/gz_msgs_vendor:/opt/ros/jazzy/opt/gz_common_vendor:/opt/ros/jazzy/opt/gz_tools_vendor:/opt/ros/jazzy/opt/gz_ogre_next_vendor:/opt/ros/jazzy/opt/gz_dartsim_vendor:/opt/ros/jazzy/opt/gz_math_vendor:/opt/ros/jazzy/opt/gz_utils_vendor:/opt/ros/jazzy/opt/gz_cmake_vendor:/opt/ros/jazzy LD_LIBRARY_PATH=/home/embedded/ros2_ws/install/ecl_threads/lib:/home/embedded/ros2_ws/install/ecl_time/lib:/home/embedded/ros2_ws/install/ecl_time_lite/lib:/home/embedded/ros2_ws/install/ecl_exceptions/lib:/home/embedded/ros2_ws/install/ecl_type_traits/lib:/home/embedded/ros2_ws/install/ecl_errors/lib:${LD_LIBRARY_PATH} PATH=/home/embedded/ros2_ws/install/ecl_type_traits/bin:/home/embedded/ros2_ws/install/ecl_config/bin:${PATH} /usr/bin/cmake --build /home/embedded/ros2_ws/build/ecl_ipc -- -j4 -l4
[22.601s] Invoking command in '/home/embedded/ros2_ws/build/ecl_ipc': AMENT_PREFIX_PATH=/home/embedded/ros2_ws/install/ecl_threads:/home/embedded/ros2_ws/install/ecl_utilities:/home/embedded/ros2_ws/install/ecl_time:/home/embedded/ros2_ws/install/ecl_time_lite:/home/embedded/ros2_ws/install/ecl_exceptions:/home/embedded/ros2_ws/install/ecl_concepts:/home/embedded/ros2_ws/install/ecl_type_traits:/home/embedded/ros2_ws/install/ecl_errors:/home/embedded/ros2_ws/install/ecl_mpl:/home/embedded/ros2_ws/install/ecl_config:${AMENT_PREFIX_PATH} CMAKE_PREFIX_PATH=/home/embedded/ros2_ws/install/ecl_threads:/home/embedded/ros2_ws/install/ecl_utilities:/home/embedded/ros2_ws/install/ecl_time:/home/embedded/ros2_ws/install/ecl_time_lite:/home/embedded/ros2_ws/install/ecl_exceptions:/home/embedded/ros2_ws/install/ecl_concepts:/home/embedded/ros2_ws/install/ecl_type_traits:/home/embedded/ros2_ws/install/ecl_errors:/home/embedded/ros2_ws/install/ecl_mpl:/home/embedded/ros2_ws/install/ecl_config:/opt/ros/jazzy/opt/gz_sim_vendor:/opt/ros/jazzy/opt/gz_sensors_vendor:/opt/ros/jazzy/opt/gz_physics_vendor:/opt/ros/jazzy/opt/sdformat_vendor:/opt/ros/jazzy/opt/gz_gui_vendor:/opt/ros/jazzy/opt/gz_transport_vendor:/opt/ros/jazzy/opt/gz_rendering_vendor:/opt/ros/jazzy/opt/gz_plugin_vendor:/opt/ros/jazzy/opt/gz_fuel_tools_vendor:/opt/ros/jazzy/opt/gz_msgs_vendor:/opt/ros/jazzy/opt/gz_common_vendor:/opt/ros/jazzy/opt/gz_tools_vendor:/opt/ros/jazzy/opt/gz_ogre_next_vendor:/opt/ros/jazzy/opt/gz_dartsim_vendor:/opt/ros/jazzy/opt/gz_math_vendor:/opt/ros/jazzy/opt/gz_utils_vendor:/opt/ros/jazzy/opt/gz_cmake_vendor:/opt/ros/jazzy LD_LIBRARY_PATH=/home/embedded/ros2_ws/install/ecl_threads/lib:/home/embedded/ros2_ws/install/ecl_time/lib:/home/embedded/ros2_ws/install/ecl_time_lite/lib:/home/embedded/ros2_ws/install/ecl_exceptions/lib:/home/embedded/ros2_ws/install/ecl_type_traits/lib:/home/embedded/ros2_ws/install/ecl_errors/lib:${LD_LIBRARY_PATH} PATH=/home/embedded/ros2_ws/install/ecl_type_traits/bin:/home/embedded/ros2_ws/install/ecl_config/bin:${PATH} /usr/bin/cmake --install /home/embedded/ros2_ws/build/ecl_ipc
[22.628s] -- Install configuration: ""
[22.633s] -- Execute custom install script
[22.634s] -- Symlinking: /home/embedded/ros2_ws/install/ecl_ipc/include/ecl/ipc/semaphore.hpp
[22.674s] -- Symlinking: /home/embedded/ros2_ws/install/ecl_ipc/include/ecl/ipc/semaphore_pos.hpp
[22.699s] -- Symlinking: /home/embedded/ros2_ws/install/ecl_ipc/include/ecl/ipc/shared_memory.hpp
[22.729s] -- Symlinking: /home/embedded/ros2_ws/install/ecl_ipc/include/ecl/ipc/shared_memory_pos.hpp
[22.757s] -- Symlinking: /home/embedded/ros2_ws/install/ecl_ipc/include/ecl/ipc.hpp
[22.784s] -- Symlinking: /home/embedded/ros2_ws/install/ecl_ipc/share/ecl_ipc/environment/library_path.sh
[22.809s] -- Symlinking: /home/embedded/ros2_ws/install/ecl_ipc/share/ecl_ipc/environment/library_path.dsv
[22.839s] -- Symlinking: /home/embedded/ros2_ws/install/ecl_ipc/share/ament_index/resource_index/package_run_dependencies/ecl_ipc
[22.874s] -- Symlinking: /home/embedded/ros2_ws/install/ecl_ipc/share/ament_index/resource_index/parent_prefix_path/ecl_ipc
[22.905s] -- Symlinking: /home/embedded/ros2_ws/install/ecl_ipc/share/ecl_ipc/environment/ament_prefix_path.sh
[22.933s] -- Symlinking: /home/embedded/ros2_ws/install/ecl_ipc/share/ecl_ipc/environment/ament_prefix_path.dsv
[22.962s] -- Symlinking: /home/embedded/ros2_ws/install/ecl_ipc/share/ecl_ipc/environment/path.sh
[22.984s] -- Symlinking: /home/embedded/ros2_ws/install/ecl_ipc/share/ecl_ipc/environment/path.dsv
[23.010s] -- Symlinking: /home/embedded/ros2_ws/install/ecl_ipc/share/ecl_ipc/local_setup.bash
[23.036s] -- Symlinking: /home/embedded/ros2_ws/install/ecl_ipc/share/ecl_ipc/local_setup.sh
[23.063s] -- Symlinking: /home/embedded/ros2_ws/install/ecl_ipc/share/ecl_ipc/local_setup.zsh
[23.089s] -- Symlinking: /home/embedded/ros2_ws/install/ecl_ipc/share/ecl_ipc/local_setup.dsv
[23.112s] -- Symlinking: /home/embedded/ros2_ws/install/ecl_ipc/share/ecl_ipc/package.dsv
[23.152s] -- Symlinking: /home/embedded/ros2_ws/install/ecl_ipc/share/ament_index/resource_index/packages/ecl_ipc
[23.182s] -- Symlinking: /home/embedded/ros2_ws/install/ecl_ipc/share/ecl_ipc/cmake/ament_cmake_export_targets-extras.cmake
[23.209s] -- Symlinking: /home/embedded/ros2_ws/install/ecl_ipc/share/ecl_ipc/cmake/ament_cmake_export_include_directories-extras.cmake
[23.237s] -- Symlinking: /home/embedded/ros2_ws/install/ecl_ipc/share/ecl_ipc/cmake/ament_cmake_export_libraries-extras.cmake
[23.269s] -- Symlinking: /home/embedded/ros2_ws/install/ecl_ipc/share/ecl_ipc/cmake/ament_cmake_export_dependencies-extras.cmake
[23.291s] -- Symlinking: /home/embedded/ros2_ws/install/ecl_ipc/share/ecl_ipc/cmake/ecl_ipcConfig.cmake
[23.325s] -- Symlinking: /home/embedded/ros2_ws/install/ecl_ipc/share/ecl_ipc/cmake/ecl_ipcConfig-version.cmake
[23.353s] -- Symlinking: /home/embedded/ros2_ws/install/ecl_ipc/share/ecl_ipc/package.xml
[23.378s] -- Installing: /home/embedded/ros2_ws/install/ecl_ipc/share/ecl_ipc/cmake/ecl_ipcExport.cmake
[23.382s] -- Installing: /home/embedded/ros2_ws/install/ecl_ipc/share/ecl_ipc/cmake/ecl_ipcExport-noconfig.cmake
[23.382s] -- Installing: /home/embedded/ros2_ws/install/ecl_ipc/lib/libecl_ipc.so.1.2.1
[23.385s] -- Set non-toolchain portion of runtime path of "/home/embedded/ros2_ws/install/ecl_ipc/lib/libecl_ipc.so.1.2.1" to ""
[23.387s] -- Installing: /home/embedded/ros2_ws/install/ecl_ipc/lib/libecl_ipc.so
[23.399s] Invoked command in '/home/embedded/ros2_ws/build/ecl_ipc' returned '0': AMENT_PREFIX_PATH=/home/embedded/ros2_ws/install/ecl_threads:/home/embedded/ros2_ws/install/ecl_utilities:/home/embedded/ros2_ws/install/ecl_time:/home/embedded/ros2_ws/install/ecl_time_lite:/home/embedded/ros2_ws/install/ecl_exceptions:/home/embedded/ros2_ws/install/ecl_concepts:/home/embedded/ros2_ws/install/ecl_type_traits:/home/embedded/ros2_ws/install/ecl_errors:/home/embedded/ros2_ws/install/ecl_mpl:/home/embedded/ros2_ws/install/ecl_config:${AMENT_PREFIX_PATH} CMAKE_PREFIX_PATH=/home/embedded/ros2_ws/install/ecl_threads:/home/embedded/ros2_ws/install/ecl_utilities:/home/embedded/ros2_ws/install/ecl_time:/home/embedded/ros2_ws/install/ecl_time_lite:/home/embedded/ros2_ws/install/ecl_exceptions:/home/embedded/ros2_ws/install/ecl_concepts:/home/embedded/ros2_ws/install/ecl_type_traits:/home/embedded/ros2_ws/install/ecl_errors:/home/embedded/ros2_ws/install/ecl_mpl:/home/embedded/ros2_ws/install/ecl_config:/opt/ros/jazzy/opt/gz_sim_vendor:/opt/ros/jazzy/opt/gz_sensors_vendor:/opt/ros/jazzy/opt/gz_physics_vendor:/opt/ros/jazzy/opt/sdformat_vendor:/opt/ros/jazzy/opt/gz_gui_vendor:/opt/ros/jazzy/opt/gz_transport_vendor:/opt/ros/jazzy/opt/gz_rendering_vendor:/opt/ros/jazzy/opt/gz_plugin_vendor:/opt/ros/jazzy/opt/gz_fuel_tools_vendor:/opt/ros/jazzy/opt/gz_msgs_vendor:/opt/ros/jazzy/opt/gz_common_vendor:/opt/ros/jazzy/opt/gz_tools_vendor:/opt/ros/jazzy/opt/gz_ogre_next_vendor:/opt/ros/jazzy/opt/gz_dartsim_vendor:/opt/ros/jazzy/opt/gz_math_vendor:/opt/ros/jazzy/opt/gz_utils_vendor:/opt/ros/jazzy/opt/gz_cmake_vendor:/opt/ros/jazzy LD_LIBRARY_PATH=/home/embedded/ros2_ws/install/ecl_threads/lib:/home/embedded/ros2_ws/install/ecl_time/lib:/home/embedded/ros2_ws/install/ecl_time_lite/lib:/home/embedded/ros2_ws/install/ecl_exceptions/lib:/home/embedded/ros2_ws/install/ecl_type_traits/lib:/home/embedded/ros2_ws/install/ecl_errors/lib:${LD_LIBRARY_PATH} PATH=/home/embedded/ros2_ws/install/ecl_type_traits/bin:/home/embedded/ros2_ws/install/ecl_config/bin:${PATH} /usr/bin/cmake --install /home/embedded/ros2_ws/build/ecl_ipc
