[0.064s] Invoking command in '/home/embedded/ros2_ws/build/ecl_threads': AMENT_PREFIX_PATH=/home/embedded/ros2_ws/install/ecl_utilities:/home/embedded/ros2_ws/install/ecl_time:/home/embedded/ros2_ws/install/ecl_time_lite:/home/embedded/ros2_ws/install/ecl_exceptions:/home/embedded/ros2_ws/install/ecl_concepts:/home/embedded/ros2_ws/install/ecl_type_traits:/home/embedded/ros2_ws/install/ecl_errors:/home/embedded/ros2_ws/install/ecl_mpl:/home/embedded/ros2_ws/install/ecl_config:${AMENT_PREFIX_PATH} CMAKE_PREFIX_PATH=/home/embedded/ros2_ws/install/ecl_utilities:/home/embedded/ros2_ws/install/ecl_time:/home/embedded/ros2_ws/install/ecl_time_lite:/home/embedded/ros2_ws/install/ecl_exceptions:/home/embedded/ros2_ws/install/ecl_concepts:/home/embedded/ros2_ws/install/ecl_type_traits:/home/embedded/ros2_ws/install/ecl_errors:/home/embedded/ros2_ws/install/ecl_mpl:/home/embedded/ros2_ws/install/ecl_config:/opt/ros/jazzy/opt/gz_sim_vendor:/opt/ros/jazzy/opt/gz_sensors_vendor:/opt/ros/jazzy/opt/gz_physics_vendor:/opt/ros/jazzy/opt/sdformat_vendor:/opt/ros/jazzy/opt/gz_gui_vendor:/opt/ros/jazzy/opt/gz_transport_vendor:/opt/ros/jazzy/opt/gz_rendering_vendor:/opt/ros/jazzy/opt/gz_plugin_vendor:/opt/ros/jazzy/opt/gz_fuel_tools_vendor:/opt/ros/jazzy/opt/gz_msgs_vendor:/opt/ros/jazzy/opt/gz_common_vendor:/opt/ros/jazzy/opt/gz_tools_vendor:/opt/ros/jazzy/opt/gz_ogre_next_vendor:/opt/ros/jazzy/opt/gz_dartsim_vendor:/opt/ros/jazzy/opt/gz_math_vendor:/opt/ros/jazzy/opt/gz_utils_vendor:/opt/ros/jazzy/opt/gz_cmake_vendor:/opt/ros/jazzy LD_LIBRARY_PATH=/home/embedded/ros2_ws/install/ecl_time/lib:/home/embedded/ros2_ws/install/ecl_time_lite/lib:/home/embedded/ros2_ws/install/ecl_exceptions/lib:/home/embedded/ros2_ws/install/ecl_type_traits/lib:/home/embedded/ros2_ws/install/ecl_errors/lib:${LD_LIBRARY_PATH} PATH=/home/embedded/ros2_ws/install/ecl_type_traits/bin:/home/embedded/ros2_ws/install/ecl_config/bin:${PATH} /usr/bin/cmake /home/embedded/ros2_ws/src/ThirdParty/ecl/ecl_core/ecl_threads -DAMENT_CMAKE_SYMLINK_INSTALL=1 -DCMAKE_INSTALL_PREFIX=/home/embedded/ros2_ws/install/ecl_threads
[0.234s] -- The C compiler identification is GNU 13.3.0
[0.387s] -- The CXX compiler identification is GNU 13.3.0
[0.423s] -- Detecting C compiler ABI info
[0.659s] -- Detecting C compiler ABI info - done
[0.682s] -- Check for working C compiler: /usr/bin/cc - skipped
[0.683s] -- Detecting C compile features
[0.686s] -- Detecting C compile features - done
[0.706s] -- Detecting CXX compiler ABI info
[0.971s] -- Detecting CXX compiler ABI info - done
[0.995s] -- Check for working CXX compiler: /usr/bin/c++ - skipped
[0.996s] -- Detecting CXX compile features
[0.998s] -- Detecting CXX compile features - done
[1.011s] -- Found ament_cmake_ros: 0.12.0 (/opt/ros/jazzy/share/ament_cmake_ros/cmake)
[1.532s] -- Found Python3: /usr/bin/python3 (found version "3.12.3") found components: Interpreter 
[1.746s] -- Override CMake install command with custom implementation using symlinks instead of copying resources
[1.922s] -- Found ecl_build: 1.0.3 (/opt/ros/jazzy/share/ecl_build/cmake)
[1.929s] [0mCMake Deprecation Warning at /opt/ros/jazzy/share/ecl_build/cmake/cotire.cmake:45 (cmake_minimum_required):
[1.929s]   Compatibility with CMake < 3.5 will be removed from a future version of
[1.929s]   CMake.
[1.929s] 
[1.929s]   Update the VERSION argument <min> value or use a ...<max> suffix to tell
[1.930s]   CMake that the project does not need compatibility with older versions.
[1.930s] Call Stack (most recent call first):
[1.930s]   /opt/ros/jazzy/share/ecl_build/cmake/ecl_buildConfig.cmake:41 (include)
[1.930s]   CMakeLists.txt:17 (find_package)
[1.930s] 
[1.930s] [0m
[1.937s] -- Found ecl_config: 1.2.0 (/home/embedded/ros2_ws/install/ecl_config/share/ecl_config/cmake)
[1.939s] -- Found ecl_errors: 1.2.0 (/home/embedded/ros2_ws/install/ecl_errors/share/ecl_errors/cmake)
[1.946s] -- Found ecl_concepts: 1.2.1 (/home/embedded/ros2_ws/install/ecl_concepts/share/ecl_concepts/cmake)
[1.961s] -- Found ecl_exceptions: 1.2.1 (/home/embedded/ros2_ws/install/ecl_exceptions/share/ecl_exceptions/cmake)
[1.971s] -- Found ecl_time: 1.2.1 (/home/embedded/ros2_ws/install/ecl_time/share/ecl_time/cmake)
[1.979s] -- Found ecl_utilities: 1.2.1 (/home/embedded/ros2_ws/install/ecl_utilities/share/ecl_utilities/cmake)
[2.494s] -- Performing Test CMAKE_HAVE_LIBC_PTHREAD
[3.057s] -- Performing Test CMAKE_HAVE_LIBC_PTHREAD - Success
[3.062s] -- Found Threads: TRUE  
[3.118s] -- Found ament_lint_auto: 0.17.2 (/opt/ros/jazzy/share/ament_lint_auto/cmake)
[3.326s] -- Found gtest sources under '/opt/ros/jazzy/src/gtest_vendor': C++ tests using 'Google Test' will be built
[3.423s] -- Configuring done (3.3s)
[3.548s] -- Generating done (0.1s)
[3.594s] -- Build files have been written to: /home/embedded/ros2_ws/build/ecl_threads
[3.636s] Invoked command in '/home/embedded/ros2_ws/build/ecl_threads' returned '0': AMENT_PREFIX_PATH=/home/embedded/ros2_ws/install/ecl_utilities:/home/embedded/ros2_ws/install/ecl_time:/home/embedded/ros2_ws/install/ecl_time_lite:/home/embedded/ros2_ws/install/ecl_exceptions:/home/embedded/ros2_ws/install/ecl_concepts:/home/embedded/ros2_ws/install/ecl_type_traits:/home/embedded/ros2_ws/install/ecl_errors:/home/embedded/ros2_ws/install/ecl_mpl:/home/embedded/ros2_ws/install/ecl_config:${AMENT_PREFIX_PATH} CMAKE_PREFIX_PATH=/home/embedded/ros2_ws/install/ecl_utilities:/home/embedded/ros2_ws/install/ecl_time:/home/embedded/ros2_ws/install/ecl_time_lite:/home/embedded/ros2_ws/install/ecl_exceptions:/home/embedded/ros2_ws/install/ecl_concepts:/home/embedded/ros2_ws/install/ecl_type_traits:/home/embedded/ros2_ws/install/ecl_errors:/home/embedded/ros2_ws/install/ecl_mpl:/home/embedded/ros2_ws/install/ecl_config:/opt/ros/jazzy/opt/gz_sim_vendor:/opt/ros/jazzy/opt/gz_sensors_vendor:/opt/ros/jazzy/opt/gz_physics_vendor:/opt/ros/jazzy/opt/sdformat_vendor:/opt/ros/jazzy/opt/gz_gui_vendor:/opt/ros/jazzy/opt/gz_transport_vendor:/opt/ros/jazzy/opt/gz_rendering_vendor:/opt/ros/jazzy/opt/gz_plugin_vendor:/opt/ros/jazzy/opt/gz_fuel_tools_vendor:/opt/ros/jazzy/opt/gz_msgs_vendor:/opt/ros/jazzy/opt/gz_common_vendor:/opt/ros/jazzy/opt/gz_tools_vendor:/opt/ros/jazzy/opt/gz_ogre_next_vendor:/opt/ros/jazzy/opt/gz_dartsim_vendor:/opt/ros/jazzy/opt/gz_math_vendor:/opt/ros/jazzy/opt/gz_utils_vendor:/opt/ros/jazzy/opt/gz_cmake_vendor:/opt/ros/jazzy LD_LIBRARY_PATH=/home/embedded/ros2_ws/install/ecl_time/lib:/home/embedded/ros2_ws/install/ecl_time_lite/lib:/home/embedded/ros2_ws/install/ecl_exceptions/lib:/home/embedded/ros2_ws/install/ecl_type_traits/lib:/home/embedded/ros2_ws/install/ecl_errors/lib:${LD_LIBRARY_PATH} PATH=/home/embedded/ros2_ws/install/ecl_type_traits/bin:/home/embedded/ros2_ws/install/ecl_config/bin:${PATH} /usr/bin/cmake /home/embedded/ros2_ws/src/ThirdParty/ecl/ecl_core/ecl_threads -DAMENT_CMAKE_SYMLINK_INSTALL=1 -DCMAKE_INSTALL_PREFIX=/home/embedded/ros2_ws/install/ecl_threads
[3.637s] Invoking command in '/home/embedded/ros2_ws/build/ecl_threads': AMENT_PREFIX_PATH=/home/embedded/ros2_ws/install/ecl_utilities:/home/embedded/ros2_ws/install/ecl_time:/home/embedded/ros2_ws/install/ecl_time_lite:/home/embedded/ros2_ws/install/ecl_exceptions:/home/embedded/ros2_ws/install/ecl_concepts:/home/embedded/ros2_ws/install/ecl_type_traits:/home/embedded/ros2_ws/install/ecl_errors:/home/embedded/ros2_ws/install/ecl_mpl:/home/embedded/ros2_ws/install/ecl_config:${AMENT_PREFIX_PATH} CMAKE_PREFIX_PATH=/home/embedded/ros2_ws/install/ecl_utilities:/home/embedded/ros2_ws/install/ecl_time:/home/embedded/ros2_ws/install/ecl_time_lite:/home/embedded/ros2_ws/install/ecl_exceptions:/home/embedded/ros2_ws/install/ecl_concepts:/home/embedded/ros2_ws/install/ecl_type_traits:/home/embedded/ros2_ws/install/ecl_errors:/home/embedded/ros2_ws/install/ecl_mpl:/home/embedded/ros2_ws/install/ecl_config:/opt/ros/jazzy/opt/gz_sim_vendor:/opt/ros/jazzy/opt/gz_sensors_vendor:/opt/ros/jazzy/opt/gz_physics_vendor:/opt/ros/jazzy/opt/sdformat_vendor:/opt/ros/jazzy/opt/gz_gui_vendor:/opt/ros/jazzy/opt/gz_transport_vendor:/opt/ros/jazzy/opt/gz_rendering_vendor:/opt/ros/jazzy/opt/gz_plugin_vendor:/opt/ros/jazzy/opt/gz_fuel_tools_vendor:/opt/ros/jazzy/opt/gz_msgs_vendor:/opt/ros/jazzy/opt/gz_common_vendor:/opt/ros/jazzy/opt/gz_tools_vendor:/opt/ros/jazzy/opt/gz_ogre_next_vendor:/opt/ros/jazzy/opt/gz_dartsim_vendor:/opt/ros/jazzy/opt/gz_math_vendor:/opt/ros/jazzy/opt/gz_utils_vendor:/opt/ros/jazzy/opt/gz_cmake_vendor:/opt/ros/jazzy LD_LIBRARY_PATH=/home/embedded/ros2_ws/install/ecl_time/lib:/home/embedded/ros2_ws/install/ecl_time_lite/lib:/home/embedded/ros2_ws/install/ecl_exceptions/lib:/home/embedded/ros2_ws/install/ecl_type_traits/lib:/home/embedded/ros2_ws/install/ecl_errors/lib:${LD_LIBRARY_PATH} PATH=/home/embedded/ros2_ws/install/ecl_type_traits/bin:/home/embedded/ros2_ws/install/ecl_config/bin:${PATH} /usr/bin/cmake --build /home/embedded/ros2_ws/build/ecl_threads -- -j4 -l4
[3.976s] [  4%] [32mBuilding CXX object src/lib/CMakeFiles/ecl_threads.dir/mutex_w32.cpp.o[0m
[3.979s] [  8%] [32mBuilding CXX object src/lib/CMakeFiles/ecl_threads.dir/mutex_pos.cpp.o[0m
[4.004s] [ 13%] [32mBuilding CXX object gtest/CMakeFiles/gtest_main.dir/src/gtest_main.cc.o[0m
[4.016s] [ 17%] [32mBuilding CXX object gtest/CMakeFiles/gtest.dir/src/gtest-all.cc.o[0m
[4.171s] [ 21%] [32mBuilding CXX object src/lib/CMakeFiles/ecl_threads.dir/priority_pos.cpp.o[0m
[6.103s] [ 26%] [32mBuilding CXX object src/lib/CMakeFiles/ecl_threads.dir/priority_win.cpp.o[0m
[6.217s] [ 30%] [32mBuilding CXX object src/lib/CMakeFiles/ecl_threads.dir/thread_pos.cpp.o[0m
[6.589s] [ 34%] [32mBuilding CXX object src/lib/CMakeFiles/ecl_threads.dir/thread_win.cpp.o[0m
[8.629s] [ 39%] [32m[1mLinking CXX shared library libecl_threads.so[0m
[8.968s] [ 43%] [32m[1mLinking CXX static library libgtest_main.a[0m
[9.069s] [ 43%] Built target ecl_threads
[9.182s] [ 43%] Built target gtest_main
[9.190s] [ 47%] [32mBuilding CXX object src/examples/CMakeFiles/ecl_demo_mutex.dir/mutex.cpp.o[0m
[9.224s] [ 52%] [32mBuilding CXX object src/examples/CMakeFiles/ecl_demo_thread.dir/thread.cpp.o[0m
[10.529s] [ 56%] [32m[1mLinking CXX executable demo_mutex[0m
[10.982s] [ 56%] Built target ecl_demo_mutex
[11.328s] [ 60%] [32m[1mLinking CXX executable demo_thread[0m
[11.905s] [ 60%] Built target ecl_demo_thread
[23.389s] [ 65%] [32m[1mLinking CXX static library libgtest.a[0m
[23.809s] [ 65%] Built target gtest
[23.935s] [ 69%] [32mBuilding CXX object src/test/CMakeFiles/ecl_test_mutex.dir/mutex.cpp.o[0m
[27.377s] [ 73%] [32m[1mLinking CXX executable ecl_test_mutex[0m
[27.922s] [ 73%] Built target ecl_test_mutex
[28.045s] [ 78%] [32mBuilding CXX object src/test/CMakeFiles/ecl_test_threads.dir/threads.cpp.o[0m
[30.987s] [ 82%] [32m[1mLinking CXX executable ecl_test_threads[0m
[31.565s] [ 82%] Built target ecl_test_threads
[31.690s] [ 86%] [32mBuilding CXX object src/test/CMakeFiles/ecl_test_threadable.dir/threadable.cpp.o[0m
[33.683s] [ 91%] [32m[1mLinking CXX executable ecl_test_threadable[0m
[34.029s] [ 91%] Built target ecl_test_threadable
[34.086s] [ 95%] [32mBuilding CXX object src/test/CMakeFiles/ecl_test_priorities.dir/priorities.cpp.o[0m
[35.945s] [100%] [32m[1mLinking CXX executable ecl_test_priorities[0m
[36.332s] [100%] Built target ecl_test_priorities
[36.391s] Invoked command in '/home/embedded/ros2_ws/build/ecl_threads' returned '0': AMENT_PREFIX_PATH=/home/embedded/ros2_ws/install/ecl_utilities:/home/embedded/ros2_ws/install/ecl_time:/home/embedded/ros2_ws/install/ecl_time_lite:/home/embedded/ros2_ws/install/ecl_exceptions:/home/embedded/ros2_ws/install/ecl_concepts:/home/embedded/ros2_ws/install/ecl_type_traits:/home/embedded/ros2_ws/install/ecl_errors:/home/embedded/ros2_ws/install/ecl_mpl:/home/embedded/ros2_ws/install/ecl_config:${AMENT_PREFIX_PATH} CMAKE_PREFIX_PATH=/home/embedded/ros2_ws/install/ecl_utilities:/home/embedded/ros2_ws/install/ecl_time:/home/embedded/ros2_ws/install/ecl_time_lite:/home/embedded/ros2_ws/install/ecl_exceptions:/home/embedded/ros2_ws/install/ecl_concepts:/home/embedded/ros2_ws/install/ecl_type_traits:/home/embedded/ros2_ws/install/ecl_errors:/home/embedded/ros2_ws/install/ecl_mpl:/home/embedded/ros2_ws/install/ecl_config:/opt/ros/jazzy/opt/gz_sim_vendor:/opt/ros/jazzy/opt/gz_sensors_vendor:/opt/ros/jazzy/opt/gz_physics_vendor:/opt/ros/jazzy/opt/sdformat_vendor:/opt/ros/jazzy/opt/gz_gui_vendor:/opt/ros/jazzy/opt/gz_transport_vendor:/opt/ros/jazzy/opt/gz_rendering_vendor:/opt/ros/jazzy/opt/gz_plugin_vendor:/opt/ros/jazzy/opt/gz_fuel_tools_vendor:/opt/ros/jazzy/opt/gz_msgs_vendor:/opt/ros/jazzy/opt/gz_common_vendor:/opt/ros/jazzy/opt/gz_tools_vendor:/opt/ros/jazzy/opt/gz_ogre_next_vendor:/opt/ros/jazzy/opt/gz_dartsim_vendor:/opt/ros/jazzy/opt/gz_math_vendor:/opt/ros/jazzy/opt/gz_utils_vendor:/opt/ros/jazzy/opt/gz_cmake_vendor:/opt/ros/jazzy LD_LIBRARY_PATH=/home/embedded/ros2_ws/install/ecl_time/lib:/home/embedded/ros2_ws/install/ecl_time_lite/lib:/home/embedded/ros2_ws/install/ecl_exceptions/lib:/home/embedded/ros2_ws/install/ecl_type_traits/lib:/home/embedded/ros2_ws/install/ecl_errors/lib:${LD_LIBRARY_PATH} PATH=/home/embedded/ros2_ws/install/ecl_type_traits/bin:/home/embedded/ros2_ws/install/ecl_config/bin:${PATH} /usr/bin/cmake --build /home/embedded/ros2_ws/build/ecl_threads -- -j4 -l4
[36.391s] Invoking command in '/home/embedded/ros2_ws/build/ecl_threads': AMENT_PREFIX_PATH=/home/embedded/ros2_ws/install/ecl_utilities:/home/embedded/ros2_ws/install/ecl_time:/home/embedded/ros2_ws/install/ecl_time_lite:/home/embedded/ros2_ws/install/ecl_exceptions:/home/embedded/ros2_ws/install/ecl_concepts:/home/embedded/ros2_ws/install/ecl_type_traits:/home/embedded/ros2_ws/install/ecl_errors:/home/embedded/ros2_ws/install/ecl_mpl:/home/embedded/ros2_ws/install/ecl_config:${AMENT_PREFIX_PATH} CMAKE_PREFIX_PATH=/home/embedded/ros2_ws/install/ecl_utilities:/home/embedded/ros2_ws/install/ecl_time:/home/embedded/ros2_ws/install/ecl_time_lite:/home/embedded/ros2_ws/install/ecl_exceptions:/home/embedded/ros2_ws/install/ecl_concepts:/home/embedded/ros2_ws/install/ecl_type_traits:/home/embedded/ros2_ws/install/ecl_errors:/home/embedded/ros2_ws/install/ecl_mpl:/home/embedded/ros2_ws/install/ecl_config:/opt/ros/jazzy/opt/gz_sim_vendor:/opt/ros/jazzy/opt/gz_sensors_vendor:/opt/ros/jazzy/opt/gz_physics_vendor:/opt/ros/jazzy/opt/sdformat_vendor:/opt/ros/jazzy/opt/gz_gui_vendor:/opt/ros/jazzy/opt/gz_transport_vendor:/opt/ros/jazzy/opt/gz_rendering_vendor:/opt/ros/jazzy/opt/gz_plugin_vendor:/opt/ros/jazzy/opt/gz_fuel_tools_vendor:/opt/ros/jazzy/opt/gz_msgs_vendor:/opt/ros/jazzy/opt/gz_common_vendor:/opt/ros/jazzy/opt/gz_tools_vendor:/opt/ros/jazzy/opt/gz_ogre_next_vendor:/opt/ros/jazzy/opt/gz_dartsim_vendor:/opt/ros/jazzy/opt/gz_math_vendor:/opt/ros/jazzy/opt/gz_utils_vendor:/opt/ros/jazzy/opt/gz_cmake_vendor:/opt/ros/jazzy LD_LIBRARY_PATH=/home/embedded/ros2_ws/install/ecl_time/lib:/home/embedded/ros2_ws/install/ecl_time_lite/lib:/home/embedded/ros2_ws/install/ecl_exceptions/lib:/home/embedded/ros2_ws/install/ecl_type_traits/lib:/home/embedded/ros2_ws/install/ecl_errors/lib:${LD_LIBRARY_PATH} PATH=/home/embedded/ros2_ws/install/ecl_type_traits/bin:/home/embedded/ros2_ws/install/ecl_config/bin:${PATH} /usr/bin/cmake --install /home/embedded/ros2_ws/build/ecl_threads
[36.419s] -- Install configuration: ""
[36.419s] -- Execute custom install script
[36.419s] -- Symlinking: /home/embedded/ros2_ws/install/ecl_threads/include/ecl/threads/macros.hpp
[36.450s] -- Symlinking: /home/embedded/ros2_ws/install/ecl_threads/include/ecl/threads/mutex.hpp
[36.478s] -- Symlinking: /home/embedded/ros2_ws/install/ecl_threads/include/ecl/threads/mutex_pos.hpp
[36.505s] -- Symlinking: /home/embedded/ros2_ws/install/ecl_threads/include/ecl/threads/mutex_w32.hpp
[36.532s] -- Symlinking: /home/embedded/ros2_ws/install/ecl_threads/include/ecl/threads/priority.hpp
[36.562s] -- Symlinking: /home/embedded/ros2_ws/install/ecl_threads/include/ecl/threads/priority_common.hpp
[36.598s] -- Symlinking: /home/embedded/ros2_ws/install/ecl_threads/include/ecl/threads/priority_pos.hpp
[36.629s] -- Symlinking: /home/embedded/ros2_ws/install/ecl_threads/include/ecl/threads/priority_win.hpp
[36.652s] -- Symlinking: /home/embedded/ros2_ws/install/ecl_threads/include/ecl/threads/thread.hpp
[36.676s] -- Symlinking: /home/embedded/ros2_ws/install/ecl_threads/include/ecl/threads/thread_exceptions_pos.hpp
[36.706s] -- Symlinking: /home/embedded/ros2_ws/install/ecl_threads/include/ecl/threads/thread_pos.hpp
[36.730s] -- Symlinking: /home/embedded/ros2_ws/install/ecl_threads/include/ecl/threads/thread_win.hpp
[36.757s] -- Symlinking: /home/embedded/ros2_ws/install/ecl_threads/include/ecl/threads/threadable.hpp
[36.783s] -- Symlinking: /home/embedded/ros2_ws/install/ecl_threads/include/ecl/threads.hpp
[36.804s] -- Symlinking: /home/embedded/ros2_ws/install/ecl_threads/lib/ecl_threads/demo_thread
[36.828s] -- Symlinking: /home/embedded/ros2_ws/install/ecl_threads/lib/ecl_threads/demo_mutex
[36.853s] -- Symlinking: /home/embedded/ros2_ws/install/ecl_threads/share/ecl_threads/environment/library_path.sh
[36.874s] -- Symlinking: /home/embedded/ros2_ws/install/ecl_threads/share/ecl_threads/environment/library_path.dsv
[36.904s] -- Symlinking: /home/embedded/ros2_ws/install/ecl_threads/share/ament_index/resource_index/package_run_dependencies/ecl_threads
[36.928s] -- Symlinking: /home/embedded/ros2_ws/install/ecl_threads/share/ament_index/resource_index/parent_prefix_path/ecl_threads
[36.953s] -- Symlinking: /home/embedded/ros2_ws/install/ecl_threads/share/ecl_threads/environment/ament_prefix_path.sh
[36.979s] -- Symlinking: /home/embedded/ros2_ws/install/ecl_threads/share/ecl_threads/environment/ament_prefix_path.dsv
[37.004s] -- Symlinking: /home/embedded/ros2_ws/install/ecl_threads/share/ecl_threads/environment/path.sh
[37.028s] -- Symlinking: /home/embedded/ros2_ws/install/ecl_threads/share/ecl_threads/environment/path.dsv
[37.052s] -- Symlinking: /home/embedded/ros2_ws/install/ecl_threads/share/ecl_threads/local_setup.bash
[37.077s] -- Symlinking: /home/embedded/ros2_ws/install/ecl_threads/share/ecl_threads/local_setup.sh
[37.103s] -- Symlinking: /home/embedded/ros2_ws/install/ecl_threads/share/ecl_threads/local_setup.zsh
[37.130s] -- Symlinking: /home/embedded/ros2_ws/install/ecl_threads/share/ecl_threads/local_setup.dsv
[37.174s] -- Symlinking: /home/embedded/ros2_ws/install/ecl_threads/share/ecl_threads/package.dsv
[37.198s] -- Symlinking: /home/embedded/ros2_ws/install/ecl_threads/share/ament_index/resource_index/packages/ecl_threads
[37.221s] -- Symlinking: /home/embedded/ros2_ws/install/ecl_threads/share/ecl_threads/cmake/ecl_threads-extras.cmake
[37.248s] -- Symlinking: /home/embedded/ros2_ws/install/ecl_threads/share/ecl_threads/cmake/ament_cmake_export_targets-extras.cmake
[37.276s] -- Symlinking: /home/embedded/ros2_ws/install/ecl_threads/share/ecl_threads/cmake/ament_cmake_export_include_directories-extras.cmake
[37.321s] -- Symlinking: /home/embedded/ros2_ws/install/ecl_threads/share/ecl_threads/cmake/ament_cmake_export_libraries-extras.cmake
[37.344s] -- Symlinking: /home/embedded/ros2_ws/install/ecl_threads/share/ecl_threads/cmake/ament_cmake_export_dependencies-extras.cmake
[37.371s] -- Symlinking: /home/embedded/ros2_ws/install/ecl_threads/share/ecl_threads/cmake/ecl_threadsConfig.cmake
[37.401s] -- Symlinking: /home/embedded/ros2_ws/install/ecl_threads/share/ecl_threads/cmake/ecl_threadsConfig-version.cmake
[37.433s] -- Symlinking: /home/embedded/ros2_ws/install/ecl_threads/share/ecl_threads/package.xml
[37.456s] -- Installing: /home/embedded/ros2_ws/install/ecl_threads/share/ecl_threads/cmake/ecl_threadsExport.cmake
[37.457s] -- Installing: /home/embedded/ros2_ws/install/ecl_threads/share/ecl_threads/cmake/ecl_threadsExport-noconfig.cmake
[37.463s] -- Installing: /home/embedded/ros2_ws/install/ecl_threads/lib/libecl_threads.so.1.2.1
[37.463s] -- Set non-toolchain portion of runtime path of "/home/embedded/ros2_ws/install/ecl_threads/lib/libecl_threads.so.1.2.1" to ""
[37.463s] -- Installing: /home/embedded/ros2_ws/install/ecl_threads/lib/libecl_threads.so
[37.467s] Invoked command in '/home/embedded/ros2_ws/build/ecl_threads' returned '0': AMENT_PREFIX_PATH=/home/embedded/ros2_ws/install/ecl_utilities:/home/embedded/ros2_ws/install/ecl_time:/home/embedded/ros2_ws/install/ecl_time_lite:/home/embedded/ros2_ws/install/ecl_exceptions:/home/embedded/ros2_ws/install/ecl_concepts:/home/embedded/ros2_ws/install/ecl_type_traits:/home/embedded/ros2_ws/install/ecl_errors:/home/embedded/ros2_ws/install/ecl_mpl:/home/embedded/ros2_ws/install/ecl_config:${AMENT_PREFIX_PATH} CMAKE_PREFIX_PATH=/home/embedded/ros2_ws/install/ecl_utilities:/home/embedded/ros2_ws/install/ecl_time:/home/embedded/ros2_ws/install/ecl_time_lite:/home/embedded/ros2_ws/install/ecl_exceptions:/home/embedded/ros2_ws/install/ecl_concepts:/home/embedded/ros2_ws/install/ecl_type_traits:/home/embedded/ros2_ws/install/ecl_errors:/home/embedded/ros2_ws/install/ecl_mpl:/home/embedded/ros2_ws/install/ecl_config:/opt/ros/jazzy/opt/gz_sim_vendor:/opt/ros/jazzy/opt/gz_sensors_vendor:/opt/ros/jazzy/opt/gz_physics_vendor:/opt/ros/jazzy/opt/sdformat_vendor:/opt/ros/jazzy/opt/gz_gui_vendor:/opt/ros/jazzy/opt/gz_transport_vendor:/opt/ros/jazzy/opt/gz_rendering_vendor:/opt/ros/jazzy/opt/gz_plugin_vendor:/opt/ros/jazzy/opt/gz_fuel_tools_vendor:/opt/ros/jazzy/opt/gz_msgs_vendor:/opt/ros/jazzy/opt/gz_common_vendor:/opt/ros/jazzy/opt/gz_tools_vendor:/opt/ros/jazzy/opt/gz_ogre_next_vendor:/opt/ros/jazzy/opt/gz_dartsim_vendor:/opt/ros/jazzy/opt/gz_math_vendor:/opt/ros/jazzy/opt/gz_utils_vendor:/opt/ros/jazzy/opt/gz_cmake_vendor:/opt/ros/jazzy LD_LIBRARY_PATH=/home/embedded/ros2_ws/install/ecl_time/lib:/home/embedded/ros2_ws/install/ecl_time_lite/lib:/home/embedded/ros2_ws/install/ecl_exceptions/lib:/home/embedded/ros2_ws/install/ecl_type_traits/lib:/home/embedded/ros2_ws/install/ecl_errors/lib:${LD_LIBRARY_PATH} PATH=/home/embedded/ros2_ws/install/ecl_type_traits/bin:/home/embedded/ros2_ws/install/ecl_config/bin:${PATH} /usr/bin/cmake --install /home/embedded/ros2_ws/build/ecl_threads
