[ 20%] Built target ecl_statistics
[ 40%] Built target gtest
[ 60%] Built target gtest_main
[ 80%] Built target ecl_test_covariance_ellipsoids
[100%] Built target ecl_test_cumulative_statistics
-- Install configuration: ""
-- Execute custom install script
-- Symlinking: /home/embedded/ros2_ws/install/ecl_statistics/include/ecl/statistics/covariance_ellipsoid.hpp
-- Symlinking: /home/embedded/ros2_ws/install/ecl_statistics/include/ecl/statistics/cumulative_statistics.hpp
-- Symlinking: /home/embedded/ros2_ws/install/ecl_statistics/include/ecl/statistics.hpp
-- Symlinking: /home/embedded/ros2_ws/install/ecl_statistics/share/ecl_statistics/environment/library_path.sh
-- Symlinking: /home/embedded/ros2_ws/install/ecl_statistics/share/ecl_statistics/environment/library_path.dsv
-- Symlinking: /home/embedded/ros2_ws/install/ecl_statistics/share/ament_index/resource_index/package_run_dependencies/ecl_statistics
-- Symlinking: /home/embedded/ros2_ws/install/ecl_statistics/share/ament_index/resource_index/parent_prefix_path/ecl_statistics
-- Symlinking: /home/embedded/ros2_ws/install/ecl_statistics/share/ecl_statistics/environment/ament_prefix_path.sh
-- Symlinking: /home/embedded/ros2_ws/install/ecl_statistics/share/ecl_statistics/environment/ament_prefix_path.dsv
-- Symlinking: /home/embedded/ros2_ws/install/ecl_statistics/share/ecl_statistics/environment/path.sh
-- Symlinking: /home/embedded/ros2_ws/install/ecl_statistics/share/ecl_statistics/environment/path.dsv
-- Symlinking: /home/embedded/ros2_ws/install/ecl_statistics/share/ecl_statistics/local_setup.bash
-- Symlinking: /home/embedded/ros2_ws/install/ecl_statistics/share/ecl_statistics/local_setup.sh
-- Symlinking: /home/embedded/ros2_ws/install/ecl_statistics/share/ecl_statistics/local_setup.zsh
-- Symlinking: /home/embedded/ros2_ws/install/ecl_statistics/share/ecl_statistics/local_setup.dsv
-- Symlinking: /home/embedded/ros2_ws/install/ecl_statistics/share/ecl_statistics/package.dsv
-- Symlinking: /home/embedded/ros2_ws/install/ecl_statistics/share/ament_index/resource_index/packages/ecl_statistics
-- Symlinking: /home/embedded/ros2_ws/install/ecl_statistics/share/ecl_statistics/cmake/ament_cmake_export_targets-extras.cmake
-- Symlinking: /home/embedded/ros2_ws/install/ecl_statistics/share/ecl_statistics/cmake/ament_cmake_export_include_directories-extras.cmake
-- Symlinking: /home/embedded/ros2_ws/install/ecl_statistics/share/ecl_statistics/cmake/ament_cmake_export_libraries-extras.cmake
-- Symlinking: /home/embedded/ros2_ws/install/ecl_statistics/share/ecl_statistics/cmake/ament_cmake_export_dependencies-extras.cmake
-- Symlinking: /home/embedded/ros2_ws/install/ecl_statistics/share/ecl_statistics/cmake/ecl_statisticsConfig.cmake
-- Symlinking: /home/embedded/ros2_ws/install/ecl_statistics/share/ecl_statistics/cmake/ecl_statisticsConfig-version.cmake
-- Symlinking: /home/embedded/ros2_ws/install/ecl_statistics/share/ecl_statistics/package.xml
-- Installing: /home/embedded/ros2_ws/install/ecl_statistics/share/ecl_statistics/cmake/ecl_statisticsExport.cmake
-- Installing: /home/embedded/ros2_ws/install/ecl_statistics/share/ecl_statistics/cmake/ecl_statisticsExport-noconfig.cmake
-- Installing: /home/embedded/ros2_ws/install/ecl_statistics/lib/libecl_statistics.so.1.2.1
-- Set non-toolchain portion of runtime path of "/home/embedded/ros2_ws/install/ecl_statistics/lib/libecl_statistics.so.1.2.1" to ""
-- Installing: /home/embedded/ros2_ws/install/ecl_statistics/lib/libecl_statistics.so
