[0.075s] Invoking command in '/home/embedded/ros2_ws/build/ecl_math': AMENT_PREFIX_PATH=/home/embedded/ros2_ws/install/ecl_type_traits:/home/embedded/ros2_ws/install/ecl_mpl:/home/embedded/ros2_ws/install/ecl_config:${AMENT_PREFIX_PATH} CMAKE_PREFIX_PATH=/home/embedded/ros2_ws/install/ecl_type_traits:/home/embedded/ros2_ws/install/ecl_mpl:/home/embedded/ros2_ws/install/ecl_config:/opt/ros/jazzy/opt/gz_sim_vendor:/opt/ros/jazzy/opt/gz_sensors_vendor:/opt/ros/jazzy/opt/gz_physics_vendor:/opt/ros/jazzy/opt/sdformat_vendor:/opt/ros/jazzy/opt/gz_gui_vendor:/opt/ros/jazzy/opt/gz_transport_vendor:/opt/ros/jazzy/opt/gz_rendering_vendor:/opt/ros/jazzy/opt/gz_plugin_vendor:/opt/ros/jazzy/opt/gz_fuel_tools_vendor:/opt/ros/jazzy/opt/gz_msgs_vendor:/opt/ros/jazzy/opt/gz_common_vendor:/opt/ros/jazzy/opt/gz_tools_vendor:/opt/ros/jazzy/opt/gz_ogre_next_vendor:/opt/ros/jazzy/opt/gz_dartsim_vendor:/opt/ros/jazzy/opt/gz_math_vendor:/opt/ros/jazzy/opt/gz_utils_vendor:/opt/ros/jazzy/opt/gz_cmake_vendor:/opt/ros/jazzy LD_LIBRARY_PATH=/home/embedded/ros2_ws/install/ecl_type_traits/lib:${LD_LIBRARY_PATH} PATH=/home/embedded/ros2_ws/install/ecl_type_traits/bin:/home/embedded/ros2_ws/install/ecl_config/bin:${PATH} /usr/bin/cmake --build /home/embedded/ros2_ws/build/ecl_math -- -j4 -l4
[0.206s] [ 16%] Built target gtest_main
[0.229s] [ 33%] Built target gtest
[0.383s] [ 50%] Built target ecl_test_constants
[0.392s] [ 66%] Built target ecl_test_norms
[0.402s] [ 83%] Built target ecl_test_fuzzy
[0.404s] [100%] Built target ecl_test_simple
[0.488s] Invoked command in '/home/embedded/ros2_ws/build/ecl_math' returned '0': AMENT_PREFIX_PATH=/home/embedded/ros2_ws/install/ecl_type_traits:/home/embedded/ros2_ws/install/ecl_mpl:/home/embedded/ros2_ws/install/ecl_config:${AMENT_PREFIX_PATH} CMAKE_PREFIX_PATH=/home/embedded/ros2_ws/install/ecl_type_traits:/home/embedded/ros2_ws/install/ecl_mpl:/home/embedded/ros2_ws/install/ecl_config:/opt/ros/jazzy/opt/gz_sim_vendor:/opt/ros/jazzy/opt/gz_sensors_vendor:/opt/ros/jazzy/opt/gz_physics_vendor:/opt/ros/jazzy/opt/sdformat_vendor:/opt/ros/jazzy/opt/gz_gui_vendor:/opt/ros/jazzy/opt/gz_transport_vendor:/opt/ros/jazzy/opt/gz_rendering_vendor:/opt/ros/jazzy/opt/gz_plugin_vendor:/opt/ros/jazzy/opt/gz_fuel_tools_vendor:/opt/ros/jazzy/opt/gz_msgs_vendor:/opt/ros/jazzy/opt/gz_common_vendor:/opt/ros/jazzy/opt/gz_tools_vendor:/opt/ros/jazzy/opt/gz_ogre_next_vendor:/opt/ros/jazzy/opt/gz_dartsim_vendor:/opt/ros/jazzy/opt/gz_math_vendor:/opt/ros/jazzy/opt/gz_utils_vendor:/opt/ros/jazzy/opt/gz_cmake_vendor:/opt/ros/jazzy LD_LIBRARY_PATH=/home/embedded/ros2_ws/install/ecl_type_traits/lib:${LD_LIBRARY_PATH} PATH=/home/embedded/ros2_ws/install/ecl_type_traits/bin:/home/embedded/ros2_ws/install/ecl_config/bin:${PATH} /usr/bin/cmake --build /home/embedded/ros2_ws/build/ecl_math -- -j4 -l4
[0.493s] Invoking command in '/home/embedded/ros2_ws/build/ecl_math': AMENT_PREFIX_PATH=/home/embedded/ros2_ws/install/ecl_type_traits:/home/embedded/ros2_ws/install/ecl_mpl:/home/embedded/ros2_ws/install/ecl_config:${AMENT_PREFIX_PATH} CMAKE_PREFIX_PATH=/home/embedded/ros2_ws/install/ecl_type_traits:/home/embedded/ros2_ws/install/ecl_mpl:/home/embedded/ros2_ws/install/ecl_config:/opt/ros/jazzy/opt/gz_sim_vendor:/opt/ros/jazzy/opt/gz_sensors_vendor:/opt/ros/jazzy/opt/gz_physics_vendor:/opt/ros/jazzy/opt/sdformat_vendor:/opt/ros/jazzy/opt/gz_gui_vendor:/opt/ros/jazzy/opt/gz_transport_vendor:/opt/ros/jazzy/opt/gz_rendering_vendor:/opt/ros/jazzy/opt/gz_plugin_vendor:/opt/ros/jazzy/opt/gz_fuel_tools_vendor:/opt/ros/jazzy/opt/gz_msgs_vendor:/opt/ros/jazzy/opt/gz_common_vendor:/opt/ros/jazzy/opt/gz_tools_vendor:/opt/ros/jazzy/opt/gz_ogre_next_vendor:/opt/ros/jazzy/opt/gz_dartsim_vendor:/opt/ros/jazzy/opt/gz_math_vendor:/opt/ros/jazzy/opt/gz_utils_vendor:/opt/ros/jazzy/opt/gz_cmake_vendor:/opt/ros/jazzy LD_LIBRARY_PATH=/home/embedded/ros2_ws/install/ecl_type_traits/lib:${LD_LIBRARY_PATH} PATH=/home/embedded/ros2_ws/install/ecl_type_traits/bin:/home/embedded/ros2_ws/install/ecl_config/bin:${PATH} /usr/bin/cmake --install /home/embedded/ros2_ws/build/ecl_math
[0.567s] -- Install configuration: ""
[0.567s] -- Execute custom install script
[0.581s] -- Up-to-date symlink: /home/embedded/ros2_ws/install/ecl_math/include/ecl/math/constants.hpp
[0.581s] -- Up-to-date symlink: /home/embedded/ros2_ws/install/ecl_math/include/ecl/math/fuzzy.hpp
[0.581s] -- Up-to-date symlink: /home/embedded/ros2_ws/install/ecl_math/include/ecl/math/norms.hpp
[0.582s] -- Up-to-date symlink: /home/embedded/ros2_ws/install/ecl_math/include/ecl/math/simple.hpp
[0.582s] -- Up-to-date symlink: /home/embedded/ros2_ws/install/ecl_math/include/ecl/math.hpp
[0.593s] -- Up-to-date symlink: /home/embedded/ros2_ws/install/ecl_math/share/ament_index/resource_index/package_run_dependencies/ecl_math
[0.595s] -- Up-to-date symlink: /home/embedded/ros2_ws/install/ecl_math/share/ament_index/resource_index/parent_prefix_path/ecl_math
[0.595s] -- Up-to-date symlink: /home/embedded/ros2_ws/install/ecl_math/share/ecl_math/environment/ament_prefix_path.sh
[0.595s] -- Up-to-date symlink: /home/embedded/ros2_ws/install/ecl_math/share/ecl_math/environment/ament_prefix_path.dsv
[0.595s] -- Up-to-date symlink: /home/embedded/ros2_ws/install/ecl_math/share/ecl_math/environment/path.sh
[0.595s] -- Up-to-date symlink: /home/embedded/ros2_ws/install/ecl_math/share/ecl_math/environment/path.dsv
[0.595s] -- Up-to-date symlink: /home/embedded/ros2_ws/install/ecl_math/share/ecl_math/local_setup.bash
[0.596s] -- Up-to-date symlink: /home/embedded/ros2_ws/install/ecl_math/share/ecl_math/local_setup.sh
[0.596s] -- Up-to-date symlink: /home/embedded/ros2_ws/install/ecl_math/share/ecl_math/local_setup.zsh
[0.610s] -- Up-to-date symlink: /home/embedded/ros2_ws/install/ecl_math/share/ecl_math/local_setup.dsv
[0.612s] -- Symlinking: /home/embedded/ros2_ws/install/ecl_math/share/ecl_math/package.dsv
[0.648s] -- Up-to-date symlink: /home/embedded/ros2_ws/install/ecl_math/share/ament_index/resource_index/packages/ecl_math
[0.648s] -- Up-to-date symlink: /home/embedded/ros2_ws/install/ecl_math/share/ecl_math/cmake/ament_cmake_export_targets-extras.cmake
[0.650s] -- Up-to-date symlink: /home/embedded/ros2_ws/install/ecl_math/share/ecl_math/cmake/ament_cmake_export_include_directories-extras.cmake
[0.653s] -- Up-to-date symlink: /home/embedded/ros2_ws/install/ecl_math/share/ecl_math/cmake/ament_cmake_export_dependencies-extras.cmake
[0.653s] -- Up-to-date symlink: /home/embedded/ros2_ws/install/ecl_math/share/ecl_math/cmake/ecl_mathConfig.cmake
[0.654s] -- Up-to-date symlink: /home/embedded/ros2_ws/install/ecl_math/share/ecl_math/cmake/ecl_mathConfig-version.cmake
[0.654s] -- Up-to-date symlink: /home/embedded/ros2_ws/install/ecl_math/share/ecl_math/package.xml
[0.657s] -- Up-to-date: /home/embedded/ros2_ws/install/ecl_math/share/ecl_math/cmake/ecl_mathExport.cmake
[0.676s] Invoked command in '/home/embedded/ros2_ws/build/ecl_math' returned '0': AMENT_PREFIX_PATH=/home/embedded/ros2_ws/install/ecl_type_traits:/home/embedded/ros2_ws/install/ecl_mpl:/home/embedded/ros2_ws/install/ecl_config:${AMENT_PREFIX_PATH} CMAKE_PREFIX_PATH=/home/embedded/ros2_ws/install/ecl_type_traits:/home/embedded/ros2_ws/install/ecl_mpl:/home/embedded/ros2_ws/install/ecl_config:/opt/ros/jazzy/opt/gz_sim_vendor:/opt/ros/jazzy/opt/gz_sensors_vendor:/opt/ros/jazzy/opt/gz_physics_vendor:/opt/ros/jazzy/opt/sdformat_vendor:/opt/ros/jazzy/opt/gz_gui_vendor:/opt/ros/jazzy/opt/gz_transport_vendor:/opt/ros/jazzy/opt/gz_rendering_vendor:/opt/ros/jazzy/opt/gz_plugin_vendor:/opt/ros/jazzy/opt/gz_fuel_tools_vendor:/opt/ros/jazzy/opt/gz_msgs_vendor:/opt/ros/jazzy/opt/gz_common_vendor:/opt/ros/jazzy/opt/gz_tools_vendor:/opt/ros/jazzy/opt/gz_ogre_next_vendor:/opt/ros/jazzy/opt/gz_dartsim_vendor:/opt/ros/jazzy/opt/gz_math_vendor:/opt/ros/jazzy/opt/gz_utils_vendor:/opt/ros/jazzy/opt/gz_cmake_vendor:/opt/ros/jazzy LD_LIBRARY_PATH=/home/embedded/ros2_ws/install/ecl_type_traits/lib:${LD_LIBRARY_PATH} PATH=/home/embedded/ros2_ws/install/ecl_type_traits/bin:/home/embedded/ros2_ws/install/ecl_config/bin:${PATH} /usr/bin/cmake --install /home/embedded/ros2_ws/build/ecl_math
