[0.055s] Invoking command in '/home/embedded/ros2_ws/build/ecl_time': AMENT_PREFIX_PATH=/home/embedded/ros2_ws/install/ecl_time_lite:/home/embedded/ros2_ws/install/ecl_exceptions:/home/embedded/ros2_ws/install/ecl_errors:/home/embedded/ros2_ws/install/ecl_config:${AMENT_PREFIX_PATH} CMAKE_PREFIX_PATH=/home/embedded/ros2_ws/install/ecl_time_lite:/home/embedded/ros2_ws/install/ecl_exceptions:/home/embedded/ros2_ws/install/ecl_errors:/home/embedded/ros2_ws/install/ecl_config:/opt/ros/jazzy/opt/gz_sim_vendor:/opt/ros/jazzy/opt/gz_sensors_vendor:/opt/ros/jazzy/opt/gz_physics_vendor:/opt/ros/jazzy/opt/sdformat_vendor:/opt/ros/jazzy/opt/gz_gui_vendor:/opt/ros/jazzy/opt/gz_transport_vendor:/opt/ros/jazzy/opt/gz_rendering_vendor:/opt/ros/jazzy/opt/gz_plugin_vendor:/opt/ros/jazzy/opt/gz_fuel_tools_vendor:/opt/ros/jazzy/opt/gz_msgs_vendor:/opt/ros/jazzy/opt/gz_common_vendor:/opt/ros/jazzy/opt/gz_tools_vendor:/opt/ros/jazzy/opt/gz_ogre_next_vendor:/opt/ros/jazzy/opt/gz_dartsim_vendor:/opt/ros/jazzy/opt/gz_math_vendor:/opt/ros/jazzy/opt/gz_utils_vendor:/opt/ros/jazzy/opt/gz_cmake_vendor:/opt/ros/jazzy LD_LIBRARY_PATH=/home/embedded/ros2_ws/install/ecl_time_lite/lib:/home/embedded/ros2_ws/install/ecl_exceptions/lib:/home/embedded/ros2_ws/install/ecl_errors/lib:${LD_LIBRARY_PATH} PATH=/home/embedded/ros2_ws/install/ecl_config/bin:${PATH} /usr/bin/cmake --build /home/embedded/ros2_ws/build/ecl_time -- -j4 -l4
[0.265s] [ 35%] Built target ecl_time
[0.271s] [ 41%] Built target gtest_main
[0.280s] [ 47%] Built target gtest
[0.404s] [ 52%] Built target ecl_time_example_random_number_generator
[0.406s] [ 58%] Built target ecl_time_example_sleep
[0.414s] [ 64%] Built target ecl_test_cpuwatch_rt
[0.421s] [ 70%] Built target ecl_test_frequency
[0.500s] [ 76%] Built target ecl_test_sleep
[0.514s] [ 82%] Built target ecl_test_timestamp
[0.522s] [ 88%] Built target ecl_test_snooze
[0.527s] [ 94%] Built target ecl_test_time_data
[0.573s] [100%] Built target ecl_test_stopwatch
[0.599s] Invoked command in '/home/embedded/ros2_ws/build/ecl_time' returned '0': AMENT_PREFIX_PATH=/home/embedded/ros2_ws/install/ecl_time_lite:/home/embedded/ros2_ws/install/ecl_exceptions:/home/embedded/ros2_ws/install/ecl_errors:/home/embedded/ros2_ws/install/ecl_config:${AMENT_PREFIX_PATH} CMAKE_PREFIX_PATH=/home/embedded/ros2_ws/install/ecl_time_lite:/home/embedded/ros2_ws/install/ecl_exceptions:/home/embedded/ros2_ws/install/ecl_errors:/home/embedded/ros2_ws/install/ecl_config:/opt/ros/jazzy/opt/gz_sim_vendor:/opt/ros/jazzy/opt/gz_sensors_vendor:/opt/ros/jazzy/opt/gz_physics_vendor:/opt/ros/jazzy/opt/sdformat_vendor:/opt/ros/jazzy/opt/gz_gui_vendor:/opt/ros/jazzy/opt/gz_transport_vendor:/opt/ros/jazzy/opt/gz_rendering_vendor:/opt/ros/jazzy/opt/gz_plugin_vendor:/opt/ros/jazzy/opt/gz_fuel_tools_vendor:/opt/ros/jazzy/opt/gz_msgs_vendor:/opt/ros/jazzy/opt/gz_common_vendor:/opt/ros/jazzy/opt/gz_tools_vendor:/opt/ros/jazzy/opt/gz_ogre_next_vendor:/opt/ros/jazzy/opt/gz_dartsim_vendor:/opt/ros/jazzy/opt/gz_math_vendor:/opt/ros/jazzy/opt/gz_utils_vendor:/opt/ros/jazzy/opt/gz_cmake_vendor:/opt/ros/jazzy LD_LIBRARY_PATH=/home/embedded/ros2_ws/install/ecl_time_lite/lib:/home/embedded/ros2_ws/install/ecl_exceptions/lib:/home/embedded/ros2_ws/install/ecl_errors/lib:${LD_LIBRARY_PATH} PATH=/home/embedded/ros2_ws/install/ecl_config/bin:${PATH} /usr/bin/cmake --build /home/embedded/ros2_ws/build/ecl_time -- -j4 -l4
[0.599s] Invoking command in '/home/embedded/ros2_ws/build/ecl_time': AMENT_PREFIX_PATH=/home/embedded/ros2_ws/install/ecl_time_lite:/home/embedded/ros2_ws/install/ecl_exceptions:/home/embedded/ros2_ws/install/ecl_errors:/home/embedded/ros2_ws/install/ecl_config:${AMENT_PREFIX_PATH} CMAKE_PREFIX_PATH=/home/embedded/ros2_ws/install/ecl_time_lite:/home/embedded/ros2_ws/install/ecl_exceptions:/home/embedded/ros2_ws/install/ecl_errors:/home/embedded/ros2_ws/install/ecl_config:/opt/ros/jazzy/opt/gz_sim_vendor:/opt/ros/jazzy/opt/gz_sensors_vendor:/opt/ros/jazzy/opt/gz_physics_vendor:/opt/ros/jazzy/opt/sdformat_vendor:/opt/ros/jazzy/opt/gz_gui_vendor:/opt/ros/jazzy/opt/gz_transport_vendor:/opt/ros/jazzy/opt/gz_rendering_vendor:/opt/ros/jazzy/opt/gz_plugin_vendor:/opt/ros/jazzy/opt/gz_fuel_tools_vendor:/opt/ros/jazzy/opt/gz_msgs_vendor:/opt/ros/jazzy/opt/gz_common_vendor:/opt/ros/jazzy/opt/gz_tools_vendor:/opt/ros/jazzy/opt/gz_ogre_next_vendor:/opt/ros/jazzy/opt/gz_dartsim_vendor:/opt/ros/jazzy/opt/gz_math_vendor:/opt/ros/jazzy/opt/gz_utils_vendor:/opt/ros/jazzy/opt/gz_cmake_vendor:/opt/ros/jazzy LD_LIBRARY_PATH=/home/embedded/ros2_ws/install/ecl_time_lite/lib:/home/embedded/ros2_ws/install/ecl_exceptions/lib:/home/embedded/ros2_ws/install/ecl_errors/lib:${LD_LIBRARY_PATH} PATH=/home/embedded/ros2_ws/install/ecl_config/bin:${PATH} /usr/bin/cmake --install /home/embedded/ros2_ws/build/ecl_time
[0.623s] -- Install configuration: ""
[0.625s] -- Execute custom install script
[0.626s] -- Up-to-date symlink: /home/embedded/ros2_ws/install/ecl_time/include/ecl/time/cpuwatch.hpp
[0.630s] -- Up-to-date symlink: /home/embedded/ros2_ws/install/ecl_time/include/ecl/time/cpuwatch_rt.hpp
[0.631s] -- Up-to-date symlink: /home/embedded/ros2_ws/install/ecl_time/include/ecl/time/duration.hpp
[0.631s] -- Up-to-date symlink: /home/embedded/ros2_ws/install/ecl_time/include/ecl/time/frequency.hpp
[0.631s] -- Up-to-date symlink: /home/embedded/ros2_ws/install/ecl_time/include/ecl/time/macros.hpp
[0.632s] -- Up-to-date symlink: /home/embedded/ros2_ws/install/ecl_time/include/ecl/time/random_number_generator.hpp
[0.632s] -- Up-to-date symlink: /home/embedded/ros2_ws/install/ecl_time/include/ecl/time/sleep.hpp
[0.632s] -- Up-to-date symlink: /home/embedded/ros2_ws/install/ecl_time/include/ecl/time/sleep_pos.hpp
[0.632s] -- Up-to-date symlink: /home/embedded/ros2_ws/install/ecl_time/include/ecl/time/sleep_win.hpp
[0.632s] -- Up-to-date symlink: /home/embedded/ros2_ws/install/ecl_time/include/ecl/time/snooze.hpp
[0.632s] -- Up-to-date symlink: /home/embedded/ros2_ws/install/ecl_time/include/ecl/time/snooze_pos.hpp
[0.632s] -- Up-to-date symlink: /home/embedded/ros2_ws/install/ecl_time/include/ecl/time/snooze_win.hpp
[0.639s] -- Up-to-date symlink: /home/embedded/ros2_ws/install/ecl_time/include/ecl/time/stopwatch.hpp
[0.639s] -- Up-to-date symlink: /home/embedded/ros2_ws/install/ecl_time/include/ecl/time/time_data.hpp
[0.640s] -- Up-to-date symlink: /home/embedded/ros2_ws/install/ecl_time/include/ecl/time/timestamp.hpp
[0.640s] -- Up-to-date symlink: /home/embedded/ros2_ws/install/ecl_time/include/ecl/time/timestamp_base.hpp
[0.640s] -- Up-to-date symlink: /home/embedded/ros2_ws/install/ecl_time/include/ecl/time/timestamp_pos.hpp
[0.640s] -- Up-to-date symlink: /home/embedded/ros2_ws/install/ecl_time/include/ecl/time/timestamp_win.hpp
[0.640s] -- Up-to-date symlink: /home/embedded/ros2_ws/install/ecl_time/include/ecl/time.hpp
[0.642s] -- Up-to-date symlink: /home/embedded/ros2_ws/install/ecl_time/lib/ecl_time/demo_random_number_generator
[0.642s] -- Up-to-date symlink: /home/embedded/ros2_ws/install/ecl_time/lib/ecl_time/demo_sleep
[0.643s] -- Up-to-date symlink: /home/embedded/ros2_ws/install/ecl_time/share/ecl_time/environment/library_path.sh
[0.646s] -- Up-to-date symlink: /home/embedded/ros2_ws/install/ecl_time/share/ecl_time/environment/library_path.dsv
[0.646s] -- Up-to-date symlink: /home/embedded/ros2_ws/install/ecl_time/share/ament_index/resource_index/package_run_dependencies/ecl_time
[0.646s] -- Up-to-date symlink: /home/embedded/ros2_ws/install/ecl_time/share/ament_index/resource_index/parent_prefix_path/ecl_time
[0.646s] -- Up-to-date symlink: /home/embedded/ros2_ws/install/ecl_time/share/ecl_time/environment/ament_prefix_path.sh
[0.647s] -- Up-to-date symlink: /home/embedded/ros2_ws/install/ecl_time/share/ecl_time/environment/ament_prefix_path.dsv
[0.647s] -- Up-to-date symlink: /home/embedded/ros2_ws/install/ecl_time/share/ecl_time/environment/path.sh
[0.647s] -- Up-to-date symlink: /home/embedded/ros2_ws/install/ecl_time/share/ecl_time/environment/path.dsv
[0.647s] -- Up-to-date symlink: /home/embedded/ros2_ws/install/ecl_time/share/ecl_time/local_setup.bash
[0.647s] -- Up-to-date symlink: /home/embedded/ros2_ws/install/ecl_time/share/ecl_time/local_setup.sh
[0.650s] -- Up-to-date symlink: /home/embedded/ros2_ws/install/ecl_time/share/ecl_time/local_setup.zsh
[0.650s] -- Up-to-date symlink: /home/embedded/ros2_ws/install/ecl_time/share/ecl_time/local_setup.dsv
[0.650s] -- Symlinking: /home/embedded/ros2_ws/install/ecl_time/share/ecl_time/package.dsv
[0.675s] -- Up-to-date symlink: /home/embedded/ros2_ws/install/ecl_time/share/ament_index/resource_index/packages/ecl_time
[0.677s] -- Up-to-date symlink: /home/embedded/ros2_ws/install/ecl_time/share/ecl_time/cmake/ament_cmake_export_targets-extras.cmake
[0.678s] -- Up-to-date symlink: /home/embedded/ros2_ws/install/ecl_time/share/ecl_time/cmake/ament_cmake_export_include_directories-extras.cmake
[0.681s] -- Up-to-date symlink: /home/embedded/ros2_ws/install/ecl_time/share/ecl_time/cmake/ament_cmake_export_libraries-extras.cmake
[0.681s] -- Up-to-date symlink: /home/embedded/ros2_ws/install/ecl_time/share/ecl_time/cmake/ament_cmake_export_dependencies-extras.cmake
[0.681s] -- Up-to-date symlink: /home/embedded/ros2_ws/install/ecl_time/share/ecl_time/cmake/ecl_timeConfig.cmake
[0.681s] -- Up-to-date symlink: /home/embedded/ros2_ws/install/ecl_time/share/ecl_time/cmake/ecl_timeConfig-version.cmake
[0.682s] -- Up-to-date symlink: /home/embedded/ros2_ws/install/ecl_time/share/ecl_time/package.xml
[0.682s] -- Up-to-date: /home/embedded/ros2_ws/install/ecl_time/share/ecl_time/cmake/ecl_timeExport.cmake
[0.682s] -- Up-to-date: /home/embedded/ros2_ws/install/ecl_time/share/ecl_time/cmake/ecl_timeExport-noconfig.cmake
[0.682s] -- Up-to-date: /home/embedded/ros2_ws/install/ecl_time/lib/libecl_time.so.1.2.1
[0.682s] -- Up-to-date: /home/embedded/ros2_ws/install/ecl_time/lib/libecl_time.so
[0.692s] Invoked command in '/home/embedded/ros2_ws/build/ecl_time' returned '0': AMENT_PREFIX_PATH=/home/embedded/ros2_ws/install/ecl_time_lite:/home/embedded/ros2_ws/install/ecl_exceptions:/home/embedded/ros2_ws/install/ecl_errors:/home/embedded/ros2_ws/install/ecl_config:${AMENT_PREFIX_PATH} CMAKE_PREFIX_PATH=/home/embedded/ros2_ws/install/ecl_time_lite:/home/embedded/ros2_ws/install/ecl_exceptions:/home/embedded/ros2_ws/install/ecl_errors:/home/embedded/ros2_ws/install/ecl_config:/opt/ros/jazzy/opt/gz_sim_vendor:/opt/ros/jazzy/opt/gz_sensors_vendor:/opt/ros/jazzy/opt/gz_physics_vendor:/opt/ros/jazzy/opt/sdformat_vendor:/opt/ros/jazzy/opt/gz_gui_vendor:/opt/ros/jazzy/opt/gz_transport_vendor:/opt/ros/jazzy/opt/gz_rendering_vendor:/opt/ros/jazzy/opt/gz_plugin_vendor:/opt/ros/jazzy/opt/gz_fuel_tools_vendor:/opt/ros/jazzy/opt/gz_msgs_vendor:/opt/ros/jazzy/opt/gz_common_vendor:/opt/ros/jazzy/opt/gz_tools_vendor:/opt/ros/jazzy/opt/gz_ogre_next_vendor:/opt/ros/jazzy/opt/gz_dartsim_vendor:/opt/ros/jazzy/opt/gz_math_vendor:/opt/ros/jazzy/opt/gz_utils_vendor:/opt/ros/jazzy/opt/gz_cmake_vendor:/opt/ros/jazzy LD_LIBRARY_PATH=/home/embedded/ros2_ws/install/ecl_time_lite/lib:/home/embedded/ros2_ws/install/ecl_exceptions/lib:/home/embedded/ros2_ws/install/ecl_errors/lib:${LD_LIBRARY_PATH} PATH=/home/embedded/ros2_ws/install/ecl_config/bin:${PATH} /usr/bin/cmake --install /home/embedded/ros2_ws/build/ecl_time
