[0.087s] Invoking command in '/home/embedded/ros2_ws/build/ecl_mpl': CMAKE_PREFIX_PATH=${CMAKE_PREFIX_PATH}:/opt/ros/jazzy /usr/bin/cmake --build /home/embedded/ros2_ws/build/ecl_mpl -- -j4 -l4
[0.538s] [ 33%] Built target gtest
[0.573s] [ 66%] Built target gtest_main
[0.786s] [100%] Built target test_enable_if
[0.994s] Invoked command in '/home/embedded/ros2_ws/build/ecl_mpl' returned '0': CMAKE_PREFIX_PATH=${CMAKE_PREFIX_PATH}:/opt/ros/jazzy /usr/bin/cmake --build /home/embedded/ros2_ws/build/ecl_mpl -- -j4 -l4
[1.020s] Invoking command in '/home/embedded/ros2_ws/build/ecl_mpl': CMAKE_PREFIX_PATH=${CMAKE_PREFIX_PATH}:/opt/ros/jazzy /usr/bin/cmake --install /home/embedded/ros2_ws/build/ecl_mpl
[1.074s] -- Install configuration: ""
[1.074s] -- Execute custom install script
[1.075s] -- Up-to-date symlink: /home/embedded/ros2_ws/install/ecl_mpl/include/ecl/mpl/bool.hpp
[1.076s] -- Up-to-date symlink: /home/embedded/ros2_ws/install/ecl_mpl/include/ecl/mpl/converters.hpp
[1.086s] -- Up-to-date symlink: /home/embedded/ros2_ws/install/ecl_mpl/include/ecl/mpl/enable_if.hpp
[1.089s] -- Up-to-date symlink: /home/embedded/ros2_ws/install/ecl_mpl/include/ecl/mpl/failed_object.hpp
[1.089s] -- Up-to-date symlink: /home/embedded/ros2_ws/install/ecl_mpl/include/ecl/mpl/if.hpp
[1.089s] -- Up-to-date symlink: /home/embedded/ros2_ws/install/ecl_mpl/include/ecl/mpl.hpp
[1.089s] -- Up-to-date symlink: /home/embedded/ros2_ws/install/ecl_mpl/share/ament_index/resource_index/package_run_dependencies/ecl_mpl
[1.089s] -- Up-to-date symlink: /home/embedded/ros2_ws/install/ecl_mpl/share/ament_index/resource_index/parent_prefix_path/ecl_mpl
[1.100s] -- Up-to-date symlink: /home/embedded/ros2_ws/install/ecl_mpl/share/ecl_mpl/environment/ament_prefix_path.sh
[1.100s] -- Up-to-date symlink: /home/embedded/ros2_ws/install/ecl_mpl/share/ecl_mpl/environment/ament_prefix_path.dsv
[1.102s] -- Up-to-date symlink: /home/embedded/ros2_ws/install/ecl_mpl/share/ecl_mpl/environment/path.sh
[1.102s] -- Up-to-date symlink: /home/embedded/ros2_ws/install/ecl_mpl/share/ecl_mpl/environment/path.dsv
[1.102s] -- Up-to-date symlink: /home/embedded/ros2_ws/install/ecl_mpl/share/ecl_mpl/local_setup.bash
[1.103s] -- Up-to-date symlink: /home/embedded/ros2_ws/install/ecl_mpl/share/ecl_mpl/local_setup.sh
[1.103s] -- Up-to-date symlink: /home/embedded/ros2_ws/install/ecl_mpl/share/ecl_mpl/local_setup.zsh
[1.103s] -- Up-to-date symlink: /home/embedded/ros2_ws/install/ecl_mpl/share/ecl_mpl/local_setup.dsv
[1.103s] -- Symlinking: /home/embedded/ros2_ws/install/ecl_mpl/share/ecl_mpl/package.dsv
[1.155s] -- Up-to-date symlink: /home/embedded/ros2_ws/install/ecl_mpl/share/ament_index/resource_index/packages/ecl_mpl
[1.158s] -- Up-to-date symlink: /home/embedded/ros2_ws/install/ecl_mpl/share/ecl_mpl/cmake/ament_cmake_export_targets-extras.cmake
[1.159s] -- Up-to-date symlink: /home/embedded/ros2_ws/install/ecl_mpl/share/ecl_mpl/cmake/ament_cmake_export_include_directories-extras.cmake
[1.159s] -- Up-to-date symlink: /home/embedded/ros2_ws/install/ecl_mpl/share/ecl_mpl/cmake/ecl_mplConfig.cmake
[1.160s] -- Up-to-date symlink: /home/embedded/ros2_ws/install/ecl_mpl/share/ecl_mpl/cmake/ecl_mplConfig-version.cmake
[1.160s] -- Up-to-date symlink: /home/embedded/ros2_ws/install/ecl_mpl/share/ecl_mpl/package.xml
[1.160s] -- Up-to-date: /home/embedded/ros2_ws/install/ecl_mpl/share/ecl_mpl/cmake/ecl_mplExport.cmake
[1.277s] Invoked command in '/home/embedded/ros2_ws/build/ecl_mpl' returned '0': CMAKE_PREFIX_PATH=${CMAKE_PREFIX_PATH}:/opt/ros/jazzy /usr/bin/cmake --install /home/embedded/ros2_ws/build/ecl_mpl
