-- The C compiler identification is GNU 13.3.0
-- The CXX compiler identification is GNU 13.3.0
-- Detecting C compiler ABI info
-- Detecting C compiler ABI info - done
-- Check for working C compiler: /usr/bin/cc - skipped
-- Detecting C compile features
-- Detecting C compile features - done
-- Detecting CXX compiler ABI info
-- Detecting CXX compiler ABI info - done
-- Check for working CXX compiler: /usr/bin/c++ - skipped
-- Detecting CXX compile features
-- Detecting CXX compile features - done
-- Found ament_cmake_ros: 0.12.0 (/opt/ros/jazzy/share/ament_cmake_ros/cmake)
-- Found Python3: /usr/bin/python3 (found version "3.12.3") found components: Interpreter 
-- Override CMake install command with custom implementation using symlinks instead of copying resources
-- Found ecl_build: 1.0.3 (/opt/ros/jazzy/share/ecl_build/cmake)
[0mCMake Deprecation Warning at /opt/ros/jazzy/share/ecl_build/cmake/cotire.cmake:45 (cmake_minimum_required):
  Compatibility with CMake < 3.5 will be removed from a future version of
  CMake.

  Update the VERSION argument <min> value or use a ...<max> suffix to tell
  CMake that the project does not need compatibility with older versions.
Call Stack (most recent call first):
  /opt/ros/jazzy/share/ecl_build/cmake/ecl_buildConfig.cmake:41 (include)
  CMakeLists.txt:17 (find_package)

[0m
-- Found ecl_config: 1.2.0 (/home/embedded/ros2_ws/install/ecl_config/share/ecl_config/cmake)
-- Configuring done (3.6s)
-- Generating done (0.0s)
-- Build files have been written to: /home/embedded/ros2_ws/build/ecl_console
-- Install configuration: ""
-- Execute custom install script
-- Symlinking: /home/embedded/ros2_ws/install/ecl_console/share/ament_index/resource_index/package_run_dependencies/ecl_console
-- Symlinking: /home/embedded/ros2_ws/install/ecl_console/share/ament_index/resource_index/parent_prefix_path/ecl_console
-- Symlinking: /home/embedded/ros2_ws/install/ecl_console/share/ecl_console/environment/ament_prefix_path.sh
-- Symlinking: /home/embedded/ros2_ws/install/ecl_console/share/ecl_console/environment/ament_prefix_path.dsv
-- Symlinking: /home/embedded/ros2_ws/install/ecl_console/share/ecl_console/environment/path.sh
-- Symlinking: /home/embedded/ros2_ws/install/ecl_console/share/ecl_console/environment/path.dsv
-- Symlinking: /home/embedded/ros2_ws/install/ecl_console/share/ecl_console/local_setup.bash
-- Symlinking: /home/embedded/ros2_ws/install/ecl_console/share/ecl_console/local_setup.sh
-- Symlinking: /home/embedded/ros2_ws/install/ecl_console/share/ecl_console/local_setup.zsh
-- Symlinking: /home/embedded/ros2_ws/install/ecl_console/share/ecl_console/local_setup.dsv
-- Symlinking: /home/embedded/ros2_ws/install/ecl_console/share/ecl_console/package.dsv
-- Symlinking: /home/embedded/ros2_ws/install/ecl_console/share/ament_index/resource_index/packages/ecl_console
-- Symlinking: /home/embedded/ros2_ws/install/ecl_console/share/ecl_console/cmake/ament_cmake_export_targets-extras.cmake
-- Symlinking: /home/embedded/ros2_ws/install/ecl_console/share/ecl_console/cmake/ament_cmake_export_include_directories-extras.cmake
-- Symlinking: /home/embedded/ros2_ws/install/ecl_console/share/ecl_console/cmake/ament_cmake_export_dependencies-extras.cmake
-- Symlinking: /home/embedded/ros2_ws/install/ecl_console/share/ecl_console/cmake/ecl_consoleConfig.cmake
-- Symlinking: /home/embedded/ros2_ws/install/ecl_console/share/ecl_console/cmake/ecl_consoleConfig-version.cmake
-- Symlinking: /home/embedded/ros2_ws/install/ecl_console/share/ecl_console/package.xml
-- Installing: /home/embedded/ros2_ws/install/ecl_console/include/ecl
-- Installing: /home/embedded/ros2_ws/install/ecl_console/include/ecl/console.hpp
-- Installing: /home/embedded/ros2_ws/install/ecl_console/share/ecl_console/cmake/ecl_consoleExport.cmake
