[0.082s] Invoking command in '/home/embedded/ros2_ws/build/ecl_devices': AMENT_PREFIX_PATH=/home/embedded/ros2_ws/install/ecl_containers:/home/embedded/ros2_ws/install/ecl_threads:/home/embedded/ros2_ws/install/ecl_formatters:/home/embedded/ros2_ws/install/ecl_utilities:/home/embedded/ros2_ws/install/ecl_time:/home/embedded/ros2_ws/install/ecl_converters:/home/embedded/ros2_ws/install/ecl_time_lite:/home/embedded/ros2_ws/install/ecl_exceptions:/home/embedded/ros2_ws/install/ecl_concepts:/home/embedded/ros2_ws/install/ecl_type_traits:/home/embedded/ros2_ws/install/ecl_errors:/home/embedded/ros2_ws/install/ecl_mpl:/home/embedded/ros2_ws/install/ecl_config:${AMENT_PREFIX_PATH} CMAKE_PREFIX_PATH=/home/embedded/ros2_ws/install/ecl_containers:/home/embedded/ros2_ws/install/ecl_threads:/home/embedded/ros2_ws/install/ecl_formatters:/home/embedded/ros2_ws/install/ecl_utilities:/home/embedded/ros2_ws/install/ecl_time:/home/embedded/ros2_ws/install/ecl_converters:/home/embedded/ros2_ws/install/ecl_time_lite:/home/embedded/ros2_ws/install/ecl_exceptions:/home/embedded/ros2_ws/install/ecl_concepts:/home/embedded/ros2_ws/install/ecl_type_traits:/home/embedded/ros2_ws/install/ecl_errors:/home/embedded/ros2_ws/install/ecl_mpl:/home/embedded/ros2_ws/install/ecl_config:/opt/ros/jazzy/opt/gz_sim_vendor:/opt/ros/jazzy/opt/gz_sensors_vendor:/opt/ros/jazzy/opt/gz_physics_vendor:/opt/ros/jazzy/opt/sdformat_vendor:/opt/ros/jazzy/opt/gz_gui_vendor:/opt/ros/jazzy/opt/gz_transport_vendor:/opt/ros/jazzy/opt/gz_rendering_vendor:/opt/ros/jazzy/opt/gz_plugin_vendor:/opt/ros/jazzy/opt/gz_fuel_tools_vendor:/opt/ros/jazzy/opt/gz_msgs_vendor:/opt/ros/jazzy/opt/gz_common_vendor:/opt/ros/jazzy/opt/gz_tools_vendor:/opt/ros/jazzy/opt/gz_ogre_next_vendor:/opt/ros/jazzy/opt/gz_dartsim_vendor:/opt/ros/jazzy/opt/gz_math_vendor:/opt/ros/jazzy/opt/gz_utils_vendor:/opt/ros/jazzy/opt/gz_cmake_vendor:/opt/ros/jazzy LD_LIBRARY_PATH=/home/embedded/ros2_ws/install/ecl_threads/lib:/home/embedded/ros2_ws/install/ecl_formatters/lib:/home/embedded/ros2_ws/install/ecl_time/lib:/home/embedded/ros2_ws/install/ecl_time_lite/lib:/home/embedded/ros2_ws/install/ecl_exceptions/lib:/home/embedded/ros2_ws/install/ecl_type_traits/lib:/home/embedded/ros2_ws/install/ecl_errors/lib:${LD_LIBRARY_PATH} PATH=/home/embedded/ros2_ws/install/ecl_type_traits/bin:/home/embedded/ros2_ws/install/ecl_config/bin:${PATH} /usr/bin/cmake --build /home/embedded/ros2_ws/build/ecl_devices -- -j4 -l4
[0.289s] [  8%] Built target gtest_main
[0.289s] [ 16%] Built target gtest
[0.341s] [ 75%] Built target ecl_devices
[0.486s] [ 91%] Built target ecl_test_shared_files
[0.486s] [100%] Built target ecl_demo_serial_timeouts
[0.498s] [ 95%] Built target ecl_test_files
[0.559s] Invoked command in '/home/embedded/ros2_ws/build/ecl_devices' returned '0': AMENT_PREFIX_PATH=/home/embedded/ros2_ws/install/ecl_containers:/home/embedded/ros2_ws/install/ecl_threads:/home/embedded/ros2_ws/install/ecl_formatters:/home/embedded/ros2_ws/install/ecl_utilities:/home/embedded/ros2_ws/install/ecl_time:/home/embedded/ros2_ws/install/ecl_converters:/home/embedded/ros2_ws/install/ecl_time_lite:/home/embedded/ros2_ws/install/ecl_exceptions:/home/embedded/ros2_ws/install/ecl_concepts:/home/embedded/ros2_ws/install/ecl_type_traits:/home/embedded/ros2_ws/install/ecl_errors:/home/embedded/ros2_ws/install/ecl_mpl:/home/embedded/ros2_ws/install/ecl_config:${AMENT_PREFIX_PATH} CMAKE_PREFIX_PATH=/home/embedded/ros2_ws/install/ecl_containers:/home/embedded/ros2_ws/install/ecl_threads:/home/embedded/ros2_ws/install/ecl_formatters:/home/embedded/ros2_ws/install/ecl_utilities:/home/embedded/ros2_ws/install/ecl_time:/home/embedded/ros2_ws/install/ecl_converters:/home/embedded/ros2_ws/install/ecl_time_lite:/home/embedded/ros2_ws/install/ecl_exceptions:/home/embedded/ros2_ws/install/ecl_concepts:/home/embedded/ros2_ws/install/ecl_type_traits:/home/embedded/ros2_ws/install/ecl_errors:/home/embedded/ros2_ws/install/ecl_mpl:/home/embedded/ros2_ws/install/ecl_config:/opt/ros/jazzy/opt/gz_sim_vendor:/opt/ros/jazzy/opt/gz_sensors_vendor:/opt/ros/jazzy/opt/gz_physics_vendor:/opt/ros/jazzy/opt/sdformat_vendor:/opt/ros/jazzy/opt/gz_gui_vendor:/opt/ros/jazzy/opt/gz_transport_vendor:/opt/ros/jazzy/opt/gz_rendering_vendor:/opt/ros/jazzy/opt/gz_plugin_vendor:/opt/ros/jazzy/opt/gz_fuel_tools_vendor:/opt/ros/jazzy/opt/gz_msgs_vendor:/opt/ros/jazzy/opt/gz_common_vendor:/opt/ros/jazzy/opt/gz_tools_vendor:/opt/ros/jazzy/opt/gz_ogre_next_vendor:/opt/ros/jazzy/opt/gz_dartsim_vendor:/opt/ros/jazzy/opt/gz_math_vendor:/opt/ros/jazzy/opt/gz_utils_vendor:/opt/ros/jazzy/opt/gz_cmake_vendor:/opt/ros/jazzy LD_LIBRARY_PATH=/home/embedded/ros2_ws/install/ecl_threads/lib:/home/embedded/ros2_ws/install/ecl_formatters/lib:/home/embedded/ros2_ws/install/ecl_time/lib:/home/embedded/ros2_ws/install/ecl_time_lite/lib:/home/embedded/ros2_ws/install/ecl_exceptions/lib:/home/embedded/ros2_ws/install/ecl_type_traits/lib:/home/embedded/ros2_ws/install/ecl_errors/lib:${LD_LIBRARY_PATH} PATH=/home/embedded/ros2_ws/install/ecl_type_traits/bin:/home/embedded/ros2_ws/install/ecl_config/bin:${PATH} /usr/bin/cmake --build /home/embedded/ros2_ws/build/ecl_devices -- -j4 -l4
[0.559s] Invoking command in '/home/embedded/ros2_ws/build/ecl_devices': AMENT_PREFIX_PATH=/home/embedded/ros2_ws/install/ecl_containers:/home/embedded/ros2_ws/install/ecl_threads:/home/embedded/ros2_ws/install/ecl_formatters:/home/embedded/ros2_ws/install/ecl_utilities:/home/embedded/ros2_ws/install/ecl_time:/home/embedded/ros2_ws/install/ecl_converters:/home/embedded/ros2_ws/install/ecl_time_lite:/home/embedded/ros2_ws/install/ecl_exceptions:/home/embedded/ros2_ws/install/ecl_concepts:/home/embedded/ros2_ws/install/ecl_type_traits:/home/embedded/ros2_ws/install/ecl_errors:/home/embedded/ros2_ws/install/ecl_mpl:/home/embedded/ros2_ws/install/ecl_config:${AMENT_PREFIX_PATH} CMAKE_PREFIX_PATH=/home/embedded/ros2_ws/install/ecl_containers:/home/embedded/ros2_ws/install/ecl_threads:/home/embedded/ros2_ws/install/ecl_formatters:/home/embedded/ros2_ws/install/ecl_utilities:/home/embedded/ros2_ws/install/ecl_time:/home/embedded/ros2_ws/install/ecl_converters:/home/embedded/ros2_ws/install/ecl_time_lite:/home/embedded/ros2_ws/install/ecl_exceptions:/home/embedded/ros2_ws/install/ecl_concepts:/home/embedded/ros2_ws/install/ecl_type_traits:/home/embedded/ros2_ws/install/ecl_errors:/home/embedded/ros2_ws/install/ecl_mpl:/home/embedded/ros2_ws/install/ecl_config:/opt/ros/jazzy/opt/gz_sim_vendor:/opt/ros/jazzy/opt/gz_sensors_vendor:/opt/ros/jazzy/opt/gz_physics_vendor:/opt/ros/jazzy/opt/sdformat_vendor:/opt/ros/jazzy/opt/gz_gui_vendor:/opt/ros/jazzy/opt/gz_transport_vendor:/opt/ros/jazzy/opt/gz_rendering_vendor:/opt/ros/jazzy/opt/gz_plugin_vendor:/opt/ros/jazzy/opt/gz_fuel_tools_vendor:/opt/ros/jazzy/opt/gz_msgs_vendor:/opt/ros/jazzy/opt/gz_common_vendor:/opt/ros/jazzy/opt/gz_tools_vendor:/opt/ros/jazzy/opt/gz_ogre_next_vendor:/opt/ros/jazzy/opt/gz_dartsim_vendor:/opt/ros/jazzy/opt/gz_math_vendor:/opt/ros/jazzy/opt/gz_utils_vendor:/opt/ros/jazzy/opt/gz_cmake_vendor:/opt/ros/jazzy LD_LIBRARY_PATH=/home/embedded/ros2_ws/install/ecl_threads/lib:/home/embedded/ros2_ws/install/ecl_formatters/lib:/home/embedded/ros2_ws/install/ecl_time/lib:/home/embedded/ros2_ws/install/ecl_time_lite/lib:/home/embedded/ros2_ws/install/ecl_exceptions/lib:/home/embedded/ros2_ws/install/ecl_type_traits/lib:/home/embedded/ros2_ws/install/ecl_errors/lib:${LD_LIBRARY_PATH} PATH=/home/embedded/ros2_ws/install/ecl_type_traits/bin:/home/embedded/ros2_ws/install/ecl_config/bin:${PATH} /usr/bin/cmake --install /home/embedded/ros2_ws/build/ecl_devices
[0.595s] -- Install configuration: ""
[0.598s] -- Execute custom install script
[0.599s] -- Up-to-date symlink: /home/embedded/ros2_ws/install/ecl_devices/include/ecl/devices/detail/character_buffer.hpp
[0.599s] -- Up-to-date symlink: /home/embedded/ros2_ws/install/ecl_devices/include/ecl/devices/detail/error_handler.hpp
[0.599s] -- Up-to-date symlink: /home/embedded/ros2_ws/install/ecl_devices/include/ecl/devices/detail/exception_handler_pos.hpp
[0.599s] -- Up-to-date symlink: /home/embedded/ros2_ws/install/ecl_devices/include/ecl/devices/detail/socket_error_handler_pos.hpp
[0.599s] -- Up-to-date symlink: /home/embedded/ros2_ws/install/ecl_devices/include/ecl/devices/detail/socket_exception_handler_pos.hpp
[0.599s] -- Up-to-date symlink: /home/embedded/ros2_ws/install/ecl_devices/include/ecl/devices/console.hpp
[0.600s] -- Up-to-date symlink: /home/embedded/ros2_ws/install/ecl_devices/include/ecl/devices/macros.hpp
[0.600s] -- Up-to-date symlink: /home/embedded/ros2_ws/install/ecl_devices/include/ecl/devices/modes.hpp
[0.600s] -- Up-to-date symlink: /home/embedded/ros2_ws/install/ecl_devices/include/ecl/devices/ofile.hpp
[0.600s] -- Up-to-date symlink: /home/embedded/ros2_ws/install/ecl_devices/include/ecl/devices/ofile_pos.hpp
[0.600s] -- Up-to-date symlink: /home/embedded/ros2_ws/install/ecl_devices/include/ecl/devices/ofile_w32.hpp
[0.600s] -- Up-to-date symlink: /home/embedded/ros2_ws/install/ecl_devices/include/ecl/devices/serial.hpp
[0.600s] -- Up-to-date symlink: /home/embedded/ros2_ws/install/ecl_devices/include/ecl/devices/serial_parameters.hpp
[0.600s] -- Up-to-date symlink: /home/embedded/ros2_ws/install/ecl_devices/include/ecl/devices/serial_pos.hpp
[0.600s] -- Up-to-date symlink: /home/embedded/ros2_ws/install/ecl_devices/include/ecl/devices/serial_w32.hpp
[0.608s] -- Up-to-date symlink: /home/embedded/ros2_ws/install/ecl_devices/include/ecl/devices/shared_file.hpp
[0.608s] -- Up-to-date symlink: /home/embedded/ros2_ws/install/ecl_devices/include/ecl/devices/socket.hpp
[0.608s] -- Up-to-date symlink: /home/embedded/ros2_ws/install/ecl_devices/include/ecl/devices/socket_client_pos.hpp
[0.611s] -- Up-to-date symlink: /home/embedded/ros2_ws/install/ecl_devices/include/ecl/devices/socket_connection_status.hpp
[0.611s] -- Up-to-date symlink: /home/embedded/ros2_ws/install/ecl_devices/include/ecl/devices/socket_server_pos.hpp
[0.612s] -- Up-to-date symlink: /home/embedded/ros2_ws/install/ecl_devices/include/ecl/devices/string.hpp
[0.612s] -- Up-to-date symlink: /home/embedded/ros2_ws/install/ecl_devices/include/ecl/devices/traits.hpp
[0.612s] -- Up-to-date symlink: /home/embedded/ros2_ws/install/ecl_devices/include/ecl/devices.hpp
[0.612s] -- Up-to-date symlink: /home/embedded/ros2_ws/install/ecl_devices/lib/ecl_devices/demo_serial_timeouts
[0.612s] -- Up-to-date symlink: /home/embedded/ros2_ws/install/ecl_devices/share/ecl_devices/environment/library_path.sh
[0.612s] -- Up-to-date symlink: /home/embedded/ros2_ws/install/ecl_devices/share/ecl_devices/environment/library_path.dsv
[0.612s] -- Up-to-date symlink: /home/embedded/ros2_ws/install/ecl_devices/share/ament_index/resource_index/package_run_dependencies/ecl_devices
[0.612s] -- Up-to-date symlink: /home/embedded/ros2_ws/install/ecl_devices/share/ament_index/resource_index/parent_prefix_path/ecl_devices
[0.612s] -- Up-to-date symlink: /home/embedded/ros2_ws/install/ecl_devices/share/ecl_devices/environment/ament_prefix_path.sh
[0.617s] -- Up-to-date symlink: /home/embedded/ros2_ws/install/ecl_devices/share/ecl_devices/environment/ament_prefix_path.dsv
[0.618s] -- Up-to-date symlink: /home/embedded/ros2_ws/install/ecl_devices/share/ecl_devices/environment/path.sh
[0.618s] -- Up-to-date symlink: /home/embedded/ros2_ws/install/ecl_devices/share/ecl_devices/environment/path.dsv
[0.618s] -- Up-to-date symlink: /home/embedded/ros2_ws/install/ecl_devices/share/ecl_devices/local_setup.bash
[0.618s] -- Up-to-date symlink: /home/embedded/ros2_ws/install/ecl_devices/share/ecl_devices/local_setup.sh
[0.618s] -- Up-to-date symlink: /home/embedded/ros2_ws/install/ecl_devices/share/ecl_devices/local_setup.zsh
[0.618s] -- Up-to-date symlink: /home/embedded/ros2_ws/install/ecl_devices/share/ecl_devices/local_setup.dsv
[0.619s] -- Symlinking: /home/embedded/ros2_ws/install/ecl_devices/share/ecl_devices/package.dsv
[0.670s] -- Up-to-date symlink: /home/embedded/ros2_ws/install/ecl_devices/share/ament_index/resource_index/packages/ecl_devices
[0.670s] -- Up-to-date symlink: /home/embedded/ros2_ws/install/ecl_devices/share/ecl_devices/cmake/ament_cmake_export_targets-extras.cmake
[0.670s] -- Up-to-date symlink: /home/embedded/ros2_ws/install/ecl_devices/share/ecl_devices/cmake/ament_cmake_export_include_directories-extras.cmake
[0.677s] -- Up-to-date symlink: /home/embedded/ros2_ws/install/ecl_devices/share/ecl_devices/cmake/ament_cmake_export_libraries-extras.cmake
[0.677s] -- Up-to-date symlink: /home/embedded/ros2_ws/install/ecl_devices/share/ecl_devices/cmake/ament_cmake_export_dependencies-extras.cmake
[0.679s] -- Up-to-date symlink: /home/embedded/ros2_ws/install/ecl_devices/share/ecl_devices/cmake/ecl_devicesConfig.cmake
[0.679s] -- Up-to-date symlink: /home/embedded/ros2_ws/install/ecl_devices/share/ecl_devices/cmake/ecl_devicesConfig-version.cmake
[0.679s] -- Up-to-date symlink: /home/embedded/ros2_ws/install/ecl_devices/share/ecl_devices/package.xml
[0.680s] -- Up-to-date: /home/embedded/ros2_ws/install/ecl_devices/share/ecl_devices/cmake/ecl_devicesExport.cmake
[0.680s] -- Up-to-date: /home/embedded/ros2_ws/install/ecl_devices/share/ecl_devices/cmake/ecl_devicesExport-noconfig.cmake
[0.680s] -- Up-to-date: /home/embedded/ros2_ws/install/ecl_devices/lib/libecl_devices.so.1.2.1
[0.686s] -- Up-to-date: /home/embedded/ros2_ws/install/ecl_devices/lib/libecl_devices.so
[0.751s] Invoked command in '/home/embedded/ros2_ws/build/ecl_devices' returned '0': AMENT_PREFIX_PATH=/home/embedded/ros2_ws/install/ecl_containers:/home/embedded/ros2_ws/install/ecl_threads:/home/embedded/ros2_ws/install/ecl_formatters:/home/embedded/ros2_ws/install/ecl_utilities:/home/embedded/ros2_ws/install/ecl_time:/home/embedded/ros2_ws/install/ecl_converters:/home/embedded/ros2_ws/install/ecl_time_lite:/home/embedded/ros2_ws/install/ecl_exceptions:/home/embedded/ros2_ws/install/ecl_concepts:/home/embedded/ros2_ws/install/ecl_type_traits:/home/embedded/ros2_ws/install/ecl_errors:/home/embedded/ros2_ws/install/ecl_mpl:/home/embedded/ros2_ws/install/ecl_config:${AMENT_PREFIX_PATH} CMAKE_PREFIX_PATH=/home/embedded/ros2_ws/install/ecl_containers:/home/embedded/ros2_ws/install/ecl_threads:/home/embedded/ros2_ws/install/ecl_formatters:/home/embedded/ros2_ws/install/ecl_utilities:/home/embedded/ros2_ws/install/ecl_time:/home/embedded/ros2_ws/install/ecl_converters:/home/embedded/ros2_ws/install/ecl_time_lite:/home/embedded/ros2_ws/install/ecl_exceptions:/home/embedded/ros2_ws/install/ecl_concepts:/home/embedded/ros2_ws/install/ecl_type_traits:/home/embedded/ros2_ws/install/ecl_errors:/home/embedded/ros2_ws/install/ecl_mpl:/home/embedded/ros2_ws/install/ecl_config:/opt/ros/jazzy/opt/gz_sim_vendor:/opt/ros/jazzy/opt/gz_sensors_vendor:/opt/ros/jazzy/opt/gz_physics_vendor:/opt/ros/jazzy/opt/sdformat_vendor:/opt/ros/jazzy/opt/gz_gui_vendor:/opt/ros/jazzy/opt/gz_transport_vendor:/opt/ros/jazzy/opt/gz_rendering_vendor:/opt/ros/jazzy/opt/gz_plugin_vendor:/opt/ros/jazzy/opt/gz_fuel_tools_vendor:/opt/ros/jazzy/opt/gz_msgs_vendor:/opt/ros/jazzy/opt/gz_common_vendor:/opt/ros/jazzy/opt/gz_tools_vendor:/opt/ros/jazzy/opt/gz_ogre_next_vendor:/opt/ros/jazzy/opt/gz_dartsim_vendor:/opt/ros/jazzy/opt/gz_math_vendor:/opt/ros/jazzy/opt/gz_utils_vendor:/opt/ros/jazzy/opt/gz_cmake_vendor:/opt/ros/jazzy LD_LIBRARY_PATH=/home/embedded/ros2_ws/install/ecl_threads/lib:/home/embedded/ros2_ws/install/ecl_formatters/lib:/home/embedded/ros2_ws/install/ecl_time/lib:/home/embedded/ros2_ws/install/ecl_time_lite/lib:/home/embedded/ros2_ws/install/ecl_exceptions/lib:/home/embedded/ros2_ws/install/ecl_type_traits/lib:/home/embedded/ros2_ws/install/ecl_errors/lib:${LD_LIBRARY_PATH} PATH=/home/embedded/ros2_ws/install/ecl_type_traits/bin:/home/embedded/ros2_ws/install/ecl_config/bin:${PATH} /usr/bin/cmake --install /home/embedded/ros2_ws/build/ecl_devices
