[0.116s] Invoking command in '/home/embedded/ros2_ws/build/ecl_geometry': AMENT_PREFIX_PATH=/home/embedded/ros2_ws/install/ecl_linear_algebra:/home/embedded/ros2_ws/install/ecl_containers:/home/embedded/ros2_ws/install/ecl_formatters:/home/embedded/ros2_ws/install/ecl_utilities:/home/embedded/ros2_ws/install/ecl_converters:/home/embedded/ros2_ws/install/ecl_math:/home/embedded/ros2_ws/install/ecl_exceptions:/home/embedded/ros2_ws/install/ecl_concepts:/home/embedded/ros2_ws/install/ecl_type_traits:/home/embedded/ros2_ws/install/ecl_errors:/home/embedded/ros2_ws/install/ecl_mpl:/home/embedded/ros2_ws/install/ecl_eigen:/home/embedded/ros2_ws/install/ecl_config:${AMENT_PREFIX_PATH} CMAKE_PREFIX_PATH=/home/embedded/ros2_ws/install/ecl_linear_algebra:/home/embedded/ros2_ws/install/ecl_containers:/home/embedded/ros2_ws/install/ecl_formatters:/home/embedded/ros2_ws/install/ecl_utilities:/home/embedded/ros2_ws/install/ecl_converters:/home/embedded/ros2_ws/install/ecl_math:/home/embedded/ros2_ws/install/ecl_exceptions:/home/embedded/ros2_ws/install/ecl_concepts:/home/embedded/ros2_ws/install/ecl_type_traits:/home/embedded/ros2_ws/install/ecl_errors:/home/embedded/ros2_ws/install/ecl_mpl:/home/embedded/ros2_ws/install/ecl_eigen:/home/embedded/ros2_ws/install/ecl_config:/opt/ros/jazzy/opt/gz_sim_vendor:/opt/ros/jazzy/opt/gz_sensors_vendor:/opt/ros/jazzy/opt/gz_physics_vendor:/opt/ros/jazzy/opt/sdformat_vendor:/opt/ros/jazzy/opt/gz_gui_vendor:/opt/ros/jazzy/opt/gz_transport_vendor:/opt/ros/jazzy/opt/gz_rendering_vendor:/opt/ros/jazzy/opt/gz_plugin_vendor:/opt/ros/jazzy/opt/gz_fuel_tools_vendor:/opt/ros/jazzy/opt/gz_msgs_vendor:/opt/ros/jazzy/opt/gz_common_vendor:/opt/ros/jazzy/opt/gz_tools_vendor:/opt/ros/jazzy/opt/gz_ogre_next_vendor:/opt/ros/jazzy/opt/gz_dartsim_vendor:/opt/ros/jazzy/opt/gz_math_vendor:/opt/ros/jazzy/opt/gz_utils_vendor:/opt/ros/jazzy/opt/gz_cmake_vendor:/opt/ros/jazzy LD_LIBRARY_PATH=/home/embedded/ros2_ws/install/ecl_linear_algebra/lib:/home/embedded/ros2_ws/install/ecl_formatters/lib:/home/embedded/ros2_ws/install/ecl_exceptions/lib:/home/embedded/ros2_ws/install/ecl_type_traits/lib:/home/embedded/ros2_ws/install/ecl_errors/lib:${LD_LIBRARY_PATH} PATH=/home/embedded/ros2_ws/install/ecl_type_traits/bin:/home/embedded/ros2_ws/install/ecl_config/bin:${PATH} /usr/bin/cmake --build /home/embedded/ros2_ws/build/ecl_geometry -- -j4 -l4
[0.358s] [  4%] Built target gtest
[0.375s] [  9%] Built target gtest_main
[0.384s] [ 40%] Built target ecl_geometry
[0.513s] [ 45%] Built target ecl_test_angles
[0.513s] [ 50%] Built target ecl_test_cubic_splines
[0.516s] [ 54%] Built target ecl_test_cartesian_points
[0.516s] [ 59%] Built target ecl_test_homogeneous_points
[0.616s] [ 63%] Built target ecl_test_linear_segment
[0.640s] [ 68%] Built target ecl_test_polynomials
[0.653s] [ 72%] Built target ecl_test_legacy_pose3d
[0.674s] [ 77%] Built target ecl_test_legacy_pose2d
[0.745s] [ 81%] Built target ecl_test_smooth_linear_splines
[0.746s] [ 86%] Built target ecl_test_pose2d
[0.777s] [ 90%] Built target ecl_test_tension_splines
[0.781s] [ 95%] Built target ecl_test_tension_function
[0.822s] [100%] Built target ecl_test_odometry_helper
[0.852s] Invoked command in '/home/embedded/ros2_ws/build/ecl_geometry' returned '0': AMENT_PREFIX_PATH=/home/embedded/ros2_ws/install/ecl_linear_algebra:/home/embedded/ros2_ws/install/ecl_containers:/home/embedded/ros2_ws/install/ecl_formatters:/home/embedded/ros2_ws/install/ecl_utilities:/home/embedded/ros2_ws/install/ecl_converters:/home/embedded/ros2_ws/install/ecl_math:/home/embedded/ros2_ws/install/ecl_exceptions:/home/embedded/ros2_ws/install/ecl_concepts:/home/embedded/ros2_ws/install/ecl_type_traits:/home/embedded/ros2_ws/install/ecl_errors:/home/embedded/ros2_ws/install/ecl_mpl:/home/embedded/ros2_ws/install/ecl_eigen:/home/embedded/ros2_ws/install/ecl_config:${AMENT_PREFIX_PATH} CMAKE_PREFIX_PATH=/home/embedded/ros2_ws/install/ecl_linear_algebra:/home/embedded/ros2_ws/install/ecl_containers:/home/embedded/ros2_ws/install/ecl_formatters:/home/embedded/ros2_ws/install/ecl_utilities:/home/embedded/ros2_ws/install/ecl_converters:/home/embedded/ros2_ws/install/ecl_math:/home/embedded/ros2_ws/install/ecl_exceptions:/home/embedded/ros2_ws/install/ecl_concepts:/home/embedded/ros2_ws/install/ecl_type_traits:/home/embedded/ros2_ws/install/ecl_errors:/home/embedded/ros2_ws/install/ecl_mpl:/home/embedded/ros2_ws/install/ecl_eigen:/home/embedded/ros2_ws/install/ecl_config:/opt/ros/jazzy/opt/gz_sim_vendor:/opt/ros/jazzy/opt/gz_sensors_vendor:/opt/ros/jazzy/opt/gz_physics_vendor:/opt/ros/jazzy/opt/sdformat_vendor:/opt/ros/jazzy/opt/gz_gui_vendor:/opt/ros/jazzy/opt/gz_transport_vendor:/opt/ros/jazzy/opt/gz_rendering_vendor:/opt/ros/jazzy/opt/gz_plugin_vendor:/opt/ros/jazzy/opt/gz_fuel_tools_vendor:/opt/ros/jazzy/opt/gz_msgs_vendor:/opt/ros/jazzy/opt/gz_common_vendor:/opt/ros/jazzy/opt/gz_tools_vendor:/opt/ros/jazzy/opt/gz_ogre_next_vendor:/opt/ros/jazzy/opt/gz_dartsim_vendor:/opt/ros/jazzy/opt/gz_math_vendor:/opt/ros/jazzy/opt/gz_utils_vendor:/opt/ros/jazzy/opt/gz_cmake_vendor:/opt/ros/jazzy LD_LIBRARY_PATH=/home/embedded/ros2_ws/install/ecl_linear_algebra/lib:/home/embedded/ros2_ws/install/ecl_formatters/lib:/home/embedded/ros2_ws/install/ecl_exceptions/lib:/home/embedded/ros2_ws/install/ecl_type_traits/lib:/home/embedded/ros2_ws/install/ecl_errors/lib:${LD_LIBRARY_PATH} PATH=/home/embedded/ros2_ws/install/ecl_type_traits/bin:/home/embedded/ros2_ws/install/ecl_config/bin:${PATH} /usr/bin/cmake --build /home/embedded/ros2_ws/build/ecl_geometry -- -j4 -l4
[0.856s] Invoking command in '/home/embedded/ros2_ws/build/ecl_geometry': AMENT_PREFIX_PATH=/home/embedded/ros2_ws/install/ecl_linear_algebra:/home/embedded/ros2_ws/install/ecl_containers:/home/embedded/ros2_ws/install/ecl_formatters:/home/embedded/ros2_ws/install/ecl_utilities:/home/embedded/ros2_ws/install/ecl_converters:/home/embedded/ros2_ws/install/ecl_math:/home/embedded/ros2_ws/install/ecl_exceptions:/home/embedded/ros2_ws/install/ecl_concepts:/home/embedded/ros2_ws/install/ecl_type_traits:/home/embedded/ros2_ws/install/ecl_errors:/home/embedded/ros2_ws/install/ecl_mpl:/home/embedded/ros2_ws/install/ecl_eigen:/home/embedded/ros2_ws/install/ecl_config:${AMENT_PREFIX_PATH} CMAKE_PREFIX_PATH=/home/embedded/ros2_ws/install/ecl_linear_algebra:/home/embedded/ros2_ws/install/ecl_containers:/home/embedded/ros2_ws/install/ecl_formatters:/home/embedded/ros2_ws/install/ecl_utilities:/home/embedded/ros2_ws/install/ecl_converters:/home/embedded/ros2_ws/install/ecl_math:/home/embedded/ros2_ws/install/ecl_exceptions:/home/embedded/ros2_ws/install/ecl_concepts:/home/embedded/ros2_ws/install/ecl_type_traits:/home/embedded/ros2_ws/install/ecl_errors:/home/embedded/ros2_ws/install/ecl_mpl:/home/embedded/ros2_ws/install/ecl_eigen:/home/embedded/ros2_ws/install/ecl_config:/opt/ros/jazzy/opt/gz_sim_vendor:/opt/ros/jazzy/opt/gz_sensors_vendor:/opt/ros/jazzy/opt/gz_physics_vendor:/opt/ros/jazzy/opt/sdformat_vendor:/opt/ros/jazzy/opt/gz_gui_vendor:/opt/ros/jazzy/opt/gz_transport_vendor:/opt/ros/jazzy/opt/gz_rendering_vendor:/opt/ros/jazzy/opt/gz_plugin_vendor:/opt/ros/jazzy/opt/gz_fuel_tools_vendor:/opt/ros/jazzy/opt/gz_msgs_vendor:/opt/ros/jazzy/opt/gz_common_vendor:/opt/ros/jazzy/opt/gz_tools_vendor:/opt/ros/jazzy/opt/gz_ogre_next_vendor:/opt/ros/jazzy/opt/gz_dartsim_vendor:/opt/ros/jazzy/opt/gz_math_vendor:/opt/ros/jazzy/opt/gz_utils_vendor:/opt/ros/jazzy/opt/gz_cmake_vendor:/opt/ros/jazzy LD_LIBRARY_PATH=/home/embedded/ros2_ws/install/ecl_linear_algebra/lib:/home/embedded/ros2_ws/install/ecl_formatters/lib:/home/embedded/ros2_ws/install/ecl_exceptions/lib:/home/embedded/ros2_ws/install/ecl_type_traits/lib:/home/embedded/ros2_ws/install/ecl_errors/lib:${LD_LIBRARY_PATH} PATH=/home/embedded/ros2_ws/install/ecl_type_traits/bin:/home/embedded/ros2_ws/install/ecl_config/bin:${PATH} /usr/bin/cmake --install /home/embedded/ros2_ws/build/ecl_geometry
[0.877s] -- Install configuration: ""
[0.880s] -- Execute custom install script
[0.881s] -- Up-to-date symlink: /home/embedded/ros2_ws/install/ecl_geometry/include/ecl/geometry/angle.hpp
[0.881s] -- Up-to-date symlink: /home/embedded/ros2_ws/install/ecl_geometry/include/ecl/geometry/cartesian_point.hpp
[0.881s] -- Up-to-date symlink: /home/embedded/ros2_ws/install/ecl_geometry/include/ecl/geometry/cubic_spline.hpp
[0.881s] -- Up-to-date symlink: /home/embedded/ros2_ws/install/ecl_geometry/include/ecl/geometry/function_math.hpp
[0.881s] -- Up-to-date symlink: /home/embedded/ros2_ws/install/ecl_geometry/include/ecl/geometry/homogeneous_point.hpp
[0.884s] -- Up-to-date symlink: /home/embedded/ros2_ws/install/ecl_geometry/include/ecl/geometry/legacy_pose2d.hpp
[0.884s] -- Up-to-date symlink: /home/embedded/ros2_ws/install/ecl_geometry/include/ecl/geometry/legacy_pose3d.hpp
[0.886s] -- Up-to-date symlink: /home/embedded/ros2_ws/install/ecl_geometry/include/ecl/geometry/linear_segment.hpp
[0.886s] -- Up-to-date symlink: /home/embedded/ros2_ws/install/ecl_geometry/include/ecl/geometry/macros.hpp
[0.886s] -- Up-to-date symlink: /home/embedded/ros2_ws/install/ecl_geometry/include/ecl/geometry/odometry.hpp
[0.888s] -- Up-to-date symlink: /home/embedded/ros2_ws/install/ecl_geometry/include/ecl/geometry/odometry_helper.hpp
[0.888s] -- Up-to-date symlink: /home/embedded/ros2_ws/install/ecl_geometry/include/ecl/geometry/odometry_typedefs.hpp
[0.888s] -- Up-to-date symlink: /home/embedded/ros2_ws/install/ecl_geometry/include/ecl/geometry/pascals_triangle.hpp
[0.888s] -- Up-to-date symlink: /home/embedded/ros2_ws/install/ecl_geometry/include/ecl/geometry/polynomial.hpp
[0.888s] -- Up-to-date symlink: /home/embedded/ros2_ws/install/ecl_geometry/include/ecl/geometry/pose2d.hpp
[0.889s] -- Up-to-date symlink: /home/embedded/ros2_ws/install/ecl_geometry/include/ecl/geometry/smooth_linear_spline.hpp
[0.889s] -- Up-to-date symlink: /home/embedded/ros2_ws/install/ecl_geometry/include/ecl/geometry/spline_function.hpp
[0.889s] -- Up-to-date symlink: /home/embedded/ros2_ws/install/ecl_geometry/include/ecl/geometry/tension_function.hpp
[0.889s] -- Up-to-date symlink: /home/embedded/ros2_ws/install/ecl_geometry/include/ecl/geometry/tension_spline.hpp
[0.889s] -- Up-to-date symlink: /home/embedded/ros2_ws/install/ecl_geometry/include/ecl/geometry.hpp
[0.889s] -- Up-to-date symlink: /home/embedded/ros2_ws/install/ecl_geometry/share/ecl_geometry/environment/library_path.sh
[0.889s] -- Up-to-date symlink: /home/embedded/ros2_ws/install/ecl_geometry/share/ecl_geometry/environment/library_path.dsv
[0.889s] -- Up-to-date symlink: /home/embedded/ros2_ws/install/ecl_geometry/share/ament_index/resource_index/package_run_dependencies/ecl_geometry
[0.889s] -- Up-to-date symlink: /home/embedded/ros2_ws/install/ecl_geometry/share/ament_index/resource_index/parent_prefix_path/ecl_geometry
[0.889s] -- Up-to-date symlink: /home/embedded/ros2_ws/install/ecl_geometry/share/ecl_geometry/environment/ament_prefix_path.sh
[0.889s] -- Up-to-date symlink: /home/embedded/ros2_ws/install/ecl_geometry/share/ecl_geometry/environment/ament_prefix_path.dsv
[0.890s] -- Up-to-date symlink: /home/embedded/ros2_ws/install/ecl_geometry/share/ecl_geometry/environment/path.sh
[0.890s] -- Up-to-date symlink: /home/embedded/ros2_ws/install/ecl_geometry/share/ecl_geometry/environment/path.dsv
[0.890s] -- Up-to-date symlink: /home/embedded/ros2_ws/install/ecl_geometry/share/ecl_geometry/local_setup.bash
[0.890s] -- Up-to-date symlink: /home/embedded/ros2_ws/install/ecl_geometry/share/ecl_geometry/local_setup.sh
[0.890s] -- Up-to-date symlink: /home/embedded/ros2_ws/install/ecl_geometry/share/ecl_geometry/local_setup.zsh
[0.890s] -- Up-to-date symlink: /home/embedded/ros2_ws/install/ecl_geometry/share/ecl_geometry/local_setup.dsv
[0.890s] -- Symlinking: /home/embedded/ros2_ws/install/ecl_geometry/share/ecl_geometry/package.dsv
[0.926s] -- Up-to-date symlink: /home/embedded/ros2_ws/install/ecl_geometry/share/ament_index/resource_index/packages/ecl_geometry
[0.929s] -- Up-to-date symlink: /home/embedded/ros2_ws/install/ecl_geometry/share/ecl_geometry/cmake/ament_cmake_export_targets-extras.cmake
[0.930s] -- Up-to-date symlink: /home/embedded/ros2_ws/install/ecl_geometry/share/ecl_geometry/cmake/ament_cmake_export_include_directories-extras.cmake
[0.931s] -- Up-to-date symlink: /home/embedded/ros2_ws/install/ecl_geometry/share/ecl_geometry/cmake/ament_cmake_export_libraries-extras.cmake
[0.931s] -- Up-to-date symlink: /home/embedded/ros2_ws/install/ecl_geometry/share/ecl_geometry/cmake/ament_cmake_export_dependencies-extras.cmake
[0.931s] -- Up-to-date symlink: /home/embedded/ros2_ws/install/ecl_geometry/share/ecl_geometry/cmake/ecl_geometryConfig.cmake
[0.931s] -- Up-to-date symlink: /home/embedded/ros2_ws/install/ecl_geometry/share/ecl_geometry/cmake/ecl_geometryConfig-version.cmake
[0.932s] -- Up-to-date symlink: /home/embedded/ros2_ws/install/ecl_geometry/share/ecl_geometry/package.xml
[0.932s] -- Up-to-date: /home/embedded/ros2_ws/install/ecl_geometry/share/ecl_geometry/cmake/ecl_geometryExport.cmake
[0.932s] -- Up-to-date: /home/embedded/ros2_ws/install/ecl_geometry/share/ecl_geometry/cmake/ecl_geometryExport-noconfig.cmake
[0.932s] -- Up-to-date: /home/embedded/ros2_ws/install/ecl_geometry/lib/libecl_geometry.so.1.2.1
[0.938s] -- Up-to-date: /home/embedded/ros2_ws/install/ecl_geometry/lib/libecl_geometry.so
[0.965s] Invoked command in '/home/embedded/ros2_ws/build/ecl_geometry' returned '0': AMENT_PREFIX_PATH=/home/embedded/ros2_ws/install/ecl_linear_algebra:/home/embedded/ros2_ws/install/ecl_containers:/home/embedded/ros2_ws/install/ecl_formatters:/home/embedded/ros2_ws/install/ecl_utilities:/home/embedded/ros2_ws/install/ecl_converters:/home/embedded/ros2_ws/install/ecl_math:/home/embedded/ros2_ws/install/ecl_exceptions:/home/embedded/ros2_ws/install/ecl_concepts:/home/embedded/ros2_ws/install/ecl_type_traits:/home/embedded/ros2_ws/install/ecl_errors:/home/embedded/ros2_ws/install/ecl_mpl:/home/embedded/ros2_ws/install/ecl_eigen:/home/embedded/ros2_ws/install/ecl_config:${AMENT_PREFIX_PATH} CMAKE_PREFIX_PATH=/home/embedded/ros2_ws/install/ecl_linear_algebra:/home/embedded/ros2_ws/install/ecl_containers:/home/embedded/ros2_ws/install/ecl_formatters:/home/embedded/ros2_ws/install/ecl_utilities:/home/embedded/ros2_ws/install/ecl_converters:/home/embedded/ros2_ws/install/ecl_math:/home/embedded/ros2_ws/install/ecl_exceptions:/home/embedded/ros2_ws/install/ecl_concepts:/home/embedded/ros2_ws/install/ecl_type_traits:/home/embedded/ros2_ws/install/ecl_errors:/home/embedded/ros2_ws/install/ecl_mpl:/home/embedded/ros2_ws/install/ecl_eigen:/home/embedded/ros2_ws/install/ecl_config:/opt/ros/jazzy/opt/gz_sim_vendor:/opt/ros/jazzy/opt/gz_sensors_vendor:/opt/ros/jazzy/opt/gz_physics_vendor:/opt/ros/jazzy/opt/sdformat_vendor:/opt/ros/jazzy/opt/gz_gui_vendor:/opt/ros/jazzy/opt/gz_transport_vendor:/opt/ros/jazzy/opt/gz_rendering_vendor:/opt/ros/jazzy/opt/gz_plugin_vendor:/opt/ros/jazzy/opt/gz_fuel_tools_vendor:/opt/ros/jazzy/opt/gz_msgs_vendor:/opt/ros/jazzy/opt/gz_common_vendor:/opt/ros/jazzy/opt/gz_tools_vendor:/opt/ros/jazzy/opt/gz_ogre_next_vendor:/opt/ros/jazzy/opt/gz_dartsim_vendor:/opt/ros/jazzy/opt/gz_math_vendor:/opt/ros/jazzy/opt/gz_utils_vendor:/opt/ros/jazzy/opt/gz_cmake_vendor:/opt/ros/jazzy LD_LIBRARY_PATH=/home/embedded/ros2_ws/install/ecl_linear_algebra/lib:/home/embedded/ros2_ws/install/ecl_formatters/lib:/home/embedded/ros2_ws/install/ecl_exceptions/lib:/home/embedded/ros2_ws/install/ecl_type_traits/lib:/home/embedded/ros2_ws/install/ecl_errors/lib:${LD_LIBRARY_PATH} PATH=/home/embedded/ros2_ws/install/ecl_type_traits/bin:/home/embedded/ros2_ws/install/ecl_config/bin:${PATH} /usr/bin/cmake --install /home/embedded/ros2_ws/build/ecl_geometry
