[0.061s] Invoking command in '/home/embedded/ros2_ws/build/ecl_utilities': AMENT_PREFIX_PATH=/home/embedded/ros2_ws/install/ecl_concepts:/home/embedded/ros2_ws/install/ecl_type_traits:/home/embedded/ros2_ws/install/ecl_mpl:/home/embedded/ros2_ws/install/ecl_config:${AMENT_PREFIX_PATH} CMAKE_PREFIX_PATH=/home/embedded/ros2_ws/install/ecl_concepts:/home/embedded/ros2_ws/install/ecl_type_traits:/home/embedded/ros2_ws/install/ecl_mpl:/home/embedded/ros2_ws/install/ecl_config:/opt/ros/jazzy/opt/gz_sim_vendor:/opt/ros/jazzy/opt/gz_sensors_vendor:/opt/ros/jazzy/opt/gz_physics_vendor:/opt/ros/jazzy/opt/sdformat_vendor:/opt/ros/jazzy/opt/gz_gui_vendor:/opt/ros/jazzy/opt/gz_transport_vendor:/opt/ros/jazzy/opt/gz_rendering_vendor:/opt/ros/jazzy/opt/gz_plugin_vendor:/opt/ros/jazzy/opt/gz_fuel_tools_vendor:/opt/ros/jazzy/opt/gz_msgs_vendor:/opt/ros/jazzy/opt/gz_common_vendor:/opt/ros/jazzy/opt/gz_tools_vendor:/opt/ros/jazzy/opt/gz_ogre_next_vendor:/opt/ros/jazzy/opt/gz_dartsim_vendor:/opt/ros/jazzy/opt/gz_math_vendor:/opt/ros/jazzy/opt/gz_utils_vendor:/opt/ros/jazzy/opt/gz_cmake_vendor:/opt/ros/jazzy LD_LIBRARY_PATH=/home/embedded/ros2_ws/install/ecl_type_traits/lib:${LD_LIBRARY_PATH} PATH=/home/embedded/ros2_ws/install/ecl_type_traits/bin:/home/embedded/ros2_ws/install/ecl_config/bin:${PATH} /usr/bin/cmake --build /home/embedded/ros2_ws/build/ecl_utilities -- -j4 -l4
[0.252s] [ 12%] Built target gtest
[0.254s] [ 25%] Built target ecl_demo_constructors
[0.255s] [ 37%] Built target gtest_main
[0.341s] [ 50%] Built target ecl_test_references
[0.372s] [ 62%] Built target ecl_test_function_objects
[0.372s] [ 75%] Built target ecl_test_singleton
[0.384s] [ 87%] Built target ecl_test_parameters
[0.441s] [100%] Built target ecl_test_flags
[0.555s] Invoked command in '/home/embedded/ros2_ws/build/ecl_utilities' returned '0': AMENT_PREFIX_PATH=/home/embedded/ros2_ws/install/ecl_concepts:/home/embedded/ros2_ws/install/ecl_type_traits:/home/embedded/ros2_ws/install/ecl_mpl:/home/embedded/ros2_ws/install/ecl_config:${AMENT_PREFIX_PATH} CMAKE_PREFIX_PATH=/home/embedded/ros2_ws/install/ecl_concepts:/home/embedded/ros2_ws/install/ecl_type_traits:/home/embedded/ros2_ws/install/ecl_mpl:/home/embedded/ros2_ws/install/ecl_config:/opt/ros/jazzy/opt/gz_sim_vendor:/opt/ros/jazzy/opt/gz_sensors_vendor:/opt/ros/jazzy/opt/gz_physics_vendor:/opt/ros/jazzy/opt/sdformat_vendor:/opt/ros/jazzy/opt/gz_gui_vendor:/opt/ros/jazzy/opt/gz_transport_vendor:/opt/ros/jazzy/opt/gz_rendering_vendor:/opt/ros/jazzy/opt/gz_plugin_vendor:/opt/ros/jazzy/opt/gz_fuel_tools_vendor:/opt/ros/jazzy/opt/gz_msgs_vendor:/opt/ros/jazzy/opt/gz_common_vendor:/opt/ros/jazzy/opt/gz_tools_vendor:/opt/ros/jazzy/opt/gz_ogre_next_vendor:/opt/ros/jazzy/opt/gz_dartsim_vendor:/opt/ros/jazzy/opt/gz_math_vendor:/opt/ros/jazzy/opt/gz_utils_vendor:/opt/ros/jazzy/opt/gz_cmake_vendor:/opt/ros/jazzy LD_LIBRARY_PATH=/home/embedded/ros2_ws/install/ecl_type_traits/lib:${LD_LIBRARY_PATH} PATH=/home/embedded/ros2_ws/install/ecl_type_traits/bin:/home/embedded/ros2_ws/install/ecl_config/bin:${PATH} /usr/bin/cmake --build /home/embedded/ros2_ws/build/ecl_utilities -- -j4 -l4
[0.555s] Invoking command in '/home/embedded/ros2_ws/build/ecl_utilities': AMENT_PREFIX_PATH=/home/embedded/ros2_ws/install/ecl_concepts:/home/embedded/ros2_ws/install/ecl_type_traits:/home/embedded/ros2_ws/install/ecl_mpl:/home/embedded/ros2_ws/install/ecl_config:${AMENT_PREFIX_PATH} CMAKE_PREFIX_PATH=/home/embedded/ros2_ws/install/ecl_concepts:/home/embedded/ros2_ws/install/ecl_type_traits:/home/embedded/ros2_ws/install/ecl_mpl:/home/embedded/ros2_ws/install/ecl_config:/opt/ros/jazzy/opt/gz_sim_vendor:/opt/ros/jazzy/opt/gz_sensors_vendor:/opt/ros/jazzy/opt/gz_physics_vendor:/opt/ros/jazzy/opt/sdformat_vendor:/opt/ros/jazzy/opt/gz_gui_vendor:/opt/ros/jazzy/opt/gz_transport_vendor:/opt/ros/jazzy/opt/gz_rendering_vendor:/opt/ros/jazzy/opt/gz_plugin_vendor:/opt/ros/jazzy/opt/gz_fuel_tools_vendor:/opt/ros/jazzy/opt/gz_msgs_vendor:/opt/ros/jazzy/opt/gz_common_vendor:/opt/ros/jazzy/opt/gz_tools_vendor:/opt/ros/jazzy/opt/gz_ogre_next_vendor:/opt/ros/jazzy/opt/gz_dartsim_vendor:/opt/ros/jazzy/opt/gz_math_vendor:/opt/ros/jazzy/opt/gz_utils_vendor:/opt/ros/jazzy/opt/gz_cmake_vendor:/opt/ros/jazzy LD_LIBRARY_PATH=/home/embedded/ros2_ws/install/ecl_type_traits/lib:${LD_LIBRARY_PATH} PATH=/home/embedded/ros2_ws/install/ecl_type_traits/bin:/home/embedded/ros2_ws/install/ecl_config/bin:${PATH} /usr/bin/cmake --install /home/embedded/ros2_ws/build/ecl_utilities
[0.588s] -- Install configuration: ""
[0.589s] -- Execute custom install script
[0.589s] -- Up-to-date symlink: /home/embedded/ros2_ws/install/ecl_utilities/include/ecl/utilities/blueprints.hpp
[0.589s] -- Up-to-date symlink: /home/embedded/ros2_ws/install/ecl_utilities/include/ecl/utilities/flags.hpp
[0.589s] -- Up-to-date symlink: /home/embedded/ros2_ws/install/ecl_utilities/include/ecl/utilities/function_objects.hpp
[0.595s] -- Up-to-date symlink: /home/embedded/ros2_ws/install/ecl_utilities/include/ecl/utilities/parameter.hpp
[0.595s] -- Up-to-date symlink: /home/embedded/ros2_ws/install/ecl_utilities/include/ecl/utilities/references.hpp
[0.595s] -- Up-to-date symlink: /home/embedded/ros2_ws/install/ecl_utilities/include/ecl/utilities/singleton.hpp
[0.596s] -- Up-to-date symlink: /home/embedded/ros2_ws/install/ecl_utilities/include/ecl/utilities/void.hpp
[0.596s] -- Up-to-date symlink: /home/embedded/ros2_ws/install/ecl_utilities/include/ecl/utilities.hpp
[0.596s] -- Up-to-date symlink: /home/embedded/ros2_ws/install/ecl_utilities/lib/ecl_utilities/demo_constructors
[0.596s] -- Up-to-date symlink: /home/embedded/ros2_ws/install/ecl_utilities/share/ament_index/resource_index/package_run_dependencies/ecl_utilities
[0.603s] -- Up-to-date symlink: /home/embedded/ros2_ws/install/ecl_utilities/share/ament_index/resource_index/parent_prefix_path/ecl_utilities
[0.603s] -- Up-to-date symlink: /home/embedded/ros2_ws/install/ecl_utilities/share/ecl_utilities/environment/ament_prefix_path.sh
[0.603s] -- Up-to-date symlink: /home/embedded/ros2_ws/install/ecl_utilities/share/ecl_utilities/environment/ament_prefix_path.dsv
[0.603s] -- Up-to-date symlink: /home/embedded/ros2_ws/install/ecl_utilities/share/ecl_utilities/environment/path.sh
[0.603s] -- Up-to-date symlink: /home/embedded/ros2_ws/install/ecl_utilities/share/ecl_utilities/environment/path.dsv
[0.604s] -- Up-to-date symlink: /home/embedded/ros2_ws/install/ecl_utilities/share/ecl_utilities/local_setup.bash
[0.604s] -- Up-to-date symlink: /home/embedded/ros2_ws/install/ecl_utilities/share/ecl_utilities/local_setup.sh
[0.604s] -- Up-to-date symlink: /home/embedded/ros2_ws/install/ecl_utilities/share/ecl_utilities/local_setup.zsh
[0.604s] -- Up-to-date symlink: /home/embedded/ros2_ws/install/ecl_utilities/share/ecl_utilities/local_setup.dsv
[0.604s] -- Symlinking: /home/embedded/ros2_ws/install/ecl_utilities/share/ecl_utilities/package.dsv
[0.641s] -- Up-to-date symlink: /home/embedded/ros2_ws/install/ecl_utilities/share/ament_index/resource_index/packages/ecl_utilities
[0.641s] -- Up-to-date symlink: /home/embedded/ros2_ws/install/ecl_utilities/share/ecl_utilities/cmake/ament_cmake_export_targets-extras.cmake
[0.641s] -- Up-to-date symlink: /home/embedded/ros2_ws/install/ecl_utilities/share/ecl_utilities/cmake/ament_cmake_export_include_directories-extras.cmake
[0.642s] -- Up-to-date symlink: /home/embedded/ros2_ws/install/ecl_utilities/share/ecl_utilities/cmake/ament_cmake_export_dependencies-extras.cmake
[0.642s] -- Up-to-date symlink: /home/embedded/ros2_ws/install/ecl_utilities/share/ecl_utilities/cmake/ecl_utilitiesConfig.cmake
[0.642s] -- Up-to-date symlink: /home/embedded/ros2_ws/install/ecl_utilities/share/ecl_utilities/cmake/ecl_utilitiesConfig-version.cmake
[0.642s] -- Up-to-date symlink: /home/embedded/ros2_ws/install/ecl_utilities/share/ecl_utilities/package.xml
[0.647s] -- Up-to-date: /home/embedded/ros2_ws/install/ecl_utilities/share/ecl_utilities/cmake/ecl_utilitiesExport.cmake
[0.654s] Invoked command in '/home/embedded/ros2_ws/build/ecl_utilities' returned '0': AMENT_PREFIX_PATH=/home/embedded/ros2_ws/install/ecl_concepts:/home/embedded/ros2_ws/install/ecl_type_traits:/home/embedded/ros2_ws/install/ecl_mpl:/home/embedded/ros2_ws/install/ecl_config:${AMENT_PREFIX_PATH} CMAKE_PREFIX_PATH=/home/embedded/ros2_ws/install/ecl_concepts:/home/embedded/ros2_ws/install/ecl_type_traits:/home/embedded/ros2_ws/install/ecl_mpl:/home/embedded/ros2_ws/install/ecl_config:/opt/ros/jazzy/opt/gz_sim_vendor:/opt/ros/jazzy/opt/gz_sensors_vendor:/opt/ros/jazzy/opt/gz_physics_vendor:/opt/ros/jazzy/opt/sdformat_vendor:/opt/ros/jazzy/opt/gz_gui_vendor:/opt/ros/jazzy/opt/gz_transport_vendor:/opt/ros/jazzy/opt/gz_rendering_vendor:/opt/ros/jazzy/opt/gz_plugin_vendor:/opt/ros/jazzy/opt/gz_fuel_tools_vendor:/opt/ros/jazzy/opt/gz_msgs_vendor:/opt/ros/jazzy/opt/gz_common_vendor:/opt/ros/jazzy/opt/gz_tools_vendor:/opt/ros/jazzy/opt/gz_ogre_next_vendor:/opt/ros/jazzy/opt/gz_dartsim_vendor:/opt/ros/jazzy/opt/gz_math_vendor:/opt/ros/jazzy/opt/gz_utils_vendor:/opt/ros/jazzy/opt/gz_cmake_vendor:/opt/ros/jazzy LD_LIBRARY_PATH=/home/embedded/ros2_ws/install/ecl_type_traits/lib:${LD_LIBRARY_PATH} PATH=/home/embedded/ros2_ws/install/ecl_type_traits/bin:/home/embedded/ros2_ws/install/ecl_config/bin:${PATH} /usr/bin/cmake --install /home/embedded/ros2_ws/build/ecl_utilities
