[0.055s] Invoking command in '/home/embedded/ros2_ws/build/ecl_threads': AMENT_PREFIX_PATH=/home/embedded/ros2_ws/install/ecl_utilities:/home/embedded/ros2_ws/install/ecl_time:/home/embedded/ros2_ws/install/ecl_time_lite:/home/embedded/ros2_ws/install/ecl_exceptions:/home/embedded/ros2_ws/install/ecl_concepts:/home/embedded/ros2_ws/install/ecl_type_traits:/home/embedded/ros2_ws/install/ecl_errors:/home/embedded/ros2_ws/install/ecl_mpl:/home/embedded/ros2_ws/install/ecl_config:${AMENT_PREFIX_PATH} CMAKE_PREFIX_PATH=/home/embedded/ros2_ws/install/ecl_utilities:/home/embedded/ros2_ws/install/ecl_time:/home/embedded/ros2_ws/install/ecl_time_lite:/home/embedded/ros2_ws/install/ecl_exceptions:/home/embedded/ros2_ws/install/ecl_concepts:/home/embedded/ros2_ws/install/ecl_type_traits:/home/embedded/ros2_ws/install/ecl_errors:/home/embedded/ros2_ws/install/ecl_mpl:/home/embedded/ros2_ws/install/ecl_config:/opt/ros/jazzy/opt/gz_sim_vendor:/opt/ros/jazzy/opt/gz_sensors_vendor:/opt/ros/jazzy/opt/gz_physics_vendor:/opt/ros/jazzy/opt/sdformat_vendor:/opt/ros/jazzy/opt/gz_gui_vendor:/opt/ros/jazzy/opt/gz_transport_vendor:/opt/ros/jazzy/opt/gz_rendering_vendor:/opt/ros/jazzy/opt/gz_plugin_vendor:/opt/ros/jazzy/opt/gz_fuel_tools_vendor:/opt/ros/jazzy/opt/gz_msgs_vendor:/opt/ros/jazzy/opt/gz_common_vendor:/opt/ros/jazzy/opt/gz_tools_vendor:/opt/ros/jazzy/opt/gz_ogre_next_vendor:/opt/ros/jazzy/opt/gz_dartsim_vendor:/opt/ros/jazzy/opt/gz_math_vendor:/opt/ros/jazzy/opt/gz_utils_vendor:/opt/ros/jazzy/opt/gz_cmake_vendor:/opt/ros/jazzy LD_LIBRARY_PATH=/home/embedded/ros2_ws/install/ecl_time/lib:/home/embedded/ros2_ws/install/ecl_time_lite/lib:/home/embedded/ros2_ws/install/ecl_exceptions/lib:/home/embedded/ros2_ws/install/ecl_type_traits/lib:/home/embedded/ros2_ws/install/ecl_errors/lib:${LD_LIBRARY_PATH} PATH=/home/embedded/ros2_ws/install/ecl_type_traits/bin:/home/embedded/ros2_ws/install/ecl_config/bin:${PATH} /usr/bin/cmake --build /home/embedded/ros2_ws/build/ecl_threads -- -j4 -l4
[0.265s] [  8%] Built target gtest_main
[0.304s] [ 39%] Built target ecl_threads
[0.304s] [ 47%] Built target gtest
[0.416s] [ 56%] Built target ecl_test_threads
[0.436s] [ 65%] Built target ecl_test_priorities
[0.449s] [ 73%] Built target ecl_test_threadable
[0.455s] [ 82%] Built target ecl_test_mutex
[0.502s] [ 91%] Built target ecl_demo_thread
[0.524s] [100%] Built target ecl_demo_mutex
[0.558s] Invoked command in '/home/embedded/ros2_ws/build/ecl_threads' returned '0': AMENT_PREFIX_PATH=/home/embedded/ros2_ws/install/ecl_utilities:/home/embedded/ros2_ws/install/ecl_time:/home/embedded/ros2_ws/install/ecl_time_lite:/home/embedded/ros2_ws/install/ecl_exceptions:/home/embedded/ros2_ws/install/ecl_concepts:/home/embedded/ros2_ws/install/ecl_type_traits:/home/embedded/ros2_ws/install/ecl_errors:/home/embedded/ros2_ws/install/ecl_mpl:/home/embedded/ros2_ws/install/ecl_config:${AMENT_PREFIX_PATH} CMAKE_PREFIX_PATH=/home/embedded/ros2_ws/install/ecl_utilities:/home/embedded/ros2_ws/install/ecl_time:/home/embedded/ros2_ws/install/ecl_time_lite:/home/embedded/ros2_ws/install/ecl_exceptions:/home/embedded/ros2_ws/install/ecl_concepts:/home/embedded/ros2_ws/install/ecl_type_traits:/home/embedded/ros2_ws/install/ecl_errors:/home/embedded/ros2_ws/install/ecl_mpl:/home/embedded/ros2_ws/install/ecl_config:/opt/ros/jazzy/opt/gz_sim_vendor:/opt/ros/jazzy/opt/gz_sensors_vendor:/opt/ros/jazzy/opt/gz_physics_vendor:/opt/ros/jazzy/opt/sdformat_vendor:/opt/ros/jazzy/opt/gz_gui_vendor:/opt/ros/jazzy/opt/gz_transport_vendor:/opt/ros/jazzy/opt/gz_rendering_vendor:/opt/ros/jazzy/opt/gz_plugin_vendor:/opt/ros/jazzy/opt/gz_fuel_tools_vendor:/opt/ros/jazzy/opt/gz_msgs_vendor:/opt/ros/jazzy/opt/gz_common_vendor:/opt/ros/jazzy/opt/gz_tools_vendor:/opt/ros/jazzy/opt/gz_ogre_next_vendor:/opt/ros/jazzy/opt/gz_dartsim_vendor:/opt/ros/jazzy/opt/gz_math_vendor:/opt/ros/jazzy/opt/gz_utils_vendor:/opt/ros/jazzy/opt/gz_cmake_vendor:/opt/ros/jazzy LD_LIBRARY_PATH=/home/embedded/ros2_ws/install/ecl_time/lib:/home/embedded/ros2_ws/install/ecl_time_lite/lib:/home/embedded/ros2_ws/install/ecl_exceptions/lib:/home/embedded/ros2_ws/install/ecl_type_traits/lib:/home/embedded/ros2_ws/install/ecl_errors/lib:${LD_LIBRARY_PATH} PATH=/home/embedded/ros2_ws/install/ecl_type_traits/bin:/home/embedded/ros2_ws/install/ecl_config/bin:${PATH} /usr/bin/cmake --build /home/embedded/ros2_ws/build/ecl_threads -- -j4 -l4
[0.559s] Invoking command in '/home/embedded/ros2_ws/build/ecl_threads': AMENT_PREFIX_PATH=/home/embedded/ros2_ws/install/ecl_utilities:/home/embedded/ros2_ws/install/ecl_time:/home/embedded/ros2_ws/install/ecl_time_lite:/home/embedded/ros2_ws/install/ecl_exceptions:/home/embedded/ros2_ws/install/ecl_concepts:/home/embedded/ros2_ws/install/ecl_type_traits:/home/embedded/ros2_ws/install/ecl_errors:/home/embedded/ros2_ws/install/ecl_mpl:/home/embedded/ros2_ws/install/ecl_config:${AMENT_PREFIX_PATH} CMAKE_PREFIX_PATH=/home/embedded/ros2_ws/install/ecl_utilities:/home/embedded/ros2_ws/install/ecl_time:/home/embedded/ros2_ws/install/ecl_time_lite:/home/embedded/ros2_ws/install/ecl_exceptions:/home/embedded/ros2_ws/install/ecl_concepts:/home/embedded/ros2_ws/install/ecl_type_traits:/home/embedded/ros2_ws/install/ecl_errors:/home/embedded/ros2_ws/install/ecl_mpl:/home/embedded/ros2_ws/install/ecl_config:/opt/ros/jazzy/opt/gz_sim_vendor:/opt/ros/jazzy/opt/gz_sensors_vendor:/opt/ros/jazzy/opt/gz_physics_vendor:/opt/ros/jazzy/opt/sdformat_vendor:/opt/ros/jazzy/opt/gz_gui_vendor:/opt/ros/jazzy/opt/gz_transport_vendor:/opt/ros/jazzy/opt/gz_rendering_vendor:/opt/ros/jazzy/opt/gz_plugin_vendor:/opt/ros/jazzy/opt/gz_fuel_tools_vendor:/opt/ros/jazzy/opt/gz_msgs_vendor:/opt/ros/jazzy/opt/gz_common_vendor:/opt/ros/jazzy/opt/gz_tools_vendor:/opt/ros/jazzy/opt/gz_ogre_next_vendor:/opt/ros/jazzy/opt/gz_dartsim_vendor:/opt/ros/jazzy/opt/gz_math_vendor:/opt/ros/jazzy/opt/gz_utils_vendor:/opt/ros/jazzy/opt/gz_cmake_vendor:/opt/ros/jazzy LD_LIBRARY_PATH=/home/embedded/ros2_ws/install/ecl_time/lib:/home/embedded/ros2_ws/install/ecl_time_lite/lib:/home/embedded/ros2_ws/install/ecl_exceptions/lib:/home/embedded/ros2_ws/install/ecl_type_traits/lib:/home/embedded/ros2_ws/install/ecl_errors/lib:${LD_LIBRARY_PATH} PATH=/home/embedded/ros2_ws/install/ecl_type_traits/bin:/home/embedded/ros2_ws/install/ecl_config/bin:${PATH} /usr/bin/cmake --install /home/embedded/ros2_ws/build/ecl_threads
[0.584s] -- Install configuration: ""
[0.601s] -- Execute custom install script
[0.601s] -- Up-to-date symlink: /home/embedded/ros2_ws/install/ecl_threads/include/ecl/threads/macros.hpp
[0.601s] -- Up-to-date symlink: /home/embedded/ros2_ws/install/ecl_threads/include/ecl/threads/mutex.hpp
[0.601s] -- Up-to-date symlink: /home/embedded/ros2_ws/install/ecl_threads/include/ecl/threads/mutex_pos.hpp
[0.601s] -- Up-to-date symlink: /home/embedded/ros2_ws/install/ecl_threads/include/ecl/threads/mutex_w32.hpp
[0.601s] -- Up-to-date symlink: /home/embedded/ros2_ws/install/ecl_threads/include/ecl/threads/priority.hpp
[0.602s] -- Up-to-date symlink: /home/embedded/ros2_ws/install/ecl_threads/include/ecl/threads/priority_common.hpp
[0.602s] -- Up-to-date symlink: /home/embedded/ros2_ws/install/ecl_threads/include/ecl/threads/priority_pos.hpp
[0.602s] -- Up-to-date symlink: /home/embedded/ros2_ws/install/ecl_threads/include/ecl/threads/priority_win.hpp
[0.602s] -- Up-to-date symlink: /home/embedded/ros2_ws/install/ecl_threads/include/ecl/threads/thread.hpp
[0.602s] -- Up-to-date symlink: /home/embedded/ros2_ws/install/ecl_threads/include/ecl/threads/thread_exceptions_pos.hpp
[0.602s] -- Up-to-date symlink: /home/embedded/ros2_ws/install/ecl_threads/include/ecl/threads/thread_pos.hpp
[0.602s] -- Up-to-date symlink: /home/embedded/ros2_ws/install/ecl_threads/include/ecl/threads/thread_win.hpp
[0.606s] -- Up-to-date symlink: /home/embedded/ros2_ws/install/ecl_threads/include/ecl/threads/threadable.hpp
[0.606s] -- Up-to-date symlink: /home/embedded/ros2_ws/install/ecl_threads/include/ecl/threads.hpp
[0.607s] -- Up-to-date symlink: /home/embedded/ros2_ws/install/ecl_threads/lib/ecl_threads/demo_thread
[0.607s] -- Up-to-date symlink: /home/embedded/ros2_ws/install/ecl_threads/lib/ecl_threads/demo_mutex
[0.607s] -- Up-to-date symlink: /home/embedded/ros2_ws/install/ecl_threads/share/ecl_threads/environment/library_path.sh
[0.607s] -- Up-to-date symlink: /home/embedded/ros2_ws/install/ecl_threads/share/ecl_threads/environment/library_path.dsv
[0.607s] -- Up-to-date symlink: /home/embedded/ros2_ws/install/ecl_threads/share/ament_index/resource_index/package_run_dependencies/ecl_threads
[0.610s] -- Up-to-date symlink: /home/embedded/ros2_ws/install/ecl_threads/share/ament_index/resource_index/parent_prefix_path/ecl_threads
[0.610s] -- Up-to-date symlink: /home/embedded/ros2_ws/install/ecl_threads/share/ecl_threads/environment/ament_prefix_path.sh
[0.611s] -- Up-to-date symlink: /home/embedded/ros2_ws/install/ecl_threads/share/ecl_threads/environment/ament_prefix_path.dsv
[0.611s] -- Up-to-date symlink: /home/embedded/ros2_ws/install/ecl_threads/share/ecl_threads/environment/path.sh
[0.611s] -- Up-to-date symlink: /home/embedded/ros2_ws/install/ecl_threads/share/ecl_threads/environment/path.dsv
[0.614s] -- Up-to-date symlink: /home/embedded/ros2_ws/install/ecl_threads/share/ecl_threads/local_setup.bash
[0.614s] -- Up-to-date symlink: /home/embedded/ros2_ws/install/ecl_threads/share/ecl_threads/local_setup.sh
[0.614s] -- Up-to-date symlink: /home/embedded/ros2_ws/install/ecl_threads/share/ecl_threads/local_setup.zsh
[0.615s] -- Up-to-date symlink: /home/embedded/ros2_ws/install/ecl_threads/share/ecl_threads/local_setup.dsv
[0.615s] -- Symlinking: /home/embedded/ros2_ws/install/ecl_threads/share/ecl_threads/package.dsv
[0.650s] -- Up-to-date symlink: /home/embedded/ros2_ws/install/ecl_threads/share/ament_index/resource_index/packages/ecl_threads
[0.652s] -- Up-to-date symlink: /home/embedded/ros2_ws/install/ecl_threads/share/ecl_threads/cmake/ecl_threads-extras.cmake
[0.655s] -- Up-to-date symlink: /home/embedded/ros2_ws/install/ecl_threads/share/ecl_threads/cmake/ament_cmake_export_targets-extras.cmake
[0.660s] -- Up-to-date symlink: /home/embedded/ros2_ws/install/ecl_threads/share/ecl_threads/cmake/ament_cmake_export_include_directories-extras.cmake
[0.660s] -- Up-to-date symlink: /home/embedded/ros2_ws/install/ecl_threads/share/ecl_threads/cmake/ament_cmake_export_libraries-extras.cmake
[0.660s] -- Up-to-date symlink: /home/embedded/ros2_ws/install/ecl_threads/share/ecl_threads/cmake/ament_cmake_export_dependencies-extras.cmake
[0.661s] -- Up-to-date symlink: /home/embedded/ros2_ws/install/ecl_threads/share/ecl_threads/cmake/ecl_threadsConfig.cmake
[0.661s] -- Up-to-date symlink: /home/embedded/ros2_ws/install/ecl_threads/share/ecl_threads/cmake/ecl_threadsConfig-version.cmake
[0.661s] -- Up-to-date symlink: /home/embedded/ros2_ws/install/ecl_threads/share/ecl_threads/package.xml
[0.661s] -- Up-to-date: /home/embedded/ros2_ws/install/ecl_threads/share/ecl_threads/cmake/ecl_threadsExport.cmake
[0.661s] -- Up-to-date: /home/embedded/ros2_ws/install/ecl_threads/share/ecl_threads/cmake/ecl_threadsExport-noconfig.cmake
[0.661s] -- Up-to-date: /home/embedded/ros2_ws/install/ecl_threads/lib/libecl_threads.so.1.2.1
[0.661s] -- Up-to-date: /home/embedded/ros2_ws/install/ecl_threads/lib/libecl_threads.so
[0.700s] Invoked command in '/home/embedded/ros2_ws/build/ecl_threads' returned '0': AMENT_PREFIX_PATH=/home/embedded/ros2_ws/install/ecl_utilities:/home/embedded/ros2_ws/install/ecl_time:/home/embedded/ros2_ws/install/ecl_time_lite:/home/embedded/ros2_ws/install/ecl_exceptions:/home/embedded/ros2_ws/install/ecl_concepts:/home/embedded/ros2_ws/install/ecl_type_traits:/home/embedded/ros2_ws/install/ecl_errors:/home/embedded/ros2_ws/install/ecl_mpl:/home/embedded/ros2_ws/install/ecl_config:${AMENT_PREFIX_PATH} CMAKE_PREFIX_PATH=/home/embedded/ros2_ws/install/ecl_utilities:/home/embedded/ros2_ws/install/ecl_time:/home/embedded/ros2_ws/install/ecl_time_lite:/home/embedded/ros2_ws/install/ecl_exceptions:/home/embedded/ros2_ws/install/ecl_concepts:/home/embedded/ros2_ws/install/ecl_type_traits:/home/embedded/ros2_ws/install/ecl_errors:/home/embedded/ros2_ws/install/ecl_mpl:/home/embedded/ros2_ws/install/ecl_config:/opt/ros/jazzy/opt/gz_sim_vendor:/opt/ros/jazzy/opt/gz_sensors_vendor:/opt/ros/jazzy/opt/gz_physics_vendor:/opt/ros/jazzy/opt/sdformat_vendor:/opt/ros/jazzy/opt/gz_gui_vendor:/opt/ros/jazzy/opt/gz_transport_vendor:/opt/ros/jazzy/opt/gz_rendering_vendor:/opt/ros/jazzy/opt/gz_plugin_vendor:/opt/ros/jazzy/opt/gz_fuel_tools_vendor:/opt/ros/jazzy/opt/gz_msgs_vendor:/opt/ros/jazzy/opt/gz_common_vendor:/opt/ros/jazzy/opt/gz_tools_vendor:/opt/ros/jazzy/opt/gz_ogre_next_vendor:/opt/ros/jazzy/opt/gz_dartsim_vendor:/opt/ros/jazzy/opt/gz_math_vendor:/opt/ros/jazzy/opt/gz_utils_vendor:/opt/ros/jazzy/opt/gz_cmake_vendor:/opt/ros/jazzy LD_LIBRARY_PATH=/home/embedded/ros2_ws/install/ecl_time/lib:/home/embedded/ros2_ws/install/ecl_time_lite/lib:/home/embedded/ros2_ws/install/ecl_exceptions/lib:/home/embedded/ros2_ws/install/ecl_type_traits/lib:/home/embedded/ros2_ws/install/ecl_errors/lib:${LD_LIBRARY_PATH} PATH=/home/embedded/ros2_ws/install/ecl_type_traits/bin:/home/embedded/ros2_ws/install/ecl_config/bin:${PATH} /usr/bin/cmake --install /home/embedded/ros2_ws/build/ecl_threads
