[ 12%] Built target gtest_main
[ 25%] Built target ecl_demo_constructors
[ 37%] Built target gtest
[ 50%] Built target ecl_test_parameters
[ 62%] Built target ecl_test_references
[ 75%] Built target ecl_test_function_objects
[ 87%] Built target ecl_test_singleton
[100%] Built target ecl_test_flags
-- Install configuration: ""
-- Execute custom install script
-- Symlinking: /home/embedded/ros2_ws/install/ecl_utilities/include/ecl/utilities/blueprints.hpp
-- Symlinking: /home/embedded/ros2_ws/install/ecl_utilities/include/ecl/utilities/flags.hpp
-- Symlinking: /home/embedded/ros2_ws/install/ecl_utilities/include/ecl/utilities/function_objects.hpp
-- Symlinking: /home/embedded/ros2_ws/install/ecl_utilities/include/ecl/utilities/parameter.hpp
-- Symlinking: /home/embedded/ros2_ws/install/ecl_utilities/include/ecl/utilities/references.hpp
-- Symlinking: /home/embedded/ros2_ws/install/ecl_utilities/include/ecl/utilities/singleton.hpp
-- Symlinking: /home/embedded/ros2_ws/install/ecl_utilities/include/ecl/utilities/void.hpp
-- Symlinking: /home/embedded/ros2_ws/install/ecl_utilities/include/ecl/utilities.hpp
-- Symlinking: /home/embedded/ros2_ws/install/ecl_utilities/lib/ecl_utilities/demo_constructors
-- Symlinking: /home/embedded/ros2_ws/install/ecl_utilities/share/ament_index/resource_index/package_run_dependencies/ecl_utilities
-- Symlinking: /home/embedded/ros2_ws/install/ecl_utilities/share/ament_index/resource_index/parent_prefix_path/ecl_utilities
-- Symlinking: /home/embedded/ros2_ws/install/ecl_utilities/share/ecl_utilities/environment/ament_prefix_path.sh
-- Symlinking: /home/embedded/ros2_ws/install/ecl_utilities/share/ecl_utilities/environment/ament_prefix_path.dsv
-- Symlinking: /home/embedded/ros2_ws/install/ecl_utilities/share/ecl_utilities/environment/path.sh
-- Symlinking: /home/embedded/ros2_ws/install/ecl_utilities/share/ecl_utilities/environment/path.dsv
-- Symlinking: /home/embedded/ros2_ws/install/ecl_utilities/share/ecl_utilities/local_setup.bash
-- Symlinking: /home/embedded/ros2_ws/install/ecl_utilities/share/ecl_utilities/local_setup.sh
-- Symlinking: /home/embedded/ros2_ws/install/ecl_utilities/share/ecl_utilities/local_setup.zsh
-- Symlinking: /home/embedded/ros2_ws/install/ecl_utilities/share/ecl_utilities/local_setup.dsv
-- Symlinking: /home/embedded/ros2_ws/install/ecl_utilities/share/ecl_utilities/package.dsv
-- Symlinking: /home/embedded/ros2_ws/install/ecl_utilities/share/ament_index/resource_index/packages/ecl_utilities
-- Symlinking: /home/embedded/ros2_ws/install/ecl_utilities/share/ecl_utilities/cmake/ament_cmake_export_targets-extras.cmake
-- Symlinking: /home/embedded/ros2_ws/install/ecl_utilities/share/ecl_utilities/cmake/ament_cmake_export_include_directories-extras.cmake
-- Symlinking: /home/embedded/ros2_ws/install/ecl_utilities/share/ecl_utilities/cmake/ament_cmake_export_dependencies-extras.cmake
-- Symlinking: /home/embedded/ros2_ws/install/ecl_utilities/share/ecl_utilities/cmake/ecl_utilitiesConfig.cmake
-- Symlinking: /home/embedded/ros2_ws/install/ecl_utilities/share/ecl_utilities/cmake/ecl_utilitiesConfig-version.cmake
-- Symlinking: /home/embedded/ros2_ws/install/ecl_utilities/share/ecl_utilities/package.xml
-- Installing: /home/embedded/ros2_ws/install/ecl_utilities/share/ecl_utilities/cmake/ecl_utilitiesExport.cmake
