[0.045s] Invoking command in '/home/embedded/ros2_ws/build/ecl_utilities': AMENT_PREFIX_PATH=/home/embedded/ros2_ws/install/ecl_concepts:/home/embedded/ros2_ws/install/ecl_type_traits:/home/embedded/ros2_ws/install/ecl_mpl:/home/embedded/ros2_ws/install/ecl_config:${AMENT_PREFIX_PATH} CMAKE_PREFIX_PATH=/home/embedded/ros2_ws/install/ecl_concepts:/home/embedded/ros2_ws/install/ecl_type_traits:/home/embedded/ros2_ws/install/ecl_mpl:/home/embedded/ros2_ws/install/ecl_config:/opt/ros/jazzy/opt/gz_sim_vendor:/opt/ros/jazzy/opt/gz_sensors_vendor:/opt/ros/jazzy/opt/gz_physics_vendor:/opt/ros/jazzy/opt/sdformat_vendor:/opt/ros/jazzy/opt/gz_gui_vendor:/opt/ros/jazzy/opt/gz_transport_vendor:/opt/ros/jazzy/opt/gz_rendering_vendor:/opt/ros/jazzy/opt/gz_plugin_vendor:/opt/ros/jazzy/opt/gz_fuel_tools_vendor:/opt/ros/jazzy/opt/gz_msgs_vendor:/opt/ros/jazzy/opt/gz_common_vendor:/opt/ros/jazzy/opt/gz_tools_vendor:/opt/ros/jazzy/opt/gz_ogre_next_vendor:/opt/ros/jazzy/opt/gz_dartsim_vendor:/opt/ros/jazzy/opt/gz_math_vendor:/opt/ros/jazzy/opt/gz_utils_vendor:/opt/ros/jazzy/opt/gz_cmake_vendor:/opt/ros/jazzy LD_LIBRARY_PATH=/home/embedded/ros2_ws/install/ecl_type_traits/lib:${LD_LIBRARY_PATH} PATH=/home/embedded/ros2_ws/install/ecl_type_traits/bin:/home/embedded/ros2_ws/install/ecl_config/bin:${PATH} /usr/bin/cmake --build /home/embedded/ros2_ws/build/ecl_utilities -- -j4 -l4
[0.214s] [ 12%] Built target gtest_main
[0.253s] [ 25%] Built target ecl_demo_constructors
[0.253s] [ 37%] Built target gtest
[0.386s] [ 50%] Built target ecl_test_parameters
[0.389s] [ 62%] Built target ecl_test_references
[0.391s] [ 75%] Built target ecl_test_function_objects
[0.397s] [ 87%] Built target ecl_test_singleton
[0.496s] [100%] Built target ecl_test_flags
[0.587s] Invoked command in '/home/embedded/ros2_ws/build/ecl_utilities' returned '0': AMENT_PREFIX_PATH=/home/embedded/ros2_ws/install/ecl_concepts:/home/embedded/ros2_ws/install/ecl_type_traits:/home/embedded/ros2_ws/install/ecl_mpl:/home/embedded/ros2_ws/install/ecl_config:${AMENT_PREFIX_PATH} CMAKE_PREFIX_PATH=/home/embedded/ros2_ws/install/ecl_concepts:/home/embedded/ros2_ws/install/ecl_type_traits:/home/embedded/ros2_ws/install/ecl_mpl:/home/embedded/ros2_ws/install/ecl_config:/opt/ros/jazzy/opt/gz_sim_vendor:/opt/ros/jazzy/opt/gz_sensors_vendor:/opt/ros/jazzy/opt/gz_physics_vendor:/opt/ros/jazzy/opt/sdformat_vendor:/opt/ros/jazzy/opt/gz_gui_vendor:/opt/ros/jazzy/opt/gz_transport_vendor:/opt/ros/jazzy/opt/gz_rendering_vendor:/opt/ros/jazzy/opt/gz_plugin_vendor:/opt/ros/jazzy/opt/gz_fuel_tools_vendor:/opt/ros/jazzy/opt/gz_msgs_vendor:/opt/ros/jazzy/opt/gz_common_vendor:/opt/ros/jazzy/opt/gz_tools_vendor:/opt/ros/jazzy/opt/gz_ogre_next_vendor:/opt/ros/jazzy/opt/gz_dartsim_vendor:/opt/ros/jazzy/opt/gz_math_vendor:/opt/ros/jazzy/opt/gz_utils_vendor:/opt/ros/jazzy/opt/gz_cmake_vendor:/opt/ros/jazzy LD_LIBRARY_PATH=/home/embedded/ros2_ws/install/ecl_type_traits/lib:${LD_LIBRARY_PATH} PATH=/home/embedded/ros2_ws/install/ecl_type_traits/bin:/home/embedded/ros2_ws/install/ecl_config/bin:${PATH} /usr/bin/cmake --build /home/embedded/ros2_ws/build/ecl_utilities -- -j4 -l4
[0.588s] Invoking command in '/home/embedded/ros2_ws/build/ecl_utilities': AMENT_PREFIX_PATH=/home/embedded/ros2_ws/install/ecl_concepts:/home/embedded/ros2_ws/install/ecl_type_traits:/home/embedded/ros2_ws/install/ecl_mpl:/home/embedded/ros2_ws/install/ecl_config:${AMENT_PREFIX_PATH} CMAKE_PREFIX_PATH=/home/embedded/ros2_ws/install/ecl_concepts:/home/embedded/ros2_ws/install/ecl_type_traits:/home/embedded/ros2_ws/install/ecl_mpl:/home/embedded/ros2_ws/install/ecl_config:/opt/ros/jazzy/opt/gz_sim_vendor:/opt/ros/jazzy/opt/gz_sensors_vendor:/opt/ros/jazzy/opt/gz_physics_vendor:/opt/ros/jazzy/opt/sdformat_vendor:/opt/ros/jazzy/opt/gz_gui_vendor:/opt/ros/jazzy/opt/gz_transport_vendor:/opt/ros/jazzy/opt/gz_rendering_vendor:/opt/ros/jazzy/opt/gz_plugin_vendor:/opt/ros/jazzy/opt/gz_fuel_tools_vendor:/opt/ros/jazzy/opt/gz_msgs_vendor:/opt/ros/jazzy/opt/gz_common_vendor:/opt/ros/jazzy/opt/gz_tools_vendor:/opt/ros/jazzy/opt/gz_ogre_next_vendor:/opt/ros/jazzy/opt/gz_dartsim_vendor:/opt/ros/jazzy/opt/gz_math_vendor:/opt/ros/jazzy/opt/gz_utils_vendor:/opt/ros/jazzy/opt/gz_cmake_vendor:/opt/ros/jazzy LD_LIBRARY_PATH=/home/embedded/ros2_ws/install/ecl_type_traits/lib:${LD_LIBRARY_PATH} PATH=/home/embedded/ros2_ws/install/ecl_type_traits/bin:/home/embedded/ros2_ws/install/ecl_config/bin:${PATH} /usr/bin/cmake --install /home/embedded/ros2_ws/build/ecl_utilities
[0.623s] -- Install configuration: ""
[0.624s] -- Execute custom install script
[0.625s] -- Symlinking: /home/embedded/ros2_ws/install/ecl_utilities/include/ecl/utilities/blueprints.hpp
[0.665s] -- Symlinking: /home/embedded/ros2_ws/install/ecl_utilities/include/ecl/utilities/flags.hpp
[0.698s] -- Symlinking: /home/embedded/ros2_ws/install/ecl_utilities/include/ecl/utilities/function_objects.hpp
[0.746s] -- Symlinking: /home/embedded/ros2_ws/install/ecl_utilities/include/ecl/utilities/parameter.hpp
[0.802s] -- Symlinking: /home/embedded/ros2_ws/install/ecl_utilities/include/ecl/utilities/references.hpp
[0.841s] -- Symlinking: /home/embedded/ros2_ws/install/ecl_utilities/include/ecl/utilities/singleton.hpp
[0.867s] -- Symlinking: /home/embedded/ros2_ws/install/ecl_utilities/include/ecl/utilities/void.hpp
[0.896s] -- Symlinking: /home/embedded/ros2_ws/install/ecl_utilities/include/ecl/utilities.hpp
[0.921s] -- Symlinking: /home/embedded/ros2_ws/install/ecl_utilities/lib/ecl_utilities/demo_constructors
[0.949s] -- Symlinking: /home/embedded/ros2_ws/install/ecl_utilities/share/ament_index/resource_index/package_run_dependencies/ecl_utilities
[0.972s] -- Symlinking: /home/embedded/ros2_ws/install/ecl_utilities/share/ament_index/resource_index/parent_prefix_path/ecl_utilities
[1.016s] -- Symlinking: /home/embedded/ros2_ws/install/ecl_utilities/share/ecl_utilities/environment/ament_prefix_path.sh
[1.041s] -- Symlinking: /home/embedded/ros2_ws/install/ecl_utilities/share/ecl_utilities/environment/ament_prefix_path.dsv
[1.063s] -- Symlinking: /home/embedded/ros2_ws/install/ecl_utilities/share/ecl_utilities/environment/path.sh
[1.083s] -- Symlinking: /home/embedded/ros2_ws/install/ecl_utilities/share/ecl_utilities/environment/path.dsv
[1.104s] -- Symlinking: /home/embedded/ros2_ws/install/ecl_utilities/share/ecl_utilities/local_setup.bash
[1.139s] -- Symlinking: /home/embedded/ros2_ws/install/ecl_utilities/share/ecl_utilities/local_setup.sh
[1.171s] -- Symlinking: /home/embedded/ros2_ws/install/ecl_utilities/share/ecl_utilities/local_setup.zsh
[1.196s] -- Symlinking: /home/embedded/ros2_ws/install/ecl_utilities/share/ecl_utilities/local_setup.dsv
[1.231s] -- Symlinking: /home/embedded/ros2_ws/install/ecl_utilities/share/ecl_utilities/package.dsv
[1.258s] -- Symlinking: /home/embedded/ros2_ws/install/ecl_utilities/share/ament_index/resource_index/packages/ecl_utilities
[1.306s] -- Symlinking: /home/embedded/ros2_ws/install/ecl_utilities/share/ecl_utilities/cmake/ament_cmake_export_targets-extras.cmake
[1.341s] -- Symlinking: /home/embedded/ros2_ws/install/ecl_utilities/share/ecl_utilities/cmake/ament_cmake_export_include_directories-extras.cmake
[1.386s] -- Symlinking: /home/embedded/ros2_ws/install/ecl_utilities/share/ecl_utilities/cmake/ament_cmake_export_dependencies-extras.cmake
[1.438s] -- Symlinking: /home/embedded/ros2_ws/install/ecl_utilities/share/ecl_utilities/cmake/ecl_utilitiesConfig.cmake
[1.472s] -- Symlinking: /home/embedded/ros2_ws/install/ecl_utilities/share/ecl_utilities/cmake/ecl_utilitiesConfig-version.cmake
[1.522s] -- Symlinking: /home/embedded/ros2_ws/install/ecl_utilities/share/ecl_utilities/package.xml
[1.571s] -- Installing: /home/embedded/ros2_ws/install/ecl_utilities/share/ecl_utilities/cmake/ecl_utilitiesExport.cmake
[1.581s] Invoked command in '/home/embedded/ros2_ws/build/ecl_utilities' returned '0': AMENT_PREFIX_PATH=/home/embedded/ros2_ws/install/ecl_concepts:/home/embedded/ros2_ws/install/ecl_type_traits:/home/embedded/ros2_ws/install/ecl_mpl:/home/embedded/ros2_ws/install/ecl_config:${AMENT_PREFIX_PATH} CMAKE_PREFIX_PATH=/home/embedded/ros2_ws/install/ecl_concepts:/home/embedded/ros2_ws/install/ecl_type_traits:/home/embedded/ros2_ws/install/ecl_mpl:/home/embedded/ros2_ws/install/ecl_config:/opt/ros/jazzy/opt/gz_sim_vendor:/opt/ros/jazzy/opt/gz_sensors_vendor:/opt/ros/jazzy/opt/gz_physics_vendor:/opt/ros/jazzy/opt/sdformat_vendor:/opt/ros/jazzy/opt/gz_gui_vendor:/opt/ros/jazzy/opt/gz_transport_vendor:/opt/ros/jazzy/opt/gz_rendering_vendor:/opt/ros/jazzy/opt/gz_plugin_vendor:/opt/ros/jazzy/opt/gz_fuel_tools_vendor:/opt/ros/jazzy/opt/gz_msgs_vendor:/opt/ros/jazzy/opt/gz_common_vendor:/opt/ros/jazzy/opt/gz_tools_vendor:/opt/ros/jazzy/opt/gz_ogre_next_vendor:/opt/ros/jazzy/opt/gz_dartsim_vendor:/opt/ros/jazzy/opt/gz_math_vendor:/opt/ros/jazzy/opt/gz_utils_vendor:/opt/ros/jazzy/opt/gz_cmake_vendor:/opt/ros/jazzy LD_LIBRARY_PATH=/home/embedded/ros2_ws/install/ecl_type_traits/lib:${LD_LIBRARY_PATH} PATH=/home/embedded/ros2_ws/install/ecl_type_traits/bin:/home/embedded/ros2_ws/install/ecl_config/bin:${PATH} /usr/bin/cmake --install /home/embedded/ros2_ws/build/ecl_utilities
