-- Found ament_cmake_ros: 0.12.0 (/opt/ros/jazzy/share/ament_cmake_ros/cmake)
-- Override CMake install command with custom implementation using symlinks instead of copying resources
-- Found kobuki_ros_interfaces: 1.0.0 (/home/embedded/ros2_ws/install/kobuki_ros_interfaces/share/kobuki_ros_interfaces/cmake)
-- Found rosidl_generator_c: 4.6.5 (/opt/ros/jazzy/share/rosidl_generator_c/cmake)
-- Found rosidl_generator_cpp: 4.6.5 (/opt/ros/jazzy/share/rosidl_generator_cpp/cmake)
-- Using all available rosidl_typesupport_c: rosidl_typesupport_fastrtps_c;rosidl_typesupport_introspection_c
-- Using all available rosidl_typesupport_cpp: rosidl_typesupport_fastrtps_cpp;rosidl_typesupport_introspection_cpp
-- Found rcl_interfaces: 2.0.2 (/opt/ros/jazzy/share/rcl_interfaces/cmake)
-- Found rclcpp: 28.1.10 (/opt/ros/jazzy/share/rclcpp/cmake)
-- Found rmw_implementation_cmake: 7.3.2 (/opt/ros/jazzy/share/rmw_implementation_cmake/cmake)
-- Found rmw_fastrtps_cpp: 8.4.2 (/opt/ros/jazzy/share/rmw_fastrtps_cpp/cmake)
-- Found OpenSSL: /usr/lib/aarch64-linux-gnu/libcrypto.so (found version "3.0.13")  
-- Found FastRTPS: /opt/ros/jazzy/include (Required is at least version "2.13") 
-- Using RMW implementation 'rmw_fastrtps_cpp' as default
-- Found rclcpp_components: 28.1.10 (/opt/ros/jazzy/share/rclcpp_components/cmake)
-- Found sensor_msgs: 5.3.6 (/opt/ros/jazzy/share/sensor_msgs/cmake)
-- Configuring done (3.8s)
-- Generating done (0.1s)
-- Build files have been written to: /home/embedded/ros2_ws/build/kobuki_bumper2pc
[ 25%] [32mBuilding CXX object CMakeFiles/kobuki_bumper2pc.dir/src/kobuki_bumper2pc.cpp.o[0m
[ 50%] [32mBuilding CXX object CMakeFiles/kobuki_bumper2pc_node.dir/rclcpp_components/node_main_kobuki_bumper2pc_node.cpp.o[0m
[ 75%] [32m[1mLinking CXX executable kobuki_bumper2pc_node[0m
[ 75%] Built target kobuki_bumper2pc_node
[100%] [32m[1mLinking CXX shared library libkobuki_bumper2pc.so[0m
[100%] Built target kobuki_bumper2pc
-- Install configuration: ""
-- Execute custom install script
-- Symlinking: /home/embedded/ros2_ws/install/kobuki_bumper2pc/lib/kobuki_bumper2pc/kobuki_bumper2pc_node
-- Symlinking: /home/embedded/ros2_ws/install/kobuki_bumper2pc/lib/libkobuki_bumper2pc.so
-- Symlinking: /home/embedded/ros2_ws/install/kobuki_bumper2pc/include/kobuki_bumper2pc/kobuki_bumper2pc.hpp
-- Symlinking: /home/embedded/ros2_ws/install/kobuki_bumper2pc/share/kobuki_bumper2pc/launch/kobuki_bumper2pc-launch.py
-- Symlinking: /home/embedded/ros2_ws/install/kobuki_bumper2pc/share/ament_index/resource_index/package_run_dependencies/kobuki_bumper2pc
-- Symlinking: /home/embedded/ros2_ws/install/kobuki_bumper2pc/share/ament_index/resource_index/parent_prefix_path/kobuki_bumper2pc
-- Symlinking: /home/embedded/ros2_ws/install/kobuki_bumper2pc/share/kobuki_bumper2pc/environment/ament_prefix_path.sh
-- Symlinking: /home/embedded/ros2_ws/install/kobuki_bumper2pc/share/kobuki_bumper2pc/environment/ament_prefix_path.dsv
-- Symlinking: /home/embedded/ros2_ws/install/kobuki_bumper2pc/share/kobuki_bumper2pc/environment/path.sh
-- Symlinking: /home/embedded/ros2_ws/install/kobuki_bumper2pc/share/kobuki_bumper2pc/environment/path.dsv
-- Symlinking: /home/embedded/ros2_ws/install/kobuki_bumper2pc/share/kobuki_bumper2pc/local_setup.bash
-- Symlinking: /home/embedded/ros2_ws/install/kobuki_bumper2pc/share/kobuki_bumper2pc/local_setup.sh
-- Symlinking: /home/embedded/ros2_ws/install/kobuki_bumper2pc/share/kobuki_bumper2pc/local_setup.zsh
-- Symlinking: /home/embedded/ros2_ws/install/kobuki_bumper2pc/share/kobuki_bumper2pc/local_setup.dsv
-- Symlinking: /home/embedded/ros2_ws/install/kobuki_bumper2pc/share/kobuki_bumper2pc/package.dsv
-- Symlinking: /home/embedded/ros2_ws/install/kobuki_bumper2pc/share/ament_index/resource_index/packages/kobuki_bumper2pc
-- Symlinking: /home/embedded/ros2_ws/install/kobuki_bumper2pc/share/ament_index/resource_index/rclcpp_components/kobuki_bumper2pc
-- Symlinking: /home/embedded/ros2_ws/install/kobuki_bumper2pc/share/kobuki_bumper2pc/cmake/kobuki_bumper2pcConfig.cmake
-- Symlinking: /home/embedded/ros2_ws/install/kobuki_bumper2pc/share/kobuki_bumper2pc/cmake/kobuki_bumper2pcConfig-version.cmake
-- Symlinking: /home/embedded/ros2_ws/install/kobuki_bumper2pc/share/kobuki_bumper2pc/package.xml
