[0.039s] Invoking command in '/home/embedded/ros2_ws/build/kobuki_bumper2pc': AMENT_PREFIX_PATH=/home/embedded/ros2_ws/install/kobuki_ros_interfaces:${AMENT_PREFIX_PATH} CMAKE_PREFIX_PATH=/home/embedded/ros2_ws/install/kobuki_ros_interfaces:/opt/ros/jazzy/opt/gz_sim_vendor:/opt/ros/jazzy/opt/gz_sensors_vendor:/opt/ros/jazzy/opt/gz_physics_vendor:/opt/ros/jazzy/opt/sdformat_vendor:/opt/ros/jazzy/opt/gz_gui_vendor:/opt/ros/jazzy/opt/gz_transport_vendor:/opt/ros/jazzy/opt/gz_rendering_vendor:/opt/ros/jazzy/opt/gz_plugin_vendor:/opt/ros/jazzy/opt/gz_fuel_tools_vendor:/opt/ros/jazzy/opt/gz_msgs_vendor:/opt/ros/jazzy/opt/gz_common_vendor:/opt/ros/jazzy/opt/gz_tools_vendor:/opt/ros/jazzy/opt/gz_ogre_next_vendor:/opt/ros/jazzy/opt/gz_dartsim_vendor:/opt/ros/jazzy/opt/gz_math_vendor:/opt/ros/jazzy/opt/gz_utils_vendor:/opt/ros/jazzy/opt/gz_cmake_vendor:/opt/ros/jazzy LD_LIBRARY_PATH=/home/embedded/ros2_ws/install/kobuki_ros_interfaces/lib:${LD_LIBRARY_PATH} PYTHONPATH=/home/embedded/ros2_ws/install/kobuki_ros_interfaces/lib/python3.12/site-packages:${PYTHONPATH} /usr/bin/cmake /home/embedded/ros2_ws/src/ThirdParty/kobuki_ros/kobuki_bumper2pc -DAMENT_CMAKE_SYMLINK_INSTALL=1 -DCMAKE_INSTALL_PREFIX=/home/embedded/ros2_ws/install/kobuki_bumper2pc
[0.123s] -- Found ament_cmake_ros: 0.12.0 (/opt/ros/jazzy/share/ament_cmake_ros/cmake)
[1.175s] -- Override CMake install command with custom implementation using symlinks instead of copying resources
[1.225s] -- Found kobuki_ros_interfaces: 1.0.0 (/home/embedded/ros2_ws/install/kobuki_ros_interfaces/share/kobuki_ros_interfaces/cmake)
[1.429s] -- Found rosidl_generator_c: 4.6.5 (/opt/ros/jazzy/share/rosidl_generator_c/cmake)
[1.511s] -- Found rosidl_generator_cpp: 4.6.5 (/opt/ros/jazzy/share/rosidl_generator_cpp/cmake)
[1.601s] -- Using all available rosidl_typesupport_c: rosidl_typesupport_fastrtps_c;rosidl_typesupport_introspection_c
[1.685s] -- Using all available rosidl_typesupport_cpp: rosidl_typesupport_fastrtps_cpp;rosidl_typesupport_introspection_cpp
[2.079s] -- Found rcl_interfaces: 2.0.2 (/opt/ros/jazzy/share/rcl_interfaces/cmake)
[2.178s] -- Found rclcpp: 28.1.10 (/opt/ros/jazzy/share/rclcpp/cmake)
[2.314s] -- Found rmw_implementation_cmake: 7.3.2 (/opt/ros/jazzy/share/rmw_implementation_cmake/cmake)
[2.335s] -- Found rmw_fastrtps_cpp: 8.4.2 (/opt/ros/jazzy/share/rmw_fastrtps_cpp/cmake)
[2.729s] -- Found OpenSSL: /usr/lib/aarch64-linux-gnu/libcrypto.so (found version "3.0.13")  
[2.770s] -- Found FastRTPS: /opt/ros/jazzy/include (Required is at least version "2.13") 
[2.825s] -- Using RMW implementation 'rmw_fastrtps_cpp' as default
[3.020s] -- Found rclcpp_components: 28.1.10 (/opt/ros/jazzy/share/rclcpp_components/cmake)
[3.108s] -- Found sensor_msgs: 5.3.6 (/opt/ros/jazzy/share/sensor_msgs/cmake)
[3.917s] -- Configuring done (3.8s)
[4.022s] -- Generating done (0.1s)
[4.049s] -- Build files have been written to: /home/embedded/ros2_ws/build/kobuki_bumper2pc
[4.083s] Invoked command in '/home/embedded/ros2_ws/build/kobuki_bumper2pc' returned '0': AMENT_PREFIX_PATH=/home/embedded/ros2_ws/install/kobuki_ros_interfaces:${AMENT_PREFIX_PATH} CMAKE_PREFIX_PATH=/home/embedded/ros2_ws/install/kobuki_ros_interfaces:/opt/ros/jazzy/opt/gz_sim_vendor:/opt/ros/jazzy/opt/gz_sensors_vendor:/opt/ros/jazzy/opt/gz_physics_vendor:/opt/ros/jazzy/opt/sdformat_vendor:/opt/ros/jazzy/opt/gz_gui_vendor:/opt/ros/jazzy/opt/gz_transport_vendor:/opt/ros/jazzy/opt/gz_rendering_vendor:/opt/ros/jazzy/opt/gz_plugin_vendor:/opt/ros/jazzy/opt/gz_fuel_tools_vendor:/opt/ros/jazzy/opt/gz_msgs_vendor:/opt/ros/jazzy/opt/gz_common_vendor:/opt/ros/jazzy/opt/gz_tools_vendor:/opt/ros/jazzy/opt/gz_ogre_next_vendor:/opt/ros/jazzy/opt/gz_dartsim_vendor:/opt/ros/jazzy/opt/gz_math_vendor:/opt/ros/jazzy/opt/gz_utils_vendor:/opt/ros/jazzy/opt/gz_cmake_vendor:/opt/ros/jazzy LD_LIBRARY_PATH=/home/embedded/ros2_ws/install/kobuki_ros_interfaces/lib:${LD_LIBRARY_PATH} PYTHONPATH=/home/embedded/ros2_ws/install/kobuki_ros_interfaces/lib/python3.12/site-packages:${PYTHONPATH} /usr/bin/cmake /home/embedded/ros2_ws/src/ThirdParty/kobuki_ros/kobuki_bumper2pc -DAMENT_CMAKE_SYMLINK_INSTALL=1 -DCMAKE_INSTALL_PREFIX=/home/embedded/ros2_ws/install/kobuki_bumper2pc
[4.087s] Invoking command in '/home/embedded/ros2_ws/build/kobuki_bumper2pc': AMENT_PREFIX_PATH=/home/embedded/ros2_ws/install/kobuki_ros_interfaces:${AMENT_PREFIX_PATH} CMAKE_PREFIX_PATH=/home/embedded/ros2_ws/install/kobuki_ros_interfaces:/opt/ros/jazzy/opt/gz_sim_vendor:/opt/ros/jazzy/opt/gz_sensors_vendor:/opt/ros/jazzy/opt/gz_physics_vendor:/opt/ros/jazzy/opt/sdformat_vendor:/opt/ros/jazzy/opt/gz_gui_vendor:/opt/ros/jazzy/opt/gz_transport_vendor:/opt/ros/jazzy/opt/gz_rendering_vendor:/opt/ros/jazzy/opt/gz_plugin_vendor:/opt/ros/jazzy/opt/gz_fuel_tools_vendor:/opt/ros/jazzy/opt/gz_msgs_vendor:/opt/ros/jazzy/opt/gz_common_vendor:/opt/ros/jazzy/opt/gz_tools_vendor:/opt/ros/jazzy/opt/gz_ogre_next_vendor:/opt/ros/jazzy/opt/gz_dartsim_vendor:/opt/ros/jazzy/opt/gz_math_vendor:/opt/ros/jazzy/opt/gz_utils_vendor:/opt/ros/jazzy/opt/gz_cmake_vendor:/opt/ros/jazzy LD_LIBRARY_PATH=/home/embedded/ros2_ws/install/kobuki_ros_interfaces/lib:${LD_LIBRARY_PATH} PYTHONPATH=/home/embedded/ros2_ws/install/kobuki_ros_interfaces/lib/python3.12/site-packages:${PYTHONPATH} /usr/bin/cmake --build /home/embedded/ros2_ws/build/kobuki_bumper2pc -- -j4 -l4
[4.325s] [ 25%] [32mBuilding CXX object CMakeFiles/kobuki_bumper2pc.dir/src/kobuki_bumper2pc.cpp.o[0m
[4.358s] [ 50%] [32mBuilding CXX object CMakeFiles/kobuki_bumper2pc_node.dir/rclcpp_components/node_main_kobuki_bumper2pc_node.cpp.o[0m
[18.572s] [ 75%] [32m[1mLinking CXX executable kobuki_bumper2pc_node[0m
[19.077s] [ 75%] Built target kobuki_bumper2pc_node
[38.383s] [100%] [32m[1mLinking CXX shared library libkobuki_bumper2pc.so[0m
[40.188s] [100%] Built target kobuki_bumper2pc
[40.220s] Invoked command in '/home/embedded/ros2_ws/build/kobuki_bumper2pc' returned '0': AMENT_PREFIX_PATH=/home/embedded/ros2_ws/install/kobuki_ros_interfaces:${AMENT_PREFIX_PATH} CMAKE_PREFIX_PATH=/home/embedded/ros2_ws/install/kobuki_ros_interfaces:/opt/ros/jazzy/opt/gz_sim_vendor:/opt/ros/jazzy/opt/gz_sensors_vendor:/opt/ros/jazzy/opt/gz_physics_vendor:/opt/ros/jazzy/opt/sdformat_vendor:/opt/ros/jazzy/opt/gz_gui_vendor:/opt/ros/jazzy/opt/gz_transport_vendor:/opt/ros/jazzy/opt/gz_rendering_vendor:/opt/ros/jazzy/opt/gz_plugin_vendor:/opt/ros/jazzy/opt/gz_fuel_tools_vendor:/opt/ros/jazzy/opt/gz_msgs_vendor:/opt/ros/jazzy/opt/gz_common_vendor:/opt/ros/jazzy/opt/gz_tools_vendor:/opt/ros/jazzy/opt/gz_ogre_next_vendor:/opt/ros/jazzy/opt/gz_dartsim_vendor:/opt/ros/jazzy/opt/gz_math_vendor:/opt/ros/jazzy/opt/gz_utils_vendor:/opt/ros/jazzy/opt/gz_cmake_vendor:/opt/ros/jazzy LD_LIBRARY_PATH=/home/embedded/ros2_ws/install/kobuki_ros_interfaces/lib:${LD_LIBRARY_PATH} PYTHONPATH=/home/embedded/ros2_ws/install/kobuki_ros_interfaces/lib/python3.12/site-packages:${PYTHONPATH} /usr/bin/cmake --build /home/embedded/ros2_ws/build/kobuki_bumper2pc -- -j4 -l4
[40.228s] Invoking command in '/home/embedded/ros2_ws/build/kobuki_bumper2pc': AMENT_PREFIX_PATH=/home/embedded/ros2_ws/install/kobuki_ros_interfaces:${AMENT_PREFIX_PATH} CMAKE_PREFIX_PATH=/home/embedded/ros2_ws/install/kobuki_ros_interfaces:/opt/ros/jazzy/opt/gz_sim_vendor:/opt/ros/jazzy/opt/gz_sensors_vendor:/opt/ros/jazzy/opt/gz_physics_vendor:/opt/ros/jazzy/opt/sdformat_vendor:/opt/ros/jazzy/opt/gz_gui_vendor:/opt/ros/jazzy/opt/gz_transport_vendor:/opt/ros/jazzy/opt/gz_rendering_vendor:/opt/ros/jazzy/opt/gz_plugin_vendor:/opt/ros/jazzy/opt/gz_fuel_tools_vendor:/opt/ros/jazzy/opt/gz_msgs_vendor:/opt/ros/jazzy/opt/gz_common_vendor:/opt/ros/jazzy/opt/gz_tools_vendor:/opt/ros/jazzy/opt/gz_ogre_next_vendor:/opt/ros/jazzy/opt/gz_dartsim_vendor:/opt/ros/jazzy/opt/gz_math_vendor:/opt/ros/jazzy/opt/gz_utils_vendor:/opt/ros/jazzy/opt/gz_cmake_vendor:/opt/ros/jazzy LD_LIBRARY_PATH=/home/embedded/ros2_ws/install/kobuki_ros_interfaces/lib:${LD_LIBRARY_PATH} PYTHONPATH=/home/embedded/ros2_ws/install/kobuki_ros_interfaces/lib/python3.12/site-packages:${PYTHONPATH} /usr/bin/cmake --install /home/embedded/ros2_ws/build/kobuki_bumper2pc
[40.256s] -- Install configuration: ""
[40.259s] -- Execute custom install script
[40.262s] -- Symlinking: /home/embedded/ros2_ws/install/kobuki_bumper2pc/lib/kobuki_bumper2pc/kobuki_bumper2pc_node
[40.292s] -- Symlinking: /home/embedded/ros2_ws/install/kobuki_bumper2pc/lib/libkobuki_bumper2pc.so
[40.324s] -- Symlinking: /home/embedded/ros2_ws/install/kobuki_bumper2pc/include/kobuki_bumper2pc/kobuki_bumper2pc.hpp
[40.354s] -- Symlinking: /home/embedded/ros2_ws/install/kobuki_bumper2pc/share/kobuki_bumper2pc/launch/kobuki_bumper2pc-launch.py
[40.381s] -- Symlinking: /home/embedded/ros2_ws/install/kobuki_bumper2pc/share/ament_index/resource_index/package_run_dependencies/kobuki_bumper2pc
[40.413s] -- Symlinking: /home/embedded/ros2_ws/install/kobuki_bumper2pc/share/ament_index/resource_index/parent_prefix_path/kobuki_bumper2pc
[40.448s] -- Symlinking: /home/embedded/ros2_ws/install/kobuki_bumper2pc/share/kobuki_bumper2pc/environment/ament_prefix_path.sh
[40.480s] -- Symlinking: /home/embedded/ros2_ws/install/kobuki_bumper2pc/share/kobuki_bumper2pc/environment/ament_prefix_path.dsv
[40.523s] -- Symlinking: /home/embedded/ros2_ws/install/kobuki_bumper2pc/share/kobuki_bumper2pc/environment/path.sh
[40.554s] -- Symlinking: /home/embedded/ros2_ws/install/kobuki_bumper2pc/share/kobuki_bumper2pc/environment/path.dsv
[40.585s] -- Symlinking: /home/embedded/ros2_ws/install/kobuki_bumper2pc/share/kobuki_bumper2pc/local_setup.bash
[40.616s] -- Symlinking: /home/embedded/ros2_ws/install/kobuki_bumper2pc/share/kobuki_bumper2pc/local_setup.sh
[40.647s] -- Symlinking: /home/embedded/ros2_ws/install/kobuki_bumper2pc/share/kobuki_bumper2pc/local_setup.zsh
[40.672s] -- Symlinking: /home/embedded/ros2_ws/install/kobuki_bumper2pc/share/kobuki_bumper2pc/local_setup.dsv
[40.701s] -- Symlinking: /home/embedded/ros2_ws/install/kobuki_bumper2pc/share/kobuki_bumper2pc/package.dsv
[40.731s] -- Symlinking: /home/embedded/ros2_ws/install/kobuki_bumper2pc/share/ament_index/resource_index/packages/kobuki_bumper2pc
[40.760s] -- Symlinking: /home/embedded/ros2_ws/install/kobuki_bumper2pc/share/ament_index/resource_index/rclcpp_components/kobuki_bumper2pc
[40.793s] -- Symlinking: /home/embedded/ros2_ws/install/kobuki_bumper2pc/share/kobuki_bumper2pc/cmake/kobuki_bumper2pcConfig.cmake
[40.817s] -- Symlinking: /home/embedded/ros2_ws/install/kobuki_bumper2pc/share/kobuki_bumper2pc/cmake/kobuki_bumper2pcConfig-version.cmake
[40.845s] -- Symlinking: /home/embedded/ros2_ws/install/kobuki_bumper2pc/share/kobuki_bumper2pc/package.xml
[40.893s] Invoked command in '/home/embedded/ros2_ws/build/kobuki_bumper2pc' returned '0': AMENT_PREFIX_PATH=/home/embedded/ros2_ws/install/kobuki_ros_interfaces:${AMENT_PREFIX_PATH} CMAKE_PREFIX_PATH=/home/embedded/ros2_ws/install/kobuki_ros_interfaces:/opt/ros/jazzy/opt/gz_sim_vendor:/opt/ros/jazzy/opt/gz_sensors_vendor:/opt/ros/jazzy/opt/gz_physics_vendor:/opt/ros/jazzy/opt/sdformat_vendor:/opt/ros/jazzy/opt/gz_gui_vendor:/opt/ros/jazzy/opt/gz_transport_vendor:/opt/ros/jazzy/opt/gz_rendering_vendor:/opt/ros/jazzy/opt/gz_plugin_vendor:/opt/ros/jazzy/opt/gz_fuel_tools_vendor:/opt/ros/jazzy/opt/gz_msgs_vendor:/opt/ros/jazzy/opt/gz_common_vendor:/opt/ros/jazzy/opt/gz_tools_vendor:/opt/ros/jazzy/opt/gz_ogre_next_vendor:/opt/ros/jazzy/opt/gz_dartsim_vendor:/opt/ros/jazzy/opt/gz_math_vendor:/opt/ros/jazzy/opt/gz_utils_vendor:/opt/ros/jazzy/opt/gz_cmake_vendor:/opt/ros/jazzy LD_LIBRARY_PATH=/home/embedded/ros2_ws/install/kobuki_ros_interfaces/lib:${LD_LIBRARY_PATH} PYTHONPATH=/home/embedded/ros2_ws/install/kobuki_ros_interfaces/lib/python3.12/site-packages:${PYTHONPATH} /usr/bin/cmake --install /home/embedded/ros2_ws/build/kobuki_bumper2pc
