[0.017s] Invoking command in '/home/embedded/ros2_ws/build/openni2_camera': CMAKE_PREFIX_PATH=${CMAKE_PREFIX_PATH}:/opt/ros/jazzy /usr/bin/cmake --build /home/embedded/ros2_ws/build/openni2_camera -- -j4 -l4
[0.197s] [  1%] Built target openni2_camera__rosidl_generator_type_description
[0.231s] [  5%] Built target openni2_camera_driver
[0.231s] [  5%] Built target ament_cmake_python_symlink_openni2_camera
[0.254s] [ 22%] Built target openni2_wrapper
[0.292s] [ 26%] Built target usb_reset
[0.336s] [ 28%] Built target openni2_camera__cpp
[0.361s] [ 37%] Built target openni2_camera__rosidl_generator_c
[0.414s] [ 41%] Built target test_wrapper
[0.425s] [ 45%] Built target list_devices
[0.457s] [ 50%] Built target openni2_camera__rosidl_typesupport_cpp
[0.515s] [ 56%] Built target openni2_camera__rosidl_typesupport_fastrtps_cpp
[0.519s] [ 62%] Built target openni2_camera__rosidl_typesupport_fastrtps_c
[0.566s] [ 67%] Built target openni2_camera__rosidl_typesupport_introspection_c
[0.636s] [ 73%] Built target openni2_camera__rosidl_typesupport_introspection_cpp
[0.665s] [ 79%] Built target openni2_camera__rosidl_typesupport_c
[0.705s] [ 83%] Built target openni2_camera_lib
[0.772s] [ 83%] Built target openni2_camera
[0.847s] [ 84%] Built target openni2_camera__py
[0.932s] [ 88%] Built target openni2_camera__rosidl_generator_py
[1.059s] [ 92%] Built target openni2_camera_s__rosidl_typesupport_c
[1.063s] [ 96%] Built target openni2_camera_s__rosidl_typesupport_fastrtps_c
[1.070s] [100%] Built target openni2_camera_s__rosidl_typesupport_introspection_c
[1.231s] running egg_info
[1.266s] writing openni2_camera.egg-info/PKG-INFO
[1.267s] writing dependency_links to openni2_camera.egg-info/dependency_links.txt
[1.267s] writing top-level names to openni2_camera.egg-info/top_level.txt
[1.387s] reading manifest file 'openni2_camera.egg-info/SOURCES.txt'
[1.389s] writing manifest file 'openni2_camera.egg-info/SOURCES.txt'
[1.538s] [100%] Built target ament_cmake_python_build_openni2_camera_egg
[1.565s] Invoked command in '/home/embedded/ros2_ws/build/openni2_camera' returned '0': CMAKE_PREFIX_PATH=${CMAKE_PREFIX_PATH}:/opt/ros/jazzy /usr/bin/cmake --build /home/embedded/ros2_ws/build/openni2_camera -- -j4 -l4
[1.570s] Invoking command in '/home/embedded/ros2_ws/build/openni2_camera': CMAKE_PREFIX_PATH=${CMAKE_PREFIX_PATH}:/opt/ros/jazzy /usr/bin/cmake --install /home/embedded/ros2_ws/build/openni2_camera
[1.595s] -- Install configuration: ""
[1.596s] -- Execute custom install script
[1.601s] -- Up-to-date symlink: /home/embedded/ros2_ws/install/openni2_camera/share/ament_index/resource_index/rosidl_interfaces/openni2_camera
[1.601s] -- Up-to-date symlink: /home/embedded/ros2_ws/install/openni2_camera/share/openni2_camera/srv/GetSerial.json
[1.601s] -- Up-to-date symlink: /home/embedded/ros2_ws/install/openni2_camera/include/openni2_camera/openni2_camera/msg/rosidl_generator_c__visibility_control.h
[1.601s] -- Up-to-date symlink: /home/embedded/ros2_ws/install/openni2_camera/include/openni2_camera/openni2_camera/srv/detail/get_serial__functions.h
[1.601s] -- Up-to-date symlink: /home/embedded/ros2_ws/install/openni2_camera/include/openni2_camera/openni2_camera/srv/detail/get_serial__struct.h
[1.601s] -- Up-to-date symlink: /home/embedded/ros2_ws/install/openni2_camera/include/openni2_camera/openni2_camera/srv/detail/get_serial__type_support.h
[1.601s] -- Up-to-date symlink: /home/embedded/ros2_ws/install/openni2_camera/include/openni2_camera/openni2_camera/srv/get_serial.h
[1.605s] -- Up-to-date symlink: /home/embedded/ros2_ws/install/openni2_camera/share/openni2_camera/environment/library_path.sh
[1.605s] -- Up-to-date symlink: /home/embedded/ros2_ws/install/openni2_camera/share/openni2_camera/environment/library_path.dsv
[1.608s] -- Up-to-date symlink: /home/embedded/ros2_ws/install/openni2_camera/include/openni2_camera/openni2_camera/msg/rosidl_typesupport_fastrtps_c__visibility_control.h
[1.608s] -- Up-to-date symlink: /home/embedded/ros2_ws/install/openni2_camera/include/openni2_camera/openni2_camera/srv/detail/get_serial__rosidl_typesupport_fastrtps_c.h
[1.608s] -- Up-to-date symlink: /home/embedded/ros2_ws/install/openni2_camera/include/openni2_camera/openni2_camera/msg/rosidl_generator_cpp__visibility_control.hpp
[1.609s] -- Up-to-date symlink: /home/embedded/ros2_ws/install/openni2_camera/include/openni2_camera/openni2_camera/srv/detail/get_serial__builder.hpp
[1.609s] -- Up-to-date symlink: /home/embedded/ros2_ws/install/openni2_camera/include/openni2_camera/openni2_camera/srv/detail/get_serial__struct.hpp
[1.609s] -- Up-to-date symlink: /home/embedded/ros2_ws/install/openni2_camera/include/openni2_camera/openni2_camera/srv/detail/get_serial__traits.hpp
[1.609s] -- Up-to-date symlink: /home/embedded/ros2_ws/install/openni2_camera/include/openni2_camera/openni2_camera/srv/detail/get_serial__type_support.hpp
[1.609s] -- Up-to-date symlink: /home/embedded/ros2_ws/install/openni2_camera/include/openni2_camera/openni2_camera/srv/get_serial.hpp
[1.609s] -- Up-to-date symlink: /home/embedded/ros2_ws/install/openni2_camera/include/openni2_camera/openni2_camera/msg/rosidl_typesupport_fastrtps_cpp__visibility_control.h
[1.610s] -- Up-to-date symlink: /home/embedded/ros2_ws/install/openni2_camera/include/openni2_camera/openni2_camera/srv/detail/get_serial__rosidl_typesupport_fastrtps_cpp.hpp
[1.610s] -- Up-to-date symlink: /home/embedded/ros2_ws/install/openni2_camera/include/openni2_camera/openni2_camera/msg/rosidl_typesupport_introspection_c__visibility_control.h
[1.610s] -- Up-to-date symlink: /home/embedded/ros2_ws/install/openni2_camera/include/openni2_camera/openni2_camera/srv/detail/get_serial__rosidl_typesupport_introspection_c.h
[1.610s] -- Up-to-date symlink: /home/embedded/ros2_ws/install/openni2_camera/include/openni2_camera/openni2_camera/srv/detail/get_serial__rosidl_typesupport_introspection_cpp.hpp
[1.610s] -- Up-to-date symlink: /home/embedded/ros2_ws/install/openni2_camera/share/openni2_camera/environment/pythonpath.sh
[1.610s] -- Up-to-date symlink: /home/embedded/ros2_ws/install/openni2_camera/share/openni2_camera/environment/pythonpath.dsv
[1.610s] -- Up-to-date symlink: /home/embedded/ros2_ws/install/openni2_camera/lib/python3.12/site-packages/openni2_camera-2.3.0-py3.12.egg-info/PKG-INFO
[1.610s] -- Up-to-date symlink: /home/embedded/ros2_ws/install/openni2_camera/lib/python3.12/site-packages/openni2_camera-2.3.0-py3.12.egg-info/SOURCES.txt
[1.610s] -- Up-to-date symlink: /home/embedded/ros2_ws/install/openni2_camera/lib/python3.12/site-packages/openni2_camera-2.3.0-py3.12.egg-info/dependency_links.txt
[1.610s] -- Up-to-date symlink: /home/embedded/ros2_ws/install/openni2_camera/lib/python3.12/site-packages/openni2_camera-2.3.0-py3.12.egg-info/top_level.txt
[1.617s] -- Up-to-date symlink: /home/embedded/ros2_ws/install/openni2_camera/lib/python3.12/site-packages/openni2_camera/__init__.py
[1.617s] -- Up-to-date symlink: /home/embedded/ros2_ws/install/openni2_camera/lib/python3.12/site-packages/openni2_camera/_openni2_camera_s.ep.rosidl_typesupport_c.c
[1.617s] -- Up-to-date symlink: /home/embedded/ros2_ws/install/openni2_camera/lib/python3.12/site-packages/openni2_camera/_openni2_camera_s.ep.rosidl_typesupport_fastrtps_c.c
[1.617s] -- Up-to-date symlink: /home/embedded/ros2_ws/install/openni2_camera/lib/python3.12/site-packages/openni2_camera/_openni2_camera_s.ep.rosidl_typesupport_introspection_c.c
[1.617s] -- Up-to-date symlink: /home/embedded/ros2_ws/install/openni2_camera/lib/python3.12/site-packages/openni2_camera/openni2_camera_s__rosidl_typesupport_c.so
[1.618s] -- Up-to-date symlink: /home/embedded/ros2_ws/install/openni2_camera/lib/python3.12/site-packages/openni2_camera/openni2_camera_s__rosidl_typesupport_fastrtps_c.so
[1.618s] -- Up-to-date symlink: /home/embedded/ros2_ws/install/openni2_camera/lib/python3.12/site-packages/openni2_camera/openni2_camera_s__rosidl_typesupport_introspection_c.so
[1.618s] -- Up-to-date symlink: /home/embedded/ros2_ws/install/openni2_camera/lib/python3.12/site-packages/openni2_camera/srv/__init__.py
[1.618s] -- Up-to-date symlink: /home/embedded/ros2_ws/install/openni2_camera/lib/python3.12/site-packages/openni2_camera/srv/_get_serial.py
[1.618s] -- Up-to-date symlink: /home/embedded/ros2_ws/install/openni2_camera/lib/python3.12/site-packages/openni2_camera/srv/_get_serial_s.c
[1.618s] -- Up-to-date symlink: /home/embedded/ros2_ws/install/openni2_camera/lib/python3.12/site-packages/openni2_camera/openni2_camera_s__rosidl_typesupport_fastrtps_c.so
[1.618s] -- Up-to-date symlink: /home/embedded/ros2_ws/install/openni2_camera/lib/python3.12/site-packages/openni2_camera/openni2_camera_s__rosidl_typesupport_introspection_c.so
[1.625s] -- Up-to-date symlink: /home/embedded/ros2_ws/install/openni2_camera/lib/python3.12/site-packages/openni2_camera/openni2_camera_s__rosidl_typesupport_c.so
[1.625s] -- Up-to-date symlink: /home/embedded/ros2_ws/install/openni2_camera/share/openni2_camera/srv/GetSerial.idl
[1.625s] -- Up-to-date symlink: /home/embedded/ros2_ws/install/openni2_camera/share/openni2_camera/srv/GetSerial.srv
[1.625s] -- Up-to-date symlink: /home/embedded/ros2_ws/install/openni2_camera/lib/openni2_camera/openni2_camera_driver
[1.625s] -- Up-to-date symlink: /home/embedded/ros2_ws/install/openni2_camera/lib/openni2_camera/list_devices
[1.625s] -- Up-to-date symlink: /home/embedded/ros2_ws/install/openni2_camera/lib/libopenni2_camera_lib.so
[1.626s] -- Up-to-date symlink: /home/embedded/ros2_ws/install/openni2_camera/lib/libopenni2_wrapper.so
[1.626s] -- Up-to-date symlink: /home/embedded/ros2_ws/install/openni2_camera/lib/openni2_camera/usb_reset
[1.626s] -- Up-to-date symlink: /home/embedded/ros2_ws/install/openni2_camera/include/openni2_camera/openni2_convert.h
[1.626s] -- Up-to-date symlink: /home/embedded/ros2_ws/install/openni2_camera/include/openni2_camera/openni2_device.h
[1.626s] -- Up-to-date symlink: /home/embedded/ros2_ws/install/openni2_camera/include/openni2_camera/openni2_device_info.h
[1.626s] -- Up-to-date symlink: /home/embedded/ros2_ws/install/openni2_camera/include/openni2_camera/openni2_device_manager.h
[1.626s] -- Up-to-date symlink: /home/embedded/ros2_ws/install/openni2_camera/include/openni2_camera/openni2_driver.h
[1.626s] -- Up-to-date symlink: /home/embedded/ros2_ws/install/openni2_camera/include/openni2_camera/openni2_exception.h
[1.626s] -- Up-to-date symlink: /home/embedded/ros2_ws/install/openni2_camera/include/openni2_camera/openni2_frame_listener.h
[1.627s] -- Up-to-date symlink: /home/embedded/ros2_ws/install/openni2_camera/include/openni2_camera/openni2_timer_filter.h
[1.627s] -- Up-to-date symlink: /home/embedded/ros2_ws/install/openni2_camera/include/openni2_camera/openni2_video_mode.h
[1.627s] -- Up-to-date symlink: /home/embedded/ros2_ws/install/openni2_camera/share/openni2_camera//launch/camera_only.launch.py
[1.627s] -- Up-to-date symlink: /home/embedded/ros2_ws/install/openni2_camera/share/openni2_camera//launch/camera_with_cloud.launch.py
[1.627s] -- Up-to-date symlink: /home/embedded/ros2_ws/install/openni2_camera/share/openni2_camera//launch/camera_with_cloud_norgb.launch.py
[1.627s] -- Up-to-date symlink: /home/embedded/ros2_ws/install/openni2_camera/share/openni2_camera//launch/tfs.launch.py
[1.627s] -- Up-to-date symlink: /home/embedded/ros2_ws/install/openni2_camera/share/ament_index/resource_index/package_run_dependencies/openni2_camera
[1.627s] -- Up-to-date symlink: /home/embedded/ros2_ws/install/openni2_camera/share/ament_index/resource_index/parent_prefix_path/openni2_camera
[1.627s] -- Up-to-date symlink: /home/embedded/ros2_ws/install/openni2_camera/share/openni2_camera/environment/ament_prefix_path.sh
[1.631s] -- Up-to-date symlink: /home/embedded/ros2_ws/install/openni2_camera/share/openni2_camera/environment/ament_prefix_path.dsv
[1.634s] -- Up-to-date symlink: /home/embedded/ros2_ws/install/openni2_camera/share/openni2_camera/environment/path.sh
[1.634s] -- Up-to-date symlink: /home/embedded/ros2_ws/install/openni2_camera/share/openni2_camera/environment/path.dsv
[1.634s] -- Up-to-date symlink: /home/embedded/ros2_ws/install/openni2_camera/share/openni2_camera/local_setup.bash
[1.634s] -- Up-to-date symlink: /home/embedded/ros2_ws/install/openni2_camera/share/openni2_camera/local_setup.sh
[1.634s] -- Up-to-date symlink: /home/embedded/ros2_ws/install/openni2_camera/share/openni2_camera/local_setup.zsh
[1.634s] -- Up-to-date symlink: /home/embedded/ros2_ws/install/openni2_camera/share/openni2_camera/local_setup.dsv
[1.634s] -- Up-to-date symlink: /home/embedded/ros2_ws/install/openni2_camera/share/openni2_camera/package.dsv
[1.635s] -- Up-to-date symlink: /home/embedded/ros2_ws/install/openni2_camera/share/ament_index/resource_index/packages/openni2_camera
[1.635s] -- Up-to-date symlink: /home/embedded/ros2_ws/install/openni2_camera/share/ament_index/resource_index/rclcpp_components/openni2_camera
[1.635s] -- Up-to-date symlink: /home/embedded/ros2_ws/install/openni2_camera/share/openni2_camera/cmake/rosidl_cmake-extras.cmake
[1.635s] -- Up-to-date symlink: /home/embedded/ros2_ws/install/openni2_camera/share/openni2_camera/cmake/ament_cmake_export_dependencies-extras.cmake
[1.635s] -- Up-to-date symlink: /home/embedded/ros2_ws/install/openni2_camera/share/openni2_camera/cmake/ament_cmake_export_include_directories-extras.cmake
[1.635s] -- Up-to-date symlink: /home/embedded/ros2_ws/install/openni2_camera/share/openni2_camera/cmake/ament_cmake_export_libraries-extras.cmake
[1.635s] -- Up-to-date symlink: /home/embedded/ros2_ws/install/openni2_camera/share/openni2_camera/cmake/ament_cmake_export_targets-extras.cmake
[1.636s] -- Up-to-date symlink: /home/embedded/ros2_ws/install/openni2_camera/share/openni2_camera/cmake/rosidl_cmake_export_typesupport_targets-extras.cmake
[1.636s] -- Up-to-date symlink: /home/embedded/ros2_ws/install/openni2_camera/share/openni2_camera/cmake/rosidl_cmake_export_typesupport_libraries-extras.cmake
[1.636s] -- Up-to-date symlink: /home/embedded/ros2_ws/install/openni2_camera/share/openni2_camera/cmake/openni2_cameraConfig.cmake
[1.636s] -- Up-to-date symlink: /home/embedded/ros2_ws/install/openni2_camera/share/openni2_camera/cmake/openni2_cameraConfig-version.cmake
[1.636s] -- Up-to-date symlink: /home/embedded/ros2_ws/install/openni2_camera/share/openni2_camera/package.xml
[1.636s] -- Up-to-date: /home/embedded/ros2_ws/install/openni2_camera/lib/libopenni2_camera__rosidl_generator_c.so
[1.636s] -- Up-to-date: /home/embedded/ros2_ws/install/openni2_camera/lib/libopenni2_camera__rosidl_typesupport_fastrtps_c.so
[1.638s] -- Up-to-date: /home/embedded/ros2_ws/install/openni2_camera/lib/libopenni2_camera__rosidl_typesupport_fastrtps_cpp.so
[1.638s] -- Up-to-date: /home/embedded/ros2_ws/install/openni2_camera/lib/libopenni2_camera__rosidl_typesupport_introspection_c.so
[1.638s] -- Up-to-date: /home/embedded/ros2_ws/install/openni2_camera/lib/libopenni2_camera__rosidl_typesupport_c.so
[1.638s] -- Up-to-date: /home/embedded/ros2_ws/install/openni2_camera/lib/libopenni2_camera__rosidl_typesupport_introspection_cpp.so
[1.638s] -- Up-to-date: /home/embedded/ros2_ws/install/openni2_camera/lib/libopenni2_camera__rosidl_typesupport_cpp.so
[1.698s] Listing '/home/embedded/ros2_ws/install/openni2_camera/lib/python3.12/site-packages/openni2_camera'...
[1.699s] Listing '/home/embedded/ros2_ws/install/openni2_camera/lib/python3.12/site-packages/openni2_camera/srv'...
[1.719s] -- Up-to-date: /home/embedded/ros2_ws/install/openni2_camera/lib/libopenni2_camera__rosidl_generator_py.so
[1.719s] -- Up-to-date: /home/embedded/ros2_ws/install/openni2_camera/share/openni2_camera/cmake/export_openni2_camera__rosidl_generator_cExport.cmake
[1.719s] -- Up-to-date: /home/embedded/ros2_ws/install/openni2_camera/share/openni2_camera/cmake/export_openni2_camera__rosidl_generator_cExport-noconfig.cmake
[1.719s] -- Up-to-date: /home/embedded/ros2_ws/install/openni2_camera/share/openni2_camera/cmake/export_openni2_camera__rosidl_typesupport_fastrtps_cExport.cmake
[1.720s] -- Up-to-date: /home/embedded/ros2_ws/install/openni2_camera/share/openni2_camera/cmake/export_openni2_camera__rosidl_typesupport_fastrtps_cExport-noconfig.cmake
[1.720s] -- Up-to-date: /home/embedded/ros2_ws/install/openni2_camera/share/openni2_camera/cmake/export_openni2_camera__rosidl_generator_cppExport.cmake
[1.720s] -- Up-to-date: /home/embedded/ros2_ws/install/openni2_camera/share/openni2_camera/cmake/export_openni2_camera__rosidl_typesupport_fastrtps_cppExport.cmake
[1.720s] -- Up-to-date: /home/embedded/ros2_ws/install/openni2_camera/share/openni2_camera/cmake/export_openni2_camera__rosidl_typesupport_fastrtps_cppExport-noconfig.cmake
[1.720s] -- Up-to-date: /home/embedded/ros2_ws/install/openni2_camera/share/openni2_camera/cmake/openni2_camera__rosidl_typesupport_introspection_cExport.cmake
[1.720s] -- Up-to-date: /home/embedded/ros2_ws/install/openni2_camera/share/openni2_camera/cmake/openni2_camera__rosidl_typesupport_introspection_cExport-noconfig.cmake
[1.720s] -- Up-to-date: /home/embedded/ros2_ws/install/openni2_camera/share/openni2_camera/cmake/openni2_camera__rosidl_typesupport_cExport.cmake
[1.721s] -- Up-to-date: /home/embedded/ros2_ws/install/openni2_camera/share/openni2_camera/cmake/openni2_camera__rosidl_typesupport_cExport-noconfig.cmake
[1.721s] -- Up-to-date: /home/embedded/ros2_ws/install/openni2_camera/share/openni2_camera/cmake/openni2_camera__rosidl_typesupport_introspection_cppExport.cmake
[1.721s] -- Up-to-date: /home/embedded/ros2_ws/install/openni2_camera/share/openni2_camera/cmake/openni2_camera__rosidl_typesupport_introspection_cppExport-noconfig.cmake
[1.721s] -- Up-to-date: /home/embedded/ros2_ws/install/openni2_camera/share/openni2_camera/cmake/openni2_camera__rosidl_typesupport_cppExport.cmake
[1.721s] -- Up-to-date: /home/embedded/ros2_ws/install/openni2_camera/share/openni2_camera/cmake/openni2_camera__rosidl_typesupport_cppExport-noconfig.cmake
[1.721s] -- Up-to-date: /home/embedded/ros2_ws/install/openni2_camera/share/openni2_camera/cmake/export_openni2_camera__rosidl_generator_pyExport.cmake
[1.721s] -- Up-to-date: /home/embedded/ros2_ws/install/openni2_camera/share/openni2_camera/cmake/export_openni2_camera__rosidl_generator_pyExport-noconfig.cmake
[1.727s] Invoked command in '/home/embedded/ros2_ws/build/openni2_camera' returned '0': CMAKE_PREFIX_PATH=${CMAKE_PREFIX_PATH}:/opt/ros/jazzy /usr/bin/cmake --install /home/embedded/ros2_ws/build/openni2_camera
