[0.058s] Invoking command in '/home/embedded/ros2_ws/build/ecl_math': AMENT_PREFIX_PATH=/home/embedded/ros2_ws/install/ecl_type_traits:/home/embedded/ros2_ws/install/ecl_mpl:/home/embedded/ros2_ws/install/ecl_config:${AMENT_PREFIX_PATH} CMAKE_PREFIX_PATH=/home/embedded/ros2_ws/install/ecl_type_traits:/home/embedded/ros2_ws/install/ecl_mpl:/home/embedded/ros2_ws/install/ecl_config:/opt/ros/jazzy/opt/gz_sim_vendor:/opt/ros/jazzy/opt/gz_sensors_vendor:/opt/ros/jazzy/opt/gz_physics_vendor:/opt/ros/jazzy/opt/sdformat_vendor:/opt/ros/jazzy/opt/gz_gui_vendor:/opt/ros/jazzy/opt/gz_transport_vendor:/opt/ros/jazzy/opt/gz_rendering_vendor:/opt/ros/jazzy/opt/gz_plugin_vendor:/opt/ros/jazzy/opt/gz_fuel_tools_vendor:/opt/ros/jazzy/opt/gz_msgs_vendor:/opt/ros/jazzy/opt/gz_common_vendor:/opt/ros/jazzy/opt/gz_tools_vendor:/opt/ros/jazzy/opt/gz_ogre_next_vendor:/opt/ros/jazzy/opt/gz_dartsim_vendor:/opt/ros/jazzy/opt/gz_math_vendor:/opt/ros/jazzy/opt/gz_utils_vendor:/opt/ros/jazzy/opt/gz_cmake_vendor:/opt/ros/jazzy LD_LIBRARY_PATH=/home/embedded/ros2_ws/install/ecl_type_traits/lib:${LD_LIBRARY_PATH} PATH=/home/embedded/ros2_ws/install/ecl_type_traits/bin:/home/embedded/ros2_ws/install/ecl_config/bin:${PATH} /usr/bin/cmake /home/embedded/ros2_ws/src/ThirdParty/ecl/ecl_core/ecl_math -DAMENT_CMAKE_SYMLINK_INSTALL=1 -DCMAKE_INSTALL_PREFIX=/home/embedded/ros2_ws/install/ecl_math
[0.326s] -- The C compiler identification is GNU 13.3.0
[0.505s] -- The CXX compiler identification is GNU 13.3.0
[0.547s] -- Detecting C compiler ABI info
[1.010s] -- Detecting C compiler ABI info - done
[1.046s] -- Check for working C compiler: /usr/bin/cc - skipped
[1.051s] -- Detecting C compile features
[1.051s] -- Detecting C compile features - done
[1.097s] -- Detecting CXX compiler ABI info
[1.573s] -- Detecting CXX compiler ABI info - done
[1.609s] -- Check for working CXX compiler: /usr/bin/c++ - skipped
[1.614s] -- Detecting CXX compile features
[1.614s] -- Detecting CXX compile features - done
[1.629s] -- Found ament_cmake_ros: 0.12.0 (/opt/ros/jazzy/share/ament_cmake_ros/cmake)
[2.542s] -- Found Python3: /usr/bin/python3 (found version "3.12.3") found components: Interpreter 
[2.848s] -- Override CMake install command with custom implementation using symlinks instead of copying resources
[3.041s] -- Found ecl_build: 1.0.3 (/opt/ros/jazzy/share/ecl_build/cmake)
[3.047s] [0mCMake Deprecation Warning at /opt/ros/jazzy/share/ecl_build/cmake/cotire.cmake:45 (cmake_minimum_required):
[3.048s]   Compatibility with CMake < 3.5 will be removed from a future version of
[3.048s]   CMake.
[3.048s] 
[3.048s]   Update the VERSION argument <min> value or use a ...<max> suffix to tell
[3.048s]   CMake that the project does not need compatibility with older versions.
[3.048s] Call Stack (most recent call first):
[3.048s]   /opt/ros/jazzy/share/ecl_build/cmake/ecl_buildConfig.cmake:41 (include)
[3.048s]   CMakeLists.txt:17 (find_package)
[3.048s] 
[3.049s] [0m
[3.054s] -- Found ecl_type_traits: 1.2.1 (/home/embedded/ros2_ws/install/ecl_type_traits/share/ecl_type_traits/cmake)
[3.116s] -- Found ament_lint_auto: 0.17.2 (/opt/ros/jazzy/share/ament_lint_auto/cmake)
[3.519s] -- Found gtest sources under '/opt/ros/jazzy/src/gtest_vendor': C++ tests using 'Google Test' will be built
[3.529s] -- Performing Test CMAKE_HAVE_LIBC_PTHREAD
[3.954s] -- Performing Test CMAKE_HAVE_LIBC_PTHREAD - Success
[3.964s] -- Found Threads: TRUE  
[4.403s] -- Configuring done (4.3s)
[4.433s] -- Generating done (0.0s)
[4.446s] -- Build files have been written to: /home/embedded/ros2_ws/build/ecl_math
[4.470s] Invoked command in '/home/embedded/ros2_ws/build/ecl_math' returned '0': AMENT_PREFIX_PATH=/home/embedded/ros2_ws/install/ecl_type_traits:/home/embedded/ros2_ws/install/ecl_mpl:/home/embedded/ros2_ws/install/ecl_config:${AMENT_PREFIX_PATH} CMAKE_PREFIX_PATH=/home/embedded/ros2_ws/install/ecl_type_traits:/home/embedded/ros2_ws/install/ecl_mpl:/home/embedded/ros2_ws/install/ecl_config:/opt/ros/jazzy/opt/gz_sim_vendor:/opt/ros/jazzy/opt/gz_sensors_vendor:/opt/ros/jazzy/opt/gz_physics_vendor:/opt/ros/jazzy/opt/sdformat_vendor:/opt/ros/jazzy/opt/gz_gui_vendor:/opt/ros/jazzy/opt/gz_transport_vendor:/opt/ros/jazzy/opt/gz_rendering_vendor:/opt/ros/jazzy/opt/gz_plugin_vendor:/opt/ros/jazzy/opt/gz_fuel_tools_vendor:/opt/ros/jazzy/opt/gz_msgs_vendor:/opt/ros/jazzy/opt/gz_common_vendor:/opt/ros/jazzy/opt/gz_tools_vendor:/opt/ros/jazzy/opt/gz_ogre_next_vendor:/opt/ros/jazzy/opt/gz_dartsim_vendor:/opt/ros/jazzy/opt/gz_math_vendor:/opt/ros/jazzy/opt/gz_utils_vendor:/opt/ros/jazzy/opt/gz_cmake_vendor:/opt/ros/jazzy LD_LIBRARY_PATH=/home/embedded/ros2_ws/install/ecl_type_traits/lib:${LD_LIBRARY_PATH} PATH=/home/embedded/ros2_ws/install/ecl_type_traits/bin:/home/embedded/ros2_ws/install/ecl_config/bin:${PATH} /usr/bin/cmake /home/embedded/ros2_ws/src/ThirdParty/ecl/ecl_core/ecl_math -DAMENT_CMAKE_SYMLINK_INSTALL=1 -DCMAKE_INSTALL_PREFIX=/home/embedded/ros2_ws/install/ecl_math
[4.474s] Invoking command in '/home/embedded/ros2_ws/build/ecl_math': AMENT_PREFIX_PATH=/home/embedded/ros2_ws/install/ecl_type_traits:/home/embedded/ros2_ws/install/ecl_mpl:/home/embedded/ros2_ws/install/ecl_config:${AMENT_PREFIX_PATH} CMAKE_PREFIX_PATH=/home/embedded/ros2_ws/install/ecl_type_traits:/home/embedded/ros2_ws/install/ecl_mpl:/home/embedded/ros2_ws/install/ecl_config:/opt/ros/jazzy/opt/gz_sim_vendor:/opt/ros/jazzy/opt/gz_sensors_vendor:/opt/ros/jazzy/opt/gz_physics_vendor:/opt/ros/jazzy/opt/sdformat_vendor:/opt/ros/jazzy/opt/gz_gui_vendor:/opt/ros/jazzy/opt/gz_transport_vendor:/opt/ros/jazzy/opt/gz_rendering_vendor:/opt/ros/jazzy/opt/gz_plugin_vendor:/opt/ros/jazzy/opt/gz_fuel_tools_vendor:/opt/ros/jazzy/opt/gz_msgs_vendor:/opt/ros/jazzy/opt/gz_common_vendor:/opt/ros/jazzy/opt/gz_tools_vendor:/opt/ros/jazzy/opt/gz_ogre_next_vendor:/opt/ros/jazzy/opt/gz_dartsim_vendor:/opt/ros/jazzy/opt/gz_math_vendor:/opt/ros/jazzy/opt/gz_utils_vendor:/opt/ros/jazzy/opt/gz_cmake_vendor:/opt/ros/jazzy LD_LIBRARY_PATH=/home/embedded/ros2_ws/install/ecl_type_traits/lib:${LD_LIBRARY_PATH} PATH=/home/embedded/ros2_ws/install/ecl_type_traits/bin:/home/embedded/ros2_ws/install/ecl_config/bin:${PATH} /usr/bin/cmake --build /home/embedded/ros2_ws/build/ecl_math -- -j4 -l4
[4.742s] [  8%] [32mBuilding CXX object gtest/CMakeFiles/gtest_main.dir/src/gtest_main.cc.o[0m
[6.923s] [ 16%] [32m[1mLinking CXX static library libgtest_main.a[0m
[7.027s] [ 16%] Built target gtest_main
[7.091s] [ 25%] [32mBuilding CXX object gtest/CMakeFiles/gtest.dir/src/gtest-all.cc.o[0m
[16.196s] [ 33%] [32m[1mLinking CXX static library libgtest.a[0m
[16.451s] [ 33%] Built target gtest
[16.507s] [ 41%] [32mBuilding CXX object src/test/CMakeFiles/ecl_test_constants.dir/constants.cpp.o[0m
[18.437s] [ 50%] [32m[1mLinking CXX executable ecl_test_constants[0m
[18.810s] [ 50%] Built target ecl_test_constants
[18.870s] [ 58%] [32mBuilding CXX object src/test/CMakeFiles/ecl_test_simple.dir/simple.cpp.o[0m
[20.870s] [ 66%] [32m[1mLinking CXX executable ecl_test_simple[0m
[21.229s] [ 66%] Built target ecl_test_simple
[21.284s] [ 75%] [32mBuilding CXX object src/test/CMakeFiles/ecl_test_norms.dir/norms.cpp.o[0m
[23.374s] [ 83%] [32m[1mLinking CXX executable ecl_test_norms[0m
[23.810s] [ 83%] Built target ecl_test_norms
[23.862s] [ 91%] [32mBuilding CXX object src/test/CMakeFiles/ecl_test_fuzzy.dir/fuzzy.cpp.o[0m
[25.875s] [100%] [32m[1mLinking CXX executable ecl_test_fuzzy[0m
[26.211s] [100%] Built target ecl_test_fuzzy
[26.250s] Invoked command in '/home/embedded/ros2_ws/build/ecl_math' returned '0': AMENT_PREFIX_PATH=/home/embedded/ros2_ws/install/ecl_type_traits:/home/embedded/ros2_ws/install/ecl_mpl:/home/embedded/ros2_ws/install/ecl_config:${AMENT_PREFIX_PATH} CMAKE_PREFIX_PATH=/home/embedded/ros2_ws/install/ecl_type_traits:/home/embedded/ros2_ws/install/ecl_mpl:/home/embedded/ros2_ws/install/ecl_config:/opt/ros/jazzy/opt/gz_sim_vendor:/opt/ros/jazzy/opt/gz_sensors_vendor:/opt/ros/jazzy/opt/gz_physics_vendor:/opt/ros/jazzy/opt/sdformat_vendor:/opt/ros/jazzy/opt/gz_gui_vendor:/opt/ros/jazzy/opt/gz_transport_vendor:/opt/ros/jazzy/opt/gz_rendering_vendor:/opt/ros/jazzy/opt/gz_plugin_vendor:/opt/ros/jazzy/opt/gz_fuel_tools_vendor:/opt/ros/jazzy/opt/gz_msgs_vendor:/opt/ros/jazzy/opt/gz_common_vendor:/opt/ros/jazzy/opt/gz_tools_vendor:/opt/ros/jazzy/opt/gz_ogre_next_vendor:/opt/ros/jazzy/opt/gz_dartsim_vendor:/opt/ros/jazzy/opt/gz_math_vendor:/opt/ros/jazzy/opt/gz_utils_vendor:/opt/ros/jazzy/opt/gz_cmake_vendor:/opt/ros/jazzy LD_LIBRARY_PATH=/home/embedded/ros2_ws/install/ecl_type_traits/lib:${LD_LIBRARY_PATH} PATH=/home/embedded/ros2_ws/install/ecl_type_traits/bin:/home/embedded/ros2_ws/install/ecl_config/bin:${PATH} /usr/bin/cmake --build /home/embedded/ros2_ws/build/ecl_math -- -j4 -l4
[26.251s] Invoking command in '/home/embedded/ros2_ws/build/ecl_math': AMENT_PREFIX_PATH=/home/embedded/ros2_ws/install/ecl_type_traits:/home/embedded/ros2_ws/install/ecl_mpl:/home/embedded/ros2_ws/install/ecl_config:${AMENT_PREFIX_PATH} CMAKE_PREFIX_PATH=/home/embedded/ros2_ws/install/ecl_type_traits:/home/embedded/ros2_ws/install/ecl_mpl:/home/embedded/ros2_ws/install/ecl_config:/opt/ros/jazzy/opt/gz_sim_vendor:/opt/ros/jazzy/opt/gz_sensors_vendor:/opt/ros/jazzy/opt/gz_physics_vendor:/opt/ros/jazzy/opt/sdformat_vendor:/opt/ros/jazzy/opt/gz_gui_vendor:/opt/ros/jazzy/opt/gz_transport_vendor:/opt/ros/jazzy/opt/gz_rendering_vendor:/opt/ros/jazzy/opt/gz_plugin_vendor:/opt/ros/jazzy/opt/gz_fuel_tools_vendor:/opt/ros/jazzy/opt/gz_msgs_vendor:/opt/ros/jazzy/opt/gz_common_vendor:/opt/ros/jazzy/opt/gz_tools_vendor:/opt/ros/jazzy/opt/gz_ogre_next_vendor:/opt/ros/jazzy/opt/gz_dartsim_vendor:/opt/ros/jazzy/opt/gz_math_vendor:/opt/ros/jazzy/opt/gz_utils_vendor:/opt/ros/jazzy/opt/gz_cmake_vendor:/opt/ros/jazzy LD_LIBRARY_PATH=/home/embedded/ros2_ws/install/ecl_type_traits/lib:${LD_LIBRARY_PATH} PATH=/home/embedded/ros2_ws/install/ecl_type_traits/bin:/home/embedded/ros2_ws/install/ecl_config/bin:${PATH} /usr/bin/cmake --install /home/embedded/ros2_ws/build/ecl_math
[26.268s] -- Install configuration: ""
[26.269s] -- Execute custom install script
[26.272s] -- Symlinking: /home/embedded/ros2_ws/install/ecl_math/include/ecl/math/constants.hpp
[26.294s] -- Symlinking: /home/embedded/ros2_ws/install/ecl_math/include/ecl/math/fuzzy.hpp
[26.320s] -- Symlinking: /home/embedded/ros2_ws/install/ecl_math/include/ecl/math/norms.hpp
[26.347s] -- Symlinking: /home/embedded/ros2_ws/install/ecl_math/include/ecl/math/simple.hpp
[26.373s] -- Symlinking: /home/embedded/ros2_ws/install/ecl_math/include/ecl/math.hpp
[26.396s] -- Symlinking: /home/embedded/ros2_ws/install/ecl_math/share/ament_index/resource_index/package_run_dependencies/ecl_math
[26.420s] -- Symlinking: /home/embedded/ros2_ws/install/ecl_math/share/ament_index/resource_index/parent_prefix_path/ecl_math
[26.444s] -- Symlinking: /home/embedded/ros2_ws/install/ecl_math/share/ecl_math/environment/ament_prefix_path.sh
[26.468s] -- Symlinking: /home/embedded/ros2_ws/install/ecl_math/share/ecl_math/environment/ament_prefix_path.dsv
[26.493s] -- Symlinking: /home/embedded/ros2_ws/install/ecl_math/share/ecl_math/environment/path.sh
[26.515s] -- Symlinking: /home/embedded/ros2_ws/install/ecl_math/share/ecl_math/environment/path.dsv
[26.547s] -- Symlinking: /home/embedded/ros2_ws/install/ecl_math/share/ecl_math/local_setup.bash
[26.582s] -- Symlinking: /home/embedded/ros2_ws/install/ecl_math/share/ecl_math/local_setup.sh
[26.622s] -- Symlinking: /home/embedded/ros2_ws/install/ecl_math/share/ecl_math/local_setup.zsh
[26.670s] -- Symlinking: /home/embedded/ros2_ws/install/ecl_math/share/ecl_math/local_setup.dsv
[26.724s] -- Symlinking: /home/embedded/ros2_ws/install/ecl_math/share/ecl_math/package.dsv
[26.779s] -- Symlinking: /home/embedded/ros2_ws/install/ecl_math/share/ament_index/resource_index/packages/ecl_math
[26.820s] -- Symlinking: /home/embedded/ros2_ws/install/ecl_math/share/ecl_math/cmake/ament_cmake_export_targets-extras.cmake
[26.848s] -- Symlinking: /home/embedded/ros2_ws/install/ecl_math/share/ecl_math/cmake/ament_cmake_export_include_directories-extras.cmake
[26.873s] -- Symlinking: /home/embedded/ros2_ws/install/ecl_math/share/ecl_math/cmake/ament_cmake_export_dependencies-extras.cmake
[26.905s] -- Symlinking: /home/embedded/ros2_ws/install/ecl_math/share/ecl_math/cmake/ecl_mathConfig.cmake
[26.943s] -- Symlinking: /home/embedded/ros2_ws/install/ecl_math/share/ecl_math/cmake/ecl_mathConfig-version.cmake
[26.972s] -- Symlinking: /home/embedded/ros2_ws/install/ecl_math/share/ecl_math/package.xml
[26.995s] -- Installing: /home/embedded/ros2_ws/install/ecl_math/share/ecl_math/cmake/ecl_mathExport.cmake
[27.004s] Invoked command in '/home/embedded/ros2_ws/build/ecl_math' returned '0': AMENT_PREFIX_PATH=/home/embedded/ros2_ws/install/ecl_type_traits:/home/embedded/ros2_ws/install/ecl_mpl:/home/embedded/ros2_ws/install/ecl_config:${AMENT_PREFIX_PATH} CMAKE_PREFIX_PATH=/home/embedded/ros2_ws/install/ecl_type_traits:/home/embedded/ros2_ws/install/ecl_mpl:/home/embedded/ros2_ws/install/ecl_config:/opt/ros/jazzy/opt/gz_sim_vendor:/opt/ros/jazzy/opt/gz_sensors_vendor:/opt/ros/jazzy/opt/gz_physics_vendor:/opt/ros/jazzy/opt/sdformat_vendor:/opt/ros/jazzy/opt/gz_gui_vendor:/opt/ros/jazzy/opt/gz_transport_vendor:/opt/ros/jazzy/opt/gz_rendering_vendor:/opt/ros/jazzy/opt/gz_plugin_vendor:/opt/ros/jazzy/opt/gz_fuel_tools_vendor:/opt/ros/jazzy/opt/gz_msgs_vendor:/opt/ros/jazzy/opt/gz_common_vendor:/opt/ros/jazzy/opt/gz_tools_vendor:/opt/ros/jazzy/opt/gz_ogre_next_vendor:/opt/ros/jazzy/opt/gz_dartsim_vendor:/opt/ros/jazzy/opt/gz_math_vendor:/opt/ros/jazzy/opt/gz_utils_vendor:/opt/ros/jazzy/opt/gz_cmake_vendor:/opt/ros/jazzy LD_LIBRARY_PATH=/home/embedded/ros2_ws/install/ecl_type_traits/lib:${LD_LIBRARY_PATH} PATH=/home/embedded/ros2_ws/install/ecl_type_traits/bin:/home/embedded/ros2_ws/install/ecl_config/bin:${PATH} /usr/bin/cmake --install /home/embedded/ros2_ws/build/ecl_math
