[0.026s] Invoking command in '/home/embedded/ros2_ws/build/openni2_camera': CMAKE_PREFIX_PATH=${CMAKE_PREFIX_PATH}:/opt/ros/jazzy /usr/bin/cmake --build /home/embedded/ros2_ws/build/openni2_camera -- -j4 -l4
[0.213s] [  1%] Built target openni2_camera__rosidl_generator_type_description
[0.283s] [  5%] Built target openni2_camera_driver
[0.290s] [  5%] Built target ament_cmake_python_symlink_openni2_camera
[0.312s] [  9%] Built target usb_reset
[0.327s] [ 26%] Built target openni2_wrapper
[0.368s] [ 28%] Built target openni2_camera__cpp
[0.387s] [ 37%] Built target openni2_camera__rosidl_generator_c
[0.428s] [ 41%] Built target test_wrapper
[0.470s] [ 47%] Built target openni2_camera__rosidl_typesupport_cpp
[0.529s] [ 50%] Built target list_devices
[0.538s] [ 56%] Built target openni2_camera__rosidl_typesupport_fastrtps_c
[0.587s] [ 62%] Built target openni2_camera__rosidl_typesupport_fastrtps_cpp
[0.648s] [ 67%] Built target openni2_camera__rosidl_typesupport_introspection_c
[0.658s] [ 73%] Built target openni2_camera__rosidl_typesupport_c
[0.714s] [ 79%] Built target openni2_camera__rosidl_typesupport_introspection_cpp
[0.772s] [ 83%] Built target openni2_camera_lib
[0.801s] [ 83%] Built target openni2_camera
[0.907s] [ 84%] Built target openni2_camera__py
[1.033s] [ 88%] Built target openni2_camera__rosidl_generator_py
[1.107s] running egg_info
[1.157s] [ 92%] Built target openni2_camera_s__rosidl_typesupport_introspection_c
[1.174s] [ 96%] Built target openni2_camera_s__rosidl_typesupport_fastrtps_c
[1.175s] [100%] Built target openni2_camera_s__rosidl_typesupport_c
[1.274s] writing openni2_camera.egg-info/PKG-INFO
[1.274s] writing dependency_links to openni2_camera.egg-info/dependency_links.txt
[1.275s] writing top-level names to openni2_camera.egg-info/top_level.txt
[1.521s] reading manifest file 'openni2_camera.egg-info/SOURCES.txt'
[1.525s] writing manifest file 'openni2_camera.egg-info/SOURCES.txt'
[1.740s] [100%] Built target ament_cmake_python_build_openni2_camera_egg
[1.804s] Invoked command in '/home/embedded/ros2_ws/build/openni2_camera' returned '0': CMAKE_PREFIX_PATH=${CMAKE_PREFIX_PATH}:/opt/ros/jazzy /usr/bin/cmake --build /home/embedded/ros2_ws/build/openni2_camera -- -j4 -l4
[1.804s] Invoking command in '/home/embedded/ros2_ws/build/openni2_camera': CMAKE_PREFIX_PATH=${CMAKE_PREFIX_PATH}:/opt/ros/jazzy /usr/bin/cmake --install /home/embedded/ros2_ws/build/openni2_camera
[1.857s] -- Install configuration: ""
[1.858s] -- Execute custom install script
[1.859s] -- Up-to-date symlink: /home/embedded/ros2_ws/install/openni2_camera/share/ament_index/resource_index/rosidl_interfaces/openni2_camera
[1.859s] -- Up-to-date symlink: /home/embedded/ros2_ws/install/openni2_camera/share/openni2_camera/srv/GetSerial.json
[1.859s] -- Up-to-date symlink: /home/embedded/ros2_ws/install/openni2_camera/include/openni2_camera/openni2_camera/msg/rosidl_generator_c__visibility_control.h
[1.859s] -- Up-to-date symlink: /home/embedded/ros2_ws/install/openni2_camera/include/openni2_camera/openni2_camera/srv/detail/get_serial__functions.h
[1.859s] -- Up-to-date symlink: /home/embedded/ros2_ws/install/openni2_camera/include/openni2_camera/openni2_camera/srv/detail/get_serial__struct.h
[1.862s] -- Up-to-date symlink: /home/embedded/ros2_ws/install/openni2_camera/include/openni2_camera/openni2_camera/srv/detail/get_serial__type_support.h
[1.867s] -- Up-to-date symlink: /home/embedded/ros2_ws/install/openni2_camera/include/openni2_camera/openni2_camera/srv/get_serial.h
[1.867s] -- Up-to-date symlink: /home/embedded/ros2_ws/install/openni2_camera/share/openni2_camera/environment/library_path.sh
[1.867s] -- Up-to-date symlink: /home/embedded/ros2_ws/install/openni2_camera/share/openni2_camera/environment/library_path.dsv
[1.867s] -- Up-to-date symlink: /home/embedded/ros2_ws/install/openni2_camera/include/openni2_camera/openni2_camera/msg/rosidl_typesupport_fastrtps_c__visibility_control.h
[1.868s] -- Up-to-date symlink: /home/embedded/ros2_ws/install/openni2_camera/include/openni2_camera/openni2_camera/srv/detail/get_serial__rosidl_typesupport_fastrtps_c.h
[1.868s] -- Up-to-date symlink: /home/embedded/ros2_ws/install/openni2_camera/include/openni2_camera/openni2_camera/msg/rosidl_generator_cpp__visibility_control.hpp
[1.868s] -- Up-to-date symlink: /home/embedded/ros2_ws/install/openni2_camera/include/openni2_camera/openni2_camera/srv/detail/get_serial__builder.hpp
[1.868s] -- Up-to-date symlink: /home/embedded/ros2_ws/install/openni2_camera/include/openni2_camera/openni2_camera/srv/detail/get_serial__struct.hpp
[1.868s] -- Up-to-date symlink: /home/embedded/ros2_ws/install/openni2_camera/include/openni2_camera/openni2_camera/srv/detail/get_serial__traits.hpp
[1.871s] -- Up-to-date symlink: /home/embedded/ros2_ws/install/openni2_camera/include/openni2_camera/openni2_camera/srv/detail/get_serial__type_support.hpp
[1.872s] -- Up-to-date symlink: /home/embedded/ros2_ws/install/openni2_camera/include/openni2_camera/openni2_camera/srv/get_serial.hpp
[1.872s] -- Up-to-date symlink: /home/embedded/ros2_ws/install/openni2_camera/include/openni2_camera/openni2_camera/msg/rosidl_typesupport_fastrtps_cpp__visibility_control.h
[1.872s] -- Up-to-date symlink: /home/embedded/ros2_ws/install/openni2_camera/include/openni2_camera/openni2_camera/srv/detail/get_serial__rosidl_typesupport_fastrtps_cpp.hpp
[1.872s] -- Up-to-date symlink: /home/embedded/ros2_ws/install/openni2_camera/include/openni2_camera/openni2_camera/msg/rosidl_typesupport_introspection_c__visibility_control.h
[1.873s] -- Up-to-date symlink: /home/embedded/ros2_ws/install/openni2_camera/include/openni2_camera/openni2_camera/srv/detail/get_serial__rosidl_typesupport_introspection_c.h
[1.873s] -- Up-to-date symlink: /home/embedded/ros2_ws/install/openni2_camera/include/openni2_camera/openni2_camera/srv/detail/get_serial__rosidl_typesupport_introspection_cpp.hpp
[1.873s] -- Up-to-date symlink: /home/embedded/ros2_ws/install/openni2_camera/share/openni2_camera/environment/pythonpath.sh
[1.880s] -- Up-to-date symlink: /home/embedded/ros2_ws/install/openni2_camera/share/openni2_camera/environment/pythonpath.dsv
[1.881s] -- Up-to-date symlink: /home/embedded/ros2_ws/install/openni2_camera/lib/python3.12/site-packages/openni2_camera-2.3.0-py3.12.egg-info/PKG-INFO
[1.881s] -- Up-to-date symlink: /home/embedded/ros2_ws/install/openni2_camera/lib/python3.12/site-packages/openni2_camera-2.3.0-py3.12.egg-info/SOURCES.txt
[1.887s] -- Up-to-date symlink: /home/embedded/ros2_ws/install/openni2_camera/lib/python3.12/site-packages/openni2_camera-2.3.0-py3.12.egg-info/dependency_links.txt
[1.888s] -- Up-to-date symlink: /home/embedded/ros2_ws/install/openni2_camera/lib/python3.12/site-packages/openni2_camera-2.3.0-py3.12.egg-info/top_level.txt
[1.888s] -- Up-to-date symlink: /home/embedded/ros2_ws/install/openni2_camera/lib/python3.12/site-packages/openni2_camera/__init__.py
[1.888s] -- Up-to-date symlink: /home/embedded/ros2_ws/install/openni2_camera/lib/python3.12/site-packages/openni2_camera/_openni2_camera_s.ep.rosidl_typesupport_c.c
[1.897s] -- Up-to-date symlink: /home/embedded/ros2_ws/install/openni2_camera/lib/python3.12/site-packages/openni2_camera/_openni2_camera_s.ep.rosidl_typesupport_fastrtps_c.c
[1.900s] -- Up-to-date symlink: /home/embedded/ros2_ws/install/openni2_camera/lib/python3.12/site-packages/openni2_camera/_openni2_camera_s.ep.rosidl_typesupport_introspection_c.c
[1.901s] -- Up-to-date symlink: /home/embedded/ros2_ws/install/openni2_camera/lib/python3.12/site-packages/openni2_camera/openni2_camera_s__rosidl_typesupport_c.so
[1.901s] -- Up-to-date symlink: /home/embedded/ros2_ws/install/openni2_camera/lib/python3.12/site-packages/openni2_camera/openni2_camera_s__rosidl_typesupport_fastrtps_c.so
[1.901s] -- Up-to-date symlink: /home/embedded/ros2_ws/install/openni2_camera/lib/python3.12/site-packages/openni2_camera/openni2_camera_s__rosidl_typesupport_introspection_c.so
[1.901s] -- Up-to-date symlink: /home/embedded/ros2_ws/install/openni2_camera/lib/python3.12/site-packages/openni2_camera/srv/__init__.py
[1.901s] -- Up-to-date symlink: /home/embedded/ros2_ws/install/openni2_camera/lib/python3.12/site-packages/openni2_camera/srv/_get_serial.py
[1.901s] -- Up-to-date symlink: /home/embedded/ros2_ws/install/openni2_camera/lib/python3.12/site-packages/openni2_camera/srv/_get_serial_s.c
[1.901s] -- Up-to-date symlink: /home/embedded/ros2_ws/install/openni2_camera/lib/python3.12/site-packages/openni2_camera/openni2_camera_s__rosidl_typesupport_fastrtps_c.so
[1.902s] -- Up-to-date symlink: /home/embedded/ros2_ws/install/openni2_camera/lib/python3.12/site-packages/openni2_camera/openni2_camera_s__rosidl_typesupport_introspection_c.so
[1.902s] -- Up-to-date symlink: /home/embedded/ros2_ws/install/openni2_camera/lib/python3.12/site-packages/openni2_camera/openni2_camera_s__rosidl_typesupport_c.so
[1.902s] -- Up-to-date symlink: /home/embedded/ros2_ws/install/openni2_camera/share/openni2_camera/srv/GetSerial.idl
[1.902s] -- Up-to-date symlink: /home/embedded/ros2_ws/install/openni2_camera/share/openni2_camera/srv/GetSerial.srv
[1.902s] -- Up-to-date symlink: /home/embedded/ros2_ws/install/openni2_camera/lib/openni2_camera/openni2_camera_driver
[1.902s] -- Up-to-date symlink: /home/embedded/ros2_ws/install/openni2_camera/lib/openni2_camera/list_devices
[1.902s] -- Up-to-date symlink: /home/embedded/ros2_ws/install/openni2_camera/lib/libopenni2_camera_lib.so
[1.913s] -- Up-to-date symlink: /home/embedded/ros2_ws/install/openni2_camera/lib/libopenni2_wrapper.so
[1.915s] -- Up-to-date symlink: /home/embedded/ros2_ws/install/openni2_camera/lib/openni2_camera/usb_reset
[1.915s] -- Up-to-date symlink: /home/embedded/ros2_ws/install/openni2_camera/include/openni2_camera/openni2_convert.h
[1.916s] -- Up-to-date symlink: /home/embedded/ros2_ws/install/openni2_camera/include/openni2_camera/openni2_device.h
[1.916s] -- Up-to-date symlink: /home/embedded/ros2_ws/install/openni2_camera/include/openni2_camera/openni2_device_info.h
[1.916s] -- Up-to-date symlink: /home/embedded/ros2_ws/install/openni2_camera/include/openni2_camera/openni2_device_manager.h
[1.916s] -- Up-to-date symlink: /home/embedded/ros2_ws/install/openni2_camera/include/openni2_camera/openni2_driver.h
[1.916s] -- Up-to-date symlink: /home/embedded/ros2_ws/install/openni2_camera/include/openni2_camera/openni2_exception.h
[1.916s] -- Up-to-date symlink: /home/embedded/ros2_ws/install/openni2_camera/include/openni2_camera/openni2_frame_listener.h
[1.916s] -- Up-to-date symlink: /home/embedded/ros2_ws/install/openni2_camera/include/openni2_camera/openni2_timer_filter.h
[1.916s] -- Up-to-date symlink: /home/embedded/ros2_ws/install/openni2_camera/include/openni2_camera/openni2_video_mode.h
[1.917s] -- Up-to-date symlink: /home/embedded/ros2_ws/install/openni2_camera/share/openni2_camera//launch/camera_only.launch.py
[1.917s] -- Up-to-date symlink: /home/embedded/ros2_ws/install/openni2_camera/share/openni2_camera//launch/camera_with_cloud.launch.py
[1.917s] -- Up-to-date symlink: /home/embedded/ros2_ws/install/openni2_camera/share/openni2_camera//launch/camera_with_cloud_norgb.launch.py
[1.917s] -- Up-to-date symlink: /home/embedded/ros2_ws/install/openni2_camera/share/openni2_camera//launch/tfs.launch.py
[1.931s] -- Up-to-date symlink: /home/embedded/ros2_ws/install/openni2_camera/share/ament_index/resource_index/package_run_dependencies/openni2_camera
[1.931s] -- Up-to-date symlink: /home/embedded/ros2_ws/install/openni2_camera/share/ament_index/resource_index/parent_prefix_path/openni2_camera
[1.932s] -- Up-to-date symlink: /home/embedded/ros2_ws/install/openni2_camera/share/openni2_camera/environment/ament_prefix_path.sh
[1.932s] -- Up-to-date symlink: /home/embedded/ros2_ws/install/openni2_camera/share/openni2_camera/environment/ament_prefix_path.dsv
[1.932s] -- Up-to-date symlink: /home/embedded/ros2_ws/install/openni2_camera/share/openni2_camera/environment/path.sh
[1.932s] -- Up-to-date symlink: /home/embedded/ros2_ws/install/openni2_camera/share/openni2_camera/environment/path.dsv
[1.932s] -- Up-to-date symlink: /home/embedded/ros2_ws/install/openni2_camera/share/openni2_camera/local_setup.bash
[1.932s] -- Up-to-date symlink: /home/embedded/ros2_ws/install/openni2_camera/share/openni2_camera/local_setup.sh
[1.933s] -- Up-to-date symlink: /home/embedded/ros2_ws/install/openni2_camera/share/openni2_camera/local_setup.zsh
[1.933s] -- Up-to-date symlink: /home/embedded/ros2_ws/install/openni2_camera/share/openni2_camera/local_setup.dsv
[1.933s] -- Symlinking: /home/embedded/ros2_ws/install/openni2_camera/share/openni2_camera/package.dsv
[1.968s] -- Up-to-date symlink: /home/embedded/ros2_ws/install/openni2_camera/share/ament_index/resource_index/packages/openni2_camera
[1.968s] -- Up-to-date symlink: /home/embedded/ros2_ws/install/openni2_camera/share/ament_index/resource_index/rclcpp_components/openni2_camera
[1.968s] -- Up-to-date symlink: /home/embedded/ros2_ws/install/openni2_camera/share/openni2_camera/cmake/rosidl_cmake-extras.cmake
[1.975s] -- Up-to-date symlink: /home/embedded/ros2_ws/install/openni2_camera/share/openni2_camera/cmake/ament_cmake_export_dependencies-extras.cmake
[1.975s] -- Up-to-date symlink: /home/embedded/ros2_ws/install/openni2_camera/share/openni2_camera/cmake/ament_cmake_export_include_directories-extras.cmake
[1.976s] -- Up-to-date symlink: /home/embedded/ros2_ws/install/openni2_camera/share/openni2_camera/cmake/ament_cmake_export_libraries-extras.cmake
[1.976s] -- Up-to-date symlink: /home/embedded/ros2_ws/install/openni2_camera/share/openni2_camera/cmake/ament_cmake_export_targets-extras.cmake
[1.977s] -- Up-to-date symlink: /home/embedded/ros2_ws/install/openni2_camera/share/openni2_camera/cmake/rosidl_cmake_export_typesupport_targets-extras.cmake
[1.977s] -- Up-to-date symlink: /home/embedded/ros2_ws/install/openni2_camera/share/openni2_camera/cmake/rosidl_cmake_export_typesupport_libraries-extras.cmake
[1.977s] -- Up-to-date symlink: /home/embedded/ros2_ws/install/openni2_camera/share/openni2_camera/cmake/openni2_cameraConfig.cmake
[1.978s] -- Up-to-date symlink: /home/embedded/ros2_ws/install/openni2_camera/share/openni2_camera/cmake/openni2_cameraConfig-version.cmake
[1.978s] -- Up-to-date symlink: /home/embedded/ros2_ws/install/openni2_camera/share/openni2_camera/package.xml
[1.987s] -- Up-to-date: /home/embedded/ros2_ws/install/openni2_camera/lib/libopenni2_camera__rosidl_generator_c.so
[1.988s] -- Up-to-date: /home/embedded/ros2_ws/install/openni2_camera/lib/libopenni2_camera__rosidl_typesupport_fastrtps_c.so
[1.988s] -- Up-to-date: /home/embedded/ros2_ws/install/openni2_camera/lib/libopenni2_camera__rosidl_typesupport_fastrtps_cpp.so
[1.989s] -- Up-to-date: /home/embedded/ros2_ws/install/openni2_camera/lib/libopenni2_camera__rosidl_typesupport_introspection_c.so
[1.989s] -- Up-to-date: /home/embedded/ros2_ws/install/openni2_camera/lib/libopenni2_camera__rosidl_typesupport_c.so
[1.990s] -- Up-to-date: /home/embedded/ros2_ws/install/openni2_camera/lib/libopenni2_camera__rosidl_typesupport_introspection_cpp.so
[1.990s] -- Up-to-date: /home/embedded/ros2_ws/install/openni2_camera/lib/libopenni2_camera__rosidl_typesupport_cpp.so
[2.174s] Listing '/home/embedded/ros2_ws/install/openni2_camera/lib/python3.12/site-packages/openni2_camera'...
[2.174s] Listing '/home/embedded/ros2_ws/install/openni2_camera/lib/python3.12/site-packages/openni2_camera/srv'...
[2.209s] -- Up-to-date: /home/embedded/ros2_ws/install/openni2_camera/lib/libopenni2_camera__rosidl_generator_py.so
[2.210s] -- Up-to-date: /home/embedded/ros2_ws/install/openni2_camera/share/openni2_camera/cmake/export_openni2_camera__rosidl_generator_cExport.cmake
[2.211s] -- Up-to-date: /home/embedded/ros2_ws/install/openni2_camera/share/openni2_camera/cmake/export_openni2_camera__rosidl_generator_cExport-noconfig.cmake
[2.211s] -- Up-to-date: /home/embedded/ros2_ws/install/openni2_camera/share/openni2_camera/cmake/export_openni2_camera__rosidl_typesupport_fastrtps_cExport.cmake
[2.211s] -- Up-to-date: /home/embedded/ros2_ws/install/openni2_camera/share/openni2_camera/cmake/export_openni2_camera__rosidl_typesupport_fastrtps_cExport-noconfig.cmake
[2.211s] -- Up-to-date: /home/embedded/ros2_ws/install/openni2_camera/share/openni2_camera/cmake/export_openni2_camera__rosidl_generator_cppExport.cmake
[2.211s] -- Up-to-date: /home/embedded/ros2_ws/install/openni2_camera/share/openni2_camera/cmake/export_openni2_camera__rosidl_typesupport_fastrtps_cppExport.cmake
[2.211s] -- Up-to-date: /home/embedded/ros2_ws/install/openni2_camera/share/openni2_camera/cmake/export_openni2_camera__rosidl_typesupport_fastrtps_cppExport-noconfig.cmake
[2.211s] -- Up-to-date: /home/embedded/ros2_ws/install/openni2_camera/share/openni2_camera/cmake/openni2_camera__rosidl_typesupport_introspection_cExport.cmake
[2.212s] -- Up-to-date: /home/embedded/ros2_ws/install/openni2_camera/share/openni2_camera/cmake/openni2_camera__rosidl_typesupport_introspection_cExport-noconfig.cmake
[2.213s] -- Up-to-date: /home/embedded/ros2_ws/install/openni2_camera/share/openni2_camera/cmake/openni2_camera__rosidl_typesupport_cExport.cmake
[2.213s] -- Up-to-date: /home/embedded/ros2_ws/install/openni2_camera/share/openni2_camera/cmake/openni2_camera__rosidl_typesupport_cExport-noconfig.cmake
[2.213s] -- Up-to-date: /home/embedded/ros2_ws/install/openni2_camera/share/openni2_camera/cmake/openni2_camera__rosidl_typesupport_introspection_cppExport.cmake
[2.214s] -- Up-to-date: /home/embedded/ros2_ws/install/openni2_camera/share/openni2_camera/cmake/openni2_camera__rosidl_typesupport_introspection_cppExport-noconfig.cmake
[2.214s] -- Up-to-date: /home/embedded/ros2_ws/install/openni2_camera/share/openni2_camera/cmake/openni2_camera__rosidl_typesupport_cppExport.cmake
[2.214s] -- Up-to-date: /home/embedded/ros2_ws/install/openni2_camera/share/openni2_camera/cmake/openni2_camera__rosidl_typesupport_cppExport-noconfig.cmake
[2.214s] -- Up-to-date: /home/embedded/ros2_ws/install/openni2_camera/share/openni2_camera/cmake/export_openni2_camera__rosidl_generator_pyExport.cmake
[2.217s] -- Up-to-date: /home/embedded/ros2_ws/install/openni2_camera/share/openni2_camera/cmake/export_openni2_camera__rosidl_generator_pyExport-noconfig.cmake
[2.221s] Invoked command in '/home/embedded/ros2_ws/build/openni2_camera' returned '0': CMAKE_PREFIX_PATH=${CMAKE_PREFIX_PATH}:/opt/ros/jazzy /usr/bin/cmake --install /home/embedded/ros2_ws/build/openni2_camera
