[0.026s] Invoking command in '/home/embedded/ros2_ws/build/ecl_command_line': CMAKE_PREFIX_PATH=${CMAKE_PREFIX_PATH}:/opt/ros/jazzy /usr/bin/cmake --build /home/embedded/ros2_ws/build/ecl_command_line -- -j4 -l4
[0.274s] [100%] Built target ecl_demo_command_line
[0.323s] Invoked command in '/home/embedded/ros2_ws/build/ecl_command_line' returned '0': CMAKE_PREFIX_PATH=${CMAKE_PREFIX_PATH}:/opt/ros/jazzy /usr/bin/cmake --build /home/embedded/ros2_ws/build/ecl_command_line -- -j4 -l4
[0.323s] Invoking command in '/home/embedded/ros2_ws/build/ecl_command_line': CMAKE_PREFIX_PATH=${CMAKE_PREFIX_PATH}:/opt/ros/jazzy /usr/bin/cmake --install /home/embedded/ros2_ws/build/ecl_command_line
[0.356s] -- Install configuration: ""
[0.356s] -- Execute custom install script
[0.356s] -- Up-to-date symlink: /home/embedded/ros2_ws/install/ecl_command_line/include/ecl/command_line/arg.hpp
[0.356s] -- Up-to-date symlink: /home/embedded/ros2_ws/install/ecl_command_line/include/ecl/command_line/arg_exception.hpp
[0.356s] -- Up-to-date symlink: /home/embedded/ros2_ws/install/ecl_command_line/include/ecl/command_line/cmd_line.hpp
[0.357s] -- Up-to-date symlink: /home/embedded/ros2_ws/install/ecl_command_line/include/ecl/command_line/cmd_line_interface.hpp
[0.359s] -- Up-to-date symlink: /home/embedded/ros2_ws/install/ecl_command_line/include/ecl/command_line/cmd_line_output.hpp
[0.360s] -- Up-to-date symlink: /home/embedded/ros2_ws/install/ecl_command_line/include/ecl/command_line/constraint.hpp
[0.361s] -- Up-to-date symlink: /home/embedded/ros2_ws/install/ecl_command_line/include/ecl/command_line/docbook_output.hpp
[0.363s] -- Up-to-date symlink: /home/embedded/ros2_ws/install/ecl_command_line/include/ecl/command_line/help_visitor.hpp
[0.363s] -- Up-to-date symlink: /home/embedded/ros2_ws/install/ecl_command_line/include/ecl/command_line/ignore_rest_visitor.hpp
[0.363s] -- Up-to-date symlink: /home/embedded/ros2_ws/install/ecl_command_line/include/ecl/command_line/multi_arg.hpp
[0.364s] -- Up-to-date symlink: /home/embedded/ros2_ws/install/ecl_command_line/include/ecl/command_line/multi_switch_arg.hpp
[0.364s] -- Up-to-date symlink: /home/embedded/ros2_ws/install/ecl_command_line/include/ecl/command_line/optional_unlabeled_tracker.hpp
[0.370s] -- Up-to-date symlink: /home/embedded/ros2_ws/install/ecl_command_line/include/ecl/command_line/std_output.hpp
[0.370s] -- Up-to-date symlink: /home/embedded/ros2_ws/install/ecl_command_line/include/ecl/command_line/switch_arg.hpp
[0.370s] -- Up-to-date symlink: /home/embedded/ros2_ws/install/ecl_command_line/include/ecl/command_line/unlabeled_multi_arg.hpp
[0.370s] -- Up-to-date symlink: /home/embedded/ros2_ws/install/ecl_command_line/include/ecl/command_line/unlabeled_value_arg.hpp
[0.371s] -- Up-to-date symlink: /home/embedded/ros2_ws/install/ecl_command_line/include/ecl/command_line/value_arg.hpp
[0.371s] -- Up-to-date symlink: /home/embedded/ros2_ws/install/ecl_command_line/include/ecl/command_line/values_constraint.hpp
[0.371s] -- Up-to-date symlink: /home/embedded/ros2_ws/install/ecl_command_line/include/ecl/command_line/version_visitor.hpp
[0.371s] -- Up-to-date symlink: /home/embedded/ros2_ws/install/ecl_command_line/include/ecl/command_line/visitor.hpp
[0.371s] -- Up-to-date symlink: /home/embedded/ros2_ws/install/ecl_command_line/include/ecl/command_line/xor_handler.hpp
[0.371s] -- Up-to-date symlink: /home/embedded/ros2_ws/install/ecl_command_line/include/ecl/command_line.hpp
[0.371s] -- Up-to-date symlink: /home/embedded/ros2_ws/install/ecl_command_line/lib/ecl_command_line/demo_command_line
[0.372s] -- Up-to-date symlink: /home/embedded/ros2_ws/install/ecl_command_line/share/ament_index/resource_index/package_run_dependencies/ecl_command_line
[0.372s] -- Up-to-date symlink: /home/embedded/ros2_ws/install/ecl_command_line/share/ament_index/resource_index/parent_prefix_path/ecl_command_line
[0.373s] -- Up-to-date symlink: /home/embedded/ros2_ws/install/ecl_command_line/share/ecl_command_line/environment/ament_prefix_path.sh
[0.373s] -- Up-to-date symlink: /home/embedded/ros2_ws/install/ecl_command_line/share/ecl_command_line/environment/ament_prefix_path.dsv
[0.378s] -- Up-to-date symlink: /home/embedded/ros2_ws/install/ecl_command_line/share/ecl_command_line/environment/path.sh
[0.379s] -- Up-to-date symlink: /home/embedded/ros2_ws/install/ecl_command_line/share/ecl_command_line/environment/path.dsv
[0.379s] -- Up-to-date symlink: /home/embedded/ros2_ws/install/ecl_command_line/share/ecl_command_line/local_setup.bash
[0.380s] -- Up-to-date symlink: /home/embedded/ros2_ws/install/ecl_command_line/share/ecl_command_line/local_setup.sh
[0.380s] -- Up-to-date symlink: /home/embedded/ros2_ws/install/ecl_command_line/share/ecl_command_line/local_setup.zsh
[0.381s] -- Up-to-date symlink: /home/embedded/ros2_ws/install/ecl_command_line/share/ecl_command_line/local_setup.dsv
[0.381s] -- Symlinking: /home/embedded/ros2_ws/install/ecl_command_line/share/ecl_command_line/package.dsv
[0.407s] -- Up-to-date symlink: /home/embedded/ros2_ws/install/ecl_command_line/share/ament_index/resource_index/packages/ecl_command_line
[0.408s] -- Up-to-date symlink: /home/embedded/ros2_ws/install/ecl_command_line/share/ecl_command_line/cmake/ament_cmake_export_targets-extras.cmake
[0.408s] -- Up-to-date symlink: /home/embedded/ros2_ws/install/ecl_command_line/share/ecl_command_line/cmake/ament_cmake_export_include_directories-extras.cmake
[0.409s] -- Up-to-date symlink: /home/embedded/ros2_ws/install/ecl_command_line/share/ecl_command_line/cmake/ecl_command_lineConfig.cmake
[0.410s] -- Up-to-date symlink: /home/embedded/ros2_ws/install/ecl_command_line/share/ecl_command_line/cmake/ecl_command_lineConfig-version.cmake
[0.410s] -- Up-to-date symlink: /home/embedded/ros2_ws/install/ecl_command_line/share/ecl_command_line/package.xml
[0.411s] -- Up-to-date: /home/embedded/ros2_ws/install/ecl_command_line/share/ecl_command_line/cmake/ecl_command_lineExport.cmake
[0.422s] Invoked command in '/home/embedded/ros2_ws/build/ecl_command_line' returned '0': CMAKE_PREFIX_PATH=${CMAKE_PREFIX_PATH}:/opt/ros/jazzy /usr/bin/cmake --install /home/embedded/ros2_ws/build/ecl_command_line
