[0.042s] Invoking command in '/home/embedded/ros2_ws/build/kobuki_ros_interfaces': CMAKE_PREFIX_PATH=${CMAKE_PREFIX_PATH}:/opt/ros/jazzy /usr/bin/cmake --build /home/embedded/ros2_ws/build/kobuki_ros_interfaces -- -j4 -l4
[0.286s] [  1%] Built target kobuki_ros_interfaces__rosidl_generator_type_description
[0.338s] [  1%] Built target ament_cmake_python_symlink_kobuki_ros_interfaces
[0.401s] [  1%] Built target kobuki_ros_interfaces__cpp
[0.460s] [ 29%] Built target kobuki_ros_interfaces__rosidl_generator_c
[0.607s] [ 38%] Built target kobuki_ros_interfaces__rosidl_typesupport_cpp
[0.621s] [ 48%] Built target kobuki_ros_interfaces__rosidl_typesupport_fastrtps_c
[0.638s] [ 58%] Built target kobuki_ros_interfaces__rosidl_typesupport_fastrtps_cpp
[0.744s] [ 68%] Built target kobuki_ros_interfaces__rosidl_typesupport_introspection_c
[0.750s] [ 78%] Built target kobuki_ros_interfaces__rosidl_typesupport_c
[0.778s] [ 88%] Built target kobuki_ros_interfaces__rosidl_typesupport_introspection_cpp
[0.872s] [ 88%] Built target kobuki_ros_interfaces
[1.024s] [ 88%] Built target kobuki_ros_interfaces__py
[1.093s] running egg_info
[1.240s] writing kobuki_ros_interfaces.egg-info/PKG-INFO
[1.240s] writing dependency_links to kobuki_ros_interfaces.egg-info/dependency_links.txt
[1.240s] writing top-level names to kobuki_ros_interfaces.egg-info/top_level.txt
[1.263s] [ 97%] Built target kobuki_ros_interfaces__rosidl_generator_py
[1.428s] [ 98%] Built target kobuki_ros_interfaces_s__rosidl_typesupport_fastrtps_c
[1.442s] [ 99%] Built target kobuki_ros_interfaces_s__rosidl_typesupport_introspection_c
[1.499s] [100%] Built target kobuki_ros_interfaces_s__rosidl_typesupport_c
[1.589s] reading manifest file 'kobuki_ros_interfaces.egg-info/SOURCES.txt'
[1.594s] writing manifest file 'kobuki_ros_interfaces.egg-info/SOURCES.txt'
[1.789s] [100%] Built target ament_cmake_python_build_kobuki_ros_interfaces_egg
[1.834s] Invoked command in '/home/embedded/ros2_ws/build/kobuki_ros_interfaces' returned '0': CMAKE_PREFIX_PATH=${CMAKE_PREFIX_PATH}:/opt/ros/jazzy /usr/bin/cmake --build /home/embedded/ros2_ws/build/kobuki_ros_interfaces -- -j4 -l4
[1.839s] Invoking command in '/home/embedded/ros2_ws/build/kobuki_ros_interfaces': CMAKE_PREFIX_PATH=${CMAKE_PREFIX_PATH}:/opt/ros/jazzy /usr/bin/cmake --install /home/embedded/ros2_ws/build/kobuki_ros_interfaces
[1.881s] -- Install configuration: ""
[1.886s] -- Execute custom install script
[1.888s] -- Up-to-date symlink: /home/embedded/ros2_ws/install/kobuki_ros_interfaces/share/ament_index/resource_index/rosidl_interfaces/kobuki_ros_interfaces
[1.890s] -- Up-to-date symlink: /home/embedded/ros2_ws/install/kobuki_ros_interfaces/share/kobuki_ros_interfaces/msg/BumperEvent.json
[1.891s] -- Up-to-date symlink: /home/embedded/ros2_ws/install/kobuki_ros_interfaces/share/kobuki_ros_interfaces/msg/CliffEvent.json
[1.892s] -- Up-to-date symlink: /home/embedded/ros2_ws/install/kobuki_ros_interfaces/share/kobuki_ros_interfaces/msg/DigitalOutput.json
[1.894s] -- Up-to-date symlink: /home/embedded/ros2_ws/install/kobuki_ros_interfaces/share/kobuki_ros_interfaces/msg/ExternalPower.json
[1.895s] -- Up-to-date symlink: /home/embedded/ros2_ws/install/kobuki_ros_interfaces/share/kobuki_ros_interfaces/msg/Led.json
[1.896s] -- Up-to-date symlink: /home/embedded/ros2_ws/install/kobuki_ros_interfaces/share/kobuki_ros_interfaces/msg/PowerSystemEvent.json
[1.899s] -- Up-to-date symlink: /home/embedded/ros2_ws/install/kobuki_ros_interfaces/share/kobuki_ros_interfaces/msg/SensorState.json
[1.899s] -- Up-to-date symlink: /home/embedded/ros2_ws/install/kobuki_ros_interfaces/share/kobuki_ros_interfaces/msg/VersionInfo.json
[1.899s] -- Up-to-date symlink: /home/embedded/ros2_ws/install/kobuki_ros_interfaces/share/kobuki_ros_interfaces/msg/ControllerInfo.json
[1.899s] -- Up-to-date symlink: /home/embedded/ros2_ws/install/kobuki_ros_interfaces/share/kobuki_ros_interfaces/msg/ButtonEvent.json
[1.902s] -- Up-to-date symlink: /home/embedded/ros2_ws/install/kobuki_ros_interfaces/share/kobuki_ros_interfaces/msg/DigitalInputEvent.json
[1.903s] -- Up-to-date symlink: /home/embedded/ros2_ws/install/kobuki_ros_interfaces/share/kobuki_ros_interfaces/msg/DockInfraRed.json
[1.906s] -- Up-to-date symlink: /home/embedded/ros2_ws/install/kobuki_ros_interfaces/share/kobuki_ros_interfaces/msg/KeyboardInput.json
[1.907s] -- Up-to-date symlink: /home/embedded/ros2_ws/install/kobuki_ros_interfaces/share/kobuki_ros_interfaces/msg/MotorPower.json
[1.907s] -- Up-to-date symlink: /home/embedded/ros2_ws/install/kobuki_ros_interfaces/share/kobuki_ros_interfaces/msg/RobotStateEvent.json
[1.908s] -- Up-to-date symlink: /home/embedded/ros2_ws/install/kobuki_ros_interfaces/share/kobuki_ros_interfaces/msg/Sound.json
[1.909s] -- Up-to-date symlink: /home/embedded/ros2_ws/install/kobuki_ros_interfaces/share/kobuki_ros_interfaces/msg/ScanAngle.json
[1.909s] -- Up-to-date symlink: /home/embedded/ros2_ws/install/kobuki_ros_interfaces/share/kobuki_ros_interfaces/msg/WheelDropEvent.json
[1.909s] -- Up-to-date symlink: /home/embedded/ros2_ws/install/kobuki_ros_interfaces/share/kobuki_ros_interfaces/action/AutoDocking.json
[1.915s] -- Up-to-date symlink: /home/embedded/ros2_ws/install/kobuki_ros_interfaces/include/kobuki_ros_interfaces/kobuki_ros_interfaces/action/auto_docking.h
[1.916s] -- Up-to-date symlink: /home/embedded/ros2_ws/install/kobuki_ros_interfaces/include/kobuki_ros_interfaces/kobuki_ros_interfaces/action/detail/auto_docking__functions.h
[1.916s] -- Up-to-date symlink: /home/embedded/ros2_ws/install/kobuki_ros_interfaces/include/kobuki_ros_interfaces/kobuki_ros_interfaces/action/detail/auto_docking__struct.h
[1.916s] -- Up-to-date symlink: /home/embedded/ros2_ws/install/kobuki_ros_interfaces/include/kobuki_ros_interfaces/kobuki_ros_interfaces/action/detail/auto_docking__type_support.h
[1.916s] -- Up-to-date symlink: /home/embedded/ros2_ws/install/kobuki_ros_interfaces/include/kobuki_ros_interfaces/kobuki_ros_interfaces/msg/bumper_event.h
[1.925s] -- Up-to-date symlink: /home/embedded/ros2_ws/install/kobuki_ros_interfaces/include/kobuki_ros_interfaces/kobuki_ros_interfaces/msg/button_event.h
[1.926s] -- Up-to-date symlink: /home/embedded/ros2_ws/install/kobuki_ros_interfaces/include/kobuki_ros_interfaces/kobuki_ros_interfaces/msg/cliff_event.h
[1.927s] -- Up-to-date symlink: /home/embedded/ros2_ws/install/kobuki_ros_interfaces/include/kobuki_ros_interfaces/kobuki_ros_interfaces/msg/controller_info.h
[1.927s] -- Up-to-date symlink: /home/embedded/ros2_ws/install/kobuki_ros_interfaces/include/kobuki_ros_interfaces/kobuki_ros_interfaces/msg/detail/bumper_event__functions.h
[1.927s] -- Up-to-date symlink: /home/embedded/ros2_ws/install/kobuki_ros_interfaces/include/kobuki_ros_interfaces/kobuki_ros_interfaces/msg/detail/bumper_event__struct.h
[1.927s] -- Up-to-date symlink: /home/embedded/ros2_ws/install/kobuki_ros_interfaces/include/kobuki_ros_interfaces/kobuki_ros_interfaces/msg/detail/bumper_event__type_support.h
[1.927s] -- Up-to-date symlink: /home/embedded/ros2_ws/install/kobuki_ros_interfaces/include/kobuki_ros_interfaces/kobuki_ros_interfaces/msg/detail/button_event__functions.h
[1.928s] -- Up-to-date symlink: /home/embedded/ros2_ws/install/kobuki_ros_interfaces/include/kobuki_ros_interfaces/kobuki_ros_interfaces/msg/detail/button_event__struct.h
[1.928s] -- Up-to-date symlink: /home/embedded/ros2_ws/install/kobuki_ros_interfaces/include/kobuki_ros_interfaces/kobuki_ros_interfaces/msg/detail/button_event__type_support.h
[1.928s] -- Up-to-date symlink: /home/embedded/ros2_ws/install/kobuki_ros_interfaces/include/kobuki_ros_interfaces/kobuki_ros_interfaces/msg/detail/cliff_event__functions.h
[1.928s] -- Up-to-date symlink: /home/embedded/ros2_ws/install/kobuki_ros_interfaces/include/kobuki_ros_interfaces/kobuki_ros_interfaces/msg/detail/cliff_event__struct.h
[1.936s] -- Up-to-date symlink: /home/embedded/ros2_ws/install/kobuki_ros_interfaces/include/kobuki_ros_interfaces/kobuki_ros_interfaces/msg/detail/cliff_event__type_support.h
[1.936s] -- Up-to-date symlink: /home/embedded/ros2_ws/install/kobuki_ros_interfaces/include/kobuki_ros_interfaces/kobuki_ros_interfaces/msg/detail/controller_info__functions.h
[1.937s] -- Up-to-date symlink: /home/embedded/ros2_ws/install/kobuki_ros_interfaces/include/kobuki_ros_interfaces/kobuki_ros_interfaces/msg/detail/controller_info__struct.h
[1.937s] -- Up-to-date symlink: /home/embedded/ros2_ws/install/kobuki_ros_interfaces/include/kobuki_ros_interfaces/kobuki_ros_interfaces/msg/detail/controller_info__type_support.h
[1.937s] -- Up-to-date symlink: /home/embedded/ros2_ws/install/kobuki_ros_interfaces/include/kobuki_ros_interfaces/kobuki_ros_interfaces/msg/detail/digital_input_event__functions.h
[1.937s] -- Up-to-date symlink: /home/embedded/ros2_ws/install/kobuki_ros_interfaces/include/kobuki_ros_interfaces/kobuki_ros_interfaces/msg/detail/digital_input_event__struct.h
[1.937s] -- Up-to-date symlink: /home/embedded/ros2_ws/install/kobuki_ros_interfaces/include/kobuki_ros_interfaces/kobuki_ros_interfaces/msg/detail/digital_input_event__type_support.h
[1.937s] -- Up-to-date symlink: /home/embedded/ros2_ws/install/kobuki_ros_interfaces/include/kobuki_ros_interfaces/kobuki_ros_interfaces/msg/detail/digital_output__functions.h
[1.937s] -- Up-to-date symlink: /home/embedded/ros2_ws/install/kobuki_ros_interfaces/include/kobuki_ros_interfaces/kobuki_ros_interfaces/msg/detail/digital_output__struct.h
[1.937s] -- Up-to-date symlink: /home/embedded/ros2_ws/install/kobuki_ros_interfaces/include/kobuki_ros_interfaces/kobuki_ros_interfaces/msg/detail/digital_output__type_support.h
[1.937s] -- Up-to-date symlink: /home/embedded/ros2_ws/install/kobuki_ros_interfaces/include/kobuki_ros_interfaces/kobuki_ros_interfaces/msg/detail/dock_infra_red__functions.h
[1.938s] -- Up-to-date symlink: /home/embedded/ros2_ws/install/kobuki_ros_interfaces/include/kobuki_ros_interfaces/kobuki_ros_interfaces/msg/detail/dock_infra_red__struct.h
[1.938s] -- Up-to-date symlink: /home/embedded/ros2_ws/install/kobuki_ros_interfaces/include/kobuki_ros_interfaces/kobuki_ros_interfaces/msg/detail/dock_infra_red__type_support.h
[1.938s] -- Up-to-date symlink: /home/embedded/ros2_ws/install/kobuki_ros_interfaces/include/kobuki_ros_interfaces/kobuki_ros_interfaces/msg/detail/external_power__functions.h
[1.938s] -- Up-to-date symlink: /home/embedded/ros2_ws/install/kobuki_ros_interfaces/include/kobuki_ros_interfaces/kobuki_ros_interfaces/msg/detail/external_power__struct.h
[1.938s] -- Up-to-date symlink: /home/embedded/ros2_ws/install/kobuki_ros_interfaces/include/kobuki_ros_interfaces/kobuki_ros_interfaces/msg/detail/external_power__type_support.h
[1.938s] -- Up-to-date symlink: /home/embedded/ros2_ws/install/kobuki_ros_interfaces/include/kobuki_ros_interfaces/kobuki_ros_interfaces/msg/detail/keyboard_input__functions.h
[1.938s] -- Up-to-date symlink: /home/embedded/ros2_ws/install/kobuki_ros_interfaces/include/kobuki_ros_interfaces/kobuki_ros_interfaces/msg/detail/keyboard_input__struct.h
[1.938s] -- Up-to-date symlink: /home/embedded/ros2_ws/install/kobuki_ros_interfaces/include/kobuki_ros_interfaces/kobuki_ros_interfaces/msg/detail/keyboard_input__type_support.h
[1.938s] -- Up-to-date symlink: /home/embedded/ros2_ws/install/kobuki_ros_interfaces/include/kobuki_ros_interfaces/kobuki_ros_interfaces/msg/detail/led__functions.h
[1.938s] -- Up-to-date symlink: /home/embedded/ros2_ws/install/kobuki_ros_interfaces/include/kobuki_ros_interfaces/kobuki_ros_interfaces/msg/detail/led__struct.h
[1.939s] -- Up-to-date symlink: /home/embedded/ros2_ws/install/kobuki_ros_interfaces/include/kobuki_ros_interfaces/kobuki_ros_interfaces/msg/detail/led__type_support.h
[1.940s] -- Up-to-date symlink: /home/embedded/ros2_ws/install/kobuki_ros_interfaces/include/kobuki_ros_interfaces/kobuki_ros_interfaces/msg/detail/motor_power__functions.h
[1.940s] -- Up-to-date symlink: /home/embedded/ros2_ws/install/kobuki_ros_interfaces/include/kobuki_ros_interfaces/kobuki_ros_interfaces/msg/detail/motor_power__struct.h
[1.941s] -- Up-to-date symlink: /home/embedded/ros2_ws/install/kobuki_ros_interfaces/include/kobuki_ros_interfaces/kobuki_ros_interfaces/msg/detail/motor_power__type_support.h
[1.941s] -- Up-to-date symlink: /home/embedded/ros2_ws/install/kobuki_ros_interfaces/include/kobuki_ros_interfaces/kobuki_ros_interfaces/msg/detail/power_system_event__functions.h
[1.942s] -- Up-to-date symlink: /home/embedded/ros2_ws/install/kobuki_ros_interfaces/include/kobuki_ros_interfaces/kobuki_ros_interfaces/msg/detail/power_system_event__struct.h
[1.943s] -- Up-to-date symlink: /home/embedded/ros2_ws/install/kobuki_ros_interfaces/include/kobuki_ros_interfaces/kobuki_ros_interfaces/msg/detail/power_system_event__type_support.h
[1.943s] -- Up-to-date symlink: /home/embedded/ros2_ws/install/kobuki_ros_interfaces/include/kobuki_ros_interfaces/kobuki_ros_interfaces/msg/detail/robot_state_event__functions.h
[1.943s] -- Up-to-date symlink: /home/embedded/ros2_ws/install/kobuki_ros_interfaces/include/kobuki_ros_interfaces/kobuki_ros_interfaces/msg/detail/robot_state_event__struct.h
[1.943s] -- Up-to-date symlink: /home/embedded/ros2_ws/install/kobuki_ros_interfaces/include/kobuki_ros_interfaces/kobuki_ros_interfaces/msg/detail/robot_state_event__type_support.h
[1.944s] -- Up-to-date symlink: /home/embedded/ros2_ws/install/kobuki_ros_interfaces/include/kobuki_ros_interfaces/kobuki_ros_interfaces/msg/detail/scan_angle__functions.h
[1.945s] -- Up-to-date symlink: /home/embedded/ros2_ws/install/kobuki_ros_interfaces/include/kobuki_ros_interfaces/kobuki_ros_interfaces/msg/detail/scan_angle__struct.h
[1.945s] -- Up-to-date symlink: /home/embedded/ros2_ws/install/kobuki_ros_interfaces/include/kobuki_ros_interfaces/kobuki_ros_interfaces/msg/detail/scan_angle__type_support.h
[1.945s] -- Up-to-date symlink: /home/embedded/ros2_ws/install/kobuki_ros_interfaces/include/kobuki_ros_interfaces/kobuki_ros_interfaces/msg/detail/sensor_state__functions.h
[1.946s] -- Up-to-date symlink: /home/embedded/ros2_ws/install/kobuki_ros_interfaces/include/kobuki_ros_interfaces/kobuki_ros_interfaces/msg/detail/sensor_state__struct.h
[1.946s] -- Up-to-date symlink: /home/embedded/ros2_ws/install/kobuki_ros_interfaces/include/kobuki_ros_interfaces/kobuki_ros_interfaces/msg/detail/sensor_state__type_support.h
[1.946s] -- Up-to-date symlink: /home/embedded/ros2_ws/install/kobuki_ros_interfaces/include/kobuki_ros_interfaces/kobuki_ros_interfaces/msg/detail/sound__functions.h
[1.947s] -- Up-to-date symlink: /home/embedded/ros2_ws/install/kobuki_ros_interfaces/include/kobuki_ros_interfaces/kobuki_ros_interfaces/msg/detail/sound__struct.h
[1.947s] -- Up-to-date symlink: /home/embedded/ros2_ws/install/kobuki_ros_interfaces/include/kobuki_ros_interfaces/kobuki_ros_interfaces/msg/detail/sound__type_support.h
[1.948s] -- Up-to-date symlink: /home/embedded/ros2_ws/install/kobuki_ros_interfaces/include/kobuki_ros_interfaces/kobuki_ros_interfaces/msg/detail/version_info__functions.h
[1.948s] -- Up-to-date symlink: /home/embedded/ros2_ws/install/kobuki_ros_interfaces/include/kobuki_ros_interfaces/kobuki_ros_interfaces/msg/detail/version_info__struct.h
[1.949s] -- Up-to-date symlink: /home/embedded/ros2_ws/install/kobuki_ros_interfaces/include/kobuki_ros_interfaces/kobuki_ros_interfaces/msg/detail/version_info__type_support.h
[1.949s] -- Up-to-date symlink: /home/embedded/ros2_ws/install/kobuki_ros_interfaces/include/kobuki_ros_interfaces/kobuki_ros_interfaces/msg/detail/wheel_drop_event__functions.h
[1.950s] -- Up-to-date symlink: /home/embedded/ros2_ws/install/kobuki_ros_interfaces/include/kobuki_ros_interfaces/kobuki_ros_interfaces/msg/detail/wheel_drop_event__struct.h
[1.950s] -- Up-to-date symlink: /home/embedded/ros2_ws/install/kobuki_ros_interfaces/include/kobuki_ros_interfaces/kobuki_ros_interfaces/msg/detail/wheel_drop_event__type_support.h
[1.952s] -- Up-to-date symlink: /home/embedded/ros2_ws/install/kobuki_ros_interfaces/include/kobuki_ros_interfaces/kobuki_ros_interfaces/msg/digital_input_event.h
[1.952s] -- Up-to-date symlink: /home/embedded/ros2_ws/install/kobuki_ros_interfaces/include/kobuki_ros_interfaces/kobuki_ros_interfaces/msg/digital_output.h
[1.952s] -- Up-to-date symlink: /home/embedded/ros2_ws/install/kobuki_ros_interfaces/include/kobuki_ros_interfaces/kobuki_ros_interfaces/msg/dock_infra_red.h
[1.953s] -- Up-to-date symlink: /home/embedded/ros2_ws/install/kobuki_ros_interfaces/include/kobuki_ros_interfaces/kobuki_ros_interfaces/msg/external_power.h
[1.953s] -- Up-to-date symlink: /home/embedded/ros2_ws/install/kobuki_ros_interfaces/include/kobuki_ros_interfaces/kobuki_ros_interfaces/msg/keyboard_input.h
[1.956s] -- Up-to-date symlink: /home/embedded/ros2_ws/install/kobuki_ros_interfaces/include/kobuki_ros_interfaces/kobuki_ros_interfaces/msg/led.h
[1.956s] -- Up-to-date symlink: /home/embedded/ros2_ws/install/kobuki_ros_interfaces/include/kobuki_ros_interfaces/kobuki_ros_interfaces/msg/motor_power.h
[1.956s] -- Up-to-date symlink: /home/embedded/ros2_ws/install/kobuki_ros_interfaces/include/kobuki_ros_interfaces/kobuki_ros_interfaces/msg/power_system_event.h
[1.957s] -- Up-to-date symlink: /home/embedded/ros2_ws/install/kobuki_ros_interfaces/include/kobuki_ros_interfaces/kobuki_ros_interfaces/msg/robot_state_event.h
[1.957s] -- Up-to-date symlink: /home/embedded/ros2_ws/install/kobuki_ros_interfaces/include/kobuki_ros_interfaces/kobuki_ros_interfaces/msg/rosidl_generator_c__visibility_control.h
[1.957s] -- Up-to-date symlink: /home/embedded/ros2_ws/install/kobuki_ros_interfaces/include/kobuki_ros_interfaces/kobuki_ros_interfaces/msg/scan_angle.h
[1.957s] -- Up-to-date symlink: /home/embedded/ros2_ws/install/kobuki_ros_interfaces/include/kobuki_ros_interfaces/kobuki_ros_interfaces/msg/sensor_state.h
[1.957s] -- Up-to-date symlink: /home/embedded/ros2_ws/install/kobuki_ros_interfaces/include/kobuki_ros_interfaces/kobuki_ros_interfaces/msg/sound.h
[1.957s] -- Up-to-date symlink: /home/embedded/ros2_ws/install/kobuki_ros_interfaces/include/kobuki_ros_interfaces/kobuki_ros_interfaces/msg/version_info.h
[1.958s] -- Up-to-date symlink: /home/embedded/ros2_ws/install/kobuki_ros_interfaces/include/kobuki_ros_interfaces/kobuki_ros_interfaces/msg/wheel_drop_event.h
[1.958s] -- Up-to-date symlink: /home/embedded/ros2_ws/install/kobuki_ros_interfaces/share/kobuki_ros_interfaces/environment/library_path.sh
[1.959s] -- Up-to-date symlink: /home/embedded/ros2_ws/install/kobuki_ros_interfaces/share/kobuki_ros_interfaces/environment/library_path.dsv
[1.961s] -- Up-to-date symlink: /home/embedded/ros2_ws/install/kobuki_ros_interfaces/include/kobuki_ros_interfaces/kobuki_ros_interfaces/action/detail/auto_docking__rosidl_typesupport_fastrtps_c.h
[1.962s] -- Up-to-date symlink: /home/embedded/ros2_ws/install/kobuki_ros_interfaces/include/kobuki_ros_interfaces/kobuki_ros_interfaces/msg/detail/bumper_event__rosidl_typesupport_fastrtps_c.h
[1.962s] -- Up-to-date symlink: /home/embedded/ros2_ws/install/kobuki_ros_interfaces/include/kobuki_ros_interfaces/kobuki_ros_interfaces/msg/detail/button_event__rosidl_typesupport_fastrtps_c.h
[1.965s] -- Up-to-date symlink: /home/embedded/ros2_ws/install/kobuki_ros_interfaces/include/kobuki_ros_interfaces/kobuki_ros_interfaces/msg/detail/cliff_event__rosidl_typesupport_fastrtps_c.h
[1.965s] -- Up-to-date symlink: /home/embedded/ros2_ws/install/kobuki_ros_interfaces/include/kobuki_ros_interfaces/kobuki_ros_interfaces/msg/detail/controller_info__rosidl_typesupport_fastrtps_c.h
[1.966s] -- Up-to-date symlink: /home/embedded/ros2_ws/install/kobuki_ros_interfaces/include/kobuki_ros_interfaces/kobuki_ros_interfaces/msg/detail/digital_input_event__rosidl_typesupport_fastrtps_c.h
[1.966s] -- Up-to-date symlink: /home/embedded/ros2_ws/install/kobuki_ros_interfaces/include/kobuki_ros_interfaces/kobuki_ros_interfaces/msg/detail/digital_output__rosidl_typesupport_fastrtps_c.h
[1.966s] -- Up-to-date symlink: /home/embedded/ros2_ws/install/kobuki_ros_interfaces/include/kobuki_ros_interfaces/kobuki_ros_interfaces/msg/detail/dock_infra_red__rosidl_typesupport_fastrtps_c.h
[1.966s] -- Up-to-date symlink: /home/embedded/ros2_ws/install/kobuki_ros_interfaces/include/kobuki_ros_interfaces/kobuki_ros_interfaces/msg/detail/external_power__rosidl_typesupport_fastrtps_c.h
[1.966s] -- Up-to-date symlink: /home/embedded/ros2_ws/install/kobuki_ros_interfaces/include/kobuki_ros_interfaces/kobuki_ros_interfaces/msg/detail/keyboard_input__rosidl_typesupport_fastrtps_c.h
[1.966s] -- Up-to-date symlink: /home/embedded/ros2_ws/install/kobuki_ros_interfaces/include/kobuki_ros_interfaces/kobuki_ros_interfaces/msg/detail/led__rosidl_typesupport_fastrtps_c.h
[1.966s] -- Up-to-date symlink: /home/embedded/ros2_ws/install/kobuki_ros_interfaces/include/kobuki_ros_interfaces/kobuki_ros_interfaces/msg/detail/motor_power__rosidl_typesupport_fastrtps_c.h
[1.967s] -- Up-to-date symlink: /home/embedded/ros2_ws/install/kobuki_ros_interfaces/include/kobuki_ros_interfaces/kobuki_ros_interfaces/msg/detail/power_system_event__rosidl_typesupport_fastrtps_c.h
[1.967s] -- Up-to-date symlink: /home/embedded/ros2_ws/install/kobuki_ros_interfaces/include/kobuki_ros_interfaces/kobuki_ros_interfaces/msg/detail/robot_state_event__rosidl_typesupport_fastrtps_c.h
[1.968s] -- Up-to-date symlink: /home/embedded/ros2_ws/install/kobuki_ros_interfaces/include/kobuki_ros_interfaces/kobuki_ros_interfaces/msg/detail/scan_angle__rosidl_typesupport_fastrtps_c.h
[1.969s] -- Up-to-date symlink: /home/embedded/ros2_ws/install/kobuki_ros_interfaces/include/kobuki_ros_interfaces/kobuki_ros_interfaces/msg/detail/sensor_state__rosidl_typesupport_fastrtps_c.h
[1.970s] -- Up-to-date symlink: /home/embedded/ros2_ws/install/kobuki_ros_interfaces/include/kobuki_ros_interfaces/kobuki_ros_interfaces/msg/detail/sound__rosidl_typesupport_fastrtps_c.h
[1.970s] -- Up-to-date symlink: /home/embedded/ros2_ws/install/kobuki_ros_interfaces/include/kobuki_ros_interfaces/kobuki_ros_interfaces/msg/detail/version_info__rosidl_typesupport_fastrtps_c.h
[1.972s] -- Up-to-date symlink: /home/embedded/ros2_ws/install/kobuki_ros_interfaces/include/kobuki_ros_interfaces/kobuki_ros_interfaces/msg/detail/wheel_drop_event__rosidl_typesupport_fastrtps_c.h
[1.972s] -- Up-to-date symlink: /home/embedded/ros2_ws/install/kobuki_ros_interfaces/include/kobuki_ros_interfaces/kobuki_ros_interfaces/msg/rosidl_typesupport_fastrtps_c__visibility_control.h
[1.975s] -- Up-to-date symlink: /home/embedded/ros2_ws/install/kobuki_ros_interfaces/include/kobuki_ros_interfaces/kobuki_ros_interfaces/action/auto_docking.hpp
[1.976s] -- Up-to-date symlink: /home/embedded/ros2_ws/install/kobuki_ros_interfaces/include/kobuki_ros_interfaces/kobuki_ros_interfaces/action/detail/auto_docking__builder.hpp
[1.976s] -- Up-to-date symlink: /home/embedded/ros2_ws/install/kobuki_ros_interfaces/include/kobuki_ros_interfaces/kobuki_ros_interfaces/action/detail/auto_docking__struct.hpp
[1.977s] -- Up-to-date symlink: /home/embedded/ros2_ws/install/kobuki_ros_interfaces/include/kobuki_ros_interfaces/kobuki_ros_interfaces/action/detail/auto_docking__traits.hpp
[1.981s] -- Up-to-date symlink: /home/embedded/ros2_ws/install/kobuki_ros_interfaces/include/kobuki_ros_interfaces/kobuki_ros_interfaces/action/detail/auto_docking__type_support.hpp
[1.981s] -- Up-to-date symlink: /home/embedded/ros2_ws/install/kobuki_ros_interfaces/include/kobuki_ros_interfaces/kobuki_ros_interfaces/msg/bumper_event.hpp
[1.981s] -- Up-to-date symlink: /home/embedded/ros2_ws/install/kobuki_ros_interfaces/include/kobuki_ros_interfaces/kobuki_ros_interfaces/msg/button_event.hpp
[1.981s] -- Up-to-date symlink: /home/embedded/ros2_ws/install/kobuki_ros_interfaces/include/kobuki_ros_interfaces/kobuki_ros_interfaces/msg/cliff_event.hpp
[1.982s] -- Up-to-date symlink: /home/embedded/ros2_ws/install/kobuki_ros_interfaces/include/kobuki_ros_interfaces/kobuki_ros_interfaces/msg/controller_info.hpp
[1.983s] -- Up-to-date symlink: /home/embedded/ros2_ws/install/kobuki_ros_interfaces/include/kobuki_ros_interfaces/kobuki_ros_interfaces/msg/detail/bumper_event__builder.hpp
[1.987s] -- Up-to-date symlink: /home/embedded/ros2_ws/install/kobuki_ros_interfaces/include/kobuki_ros_interfaces/kobuki_ros_interfaces/msg/detail/bumper_event__struct.hpp
[1.987s] -- Up-to-date symlink: /home/embedded/ros2_ws/install/kobuki_ros_interfaces/include/kobuki_ros_interfaces/kobuki_ros_interfaces/msg/detail/bumper_event__traits.hpp
[1.987s] -- Up-to-date symlink: /home/embedded/ros2_ws/install/kobuki_ros_interfaces/include/kobuki_ros_interfaces/kobuki_ros_interfaces/msg/detail/bumper_event__type_support.hpp
[1.987s] -- Up-to-date symlink: /home/embedded/ros2_ws/install/kobuki_ros_interfaces/include/kobuki_ros_interfaces/kobuki_ros_interfaces/msg/detail/button_event__builder.hpp
[1.988s] -- Up-to-date symlink: /home/embedded/ros2_ws/install/kobuki_ros_interfaces/include/kobuki_ros_interfaces/kobuki_ros_interfaces/msg/detail/button_event__struct.hpp
[1.988s] -- Up-to-date symlink: /home/embedded/ros2_ws/install/kobuki_ros_interfaces/include/kobuki_ros_interfaces/kobuki_ros_interfaces/msg/detail/button_event__traits.hpp
[1.988s] -- Up-to-date symlink: /home/embedded/ros2_ws/install/kobuki_ros_interfaces/include/kobuki_ros_interfaces/kobuki_ros_interfaces/msg/detail/button_event__type_support.hpp
[1.988s] -- Up-to-date symlink: /home/embedded/ros2_ws/install/kobuki_ros_interfaces/include/kobuki_ros_interfaces/kobuki_ros_interfaces/msg/detail/cliff_event__builder.hpp
[1.988s] -- Up-to-date symlink: /home/embedded/ros2_ws/install/kobuki_ros_interfaces/include/kobuki_ros_interfaces/kobuki_ros_interfaces/msg/detail/cliff_event__struct.hpp
[1.988s] -- Up-to-date symlink: /home/embedded/ros2_ws/install/kobuki_ros_interfaces/include/kobuki_ros_interfaces/kobuki_ros_interfaces/msg/detail/cliff_event__traits.hpp
[1.988s] -- Up-to-date symlink: /home/embedded/ros2_ws/install/kobuki_ros_interfaces/include/kobuki_ros_interfaces/kobuki_ros_interfaces/msg/detail/cliff_event__type_support.hpp
[1.989s] -- Up-to-date symlink: /home/embedded/ros2_ws/install/kobuki_ros_interfaces/include/kobuki_ros_interfaces/kobuki_ros_interfaces/msg/detail/controller_info__builder.hpp
[1.989s] -- Up-to-date symlink: /home/embedded/ros2_ws/install/kobuki_ros_interfaces/include/kobuki_ros_interfaces/kobuki_ros_interfaces/msg/detail/controller_info__struct.hpp
[1.989s] -- Up-to-date symlink: /home/embedded/ros2_ws/install/kobuki_ros_interfaces/include/kobuki_ros_interfaces/kobuki_ros_interfaces/msg/detail/controller_info__traits.hpp
[1.989s] -- Up-to-date symlink: /home/embedded/ros2_ws/install/kobuki_ros_interfaces/include/kobuki_ros_interfaces/kobuki_ros_interfaces/msg/detail/controller_info__type_support.hpp
[1.989s] -- Up-to-date symlink: /home/embedded/ros2_ws/install/kobuki_ros_interfaces/include/kobuki_ros_interfaces/kobuki_ros_interfaces/msg/detail/digital_input_event__builder.hpp
[1.989s] -- Up-to-date symlink: /home/embedded/ros2_ws/install/kobuki_ros_interfaces/include/kobuki_ros_interfaces/kobuki_ros_interfaces/msg/detail/digital_input_event__struct.hpp
[1.989s] -- Up-to-date symlink: /home/embedded/ros2_ws/install/kobuki_ros_interfaces/include/kobuki_ros_interfaces/kobuki_ros_interfaces/msg/detail/digital_input_event__traits.hpp
[1.989s] -- Up-to-date symlink: /home/embedded/ros2_ws/install/kobuki_ros_interfaces/include/kobuki_ros_interfaces/kobuki_ros_interfaces/msg/detail/digital_input_event__type_support.hpp
[1.989s] -- Up-to-date symlink: /home/embedded/ros2_ws/install/kobuki_ros_interfaces/include/kobuki_ros_interfaces/kobuki_ros_interfaces/msg/detail/digital_output__builder.hpp
[1.989s] -- Up-to-date symlink: /home/embedded/ros2_ws/install/kobuki_ros_interfaces/include/kobuki_ros_interfaces/kobuki_ros_interfaces/msg/detail/digital_output__struct.hpp
[1.989s] -- Up-to-date symlink: /home/embedded/ros2_ws/install/kobuki_ros_interfaces/include/kobuki_ros_interfaces/kobuki_ros_interfaces/msg/detail/digital_output__traits.hpp
[1.991s] -- Up-to-date symlink: /home/embedded/ros2_ws/install/kobuki_ros_interfaces/include/kobuki_ros_interfaces/kobuki_ros_interfaces/msg/detail/digital_output__type_support.hpp
[1.992s] -- Up-to-date symlink: /home/embedded/ros2_ws/install/kobuki_ros_interfaces/include/kobuki_ros_interfaces/kobuki_ros_interfaces/msg/detail/dock_infra_red__builder.hpp
[1.992s] -- Up-to-date symlink: /home/embedded/ros2_ws/install/kobuki_ros_interfaces/include/kobuki_ros_interfaces/kobuki_ros_interfaces/msg/detail/dock_infra_red__struct.hpp
[1.994s] -- Up-to-date symlink: /home/embedded/ros2_ws/install/kobuki_ros_interfaces/include/kobuki_ros_interfaces/kobuki_ros_interfaces/msg/detail/dock_infra_red__traits.hpp
[1.994s] -- Up-to-date symlink: /home/embedded/ros2_ws/install/kobuki_ros_interfaces/include/kobuki_ros_interfaces/kobuki_ros_interfaces/msg/detail/dock_infra_red__type_support.hpp
[1.994s] -- Up-to-date symlink: /home/embedded/ros2_ws/install/kobuki_ros_interfaces/include/kobuki_ros_interfaces/kobuki_ros_interfaces/msg/detail/external_power__builder.hpp
[1.994s] -- Up-to-date symlink: /home/embedded/ros2_ws/install/kobuki_ros_interfaces/include/kobuki_ros_interfaces/kobuki_ros_interfaces/msg/detail/external_power__struct.hpp
[1.994s] -- Up-to-date symlink: /home/embedded/ros2_ws/install/kobuki_ros_interfaces/include/kobuki_ros_interfaces/kobuki_ros_interfaces/msg/detail/external_power__traits.hpp
[1.994s] -- Up-to-date symlink: /home/embedded/ros2_ws/install/kobuki_ros_interfaces/include/kobuki_ros_interfaces/kobuki_ros_interfaces/msg/detail/external_power__type_support.hpp
[1.994s] -- Up-to-date symlink: /home/embedded/ros2_ws/install/kobuki_ros_interfaces/include/kobuki_ros_interfaces/kobuki_ros_interfaces/msg/detail/keyboard_input__builder.hpp
[1.994s] -- Up-to-date symlink: /home/embedded/ros2_ws/install/kobuki_ros_interfaces/include/kobuki_ros_interfaces/kobuki_ros_interfaces/msg/detail/keyboard_input__struct.hpp
[1.994s] -- Up-to-date symlink: /home/embedded/ros2_ws/install/kobuki_ros_interfaces/include/kobuki_ros_interfaces/kobuki_ros_interfaces/msg/detail/keyboard_input__traits.hpp
[1.995s] -- Up-to-date symlink: /home/embedded/ros2_ws/install/kobuki_ros_interfaces/include/kobuki_ros_interfaces/kobuki_ros_interfaces/msg/detail/keyboard_input__type_support.hpp
[1.995s] -- Up-to-date symlink: /home/embedded/ros2_ws/install/kobuki_ros_interfaces/include/kobuki_ros_interfaces/kobuki_ros_interfaces/msg/detail/led__builder.hpp
[1.995s] -- Up-to-date symlink: /home/embedded/ros2_ws/install/kobuki_ros_interfaces/include/kobuki_ros_interfaces/kobuki_ros_interfaces/msg/detail/led__struct.hpp
[1.995s] -- Up-to-date symlink: /home/embedded/ros2_ws/install/kobuki_ros_interfaces/include/kobuki_ros_interfaces/kobuki_ros_interfaces/msg/detail/led__traits.hpp
[1.995s] -- Up-to-date symlink: /home/embedded/ros2_ws/install/kobuki_ros_interfaces/include/kobuki_ros_interfaces/kobuki_ros_interfaces/msg/detail/led__type_support.hpp
[1.995s] -- Up-to-date symlink: /home/embedded/ros2_ws/install/kobuki_ros_interfaces/include/kobuki_ros_interfaces/kobuki_ros_interfaces/msg/detail/motor_power__builder.hpp
[1.996s] -- Up-to-date symlink: /home/embedded/ros2_ws/install/kobuki_ros_interfaces/include/kobuki_ros_interfaces/kobuki_ros_interfaces/msg/detail/motor_power__struct.hpp
[1.996s] -- Up-to-date symlink: /home/embedded/ros2_ws/install/kobuki_ros_interfaces/include/kobuki_ros_interfaces/kobuki_ros_interfaces/msg/detail/motor_power__traits.hpp
[1.996s] -- Up-to-date symlink: /home/embedded/ros2_ws/install/kobuki_ros_interfaces/include/kobuki_ros_interfaces/kobuki_ros_interfaces/msg/detail/motor_power__type_support.hpp
[1.996s] -- Up-to-date symlink: /home/embedded/ros2_ws/install/kobuki_ros_interfaces/include/kobuki_ros_interfaces/kobuki_ros_interfaces/msg/detail/power_system_event__builder.hpp
[1.996s] -- Up-to-date symlink: /home/embedded/ros2_ws/install/kobuki_ros_interfaces/include/kobuki_ros_interfaces/kobuki_ros_interfaces/msg/detail/power_system_event__struct.hpp
[1.998s] -- Up-to-date symlink: /home/embedded/ros2_ws/install/kobuki_ros_interfaces/include/kobuki_ros_interfaces/kobuki_ros_interfaces/msg/detail/power_system_event__traits.hpp
[1.999s] -- Up-to-date symlink: /home/embedded/ros2_ws/install/kobuki_ros_interfaces/include/kobuki_ros_interfaces/kobuki_ros_interfaces/msg/detail/power_system_event__type_support.hpp
[1.999s] -- Up-to-date symlink: /home/embedded/ros2_ws/install/kobuki_ros_interfaces/include/kobuki_ros_interfaces/kobuki_ros_interfaces/msg/detail/robot_state_event__builder.hpp
[1.999s] -- Up-to-date symlink: /home/embedded/ros2_ws/install/kobuki_ros_interfaces/include/kobuki_ros_interfaces/kobuki_ros_interfaces/msg/detail/robot_state_event__struct.hpp
[1.999s] -- Up-to-date symlink: /home/embedded/ros2_ws/install/kobuki_ros_interfaces/include/kobuki_ros_interfaces/kobuki_ros_interfaces/msg/detail/robot_state_event__traits.hpp
[1.999s] -- Up-to-date symlink: /home/embedded/ros2_ws/install/kobuki_ros_interfaces/include/kobuki_ros_interfaces/kobuki_ros_interfaces/msg/detail/robot_state_event__type_support.hpp
[1.999s] -- Up-to-date symlink: /home/embedded/ros2_ws/install/kobuki_ros_interfaces/include/kobuki_ros_interfaces/kobuki_ros_interfaces/msg/detail/scan_angle__builder.hpp
[1.999s] -- Up-to-date symlink: /home/embedded/ros2_ws/install/kobuki_ros_interfaces/include/kobuki_ros_interfaces/kobuki_ros_interfaces/msg/detail/scan_angle__struct.hpp
[1.999s] -- Up-to-date symlink: /home/embedded/ros2_ws/install/kobuki_ros_interfaces/include/kobuki_ros_interfaces/kobuki_ros_interfaces/msg/detail/scan_angle__traits.hpp
[1.999s] -- Up-to-date symlink: /home/embedded/ros2_ws/install/kobuki_ros_interfaces/include/kobuki_ros_interfaces/kobuki_ros_interfaces/msg/detail/scan_angle__type_support.hpp
[1.999s] -- Up-to-date symlink: /home/embedded/ros2_ws/install/kobuki_ros_interfaces/include/kobuki_ros_interfaces/kobuki_ros_interfaces/msg/detail/sensor_state__builder.hpp
[2.000s] -- Up-to-date symlink: /home/embedded/ros2_ws/install/kobuki_ros_interfaces/include/kobuki_ros_interfaces/kobuki_ros_interfaces/msg/detail/sensor_state__struct.hpp
[2.000s] -- Up-to-date symlink: /home/embedded/ros2_ws/install/kobuki_ros_interfaces/include/kobuki_ros_interfaces/kobuki_ros_interfaces/msg/detail/sensor_state__traits.hpp
[2.000s] -- Up-to-date symlink: /home/embedded/ros2_ws/install/kobuki_ros_interfaces/include/kobuki_ros_interfaces/kobuki_ros_interfaces/msg/detail/sensor_state__type_support.hpp
[2.000s] -- Up-to-date symlink: /home/embedded/ros2_ws/install/kobuki_ros_interfaces/include/kobuki_ros_interfaces/kobuki_ros_interfaces/msg/detail/sound__builder.hpp
[2.000s] -- Up-to-date symlink: /home/embedded/ros2_ws/install/kobuki_ros_interfaces/include/kobuki_ros_interfaces/kobuki_ros_interfaces/msg/detail/sound__struct.hpp
[2.000s] -- Up-to-date symlink: /home/embedded/ros2_ws/install/kobuki_ros_interfaces/include/kobuki_ros_interfaces/kobuki_ros_interfaces/msg/detail/sound__traits.hpp
[2.002s] -- Up-to-date symlink: /home/embedded/ros2_ws/install/kobuki_ros_interfaces/include/kobuki_ros_interfaces/kobuki_ros_interfaces/msg/detail/sound__type_support.hpp
[2.002s] -- Up-to-date symlink: /home/embedded/ros2_ws/install/kobuki_ros_interfaces/include/kobuki_ros_interfaces/kobuki_ros_interfaces/msg/detail/version_info__builder.hpp
[2.003s] -- Up-to-date symlink: /home/embedded/ros2_ws/install/kobuki_ros_interfaces/include/kobuki_ros_interfaces/kobuki_ros_interfaces/msg/detail/version_info__struct.hpp
[2.003s] -- Up-to-date symlink: /home/embedded/ros2_ws/install/kobuki_ros_interfaces/include/kobuki_ros_interfaces/kobuki_ros_interfaces/msg/detail/version_info__traits.hpp
[2.003s] -- Up-to-date symlink: /home/embedded/ros2_ws/install/kobuki_ros_interfaces/include/kobuki_ros_interfaces/kobuki_ros_interfaces/msg/detail/version_info__type_support.hpp
[2.004s] -- Up-to-date symlink: /home/embedded/ros2_ws/install/kobuki_ros_interfaces/include/kobuki_ros_interfaces/kobuki_ros_interfaces/msg/detail/wheel_drop_event__builder.hpp
[2.005s] -- Up-to-date symlink: /home/embedded/ros2_ws/install/kobuki_ros_interfaces/include/kobuki_ros_interfaces/kobuki_ros_interfaces/msg/detail/wheel_drop_event__struct.hpp
[2.005s] -- Up-to-date symlink: /home/embedded/ros2_ws/install/kobuki_ros_interfaces/include/kobuki_ros_interfaces/kobuki_ros_interfaces/msg/detail/wheel_drop_event__traits.hpp
[2.005s] -- Up-to-date symlink: /home/embedded/ros2_ws/install/kobuki_ros_interfaces/include/kobuki_ros_interfaces/kobuki_ros_interfaces/msg/detail/wheel_drop_event__type_support.hpp
[2.005s] -- Up-to-date symlink: /home/embedded/ros2_ws/install/kobuki_ros_interfaces/include/kobuki_ros_interfaces/kobuki_ros_interfaces/msg/digital_input_event.hpp
[2.005s] -- Up-to-date symlink: /home/embedded/ros2_ws/install/kobuki_ros_interfaces/include/kobuki_ros_interfaces/kobuki_ros_interfaces/msg/digital_output.hpp
[2.007s] -- Up-to-date symlink: /home/embedded/ros2_ws/install/kobuki_ros_interfaces/include/kobuki_ros_interfaces/kobuki_ros_interfaces/msg/dock_infra_red.hpp
[2.008s] -- Up-to-date symlink: /home/embedded/ros2_ws/install/kobuki_ros_interfaces/include/kobuki_ros_interfaces/kobuki_ros_interfaces/msg/external_power.hpp
[2.008s] -- Up-to-date symlink: /home/embedded/ros2_ws/install/kobuki_ros_interfaces/include/kobuki_ros_interfaces/kobuki_ros_interfaces/msg/keyboard_input.hpp
[2.008s] -- Up-to-date symlink: /home/embedded/ros2_ws/install/kobuki_ros_interfaces/include/kobuki_ros_interfaces/kobuki_ros_interfaces/msg/led.hpp
[2.009s] -- Up-to-date symlink: /home/embedded/ros2_ws/install/kobuki_ros_interfaces/include/kobuki_ros_interfaces/kobuki_ros_interfaces/msg/motor_power.hpp
[2.009s] -- Up-to-date symlink: /home/embedded/ros2_ws/install/kobuki_ros_interfaces/include/kobuki_ros_interfaces/kobuki_ros_interfaces/msg/power_system_event.hpp
[2.010s] -- Up-to-date symlink: /home/embedded/ros2_ws/install/kobuki_ros_interfaces/include/kobuki_ros_interfaces/kobuki_ros_interfaces/msg/robot_state_event.hpp
[2.010s] -- Up-to-date symlink: /home/embedded/ros2_ws/install/kobuki_ros_interfaces/include/kobuki_ros_interfaces/kobuki_ros_interfaces/msg/rosidl_generator_cpp__visibility_control.hpp
[2.010s] -- Up-to-date symlink: /home/embedded/ros2_ws/install/kobuki_ros_interfaces/include/kobuki_ros_interfaces/kobuki_ros_interfaces/msg/scan_angle.hpp
[2.010s] -- Up-to-date symlink: /home/embedded/ros2_ws/install/kobuki_ros_interfaces/include/kobuki_ros_interfaces/kobuki_ros_interfaces/msg/sensor_state.hpp
[2.010s] -- Up-to-date symlink: /home/embedded/ros2_ws/install/kobuki_ros_interfaces/include/kobuki_ros_interfaces/kobuki_ros_interfaces/msg/sound.hpp
[2.010s] -- Up-to-date symlink: /home/embedded/ros2_ws/install/kobuki_ros_interfaces/include/kobuki_ros_interfaces/kobuki_ros_interfaces/msg/version_info.hpp
[2.010s] -- Up-to-date symlink: /home/embedded/ros2_ws/install/kobuki_ros_interfaces/include/kobuki_ros_interfaces/kobuki_ros_interfaces/msg/wheel_drop_event.hpp
[2.016s] -- Up-to-date symlink: /home/embedded/ros2_ws/install/kobuki_ros_interfaces/include/kobuki_ros_interfaces/kobuki_ros_interfaces/action/detail/auto_docking__rosidl_typesupport_fastrtps_cpp.hpp
[2.016s] -- Up-to-date symlink: /home/embedded/ros2_ws/install/kobuki_ros_interfaces/include/kobuki_ros_interfaces/kobuki_ros_interfaces/msg/detail/bumper_event__rosidl_typesupport_fastrtps_cpp.hpp
[2.016s] -- Up-to-date symlink: /home/embedded/ros2_ws/install/kobuki_ros_interfaces/include/kobuki_ros_interfaces/kobuki_ros_interfaces/msg/detail/button_event__rosidl_typesupport_fastrtps_cpp.hpp
[2.017s] -- Up-to-date symlink: /home/embedded/ros2_ws/install/kobuki_ros_interfaces/include/kobuki_ros_interfaces/kobuki_ros_interfaces/msg/detail/cliff_event__rosidl_typesupport_fastrtps_cpp.hpp
[2.017s] -- Up-to-date symlink: /home/embedded/ros2_ws/install/kobuki_ros_interfaces/include/kobuki_ros_interfaces/kobuki_ros_interfaces/msg/detail/controller_info__rosidl_typesupport_fastrtps_cpp.hpp
[2.017s] -- Up-to-date symlink: /home/embedded/ros2_ws/install/kobuki_ros_interfaces/include/kobuki_ros_interfaces/kobuki_ros_interfaces/msg/detail/digital_input_event__rosidl_typesupport_fastrtps_cpp.hpp
[2.017s] -- Up-to-date symlink: /home/embedded/ros2_ws/install/kobuki_ros_interfaces/include/kobuki_ros_interfaces/kobuki_ros_interfaces/msg/detail/digital_output__rosidl_typesupport_fastrtps_cpp.hpp
[2.019s] -- Up-to-date symlink: /home/embedded/ros2_ws/install/kobuki_ros_interfaces/include/kobuki_ros_interfaces/kobuki_ros_interfaces/msg/detail/dock_infra_red__rosidl_typesupport_fastrtps_cpp.hpp
[2.019s] -- Up-to-date symlink: /home/embedded/ros2_ws/install/kobuki_ros_interfaces/include/kobuki_ros_interfaces/kobuki_ros_interfaces/msg/detail/external_power__rosidl_typesupport_fastrtps_cpp.hpp
[2.019s] -- Up-to-date symlink: /home/embedded/ros2_ws/install/kobuki_ros_interfaces/include/kobuki_ros_interfaces/kobuki_ros_interfaces/msg/detail/keyboard_input__rosidl_typesupport_fastrtps_cpp.hpp
[2.020s] -- Up-to-date symlink: /home/embedded/ros2_ws/install/kobuki_ros_interfaces/include/kobuki_ros_interfaces/kobuki_ros_interfaces/msg/detail/led__rosidl_typesupport_fastrtps_cpp.hpp
[2.020s] -- Up-to-date symlink: /home/embedded/ros2_ws/install/kobuki_ros_interfaces/include/kobuki_ros_interfaces/kobuki_ros_interfaces/msg/detail/motor_power__rosidl_typesupport_fastrtps_cpp.hpp
[2.020s] -- Up-to-date symlink: /home/embedded/ros2_ws/install/kobuki_ros_interfaces/include/kobuki_ros_interfaces/kobuki_ros_interfaces/msg/detail/power_system_event__rosidl_typesupport_fastrtps_cpp.hpp
[2.020s] -- Up-to-date symlink: /home/embedded/ros2_ws/install/kobuki_ros_interfaces/include/kobuki_ros_interfaces/kobuki_ros_interfaces/msg/detail/robot_state_event__rosidl_typesupport_fastrtps_cpp.hpp
[2.021s] -- Up-to-date symlink: /home/embedded/ros2_ws/install/kobuki_ros_interfaces/include/kobuki_ros_interfaces/kobuki_ros_interfaces/msg/detail/scan_angle__rosidl_typesupport_fastrtps_cpp.hpp
[2.021s] -- Up-to-date symlink: /home/embedded/ros2_ws/install/kobuki_ros_interfaces/include/kobuki_ros_interfaces/kobuki_ros_interfaces/msg/detail/sensor_state__rosidl_typesupport_fastrtps_cpp.hpp
[2.021s] -- Up-to-date symlink: /home/embedded/ros2_ws/install/kobuki_ros_interfaces/include/kobuki_ros_interfaces/kobuki_ros_interfaces/msg/detail/sound__rosidl_typesupport_fastrtps_cpp.hpp
[2.021s] -- Up-to-date symlink: /home/embedded/ros2_ws/install/kobuki_ros_interfaces/include/kobuki_ros_interfaces/kobuki_ros_interfaces/msg/detail/version_info__rosidl_typesupport_fastrtps_cpp.hpp
[2.021s] -- Up-to-date symlink: /home/embedded/ros2_ws/install/kobuki_ros_interfaces/include/kobuki_ros_interfaces/kobuki_ros_interfaces/msg/detail/wheel_drop_event__rosidl_typesupport_fastrtps_cpp.hpp
[2.022s] -- Up-to-date symlink: /home/embedded/ros2_ws/install/kobuki_ros_interfaces/include/kobuki_ros_interfaces/kobuki_ros_interfaces/msg/rosidl_typesupport_fastrtps_cpp__visibility_control.h
[2.025s] -- Up-to-date symlink: /home/embedded/ros2_ws/install/kobuki_ros_interfaces/include/kobuki_ros_interfaces/kobuki_ros_interfaces/action/detail/auto_docking__rosidl_typesupport_introspection_c.h
[2.027s] -- Up-to-date symlink: /home/embedded/ros2_ws/install/kobuki_ros_interfaces/include/kobuki_ros_interfaces/kobuki_ros_interfaces/msg/detail/bumper_event__rosidl_typesupport_introspection_c.h
[2.027s] -- Up-to-date symlink: /home/embedded/ros2_ws/install/kobuki_ros_interfaces/include/kobuki_ros_interfaces/kobuki_ros_interfaces/msg/detail/button_event__rosidl_typesupport_introspection_c.h
[2.028s] -- Up-to-date symlink: /home/embedded/ros2_ws/install/kobuki_ros_interfaces/include/kobuki_ros_interfaces/kobuki_ros_interfaces/msg/detail/cliff_event__rosidl_typesupport_introspection_c.h
[2.028s] -- Up-to-date symlink: /home/embedded/ros2_ws/install/kobuki_ros_interfaces/include/kobuki_ros_interfaces/kobuki_ros_interfaces/msg/detail/controller_info__rosidl_typesupport_introspection_c.h
[2.029s] -- Up-to-date symlink: /home/embedded/ros2_ws/install/kobuki_ros_interfaces/include/kobuki_ros_interfaces/kobuki_ros_interfaces/msg/detail/digital_input_event__rosidl_typesupport_introspection_c.h
[2.030s] -- Up-to-date symlink: /home/embedded/ros2_ws/install/kobuki_ros_interfaces/include/kobuki_ros_interfaces/kobuki_ros_interfaces/msg/detail/digital_output__rosidl_typesupport_introspection_c.h
[2.030s] -- Up-to-date symlink: /home/embedded/ros2_ws/install/kobuki_ros_interfaces/include/kobuki_ros_interfaces/kobuki_ros_interfaces/msg/detail/dock_infra_red__rosidl_typesupport_introspection_c.h
[2.030s] -- Up-to-date symlink: /home/embedded/ros2_ws/install/kobuki_ros_interfaces/include/kobuki_ros_interfaces/kobuki_ros_interfaces/msg/detail/external_power__rosidl_typesupport_introspection_c.h
[2.030s] -- Up-to-date symlink: /home/embedded/ros2_ws/install/kobuki_ros_interfaces/include/kobuki_ros_interfaces/kobuki_ros_interfaces/msg/detail/keyboard_input__rosidl_typesupport_introspection_c.h
[2.030s] -- Up-to-date symlink: /home/embedded/ros2_ws/install/kobuki_ros_interfaces/include/kobuki_ros_interfaces/kobuki_ros_interfaces/msg/detail/led__rosidl_typesupport_introspection_c.h
[2.033s] -- Up-to-date symlink: /home/embedded/ros2_ws/install/kobuki_ros_interfaces/include/kobuki_ros_interfaces/kobuki_ros_interfaces/msg/detail/motor_power__rosidl_typesupport_introspection_c.h
[2.033s] -- Up-to-date symlink: /home/embedded/ros2_ws/install/kobuki_ros_interfaces/include/kobuki_ros_interfaces/kobuki_ros_interfaces/msg/detail/power_system_event__rosidl_typesupport_introspection_c.h
[2.034s] -- Up-to-date symlink: /home/embedded/ros2_ws/install/kobuki_ros_interfaces/include/kobuki_ros_interfaces/kobuki_ros_interfaces/msg/detail/robot_state_event__rosidl_typesupport_introspection_c.h
[2.034s] -- Up-to-date symlink: /home/embedded/ros2_ws/install/kobuki_ros_interfaces/include/kobuki_ros_interfaces/kobuki_ros_interfaces/msg/detail/scan_angle__rosidl_typesupport_introspection_c.h
[2.034s] -- Up-to-date symlink: /home/embedded/ros2_ws/install/kobuki_ros_interfaces/include/kobuki_ros_interfaces/kobuki_ros_interfaces/msg/detail/sensor_state__rosidl_typesupport_introspection_c.h
[2.036s] -- Up-to-date symlink: /home/embedded/ros2_ws/install/kobuki_ros_interfaces/include/kobuki_ros_interfaces/kobuki_ros_interfaces/msg/detail/sound__rosidl_typesupport_introspection_c.h
[2.036s] -- Up-to-date symlink: /home/embedded/ros2_ws/install/kobuki_ros_interfaces/include/kobuki_ros_interfaces/kobuki_ros_interfaces/msg/detail/version_info__rosidl_typesupport_introspection_c.h
[2.036s] -- Up-to-date symlink: /home/embedded/ros2_ws/install/kobuki_ros_interfaces/include/kobuki_ros_interfaces/kobuki_ros_interfaces/msg/detail/wheel_drop_event__rosidl_typesupport_introspection_c.h
[2.036s] -- Up-to-date symlink: /home/embedded/ros2_ws/install/kobuki_ros_interfaces/include/kobuki_ros_interfaces/kobuki_ros_interfaces/msg/rosidl_typesupport_introspection_c__visibility_control.h
[2.037s] -- Up-to-date symlink: /home/embedded/ros2_ws/install/kobuki_ros_interfaces/include/kobuki_ros_interfaces/kobuki_ros_interfaces/action/detail/auto_docking__rosidl_typesupport_introspection_cpp.hpp
[2.040s] -- Up-to-date symlink: /home/embedded/ros2_ws/install/kobuki_ros_interfaces/include/kobuki_ros_interfaces/kobuki_ros_interfaces/msg/detail/bumper_event__rosidl_typesupport_introspection_cpp.hpp
[2.040s] -- Up-to-date symlink: /home/embedded/ros2_ws/install/kobuki_ros_interfaces/include/kobuki_ros_interfaces/kobuki_ros_interfaces/msg/detail/button_event__rosidl_typesupport_introspection_cpp.hpp
[2.041s] -- Up-to-date symlink: /home/embedded/ros2_ws/install/kobuki_ros_interfaces/include/kobuki_ros_interfaces/kobuki_ros_interfaces/msg/detail/cliff_event__rosidl_typesupport_introspection_cpp.hpp
[2.041s] -- Up-to-date symlink: /home/embedded/ros2_ws/install/kobuki_ros_interfaces/include/kobuki_ros_interfaces/kobuki_ros_interfaces/msg/detail/controller_info__rosidl_typesupport_introspection_cpp.hpp
[2.041s] -- Up-to-date symlink: /home/embedded/ros2_ws/install/kobuki_ros_interfaces/include/kobuki_ros_interfaces/kobuki_ros_interfaces/msg/detail/digital_input_event__rosidl_typesupport_introspection_cpp.hpp
[2.041s] -- Up-to-date symlink: /home/embedded/ros2_ws/install/kobuki_ros_interfaces/include/kobuki_ros_interfaces/kobuki_ros_interfaces/msg/detail/digital_output__rosidl_typesupport_introspection_cpp.hpp
[2.041s] -- Up-to-date symlink: /home/embedded/ros2_ws/install/kobuki_ros_interfaces/include/kobuki_ros_interfaces/kobuki_ros_interfaces/msg/detail/dock_infra_red__rosidl_typesupport_introspection_cpp.hpp
[2.042s] -- Up-to-date symlink: /home/embedded/ros2_ws/install/kobuki_ros_interfaces/include/kobuki_ros_interfaces/kobuki_ros_interfaces/msg/detail/external_power__rosidl_typesupport_introspection_cpp.hpp
[2.042s] -- Up-to-date symlink: /home/embedded/ros2_ws/install/kobuki_ros_interfaces/include/kobuki_ros_interfaces/kobuki_ros_interfaces/msg/detail/keyboard_input__rosidl_typesupport_introspection_cpp.hpp
[2.042s] -- Up-to-date symlink: /home/embedded/ros2_ws/install/kobuki_ros_interfaces/include/kobuki_ros_interfaces/kobuki_ros_interfaces/msg/detail/led__rosidl_typesupport_introspection_cpp.hpp
[2.042s] -- Up-to-date symlink: /home/embedded/ros2_ws/install/kobuki_ros_interfaces/include/kobuki_ros_interfaces/kobuki_ros_interfaces/msg/detail/motor_power__rosidl_typesupport_introspection_cpp.hpp
[2.043s] -- Up-to-date symlink: /home/embedded/ros2_ws/install/kobuki_ros_interfaces/include/kobuki_ros_interfaces/kobuki_ros_interfaces/msg/detail/power_system_event__rosidl_typesupport_introspection_cpp.hpp
[2.043s] -- Up-to-date symlink: /home/embedded/ros2_ws/install/kobuki_ros_interfaces/include/kobuki_ros_interfaces/kobuki_ros_interfaces/msg/detail/robot_state_event__rosidl_typesupport_introspection_cpp.hpp
[2.044s] -- Up-to-date symlink: /home/embedded/ros2_ws/install/kobuki_ros_interfaces/include/kobuki_ros_interfaces/kobuki_ros_interfaces/msg/detail/scan_angle__rosidl_typesupport_introspection_cpp.hpp
[2.044s] -- Up-to-date symlink: /home/embedded/ros2_ws/install/kobuki_ros_interfaces/include/kobuki_ros_interfaces/kobuki_ros_interfaces/msg/detail/sensor_state__rosidl_typesupport_introspection_cpp.hpp
[2.045s] -- Up-to-date symlink: /home/embedded/ros2_ws/install/kobuki_ros_interfaces/include/kobuki_ros_interfaces/kobuki_ros_interfaces/msg/detail/sound__rosidl_typesupport_introspection_cpp.hpp
[2.045s] -- Up-to-date symlink: /home/embedded/ros2_ws/install/kobuki_ros_interfaces/include/kobuki_ros_interfaces/kobuki_ros_interfaces/msg/detail/version_info__rosidl_typesupport_introspection_cpp.hpp
[2.046s] -- Up-to-date symlink: /home/embedded/ros2_ws/install/kobuki_ros_interfaces/include/kobuki_ros_interfaces/kobuki_ros_interfaces/msg/detail/wheel_drop_event__rosidl_typesupport_introspection_cpp.hpp
[2.046s] -- Up-to-date symlink: /home/embedded/ros2_ws/install/kobuki_ros_interfaces/share/kobuki_ros_interfaces/environment/pythonpath.sh
[2.047s] -- Up-to-date symlink: /home/embedded/ros2_ws/install/kobuki_ros_interfaces/share/kobuki_ros_interfaces/environment/pythonpath.dsv
[2.047s] -- Up-to-date symlink: /home/embedded/ros2_ws/install/kobuki_ros_interfaces/lib/python3.12/site-packages/kobuki_ros_interfaces-1.0.0-py3.12.egg-info/PKG-INFO
[2.048s] -- Up-to-date symlink: /home/embedded/ros2_ws/install/kobuki_ros_interfaces/lib/python3.12/site-packages/kobuki_ros_interfaces-1.0.0-py3.12.egg-info/SOURCES.txt
[2.049s] -- Up-to-date symlink: /home/embedded/ros2_ws/install/kobuki_ros_interfaces/lib/python3.12/site-packages/kobuki_ros_interfaces-1.0.0-py3.12.egg-info/dependency_links.txt
[2.049s] -- Up-to-date symlink: /home/embedded/ros2_ws/install/kobuki_ros_interfaces/lib/python3.12/site-packages/kobuki_ros_interfaces-1.0.0-py3.12.egg-info/top_level.txt
[2.049s] -- Up-to-date symlink: /home/embedded/ros2_ws/install/kobuki_ros_interfaces/lib/python3.12/site-packages/kobuki_ros_interfaces/__init__.py
[2.049s] -- Up-to-date symlink: /home/embedded/ros2_ws/install/kobuki_ros_interfaces/lib/python3.12/site-packages/kobuki_ros_interfaces/_kobuki_ros_interfaces_s.ep.rosidl_typesupport_c.c
[2.050s] -- Up-to-date symlink: /home/embedded/ros2_ws/install/kobuki_ros_interfaces/lib/python3.12/site-packages/kobuki_ros_interfaces/_kobuki_ros_interfaces_s.ep.rosidl_typesupport_fastrtps_c.c
[2.050s] -- Up-to-date symlink: /home/embedded/ros2_ws/install/kobuki_ros_interfaces/lib/python3.12/site-packages/kobuki_ros_interfaces/_kobuki_ros_interfaces_s.ep.rosidl_typesupport_introspection_c.c
[2.050s] -- Up-to-date symlink: /home/embedded/ros2_ws/install/kobuki_ros_interfaces/lib/python3.12/site-packages/kobuki_ros_interfaces/action/__init__.py
[2.051s] -- Up-to-date symlink: /home/embedded/ros2_ws/install/kobuki_ros_interfaces/lib/python3.12/site-packages/kobuki_ros_interfaces/action/_auto_docking.py
[2.051s] -- Up-to-date symlink: /home/embedded/ros2_ws/install/kobuki_ros_interfaces/lib/python3.12/site-packages/kobuki_ros_interfaces/action/_auto_docking_s.c
[2.051s] -- Up-to-date symlink: /home/embedded/ros2_ws/install/kobuki_ros_interfaces/lib/python3.12/site-packages/kobuki_ros_interfaces/kobuki_ros_interfaces_s__rosidl_typesupport_c.so
[2.052s] -- Up-to-date symlink: /home/embedded/ros2_ws/install/kobuki_ros_interfaces/lib/python3.12/site-packages/kobuki_ros_interfaces/kobuki_ros_interfaces_s__rosidl_typesupport_fastrtps_c.so
[2.052s] -- Up-to-date symlink: /home/embedded/ros2_ws/install/kobuki_ros_interfaces/lib/python3.12/site-packages/kobuki_ros_interfaces/kobuki_ros_interfaces_s__rosidl_typesupport_introspection_c.so
[2.052s] -- Up-to-date symlink: /home/embedded/ros2_ws/install/kobuki_ros_interfaces/lib/python3.12/site-packages/kobuki_ros_interfaces/msg/__init__.py
[2.053s] -- Up-to-date symlink: /home/embedded/ros2_ws/install/kobuki_ros_interfaces/lib/python3.12/site-packages/kobuki_ros_interfaces/msg/_bumper_event.py
[2.053s] -- Up-to-date symlink: /home/embedded/ros2_ws/install/kobuki_ros_interfaces/lib/python3.12/site-packages/kobuki_ros_interfaces/msg/_bumper_event_s.c
[2.054s] -- Up-to-date symlink: /home/embedded/ros2_ws/install/kobuki_ros_interfaces/lib/python3.12/site-packages/kobuki_ros_interfaces/msg/_button_event.py
[2.054s] -- Up-to-date symlink: /home/embedded/ros2_ws/install/kobuki_ros_interfaces/lib/python3.12/site-packages/kobuki_ros_interfaces/msg/_button_event_s.c
[2.055s] -- Up-to-date symlink: /home/embedded/ros2_ws/install/kobuki_ros_interfaces/lib/python3.12/site-packages/kobuki_ros_interfaces/msg/_cliff_event.py
[2.055s] -- Up-to-date symlink: /home/embedded/ros2_ws/install/kobuki_ros_interfaces/lib/python3.12/site-packages/kobuki_ros_interfaces/msg/_cliff_event_s.c
[2.056s] -- Up-to-date symlink: /home/embedded/ros2_ws/install/kobuki_ros_interfaces/lib/python3.12/site-packages/kobuki_ros_interfaces/msg/_controller_info.py
[2.057s] -- Up-to-date symlink: /home/embedded/ros2_ws/install/kobuki_ros_interfaces/lib/python3.12/site-packages/kobuki_ros_interfaces/msg/_controller_info_s.c
[2.057s] -- Up-to-date symlink: /home/embedded/ros2_ws/install/kobuki_ros_interfaces/lib/python3.12/site-packages/kobuki_ros_interfaces/msg/_digital_input_event.py
[2.058s] -- Up-to-date symlink: /home/embedded/ros2_ws/install/kobuki_ros_interfaces/lib/python3.12/site-packages/kobuki_ros_interfaces/msg/_digital_input_event_s.c
[2.058s] -- Up-to-date symlink: /home/embedded/ros2_ws/install/kobuki_ros_interfaces/lib/python3.12/site-packages/kobuki_ros_interfaces/msg/_digital_output.py
[2.059s] -- Up-to-date symlink: /home/embedded/ros2_ws/install/kobuki_ros_interfaces/lib/python3.12/site-packages/kobuki_ros_interfaces/msg/_digital_output_s.c
[2.059s] -- Up-to-date symlink: /home/embedded/ros2_ws/install/kobuki_ros_interfaces/lib/python3.12/site-packages/kobuki_ros_interfaces/msg/_dock_infra_red.py
[2.060s] -- Up-to-date symlink: /home/embedded/ros2_ws/install/kobuki_ros_interfaces/lib/python3.12/site-packages/kobuki_ros_interfaces/msg/_dock_infra_red_s.c
[2.061s] -- Up-to-date symlink: /home/embedded/ros2_ws/install/kobuki_ros_interfaces/lib/python3.12/site-packages/kobuki_ros_interfaces/msg/_external_power.py
[2.061s] -- Up-to-date symlink: /home/embedded/ros2_ws/install/kobuki_ros_interfaces/lib/python3.12/site-packages/kobuki_ros_interfaces/msg/_external_power_s.c
[2.063s] -- Up-to-date symlink: /home/embedded/ros2_ws/install/kobuki_ros_interfaces/lib/python3.12/site-packages/kobuki_ros_interfaces/msg/_keyboard_input.py
[2.063s] -- Up-to-date symlink: /home/embedded/ros2_ws/install/kobuki_ros_interfaces/lib/python3.12/site-packages/kobuki_ros_interfaces/msg/_keyboard_input_s.c
[2.063s] -- Up-to-date symlink: /home/embedded/ros2_ws/install/kobuki_ros_interfaces/lib/python3.12/site-packages/kobuki_ros_interfaces/msg/_led.py
[2.063s] -- Up-to-date symlink: /home/embedded/ros2_ws/install/kobuki_ros_interfaces/lib/python3.12/site-packages/kobuki_ros_interfaces/msg/_led_s.c
[2.064s] -- Up-to-date symlink: /home/embedded/ros2_ws/install/kobuki_ros_interfaces/lib/python3.12/site-packages/kobuki_ros_interfaces/msg/_motor_power.py
[2.064s] -- Up-to-date symlink: /home/embedded/ros2_ws/install/kobuki_ros_interfaces/lib/python3.12/site-packages/kobuki_ros_interfaces/msg/_motor_power_s.c
[2.065s] -- Up-to-date symlink: /home/embedded/ros2_ws/install/kobuki_ros_interfaces/lib/python3.12/site-packages/kobuki_ros_interfaces/msg/_power_system_event.py
[2.066s] -- Up-to-date symlink: /home/embedded/ros2_ws/install/kobuki_ros_interfaces/lib/python3.12/site-packages/kobuki_ros_interfaces/msg/_power_system_event_s.c
[2.066s] -- Up-to-date symlink: /home/embedded/ros2_ws/install/kobuki_ros_interfaces/lib/python3.12/site-packages/kobuki_ros_interfaces/msg/_robot_state_event.py
[2.066s] -- Up-to-date symlink: /home/embedded/ros2_ws/install/kobuki_ros_interfaces/lib/python3.12/site-packages/kobuki_ros_interfaces/msg/_robot_state_event_s.c
[2.066s] -- Up-to-date symlink: /home/embedded/ros2_ws/install/kobuki_ros_interfaces/lib/python3.12/site-packages/kobuki_ros_interfaces/msg/_scan_angle.py
[2.066s] -- Up-to-date symlink: /home/embedded/ros2_ws/install/kobuki_ros_interfaces/lib/python3.12/site-packages/kobuki_ros_interfaces/msg/_scan_angle_s.c
[2.067s] -- Up-to-date symlink: /home/embedded/ros2_ws/install/kobuki_ros_interfaces/lib/python3.12/site-packages/kobuki_ros_interfaces/msg/_sensor_state.py
[2.067s] -- Up-to-date symlink: /home/embedded/ros2_ws/install/kobuki_ros_interfaces/lib/python3.12/site-packages/kobuki_ros_interfaces/msg/_sensor_state_s.c
[2.067s] -- Up-to-date symlink: /home/embedded/ros2_ws/install/kobuki_ros_interfaces/lib/python3.12/site-packages/kobuki_ros_interfaces/msg/_sound.py
[2.067s] -- Up-to-date symlink: /home/embedded/ros2_ws/install/kobuki_ros_interfaces/lib/python3.12/site-packages/kobuki_ros_interfaces/msg/_sound_s.c
[2.067s] -- Up-to-date symlink: /home/embedded/ros2_ws/install/kobuki_ros_interfaces/lib/python3.12/site-packages/kobuki_ros_interfaces/msg/_version_info.py
[2.067s] -- Up-to-date symlink: /home/embedded/ros2_ws/install/kobuki_ros_interfaces/lib/python3.12/site-packages/kobuki_ros_interfaces/msg/_version_info_s.c
[2.067s] -- Up-to-date symlink: /home/embedded/ros2_ws/install/kobuki_ros_interfaces/lib/python3.12/site-packages/kobuki_ros_interfaces/msg/_wheel_drop_event.py
[2.067s] -- Up-to-date symlink: /home/embedded/ros2_ws/install/kobuki_ros_interfaces/lib/python3.12/site-packages/kobuki_ros_interfaces/msg/_wheel_drop_event_s.c
[2.068s] -- Up-to-date symlink: /home/embedded/ros2_ws/install/kobuki_ros_interfaces/lib/python3.12/site-packages/kobuki_ros_interfaces/kobuki_ros_interfaces_s__rosidl_typesupport_fastrtps_c.so
[2.070s] -- Up-to-date symlink: /home/embedded/ros2_ws/install/kobuki_ros_interfaces/lib/python3.12/site-packages/kobuki_ros_interfaces/kobuki_ros_interfaces_s__rosidl_typesupport_introspection_c.so
[2.070s] -- Up-to-date symlink: /home/embedded/ros2_ws/install/kobuki_ros_interfaces/lib/python3.12/site-packages/kobuki_ros_interfaces/kobuki_ros_interfaces_s__rosidl_typesupport_c.so
[2.070s] -- Up-to-date symlink: /home/embedded/ros2_ws/install/kobuki_ros_interfaces/share/kobuki_ros_interfaces/msg/BumperEvent.idl
[2.070s] -- Up-to-date symlink: /home/embedded/ros2_ws/install/kobuki_ros_interfaces/share/kobuki_ros_interfaces/msg/CliffEvent.idl
[2.071s] -- Up-to-date symlink: /home/embedded/ros2_ws/install/kobuki_ros_interfaces/share/kobuki_ros_interfaces/msg/DigitalOutput.idl
[2.071s] -- Up-to-date symlink: /home/embedded/ros2_ws/install/kobuki_ros_interfaces/share/kobuki_ros_interfaces/msg/ExternalPower.idl
[2.071s] -- Up-to-date symlink: /home/embedded/ros2_ws/install/kobuki_ros_interfaces/share/kobuki_ros_interfaces/msg/Led.idl
[2.071s] -- Up-to-date symlink: /home/embedded/ros2_ws/install/kobuki_ros_interfaces/share/kobuki_ros_interfaces/msg/PowerSystemEvent.idl
[2.074s] -- Up-to-date symlink: /home/embedded/ros2_ws/install/kobuki_ros_interfaces/share/kobuki_ros_interfaces/msg/SensorState.idl
[2.074s] -- Up-to-date symlink: /home/embedded/ros2_ws/install/kobuki_ros_interfaces/share/kobuki_ros_interfaces/msg/VersionInfo.idl
[2.074s] -- Up-to-date symlink: /home/embedded/ros2_ws/install/kobuki_ros_interfaces/share/kobuki_ros_interfaces/msg/ControllerInfo.idl
[2.074s] -- Up-to-date symlink: /home/embedded/ros2_ws/install/kobuki_ros_interfaces/share/kobuki_ros_interfaces/msg/ButtonEvent.idl
[2.074s] -- Up-to-date symlink: /home/embedded/ros2_ws/install/kobuki_ros_interfaces/share/kobuki_ros_interfaces/msg/DigitalInputEvent.idl
[2.074s] -- Up-to-date symlink: /home/embedded/ros2_ws/install/kobuki_ros_interfaces/share/kobuki_ros_interfaces/msg/DockInfraRed.idl
[2.075s] -- Up-to-date symlink: /home/embedded/ros2_ws/install/kobuki_ros_interfaces/share/kobuki_ros_interfaces/msg/KeyboardInput.idl
[2.075s] -- Up-to-date symlink: /home/embedded/ros2_ws/install/kobuki_ros_interfaces/share/kobuki_ros_interfaces/msg/MotorPower.idl
[2.075s] -- Up-to-date symlink: /home/embedded/ros2_ws/install/kobuki_ros_interfaces/share/kobuki_ros_interfaces/msg/RobotStateEvent.idl
[2.076s] -- Up-to-date symlink: /home/embedded/ros2_ws/install/kobuki_ros_interfaces/share/kobuki_ros_interfaces/msg/Sound.idl
[2.076s] -- Up-to-date symlink: /home/embedded/ros2_ws/install/kobuki_ros_interfaces/share/kobuki_ros_interfaces/msg/ScanAngle.idl
[2.076s] -- Up-to-date symlink: /home/embedded/ros2_ws/install/kobuki_ros_interfaces/share/kobuki_ros_interfaces/msg/WheelDropEvent.idl
[2.076s] -- Up-to-date symlink: /home/embedded/ros2_ws/install/kobuki_ros_interfaces/share/kobuki_ros_interfaces/action/AutoDocking.idl
[2.076s] -- Up-to-date symlink: /home/embedded/ros2_ws/install/kobuki_ros_interfaces/share/kobuki_ros_interfaces/msg/BumperEvent.msg
[2.076s] -- Up-to-date symlink: /home/embedded/ros2_ws/install/kobuki_ros_interfaces/share/kobuki_ros_interfaces/msg/CliffEvent.msg
[2.077s] -- Up-to-date symlink: /home/embedded/ros2_ws/install/kobuki_ros_interfaces/share/kobuki_ros_interfaces/msg/DigitalOutput.msg
[2.077s] -- Up-to-date symlink: /home/embedded/ros2_ws/install/kobuki_ros_interfaces/share/kobuki_ros_interfaces/msg/ExternalPower.msg
[2.077s] -- Up-to-date symlink: /home/embedded/ros2_ws/install/kobuki_ros_interfaces/share/kobuki_ros_interfaces/msg/Led.msg
[2.077s] -- Up-to-date symlink: /home/embedded/ros2_ws/install/kobuki_ros_interfaces/share/kobuki_ros_interfaces/msg/PowerSystemEvent.msg
[2.077s] -- Up-to-date symlink: /home/embedded/ros2_ws/install/kobuki_ros_interfaces/share/kobuki_ros_interfaces/msg/SensorState.msg
[2.077s] -- Up-to-date symlink: /home/embedded/ros2_ws/install/kobuki_ros_interfaces/share/kobuki_ros_interfaces/msg/VersionInfo.msg
[2.078s] -- Up-to-date symlink: /home/embedded/ros2_ws/install/kobuki_ros_interfaces/share/kobuki_ros_interfaces/msg/ControllerInfo.msg
[2.080s] -- Up-to-date symlink: /home/embedded/ros2_ws/install/kobuki_ros_interfaces/share/kobuki_ros_interfaces/msg/ButtonEvent.msg
[2.081s] -- Up-to-date symlink: /home/embedded/ros2_ws/install/kobuki_ros_interfaces/share/kobuki_ros_interfaces/msg/DigitalInputEvent.msg
[2.081s] -- Up-to-date symlink: /home/embedded/ros2_ws/install/kobuki_ros_interfaces/share/kobuki_ros_interfaces/msg/DockInfraRed.msg
[2.082s] -- Up-to-date symlink: /home/embedded/ros2_ws/install/kobuki_ros_interfaces/share/kobuki_ros_interfaces/msg/KeyboardInput.msg
[2.083s] -- Up-to-date symlink: /home/embedded/ros2_ws/install/kobuki_ros_interfaces/share/kobuki_ros_interfaces/msg/MotorPower.msg
[2.083s] -- Up-to-date symlink: /home/embedded/ros2_ws/install/kobuki_ros_interfaces/share/kobuki_ros_interfaces/msg/RobotStateEvent.msg
[2.083s] -- Up-to-date symlink: /home/embedded/ros2_ws/install/kobuki_ros_interfaces/share/kobuki_ros_interfaces/msg/Sound.msg
[2.083s] -- Up-to-date symlink: /home/embedded/ros2_ws/install/kobuki_ros_interfaces/share/kobuki_ros_interfaces/msg/ScanAngle.msg
[2.083s] -- Up-to-date symlink: /home/embedded/ros2_ws/install/kobuki_ros_interfaces/share/kobuki_ros_interfaces/msg/WheelDropEvent.msg
[2.083s] -- Up-to-date symlink: /home/embedded/ros2_ws/install/kobuki_ros_interfaces/share/kobuki_ros_interfaces/action/AutoDocking.action
[2.083s] -- Up-to-date symlink: /home/embedded/ros2_ws/install/kobuki_ros_interfaces/share/ament_index/resource_index/package_run_dependencies/kobuki_ros_interfaces
[2.084s] -- Up-to-date symlink: /home/embedded/ros2_ws/install/kobuki_ros_interfaces/share/ament_index/resource_index/parent_prefix_path/kobuki_ros_interfaces
[2.084s] -- Up-to-date symlink: /home/embedded/ros2_ws/install/kobuki_ros_interfaces/share/kobuki_ros_interfaces/environment/ament_prefix_path.sh
[2.085s] -- Up-to-date symlink: /home/embedded/ros2_ws/install/kobuki_ros_interfaces/share/kobuki_ros_interfaces/environment/ament_prefix_path.dsv
[2.086s] -- Up-to-date symlink: /home/embedded/ros2_ws/install/kobuki_ros_interfaces/share/kobuki_ros_interfaces/environment/path.sh
[2.088s] -- Up-to-date symlink: /home/embedded/ros2_ws/install/kobuki_ros_interfaces/share/kobuki_ros_interfaces/environment/path.dsv
[2.089s] -- Up-to-date symlink: /home/embedded/ros2_ws/install/kobuki_ros_interfaces/share/kobuki_ros_interfaces/local_setup.bash
[2.089s] -- Up-to-date symlink: /home/embedded/ros2_ws/install/kobuki_ros_interfaces/share/kobuki_ros_interfaces/local_setup.sh
[2.089s] -- Up-to-date symlink: /home/embedded/ros2_ws/install/kobuki_ros_interfaces/share/kobuki_ros_interfaces/local_setup.zsh
[2.089s] -- Up-to-date symlink: /home/embedded/ros2_ws/install/kobuki_ros_interfaces/share/kobuki_ros_interfaces/local_setup.dsv
[2.090s] -- Symlinking: /home/embedded/ros2_ws/install/kobuki_ros_interfaces/share/kobuki_ros_interfaces/package.dsv
[2.099s] -- Up-to-date symlink: /home/embedded/ros2_ws/install/kobuki_ros_interfaces/share/ament_index/resource_index/packages/kobuki_ros_interfaces
[2.100s] -- Up-to-date symlink: /home/embedded/ros2_ws/install/kobuki_ros_interfaces/share/kobuki_ros_interfaces/cmake/rosidl_cmake-extras.cmake
[2.103s] -- Up-to-date symlink: /home/embedded/ros2_ws/install/kobuki_ros_interfaces/share/kobuki_ros_interfaces/cmake/ament_cmake_export_dependencies-extras.cmake
[2.104s] -- Up-to-date symlink: /home/embedded/ros2_ws/install/kobuki_ros_interfaces/share/kobuki_ros_interfaces/cmake/ament_cmake_export_include_directories-extras.cmake
[2.104s] -- Up-to-date symlink: /home/embedded/ros2_ws/install/kobuki_ros_interfaces/share/kobuki_ros_interfaces/cmake/ament_cmake_export_libraries-extras.cmake
[2.106s] -- Up-to-date symlink: /home/embedded/ros2_ws/install/kobuki_ros_interfaces/share/kobuki_ros_interfaces/cmake/ament_cmake_export_targets-extras.cmake
[2.106s] -- Up-to-date symlink: /home/embedded/ros2_ws/install/kobuki_ros_interfaces/share/kobuki_ros_interfaces/cmake/rosidl_cmake_export_typesupport_targets-extras.cmake
[2.106s] -- Up-to-date symlink: /home/embedded/ros2_ws/install/kobuki_ros_interfaces/share/kobuki_ros_interfaces/cmake/rosidl_cmake_export_typesupport_libraries-extras.cmake
[2.114s] -- Up-to-date symlink: /home/embedded/ros2_ws/install/kobuki_ros_interfaces/share/kobuki_ros_interfaces/cmake/kobuki_ros_interfacesConfig.cmake
[2.115s] -- Up-to-date symlink: /home/embedded/ros2_ws/install/kobuki_ros_interfaces/share/kobuki_ros_interfaces/cmake/kobuki_ros_interfacesConfig-version.cmake
[2.115s] -- Up-to-date symlink: /home/embedded/ros2_ws/install/kobuki_ros_interfaces/share/kobuki_ros_interfaces/package.xml
[2.116s] -- Up-to-date: /home/embedded/ros2_ws/install/kobuki_ros_interfaces/lib/libkobuki_ros_interfaces__rosidl_generator_c.so
[2.116s] -- Up-to-date: /home/embedded/ros2_ws/install/kobuki_ros_interfaces/lib/libkobuki_ros_interfaces__rosidl_typesupport_fastrtps_c.so
[2.116s] -- Up-to-date: /home/embedded/ros2_ws/install/kobuki_ros_interfaces/lib/libkobuki_ros_interfaces__rosidl_typesupport_fastrtps_cpp.so
[2.116s] -- Up-to-date: /home/embedded/ros2_ws/install/kobuki_ros_interfaces/lib/libkobuki_ros_interfaces__rosidl_typesupport_introspection_c.so
[2.117s] -- Up-to-date: /home/embedded/ros2_ws/install/kobuki_ros_interfaces/lib/libkobuki_ros_interfaces__rosidl_typesupport_c.so
[2.117s] -- Up-to-date: /home/embedded/ros2_ws/install/kobuki_ros_interfaces/lib/libkobuki_ros_interfaces__rosidl_typesupport_introspection_cpp.so
[2.117s] -- Up-to-date: /home/embedded/ros2_ws/install/kobuki_ros_interfaces/lib/libkobuki_ros_interfaces__rosidl_typesupport_cpp.so
[2.180s] Listing '/home/embedded/ros2_ws/install/kobuki_ros_interfaces/lib/python3.12/site-packages/kobuki_ros_interfaces'...
[2.181s] Listing '/home/embedded/ros2_ws/install/kobuki_ros_interfaces/lib/python3.12/site-packages/kobuki_ros_interfaces/action'...
[2.182s] Listing '/home/embedded/ros2_ws/install/kobuki_ros_interfaces/lib/python3.12/site-packages/kobuki_ros_interfaces/msg'...
[2.200s] -- Up-to-date: /home/embedded/ros2_ws/install/kobuki_ros_interfaces/lib/libkobuki_ros_interfaces__rosidl_generator_py.so
[2.200s] -- Up-to-date: /home/embedded/ros2_ws/install/kobuki_ros_interfaces/share/kobuki_ros_interfaces/cmake/export_kobuki_ros_interfaces__rosidl_generator_cExport.cmake
[2.201s] -- Up-to-date: /home/embedded/ros2_ws/install/kobuki_ros_interfaces/share/kobuki_ros_interfaces/cmake/export_kobuki_ros_interfaces__rosidl_generator_cExport-noconfig.cmake
[2.202s] -- Up-to-date: /home/embedded/ros2_ws/install/kobuki_ros_interfaces/share/kobuki_ros_interfaces/cmake/export_kobuki_ros_interfaces__rosidl_typesupport_fastrtps_cExport.cmake
[2.202s] -- Up-to-date: /home/embedded/ros2_ws/install/kobuki_ros_interfaces/share/kobuki_ros_interfaces/cmake/export_kobuki_ros_interfaces__rosidl_typesupport_fastrtps_cExport-noconfig.cmake
[2.210s] -- Up-to-date: /home/embedded/ros2_ws/install/kobuki_ros_interfaces/share/kobuki_ros_interfaces/cmake/export_kobuki_ros_interfaces__rosidl_generator_cppExport.cmake
[2.210s] -- Up-to-date: /home/embedded/ros2_ws/install/kobuki_ros_interfaces/share/kobuki_ros_interfaces/cmake/export_kobuki_ros_interfaces__rosidl_typesupport_fastrtps_cppExport.cmake
[2.210s] -- Up-to-date: /home/embedded/ros2_ws/install/kobuki_ros_interfaces/share/kobuki_ros_interfaces/cmake/export_kobuki_ros_interfaces__rosidl_typesupport_fastrtps_cppExport-noconfig.cmake
[2.210s] -- Up-to-date: /home/embedded/ros2_ws/install/kobuki_ros_interfaces/share/kobuki_ros_interfaces/cmake/kobuki_ros_interfaces__rosidl_typesupport_introspection_cExport.cmake
[2.211s] -- Up-to-date: /home/embedded/ros2_ws/install/kobuki_ros_interfaces/share/kobuki_ros_interfaces/cmake/kobuki_ros_interfaces__rosidl_typesupport_introspection_cExport-noconfig.cmake
[2.211s] -- Up-to-date: /home/embedded/ros2_ws/install/kobuki_ros_interfaces/share/kobuki_ros_interfaces/cmake/kobuki_ros_interfaces__rosidl_typesupport_cExport.cmake
[2.211s] -- Up-to-date: /home/embedded/ros2_ws/install/kobuki_ros_interfaces/share/kobuki_ros_interfaces/cmake/kobuki_ros_interfaces__rosidl_typesupport_cExport-noconfig.cmake
[2.214s] -- Up-to-date: /home/embedded/ros2_ws/install/kobuki_ros_interfaces/share/kobuki_ros_interfaces/cmake/kobuki_ros_interfaces__rosidl_typesupport_introspection_cppExport.cmake
[2.215s] -- Up-to-date: /home/embedded/ros2_ws/install/kobuki_ros_interfaces/share/kobuki_ros_interfaces/cmake/kobuki_ros_interfaces__rosidl_typesupport_introspection_cppExport-noconfig.cmake
[2.215s] -- Up-to-date: /home/embedded/ros2_ws/install/kobuki_ros_interfaces/share/kobuki_ros_interfaces/cmake/kobuki_ros_interfaces__rosidl_typesupport_cppExport.cmake
[2.215s] -- Up-to-date: /home/embedded/ros2_ws/install/kobuki_ros_interfaces/share/kobuki_ros_interfaces/cmake/kobuki_ros_interfaces__rosidl_typesupport_cppExport-noconfig.cmake
[2.215s] -- Up-to-date: /home/embedded/ros2_ws/install/kobuki_ros_interfaces/share/kobuki_ros_interfaces/cmake/export_kobuki_ros_interfaces__rosidl_generator_pyExport.cmake
[2.215s] -- Up-to-date: /home/embedded/ros2_ws/install/kobuki_ros_interfaces/share/kobuki_ros_interfaces/cmake/export_kobuki_ros_interfaces__rosidl_generator_pyExport-noconfig.cmake
[2.219s] Invoked command in '/home/embedded/ros2_ws/build/kobuki_ros_interfaces' returned '0': CMAKE_PREFIX_PATH=${CMAKE_PREFIX_PATH}:/opt/ros/jazzy /usr/bin/cmake --install /home/embedded/ros2_ws/build/kobuki_ros_interfaces
