[0.090s] Invoking command in '/home/embedded/ros2_ws/build/kobuki_core': AMENT_PREFIX_PATH=/home/embedded/ros2_ws/install/ecl_mobile_robot:/home/embedded/ros2_ws/install/ecl_geometry:/home/embedded/ros2_ws/install/ecl_devices:/home/embedded/ros2_ws/install/ecl_sigslots:/home/embedded/ros2_ws/install/ecl_linear_algebra:/home/embedded/ros2_ws/install/ecl_containers:/home/embedded/ros2_ws/install/ecl_threads:/home/embedded/ros2_ws/install/ecl_formatters:/home/embedded/ros2_ws/install/ecl_utilities:/home/embedded/ros2_ws/install/ecl_time:/home/embedded/ros2_ws/install/ecl_converters:/home/embedded/ros2_ws/install/ecl_time_lite:/home/embedded/ros2_ws/install/ecl_math:/home/embedded/ros2_ws/install/ecl_exceptions:/home/embedded/ros2_ws/install/ecl_concepts:/home/embedded/ros2_ws/install/ecl_type_traits:/home/embedded/ros2_ws/install/ecl_errors:/home/embedded/ros2_ws/install/ecl_console:/home/embedded/ros2_ws/install/ecl_mpl:/home/embedded/ros2_ws/install/ecl_eigen:/home/embedded/ros2_ws/install/ecl_config:/home/embedded/ros2_ws/install/ecl_command_line:${AMENT_PREFIX_PATH} CMAKE_PREFIX_PATH=/home/embedded/ros2_ws/install/ecl_mobile_robot:/home/embedded/ros2_ws/install/ecl_geometry:/home/embedded/ros2_ws/install/ecl_devices:/home/embedded/ros2_ws/install/ecl_sigslots:/home/embedded/ros2_ws/install/ecl_linear_algebra:/home/embedded/ros2_ws/install/ecl_containers:/home/embedded/ros2_ws/install/ecl_threads:/home/embedded/ros2_ws/install/ecl_formatters:/home/embedded/ros2_ws/install/ecl_utilities:/home/embedded/ros2_ws/install/ecl_time:/home/embedded/ros2_ws/install/ecl_converters:/home/embedded/ros2_ws/install/ecl_time_lite:/home/embedded/ros2_ws/install/ecl_math:/home/embedded/ros2_ws/install/ecl_exceptions:/home/embedded/ros2_ws/install/ecl_concepts:/home/embedded/ros2_ws/install/ecl_type_traits:/home/embedded/ros2_ws/install/ecl_errors:/home/embedded/ros2_ws/install/ecl_console:/home/embedded/ros2_ws/install/ecl_mpl:/home/embedded/ros2_ws/install/ecl_eigen:/home/embedded/ros2_ws/install/ecl_config:/home/embedded/ros2_ws/install/ecl_command_line:/opt/ros/jazzy/opt/gz_sim_vendor:/opt/ros/jazzy/opt/gz_sensors_vendor:/opt/ros/jazzy/opt/gz_physics_vendor:/opt/ros/jazzy/opt/sdformat_vendor:/opt/ros/jazzy/opt/gz_gui_vendor:/opt/ros/jazzy/opt/gz_transport_vendor:/opt/ros/jazzy/opt/gz_rendering_vendor:/opt/ros/jazzy/opt/gz_plugin_vendor:/opt/ros/jazzy/opt/gz_fuel_tools_vendor:/opt/ros/jazzy/opt/gz_msgs_vendor:/opt/ros/jazzy/opt/gz_common_vendor:/opt/ros/jazzy/opt/gz_tools_vendor:/opt/ros/jazzy/opt/gz_ogre_next_vendor:/opt/ros/jazzy/opt/gz_dartsim_vendor:/opt/ros/jazzy/opt/gz_math_vendor:/opt/ros/jazzy/opt/gz_utils_vendor:/opt/ros/jazzy/opt/gz_cmake_vendor:/opt/ros/jazzy LD_LIBRARY_PATH=/home/embedded/ros2_ws/install/ecl_mobile_robot/lib:/home/embedded/ros2_ws/install/ecl_geometry/lib:/home/embedded/ros2_ws/install/ecl_devices/lib:/home/embedded/ros2_ws/install/ecl_linear_algebra/lib:/home/embedded/ros2_ws/install/ecl_threads/lib:/home/embedded/ros2_ws/install/ecl_formatters/lib:/home/embedded/ros2_ws/install/ecl_time/lib:/home/embedded/ros2_ws/install/ecl_time_lite/lib:/home/embedded/ros2_ws/install/ecl_exceptions/lib:/home/embedded/ros2_ws/install/ecl_type_traits/lib:/home/embedded/ros2_ws/install/ecl_errors/lib:${LD_LIBRARY_PATH} PATH=/home/embedded/ros2_ws/install/ecl_type_traits/bin:/home/embedded/ros2_ws/install/ecl_config/bin:${PATH} /usr/bin/cmake --build /home/embedded/ros2_ws/build/kobuki_core -- -j4 -l4
[0.363s] [ 41%] Built target kobuki_core
[0.514s] [ 47%] Built target kobuki_core_demo_data_stream
[0.522s] [ 52%] Built target kobuki_core_demo_buttons
[0.556s] [ 58%] Built target kobuki_core_demo_chirp
[0.577s] [ 64%] Built target kobuki_core_demo_custom_logging
[0.688s] [ 70%] Built target kobuki_core_demo_raw_data_stream
[0.721s] [ 76%] Built target kobuki_core_demo_velocity_commands
[0.730s] [ 82%] Built target kobuki_core_demo_log_levels
[0.780s] [ 88%] Built target kobuki_core_demo_simple_loop
[0.890s] [ 94%] Built target kobuki_core_tool_version_info
[0.906s] [100%] Built target kobuki_core_tool_simple_keyop
[0.976s] Invoked command in '/home/embedded/ros2_ws/build/kobuki_core' returned '0': AMENT_PREFIX_PATH=/home/embedded/ros2_ws/install/ecl_mobile_robot:/home/embedded/ros2_ws/install/ecl_geometry:/home/embedded/ros2_ws/install/ecl_devices:/home/embedded/ros2_ws/install/ecl_sigslots:/home/embedded/ros2_ws/install/ecl_linear_algebra:/home/embedded/ros2_ws/install/ecl_containers:/home/embedded/ros2_ws/install/ecl_threads:/home/embedded/ros2_ws/install/ecl_formatters:/home/embedded/ros2_ws/install/ecl_utilities:/home/embedded/ros2_ws/install/ecl_time:/home/embedded/ros2_ws/install/ecl_converters:/home/embedded/ros2_ws/install/ecl_time_lite:/home/embedded/ros2_ws/install/ecl_math:/home/embedded/ros2_ws/install/ecl_exceptions:/home/embedded/ros2_ws/install/ecl_concepts:/home/embedded/ros2_ws/install/ecl_type_traits:/home/embedded/ros2_ws/install/ecl_errors:/home/embedded/ros2_ws/install/ecl_console:/home/embedded/ros2_ws/install/ecl_mpl:/home/embedded/ros2_ws/install/ecl_eigen:/home/embedded/ros2_ws/install/ecl_config:/home/embedded/ros2_ws/install/ecl_command_line:${AMENT_PREFIX_PATH} CMAKE_PREFIX_PATH=/home/embedded/ros2_ws/install/ecl_mobile_robot:/home/embedded/ros2_ws/install/ecl_geometry:/home/embedded/ros2_ws/install/ecl_devices:/home/embedded/ros2_ws/install/ecl_sigslots:/home/embedded/ros2_ws/install/ecl_linear_algebra:/home/embedded/ros2_ws/install/ecl_containers:/home/embedded/ros2_ws/install/ecl_threads:/home/embedded/ros2_ws/install/ecl_formatters:/home/embedded/ros2_ws/install/ecl_utilities:/home/embedded/ros2_ws/install/ecl_time:/home/embedded/ros2_ws/install/ecl_converters:/home/embedded/ros2_ws/install/ecl_time_lite:/home/embedded/ros2_ws/install/ecl_math:/home/embedded/ros2_ws/install/ecl_exceptions:/home/embedded/ros2_ws/install/ecl_concepts:/home/embedded/ros2_ws/install/ecl_type_traits:/home/embedded/ros2_ws/install/ecl_errors:/home/embedded/ros2_ws/install/ecl_console:/home/embedded/ros2_ws/install/ecl_mpl:/home/embedded/ros2_ws/install/ecl_eigen:/home/embedded/ros2_ws/install/ecl_config:/home/embedded/ros2_ws/install/ecl_command_line:/opt/ros/jazzy/opt/gz_sim_vendor:/opt/ros/jazzy/opt/gz_sensors_vendor:/opt/ros/jazzy/opt/gz_physics_vendor:/opt/ros/jazzy/opt/sdformat_vendor:/opt/ros/jazzy/opt/gz_gui_vendor:/opt/ros/jazzy/opt/gz_transport_vendor:/opt/ros/jazzy/opt/gz_rendering_vendor:/opt/ros/jazzy/opt/gz_plugin_vendor:/opt/ros/jazzy/opt/gz_fuel_tools_vendor:/opt/ros/jazzy/opt/gz_msgs_vendor:/opt/ros/jazzy/opt/gz_common_vendor:/opt/ros/jazzy/opt/gz_tools_vendor:/opt/ros/jazzy/opt/gz_ogre_next_vendor:/opt/ros/jazzy/opt/gz_dartsim_vendor:/opt/ros/jazzy/opt/gz_math_vendor:/opt/ros/jazzy/opt/gz_utils_vendor:/opt/ros/jazzy/opt/gz_cmake_vendor:/opt/ros/jazzy LD_LIBRARY_PATH=/home/embedded/ros2_ws/install/ecl_mobile_robot/lib:/home/embedded/ros2_ws/install/ecl_geometry/lib:/home/embedded/ros2_ws/install/ecl_devices/lib:/home/embedded/ros2_ws/install/ecl_linear_algebra/lib:/home/embedded/ros2_ws/install/ecl_threads/lib:/home/embedded/ros2_ws/install/ecl_formatters/lib:/home/embedded/ros2_ws/install/ecl_time/lib:/home/embedded/ros2_ws/install/ecl_time_lite/lib:/home/embedded/ros2_ws/install/ecl_exceptions/lib:/home/embedded/ros2_ws/install/ecl_type_traits/lib:/home/embedded/ros2_ws/install/ecl_errors/lib:${LD_LIBRARY_PATH} PATH=/home/embedded/ros2_ws/install/ecl_type_traits/bin:/home/embedded/ros2_ws/install/ecl_config/bin:${PATH} /usr/bin/cmake --build /home/embedded/ros2_ws/build/kobuki_core -- -j4 -l4
[0.979s] Invoking command in '/home/embedded/ros2_ws/build/kobuki_core': AMENT_PREFIX_PATH=/home/embedded/ros2_ws/install/ecl_mobile_robot:/home/embedded/ros2_ws/install/ecl_geometry:/home/embedded/ros2_ws/install/ecl_devices:/home/embedded/ros2_ws/install/ecl_sigslots:/home/embedded/ros2_ws/install/ecl_linear_algebra:/home/embedded/ros2_ws/install/ecl_containers:/home/embedded/ros2_ws/install/ecl_threads:/home/embedded/ros2_ws/install/ecl_formatters:/home/embedded/ros2_ws/install/ecl_utilities:/home/embedded/ros2_ws/install/ecl_time:/home/embedded/ros2_ws/install/ecl_converters:/home/embedded/ros2_ws/install/ecl_time_lite:/home/embedded/ros2_ws/install/ecl_math:/home/embedded/ros2_ws/install/ecl_exceptions:/home/embedded/ros2_ws/install/ecl_concepts:/home/embedded/ros2_ws/install/ecl_type_traits:/home/embedded/ros2_ws/install/ecl_errors:/home/embedded/ros2_ws/install/ecl_console:/home/embedded/ros2_ws/install/ecl_mpl:/home/embedded/ros2_ws/install/ecl_eigen:/home/embedded/ros2_ws/install/ecl_config:/home/embedded/ros2_ws/install/ecl_command_line:${AMENT_PREFIX_PATH} CMAKE_PREFIX_PATH=/home/embedded/ros2_ws/install/ecl_mobile_robot:/home/embedded/ros2_ws/install/ecl_geometry:/home/embedded/ros2_ws/install/ecl_devices:/home/embedded/ros2_ws/install/ecl_sigslots:/home/embedded/ros2_ws/install/ecl_linear_algebra:/home/embedded/ros2_ws/install/ecl_containers:/home/embedded/ros2_ws/install/ecl_threads:/home/embedded/ros2_ws/install/ecl_formatters:/home/embedded/ros2_ws/install/ecl_utilities:/home/embedded/ros2_ws/install/ecl_time:/home/embedded/ros2_ws/install/ecl_converters:/home/embedded/ros2_ws/install/ecl_time_lite:/home/embedded/ros2_ws/install/ecl_math:/home/embedded/ros2_ws/install/ecl_exceptions:/home/embedded/ros2_ws/install/ecl_concepts:/home/embedded/ros2_ws/install/ecl_type_traits:/home/embedded/ros2_ws/install/ecl_errors:/home/embedded/ros2_ws/install/ecl_console:/home/embedded/ros2_ws/install/ecl_mpl:/home/embedded/ros2_ws/install/ecl_eigen:/home/embedded/ros2_ws/install/ecl_config:/home/embedded/ros2_ws/install/ecl_command_line:/opt/ros/jazzy/opt/gz_sim_vendor:/opt/ros/jazzy/opt/gz_sensors_vendor:/opt/ros/jazzy/opt/gz_physics_vendor:/opt/ros/jazzy/opt/sdformat_vendor:/opt/ros/jazzy/opt/gz_gui_vendor:/opt/ros/jazzy/opt/gz_transport_vendor:/opt/ros/jazzy/opt/gz_rendering_vendor:/opt/ros/jazzy/opt/gz_plugin_vendor:/opt/ros/jazzy/opt/gz_fuel_tools_vendor:/opt/ros/jazzy/opt/gz_msgs_vendor:/opt/ros/jazzy/opt/gz_common_vendor:/opt/ros/jazzy/opt/gz_tools_vendor:/opt/ros/jazzy/opt/gz_ogre_next_vendor:/opt/ros/jazzy/opt/gz_dartsim_vendor:/opt/ros/jazzy/opt/gz_math_vendor:/opt/ros/jazzy/opt/gz_utils_vendor:/opt/ros/jazzy/opt/gz_cmake_vendor:/opt/ros/jazzy LD_LIBRARY_PATH=/home/embedded/ros2_ws/install/ecl_mobile_robot/lib:/home/embedded/ros2_ws/install/ecl_geometry/lib:/home/embedded/ros2_ws/install/ecl_devices/lib:/home/embedded/ros2_ws/install/ecl_linear_algebra/lib:/home/embedded/ros2_ws/install/ecl_threads/lib:/home/embedded/ros2_ws/install/ecl_formatters/lib:/home/embedded/ros2_ws/install/ecl_time/lib:/home/embedded/ros2_ws/install/ecl_time_lite/lib:/home/embedded/ros2_ws/install/ecl_exceptions/lib:/home/embedded/ros2_ws/install/ecl_type_traits/lib:/home/embedded/ros2_ws/install/ecl_errors/lib:${LD_LIBRARY_PATH} PATH=/home/embedded/ros2_ws/install/ecl_type_traits/bin:/home/embedded/ros2_ws/install/ecl_config/bin:${PATH} /usr/bin/cmake --install /home/embedded/ros2_ws/build/kobuki_core
[1.036s] -- Install configuration: ""
[1.036s] -- Execute custom install script
[1.039s] -- Symlinking: /home/embedded/ros2_ws/install/kobuki_core/include/kobuki_core/command.hpp
[1.100s] -- Symlinking: /home/embedded/ros2_ws/install/kobuki_core/include/kobuki_core/dock_drive.hpp
[1.151s] -- Symlinking: /home/embedded/ros2_ws/install/kobuki_core/include/kobuki_core/event_manager.hpp
[1.187s] -- Symlinking: /home/embedded/ros2_ws/install/kobuki_core/include/kobuki_core/kobuki.hpp
[1.218s] -- Symlinking: /home/embedded/ros2_ws/install/kobuki_core/include/kobuki_core/logging.hpp
[1.265s] -- Symlinking: /home/embedded/ros2_ws/install/kobuki_core/include/kobuki_core/macros.hpp
[1.333s] -- Symlinking: /home/embedded/ros2_ws/install/kobuki_core/include/kobuki_core/modules.hpp
[1.389s] -- Symlinking: /home/embedded/ros2_ws/install/kobuki_core/include/kobuki_core/modules/acceleration_limiter.hpp
[1.394s] -- Symlinking: /home/embedded/ros2_ws/install/kobuki_core/include/kobuki_core/modules/battery.hpp
[1.430s] -- Symlinking: /home/embedded/ros2_ws/install/kobuki_core/include/kobuki_core/modules/diff_drive.hpp
[1.468s] -- Symlinking: /home/embedded/ros2_ws/install/kobuki_core/include/kobuki_core/modules/digital_output.hpp
[1.491s] -- Symlinking: /home/embedded/ros2_ws/install/kobuki_core/include/kobuki_core/modules/led_array.hpp
[1.522s] -- Symlinking: /home/embedded/ros2_ws/install/kobuki_core/include/kobuki_core/modules/sound.hpp
[1.556s] -- Symlinking: /home/embedded/ros2_ws/install/kobuki_core/include/kobuki_core/packet_handler/packet_finder.hpp
[1.579s] -- Symlinking: /home/embedded/ros2_ws/install/kobuki_core/include/kobuki_core/packet_handler/payload_base.hpp
[1.617s] -- Symlinking: /home/embedded/ros2_ws/install/kobuki_core/include/kobuki_core/packet_handler/payload_headers.hpp
[1.660s] -- Symlinking: /home/embedded/ros2_ws/install/kobuki_core/include/kobuki_core/packets.hpp
[1.700s] -- Symlinking: /home/embedded/ros2_ws/install/kobuki_core/include/kobuki_core/packets/cliff.hpp
[1.778s] -- Symlinking: /home/embedded/ros2_ws/install/kobuki_core/include/kobuki_core/packets/controller_info.hpp
[1.804s] -- Symlinking: /home/embedded/ros2_ws/install/kobuki_core/include/kobuki_core/packets/core_sensors.hpp
[1.843s] -- Symlinking: /home/embedded/ros2_ws/install/kobuki_core/include/kobuki_core/packets/current.hpp
[1.889s] -- Symlinking: /home/embedded/ros2_ws/install/kobuki_core/include/kobuki_core/packets/dock_ir.hpp
[1.936s] -- Symlinking: /home/embedded/ros2_ws/install/kobuki_core/include/kobuki_core/packets/eeprom.hpp
[1.993s] -- Symlinking: /home/embedded/ros2_ws/install/kobuki_core/include/kobuki_core/packets/firmware.hpp
[2.052s] -- Symlinking: /home/embedded/ros2_ws/install/kobuki_core/include/kobuki_core/packets/gp_input.hpp
[2.107s] -- Symlinking: /home/embedded/ros2_ws/install/kobuki_core/include/kobuki_core/packets/hardware.hpp
[2.185s] -- Symlinking: /home/embedded/ros2_ws/install/kobuki_core/include/kobuki_core/packets/inertia.hpp
[2.230s] -- Symlinking: /home/embedded/ros2_ws/install/kobuki_core/include/kobuki_core/packets/three_axis_gyro.hpp
[2.276s] -- Symlinking: /home/embedded/ros2_ws/install/kobuki_core/include/kobuki_core/packets/unique_device_id.hpp
[2.319s] -- Symlinking: /home/embedded/ros2_ws/install/kobuki_core/include/kobuki_core/parameters.hpp
[2.360s] -- Symlinking: /home/embedded/ros2_ws/install/kobuki_core/include/kobuki_core/version_info.hpp
[2.407s] -- Symlinking: /home/embedded/ros2_ws/install/kobuki_core/lib/kobuki_core/demo_buttons
[2.460s] -- Symlinking: /home/embedded/ros2_ws/install/kobuki_core/lib/kobuki_core/demo_chirp
[2.491s] -- Symlinking: /home/embedded/ros2_ws/install/kobuki_core/lib/kobuki_core/demo_custom_logging
[2.543s] -- Symlinking: /home/embedded/ros2_ws/install/kobuki_core/lib/kobuki_core/demo_data_stream
[2.604s] -- Symlinking: /home/embedded/ros2_ws/install/kobuki_core/lib/kobuki_core/demo_log_levels
[2.660s] -- Symlinking: /home/embedded/ros2_ws/install/kobuki_core/lib/kobuki_core/demo_raw_data_stream
[2.728s] -- Symlinking: /home/embedded/ros2_ws/install/kobuki_core/lib/kobuki_core/demo_simple_loop
[2.773s] -- Symlinking: /home/embedded/ros2_ws/install/kobuki_core/lib/kobuki_core/demo_velocity_commands
[2.808s] -- Symlinking: /home/embedded/ros2_ws/install/kobuki_core/bin/kobuki-version-info
[2.883s] -- Symlinking: /home/embedded/ros2_ws/install/kobuki_core/bin/kobuki-simple-keyop
[2.916s] -- Symlinking: /home/embedded/ros2_ws/install/kobuki_core/include/CMakeLists.txt
[2.965s] -- Up-to-date symlink: /home/embedded/ros2_ws/install/kobuki_core/include/kobuki_core/command.hpp
[2.966s] -- Up-to-date symlink: /home/embedded/ros2_ws/install/kobuki_core/include/kobuki_core/dock_drive.hpp
[2.967s] -- Up-to-date symlink: /home/embedded/ros2_ws/install/kobuki_core/include/kobuki_core/event_manager.hpp
[2.968s] -- Up-to-date symlink: /home/embedded/ros2_ws/install/kobuki_core/include/kobuki_core/kobuki.hpp
[2.969s] -- Up-to-date symlink: /home/embedded/ros2_ws/install/kobuki_core/include/kobuki_core/logging.hpp
[2.970s] -- Up-to-date symlink: /home/embedded/ros2_ws/install/kobuki_core/include/kobuki_core/macros.hpp
[2.970s] -- Up-to-date symlink: /home/embedded/ros2_ws/install/kobuki_core/include/kobuki_core/modules.hpp
[2.970s] -- Up-to-date symlink: /home/embedded/ros2_ws/install/kobuki_core/include/kobuki_core/modules/acceleration_limiter.hpp
[2.972s] -- Up-to-date symlink: /home/embedded/ros2_ws/install/kobuki_core/include/kobuki_core/modules/battery.hpp
[2.972s] -- Up-to-date symlink: /home/embedded/ros2_ws/install/kobuki_core/include/kobuki_core/modules/diff_drive.hpp
[2.972s] -- Up-to-date symlink: /home/embedded/ros2_ws/install/kobuki_core/include/kobuki_core/modules/digital_output.hpp
[2.972s] -- Up-to-date symlink: /home/embedded/ros2_ws/install/kobuki_core/include/kobuki_core/modules/led_array.hpp
[2.972s] -- Up-to-date symlink: /home/embedded/ros2_ws/install/kobuki_core/include/kobuki_core/modules/sound.hpp
[2.975s] -- Up-to-date symlink: /home/embedded/ros2_ws/install/kobuki_core/include/kobuki_core/packet_handler/packet_finder.hpp
[2.975s] -- Up-to-date symlink: /home/embedded/ros2_ws/install/kobuki_core/include/kobuki_core/packet_handler/payload_base.hpp
[2.975s] -- Up-to-date symlink: /home/embedded/ros2_ws/install/kobuki_core/include/kobuki_core/packet_handler/payload_headers.hpp
[2.975s] -- Up-to-date symlink: /home/embedded/ros2_ws/install/kobuki_core/include/kobuki_core/packets.hpp
[2.975s] -- Up-to-date symlink: /home/embedded/ros2_ws/install/kobuki_core/include/kobuki_core/packets/cliff.hpp
[2.975s] -- Up-to-date symlink: /home/embedded/ros2_ws/install/kobuki_core/include/kobuki_core/packets/controller_info.hpp
[2.976s] -- Up-to-date symlink: /home/embedded/ros2_ws/install/kobuki_core/include/kobuki_core/packets/core_sensors.hpp
[2.976s] -- Up-to-date symlink: /home/embedded/ros2_ws/install/kobuki_core/include/kobuki_core/packets/current.hpp
[2.976s] -- Up-to-date symlink: /home/embedded/ros2_ws/install/kobuki_core/include/kobuki_core/packets/dock_ir.hpp
[2.976s] -- Up-to-date symlink: /home/embedded/ros2_ws/install/kobuki_core/include/kobuki_core/packets/eeprom.hpp
[2.976s] -- Up-to-date symlink: /home/embedded/ros2_ws/install/kobuki_core/include/kobuki_core/packets/firmware.hpp
[2.976s] -- Up-to-date symlink: /home/embedded/ros2_ws/install/kobuki_core/include/kobuki_core/packets/gp_input.hpp
[2.976s] -- Up-to-date symlink: /home/embedded/ros2_ws/install/kobuki_core/include/kobuki_core/packets/hardware.hpp
[2.976s] -- Up-to-date symlink: /home/embedded/ros2_ws/install/kobuki_core/include/kobuki_core/packets/inertia.hpp
[2.976s] -- Up-to-date symlink: /home/embedded/ros2_ws/install/kobuki_core/include/kobuki_core/packets/three_axis_gyro.hpp
[2.977s] -- Up-to-date symlink: /home/embedded/ros2_ws/install/kobuki_core/include/kobuki_core/packets/unique_device_id.hpp
[2.977s] -- Up-to-date symlink: /home/embedded/ros2_ws/install/kobuki_core/include/kobuki_core/parameters.hpp
[2.977s] -- Up-to-date symlink: /home/embedded/ros2_ws/install/kobuki_core/include/kobuki_core/version_info.hpp
[2.983s] -- Symlinking: /home/embedded/ros2_ws/install/kobuki_core/share/kobuki_core/environment/library_path.sh
[3.001s] -- Symlinking: /home/embedded/ros2_ws/install/kobuki_core/share/kobuki_core/environment/library_path.dsv
[3.060s] -- Symlinking: /home/embedded/ros2_ws/install/kobuki_core/share/ament_index/resource_index/package_run_dependencies/kobuki_core
[3.095s] -- Symlinking: /home/embedded/ros2_ws/install/kobuki_core/share/ament_index/resource_index/parent_prefix_path/kobuki_core
[3.115s] -- Symlinking: /home/embedded/ros2_ws/install/kobuki_core/share/kobuki_core/environment/ament_prefix_path.sh
[3.140s] -- Symlinking: /home/embedded/ros2_ws/install/kobuki_core/share/kobuki_core/environment/ament_prefix_path.dsv
[3.165s] -- Symlinking: /home/embedded/ros2_ws/install/kobuki_core/share/kobuki_core/environment/path.sh
[3.211s] -- Symlinking: /home/embedded/ros2_ws/install/kobuki_core/share/kobuki_core/environment/path.dsv
[3.236s] -- Symlinking: /home/embedded/ros2_ws/install/kobuki_core/share/kobuki_core/local_setup.bash
[3.275s] -- Symlinking: /home/embedded/ros2_ws/install/kobuki_core/share/kobuki_core/local_setup.sh
[3.308s] -- Symlinking: /home/embedded/ros2_ws/install/kobuki_core/share/kobuki_core/local_setup.zsh
[3.350s] -- Symlinking: /home/embedded/ros2_ws/install/kobuki_core/share/kobuki_core/local_setup.dsv
[3.376s] -- Symlinking: /home/embedded/ros2_ws/install/kobuki_core/share/kobuki_core/package.dsv
[3.423s] -- Symlinking: /home/embedded/ros2_ws/install/kobuki_core/share/ament_index/resource_index/packages/kobuki_core
[3.443s] -- Symlinking: /home/embedded/ros2_ws/install/kobuki_core/share/kobuki_core/cmake/ament_cmake_export_targets-extras.cmake
[3.473s] -- Symlinking: /home/embedded/ros2_ws/install/kobuki_core/share/kobuki_core/cmake/ament_cmake_export_dependencies-extras.cmake
[3.525s] -- Symlinking: /home/embedded/ros2_ws/install/kobuki_core/share/kobuki_core/cmake/ament_cmake_export_include_directories-extras.cmake
[3.573s] -- Symlinking: /home/embedded/ros2_ws/install/kobuki_core/share/kobuki_core/cmake/ament_cmake_export_libraries-extras.cmake
[3.603s] -- Symlinking: /home/embedded/ros2_ws/install/kobuki_core/share/kobuki_core/cmake/kobuki_coreConfig.cmake
[3.629s] -- Symlinking: /home/embedded/ros2_ws/install/kobuki_core/share/kobuki_core/cmake/kobuki_coreConfig-version.cmake
[3.662s] -- Symlinking: /home/embedded/ros2_ws/install/kobuki_core/share/kobuki_core/package.xml
[3.702s] -- Installing: /home/embedded/ros2_ws/install/kobuki_core/share/kobuki_core/cmake/kobuki_coreExport.cmake
[3.702s] -- Installing: /home/embedded/ros2_ws/install/kobuki_core/share/kobuki_core/cmake/kobuki_coreExport-noconfig.cmake
[3.702s] -- Installing: /home/embedded/ros2_ws/install/kobuki_core/lib/libkobuki_core.so.1.4.0
[3.710s] -- Set non-toolchain portion of runtime path of "/home/embedded/ros2_ws/install/kobuki_core/lib/libkobuki_core.so.1.4.0" to ""
[3.710s] -- Installing: /home/embedded/ros2_ws/install/kobuki_core/lib/libkobuki_core.so
[3.714s] Invoked command in '/home/embedded/ros2_ws/build/kobuki_core' returned '0': AMENT_PREFIX_PATH=/home/embedded/ros2_ws/install/ecl_mobile_robot:/home/embedded/ros2_ws/install/ecl_geometry:/home/embedded/ros2_ws/install/ecl_devices:/home/embedded/ros2_ws/install/ecl_sigslots:/home/embedded/ros2_ws/install/ecl_linear_algebra:/home/embedded/ros2_ws/install/ecl_containers:/home/embedded/ros2_ws/install/ecl_threads:/home/embedded/ros2_ws/install/ecl_formatters:/home/embedded/ros2_ws/install/ecl_utilities:/home/embedded/ros2_ws/install/ecl_time:/home/embedded/ros2_ws/install/ecl_converters:/home/embedded/ros2_ws/install/ecl_time_lite:/home/embedded/ros2_ws/install/ecl_math:/home/embedded/ros2_ws/install/ecl_exceptions:/home/embedded/ros2_ws/install/ecl_concepts:/home/embedded/ros2_ws/install/ecl_type_traits:/home/embedded/ros2_ws/install/ecl_errors:/home/embedded/ros2_ws/install/ecl_console:/home/embedded/ros2_ws/install/ecl_mpl:/home/embedded/ros2_ws/install/ecl_eigen:/home/embedded/ros2_ws/install/ecl_config:/home/embedded/ros2_ws/install/ecl_command_line:${AMENT_PREFIX_PATH} CMAKE_PREFIX_PATH=/home/embedded/ros2_ws/install/ecl_mobile_robot:/home/embedded/ros2_ws/install/ecl_geometry:/home/embedded/ros2_ws/install/ecl_devices:/home/embedded/ros2_ws/install/ecl_sigslots:/home/embedded/ros2_ws/install/ecl_linear_algebra:/home/embedded/ros2_ws/install/ecl_containers:/home/embedded/ros2_ws/install/ecl_threads:/home/embedded/ros2_ws/install/ecl_formatters:/home/embedded/ros2_ws/install/ecl_utilities:/home/embedded/ros2_ws/install/ecl_time:/home/embedded/ros2_ws/install/ecl_converters:/home/embedded/ros2_ws/install/ecl_time_lite:/home/embedded/ros2_ws/install/ecl_math:/home/embedded/ros2_ws/install/ecl_exceptions:/home/embedded/ros2_ws/install/ecl_concepts:/home/embedded/ros2_ws/install/ecl_type_traits:/home/embedded/ros2_ws/install/ecl_errors:/home/embedded/ros2_ws/install/ecl_console:/home/embedded/ros2_ws/install/ecl_mpl:/home/embedded/ros2_ws/install/ecl_eigen:/home/embedded/ros2_ws/install/ecl_config:/home/embedded/ros2_ws/install/ecl_command_line:/opt/ros/jazzy/opt/gz_sim_vendor:/opt/ros/jazzy/opt/gz_sensors_vendor:/opt/ros/jazzy/opt/gz_physics_vendor:/opt/ros/jazzy/opt/sdformat_vendor:/opt/ros/jazzy/opt/gz_gui_vendor:/opt/ros/jazzy/opt/gz_transport_vendor:/opt/ros/jazzy/opt/gz_rendering_vendor:/opt/ros/jazzy/opt/gz_plugin_vendor:/opt/ros/jazzy/opt/gz_fuel_tools_vendor:/opt/ros/jazzy/opt/gz_msgs_vendor:/opt/ros/jazzy/opt/gz_common_vendor:/opt/ros/jazzy/opt/gz_tools_vendor:/opt/ros/jazzy/opt/gz_ogre_next_vendor:/opt/ros/jazzy/opt/gz_dartsim_vendor:/opt/ros/jazzy/opt/gz_math_vendor:/opt/ros/jazzy/opt/gz_utils_vendor:/opt/ros/jazzy/opt/gz_cmake_vendor:/opt/ros/jazzy LD_LIBRARY_PATH=/home/embedded/ros2_ws/install/ecl_mobile_robot/lib:/home/embedded/ros2_ws/install/ecl_geometry/lib:/home/embedded/ros2_ws/install/ecl_devices/lib:/home/embedded/ros2_ws/install/ecl_linear_algebra/lib:/home/embedded/ros2_ws/install/ecl_threads/lib:/home/embedded/ros2_ws/install/ecl_formatters/lib:/home/embedded/ros2_ws/install/ecl_time/lib:/home/embedded/ros2_ws/install/ecl_time_lite/lib:/home/embedded/ros2_ws/install/ecl_exceptions/lib:/home/embedded/ros2_ws/install/ecl_type_traits/lib:/home/embedded/ros2_ws/install/ecl_errors/lib:${LD_LIBRARY_PATH} PATH=/home/embedded/ros2_ws/install/ecl_type_traits/bin:/home/embedded/ros2_ws/install/ecl_config/bin:${PATH} /usr/bin/cmake --install /home/embedded/ros2_ws/build/kobuki_core
