[0.050s] Invoking command in '/home/embedded/ros2_ws/build/kinect2_bridge': /usr/bin/cmake /home/embedded/ros2_ws/src/kinect2_bridge -DCMAKE_INSTALL_PREFIX=/home/embedded/ros2_ws/install/kinect2_bridge
[0.148s] [31mCMake Error at CMakeLists.txt:9 (find_package):
[0.149s]   By not providing "Findament_cmake.cmake" in CMAKE_MODULE_PATH this project
[0.149s]   has asked CMake to find a package configuration file provided by
[0.149s]   "ament_cmake", but CMake did not find one.
[0.149s] 
[0.149s]   Could not find a package configuration file provided by "ament_cmake" with
[0.149s]   any of the following names:
[0.149s] 
[0.149s]     ament_cmakeConfig.cmake
[0.149s]     ament_cmake-config.cmake
[0.149s] 
[0.150s]   Add the installation prefix of "ament_cmake" to CMAKE_PREFIX_PATH or set
[0.150s]   "ament_cmake_DIR" to a directory containing one of the above files.  If
[0.150s]   "ament_cmake" provides a separate development package or SDK, be sure it
[0.150s]   has been installed.
[0.150s] 
[0.150s] [0m
[0.150s] -- Configuring incomplete, errors occurred!
[0.155s] Invoked command in '/home/embedded/ros2_ws/build/kinect2_bridge' returned '1': /usr/bin/cmake /home/embedded/ros2_ws/src/kinect2_bridge -DCMAKE_INSTALL_PREFIX=/home/embedded/ros2_ws/install/kinect2_bridge
