[0.252s] Invoking command in '/home/embedded/ros2_ws/build/ecl_math': AMENT_PREFIX_PATH=/home/embedded/ros2_ws/install/ecl_type_traits:/home/embedded/ros2_ws/install/ecl_mpl:/home/embedded/ros2_ws/install/ecl_config:${AMENT_PREFIX_PATH} CMAKE_PREFIX_PATH=/home/embedded/ros2_ws/install/ecl_type_traits:/home/embedded/ros2_ws/install/ecl_mpl:/home/embedded/ros2_ws/install/ecl_config:/opt/ros/jazzy/opt/gz_sim_vendor:/opt/ros/jazzy/opt/gz_sensors_vendor:/opt/ros/jazzy/opt/gz_physics_vendor:/opt/ros/jazzy/opt/sdformat_vendor:/opt/ros/jazzy/opt/gz_gui_vendor:/opt/ros/jazzy/opt/gz_transport_vendor:/opt/ros/jazzy/opt/gz_rendering_vendor:/opt/ros/jazzy/opt/gz_plugin_vendor:/opt/ros/jazzy/opt/gz_fuel_tools_vendor:/opt/ros/jazzy/opt/gz_msgs_vendor:/opt/ros/jazzy/opt/gz_common_vendor:/opt/ros/jazzy/opt/gz_tools_vendor:/opt/ros/jazzy/opt/gz_ogre_next_vendor:/opt/ros/jazzy/opt/gz_dartsim_vendor:/opt/ros/jazzy/opt/gz_math_vendor:/opt/ros/jazzy/opt/gz_utils_vendor:/opt/ros/jazzy/opt/gz_cmake_vendor:/opt/ros/jazzy LD_LIBRARY_PATH=/home/embedded/ros2_ws/install/ecl_type_traits/lib:${LD_LIBRARY_PATH} PATH=/home/embedded/ros2_ws/install/ecl_type_traits/bin:/home/embedded/ros2_ws/install/ecl_config/bin:${PATH} /usr/bin/cmake --build /home/embedded/ros2_ws/build/ecl_math -- -j4 -l4
[0.373s] [ 16%] Built target gtest_main
[0.390s] [ 33%] Built target gtest
[0.491s] [ 50%] Built target ecl_test_constants
[0.496s] [ 66%] Built target ecl_test_simple
[0.517s] [ 83%] Built target ecl_test_norms
[0.518s] [100%] Built target ecl_test_fuzzy
[0.558s] Invoked command in '/home/embedded/ros2_ws/build/ecl_math' returned '0': AMENT_PREFIX_PATH=/home/embedded/ros2_ws/install/ecl_type_traits:/home/embedded/ros2_ws/install/ecl_mpl:/home/embedded/ros2_ws/install/ecl_config:${AMENT_PREFIX_PATH} CMAKE_PREFIX_PATH=/home/embedded/ros2_ws/install/ecl_type_traits:/home/embedded/ros2_ws/install/ecl_mpl:/home/embedded/ros2_ws/install/ecl_config:/opt/ros/jazzy/opt/gz_sim_vendor:/opt/ros/jazzy/opt/gz_sensors_vendor:/opt/ros/jazzy/opt/gz_physics_vendor:/opt/ros/jazzy/opt/sdformat_vendor:/opt/ros/jazzy/opt/gz_gui_vendor:/opt/ros/jazzy/opt/gz_transport_vendor:/opt/ros/jazzy/opt/gz_rendering_vendor:/opt/ros/jazzy/opt/gz_plugin_vendor:/opt/ros/jazzy/opt/gz_fuel_tools_vendor:/opt/ros/jazzy/opt/gz_msgs_vendor:/opt/ros/jazzy/opt/gz_common_vendor:/opt/ros/jazzy/opt/gz_tools_vendor:/opt/ros/jazzy/opt/gz_ogre_next_vendor:/opt/ros/jazzy/opt/gz_dartsim_vendor:/opt/ros/jazzy/opt/gz_math_vendor:/opt/ros/jazzy/opt/gz_utils_vendor:/opt/ros/jazzy/opt/gz_cmake_vendor:/opt/ros/jazzy LD_LIBRARY_PATH=/home/embedded/ros2_ws/install/ecl_type_traits/lib:${LD_LIBRARY_PATH} PATH=/home/embedded/ros2_ws/install/ecl_type_traits/bin:/home/embedded/ros2_ws/install/ecl_config/bin:${PATH} /usr/bin/cmake --build /home/embedded/ros2_ws/build/ecl_math -- -j4 -l4
[0.562s] Invoking command in '/home/embedded/ros2_ws/build/ecl_math': AMENT_PREFIX_PATH=/home/embedded/ros2_ws/install/ecl_type_traits:/home/embedded/ros2_ws/install/ecl_mpl:/home/embedded/ros2_ws/install/ecl_config:${AMENT_PREFIX_PATH} CMAKE_PREFIX_PATH=/home/embedded/ros2_ws/install/ecl_type_traits:/home/embedded/ros2_ws/install/ecl_mpl:/home/embedded/ros2_ws/install/ecl_config:/opt/ros/jazzy/opt/gz_sim_vendor:/opt/ros/jazzy/opt/gz_sensors_vendor:/opt/ros/jazzy/opt/gz_physics_vendor:/opt/ros/jazzy/opt/sdformat_vendor:/opt/ros/jazzy/opt/gz_gui_vendor:/opt/ros/jazzy/opt/gz_transport_vendor:/opt/ros/jazzy/opt/gz_rendering_vendor:/opt/ros/jazzy/opt/gz_plugin_vendor:/opt/ros/jazzy/opt/gz_fuel_tools_vendor:/opt/ros/jazzy/opt/gz_msgs_vendor:/opt/ros/jazzy/opt/gz_common_vendor:/opt/ros/jazzy/opt/gz_tools_vendor:/opt/ros/jazzy/opt/gz_ogre_next_vendor:/opt/ros/jazzy/opt/gz_dartsim_vendor:/opt/ros/jazzy/opt/gz_math_vendor:/opt/ros/jazzy/opt/gz_utils_vendor:/opt/ros/jazzy/opt/gz_cmake_vendor:/opt/ros/jazzy LD_LIBRARY_PATH=/home/embedded/ros2_ws/install/ecl_type_traits/lib:${LD_LIBRARY_PATH} PATH=/home/embedded/ros2_ws/install/ecl_type_traits/bin:/home/embedded/ros2_ws/install/ecl_config/bin:${PATH} /usr/bin/cmake --install /home/embedded/ros2_ws/build/ecl_math
[0.589s] -- Install configuration: ""
[0.591s] -- Execute custom install script
[0.592s] -- Up-to-date symlink: /home/embedded/ros2_ws/install/ecl_math/include/ecl/math/constants.hpp
[0.593s] -- Up-to-date symlink: /home/embedded/ros2_ws/install/ecl_math/include/ecl/math/fuzzy.hpp
[0.595s] -- Up-to-date symlink: /home/embedded/ros2_ws/install/ecl_math/include/ecl/math/norms.hpp
[0.595s] -- Up-to-date symlink: /home/embedded/ros2_ws/install/ecl_math/include/ecl/math/simple.hpp
[0.595s] -- Up-to-date symlink: /home/embedded/ros2_ws/install/ecl_math/include/ecl/math.hpp
[0.596s] -- Up-to-date symlink: /home/embedded/ros2_ws/install/ecl_math/share/ament_index/resource_index/package_run_dependencies/ecl_math
[0.596s] -- Up-to-date symlink: /home/embedded/ros2_ws/install/ecl_math/share/ament_index/resource_index/parent_prefix_path/ecl_math
[0.596s] -- Up-to-date symlink: /home/embedded/ros2_ws/install/ecl_math/share/ecl_math/environment/ament_prefix_path.sh
[0.598s] -- Up-to-date symlink: /home/embedded/ros2_ws/install/ecl_math/share/ecl_math/environment/ament_prefix_path.dsv
[0.598s] -- Up-to-date symlink: /home/embedded/ros2_ws/install/ecl_math/share/ecl_math/environment/path.sh
[0.599s] -- Up-to-date symlink: /home/embedded/ros2_ws/install/ecl_math/share/ecl_math/environment/path.dsv
[0.599s] -- Up-to-date symlink: /home/embedded/ros2_ws/install/ecl_math/share/ecl_math/local_setup.bash
[0.599s] -- Up-to-date symlink: /home/embedded/ros2_ws/install/ecl_math/share/ecl_math/local_setup.sh
[0.599s] -- Up-to-date symlink: /home/embedded/ros2_ws/install/ecl_math/share/ecl_math/local_setup.zsh
[0.599s] -- Up-to-date symlink: /home/embedded/ros2_ws/install/ecl_math/share/ecl_math/local_setup.dsv
[0.599s] -- Symlinking: /home/embedded/ros2_ws/install/ecl_math/share/ecl_math/package.dsv
[0.635s] -- Up-to-date symlink: /home/embedded/ros2_ws/install/ecl_math/share/ament_index/resource_index/packages/ecl_math
[0.637s] -- Up-to-date symlink: /home/embedded/ros2_ws/install/ecl_math/share/ecl_math/cmake/ament_cmake_export_targets-extras.cmake
[0.638s] -- Up-to-date symlink: /home/embedded/ros2_ws/install/ecl_math/share/ecl_math/cmake/ament_cmake_export_include_directories-extras.cmake
[0.640s] -- Up-to-date symlink: /home/embedded/ros2_ws/install/ecl_math/share/ecl_math/cmake/ament_cmake_export_dependencies-extras.cmake
[0.642s] -- Up-to-date symlink: /home/embedded/ros2_ws/install/ecl_math/share/ecl_math/cmake/ecl_mathConfig.cmake
[0.642s] -- Up-to-date symlink: /home/embedded/ros2_ws/install/ecl_math/share/ecl_math/cmake/ecl_mathConfig-version.cmake
[0.642s] -- Up-to-date symlink: /home/embedded/ros2_ws/install/ecl_math/share/ecl_math/package.xml
[0.642s] -- Up-to-date: /home/embedded/ros2_ws/install/ecl_math/share/ecl_math/cmake/ecl_mathExport.cmake
[0.685s] Invoked command in '/home/embedded/ros2_ws/build/ecl_math' returned '0': AMENT_PREFIX_PATH=/home/embedded/ros2_ws/install/ecl_type_traits:/home/embedded/ros2_ws/install/ecl_mpl:/home/embedded/ros2_ws/install/ecl_config:${AMENT_PREFIX_PATH} CMAKE_PREFIX_PATH=/home/embedded/ros2_ws/install/ecl_type_traits:/home/embedded/ros2_ws/install/ecl_mpl:/home/embedded/ros2_ws/install/ecl_config:/opt/ros/jazzy/opt/gz_sim_vendor:/opt/ros/jazzy/opt/gz_sensors_vendor:/opt/ros/jazzy/opt/gz_physics_vendor:/opt/ros/jazzy/opt/sdformat_vendor:/opt/ros/jazzy/opt/gz_gui_vendor:/opt/ros/jazzy/opt/gz_transport_vendor:/opt/ros/jazzy/opt/gz_rendering_vendor:/opt/ros/jazzy/opt/gz_plugin_vendor:/opt/ros/jazzy/opt/gz_fuel_tools_vendor:/opt/ros/jazzy/opt/gz_msgs_vendor:/opt/ros/jazzy/opt/gz_common_vendor:/opt/ros/jazzy/opt/gz_tools_vendor:/opt/ros/jazzy/opt/gz_ogre_next_vendor:/opt/ros/jazzy/opt/gz_dartsim_vendor:/opt/ros/jazzy/opt/gz_math_vendor:/opt/ros/jazzy/opt/gz_utils_vendor:/opt/ros/jazzy/opt/gz_cmake_vendor:/opt/ros/jazzy LD_LIBRARY_PATH=/home/embedded/ros2_ws/install/ecl_type_traits/lib:${LD_LIBRARY_PATH} PATH=/home/embedded/ros2_ws/install/ecl_type_traits/bin:/home/embedded/ros2_ws/install/ecl_config/bin:${PATH} /usr/bin/cmake --install /home/embedded/ros2_ws/build/ecl_math
