[0.030s] Invoking command in '/home/embedded/ros2_ws/build/kobuki_ros_interfaces': CMAKE_PREFIX_PATH=${CMAKE_PREFIX_PATH}:/opt/ros/jazzy /usr/bin/cmake --build /home/embedded/ros2_ws/build/kobuki_ros_interfaces -- -j4 -l4
[0.249s] [  1%] Built target kobuki_ros_interfaces__rosidl_generator_type_description
[0.319s] [  1%] Built target ament_cmake_python_symlink_kobuki_ros_interfaces
[0.340s] [  1%] Built target kobuki_ros_interfaces__cpp
[0.398s] [ 29%] Built target kobuki_ros_interfaces__rosidl_generator_c
[0.533s] [ 38%] Built target kobuki_ros_interfaces__rosidl_typesupport_cpp
[0.555s] [ 48%] Built target kobuki_ros_interfaces__rosidl_typesupport_fastrtps_cpp
[0.575s] [ 58%] Built target kobuki_ros_interfaces__rosidl_typesupport_fastrtps_c
[0.646s] [ 68%] Built target kobuki_ros_interfaces__rosidl_typesupport_introspection_c
[0.676s] [ 78%] Built target kobuki_ros_interfaces__rosidl_typesupport_c
[0.697s] [ 88%] Built target kobuki_ros_interfaces__rosidl_typesupport_introspection_cpp
[0.753s] [ 88%] Built target kobuki_ros_interfaces
[0.824s] [ 88%] Built target kobuki_ros_interfaces__py
[0.938s] [ 97%] Built target kobuki_ros_interfaces__rosidl_generator_py
[1.065s] [ 98%] Built target kobuki_ros_interfaces_s__rosidl_typesupport_fastrtps_c
[1.089s] [100%] Built target kobuki_ros_interfaces_s__rosidl_typesupport_c
[1.089s] [100%] Built target kobuki_ros_interfaces_s__rosidl_typesupport_introspection_c
[1.089s] running egg_info
[1.176s] writing kobuki_ros_interfaces.egg-info/PKG-INFO
[1.177s] writing dependency_links to kobuki_ros_interfaces.egg-info/dependency_links.txt
[1.179s] writing top-level names to kobuki_ros_interfaces.egg-info/top_level.txt
[1.425s] reading manifest file 'kobuki_ros_interfaces.egg-info/SOURCES.txt'
[1.427s] writing manifest file 'kobuki_ros_interfaces.egg-info/SOURCES.txt'
[1.587s] [100%] Built target ament_cmake_python_build_kobuki_ros_interfaces_egg
[1.666s] Invoked command in '/home/embedded/ros2_ws/build/kobuki_ros_interfaces' returned '0': CMAKE_PREFIX_PATH=${CMAKE_PREFIX_PATH}:/opt/ros/jazzy /usr/bin/cmake --build /home/embedded/ros2_ws/build/kobuki_ros_interfaces -- -j4 -l4
[1.667s] Invoking command in '/home/embedded/ros2_ws/build/kobuki_ros_interfaces': CMAKE_PREFIX_PATH=${CMAKE_PREFIX_PATH}:/opt/ros/jazzy /usr/bin/cmake --install /home/embedded/ros2_ws/build/kobuki_ros_interfaces
[1.684s] -- Install configuration: ""
[1.685s] -- Execute custom install script
[1.685s] -- Up-to-date symlink: /home/embedded/ros2_ws/install/kobuki_ros_interfaces/share/ament_index/resource_index/rosidl_interfaces/kobuki_ros_interfaces
[1.686s] -- Up-to-date symlink: /home/embedded/ros2_ws/install/kobuki_ros_interfaces/share/kobuki_ros_interfaces/msg/BumperEvent.json
[1.686s] -- Up-to-date symlink: /home/embedded/ros2_ws/install/kobuki_ros_interfaces/share/kobuki_ros_interfaces/msg/CliffEvent.json
[1.686s] -- Up-to-date symlink: /home/embedded/ros2_ws/install/kobuki_ros_interfaces/share/kobuki_ros_interfaces/msg/DigitalOutput.json
[1.687s] -- Up-to-date symlink: /home/embedded/ros2_ws/install/kobuki_ros_interfaces/share/kobuki_ros_interfaces/msg/ExternalPower.json
[1.687s] -- Up-to-date symlink: /home/embedded/ros2_ws/install/kobuki_ros_interfaces/share/kobuki_ros_interfaces/msg/Led.json
[1.687s] -- Up-to-date symlink: /home/embedded/ros2_ws/install/kobuki_ros_interfaces/share/kobuki_ros_interfaces/msg/PowerSystemEvent.json
[1.688s] -- Up-to-date symlink: /home/embedded/ros2_ws/install/kobuki_ros_interfaces/share/kobuki_ros_interfaces/msg/SensorState.json
[1.688s] -- Up-to-date symlink: /home/embedded/ros2_ws/install/kobuki_ros_interfaces/share/kobuki_ros_interfaces/msg/VersionInfo.json
[1.688s] -- Up-to-date symlink: /home/embedded/ros2_ws/install/kobuki_ros_interfaces/share/kobuki_ros_interfaces/msg/ControllerInfo.json
[1.688s] -- Up-to-date symlink: /home/embedded/ros2_ws/install/kobuki_ros_interfaces/share/kobuki_ros_interfaces/msg/ButtonEvent.json
[1.689s] -- Up-to-date symlink: /home/embedded/ros2_ws/install/kobuki_ros_interfaces/share/kobuki_ros_interfaces/msg/DigitalInputEvent.json
[1.690s] -- Up-to-date symlink: /home/embedded/ros2_ws/install/kobuki_ros_interfaces/share/kobuki_ros_interfaces/msg/DockInfraRed.json
[1.691s] -- Up-to-date symlink: /home/embedded/ros2_ws/install/kobuki_ros_interfaces/share/kobuki_ros_interfaces/msg/KeyboardInput.json
[1.691s] -- Up-to-date symlink: /home/embedded/ros2_ws/install/kobuki_ros_interfaces/share/kobuki_ros_interfaces/msg/MotorPower.json
[1.691s] -- Up-to-date symlink: /home/embedded/ros2_ws/install/kobuki_ros_interfaces/share/kobuki_ros_interfaces/msg/RobotStateEvent.json
[1.691s] -- Up-to-date symlink: /home/embedded/ros2_ws/install/kobuki_ros_interfaces/share/kobuki_ros_interfaces/msg/Sound.json
[1.692s] -- Up-to-date symlink: /home/embedded/ros2_ws/install/kobuki_ros_interfaces/share/kobuki_ros_interfaces/msg/ScanAngle.json
[1.692s] -- Up-to-date symlink: /home/embedded/ros2_ws/install/kobuki_ros_interfaces/share/kobuki_ros_interfaces/msg/WheelDropEvent.json
[1.692s] -- Up-to-date symlink: /home/embedded/ros2_ws/install/kobuki_ros_interfaces/share/kobuki_ros_interfaces/action/AutoDocking.json
[1.694s] -- Up-to-date symlink: /home/embedded/ros2_ws/install/kobuki_ros_interfaces/include/kobuki_ros_interfaces/kobuki_ros_interfaces/action/auto_docking.h
[1.695s] -- Up-to-date symlink: /home/embedded/ros2_ws/install/kobuki_ros_interfaces/include/kobuki_ros_interfaces/kobuki_ros_interfaces/action/detail/auto_docking__functions.h
[1.695s] -- Up-to-date symlink: /home/embedded/ros2_ws/install/kobuki_ros_interfaces/include/kobuki_ros_interfaces/kobuki_ros_interfaces/action/detail/auto_docking__struct.h
[1.695s] -- Up-to-date symlink: /home/embedded/ros2_ws/install/kobuki_ros_interfaces/include/kobuki_ros_interfaces/kobuki_ros_interfaces/action/detail/auto_docking__type_support.h
[1.695s] -- Up-to-date symlink: /home/embedded/ros2_ws/install/kobuki_ros_interfaces/include/kobuki_ros_interfaces/kobuki_ros_interfaces/msg/bumper_event.h
[1.695s] -- Up-to-date symlink: /home/embedded/ros2_ws/install/kobuki_ros_interfaces/include/kobuki_ros_interfaces/kobuki_ros_interfaces/msg/button_event.h
[1.696s] -- Up-to-date symlink: /home/embedded/ros2_ws/install/kobuki_ros_interfaces/include/kobuki_ros_interfaces/kobuki_ros_interfaces/msg/cliff_event.h
[1.696s] -- Up-to-date symlink: /home/embedded/ros2_ws/install/kobuki_ros_interfaces/include/kobuki_ros_interfaces/kobuki_ros_interfaces/msg/controller_info.h
[1.696s] -- Up-to-date symlink: /home/embedded/ros2_ws/install/kobuki_ros_interfaces/include/kobuki_ros_interfaces/kobuki_ros_interfaces/msg/detail/bumper_event__functions.h
[1.700s] -- Up-to-date symlink: /home/embedded/ros2_ws/install/kobuki_ros_interfaces/include/kobuki_ros_interfaces/kobuki_ros_interfaces/msg/detail/bumper_event__struct.h
[1.701s] -- Up-to-date symlink: /home/embedded/ros2_ws/install/kobuki_ros_interfaces/include/kobuki_ros_interfaces/kobuki_ros_interfaces/msg/detail/bumper_event__type_support.h
[1.701s] -- Up-to-date symlink: /home/embedded/ros2_ws/install/kobuki_ros_interfaces/include/kobuki_ros_interfaces/kobuki_ros_interfaces/msg/detail/button_event__functions.h
[1.701s] -- Up-to-date symlink: /home/embedded/ros2_ws/install/kobuki_ros_interfaces/include/kobuki_ros_interfaces/kobuki_ros_interfaces/msg/detail/button_event__struct.h
[1.701s] -- Up-to-date symlink: /home/embedded/ros2_ws/install/kobuki_ros_interfaces/include/kobuki_ros_interfaces/kobuki_ros_interfaces/msg/detail/button_event__type_support.h
[1.702s] -- Up-to-date symlink: /home/embedded/ros2_ws/install/kobuki_ros_interfaces/include/kobuki_ros_interfaces/kobuki_ros_interfaces/msg/detail/cliff_event__functions.h
[1.702s] -- Up-to-date symlink: /home/embedded/ros2_ws/install/kobuki_ros_interfaces/include/kobuki_ros_interfaces/kobuki_ros_interfaces/msg/detail/cliff_event__struct.h
[1.702s] -- Up-to-date symlink: /home/embedded/ros2_ws/install/kobuki_ros_interfaces/include/kobuki_ros_interfaces/kobuki_ros_interfaces/msg/detail/cliff_event__type_support.h
[1.703s] -- Up-to-date symlink: /home/embedded/ros2_ws/install/kobuki_ros_interfaces/include/kobuki_ros_interfaces/kobuki_ros_interfaces/msg/detail/controller_info__functions.h
[1.704s] -- Up-to-date symlink: /home/embedded/ros2_ws/install/kobuki_ros_interfaces/include/kobuki_ros_interfaces/kobuki_ros_interfaces/msg/detail/controller_info__struct.h
[1.704s] -- Up-to-date symlink: /home/embedded/ros2_ws/install/kobuki_ros_interfaces/include/kobuki_ros_interfaces/kobuki_ros_interfaces/msg/detail/controller_info__type_support.h
[1.704s] -- Up-to-date symlink: /home/embedded/ros2_ws/install/kobuki_ros_interfaces/include/kobuki_ros_interfaces/kobuki_ros_interfaces/msg/detail/digital_input_event__functions.h
[1.704s] -- Up-to-date symlink: /home/embedded/ros2_ws/install/kobuki_ros_interfaces/include/kobuki_ros_interfaces/kobuki_ros_interfaces/msg/detail/digital_input_event__struct.h
[1.704s] -- Up-to-date symlink: /home/embedded/ros2_ws/install/kobuki_ros_interfaces/include/kobuki_ros_interfaces/kobuki_ros_interfaces/msg/detail/digital_input_event__type_support.h
[1.704s] -- Up-to-date symlink: /home/embedded/ros2_ws/install/kobuki_ros_interfaces/include/kobuki_ros_interfaces/kobuki_ros_interfaces/msg/detail/digital_output__functions.h
[1.705s] -- Up-to-date symlink: /home/embedded/ros2_ws/install/kobuki_ros_interfaces/include/kobuki_ros_interfaces/kobuki_ros_interfaces/msg/detail/digital_output__struct.h
[1.707s] -- Up-to-date symlink: /home/embedded/ros2_ws/install/kobuki_ros_interfaces/include/kobuki_ros_interfaces/kobuki_ros_interfaces/msg/detail/digital_output__type_support.h
[1.708s] -- Up-to-date symlink: /home/embedded/ros2_ws/install/kobuki_ros_interfaces/include/kobuki_ros_interfaces/kobuki_ros_interfaces/msg/detail/dock_infra_red__functions.h
[1.709s] -- Up-to-date symlink: /home/embedded/ros2_ws/install/kobuki_ros_interfaces/include/kobuki_ros_interfaces/kobuki_ros_interfaces/msg/detail/dock_infra_red__struct.h
[1.709s] -- Up-to-date symlink: /home/embedded/ros2_ws/install/kobuki_ros_interfaces/include/kobuki_ros_interfaces/kobuki_ros_interfaces/msg/detail/dock_infra_red__type_support.h
[1.710s] -- Up-to-date symlink: /home/embedded/ros2_ws/install/kobuki_ros_interfaces/include/kobuki_ros_interfaces/kobuki_ros_interfaces/msg/detail/external_power__functions.h
[1.710s] -- Up-to-date symlink: /home/embedded/ros2_ws/install/kobuki_ros_interfaces/include/kobuki_ros_interfaces/kobuki_ros_interfaces/msg/detail/external_power__struct.h
[1.711s] -- Up-to-date symlink: /home/embedded/ros2_ws/install/kobuki_ros_interfaces/include/kobuki_ros_interfaces/kobuki_ros_interfaces/msg/detail/external_power__type_support.h
[1.711s] -- Up-to-date symlink: /home/embedded/ros2_ws/install/kobuki_ros_interfaces/include/kobuki_ros_interfaces/kobuki_ros_interfaces/msg/detail/keyboard_input__functions.h
[1.711s] -- Up-to-date symlink: /home/embedded/ros2_ws/install/kobuki_ros_interfaces/include/kobuki_ros_interfaces/kobuki_ros_interfaces/msg/detail/keyboard_input__struct.h
[1.713s] -- Up-to-date symlink: /home/embedded/ros2_ws/install/kobuki_ros_interfaces/include/kobuki_ros_interfaces/kobuki_ros_interfaces/msg/detail/keyboard_input__type_support.h
[1.713s] -- Up-to-date symlink: /home/embedded/ros2_ws/install/kobuki_ros_interfaces/include/kobuki_ros_interfaces/kobuki_ros_interfaces/msg/detail/led__functions.h
[1.714s] -- Up-to-date symlink: /home/embedded/ros2_ws/install/kobuki_ros_interfaces/include/kobuki_ros_interfaces/kobuki_ros_interfaces/msg/detail/led__struct.h
[1.714s] -- Up-to-date symlink: /home/embedded/ros2_ws/install/kobuki_ros_interfaces/include/kobuki_ros_interfaces/kobuki_ros_interfaces/msg/detail/led__type_support.h
[1.714s] -- Up-to-date symlink: /home/embedded/ros2_ws/install/kobuki_ros_interfaces/include/kobuki_ros_interfaces/kobuki_ros_interfaces/msg/detail/motor_power__functions.h
[1.714s] -- Up-to-date symlink: /home/embedded/ros2_ws/install/kobuki_ros_interfaces/include/kobuki_ros_interfaces/kobuki_ros_interfaces/msg/detail/motor_power__struct.h
[1.715s] -- Up-to-date symlink: /home/embedded/ros2_ws/install/kobuki_ros_interfaces/include/kobuki_ros_interfaces/kobuki_ros_interfaces/msg/detail/motor_power__type_support.h
[1.715s] -- Up-to-date symlink: /home/embedded/ros2_ws/install/kobuki_ros_interfaces/include/kobuki_ros_interfaces/kobuki_ros_interfaces/msg/detail/power_system_event__functions.h
[1.717s] -- Up-to-date symlink: /home/embedded/ros2_ws/install/kobuki_ros_interfaces/include/kobuki_ros_interfaces/kobuki_ros_interfaces/msg/detail/power_system_event__struct.h
[1.718s] -- Up-to-date symlink: /home/embedded/ros2_ws/install/kobuki_ros_interfaces/include/kobuki_ros_interfaces/kobuki_ros_interfaces/msg/detail/power_system_event__type_support.h
[1.720s] -- Up-to-date symlink: /home/embedded/ros2_ws/install/kobuki_ros_interfaces/include/kobuki_ros_interfaces/kobuki_ros_interfaces/msg/detail/robot_state_event__functions.h
[1.720s] -- Up-to-date symlink: /home/embedded/ros2_ws/install/kobuki_ros_interfaces/include/kobuki_ros_interfaces/kobuki_ros_interfaces/msg/detail/robot_state_event__struct.h
[1.720s] -- Up-to-date symlink: /home/embedded/ros2_ws/install/kobuki_ros_interfaces/include/kobuki_ros_interfaces/kobuki_ros_interfaces/msg/detail/robot_state_event__type_support.h
[1.721s] -- Up-to-date symlink: /home/embedded/ros2_ws/install/kobuki_ros_interfaces/include/kobuki_ros_interfaces/kobuki_ros_interfaces/msg/detail/scan_angle__functions.h
[1.721s] -- Up-to-date symlink: /home/embedded/ros2_ws/install/kobuki_ros_interfaces/include/kobuki_ros_interfaces/kobuki_ros_interfaces/msg/detail/scan_angle__struct.h
[1.721s] -- Up-to-date symlink: /home/embedded/ros2_ws/install/kobuki_ros_interfaces/include/kobuki_ros_interfaces/kobuki_ros_interfaces/msg/detail/scan_angle__type_support.h
[1.721s] -- Up-to-date symlink: /home/embedded/ros2_ws/install/kobuki_ros_interfaces/include/kobuki_ros_interfaces/kobuki_ros_interfaces/msg/detail/sensor_state__functions.h
[1.721s] -- Up-to-date symlink: /home/embedded/ros2_ws/install/kobuki_ros_interfaces/include/kobuki_ros_interfaces/kobuki_ros_interfaces/msg/detail/sensor_state__struct.h
[1.721s] -- Up-to-date symlink: /home/embedded/ros2_ws/install/kobuki_ros_interfaces/include/kobuki_ros_interfaces/kobuki_ros_interfaces/msg/detail/sensor_state__type_support.h
[1.721s] -- Up-to-date symlink: /home/embedded/ros2_ws/install/kobuki_ros_interfaces/include/kobuki_ros_interfaces/kobuki_ros_interfaces/msg/detail/sound__functions.h
[1.722s] -- Up-to-date symlink: /home/embedded/ros2_ws/install/kobuki_ros_interfaces/include/kobuki_ros_interfaces/kobuki_ros_interfaces/msg/detail/sound__struct.h
[1.722s] -- Up-to-date symlink: /home/embedded/ros2_ws/install/kobuki_ros_interfaces/include/kobuki_ros_interfaces/kobuki_ros_interfaces/msg/detail/sound__type_support.h
[1.723s] -- Up-to-date symlink: /home/embedded/ros2_ws/install/kobuki_ros_interfaces/include/kobuki_ros_interfaces/kobuki_ros_interfaces/msg/detail/version_info__functions.h
[1.723s] -- Up-to-date symlink: /home/embedded/ros2_ws/install/kobuki_ros_interfaces/include/kobuki_ros_interfaces/kobuki_ros_interfaces/msg/detail/version_info__struct.h
[1.724s] -- Up-to-date symlink: /home/embedded/ros2_ws/install/kobuki_ros_interfaces/include/kobuki_ros_interfaces/kobuki_ros_interfaces/msg/detail/version_info__type_support.h
[1.724s] -- Up-to-date symlink: /home/embedded/ros2_ws/install/kobuki_ros_interfaces/include/kobuki_ros_interfaces/kobuki_ros_interfaces/msg/detail/wheel_drop_event__functions.h
[1.724s] -- Up-to-date symlink: /home/embedded/ros2_ws/install/kobuki_ros_interfaces/include/kobuki_ros_interfaces/kobuki_ros_interfaces/msg/detail/wheel_drop_event__struct.h
[1.725s] -- Up-to-date symlink: /home/embedded/ros2_ws/install/kobuki_ros_interfaces/include/kobuki_ros_interfaces/kobuki_ros_interfaces/msg/detail/wheel_drop_event__type_support.h
[1.725s] -- Up-to-date symlink: /home/embedded/ros2_ws/install/kobuki_ros_interfaces/include/kobuki_ros_interfaces/kobuki_ros_interfaces/msg/digital_input_event.h
[1.726s] -- Up-to-date symlink: /home/embedded/ros2_ws/install/kobuki_ros_interfaces/include/kobuki_ros_interfaces/kobuki_ros_interfaces/msg/digital_output.h
[1.726s] -- Up-to-date symlink: /home/embedded/ros2_ws/install/kobuki_ros_interfaces/include/kobuki_ros_interfaces/kobuki_ros_interfaces/msg/dock_infra_red.h
[1.727s] -- Up-to-date symlink: /home/embedded/ros2_ws/install/kobuki_ros_interfaces/include/kobuki_ros_interfaces/kobuki_ros_interfaces/msg/external_power.h
[1.727s] -- Up-to-date symlink: /home/embedded/ros2_ws/install/kobuki_ros_interfaces/include/kobuki_ros_interfaces/kobuki_ros_interfaces/msg/keyboard_input.h
[1.729s] -- Up-to-date symlink: /home/embedded/ros2_ws/install/kobuki_ros_interfaces/include/kobuki_ros_interfaces/kobuki_ros_interfaces/msg/led.h
[1.729s] -- Up-to-date symlink: /home/embedded/ros2_ws/install/kobuki_ros_interfaces/include/kobuki_ros_interfaces/kobuki_ros_interfaces/msg/motor_power.h
[1.729s] -- Up-to-date symlink: /home/embedded/ros2_ws/install/kobuki_ros_interfaces/include/kobuki_ros_interfaces/kobuki_ros_interfaces/msg/power_system_event.h
[1.730s] -- Up-to-date symlink: /home/embedded/ros2_ws/install/kobuki_ros_interfaces/include/kobuki_ros_interfaces/kobuki_ros_interfaces/msg/robot_state_event.h
[1.731s] -- Up-to-date symlink: /home/embedded/ros2_ws/install/kobuki_ros_interfaces/include/kobuki_ros_interfaces/kobuki_ros_interfaces/msg/rosidl_generator_c__visibility_control.h
[1.732s] -- Up-to-date symlink: /home/embedded/ros2_ws/install/kobuki_ros_interfaces/include/kobuki_ros_interfaces/kobuki_ros_interfaces/msg/scan_angle.h
[1.732s] -- Up-to-date symlink: /home/embedded/ros2_ws/install/kobuki_ros_interfaces/include/kobuki_ros_interfaces/kobuki_ros_interfaces/msg/sensor_state.h
[1.733s] -- Up-to-date symlink: /home/embedded/ros2_ws/install/kobuki_ros_interfaces/include/kobuki_ros_interfaces/kobuki_ros_interfaces/msg/sound.h
[1.734s] -- Up-to-date symlink: /home/embedded/ros2_ws/install/kobuki_ros_interfaces/include/kobuki_ros_interfaces/kobuki_ros_interfaces/msg/version_info.h
[1.734s] -- Up-to-date symlink: /home/embedded/ros2_ws/install/kobuki_ros_interfaces/include/kobuki_ros_interfaces/kobuki_ros_interfaces/msg/wheel_drop_event.h
[1.738s] -- Up-to-date symlink: /home/embedded/ros2_ws/install/kobuki_ros_interfaces/share/kobuki_ros_interfaces/environment/library_path.sh
[1.738s] -- Up-to-date symlink: /home/embedded/ros2_ws/install/kobuki_ros_interfaces/share/kobuki_ros_interfaces/environment/library_path.dsv
[1.739s] -- Up-to-date symlink: /home/embedded/ros2_ws/install/kobuki_ros_interfaces/include/kobuki_ros_interfaces/kobuki_ros_interfaces/action/detail/auto_docking__rosidl_typesupport_fastrtps_c.h
[1.739s] -- Up-to-date symlink: /home/embedded/ros2_ws/install/kobuki_ros_interfaces/include/kobuki_ros_interfaces/kobuki_ros_interfaces/msg/detail/bumper_event__rosidl_typesupport_fastrtps_c.h
[1.739s] -- Up-to-date symlink: /home/embedded/ros2_ws/install/kobuki_ros_interfaces/include/kobuki_ros_interfaces/kobuki_ros_interfaces/msg/detail/button_event__rosidl_typesupport_fastrtps_c.h
[1.740s] -- Up-to-date symlink: /home/embedded/ros2_ws/install/kobuki_ros_interfaces/include/kobuki_ros_interfaces/kobuki_ros_interfaces/msg/detail/cliff_event__rosidl_typesupport_fastrtps_c.h
[1.741s] -- Up-to-date symlink: /home/embedded/ros2_ws/install/kobuki_ros_interfaces/include/kobuki_ros_interfaces/kobuki_ros_interfaces/msg/detail/controller_info__rosidl_typesupport_fastrtps_c.h
[1.741s] -- Up-to-date symlink: /home/embedded/ros2_ws/install/kobuki_ros_interfaces/include/kobuki_ros_interfaces/kobuki_ros_interfaces/msg/detail/digital_input_event__rosidl_typesupport_fastrtps_c.h
[1.742s] -- Up-to-date symlink: /home/embedded/ros2_ws/install/kobuki_ros_interfaces/include/kobuki_ros_interfaces/kobuki_ros_interfaces/msg/detail/digital_output__rosidl_typesupport_fastrtps_c.h
[1.742s] -- Up-to-date symlink: /home/embedded/ros2_ws/install/kobuki_ros_interfaces/include/kobuki_ros_interfaces/kobuki_ros_interfaces/msg/detail/dock_infra_red__rosidl_typesupport_fastrtps_c.h
[1.743s] -- Up-to-date symlink: /home/embedded/ros2_ws/install/kobuki_ros_interfaces/include/kobuki_ros_interfaces/kobuki_ros_interfaces/msg/detail/external_power__rosidl_typesupport_fastrtps_c.h
[1.744s] -- Up-to-date symlink: /home/embedded/ros2_ws/install/kobuki_ros_interfaces/include/kobuki_ros_interfaces/kobuki_ros_interfaces/msg/detail/keyboard_input__rosidl_typesupport_fastrtps_c.h
[1.744s] -- Up-to-date symlink: /home/embedded/ros2_ws/install/kobuki_ros_interfaces/include/kobuki_ros_interfaces/kobuki_ros_interfaces/msg/detail/led__rosidl_typesupport_fastrtps_c.h
[1.745s] -- Up-to-date symlink: /home/embedded/ros2_ws/install/kobuki_ros_interfaces/include/kobuki_ros_interfaces/kobuki_ros_interfaces/msg/detail/motor_power__rosidl_typesupport_fastrtps_c.h
[1.746s] -- Up-to-date symlink: /home/embedded/ros2_ws/install/kobuki_ros_interfaces/include/kobuki_ros_interfaces/kobuki_ros_interfaces/msg/detail/power_system_event__rosidl_typesupport_fastrtps_c.h
[1.746s] -- Up-to-date symlink: /home/embedded/ros2_ws/install/kobuki_ros_interfaces/include/kobuki_ros_interfaces/kobuki_ros_interfaces/msg/detail/robot_state_event__rosidl_typesupport_fastrtps_c.h
[1.747s] -- Up-to-date symlink: /home/embedded/ros2_ws/install/kobuki_ros_interfaces/include/kobuki_ros_interfaces/kobuki_ros_interfaces/msg/detail/scan_angle__rosidl_typesupport_fastrtps_c.h
[1.750s] -- Up-to-date symlink: /home/embedded/ros2_ws/install/kobuki_ros_interfaces/include/kobuki_ros_interfaces/kobuki_ros_interfaces/msg/detail/sensor_state__rosidl_typesupport_fastrtps_c.h
[1.750s] -- Up-to-date symlink: /home/embedded/ros2_ws/install/kobuki_ros_interfaces/include/kobuki_ros_interfaces/kobuki_ros_interfaces/msg/detail/sound__rosidl_typesupport_fastrtps_c.h
[1.751s] -- Up-to-date symlink: /home/embedded/ros2_ws/install/kobuki_ros_interfaces/include/kobuki_ros_interfaces/kobuki_ros_interfaces/msg/detail/version_info__rosidl_typesupport_fastrtps_c.h
[1.751s] -- Up-to-date symlink: /home/embedded/ros2_ws/install/kobuki_ros_interfaces/include/kobuki_ros_interfaces/kobuki_ros_interfaces/msg/detail/wheel_drop_event__rosidl_typesupport_fastrtps_c.h
[1.751s] -- Up-to-date symlink: /home/embedded/ros2_ws/install/kobuki_ros_interfaces/include/kobuki_ros_interfaces/kobuki_ros_interfaces/msg/rosidl_typesupport_fastrtps_c__visibility_control.h
[1.752s] -- Up-to-date symlink: /home/embedded/ros2_ws/install/kobuki_ros_interfaces/include/kobuki_ros_interfaces/kobuki_ros_interfaces/action/auto_docking.hpp
[1.752s] -- Up-to-date symlink: /home/embedded/ros2_ws/install/kobuki_ros_interfaces/include/kobuki_ros_interfaces/kobuki_ros_interfaces/action/detail/auto_docking__builder.hpp
[1.753s] -- Up-to-date symlink: /home/embedded/ros2_ws/install/kobuki_ros_interfaces/include/kobuki_ros_interfaces/kobuki_ros_interfaces/action/detail/auto_docking__struct.hpp
[1.754s] -- Up-to-date symlink: /home/embedded/ros2_ws/install/kobuki_ros_interfaces/include/kobuki_ros_interfaces/kobuki_ros_interfaces/action/detail/auto_docking__traits.hpp
[1.755s] -- Up-to-date symlink: /home/embedded/ros2_ws/install/kobuki_ros_interfaces/include/kobuki_ros_interfaces/kobuki_ros_interfaces/action/detail/auto_docking__type_support.hpp
[1.755s] -- Up-to-date symlink: /home/embedded/ros2_ws/install/kobuki_ros_interfaces/include/kobuki_ros_interfaces/kobuki_ros_interfaces/msg/bumper_event.hpp
[1.756s] -- Up-to-date symlink: /home/embedded/ros2_ws/install/kobuki_ros_interfaces/include/kobuki_ros_interfaces/kobuki_ros_interfaces/msg/button_event.hpp
[1.756s] -- Up-to-date symlink: /home/embedded/ros2_ws/install/kobuki_ros_interfaces/include/kobuki_ros_interfaces/kobuki_ros_interfaces/msg/cliff_event.hpp
[1.756s] -- Up-to-date symlink: /home/embedded/ros2_ws/install/kobuki_ros_interfaces/include/kobuki_ros_interfaces/kobuki_ros_interfaces/msg/controller_info.hpp
[1.756s] -- Up-to-date symlink: /home/embedded/ros2_ws/install/kobuki_ros_interfaces/include/kobuki_ros_interfaces/kobuki_ros_interfaces/msg/detail/bumper_event__builder.hpp
[1.757s] -- Up-to-date symlink: /home/embedded/ros2_ws/install/kobuki_ros_interfaces/include/kobuki_ros_interfaces/kobuki_ros_interfaces/msg/detail/bumper_event__struct.hpp
[1.757s] -- Up-to-date symlink: /home/embedded/ros2_ws/install/kobuki_ros_interfaces/include/kobuki_ros_interfaces/kobuki_ros_interfaces/msg/detail/bumper_event__traits.hpp
[1.759s] -- Up-to-date symlink: /home/embedded/ros2_ws/install/kobuki_ros_interfaces/include/kobuki_ros_interfaces/kobuki_ros_interfaces/msg/detail/bumper_event__type_support.hpp
[1.761s] -- Up-to-date symlink: /home/embedded/ros2_ws/install/kobuki_ros_interfaces/include/kobuki_ros_interfaces/kobuki_ros_interfaces/msg/detail/button_event__builder.hpp
[1.762s] -- Up-to-date symlink: /home/embedded/ros2_ws/install/kobuki_ros_interfaces/include/kobuki_ros_interfaces/kobuki_ros_interfaces/msg/detail/button_event__struct.hpp
[1.763s] -- Up-to-date symlink: /home/embedded/ros2_ws/install/kobuki_ros_interfaces/include/kobuki_ros_interfaces/kobuki_ros_interfaces/msg/detail/button_event__traits.hpp
[1.766s] -- Up-to-date symlink: /home/embedded/ros2_ws/install/kobuki_ros_interfaces/include/kobuki_ros_interfaces/kobuki_ros_interfaces/msg/detail/button_event__type_support.hpp
[1.773s] -- Up-to-date symlink: /home/embedded/ros2_ws/install/kobuki_ros_interfaces/include/kobuki_ros_interfaces/kobuki_ros_interfaces/msg/detail/cliff_event__builder.hpp
[1.773s] -- Up-to-date symlink: /home/embedded/ros2_ws/install/kobuki_ros_interfaces/include/kobuki_ros_interfaces/kobuki_ros_interfaces/msg/detail/cliff_event__struct.hpp
[1.773s] -- Up-to-date symlink: /home/embedded/ros2_ws/install/kobuki_ros_interfaces/include/kobuki_ros_interfaces/kobuki_ros_interfaces/msg/detail/cliff_event__traits.hpp
[1.773s] -- Up-to-date symlink: /home/embedded/ros2_ws/install/kobuki_ros_interfaces/include/kobuki_ros_interfaces/kobuki_ros_interfaces/msg/detail/cliff_event__type_support.hpp
[1.774s] -- Up-to-date symlink: /home/embedded/ros2_ws/install/kobuki_ros_interfaces/include/kobuki_ros_interfaces/kobuki_ros_interfaces/msg/detail/controller_info__builder.hpp
[1.774s] -- Up-to-date symlink: /home/embedded/ros2_ws/install/kobuki_ros_interfaces/include/kobuki_ros_interfaces/kobuki_ros_interfaces/msg/detail/controller_info__struct.hpp
[1.774s] -- Up-to-date symlink: /home/embedded/ros2_ws/install/kobuki_ros_interfaces/include/kobuki_ros_interfaces/kobuki_ros_interfaces/msg/detail/controller_info__traits.hpp
[1.774s] -- Up-to-date symlink: /home/embedded/ros2_ws/install/kobuki_ros_interfaces/include/kobuki_ros_interfaces/kobuki_ros_interfaces/msg/detail/controller_info__type_support.hpp
[1.774s] -- Up-to-date symlink: /home/embedded/ros2_ws/install/kobuki_ros_interfaces/include/kobuki_ros_interfaces/kobuki_ros_interfaces/msg/detail/digital_input_event__builder.hpp
[1.775s] -- Up-to-date symlink: /home/embedded/ros2_ws/install/kobuki_ros_interfaces/include/kobuki_ros_interfaces/kobuki_ros_interfaces/msg/detail/digital_input_event__struct.hpp
[1.775s] -- Up-to-date symlink: /home/embedded/ros2_ws/install/kobuki_ros_interfaces/include/kobuki_ros_interfaces/kobuki_ros_interfaces/msg/detail/digital_input_event__traits.hpp
[1.776s] -- Up-to-date symlink: /home/embedded/ros2_ws/install/kobuki_ros_interfaces/include/kobuki_ros_interfaces/kobuki_ros_interfaces/msg/detail/digital_input_event__type_support.hpp
[1.777s] -- Up-to-date symlink: /home/embedded/ros2_ws/install/kobuki_ros_interfaces/include/kobuki_ros_interfaces/kobuki_ros_interfaces/msg/detail/digital_output__builder.hpp
[1.778s] -- Up-to-date symlink: /home/embedded/ros2_ws/install/kobuki_ros_interfaces/include/kobuki_ros_interfaces/kobuki_ros_interfaces/msg/detail/digital_output__struct.hpp
[1.779s] -- Up-to-date symlink: /home/embedded/ros2_ws/install/kobuki_ros_interfaces/include/kobuki_ros_interfaces/kobuki_ros_interfaces/msg/detail/digital_output__traits.hpp
[1.780s] -- Up-to-date symlink: /home/embedded/ros2_ws/install/kobuki_ros_interfaces/include/kobuki_ros_interfaces/kobuki_ros_interfaces/msg/detail/digital_output__type_support.hpp
[1.780s] -- Up-to-date symlink: /home/embedded/ros2_ws/install/kobuki_ros_interfaces/include/kobuki_ros_interfaces/kobuki_ros_interfaces/msg/detail/dock_infra_red__builder.hpp
[1.780s] -- Up-to-date symlink: /home/embedded/ros2_ws/install/kobuki_ros_interfaces/include/kobuki_ros_interfaces/kobuki_ros_interfaces/msg/detail/dock_infra_red__struct.hpp
[1.780s] -- Up-to-date symlink: /home/embedded/ros2_ws/install/kobuki_ros_interfaces/include/kobuki_ros_interfaces/kobuki_ros_interfaces/msg/detail/dock_infra_red__traits.hpp
[1.781s] -- Up-to-date symlink: /home/embedded/ros2_ws/install/kobuki_ros_interfaces/include/kobuki_ros_interfaces/kobuki_ros_interfaces/msg/detail/dock_infra_red__type_support.hpp
[1.781s] -- Up-to-date symlink: /home/embedded/ros2_ws/install/kobuki_ros_interfaces/include/kobuki_ros_interfaces/kobuki_ros_interfaces/msg/detail/external_power__builder.hpp
[1.782s] -- Up-to-date symlink: /home/embedded/ros2_ws/install/kobuki_ros_interfaces/include/kobuki_ros_interfaces/kobuki_ros_interfaces/msg/detail/external_power__struct.hpp
[1.783s] -- Up-to-date symlink: /home/embedded/ros2_ws/install/kobuki_ros_interfaces/include/kobuki_ros_interfaces/kobuki_ros_interfaces/msg/detail/external_power__traits.hpp
[1.783s] -- Up-to-date symlink: /home/embedded/ros2_ws/install/kobuki_ros_interfaces/include/kobuki_ros_interfaces/kobuki_ros_interfaces/msg/detail/external_power__type_support.hpp
[1.783s] -- Up-to-date symlink: /home/embedded/ros2_ws/install/kobuki_ros_interfaces/include/kobuki_ros_interfaces/kobuki_ros_interfaces/msg/detail/keyboard_input__builder.hpp
[1.784s] -- Up-to-date symlink: /home/embedded/ros2_ws/install/kobuki_ros_interfaces/include/kobuki_ros_interfaces/kobuki_ros_interfaces/msg/detail/keyboard_input__struct.hpp
[1.784s] -- Up-to-date symlink: /home/embedded/ros2_ws/install/kobuki_ros_interfaces/include/kobuki_ros_interfaces/kobuki_ros_interfaces/msg/detail/keyboard_input__traits.hpp
[1.785s] -- Up-to-date symlink: /home/embedded/ros2_ws/install/kobuki_ros_interfaces/include/kobuki_ros_interfaces/kobuki_ros_interfaces/msg/detail/keyboard_input__type_support.hpp
[1.785s] -- Up-to-date symlink: /home/embedded/ros2_ws/install/kobuki_ros_interfaces/include/kobuki_ros_interfaces/kobuki_ros_interfaces/msg/detail/led__builder.hpp
[1.786s] -- Up-to-date symlink: /home/embedded/ros2_ws/install/kobuki_ros_interfaces/include/kobuki_ros_interfaces/kobuki_ros_interfaces/msg/detail/led__struct.hpp
[1.787s] -- Up-to-date symlink: /home/embedded/ros2_ws/install/kobuki_ros_interfaces/include/kobuki_ros_interfaces/kobuki_ros_interfaces/msg/detail/led__traits.hpp
[1.787s] -- Up-to-date symlink: /home/embedded/ros2_ws/install/kobuki_ros_interfaces/include/kobuki_ros_interfaces/kobuki_ros_interfaces/msg/detail/led__type_support.hpp
[1.787s] -- Up-to-date symlink: /home/embedded/ros2_ws/install/kobuki_ros_interfaces/include/kobuki_ros_interfaces/kobuki_ros_interfaces/msg/detail/motor_power__builder.hpp
[1.787s] -- Up-to-date symlink: /home/embedded/ros2_ws/install/kobuki_ros_interfaces/include/kobuki_ros_interfaces/kobuki_ros_interfaces/msg/detail/motor_power__struct.hpp
[1.787s] -- Up-to-date symlink: /home/embedded/ros2_ws/install/kobuki_ros_interfaces/include/kobuki_ros_interfaces/kobuki_ros_interfaces/msg/detail/motor_power__traits.hpp
[1.787s] -- Up-to-date symlink: /home/embedded/ros2_ws/install/kobuki_ros_interfaces/include/kobuki_ros_interfaces/kobuki_ros_interfaces/msg/detail/motor_power__type_support.hpp
[1.787s] -- Up-to-date symlink: /home/embedded/ros2_ws/install/kobuki_ros_interfaces/include/kobuki_ros_interfaces/kobuki_ros_interfaces/msg/detail/power_system_event__builder.hpp
[1.788s] -- Up-to-date symlink: /home/embedded/ros2_ws/install/kobuki_ros_interfaces/include/kobuki_ros_interfaces/kobuki_ros_interfaces/msg/detail/power_system_event__struct.hpp
[1.788s] -- Up-to-date symlink: /home/embedded/ros2_ws/install/kobuki_ros_interfaces/include/kobuki_ros_interfaces/kobuki_ros_interfaces/msg/detail/power_system_event__traits.hpp
[1.788s] -- Up-to-date symlink: /home/embedded/ros2_ws/install/kobuki_ros_interfaces/include/kobuki_ros_interfaces/kobuki_ros_interfaces/msg/detail/power_system_event__type_support.hpp
[1.788s] -- Up-to-date symlink: /home/embedded/ros2_ws/install/kobuki_ros_interfaces/include/kobuki_ros_interfaces/kobuki_ros_interfaces/msg/detail/robot_state_event__builder.hpp
[1.788s] -- Up-to-date symlink: /home/embedded/ros2_ws/install/kobuki_ros_interfaces/include/kobuki_ros_interfaces/kobuki_ros_interfaces/msg/detail/robot_state_event__struct.hpp
[1.788s] -- Up-to-date symlink: /home/embedded/ros2_ws/install/kobuki_ros_interfaces/include/kobuki_ros_interfaces/kobuki_ros_interfaces/msg/detail/robot_state_event__traits.hpp
[1.793s] -- Up-to-date symlink: /home/embedded/ros2_ws/install/kobuki_ros_interfaces/include/kobuki_ros_interfaces/kobuki_ros_interfaces/msg/detail/robot_state_event__type_support.hpp
[1.793s] -- Up-to-date symlink: /home/embedded/ros2_ws/install/kobuki_ros_interfaces/include/kobuki_ros_interfaces/kobuki_ros_interfaces/msg/detail/scan_angle__builder.hpp
[1.793s] -- Up-to-date symlink: /home/embedded/ros2_ws/install/kobuki_ros_interfaces/include/kobuki_ros_interfaces/kobuki_ros_interfaces/msg/detail/scan_angle__struct.hpp
[1.793s] -- Up-to-date symlink: /home/embedded/ros2_ws/install/kobuki_ros_interfaces/include/kobuki_ros_interfaces/kobuki_ros_interfaces/msg/detail/scan_angle__traits.hpp
[1.793s] -- Up-to-date symlink: /home/embedded/ros2_ws/install/kobuki_ros_interfaces/include/kobuki_ros_interfaces/kobuki_ros_interfaces/msg/detail/scan_angle__type_support.hpp
[1.793s] -- Up-to-date symlink: /home/embedded/ros2_ws/install/kobuki_ros_interfaces/include/kobuki_ros_interfaces/kobuki_ros_interfaces/msg/detail/sensor_state__builder.hpp
[1.793s] -- Up-to-date symlink: /home/embedded/ros2_ws/install/kobuki_ros_interfaces/include/kobuki_ros_interfaces/kobuki_ros_interfaces/msg/detail/sensor_state__struct.hpp
[1.794s] -- Up-to-date symlink: /home/embedded/ros2_ws/install/kobuki_ros_interfaces/include/kobuki_ros_interfaces/kobuki_ros_interfaces/msg/detail/sensor_state__traits.hpp
[1.794s] -- Up-to-date symlink: /home/embedded/ros2_ws/install/kobuki_ros_interfaces/include/kobuki_ros_interfaces/kobuki_ros_interfaces/msg/detail/sensor_state__type_support.hpp
[1.794s] -- Up-to-date symlink: /home/embedded/ros2_ws/install/kobuki_ros_interfaces/include/kobuki_ros_interfaces/kobuki_ros_interfaces/msg/detail/sound__builder.hpp
[1.794s] -- Up-to-date symlink: /home/embedded/ros2_ws/install/kobuki_ros_interfaces/include/kobuki_ros_interfaces/kobuki_ros_interfaces/msg/detail/sound__struct.hpp
[1.794s] -- Up-to-date symlink: /home/embedded/ros2_ws/install/kobuki_ros_interfaces/include/kobuki_ros_interfaces/kobuki_ros_interfaces/msg/detail/sound__traits.hpp
[1.794s] -- Up-to-date symlink: /home/embedded/ros2_ws/install/kobuki_ros_interfaces/include/kobuki_ros_interfaces/kobuki_ros_interfaces/msg/detail/sound__type_support.hpp
[1.794s] -- Up-to-date symlink: /home/embedded/ros2_ws/install/kobuki_ros_interfaces/include/kobuki_ros_interfaces/kobuki_ros_interfaces/msg/detail/version_info__builder.hpp
[1.794s] -- Up-to-date symlink: /home/embedded/ros2_ws/install/kobuki_ros_interfaces/include/kobuki_ros_interfaces/kobuki_ros_interfaces/msg/detail/version_info__struct.hpp
[1.794s] -- Up-to-date symlink: /home/embedded/ros2_ws/install/kobuki_ros_interfaces/include/kobuki_ros_interfaces/kobuki_ros_interfaces/msg/detail/version_info__traits.hpp
[1.794s] -- Up-to-date symlink: /home/embedded/ros2_ws/install/kobuki_ros_interfaces/include/kobuki_ros_interfaces/kobuki_ros_interfaces/msg/detail/version_info__type_support.hpp
[1.795s] -- Up-to-date symlink: /home/embedded/ros2_ws/install/kobuki_ros_interfaces/include/kobuki_ros_interfaces/kobuki_ros_interfaces/msg/detail/wheel_drop_event__builder.hpp
[1.795s] -- Up-to-date symlink: /home/embedded/ros2_ws/install/kobuki_ros_interfaces/include/kobuki_ros_interfaces/kobuki_ros_interfaces/msg/detail/wheel_drop_event__struct.hpp
[1.795s] -- Up-to-date symlink: /home/embedded/ros2_ws/install/kobuki_ros_interfaces/include/kobuki_ros_interfaces/kobuki_ros_interfaces/msg/detail/wheel_drop_event__traits.hpp
[1.800s] -- Up-to-date symlink: /home/embedded/ros2_ws/install/kobuki_ros_interfaces/include/kobuki_ros_interfaces/kobuki_ros_interfaces/msg/detail/wheel_drop_event__type_support.hpp
[1.800s] -- Up-to-date symlink: /home/embedded/ros2_ws/install/kobuki_ros_interfaces/include/kobuki_ros_interfaces/kobuki_ros_interfaces/msg/digital_input_event.hpp
[1.800s] -- Up-to-date symlink: /home/embedded/ros2_ws/install/kobuki_ros_interfaces/include/kobuki_ros_interfaces/kobuki_ros_interfaces/msg/digital_output.hpp
[1.801s] -- Up-to-date symlink: /home/embedded/ros2_ws/install/kobuki_ros_interfaces/include/kobuki_ros_interfaces/kobuki_ros_interfaces/msg/dock_infra_red.hpp
[1.801s] -- Up-to-date symlink: /home/embedded/ros2_ws/install/kobuki_ros_interfaces/include/kobuki_ros_interfaces/kobuki_ros_interfaces/msg/external_power.hpp
[1.801s] -- Up-to-date symlink: /home/embedded/ros2_ws/install/kobuki_ros_interfaces/include/kobuki_ros_interfaces/kobuki_ros_interfaces/msg/keyboard_input.hpp
[1.801s] -- Up-to-date symlink: /home/embedded/ros2_ws/install/kobuki_ros_interfaces/include/kobuki_ros_interfaces/kobuki_ros_interfaces/msg/led.hpp
[1.801s] -- Up-to-date symlink: /home/embedded/ros2_ws/install/kobuki_ros_interfaces/include/kobuki_ros_interfaces/kobuki_ros_interfaces/msg/motor_power.hpp
[1.801s] -- Up-to-date symlink: /home/embedded/ros2_ws/install/kobuki_ros_interfaces/include/kobuki_ros_interfaces/kobuki_ros_interfaces/msg/power_system_event.hpp
[1.801s] -- Up-to-date symlink: /home/embedded/ros2_ws/install/kobuki_ros_interfaces/include/kobuki_ros_interfaces/kobuki_ros_interfaces/msg/robot_state_event.hpp
[1.801s] -- Up-to-date symlink: /home/embedded/ros2_ws/install/kobuki_ros_interfaces/include/kobuki_ros_interfaces/kobuki_ros_interfaces/msg/rosidl_generator_cpp__visibility_control.hpp
[1.801s] -- Up-to-date symlink: /home/embedded/ros2_ws/install/kobuki_ros_interfaces/include/kobuki_ros_interfaces/kobuki_ros_interfaces/msg/scan_angle.hpp
[1.801s] -- Up-to-date symlink: /home/embedded/ros2_ws/install/kobuki_ros_interfaces/include/kobuki_ros_interfaces/kobuki_ros_interfaces/msg/sensor_state.hpp
[1.802s] -- Up-to-date symlink: /home/embedded/ros2_ws/install/kobuki_ros_interfaces/include/kobuki_ros_interfaces/kobuki_ros_interfaces/msg/sound.hpp
[1.802s] -- Up-to-date symlink: /home/embedded/ros2_ws/install/kobuki_ros_interfaces/include/kobuki_ros_interfaces/kobuki_ros_interfaces/msg/version_info.hpp
[1.802s] -- Up-to-date symlink: /home/embedded/ros2_ws/install/kobuki_ros_interfaces/include/kobuki_ros_interfaces/kobuki_ros_interfaces/msg/wheel_drop_event.hpp
[1.802s] -- Up-to-date symlink: /home/embedded/ros2_ws/install/kobuki_ros_interfaces/include/kobuki_ros_interfaces/kobuki_ros_interfaces/action/detail/auto_docking__rosidl_typesupport_fastrtps_cpp.hpp
[1.809s] -- Up-to-date symlink: /home/embedded/ros2_ws/install/kobuki_ros_interfaces/include/kobuki_ros_interfaces/kobuki_ros_interfaces/msg/detail/bumper_event__rosidl_typesupport_fastrtps_cpp.hpp
[1.810s] -- Up-to-date symlink: /home/embedded/ros2_ws/install/kobuki_ros_interfaces/include/kobuki_ros_interfaces/kobuki_ros_interfaces/msg/detail/button_event__rosidl_typesupport_fastrtps_cpp.hpp
[1.810s] -- Up-to-date symlink: /home/embedded/ros2_ws/install/kobuki_ros_interfaces/include/kobuki_ros_interfaces/kobuki_ros_interfaces/msg/detail/cliff_event__rosidl_typesupport_fastrtps_cpp.hpp
[1.810s] -- Up-to-date symlink: /home/embedded/ros2_ws/install/kobuki_ros_interfaces/include/kobuki_ros_interfaces/kobuki_ros_interfaces/msg/detail/controller_info__rosidl_typesupport_fastrtps_cpp.hpp
[1.810s] -- Up-to-date symlink: /home/embedded/ros2_ws/install/kobuki_ros_interfaces/include/kobuki_ros_interfaces/kobuki_ros_interfaces/msg/detail/digital_input_event__rosidl_typesupport_fastrtps_cpp.hpp
[1.810s] -- Up-to-date symlink: /home/embedded/ros2_ws/install/kobuki_ros_interfaces/include/kobuki_ros_interfaces/kobuki_ros_interfaces/msg/detail/digital_output__rosidl_typesupport_fastrtps_cpp.hpp
[1.810s] -- Up-to-date symlink: /home/embedded/ros2_ws/install/kobuki_ros_interfaces/include/kobuki_ros_interfaces/kobuki_ros_interfaces/msg/detail/dock_infra_red__rosidl_typesupport_fastrtps_cpp.hpp
[1.810s] -- Up-to-date symlink: /home/embedded/ros2_ws/install/kobuki_ros_interfaces/include/kobuki_ros_interfaces/kobuki_ros_interfaces/msg/detail/external_power__rosidl_typesupport_fastrtps_cpp.hpp
[1.810s] -- Up-to-date symlink: /home/embedded/ros2_ws/install/kobuki_ros_interfaces/include/kobuki_ros_interfaces/kobuki_ros_interfaces/msg/detail/keyboard_input__rosidl_typesupport_fastrtps_cpp.hpp
[1.810s] -- Up-to-date symlink: /home/embedded/ros2_ws/install/kobuki_ros_interfaces/include/kobuki_ros_interfaces/kobuki_ros_interfaces/msg/detail/led__rosidl_typesupport_fastrtps_cpp.hpp
[1.811s] -- Up-to-date symlink: /home/embedded/ros2_ws/install/kobuki_ros_interfaces/include/kobuki_ros_interfaces/kobuki_ros_interfaces/msg/detail/motor_power__rosidl_typesupport_fastrtps_cpp.hpp
[1.811s] -- Up-to-date symlink: /home/embedded/ros2_ws/install/kobuki_ros_interfaces/include/kobuki_ros_interfaces/kobuki_ros_interfaces/msg/detail/power_system_event__rosidl_typesupport_fastrtps_cpp.hpp
[1.812s] -- Up-to-date symlink: /home/embedded/ros2_ws/install/kobuki_ros_interfaces/include/kobuki_ros_interfaces/kobuki_ros_interfaces/msg/detail/robot_state_event__rosidl_typesupport_fastrtps_cpp.hpp
[1.814s] -- Up-to-date symlink: /home/embedded/ros2_ws/install/kobuki_ros_interfaces/include/kobuki_ros_interfaces/kobuki_ros_interfaces/msg/detail/scan_angle__rosidl_typesupport_fastrtps_cpp.hpp
[1.816s] -- Up-to-date symlink: /home/embedded/ros2_ws/install/kobuki_ros_interfaces/include/kobuki_ros_interfaces/kobuki_ros_interfaces/msg/detail/sensor_state__rosidl_typesupport_fastrtps_cpp.hpp
[1.817s] -- Up-to-date symlink: /home/embedded/ros2_ws/install/kobuki_ros_interfaces/include/kobuki_ros_interfaces/kobuki_ros_interfaces/msg/detail/sound__rosidl_typesupport_fastrtps_cpp.hpp
[1.819s] -- Up-to-date symlink: /home/embedded/ros2_ws/install/kobuki_ros_interfaces/include/kobuki_ros_interfaces/kobuki_ros_interfaces/msg/detail/version_info__rosidl_typesupport_fastrtps_cpp.hpp
[1.819s] -- Up-to-date symlink: /home/embedded/ros2_ws/install/kobuki_ros_interfaces/include/kobuki_ros_interfaces/kobuki_ros_interfaces/msg/detail/wheel_drop_event__rosidl_typesupport_fastrtps_cpp.hpp
[1.820s] -- Up-to-date symlink: /home/embedded/ros2_ws/install/kobuki_ros_interfaces/include/kobuki_ros_interfaces/kobuki_ros_interfaces/msg/rosidl_typesupport_fastrtps_cpp__visibility_control.h
[1.820s] -- Up-to-date symlink: /home/embedded/ros2_ws/install/kobuki_ros_interfaces/include/kobuki_ros_interfaces/kobuki_ros_interfaces/action/detail/auto_docking__rosidl_typesupport_introspection_c.h
[1.821s] -- Up-to-date symlink: /home/embedded/ros2_ws/install/kobuki_ros_interfaces/include/kobuki_ros_interfaces/kobuki_ros_interfaces/msg/detail/bumper_event__rosidl_typesupport_introspection_c.h
[1.821s] -- Up-to-date symlink: /home/embedded/ros2_ws/install/kobuki_ros_interfaces/include/kobuki_ros_interfaces/kobuki_ros_interfaces/msg/detail/button_event__rosidl_typesupport_introspection_c.h
[1.821s] -- Up-to-date symlink: /home/embedded/ros2_ws/install/kobuki_ros_interfaces/include/kobuki_ros_interfaces/kobuki_ros_interfaces/msg/detail/cliff_event__rosidl_typesupport_introspection_c.h
[1.821s] -- Up-to-date symlink: /home/embedded/ros2_ws/install/kobuki_ros_interfaces/include/kobuki_ros_interfaces/kobuki_ros_interfaces/msg/detail/controller_info__rosidl_typesupport_introspection_c.h
[1.821s] -- Up-to-date symlink: /home/embedded/ros2_ws/install/kobuki_ros_interfaces/include/kobuki_ros_interfaces/kobuki_ros_interfaces/msg/detail/digital_input_event__rosidl_typesupport_introspection_c.h
[1.821s] -- Up-to-date symlink: /home/embedded/ros2_ws/install/kobuki_ros_interfaces/include/kobuki_ros_interfaces/kobuki_ros_interfaces/msg/detail/digital_output__rosidl_typesupport_introspection_c.h
[1.821s] -- Up-to-date symlink: /home/embedded/ros2_ws/install/kobuki_ros_interfaces/include/kobuki_ros_interfaces/kobuki_ros_interfaces/msg/detail/dock_infra_red__rosidl_typesupport_introspection_c.h
[1.821s] -- Up-to-date symlink: /home/embedded/ros2_ws/install/kobuki_ros_interfaces/include/kobuki_ros_interfaces/kobuki_ros_interfaces/msg/detail/external_power__rosidl_typesupport_introspection_c.h
[1.821s] -- Up-to-date symlink: /home/embedded/ros2_ws/install/kobuki_ros_interfaces/include/kobuki_ros_interfaces/kobuki_ros_interfaces/msg/detail/keyboard_input__rosidl_typesupport_introspection_c.h
[1.822s] -- Up-to-date symlink: /home/embedded/ros2_ws/install/kobuki_ros_interfaces/include/kobuki_ros_interfaces/kobuki_ros_interfaces/msg/detail/led__rosidl_typesupport_introspection_c.h
[1.822s] -- Up-to-date symlink: /home/embedded/ros2_ws/install/kobuki_ros_interfaces/include/kobuki_ros_interfaces/kobuki_ros_interfaces/msg/detail/motor_power__rosidl_typesupport_introspection_c.h
[1.832s] -- Up-to-date symlink: /home/embedded/ros2_ws/install/kobuki_ros_interfaces/include/kobuki_ros_interfaces/kobuki_ros_interfaces/msg/detail/power_system_event__rosidl_typesupport_introspection_c.h
[1.832s] -- Up-to-date symlink: /home/embedded/ros2_ws/install/kobuki_ros_interfaces/include/kobuki_ros_interfaces/kobuki_ros_interfaces/msg/detail/robot_state_event__rosidl_typesupport_introspection_c.h
[1.832s] -- Up-to-date symlink: /home/embedded/ros2_ws/install/kobuki_ros_interfaces/include/kobuki_ros_interfaces/kobuki_ros_interfaces/msg/detail/scan_angle__rosidl_typesupport_introspection_c.h
[1.832s] -- Up-to-date symlink: /home/embedded/ros2_ws/install/kobuki_ros_interfaces/include/kobuki_ros_interfaces/kobuki_ros_interfaces/msg/detail/sensor_state__rosidl_typesupport_introspection_c.h
[1.832s] -- Up-to-date symlink: /home/embedded/ros2_ws/install/kobuki_ros_interfaces/include/kobuki_ros_interfaces/kobuki_ros_interfaces/msg/detail/sound__rosidl_typesupport_introspection_c.h
[1.833s] -- Up-to-date symlink: /home/embedded/ros2_ws/install/kobuki_ros_interfaces/include/kobuki_ros_interfaces/kobuki_ros_interfaces/msg/detail/version_info__rosidl_typesupport_introspection_c.h
[1.833s] -- Up-to-date symlink: /home/embedded/ros2_ws/install/kobuki_ros_interfaces/include/kobuki_ros_interfaces/kobuki_ros_interfaces/msg/detail/wheel_drop_event__rosidl_typesupport_introspection_c.h
[1.833s] -- Up-to-date symlink: /home/embedded/ros2_ws/install/kobuki_ros_interfaces/include/kobuki_ros_interfaces/kobuki_ros_interfaces/msg/rosidl_typesupport_introspection_c__visibility_control.h
[1.833s] -- Up-to-date symlink: /home/embedded/ros2_ws/install/kobuki_ros_interfaces/include/kobuki_ros_interfaces/kobuki_ros_interfaces/action/detail/auto_docking__rosidl_typesupport_introspection_cpp.hpp
[1.833s] -- Up-to-date symlink: /home/embedded/ros2_ws/install/kobuki_ros_interfaces/include/kobuki_ros_interfaces/kobuki_ros_interfaces/msg/detail/bumper_event__rosidl_typesupport_introspection_cpp.hpp
[1.833s] -- Up-to-date symlink: /home/embedded/ros2_ws/install/kobuki_ros_interfaces/include/kobuki_ros_interfaces/kobuki_ros_interfaces/msg/detail/button_event__rosidl_typesupport_introspection_cpp.hpp
[1.833s] -- Up-to-date symlink: /home/embedded/ros2_ws/install/kobuki_ros_interfaces/include/kobuki_ros_interfaces/kobuki_ros_interfaces/msg/detail/cliff_event__rosidl_typesupport_introspection_cpp.hpp
[1.833s] -- Up-to-date symlink: /home/embedded/ros2_ws/install/kobuki_ros_interfaces/include/kobuki_ros_interfaces/kobuki_ros_interfaces/msg/detail/controller_info__rosidl_typesupport_introspection_cpp.hpp
[1.833s] -- Up-to-date symlink: /home/embedded/ros2_ws/install/kobuki_ros_interfaces/include/kobuki_ros_interfaces/kobuki_ros_interfaces/msg/detail/digital_input_event__rosidl_typesupport_introspection_cpp.hpp
[1.834s] -- Up-to-date symlink: /home/embedded/ros2_ws/install/kobuki_ros_interfaces/include/kobuki_ros_interfaces/kobuki_ros_interfaces/msg/detail/digital_output__rosidl_typesupport_introspection_cpp.hpp
[1.834s] -- Up-to-date symlink: /home/embedded/ros2_ws/install/kobuki_ros_interfaces/include/kobuki_ros_interfaces/kobuki_ros_interfaces/msg/detail/dock_infra_red__rosidl_typesupport_introspection_cpp.hpp
[1.834s] -- Up-to-date symlink: /home/embedded/ros2_ws/install/kobuki_ros_interfaces/include/kobuki_ros_interfaces/kobuki_ros_interfaces/msg/detail/external_power__rosidl_typesupport_introspection_cpp.hpp
[1.834s] -- Up-to-date symlink: /home/embedded/ros2_ws/install/kobuki_ros_interfaces/include/kobuki_ros_interfaces/kobuki_ros_interfaces/msg/detail/keyboard_input__rosidl_typesupport_introspection_cpp.hpp
[1.834s] -- Up-to-date symlink: /home/embedded/ros2_ws/install/kobuki_ros_interfaces/include/kobuki_ros_interfaces/kobuki_ros_interfaces/msg/detail/led__rosidl_typesupport_introspection_cpp.hpp
[1.834s] -- Up-to-date symlink: /home/embedded/ros2_ws/install/kobuki_ros_interfaces/include/kobuki_ros_interfaces/kobuki_ros_interfaces/msg/detail/motor_power__rosidl_typesupport_introspection_cpp.hpp
[1.834s] -- Up-to-date symlink: /home/embedded/ros2_ws/install/kobuki_ros_interfaces/include/kobuki_ros_interfaces/kobuki_ros_interfaces/msg/detail/power_system_event__rosidl_typesupport_introspection_cpp.hpp
[1.834s] -- Up-to-date symlink: /home/embedded/ros2_ws/install/kobuki_ros_interfaces/include/kobuki_ros_interfaces/kobuki_ros_interfaces/msg/detail/robot_state_event__rosidl_typesupport_introspection_cpp.hpp
[1.834s] -- Up-to-date symlink: /home/embedded/ros2_ws/install/kobuki_ros_interfaces/include/kobuki_ros_interfaces/kobuki_ros_interfaces/msg/detail/scan_angle__rosidl_typesupport_introspection_cpp.hpp
[1.834s] -- Up-to-date symlink: /home/embedded/ros2_ws/install/kobuki_ros_interfaces/include/kobuki_ros_interfaces/kobuki_ros_interfaces/msg/detail/sensor_state__rosidl_typesupport_introspection_cpp.hpp
[1.834s] -- Up-to-date symlink: /home/embedded/ros2_ws/install/kobuki_ros_interfaces/include/kobuki_ros_interfaces/kobuki_ros_interfaces/msg/detail/sound__rosidl_typesupport_introspection_cpp.hpp
[1.835s] -- Up-to-date symlink: /home/embedded/ros2_ws/install/kobuki_ros_interfaces/include/kobuki_ros_interfaces/kobuki_ros_interfaces/msg/detail/version_info__rosidl_typesupport_introspection_cpp.hpp
[1.835s] -- Up-to-date symlink: /home/embedded/ros2_ws/install/kobuki_ros_interfaces/include/kobuki_ros_interfaces/kobuki_ros_interfaces/msg/detail/wheel_drop_event__rosidl_typesupport_introspection_cpp.hpp
[1.835s] -- Up-to-date symlink: /home/embedded/ros2_ws/install/kobuki_ros_interfaces/share/kobuki_ros_interfaces/environment/pythonpath.sh
[1.846s] -- Up-to-date symlink: /home/embedded/ros2_ws/install/kobuki_ros_interfaces/share/kobuki_ros_interfaces/environment/pythonpath.dsv
[1.846s] -- Up-to-date symlink: /home/embedded/ros2_ws/install/kobuki_ros_interfaces/lib/python3.12/site-packages/kobuki_ros_interfaces-1.0.0-py3.12.egg-info/PKG-INFO
[1.846s] -- Up-to-date symlink: /home/embedded/ros2_ws/install/kobuki_ros_interfaces/lib/python3.12/site-packages/kobuki_ros_interfaces-1.0.0-py3.12.egg-info/SOURCES.txt
[1.847s] -- Up-to-date symlink: /home/embedded/ros2_ws/install/kobuki_ros_interfaces/lib/python3.12/site-packages/kobuki_ros_interfaces-1.0.0-py3.12.egg-info/dependency_links.txt
[1.847s] -- Up-to-date symlink: /home/embedded/ros2_ws/install/kobuki_ros_interfaces/lib/python3.12/site-packages/kobuki_ros_interfaces-1.0.0-py3.12.egg-info/top_level.txt
[1.847s] -- Up-to-date symlink: /home/embedded/ros2_ws/install/kobuki_ros_interfaces/lib/python3.12/site-packages/kobuki_ros_interfaces/__init__.py
[1.847s] -- Up-to-date symlink: /home/embedded/ros2_ws/install/kobuki_ros_interfaces/lib/python3.12/site-packages/kobuki_ros_interfaces/_kobuki_ros_interfaces_s.ep.rosidl_typesupport_c.c
[1.847s] -- Up-to-date symlink: /home/embedded/ros2_ws/install/kobuki_ros_interfaces/lib/python3.12/site-packages/kobuki_ros_interfaces/_kobuki_ros_interfaces_s.ep.rosidl_typesupport_fastrtps_c.c
[1.847s] -- Up-to-date symlink: /home/embedded/ros2_ws/install/kobuki_ros_interfaces/lib/python3.12/site-packages/kobuki_ros_interfaces/_kobuki_ros_interfaces_s.ep.rosidl_typesupport_introspection_c.c
[1.847s] -- Up-to-date symlink: /home/embedded/ros2_ws/install/kobuki_ros_interfaces/lib/python3.12/site-packages/kobuki_ros_interfaces/action/__init__.py
[1.847s] -- Up-to-date symlink: /home/embedded/ros2_ws/install/kobuki_ros_interfaces/lib/python3.12/site-packages/kobuki_ros_interfaces/action/_auto_docking.py
[1.847s] -- Up-to-date symlink: /home/embedded/ros2_ws/install/kobuki_ros_interfaces/lib/python3.12/site-packages/kobuki_ros_interfaces/action/_auto_docking_s.c
[1.855s] -- Up-to-date symlink: /home/embedded/ros2_ws/install/kobuki_ros_interfaces/lib/python3.12/site-packages/kobuki_ros_interfaces/kobuki_ros_interfaces_s__rosidl_typesupport_c.so
[1.855s] -- Up-to-date symlink: /home/embedded/ros2_ws/install/kobuki_ros_interfaces/lib/python3.12/site-packages/kobuki_ros_interfaces/kobuki_ros_interfaces_s__rosidl_typesupport_fastrtps_c.so
[1.855s] -- Up-to-date symlink: /home/embedded/ros2_ws/install/kobuki_ros_interfaces/lib/python3.12/site-packages/kobuki_ros_interfaces/kobuki_ros_interfaces_s__rosidl_typesupport_introspection_c.so
[1.855s] -- Up-to-date symlink: /home/embedded/ros2_ws/install/kobuki_ros_interfaces/lib/python3.12/site-packages/kobuki_ros_interfaces/msg/__init__.py
[1.855s] -- Up-to-date symlink: /home/embedded/ros2_ws/install/kobuki_ros_interfaces/lib/python3.12/site-packages/kobuki_ros_interfaces/msg/_bumper_event.py
[1.856s] -- Up-to-date symlink: /home/embedded/ros2_ws/install/kobuki_ros_interfaces/lib/python3.12/site-packages/kobuki_ros_interfaces/msg/_bumper_event_s.c
[1.856s] -- Up-to-date symlink: /home/embedded/ros2_ws/install/kobuki_ros_interfaces/lib/python3.12/site-packages/kobuki_ros_interfaces/msg/_button_event.py
[1.856s] -- Up-to-date symlink: /home/embedded/ros2_ws/install/kobuki_ros_interfaces/lib/python3.12/site-packages/kobuki_ros_interfaces/msg/_button_event_s.c
[1.856s] -- Up-to-date symlink: /home/embedded/ros2_ws/install/kobuki_ros_interfaces/lib/python3.12/site-packages/kobuki_ros_interfaces/msg/_cliff_event.py
[1.856s] -- Up-to-date symlink: /home/embedded/ros2_ws/install/kobuki_ros_interfaces/lib/python3.12/site-packages/kobuki_ros_interfaces/msg/_cliff_event_s.c
[1.856s] -- Up-to-date symlink: /home/embedded/ros2_ws/install/kobuki_ros_interfaces/lib/python3.12/site-packages/kobuki_ros_interfaces/msg/_controller_info.py
[1.856s] -- Up-to-date symlink: /home/embedded/ros2_ws/install/kobuki_ros_interfaces/lib/python3.12/site-packages/kobuki_ros_interfaces/msg/_controller_info_s.c
[1.856s] -- Up-to-date symlink: /home/embedded/ros2_ws/install/kobuki_ros_interfaces/lib/python3.12/site-packages/kobuki_ros_interfaces/msg/_digital_input_event.py
[1.856s] -- Up-to-date symlink: /home/embedded/ros2_ws/install/kobuki_ros_interfaces/lib/python3.12/site-packages/kobuki_ros_interfaces/msg/_digital_input_event_s.c
[1.856s] -- Up-to-date symlink: /home/embedded/ros2_ws/install/kobuki_ros_interfaces/lib/python3.12/site-packages/kobuki_ros_interfaces/msg/_digital_output.py
[1.857s] -- Up-to-date symlink: /home/embedded/ros2_ws/install/kobuki_ros_interfaces/lib/python3.12/site-packages/kobuki_ros_interfaces/msg/_digital_output_s.c
[1.857s] -- Up-to-date symlink: /home/embedded/ros2_ws/install/kobuki_ros_interfaces/lib/python3.12/site-packages/kobuki_ros_interfaces/msg/_dock_infra_red.py
[1.857s] -- Up-to-date symlink: /home/embedded/ros2_ws/install/kobuki_ros_interfaces/lib/python3.12/site-packages/kobuki_ros_interfaces/msg/_dock_infra_red_s.c
[1.857s] -- Up-to-date symlink: /home/embedded/ros2_ws/install/kobuki_ros_interfaces/lib/python3.12/site-packages/kobuki_ros_interfaces/msg/_external_power.py
[1.857s] -- Up-to-date symlink: /home/embedded/ros2_ws/install/kobuki_ros_interfaces/lib/python3.12/site-packages/kobuki_ros_interfaces/msg/_external_power_s.c
[1.857s] -- Up-to-date symlink: /home/embedded/ros2_ws/install/kobuki_ros_interfaces/lib/python3.12/site-packages/kobuki_ros_interfaces/msg/_keyboard_input.py
[1.857s] -- Up-to-date symlink: /home/embedded/ros2_ws/install/kobuki_ros_interfaces/lib/python3.12/site-packages/kobuki_ros_interfaces/msg/_keyboard_input_s.c
[1.857s] -- Up-to-date symlink: /home/embedded/ros2_ws/install/kobuki_ros_interfaces/lib/python3.12/site-packages/kobuki_ros_interfaces/msg/_led.py
[1.857s] -- Up-to-date symlink: /home/embedded/ros2_ws/install/kobuki_ros_interfaces/lib/python3.12/site-packages/kobuki_ros_interfaces/msg/_led_s.c
[1.857s] -- Up-to-date symlink: /home/embedded/ros2_ws/install/kobuki_ros_interfaces/lib/python3.12/site-packages/kobuki_ros_interfaces/msg/_motor_power.py
[1.857s] -- Up-to-date symlink: /home/embedded/ros2_ws/install/kobuki_ros_interfaces/lib/python3.12/site-packages/kobuki_ros_interfaces/msg/_motor_power_s.c
[1.858s] -- Up-to-date symlink: /home/embedded/ros2_ws/install/kobuki_ros_interfaces/lib/python3.12/site-packages/kobuki_ros_interfaces/msg/_power_system_event.py
[1.858s] -- Up-to-date symlink: /home/embedded/ros2_ws/install/kobuki_ros_interfaces/lib/python3.12/site-packages/kobuki_ros_interfaces/msg/_power_system_event_s.c
[1.858s] -- Up-to-date symlink: /home/embedded/ros2_ws/install/kobuki_ros_interfaces/lib/python3.12/site-packages/kobuki_ros_interfaces/msg/_robot_state_event.py
[1.861s] -- Up-to-date symlink: /home/embedded/ros2_ws/install/kobuki_ros_interfaces/lib/python3.12/site-packages/kobuki_ros_interfaces/msg/_robot_state_event_s.c
[1.861s] -- Up-to-date symlink: /home/embedded/ros2_ws/install/kobuki_ros_interfaces/lib/python3.12/site-packages/kobuki_ros_interfaces/msg/_scan_angle.py
[1.861s] -- Up-to-date symlink: /home/embedded/ros2_ws/install/kobuki_ros_interfaces/lib/python3.12/site-packages/kobuki_ros_interfaces/msg/_scan_angle_s.c
[1.861s] -- Up-to-date symlink: /home/embedded/ros2_ws/install/kobuki_ros_interfaces/lib/python3.12/site-packages/kobuki_ros_interfaces/msg/_sensor_state.py
[1.861s] -- Up-to-date symlink: /home/embedded/ros2_ws/install/kobuki_ros_interfaces/lib/python3.12/site-packages/kobuki_ros_interfaces/msg/_sensor_state_s.c
[1.861s] -- Up-to-date symlink: /home/embedded/ros2_ws/install/kobuki_ros_interfaces/lib/python3.12/site-packages/kobuki_ros_interfaces/msg/_sound.py
[1.862s] -- Up-to-date symlink: /home/embedded/ros2_ws/install/kobuki_ros_interfaces/lib/python3.12/site-packages/kobuki_ros_interfaces/msg/_sound_s.c
[1.862s] -- Up-to-date symlink: /home/embedded/ros2_ws/install/kobuki_ros_interfaces/lib/python3.12/site-packages/kobuki_ros_interfaces/msg/_version_info.py
[1.862s] -- Up-to-date symlink: /home/embedded/ros2_ws/install/kobuki_ros_interfaces/lib/python3.12/site-packages/kobuki_ros_interfaces/msg/_version_info_s.c
[1.862s] -- Up-to-date symlink: /home/embedded/ros2_ws/install/kobuki_ros_interfaces/lib/python3.12/site-packages/kobuki_ros_interfaces/msg/_wheel_drop_event.py
[1.862s] -- Up-to-date symlink: /home/embedded/ros2_ws/install/kobuki_ros_interfaces/lib/python3.12/site-packages/kobuki_ros_interfaces/msg/_wheel_drop_event_s.c
[1.862s] -- Up-to-date symlink: /home/embedded/ros2_ws/install/kobuki_ros_interfaces/lib/python3.12/site-packages/kobuki_ros_interfaces/kobuki_ros_interfaces_s__rosidl_typesupport_fastrtps_c.so
[1.862s] -- Up-to-date symlink: /home/embedded/ros2_ws/install/kobuki_ros_interfaces/lib/python3.12/site-packages/kobuki_ros_interfaces/kobuki_ros_interfaces_s__rosidl_typesupport_introspection_c.so
[1.862s] -- Up-to-date symlink: /home/embedded/ros2_ws/install/kobuki_ros_interfaces/lib/python3.12/site-packages/kobuki_ros_interfaces/kobuki_ros_interfaces_s__rosidl_typesupport_c.so
[1.862s] -- Up-to-date symlink: /home/embedded/ros2_ws/install/kobuki_ros_interfaces/share/kobuki_ros_interfaces/msg/BumperEvent.idl
[1.862s] -- Up-to-date symlink: /home/embedded/ros2_ws/install/kobuki_ros_interfaces/share/kobuki_ros_interfaces/msg/CliffEvent.idl
[1.862s] -- Up-to-date symlink: /home/embedded/ros2_ws/install/kobuki_ros_interfaces/share/kobuki_ros_interfaces/msg/DigitalOutput.idl
[1.863s] -- Up-to-date symlink: /home/embedded/ros2_ws/install/kobuki_ros_interfaces/share/kobuki_ros_interfaces/msg/ExternalPower.idl
[1.863s] -- Up-to-date symlink: /home/embedded/ros2_ws/install/kobuki_ros_interfaces/share/kobuki_ros_interfaces/msg/Led.idl
[1.863s] -- Up-to-date symlink: /home/embedded/ros2_ws/install/kobuki_ros_interfaces/share/kobuki_ros_interfaces/msg/PowerSystemEvent.idl
[1.869s] -- Up-to-date symlink: /home/embedded/ros2_ws/install/kobuki_ros_interfaces/share/kobuki_ros_interfaces/msg/SensorState.idl
[1.869s] -- Up-to-date symlink: /home/embedded/ros2_ws/install/kobuki_ros_interfaces/share/kobuki_ros_interfaces/msg/VersionInfo.idl
[1.870s] -- Up-to-date symlink: /home/embedded/ros2_ws/install/kobuki_ros_interfaces/share/kobuki_ros_interfaces/msg/ControllerInfo.idl
[1.870s] -- Up-to-date symlink: /home/embedded/ros2_ws/install/kobuki_ros_interfaces/share/kobuki_ros_interfaces/msg/ButtonEvent.idl
[1.870s] -- Up-to-date symlink: /home/embedded/ros2_ws/install/kobuki_ros_interfaces/share/kobuki_ros_interfaces/msg/DigitalInputEvent.idl
[1.870s] -- Up-to-date symlink: /home/embedded/ros2_ws/install/kobuki_ros_interfaces/share/kobuki_ros_interfaces/msg/DockInfraRed.idl
[1.870s] -- Up-to-date symlink: /home/embedded/ros2_ws/install/kobuki_ros_interfaces/share/kobuki_ros_interfaces/msg/KeyboardInput.idl
[1.870s] -- Up-to-date symlink: /home/embedded/ros2_ws/install/kobuki_ros_interfaces/share/kobuki_ros_interfaces/msg/MotorPower.idl
[1.870s] -- Up-to-date symlink: /home/embedded/ros2_ws/install/kobuki_ros_interfaces/share/kobuki_ros_interfaces/msg/RobotStateEvent.idl
[1.871s] -- Up-to-date symlink: /home/embedded/ros2_ws/install/kobuki_ros_interfaces/share/kobuki_ros_interfaces/msg/Sound.idl
[1.871s] -- Up-to-date symlink: /home/embedded/ros2_ws/install/kobuki_ros_interfaces/share/kobuki_ros_interfaces/msg/ScanAngle.idl
[1.871s] -- Up-to-date symlink: /home/embedded/ros2_ws/install/kobuki_ros_interfaces/share/kobuki_ros_interfaces/msg/WheelDropEvent.idl
[1.874s] -- Up-to-date symlink: /home/embedded/ros2_ws/install/kobuki_ros_interfaces/share/kobuki_ros_interfaces/action/AutoDocking.idl
[1.874s] -- Up-to-date symlink: /home/embedded/ros2_ws/install/kobuki_ros_interfaces/share/kobuki_ros_interfaces/msg/BumperEvent.msg
[1.874s] -- Up-to-date symlink: /home/embedded/ros2_ws/install/kobuki_ros_interfaces/share/kobuki_ros_interfaces/msg/CliffEvent.msg
[1.874s] -- Up-to-date symlink: /home/embedded/ros2_ws/install/kobuki_ros_interfaces/share/kobuki_ros_interfaces/msg/DigitalOutput.msg
[1.875s] -- Up-to-date symlink: /home/embedded/ros2_ws/install/kobuki_ros_interfaces/share/kobuki_ros_interfaces/msg/ExternalPower.msg
[1.875s] -- Up-to-date symlink: /home/embedded/ros2_ws/install/kobuki_ros_interfaces/share/kobuki_ros_interfaces/msg/Led.msg
[1.875s] -- Up-to-date symlink: /home/embedded/ros2_ws/install/kobuki_ros_interfaces/share/kobuki_ros_interfaces/msg/PowerSystemEvent.msg
[1.875s] -- Up-to-date symlink: /home/embedded/ros2_ws/install/kobuki_ros_interfaces/share/kobuki_ros_interfaces/msg/SensorState.msg
[1.875s] -- Up-to-date symlink: /home/embedded/ros2_ws/install/kobuki_ros_interfaces/share/kobuki_ros_interfaces/msg/VersionInfo.msg
[1.875s] -- Up-to-date symlink: /home/embedded/ros2_ws/install/kobuki_ros_interfaces/share/kobuki_ros_interfaces/msg/ControllerInfo.msg
[1.875s] -- Up-to-date symlink: /home/embedded/ros2_ws/install/kobuki_ros_interfaces/share/kobuki_ros_interfaces/msg/ButtonEvent.msg
[1.875s] -- Up-to-date symlink: /home/embedded/ros2_ws/install/kobuki_ros_interfaces/share/kobuki_ros_interfaces/msg/DigitalInputEvent.msg
[1.875s] -- Up-to-date symlink: /home/embedded/ros2_ws/install/kobuki_ros_interfaces/share/kobuki_ros_interfaces/msg/DockInfraRed.msg
[1.875s] -- Up-to-date symlink: /home/embedded/ros2_ws/install/kobuki_ros_interfaces/share/kobuki_ros_interfaces/msg/KeyboardInput.msg
[1.875s] -- Up-to-date symlink: /home/embedded/ros2_ws/install/kobuki_ros_interfaces/share/kobuki_ros_interfaces/msg/MotorPower.msg
[1.876s] -- Up-to-date symlink: /home/embedded/ros2_ws/install/kobuki_ros_interfaces/share/kobuki_ros_interfaces/msg/RobotStateEvent.msg
[1.876s] -- Up-to-date symlink: /home/embedded/ros2_ws/install/kobuki_ros_interfaces/share/kobuki_ros_interfaces/msg/Sound.msg
[1.876s] -- Up-to-date symlink: /home/embedded/ros2_ws/install/kobuki_ros_interfaces/share/kobuki_ros_interfaces/msg/ScanAngle.msg
[1.876s] -- Up-to-date symlink: /home/embedded/ros2_ws/install/kobuki_ros_interfaces/share/kobuki_ros_interfaces/msg/WheelDropEvent.msg
[1.876s] -- Up-to-date symlink: /home/embedded/ros2_ws/install/kobuki_ros_interfaces/share/kobuki_ros_interfaces/action/AutoDocking.action
[1.876s] -- Up-to-date symlink: /home/embedded/ros2_ws/install/kobuki_ros_interfaces/share/ament_index/resource_index/package_run_dependencies/kobuki_ros_interfaces
[1.876s] -- Up-to-date symlink: /home/embedded/ros2_ws/install/kobuki_ros_interfaces/share/ament_index/resource_index/parent_prefix_path/kobuki_ros_interfaces
[1.876s] -- Up-to-date symlink: /home/embedded/ros2_ws/install/kobuki_ros_interfaces/share/kobuki_ros_interfaces/environment/ament_prefix_path.sh
[1.876s] -- Up-to-date symlink: /home/embedded/ros2_ws/install/kobuki_ros_interfaces/share/kobuki_ros_interfaces/environment/ament_prefix_path.dsv
[1.881s] -- Up-to-date symlink: /home/embedded/ros2_ws/install/kobuki_ros_interfaces/share/kobuki_ros_interfaces/environment/path.sh
[1.882s] -- Up-to-date symlink: /home/embedded/ros2_ws/install/kobuki_ros_interfaces/share/kobuki_ros_interfaces/environment/path.dsv
[1.882s] -- Up-to-date symlink: /home/embedded/ros2_ws/install/kobuki_ros_interfaces/share/kobuki_ros_interfaces/local_setup.bash
[1.882s] -- Up-to-date symlink: /home/embedded/ros2_ws/install/kobuki_ros_interfaces/share/kobuki_ros_interfaces/local_setup.sh
[1.882s] -- Up-to-date symlink: /home/embedded/ros2_ws/install/kobuki_ros_interfaces/share/kobuki_ros_interfaces/local_setup.zsh
[1.882s] -- Up-to-date symlink: /home/embedded/ros2_ws/install/kobuki_ros_interfaces/share/kobuki_ros_interfaces/local_setup.dsv
[1.882s] -- Symlinking: /home/embedded/ros2_ws/install/kobuki_ros_interfaces/share/kobuki_ros_interfaces/package.dsv
[1.883s] -- Up-to-date symlink: /home/embedded/ros2_ws/install/kobuki_ros_interfaces/share/ament_index/resource_index/packages/kobuki_ros_interfaces
[1.883s] -- Up-to-date symlink: /home/embedded/ros2_ws/install/kobuki_ros_interfaces/share/kobuki_ros_interfaces/cmake/rosidl_cmake-extras.cmake
[1.883s] -- Up-to-date symlink: /home/embedded/ros2_ws/install/kobuki_ros_interfaces/share/kobuki_ros_interfaces/cmake/ament_cmake_export_dependencies-extras.cmake
[1.883s] -- Up-to-date symlink: /home/embedded/ros2_ws/install/kobuki_ros_interfaces/share/kobuki_ros_interfaces/cmake/ament_cmake_export_include_directories-extras.cmake
[1.883s] -- Up-to-date symlink: /home/embedded/ros2_ws/install/kobuki_ros_interfaces/share/kobuki_ros_interfaces/cmake/ament_cmake_export_libraries-extras.cmake
[1.883s] -- Up-to-date symlink: /home/embedded/ros2_ws/install/kobuki_ros_interfaces/share/kobuki_ros_interfaces/cmake/ament_cmake_export_targets-extras.cmake
[1.883s] -- Up-to-date symlink: /home/embedded/ros2_ws/install/kobuki_ros_interfaces/share/kobuki_ros_interfaces/cmake/rosidl_cmake_export_typesupport_targets-extras.cmake
[1.883s] -- Up-to-date symlink: /home/embedded/ros2_ws/install/kobuki_ros_interfaces/share/kobuki_ros_interfaces/cmake/rosidl_cmake_export_typesupport_libraries-extras.cmake
[1.883s] -- Up-to-date symlink: /home/embedded/ros2_ws/install/kobuki_ros_interfaces/share/kobuki_ros_interfaces/cmake/kobuki_ros_interfacesConfig.cmake
[1.883s] -- Up-to-date symlink: /home/embedded/ros2_ws/install/kobuki_ros_interfaces/share/kobuki_ros_interfaces/cmake/kobuki_ros_interfacesConfig-version.cmake
[1.884s] -- Up-to-date symlink: /home/embedded/ros2_ws/install/kobuki_ros_interfaces/share/kobuki_ros_interfaces/package.xml
[1.884s] -- Up-to-date: /home/embedded/ros2_ws/install/kobuki_ros_interfaces/lib/libkobuki_ros_interfaces__rosidl_generator_c.so
[1.884s] -- Up-to-date: /home/embedded/ros2_ws/install/kobuki_ros_interfaces/lib/libkobuki_ros_interfaces__rosidl_typesupport_fastrtps_c.so
[1.884s] -- Up-to-date: /home/embedded/ros2_ws/install/kobuki_ros_interfaces/lib/libkobuki_ros_interfaces__rosidl_typesupport_fastrtps_cpp.so
[1.886s] -- Up-to-date: /home/embedded/ros2_ws/install/kobuki_ros_interfaces/lib/libkobuki_ros_interfaces__rosidl_typesupport_introspection_c.so
[1.886s] -- Up-to-date: /home/embedded/ros2_ws/install/kobuki_ros_interfaces/lib/libkobuki_ros_interfaces__rosidl_typesupport_c.so
[1.886s] -- Up-to-date: /home/embedded/ros2_ws/install/kobuki_ros_interfaces/lib/libkobuki_ros_interfaces__rosidl_typesupport_introspection_cpp.so
[1.887s] -- Up-to-date: /home/embedded/ros2_ws/install/kobuki_ros_interfaces/lib/libkobuki_ros_interfaces__rosidl_typesupport_cpp.so
[1.915s] Listing '/home/embedded/ros2_ws/install/kobuki_ros_interfaces/lib/python3.12/site-packages/kobuki_ros_interfaces'...
[1.915s] Listing '/home/embedded/ros2_ws/install/kobuki_ros_interfaces/lib/python3.12/site-packages/kobuki_ros_interfaces/action'...
[1.915s] Listing '/home/embedded/ros2_ws/install/kobuki_ros_interfaces/lib/python3.12/site-packages/kobuki_ros_interfaces/msg'...
[1.935s] -- Up-to-date: /home/embedded/ros2_ws/install/kobuki_ros_interfaces/lib/libkobuki_ros_interfaces__rosidl_generator_py.so
[1.935s] -- Up-to-date: /home/embedded/ros2_ws/install/kobuki_ros_interfaces/share/kobuki_ros_interfaces/cmake/export_kobuki_ros_interfaces__rosidl_generator_cExport.cmake
[1.935s] -- Up-to-date: /home/embedded/ros2_ws/install/kobuki_ros_interfaces/share/kobuki_ros_interfaces/cmake/export_kobuki_ros_interfaces__rosidl_generator_cExport-noconfig.cmake
[1.935s] -- Up-to-date: /home/embedded/ros2_ws/install/kobuki_ros_interfaces/share/kobuki_ros_interfaces/cmake/export_kobuki_ros_interfaces__rosidl_typesupport_fastrtps_cExport.cmake
[1.935s] -- Up-to-date: /home/embedded/ros2_ws/install/kobuki_ros_interfaces/share/kobuki_ros_interfaces/cmake/export_kobuki_ros_interfaces__rosidl_typesupport_fastrtps_cExport-noconfig.cmake
[1.936s] -- Up-to-date: /home/embedded/ros2_ws/install/kobuki_ros_interfaces/share/kobuki_ros_interfaces/cmake/export_kobuki_ros_interfaces__rosidl_generator_cppExport.cmake
[1.936s] -- Up-to-date: /home/embedded/ros2_ws/install/kobuki_ros_interfaces/share/kobuki_ros_interfaces/cmake/export_kobuki_ros_interfaces__rosidl_typesupport_fastrtps_cppExport.cmake
[1.936s] -- Up-to-date: /home/embedded/ros2_ws/install/kobuki_ros_interfaces/share/kobuki_ros_interfaces/cmake/export_kobuki_ros_interfaces__rosidl_typesupport_fastrtps_cppExport-noconfig.cmake
[1.936s] -- Up-to-date: /home/embedded/ros2_ws/install/kobuki_ros_interfaces/share/kobuki_ros_interfaces/cmake/kobuki_ros_interfaces__rosidl_typesupport_introspection_cExport.cmake
[1.936s] -- Up-to-date: /home/embedded/ros2_ws/install/kobuki_ros_interfaces/share/kobuki_ros_interfaces/cmake/kobuki_ros_interfaces__rosidl_typesupport_introspection_cExport-noconfig.cmake
[1.936s] -- Up-to-date: /home/embedded/ros2_ws/install/kobuki_ros_interfaces/share/kobuki_ros_interfaces/cmake/kobuki_ros_interfaces__rosidl_typesupport_cExport.cmake
[1.936s] -- Up-to-date: /home/embedded/ros2_ws/install/kobuki_ros_interfaces/share/kobuki_ros_interfaces/cmake/kobuki_ros_interfaces__rosidl_typesupport_cExport-noconfig.cmake
[1.936s] -- Up-to-date: /home/embedded/ros2_ws/install/kobuki_ros_interfaces/share/kobuki_ros_interfaces/cmake/kobuki_ros_interfaces__rosidl_typesupport_introspection_cppExport.cmake
[1.936s] -- Up-to-date: /home/embedded/ros2_ws/install/kobuki_ros_interfaces/share/kobuki_ros_interfaces/cmake/kobuki_ros_interfaces__rosidl_typesupport_introspection_cppExport-noconfig.cmake
[1.936s] -- Up-to-date: /home/embedded/ros2_ws/install/kobuki_ros_interfaces/share/kobuki_ros_interfaces/cmake/kobuki_ros_interfaces__rosidl_typesupport_cppExport.cmake
[1.936s] -- Up-to-date: /home/embedded/ros2_ws/install/kobuki_ros_interfaces/share/kobuki_ros_interfaces/cmake/kobuki_ros_interfaces__rosidl_typesupport_cppExport-noconfig.cmake
[1.937s] -- Up-to-date: /home/embedded/ros2_ws/install/kobuki_ros_interfaces/share/kobuki_ros_interfaces/cmake/export_kobuki_ros_interfaces__rosidl_generator_pyExport.cmake
[1.937s] -- Up-to-date: /home/embedded/ros2_ws/install/kobuki_ros_interfaces/share/kobuki_ros_interfaces/cmake/export_kobuki_ros_interfaces__rosidl_generator_pyExport-noconfig.cmake
[1.943s] Invoked command in '/home/embedded/ros2_ws/build/kobuki_ros_interfaces' returned '0': CMAKE_PREFIX_PATH=${CMAKE_PREFIX_PATH}:/opt/ros/jazzy /usr/bin/cmake --install /home/embedded/ros2_ws/build/kobuki_ros_interfaces
