[0.083s] Invoking command in '/home/embedded/ros2_ws/build/ecl_errors': AMENT_PREFIX_PATH=/home/embedded/ros2_ws/install/ecl_config:${AMENT_PREFIX_PATH} CMAKE_PREFIX_PATH=/home/embedded/ros2_ws/install/ecl_config:/opt/ros/jazzy/opt/gz_sim_vendor:/opt/ros/jazzy/opt/gz_sensors_vendor:/opt/ros/jazzy/opt/gz_physics_vendor:/opt/ros/jazzy/opt/sdformat_vendor:/opt/ros/jazzy/opt/gz_gui_vendor:/opt/ros/jazzy/opt/gz_transport_vendor:/opt/ros/jazzy/opt/gz_rendering_vendor:/opt/ros/jazzy/opt/gz_plugin_vendor:/opt/ros/jazzy/opt/gz_fuel_tools_vendor:/opt/ros/jazzy/opt/gz_msgs_vendor:/opt/ros/jazzy/opt/gz_common_vendor:/opt/ros/jazzy/opt/gz_tools_vendor:/opt/ros/jazzy/opt/gz_ogre_next_vendor:/opt/ros/jazzy/opt/gz_dartsim_vendor:/opt/ros/jazzy/opt/gz_math_vendor:/opt/ros/jazzy/opt/gz_utils_vendor:/opt/ros/jazzy/opt/gz_cmake_vendor:/opt/ros/jazzy PATH=/home/embedded/ros2_ws/install/ecl_config/bin:${PATH} /usr/bin/cmake --build /home/embedded/ros2_ws/build/ecl_errors -- -j4 -l4
[0.269s] [ 50%] Built target ecl_errors
[0.399s] [100%] Built target ecl_errors_example_errors
[0.460s] Invoked command in '/home/embedded/ros2_ws/build/ecl_errors' returned '0': AMENT_PREFIX_PATH=/home/embedded/ros2_ws/install/ecl_config:${AMENT_PREFIX_PATH} CMAKE_PREFIX_PATH=/home/embedded/ros2_ws/install/ecl_config:/opt/ros/jazzy/opt/gz_sim_vendor:/opt/ros/jazzy/opt/gz_sensors_vendor:/opt/ros/jazzy/opt/gz_physics_vendor:/opt/ros/jazzy/opt/sdformat_vendor:/opt/ros/jazzy/opt/gz_gui_vendor:/opt/ros/jazzy/opt/gz_transport_vendor:/opt/ros/jazzy/opt/gz_rendering_vendor:/opt/ros/jazzy/opt/gz_plugin_vendor:/opt/ros/jazzy/opt/gz_fuel_tools_vendor:/opt/ros/jazzy/opt/gz_msgs_vendor:/opt/ros/jazzy/opt/gz_common_vendor:/opt/ros/jazzy/opt/gz_tools_vendor:/opt/ros/jazzy/opt/gz_ogre_next_vendor:/opt/ros/jazzy/opt/gz_dartsim_vendor:/opt/ros/jazzy/opt/gz_math_vendor:/opt/ros/jazzy/opt/gz_utils_vendor:/opt/ros/jazzy/opt/gz_cmake_vendor:/opt/ros/jazzy PATH=/home/embedded/ros2_ws/install/ecl_config/bin:${PATH} /usr/bin/cmake --build /home/embedded/ros2_ws/build/ecl_errors -- -j4 -l4
[0.461s] Invoking command in '/home/embedded/ros2_ws/build/ecl_errors': AMENT_PREFIX_PATH=/home/embedded/ros2_ws/install/ecl_config:${AMENT_PREFIX_PATH} CMAKE_PREFIX_PATH=/home/embedded/ros2_ws/install/ecl_config:/opt/ros/jazzy/opt/gz_sim_vendor:/opt/ros/jazzy/opt/gz_sensors_vendor:/opt/ros/jazzy/opt/gz_physics_vendor:/opt/ros/jazzy/opt/sdformat_vendor:/opt/ros/jazzy/opt/gz_gui_vendor:/opt/ros/jazzy/opt/gz_transport_vendor:/opt/ros/jazzy/opt/gz_rendering_vendor:/opt/ros/jazzy/opt/gz_plugin_vendor:/opt/ros/jazzy/opt/gz_fuel_tools_vendor:/opt/ros/jazzy/opt/gz_msgs_vendor:/opt/ros/jazzy/opt/gz_common_vendor:/opt/ros/jazzy/opt/gz_tools_vendor:/opt/ros/jazzy/opt/gz_ogre_next_vendor:/opt/ros/jazzy/opt/gz_dartsim_vendor:/opt/ros/jazzy/opt/gz_math_vendor:/opt/ros/jazzy/opt/gz_utils_vendor:/opt/ros/jazzy/opt/gz_cmake_vendor:/opt/ros/jazzy PATH=/home/embedded/ros2_ws/install/ecl_config/bin:${PATH} /usr/bin/cmake --install /home/embedded/ros2_ws/build/ecl_errors
[0.488s] -- Install configuration: ""
[0.489s] -- Execute custom install script
[0.490s] -- Up-to-date symlink: /home/embedded/ros2_ws/install/ecl_errors/include/ecl/errors/compile_time_assert.hpp
[0.490s] -- Up-to-date symlink: /home/embedded/ros2_ws/install/ecl_errors/include/ecl/errors/flags.hpp
[0.492s] -- Up-to-date symlink: /home/embedded/ros2_ws/install/ecl_errors/include/ecl/errors/handlers.hpp
[0.493s] -- Up-to-date symlink: /home/embedded/ros2_ws/install/ecl_errors/include/ecl/errors/macros.hpp
[0.493s] -- Up-to-date symlink: /home/embedded/ros2_ws/install/ecl_errors/include/ecl/errors/run_time_functions.hpp
[0.493s] -- Up-to-date symlink: /home/embedded/ros2_ws/install/ecl_errors/include/ecl/errors.hpp
[0.493s] -- Up-to-date symlink: /home/embedded/ros2_ws/install/ecl_errors/lib/ecl_errors/demo_errors
[0.494s] -- Up-to-date symlink: /home/embedded/ros2_ws/install/ecl_errors/share/ecl_errors/environment/library_path.sh
[0.494s] -- Up-to-date symlink: /home/embedded/ros2_ws/install/ecl_errors/share/ecl_errors/environment/library_path.dsv
[0.495s] -- Up-to-date symlink: /home/embedded/ros2_ws/install/ecl_errors/share/ament_index/resource_index/package_run_dependencies/ecl_errors
[0.495s] -- Up-to-date symlink: /home/embedded/ros2_ws/install/ecl_errors/share/ament_index/resource_index/parent_prefix_path/ecl_errors
[0.495s] -- Up-to-date symlink: /home/embedded/ros2_ws/install/ecl_errors/share/ecl_errors/environment/ament_prefix_path.sh
[0.495s] -- Up-to-date symlink: /home/embedded/ros2_ws/install/ecl_errors/share/ecl_errors/environment/ament_prefix_path.dsv
[0.495s] -- Up-to-date symlink: /home/embedded/ros2_ws/install/ecl_errors/share/ecl_errors/environment/path.sh
[0.495s] -- Up-to-date symlink: /home/embedded/ros2_ws/install/ecl_errors/share/ecl_errors/environment/path.dsv
[0.495s] -- Up-to-date symlink: /home/embedded/ros2_ws/install/ecl_errors/share/ecl_errors/local_setup.bash
[0.496s] -- Up-to-date symlink: /home/embedded/ros2_ws/install/ecl_errors/share/ecl_errors/local_setup.sh
[0.500s] -- Up-to-date symlink: /home/embedded/ros2_ws/install/ecl_errors/share/ecl_errors/local_setup.zsh
[0.500s] -- Up-to-date symlink: /home/embedded/ros2_ws/install/ecl_errors/share/ecl_errors/local_setup.dsv
[0.501s] -- Symlinking: /home/embedded/ros2_ws/install/ecl_errors/share/ecl_errors/package.dsv
[0.518s] -- Up-to-date symlink: /home/embedded/ros2_ws/install/ecl_errors/share/ament_index/resource_index/packages/ecl_errors
[0.518s] -- Up-to-date symlink: /home/embedded/ros2_ws/install/ecl_errors/share/ecl_errors/cmake/ament_cmake_export_targets-extras.cmake
[0.519s] -- Up-to-date symlink: /home/embedded/ros2_ws/install/ecl_errors/share/ecl_errors/cmake/ament_cmake_export_include_directories-extras.cmake
[0.520s] -- Up-to-date symlink: /home/embedded/ros2_ws/install/ecl_errors/share/ecl_errors/cmake/ament_cmake_export_libraries-extras.cmake
[0.520s] -- Up-to-date symlink: /home/embedded/ros2_ws/install/ecl_errors/share/ecl_errors/cmake/ament_cmake_export_dependencies-extras.cmake
[0.522s] -- Up-to-date symlink: /home/embedded/ros2_ws/install/ecl_errors/share/ecl_errors/cmake/ecl_errorsConfig.cmake
[0.522s] -- Up-to-date symlink: /home/embedded/ros2_ws/install/ecl_errors/share/ecl_errors/cmake/ecl_errorsConfig-version.cmake
[0.523s] -- Up-to-date symlink: /home/embedded/ros2_ws/install/ecl_errors/share/ecl_errors/package.xml
[0.523s] -- Up-to-date: /home/embedded/ros2_ws/install/ecl_errors/share/ecl_errors/cmake/ecl_errorsExport.cmake
[0.523s] -- Up-to-date: /home/embedded/ros2_ws/install/ecl_errors/share/ecl_errors/cmake/ecl_errorsExport-noconfig.cmake
[0.523s] -- Up-to-date: /home/embedded/ros2_ws/install/ecl_errors/lib/libecl_errors.so.1.2.0
[0.523s] -- Up-to-date: /home/embedded/ros2_ws/install/ecl_errors/lib/libecl_errors.so
[0.532s] Invoked command in '/home/embedded/ros2_ws/build/ecl_errors' returned '0': AMENT_PREFIX_PATH=/home/embedded/ros2_ws/install/ecl_config:${AMENT_PREFIX_PATH} CMAKE_PREFIX_PATH=/home/embedded/ros2_ws/install/ecl_config:/opt/ros/jazzy/opt/gz_sim_vendor:/opt/ros/jazzy/opt/gz_sensors_vendor:/opt/ros/jazzy/opt/gz_physics_vendor:/opt/ros/jazzy/opt/sdformat_vendor:/opt/ros/jazzy/opt/gz_gui_vendor:/opt/ros/jazzy/opt/gz_transport_vendor:/opt/ros/jazzy/opt/gz_rendering_vendor:/opt/ros/jazzy/opt/gz_plugin_vendor:/opt/ros/jazzy/opt/gz_fuel_tools_vendor:/opt/ros/jazzy/opt/gz_msgs_vendor:/opt/ros/jazzy/opt/gz_common_vendor:/opt/ros/jazzy/opt/gz_tools_vendor:/opt/ros/jazzy/opt/gz_ogre_next_vendor:/opt/ros/jazzy/opt/gz_dartsim_vendor:/opt/ros/jazzy/opt/gz_math_vendor:/opt/ros/jazzy/opt/gz_utils_vendor:/opt/ros/jazzy/opt/gz_cmake_vendor:/opt/ros/jazzy PATH=/home/embedded/ros2_ws/install/ecl_config/bin:${PATH} /usr/bin/cmake --install /home/embedded/ros2_ws/build/ecl_errors
