-- Install configuration: ""
-- Execute custom install script
-- Symlinking: /home/embedded/ros2_ws/install/ecl_eigen/include/ecl/eigen.hpp
-- Symlinking: /home/embedded/ros2_ws/install/ecl_eigen/share/licenses/eigen/COPYING.LESSER
-- Symlinking: /home/embedded/ros2_ws/install/ecl_eigen/share/ament_index/resource_index/package_run_dependencies/ecl_eigen
-- Symlinking: /home/embedded/ros2_ws/install/ecl_eigen/share/ament_index/resource_index/parent_prefix_path/ecl_eigen
-- Symlinking: /home/embedded/ros2_ws/install/ecl_eigen/share/ecl_eigen/environment/ament_prefix_path.sh
-- Symlinking: /home/embedded/ros2_ws/install/ecl_eigen/share/ecl_eigen/environment/ament_prefix_path.dsv
-- Symlinking: /home/embedded/ros2_ws/install/ecl_eigen/share/ecl_eigen/environment/path.sh
-- Symlinking: /home/embedded/ros2_ws/install/ecl_eigen/share/ecl_eigen/environment/path.dsv
-- Symlinking: /home/embedded/ros2_ws/install/ecl_eigen/share/ecl_eigen/local_setup.bash
-- Symlinking: /home/embedded/ros2_ws/install/ecl_eigen/share/ecl_eigen/local_setup.sh
-- Symlinking: /home/embedded/ros2_ws/install/ecl_eigen/share/ecl_eigen/local_setup.zsh
-- Symlinking: /home/embedded/ros2_ws/install/ecl_eigen/share/ecl_eigen/local_setup.dsv
-- Symlinking: /home/embedded/ros2_ws/install/ecl_eigen/share/ecl_eigen/package.dsv
-- Symlinking: /home/embedded/ros2_ws/install/ecl_eigen/share/ament_index/resource_index/packages/ecl_eigen
-- Symlinking: /home/embedded/ros2_ws/install/ecl_eigen/share/ecl_eigen/cmake/ament_cmake_export_targets-extras.cmake
-- Symlinking: /home/embedded/ros2_ws/install/ecl_eigen/share/ecl_eigen/cmake/ament_cmake_export_include_directories-extras.cmake
-- Symlinking: /home/embedded/ros2_ws/install/ecl_eigen/share/ecl_eigen/cmake/ament_cmake_export_dependencies-extras.cmake
-- Symlinking: /home/embedded/ros2_ws/install/ecl_eigen/share/ecl_eigen/cmake/ecl_eigenConfig.cmake
-- Symlinking: /home/embedded/ros2_ws/install/ecl_eigen/share/ecl_eigen/cmake/ecl_eigenConfig-version.cmake
-- Symlinking: /home/embedded/ros2_ws/install/ecl_eigen/share/ecl_eigen/package.xml
-- Installing: /home/embedded/ros2_ws/install/ecl_eigen/share/ecl_eigen/cmake/ecl_eigenExport.cmake
