[0.071s] Invoking command in '/home/embedded/ros2_ws/build/ecl_type_traits': AMENT_PREFIX_PATH=/home/embedded/ros2_ws/install/ecl_mpl:/home/embedded/ros2_ws/install/ecl_config:${AMENT_PREFIX_PATH} CMAKE_PREFIX_PATH=/home/embedded/ros2_ws/install/ecl_mpl:/home/embedded/ros2_ws/install/ecl_config:/opt/ros/jazzy/opt/gz_sim_vendor:/opt/ros/jazzy/opt/gz_sensors_vendor:/opt/ros/jazzy/opt/gz_physics_vendor:/opt/ros/jazzy/opt/sdformat_vendor:/opt/ros/jazzy/opt/gz_gui_vendor:/opt/ros/jazzy/opt/gz_transport_vendor:/opt/ros/jazzy/opt/gz_rendering_vendor:/opt/ros/jazzy/opt/gz_plugin_vendor:/opt/ros/jazzy/opt/gz_fuel_tools_vendor:/opt/ros/jazzy/opt/gz_msgs_vendor:/opt/ros/jazzy/opt/gz_common_vendor:/opt/ros/jazzy/opt/gz_tools_vendor:/opt/ros/jazzy/opt/gz_ogre_next_vendor:/opt/ros/jazzy/opt/gz_dartsim_vendor:/opt/ros/jazzy/opt/gz_math_vendor:/opt/ros/jazzy/opt/gz_utils_vendor:/opt/ros/jazzy/opt/gz_cmake_vendor:/opt/ros/jazzy PATH=/home/embedded/ros2_ws/install/ecl_config/bin:${PATH} /usr/bin/cmake --build /home/embedded/ros2_ws/build/ecl_type_traits -- -j4 -l4
[0.257s] [ 33%] Built target gtest_main
[0.257s] [ 33%] Built target ecl_type_traits
[0.272s] [ 50%] Built target gtest
[0.328s] [ 66%] Built target ecl_detect_sizes
[0.354s] [ 83%] Built target test_numeric_limits
[0.362s] [100%] Built target test_fundamental_types
[0.412s] Invoked command in '/home/embedded/ros2_ws/build/ecl_type_traits' returned '0': AMENT_PREFIX_PATH=/home/embedded/ros2_ws/install/ecl_mpl:/home/embedded/ros2_ws/install/ecl_config:${AMENT_PREFIX_PATH} CMAKE_PREFIX_PATH=/home/embedded/ros2_ws/install/ecl_mpl:/home/embedded/ros2_ws/install/ecl_config:/opt/ros/jazzy/opt/gz_sim_vendor:/opt/ros/jazzy/opt/gz_sensors_vendor:/opt/ros/jazzy/opt/gz_physics_vendor:/opt/ros/jazzy/opt/sdformat_vendor:/opt/ros/jazzy/opt/gz_gui_vendor:/opt/ros/jazzy/opt/gz_transport_vendor:/opt/ros/jazzy/opt/gz_rendering_vendor:/opt/ros/jazzy/opt/gz_plugin_vendor:/opt/ros/jazzy/opt/gz_fuel_tools_vendor:/opt/ros/jazzy/opt/gz_msgs_vendor:/opt/ros/jazzy/opt/gz_common_vendor:/opt/ros/jazzy/opt/gz_tools_vendor:/opt/ros/jazzy/opt/gz_ogre_next_vendor:/opt/ros/jazzy/opt/gz_dartsim_vendor:/opt/ros/jazzy/opt/gz_math_vendor:/opt/ros/jazzy/opt/gz_utils_vendor:/opt/ros/jazzy/opt/gz_cmake_vendor:/opt/ros/jazzy PATH=/home/embedded/ros2_ws/install/ecl_config/bin:${PATH} /usr/bin/cmake --build /home/embedded/ros2_ws/build/ecl_type_traits -- -j4 -l4
[0.413s] Invoking command in '/home/embedded/ros2_ws/build/ecl_type_traits': AMENT_PREFIX_PATH=/home/embedded/ros2_ws/install/ecl_mpl:/home/embedded/ros2_ws/install/ecl_config:${AMENT_PREFIX_PATH} CMAKE_PREFIX_PATH=/home/embedded/ros2_ws/install/ecl_mpl:/home/embedded/ros2_ws/install/ecl_config:/opt/ros/jazzy/opt/gz_sim_vendor:/opt/ros/jazzy/opt/gz_sensors_vendor:/opt/ros/jazzy/opt/gz_physics_vendor:/opt/ros/jazzy/opt/sdformat_vendor:/opt/ros/jazzy/opt/gz_gui_vendor:/opt/ros/jazzy/opt/gz_transport_vendor:/opt/ros/jazzy/opt/gz_rendering_vendor:/opt/ros/jazzy/opt/gz_plugin_vendor:/opt/ros/jazzy/opt/gz_fuel_tools_vendor:/opt/ros/jazzy/opt/gz_msgs_vendor:/opt/ros/jazzy/opt/gz_common_vendor:/opt/ros/jazzy/opt/gz_tools_vendor:/opt/ros/jazzy/opt/gz_ogre_next_vendor:/opt/ros/jazzy/opt/gz_dartsim_vendor:/opt/ros/jazzy/opt/gz_math_vendor:/opt/ros/jazzy/opt/gz_utils_vendor:/opt/ros/jazzy/opt/gz_cmake_vendor:/opt/ros/jazzy PATH=/home/embedded/ros2_ws/install/ecl_config/bin:${PATH} /usr/bin/cmake --install /home/embedded/ros2_ws/build/ecl_type_traits
[0.449s] -- Install configuration: ""
[0.451s] -- Execute custom install script
[0.451s] -- Up-to-date symlink: /home/embedded/ros2_ws/install/ecl_type_traits/include/ecl/type_traits/fundamental_types.hpp
[0.453s] -- Up-to-date symlink: /home/embedded/ros2_ws/install/ecl_type_traits/include/ecl/type_traits/macros.hpp
[0.453s] -- Up-to-date symlink: /home/embedded/ros2_ws/install/ecl_type_traits/include/ecl/type_traits/numeric_limits.hpp
[0.453s] -- Up-to-date symlink: /home/embedded/ros2_ws/install/ecl_type_traits/include/ecl/type_traits/traits.hpp
[0.453s] -- Up-to-date symlink: /home/embedded/ros2_ws/install/ecl_type_traits/include/ecl/type_traits.hpp
[0.453s] -- Up-to-date symlink: /home/embedded/ros2_ws/install/ecl_type_traits/bin/ecl_detect_sizes
[0.455s] -- Up-to-date symlink: /home/embedded/ros2_ws/install/ecl_type_traits/share/ecl_type_traits/environment/library_path.sh
[0.456s] -- Up-to-date symlink: /home/embedded/ros2_ws/install/ecl_type_traits/share/ecl_type_traits/environment/library_path.dsv
[0.458s] -- Up-to-date symlink: /home/embedded/ros2_ws/install/ecl_type_traits/share/ament_index/resource_index/package_run_dependencies/ecl_type_traits
[0.458s] -- Up-to-date symlink: /home/embedded/ros2_ws/install/ecl_type_traits/share/ament_index/resource_index/parent_prefix_path/ecl_type_traits
[0.458s] -- Up-to-date symlink: /home/embedded/ros2_ws/install/ecl_type_traits/share/ecl_type_traits/environment/ament_prefix_path.sh
[0.458s] -- Up-to-date symlink: /home/embedded/ros2_ws/install/ecl_type_traits/share/ecl_type_traits/environment/ament_prefix_path.dsv
[0.458s] -- Up-to-date symlink: /home/embedded/ros2_ws/install/ecl_type_traits/share/ecl_type_traits/environment/path.sh
[0.459s] -- Up-to-date symlink: /home/embedded/ros2_ws/install/ecl_type_traits/share/ecl_type_traits/environment/path.dsv
[0.467s] -- Up-to-date symlink: /home/embedded/ros2_ws/install/ecl_type_traits/share/ecl_type_traits/local_setup.bash
[0.467s] -- Up-to-date symlink: /home/embedded/ros2_ws/install/ecl_type_traits/share/ecl_type_traits/local_setup.sh
[0.467s] -- Up-to-date symlink: /home/embedded/ros2_ws/install/ecl_type_traits/share/ecl_type_traits/local_setup.zsh
[0.467s] -- Up-to-date symlink: /home/embedded/ros2_ws/install/ecl_type_traits/share/ecl_type_traits/local_setup.dsv
[0.468s] -- Symlinking: /home/embedded/ros2_ws/install/ecl_type_traits/share/ecl_type_traits/package.dsv
[0.478s] -- Up-to-date symlink: /home/embedded/ros2_ws/install/ecl_type_traits/share/ament_index/resource_index/packages/ecl_type_traits
[0.478s] -- Up-to-date symlink: /home/embedded/ros2_ws/install/ecl_type_traits/share/ecl_type_traits/cmake/ament_cmake_export_targets-extras.cmake
[0.478s] -- Up-to-date symlink: /home/embedded/ros2_ws/install/ecl_type_traits/share/ecl_type_traits/cmake/ament_cmake_export_include_directories-extras.cmake
[0.478s] -- Up-to-date symlink: /home/embedded/ros2_ws/install/ecl_type_traits/share/ecl_type_traits/cmake/ament_cmake_export_libraries-extras.cmake
[0.479s] -- Up-to-date symlink: /home/embedded/ros2_ws/install/ecl_type_traits/share/ecl_type_traits/cmake/ament_cmake_export_dependencies-extras.cmake
[0.480s] -- Up-to-date symlink: /home/embedded/ros2_ws/install/ecl_type_traits/share/ecl_type_traits/cmake/ecl_type_traitsConfig.cmake
[0.480s] -- Up-to-date symlink: /home/embedded/ros2_ws/install/ecl_type_traits/share/ecl_type_traits/cmake/ecl_type_traitsConfig-version.cmake
[0.480s] -- Up-to-date symlink: /home/embedded/ros2_ws/install/ecl_type_traits/share/ecl_type_traits/package.xml
[0.482s] -- Up-to-date: /home/embedded/ros2_ws/install/ecl_type_traits/share/ecl_type_traits/cmake/ecl_type_traitsExport.cmake
[0.482s] -- Up-to-date: /home/embedded/ros2_ws/install/ecl_type_traits/share/ecl_type_traits/cmake/ecl_type_traitsExport-noconfig.cmake
[0.482s] -- Up-to-date: /home/embedded/ros2_ws/install/ecl_type_traits/lib/libecl_type_traits.so.1.2.1
[0.482s] -- Up-to-date: /home/embedded/ros2_ws/install/ecl_type_traits/lib/libecl_type_traits.so
[0.489s] Invoked command in '/home/embedded/ros2_ws/build/ecl_type_traits' returned '0': AMENT_PREFIX_PATH=/home/embedded/ros2_ws/install/ecl_mpl:/home/embedded/ros2_ws/install/ecl_config:${AMENT_PREFIX_PATH} CMAKE_PREFIX_PATH=/home/embedded/ros2_ws/install/ecl_mpl:/home/embedded/ros2_ws/install/ecl_config:/opt/ros/jazzy/opt/gz_sim_vendor:/opt/ros/jazzy/opt/gz_sensors_vendor:/opt/ros/jazzy/opt/gz_physics_vendor:/opt/ros/jazzy/opt/sdformat_vendor:/opt/ros/jazzy/opt/gz_gui_vendor:/opt/ros/jazzy/opt/gz_transport_vendor:/opt/ros/jazzy/opt/gz_rendering_vendor:/opt/ros/jazzy/opt/gz_plugin_vendor:/opt/ros/jazzy/opt/gz_fuel_tools_vendor:/opt/ros/jazzy/opt/gz_msgs_vendor:/opt/ros/jazzy/opt/gz_common_vendor:/opt/ros/jazzy/opt/gz_tools_vendor:/opt/ros/jazzy/opt/gz_ogre_next_vendor:/opt/ros/jazzy/opt/gz_dartsim_vendor:/opt/ros/jazzy/opt/gz_math_vendor:/opt/ros/jazzy/opt/gz_utils_vendor:/opt/ros/jazzy/opt/gz_cmake_vendor:/opt/ros/jazzy PATH=/home/embedded/ros2_ws/install/ecl_config/bin:${PATH} /usr/bin/cmake --install /home/embedded/ros2_ws/build/ecl_type_traits
