[0.044s] Invoking command in '/home/embedded/ros2_ws/build/kobuki_keyop': AMENT_PREFIX_PATH=/home/embedded/ros2_ws/install/kobuki_ros_interfaces:${AMENT_PREFIX_PATH} CMAKE_PREFIX_PATH=/home/embedded/ros2_ws/install/kobuki_ros_interfaces:/opt/ros/jazzy/opt/gz_sim_vendor:/opt/ros/jazzy/opt/gz_sensors_vendor:/opt/ros/jazzy/opt/gz_physics_vendor:/opt/ros/jazzy/opt/sdformat_vendor:/opt/ros/jazzy/opt/gz_gui_vendor:/opt/ros/jazzy/opt/gz_transport_vendor:/opt/ros/jazzy/opt/gz_rendering_vendor:/opt/ros/jazzy/opt/gz_plugin_vendor:/opt/ros/jazzy/opt/gz_fuel_tools_vendor:/opt/ros/jazzy/opt/gz_msgs_vendor:/opt/ros/jazzy/opt/gz_common_vendor:/opt/ros/jazzy/opt/gz_tools_vendor:/opt/ros/jazzy/opt/gz_ogre_next_vendor:/opt/ros/jazzy/opt/gz_dartsim_vendor:/opt/ros/jazzy/opt/gz_math_vendor:/opt/ros/jazzy/opt/gz_utils_vendor:/opt/ros/jazzy/opt/gz_cmake_vendor:/opt/ros/jazzy LD_LIBRARY_PATH=/home/embedded/ros2_ws/install/kobuki_ros_interfaces/lib:${LD_LIBRARY_PATH} PYTHONPATH=/home/embedded/ros2_ws/install/kobuki_ros_interfaces/lib/python3.12/site-packages:${PYTHONPATH} /usr/bin/cmake --build /home/embedded/ros2_ws/build/kobuki_keyop -- -j4 -l4
[0.350s] [ 50%] Built target kobuki_keyop
[0.391s] [100%] Built target kobuki_keyop_node
[0.491s] Invoked command in '/home/embedded/ros2_ws/build/kobuki_keyop' returned '0': AMENT_PREFIX_PATH=/home/embedded/ros2_ws/install/kobuki_ros_interfaces:${AMENT_PREFIX_PATH} CMAKE_PREFIX_PATH=/home/embedded/ros2_ws/install/kobuki_ros_interfaces:/opt/ros/jazzy/opt/gz_sim_vendor:/opt/ros/jazzy/opt/gz_sensors_vendor:/opt/ros/jazzy/opt/gz_physics_vendor:/opt/ros/jazzy/opt/sdformat_vendor:/opt/ros/jazzy/opt/gz_gui_vendor:/opt/ros/jazzy/opt/gz_transport_vendor:/opt/ros/jazzy/opt/gz_rendering_vendor:/opt/ros/jazzy/opt/gz_plugin_vendor:/opt/ros/jazzy/opt/gz_fuel_tools_vendor:/opt/ros/jazzy/opt/gz_msgs_vendor:/opt/ros/jazzy/opt/gz_common_vendor:/opt/ros/jazzy/opt/gz_tools_vendor:/opt/ros/jazzy/opt/gz_ogre_next_vendor:/opt/ros/jazzy/opt/gz_dartsim_vendor:/opt/ros/jazzy/opt/gz_math_vendor:/opt/ros/jazzy/opt/gz_utils_vendor:/opt/ros/jazzy/opt/gz_cmake_vendor:/opt/ros/jazzy LD_LIBRARY_PATH=/home/embedded/ros2_ws/install/kobuki_ros_interfaces/lib:${LD_LIBRARY_PATH} PYTHONPATH=/home/embedded/ros2_ws/install/kobuki_ros_interfaces/lib/python3.12/site-packages:${PYTHONPATH} /usr/bin/cmake --build /home/embedded/ros2_ws/build/kobuki_keyop -- -j4 -l4
[0.493s] Invoking command in '/home/embedded/ros2_ws/build/kobuki_keyop': AMENT_PREFIX_PATH=/home/embedded/ros2_ws/install/kobuki_ros_interfaces:${AMENT_PREFIX_PATH} CMAKE_PREFIX_PATH=/home/embedded/ros2_ws/install/kobuki_ros_interfaces:/opt/ros/jazzy/opt/gz_sim_vendor:/opt/ros/jazzy/opt/gz_sensors_vendor:/opt/ros/jazzy/opt/gz_physics_vendor:/opt/ros/jazzy/opt/sdformat_vendor:/opt/ros/jazzy/opt/gz_gui_vendor:/opt/ros/jazzy/opt/gz_transport_vendor:/opt/ros/jazzy/opt/gz_rendering_vendor:/opt/ros/jazzy/opt/gz_plugin_vendor:/opt/ros/jazzy/opt/gz_fuel_tools_vendor:/opt/ros/jazzy/opt/gz_msgs_vendor:/opt/ros/jazzy/opt/gz_common_vendor:/opt/ros/jazzy/opt/gz_tools_vendor:/opt/ros/jazzy/opt/gz_ogre_next_vendor:/opt/ros/jazzy/opt/gz_dartsim_vendor:/opt/ros/jazzy/opt/gz_math_vendor:/opt/ros/jazzy/opt/gz_utils_vendor:/opt/ros/jazzy/opt/gz_cmake_vendor:/opt/ros/jazzy LD_LIBRARY_PATH=/home/embedded/ros2_ws/install/kobuki_ros_interfaces/lib:${LD_LIBRARY_PATH} PYTHONPATH=/home/embedded/ros2_ws/install/kobuki_ros_interfaces/lib/python3.12/site-packages:${PYTHONPATH} /usr/bin/cmake --install /home/embedded/ros2_ws/build/kobuki_keyop
[0.513s] -- Install configuration: ""
[0.518s] -- Execute custom install script
[0.519s] -- Up-to-date symlink: /home/embedded/ros2_ws/install/kobuki_keyop/lib/kobuki_keyop/kobuki_keyop_node
[0.522s] -- Up-to-date symlink: /home/embedded/ros2_ws/install/kobuki_keyop/lib/libkobuki_keyop.so
[0.522s] -- Up-to-date symlink: /home/embedded/ros2_ws/install/kobuki_keyop/include/kobuki_keyop/keyop.hpp
[0.522s] -- Up-to-date symlink: /home/embedded/ros2_ws/install/kobuki_keyop/share/kobuki_keyop/config/keyop_params.yaml
[0.522s] -- Up-to-date symlink: /home/embedded/ros2_ws/install/kobuki_keyop/share/ament_index/resource_index/package_run_dependencies/kobuki_keyop
[0.522s] -- Up-to-date symlink: /home/embedded/ros2_ws/install/kobuki_keyop/share/ament_index/resource_index/parent_prefix_path/kobuki_keyop
[0.523s] -- Up-to-date symlink: /home/embedded/ros2_ws/install/kobuki_keyop/share/kobuki_keyop/environment/ament_prefix_path.sh
[0.524s] -- Up-to-date symlink: /home/embedded/ros2_ws/install/kobuki_keyop/share/kobuki_keyop/environment/ament_prefix_path.dsv
[0.524s] -- Up-to-date symlink: /home/embedded/ros2_ws/install/kobuki_keyop/share/kobuki_keyop/environment/path.sh
[0.524s] -- Up-to-date symlink: /home/embedded/ros2_ws/install/kobuki_keyop/share/kobuki_keyop/environment/path.dsv
[0.525s] -- Up-to-date symlink: /home/embedded/ros2_ws/install/kobuki_keyop/share/kobuki_keyop/local_setup.bash
[0.527s] -- Up-to-date symlink: /home/embedded/ros2_ws/install/kobuki_keyop/share/kobuki_keyop/local_setup.sh
[0.527s] -- Up-to-date symlink: /home/embedded/ros2_ws/install/kobuki_keyop/share/kobuki_keyop/local_setup.zsh
[0.528s] -- Up-to-date symlink: /home/embedded/ros2_ws/install/kobuki_keyop/share/kobuki_keyop/local_setup.dsv
[0.528s] -- Symlinking: /home/embedded/ros2_ws/install/kobuki_keyop/share/kobuki_keyop/package.dsv
[0.562s] -- Up-to-date symlink: /home/embedded/ros2_ws/install/kobuki_keyop/share/ament_index/resource_index/packages/kobuki_keyop
[0.562s] -- Up-to-date symlink: /home/embedded/ros2_ws/install/kobuki_keyop/share/ament_index/resource_index/rclcpp_components/kobuki_keyop
[0.563s] -- Up-to-date symlink: /home/embedded/ros2_ws/install/kobuki_keyop/share/kobuki_keyop/cmake/kobuki_keyopConfig.cmake
[0.563s] -- Up-to-date symlink: /home/embedded/ros2_ws/install/kobuki_keyop/share/kobuki_keyop/cmake/kobuki_keyopConfig-version.cmake
[0.563s] -- Up-to-date symlink: /home/embedded/ros2_ws/install/kobuki_keyop/share/kobuki_keyop/package.xml
[0.571s] Invoked command in '/home/embedded/ros2_ws/build/kobuki_keyop' returned '0': AMENT_PREFIX_PATH=/home/embedded/ros2_ws/install/kobuki_ros_interfaces:${AMENT_PREFIX_PATH} CMAKE_PREFIX_PATH=/home/embedded/ros2_ws/install/kobuki_ros_interfaces:/opt/ros/jazzy/opt/gz_sim_vendor:/opt/ros/jazzy/opt/gz_sensors_vendor:/opt/ros/jazzy/opt/gz_physics_vendor:/opt/ros/jazzy/opt/sdformat_vendor:/opt/ros/jazzy/opt/gz_gui_vendor:/opt/ros/jazzy/opt/gz_transport_vendor:/opt/ros/jazzy/opt/gz_rendering_vendor:/opt/ros/jazzy/opt/gz_plugin_vendor:/opt/ros/jazzy/opt/gz_fuel_tools_vendor:/opt/ros/jazzy/opt/gz_msgs_vendor:/opt/ros/jazzy/opt/gz_common_vendor:/opt/ros/jazzy/opt/gz_tools_vendor:/opt/ros/jazzy/opt/gz_ogre_next_vendor:/opt/ros/jazzy/opt/gz_dartsim_vendor:/opt/ros/jazzy/opt/gz_math_vendor:/opt/ros/jazzy/opt/gz_utils_vendor:/opt/ros/jazzy/opt/gz_cmake_vendor:/opt/ros/jazzy LD_LIBRARY_PATH=/home/embedded/ros2_ws/install/kobuki_ros_interfaces/lib:${LD_LIBRARY_PATH} PYTHONPATH=/home/embedded/ros2_ws/install/kobuki_ros_interfaces/lib/python3.12/site-packages:${PYTHONPATH} /usr/bin/cmake --install /home/embedded/ros2_ws/build/kobuki_keyop
