[0.026s] Invoking command in '/home/embedded/ros2_ws/build/rplidar_ros': CMAKE_PREFIX_PATH=${CMAKE_PREFIX_PATH}:/opt/ros/jazzy /usr/bin/cmake --build /home/embedded/ros2_ws/build/rplidar_ros -- -j4 -l4
[0.355s] [ 47%] Built target rplidar_composition
[0.360s] [ 52%] Built target rplidar_client
[0.363s] [100%] Built target rplidar_node
[0.427s] Invoked command in '/home/embedded/ros2_ws/build/rplidar_ros' returned '0': CMAKE_PREFIX_PATH=${CMAKE_PREFIX_PATH}:/opt/ros/jazzy /usr/bin/cmake --build /home/embedded/ros2_ws/build/rplidar_ros -- -j4 -l4
[0.427s] Invoking command in '/home/embedded/ros2_ws/build/rplidar_ros': CMAKE_PREFIX_PATH=${CMAKE_PREFIX_PATH}:/opt/ros/jazzy /usr/bin/cmake --install /home/embedded/ros2_ws/build/rplidar_ros
[0.466s] -- Install configuration: ""
[0.469s] -- Execute custom install script
[0.469s] -- Up-to-date symlink: /home/embedded/ros2_ws/install/rplidar_ros/share/rplidar_ros/launch/rplidar_a1_launch.py
[0.470s] -- Up-to-date symlink: /home/embedded/ros2_ws/install/rplidar_ros/share/rplidar_ros/launch/rplidar_a2m12_launch.py
[0.470s] -- Up-to-date symlink: /home/embedded/ros2_ws/install/rplidar_ros/share/rplidar_ros/launch/rplidar_a2m7_launch.py
[0.471s] -- Up-to-date symlink: /home/embedded/ros2_ws/install/rplidar_ros/share/rplidar_ros/launch/rplidar_a2m8_launch.py
[0.472s] -- Up-to-date symlink: /home/embedded/ros2_ws/install/rplidar_ros/share/rplidar_ros/launch/rplidar_a3_launch.py
[0.473s] -- Up-to-date symlink: /home/embedded/ros2_ws/install/rplidar_ros/share/rplidar_ros/launch/rplidar_c1_launch.py
[0.474s] -- Up-to-date symlink: /home/embedded/ros2_ws/install/rplidar_ros/share/rplidar_ros/launch/rplidar_s1_launch.py
[0.475s] -- Up-to-date symlink: /home/embedded/ros2_ws/install/rplidar_ros/share/rplidar_ros/launch/rplidar_s1_tcp_launch.py
[0.476s] -- Up-to-date symlink: /home/embedded/ros2_ws/install/rplidar_ros/share/rplidar_ros/launch/rplidar_s2_launch.py
[0.476s] -- Up-to-date symlink: /home/embedded/ros2_ws/install/rplidar_ros/share/rplidar_ros/launch/rplidar_s2e_launch.py
[0.476s] -- Up-to-date symlink: /home/embedded/ros2_ws/install/rplidar_ros/share/rplidar_ros/launch/rplidar_s3_launch.py
[0.479s] -- Up-to-date symlink: /home/embedded/ros2_ws/install/rplidar_ros/share/rplidar_ros/launch/rplidar_t1_launch.py
[0.480s] -- Up-to-date symlink: /home/embedded/ros2_ws/install/rplidar_ros/share/rplidar_ros/launch/view_rplidar_a1_launch.py
[0.484s] -- Up-to-date symlink: /home/embedded/ros2_ws/install/rplidar_ros/share/rplidar_ros/launch/view_rplidar_a2m12_launch.py
[0.484s] -- Up-to-date symlink: /home/embedded/ros2_ws/install/rplidar_ros/share/rplidar_ros/launch/view_rplidar_a2m7_launch.py
[0.485s] -- Up-to-date symlink: /home/embedded/ros2_ws/install/rplidar_ros/share/rplidar_ros/launch/view_rplidar_a2m8_launch.py
[0.486s] -- Up-to-date symlink: /home/embedded/ros2_ws/install/rplidar_ros/share/rplidar_ros/launch/view_rplidar_a3_launch.py
[0.486s] -- Up-to-date symlink: /home/embedded/ros2_ws/install/rplidar_ros/share/rplidar_ros/launch/view_rplidar_c1_launch.py
[0.487s] -- Up-to-date symlink: /home/embedded/ros2_ws/install/rplidar_ros/share/rplidar_ros/launch/view_rplidar_s1_launch.py
[0.491s] -- Up-to-date symlink: /home/embedded/ros2_ws/install/rplidar_ros/share/rplidar_ros/launch/view_rplidar_s1_tcp_launch.py
[0.491s] -- Up-to-date symlink: /home/embedded/ros2_ws/install/rplidar_ros/share/rplidar_ros/launch/view_rplidar_s2_launch.py
[0.492s] -- Up-to-date symlink: /home/embedded/ros2_ws/install/rplidar_ros/share/rplidar_ros/launch/view_rplidar_s2e_launch.py
[0.492s] -- Up-to-date symlink: /home/embedded/ros2_ws/install/rplidar_ros/share/rplidar_ros/launch/view_rplidar_s3_launch.py
[0.492s] -- Up-to-date symlink: /home/embedded/ros2_ws/install/rplidar_ros/share/rplidar_ros/launch/view_rplidar_t1_launch.py
[0.493s] -- Up-to-date symlink: /home/embedded/ros2_ws/install/rplidar_ros/share/rplidar_ros/rviz/rplidar_ros.rviz
[0.493s] -- Up-to-date symlink: /home/embedded/ros2_ws/install/rplidar_ros/lib/rplidar_ros/rplidar_node
[0.493s] -- Up-to-date symlink: /home/embedded/ros2_ws/install/rplidar_ros/lib/rplidar_ros/rplidar_composition
[0.493s] -- Up-to-date symlink: /home/embedded/ros2_ws/install/rplidar_ros/lib/rplidar_ros/rplidar_client
[0.493s] -- Up-to-date symlink: /home/embedded/ros2_ws/install/rplidar_ros/share/ament_index/resource_index/package_run_dependencies/rplidar_ros
[0.493s] -- Up-to-date symlink: /home/embedded/ros2_ws/install/rplidar_ros/share/ament_index/resource_index/parent_prefix_path/rplidar_ros
[0.494s] -- Up-to-date symlink: /home/embedded/ros2_ws/install/rplidar_ros/share/rplidar_ros/environment/ament_prefix_path.sh
[0.494s] -- Up-to-date symlink: /home/embedded/ros2_ws/install/rplidar_ros/share/rplidar_ros/environment/ament_prefix_path.dsv
[0.494s] -- Up-to-date symlink: /home/embedded/ros2_ws/install/rplidar_ros/share/rplidar_ros/environment/path.sh
[0.494s] -- Up-to-date symlink: /home/embedded/ros2_ws/install/rplidar_ros/share/rplidar_ros/environment/path.dsv
[0.494s] -- Up-to-date symlink: /home/embedded/ros2_ws/install/rplidar_ros/share/rplidar_ros/local_setup.bash
[0.494s] -- Up-to-date symlink: /home/embedded/ros2_ws/install/rplidar_ros/share/rplidar_ros/local_setup.sh
[0.501s] -- Up-to-date symlink: /home/embedded/ros2_ws/install/rplidar_ros/share/rplidar_ros/local_setup.zsh
[0.501s] -- Up-to-date symlink: /home/embedded/ros2_ws/install/rplidar_ros/share/rplidar_ros/local_setup.dsv
[0.501s] -- Symlinking: /home/embedded/ros2_ws/install/rplidar_ros/share/rplidar_ros/package.dsv
[0.545s] -- Up-to-date symlink: /home/embedded/ros2_ws/install/rplidar_ros/share/ament_index/resource_index/packages/rplidar_ros
[0.545s] -- Up-to-date symlink: /home/embedded/ros2_ws/install/rplidar_ros/share/rplidar_ros/cmake/ament_cmake_export_dependencies-extras.cmake
[0.545s] -- Up-to-date symlink: /home/embedded/ros2_ws/install/rplidar_ros/share/rplidar_ros/cmake/ament_cmake_export_include_directories-extras.cmake
[0.545s] -- Up-to-date symlink: /home/embedded/ros2_ws/install/rplidar_ros/share/rplidar_ros/cmake/rplidar_rosConfig.cmake
[0.545s] -- Up-to-date symlink: /home/embedded/ros2_ws/install/rplidar_ros/share/rplidar_ros/cmake/rplidar_rosConfig-version.cmake
[0.545s] -- Up-to-date symlink: /home/embedded/ros2_ws/install/rplidar_ros/share/rplidar_ros/package.xml
[0.556s] Invoked command in '/home/embedded/ros2_ws/build/rplidar_ros' returned '0': CMAKE_PREFIX_PATH=${CMAKE_PREFIX_PATH}:/opt/ros/jazzy /usr/bin/cmake --install /home/embedded/ros2_ws/build/rplidar_ros
