[0.084s] Invoking command in '/home/embedded/ros2_ws/build/ecl_converters': AMENT_PREFIX_PATH=/home/embedded/ros2_ws/install/ecl_exceptions:/home/embedded/ros2_ws/install/ecl_concepts:/home/embedded/ros2_ws/install/ecl_type_traits:/home/embedded/ros2_ws/install/ecl_errors:/home/embedded/ros2_ws/install/ecl_mpl:/home/embedded/ros2_ws/install/ecl_config:${AMENT_PREFIX_PATH} CMAKE_PREFIX_PATH=/home/embedded/ros2_ws/install/ecl_exceptions:/home/embedded/ros2_ws/install/ecl_concepts:/home/embedded/ros2_ws/install/ecl_type_traits:/home/embedded/ros2_ws/install/ecl_errors:/home/embedded/ros2_ws/install/ecl_mpl:/home/embedded/ros2_ws/install/ecl_config:/opt/ros/jazzy/opt/gz_sim_vendor:/opt/ros/jazzy/opt/gz_sensors_vendor:/opt/ros/jazzy/opt/gz_physics_vendor:/opt/ros/jazzy/opt/sdformat_vendor:/opt/ros/jazzy/opt/gz_gui_vendor:/opt/ros/jazzy/opt/gz_transport_vendor:/opt/ros/jazzy/opt/gz_rendering_vendor:/opt/ros/jazzy/opt/gz_plugin_vendor:/opt/ros/jazzy/opt/gz_fuel_tools_vendor:/opt/ros/jazzy/opt/gz_msgs_vendor:/opt/ros/jazzy/opt/gz_common_vendor:/opt/ros/jazzy/opt/gz_tools_vendor:/opt/ros/jazzy/opt/gz_ogre_next_vendor:/opt/ros/jazzy/opt/gz_dartsim_vendor:/opt/ros/jazzy/opt/gz_math_vendor:/opt/ros/jazzy/opt/gz_utils_vendor:/opt/ros/jazzy/opt/gz_cmake_vendor:/opt/ros/jazzy LD_LIBRARY_PATH=/home/embedded/ros2_ws/install/ecl_exceptions/lib:/home/embedded/ros2_ws/install/ecl_type_traits/lib:/home/embedded/ros2_ws/install/ecl_errors/lib:${LD_LIBRARY_PATH} PATH=/home/embedded/ros2_ws/install/ecl_type_traits/bin:/home/embedded/ros2_ws/install/ecl_config/bin:${PATH} /usr/bin/cmake --build /home/embedded/ros2_ws/build/ecl_converters -- -j4 -l4
[0.281s] [ 20%] Built target gtest
[0.281s] [ 40%] Built target gtest_main
[0.291s] [ 60%] Built target demo_float_converters
[0.390s] [ 80%] Built target ecl_test_converters
[0.413s] [100%] Built target ecl_test_byte_array_converters
[0.474s] Invoked command in '/home/embedded/ros2_ws/build/ecl_converters' returned '0': AMENT_PREFIX_PATH=/home/embedded/ros2_ws/install/ecl_exceptions:/home/embedded/ros2_ws/install/ecl_concepts:/home/embedded/ros2_ws/install/ecl_type_traits:/home/embedded/ros2_ws/install/ecl_errors:/home/embedded/ros2_ws/install/ecl_mpl:/home/embedded/ros2_ws/install/ecl_config:${AMENT_PREFIX_PATH} CMAKE_PREFIX_PATH=/home/embedded/ros2_ws/install/ecl_exceptions:/home/embedded/ros2_ws/install/ecl_concepts:/home/embedded/ros2_ws/install/ecl_type_traits:/home/embedded/ros2_ws/install/ecl_errors:/home/embedded/ros2_ws/install/ecl_mpl:/home/embedded/ros2_ws/install/ecl_config:/opt/ros/jazzy/opt/gz_sim_vendor:/opt/ros/jazzy/opt/gz_sensors_vendor:/opt/ros/jazzy/opt/gz_physics_vendor:/opt/ros/jazzy/opt/sdformat_vendor:/opt/ros/jazzy/opt/gz_gui_vendor:/opt/ros/jazzy/opt/gz_transport_vendor:/opt/ros/jazzy/opt/gz_rendering_vendor:/opt/ros/jazzy/opt/gz_plugin_vendor:/opt/ros/jazzy/opt/gz_fuel_tools_vendor:/opt/ros/jazzy/opt/gz_msgs_vendor:/opt/ros/jazzy/opt/gz_common_vendor:/opt/ros/jazzy/opt/gz_tools_vendor:/opt/ros/jazzy/opt/gz_ogre_next_vendor:/opt/ros/jazzy/opt/gz_dartsim_vendor:/opt/ros/jazzy/opt/gz_math_vendor:/opt/ros/jazzy/opt/gz_utils_vendor:/opt/ros/jazzy/opt/gz_cmake_vendor:/opt/ros/jazzy LD_LIBRARY_PATH=/home/embedded/ros2_ws/install/ecl_exceptions/lib:/home/embedded/ros2_ws/install/ecl_type_traits/lib:/home/embedded/ros2_ws/install/ecl_errors/lib:${LD_LIBRARY_PATH} PATH=/home/embedded/ros2_ws/install/ecl_type_traits/bin:/home/embedded/ros2_ws/install/ecl_config/bin:${PATH} /usr/bin/cmake --build /home/embedded/ros2_ws/build/ecl_converters -- -j4 -l4
[0.475s] Invoking command in '/home/embedded/ros2_ws/build/ecl_converters': AMENT_PREFIX_PATH=/home/embedded/ros2_ws/install/ecl_exceptions:/home/embedded/ros2_ws/install/ecl_concepts:/home/embedded/ros2_ws/install/ecl_type_traits:/home/embedded/ros2_ws/install/ecl_errors:/home/embedded/ros2_ws/install/ecl_mpl:/home/embedded/ros2_ws/install/ecl_config:${AMENT_PREFIX_PATH} CMAKE_PREFIX_PATH=/home/embedded/ros2_ws/install/ecl_exceptions:/home/embedded/ros2_ws/install/ecl_concepts:/home/embedded/ros2_ws/install/ecl_type_traits:/home/embedded/ros2_ws/install/ecl_errors:/home/embedded/ros2_ws/install/ecl_mpl:/home/embedded/ros2_ws/install/ecl_config:/opt/ros/jazzy/opt/gz_sim_vendor:/opt/ros/jazzy/opt/gz_sensors_vendor:/opt/ros/jazzy/opt/gz_physics_vendor:/opt/ros/jazzy/opt/sdformat_vendor:/opt/ros/jazzy/opt/gz_gui_vendor:/opt/ros/jazzy/opt/gz_transport_vendor:/opt/ros/jazzy/opt/gz_rendering_vendor:/opt/ros/jazzy/opt/gz_plugin_vendor:/opt/ros/jazzy/opt/gz_fuel_tools_vendor:/opt/ros/jazzy/opt/gz_msgs_vendor:/opt/ros/jazzy/opt/gz_common_vendor:/opt/ros/jazzy/opt/gz_tools_vendor:/opt/ros/jazzy/opt/gz_ogre_next_vendor:/opt/ros/jazzy/opt/gz_dartsim_vendor:/opt/ros/jazzy/opt/gz_math_vendor:/opt/ros/jazzy/opt/gz_utils_vendor:/opt/ros/jazzy/opt/gz_cmake_vendor:/opt/ros/jazzy LD_LIBRARY_PATH=/home/embedded/ros2_ws/install/ecl_exceptions/lib:/home/embedded/ros2_ws/install/ecl_type_traits/lib:/home/embedded/ros2_ws/install/ecl_errors/lib:${LD_LIBRARY_PATH} PATH=/home/embedded/ros2_ws/install/ecl_type_traits/bin:/home/embedded/ros2_ws/install/ecl_config/bin:${PATH} /usr/bin/cmake --install /home/embedded/ros2_ws/build/ecl_converters
[0.514s] -- Install configuration: ""
[0.514s] -- Execute custom install script
[0.517s] -- Up-to-date symlink: /home/embedded/ros2_ws/install/ecl_converters/include/ecl/converters/char.hpp
[0.517s] -- Up-to-date symlink: /home/embedded/ros2_ws/install/ecl_converters/include/ecl/converters/char_strings.hpp
[0.517s] -- Up-to-date symlink: /home/embedded/ros2_ws/install/ecl_converters/include/ecl/converters/converter.hpp
[0.521s] -- Up-to-date symlink: /home/embedded/ros2_ws/install/ecl_converters/include/ecl/converters/from_byte_array.hpp
[0.524s] -- Up-to-date symlink: /home/embedded/ros2_ws/install/ecl_converters/include/ecl/converters/integers.hpp
[0.524s] -- Up-to-date symlink: /home/embedded/ros2_ws/install/ecl_converters/include/ecl/converters/string.hpp
[0.524s] -- Up-to-date symlink: /home/embedded/ros2_ws/install/ecl_converters/include/ecl/converters/to_byte_array.hpp
[0.524s] -- Up-to-date symlink: /home/embedded/ros2_ws/install/ecl_converters/include/ecl/converters.hpp
[0.524s] -- Up-to-date symlink: /home/embedded/ros2_ws/install/ecl_converters/lib/ecl_converters/demo_float_converters
[0.524s] -- Up-to-date symlink: /home/embedded/ros2_ws/install/ecl_converters/share/ament_index/resource_index/package_run_dependencies/ecl_converters
[0.525s] -- Up-to-date symlink: /home/embedded/ros2_ws/install/ecl_converters/share/ament_index/resource_index/parent_prefix_path/ecl_converters
[0.525s] -- Up-to-date symlink: /home/embedded/ros2_ws/install/ecl_converters/share/ecl_converters/environment/ament_prefix_path.sh
[0.525s] -- Up-to-date symlink: /home/embedded/ros2_ws/install/ecl_converters/share/ecl_converters/environment/ament_prefix_path.dsv
[0.525s] -- Up-to-date symlink: /home/embedded/ros2_ws/install/ecl_converters/share/ecl_converters/environment/path.sh
[0.525s] -- Up-to-date symlink: /home/embedded/ros2_ws/install/ecl_converters/share/ecl_converters/environment/path.dsv
[0.526s] -- Up-to-date symlink: /home/embedded/ros2_ws/install/ecl_converters/share/ecl_converters/local_setup.bash
[0.526s] -- Up-to-date symlink: /home/embedded/ros2_ws/install/ecl_converters/share/ecl_converters/local_setup.sh
[0.526s] -- Up-to-date symlink: /home/embedded/ros2_ws/install/ecl_converters/share/ecl_converters/local_setup.zsh
[0.529s] -- Up-to-date symlink: /home/embedded/ros2_ws/install/ecl_converters/share/ecl_converters/local_setup.dsv
[0.529s] -- Symlinking: /home/embedded/ros2_ws/install/ecl_converters/share/ecl_converters/package.dsv
[0.551s] -- Up-to-date symlink: /home/embedded/ros2_ws/install/ecl_converters/share/ament_index/resource_index/packages/ecl_converters
[0.551s] -- Up-to-date symlink: /home/embedded/ros2_ws/install/ecl_converters/share/ecl_converters/cmake/ament_cmake_export_targets-extras.cmake
[0.551s] -- Up-to-date symlink: /home/embedded/ros2_ws/install/ecl_converters/share/ecl_converters/cmake/ament_cmake_export_include_directories-extras.cmake
[0.551s] -- Up-to-date symlink: /home/embedded/ros2_ws/install/ecl_converters/share/ecl_converters/cmake/ament_cmake_export_dependencies-extras.cmake
[0.551s] -- Up-to-date symlink: /home/embedded/ros2_ws/install/ecl_converters/share/ecl_converters/cmake/ecl_convertersConfig.cmake
[0.551s] -- Up-to-date symlink: /home/embedded/ros2_ws/install/ecl_converters/share/ecl_converters/cmake/ecl_convertersConfig-version.cmake
[0.551s] -- Up-to-date symlink: /home/embedded/ros2_ws/install/ecl_converters/share/ecl_converters/package.xml
[0.552s] -- Up-to-date: /home/embedded/ros2_ws/install/ecl_converters/share/ecl_converters/cmake/ecl_convertersExport.cmake
[0.561s] Invoked command in '/home/embedded/ros2_ws/build/ecl_converters' returned '0': AMENT_PREFIX_PATH=/home/embedded/ros2_ws/install/ecl_exceptions:/home/embedded/ros2_ws/install/ecl_concepts:/home/embedded/ros2_ws/install/ecl_type_traits:/home/embedded/ros2_ws/install/ecl_errors:/home/embedded/ros2_ws/install/ecl_mpl:/home/embedded/ros2_ws/install/ecl_config:${AMENT_PREFIX_PATH} CMAKE_PREFIX_PATH=/home/embedded/ros2_ws/install/ecl_exceptions:/home/embedded/ros2_ws/install/ecl_concepts:/home/embedded/ros2_ws/install/ecl_type_traits:/home/embedded/ros2_ws/install/ecl_errors:/home/embedded/ros2_ws/install/ecl_mpl:/home/embedded/ros2_ws/install/ecl_config:/opt/ros/jazzy/opt/gz_sim_vendor:/opt/ros/jazzy/opt/gz_sensors_vendor:/opt/ros/jazzy/opt/gz_physics_vendor:/opt/ros/jazzy/opt/sdformat_vendor:/opt/ros/jazzy/opt/gz_gui_vendor:/opt/ros/jazzy/opt/gz_transport_vendor:/opt/ros/jazzy/opt/gz_rendering_vendor:/opt/ros/jazzy/opt/gz_plugin_vendor:/opt/ros/jazzy/opt/gz_fuel_tools_vendor:/opt/ros/jazzy/opt/gz_msgs_vendor:/opt/ros/jazzy/opt/gz_common_vendor:/opt/ros/jazzy/opt/gz_tools_vendor:/opt/ros/jazzy/opt/gz_ogre_next_vendor:/opt/ros/jazzy/opt/gz_dartsim_vendor:/opt/ros/jazzy/opt/gz_math_vendor:/opt/ros/jazzy/opt/gz_utils_vendor:/opt/ros/jazzy/opt/gz_cmake_vendor:/opt/ros/jazzy LD_LIBRARY_PATH=/home/embedded/ros2_ws/install/ecl_exceptions/lib:/home/embedded/ros2_ws/install/ecl_type_traits/lib:/home/embedded/ros2_ws/install/ecl_errors/lib:${LD_LIBRARY_PATH} PATH=/home/embedded/ros2_ws/install/ecl_type_traits/bin:/home/embedded/ros2_ws/install/ecl_config/bin:${PATH} /usr/bin/cmake --install /home/embedded/ros2_ws/build/ecl_converters
