[0.088s] Invoking command in '/home/embedded/ros2_ws/build/ecl_formatters': AMENT_PREFIX_PATH=/home/embedded/ros2_ws/install/ecl_converters:/home/embedded/ros2_ws/install/ecl_exceptions:/home/embedded/ros2_ws/install/ecl_concepts:/home/embedded/ros2_ws/install/ecl_type_traits:/home/embedded/ros2_ws/install/ecl_errors:/home/embedded/ros2_ws/install/ecl_mpl:/home/embedded/ros2_ws/install/ecl_config:${AMENT_PREFIX_PATH} CMAKE_PREFIX_PATH=/home/embedded/ros2_ws/install/ecl_converters:/home/embedded/ros2_ws/install/ecl_exceptions:/home/embedded/ros2_ws/install/ecl_concepts:/home/embedded/ros2_ws/install/ecl_type_traits:/home/embedded/ros2_ws/install/ecl_errors:/home/embedded/ros2_ws/install/ecl_mpl:/home/embedded/ros2_ws/install/ecl_config:/opt/ros/jazzy/opt/gz_sim_vendor:/opt/ros/jazzy/opt/gz_sensors_vendor:/opt/ros/jazzy/opt/gz_physics_vendor:/opt/ros/jazzy/opt/sdformat_vendor:/opt/ros/jazzy/opt/gz_gui_vendor:/opt/ros/jazzy/opt/gz_transport_vendor:/opt/ros/jazzy/opt/gz_rendering_vendor:/opt/ros/jazzy/opt/gz_plugin_vendor:/opt/ros/jazzy/opt/gz_fuel_tools_vendor:/opt/ros/jazzy/opt/gz_msgs_vendor:/opt/ros/jazzy/opt/gz_common_vendor:/opt/ros/jazzy/opt/gz_tools_vendor:/opt/ros/jazzy/opt/gz_ogre_next_vendor:/opt/ros/jazzy/opt/gz_dartsim_vendor:/opt/ros/jazzy/opt/gz_math_vendor:/opt/ros/jazzy/opt/gz_utils_vendor:/opt/ros/jazzy/opt/gz_cmake_vendor:/opt/ros/jazzy LD_LIBRARY_PATH=/home/embedded/ros2_ws/install/ecl_exceptions/lib:/home/embedded/ros2_ws/install/ecl_type_traits/lib:/home/embedded/ros2_ws/install/ecl_errors/lib:${LD_LIBRARY_PATH} PATH=/home/embedded/ros2_ws/install/ecl_type_traits/bin:/home/embedded/ros2_ws/install/ecl_config/bin:${PATH} /usr/bin/cmake --build /home/embedded/ros2_ws/build/ecl_formatters -- -j4 -l4
[0.325s] [ 50%] Built target ecl_formatters
[0.452s] [100%] Built target ecl_demo_formatters
[0.481s] Invoked command in '/home/embedded/ros2_ws/build/ecl_formatters' returned '0': AMENT_PREFIX_PATH=/home/embedded/ros2_ws/install/ecl_converters:/home/embedded/ros2_ws/install/ecl_exceptions:/home/embedded/ros2_ws/install/ecl_concepts:/home/embedded/ros2_ws/install/ecl_type_traits:/home/embedded/ros2_ws/install/ecl_errors:/home/embedded/ros2_ws/install/ecl_mpl:/home/embedded/ros2_ws/install/ecl_config:${AMENT_PREFIX_PATH} CMAKE_PREFIX_PATH=/home/embedded/ros2_ws/install/ecl_converters:/home/embedded/ros2_ws/install/ecl_exceptions:/home/embedded/ros2_ws/install/ecl_concepts:/home/embedded/ros2_ws/install/ecl_type_traits:/home/embedded/ros2_ws/install/ecl_errors:/home/embedded/ros2_ws/install/ecl_mpl:/home/embedded/ros2_ws/install/ecl_config:/opt/ros/jazzy/opt/gz_sim_vendor:/opt/ros/jazzy/opt/gz_sensors_vendor:/opt/ros/jazzy/opt/gz_physics_vendor:/opt/ros/jazzy/opt/sdformat_vendor:/opt/ros/jazzy/opt/gz_gui_vendor:/opt/ros/jazzy/opt/gz_transport_vendor:/opt/ros/jazzy/opt/gz_rendering_vendor:/opt/ros/jazzy/opt/gz_plugin_vendor:/opt/ros/jazzy/opt/gz_fuel_tools_vendor:/opt/ros/jazzy/opt/gz_msgs_vendor:/opt/ros/jazzy/opt/gz_common_vendor:/opt/ros/jazzy/opt/gz_tools_vendor:/opt/ros/jazzy/opt/gz_ogre_next_vendor:/opt/ros/jazzy/opt/gz_dartsim_vendor:/opt/ros/jazzy/opt/gz_math_vendor:/opt/ros/jazzy/opt/gz_utils_vendor:/opt/ros/jazzy/opt/gz_cmake_vendor:/opt/ros/jazzy LD_LIBRARY_PATH=/home/embedded/ros2_ws/install/ecl_exceptions/lib:/home/embedded/ros2_ws/install/ecl_type_traits/lib:/home/embedded/ros2_ws/install/ecl_errors/lib:${LD_LIBRARY_PATH} PATH=/home/embedded/ros2_ws/install/ecl_type_traits/bin:/home/embedded/ros2_ws/install/ecl_config/bin:${PATH} /usr/bin/cmake --build /home/embedded/ros2_ws/build/ecl_formatters -- -j4 -l4
[0.485s] Invoking command in '/home/embedded/ros2_ws/build/ecl_formatters': AMENT_PREFIX_PATH=/home/embedded/ros2_ws/install/ecl_converters:/home/embedded/ros2_ws/install/ecl_exceptions:/home/embedded/ros2_ws/install/ecl_concepts:/home/embedded/ros2_ws/install/ecl_type_traits:/home/embedded/ros2_ws/install/ecl_errors:/home/embedded/ros2_ws/install/ecl_mpl:/home/embedded/ros2_ws/install/ecl_config:${AMENT_PREFIX_PATH} CMAKE_PREFIX_PATH=/home/embedded/ros2_ws/install/ecl_converters:/home/embedded/ros2_ws/install/ecl_exceptions:/home/embedded/ros2_ws/install/ecl_concepts:/home/embedded/ros2_ws/install/ecl_type_traits:/home/embedded/ros2_ws/install/ecl_errors:/home/embedded/ros2_ws/install/ecl_mpl:/home/embedded/ros2_ws/install/ecl_config:/opt/ros/jazzy/opt/gz_sim_vendor:/opt/ros/jazzy/opt/gz_sensors_vendor:/opt/ros/jazzy/opt/gz_physics_vendor:/opt/ros/jazzy/opt/sdformat_vendor:/opt/ros/jazzy/opt/gz_gui_vendor:/opt/ros/jazzy/opt/gz_transport_vendor:/opt/ros/jazzy/opt/gz_rendering_vendor:/opt/ros/jazzy/opt/gz_plugin_vendor:/opt/ros/jazzy/opt/gz_fuel_tools_vendor:/opt/ros/jazzy/opt/gz_msgs_vendor:/opt/ros/jazzy/opt/gz_common_vendor:/opt/ros/jazzy/opt/gz_tools_vendor:/opt/ros/jazzy/opt/gz_ogre_next_vendor:/opt/ros/jazzy/opt/gz_dartsim_vendor:/opt/ros/jazzy/opt/gz_math_vendor:/opt/ros/jazzy/opt/gz_utils_vendor:/opt/ros/jazzy/opt/gz_cmake_vendor:/opt/ros/jazzy LD_LIBRARY_PATH=/home/embedded/ros2_ws/install/ecl_exceptions/lib:/home/embedded/ros2_ws/install/ecl_type_traits/lib:/home/embedded/ros2_ws/install/ecl_errors/lib:${LD_LIBRARY_PATH} PATH=/home/embedded/ros2_ws/install/ecl_type_traits/bin:/home/embedded/ros2_ws/install/ecl_config/bin:${PATH} /usr/bin/cmake --install /home/embedded/ros2_ws/build/ecl_formatters
[0.510s] -- Install configuration: ""
[0.511s] -- Execute custom install script
[0.511s] -- Up-to-date symlink: /home/embedded/ros2_ws/install/ecl_formatters/include/ecl/formatters/common.hpp
[0.512s] -- Up-to-date symlink: /home/embedded/ros2_ws/install/ecl_formatters/include/ecl/formatters/floats.hpp
[0.512s] -- Up-to-date symlink: /home/embedded/ros2_ws/install/ecl_formatters/include/ecl/formatters/macros.hpp
[0.512s] -- Up-to-date symlink: /home/embedded/ros2_ws/install/ecl_formatters/include/ecl/formatters/number.hpp
[0.512s] -- Up-to-date symlink: /home/embedded/ros2_ws/install/ecl_formatters/include/ecl/formatters/strings.hpp
[0.513s] -- Up-to-date symlink: /home/embedded/ros2_ws/install/ecl_formatters/include/ecl/formatters.hpp
[0.513s] -- Up-to-date symlink: /home/embedded/ros2_ws/install/ecl_formatters/lib/ecl_formatters/demo_formatters
[0.516s] -- Up-to-date symlink: /home/embedded/ros2_ws/install/ecl_formatters/share/ecl_formatters/environment/library_path.sh
[0.516s] -- Up-to-date symlink: /home/embedded/ros2_ws/install/ecl_formatters/share/ecl_formatters/environment/library_path.dsv
[0.520s] -- Up-to-date symlink: /home/embedded/ros2_ws/install/ecl_formatters/share/ament_index/resource_index/package_run_dependencies/ecl_formatters
[0.522s] -- Up-to-date symlink: /home/embedded/ros2_ws/install/ecl_formatters/share/ament_index/resource_index/parent_prefix_path/ecl_formatters
[0.522s] -- Up-to-date symlink: /home/embedded/ros2_ws/install/ecl_formatters/share/ecl_formatters/environment/ament_prefix_path.sh
[0.522s] -- Up-to-date symlink: /home/embedded/ros2_ws/install/ecl_formatters/share/ecl_formatters/environment/ament_prefix_path.dsv
[0.522s] -- Up-to-date symlink: /home/embedded/ros2_ws/install/ecl_formatters/share/ecl_formatters/environment/path.sh
[0.523s] -- Up-to-date symlink: /home/embedded/ros2_ws/install/ecl_formatters/share/ecl_formatters/environment/path.dsv
[0.523s] -- Up-to-date symlink: /home/embedded/ros2_ws/install/ecl_formatters/share/ecl_formatters/local_setup.bash
[0.523s] -- Up-to-date symlink: /home/embedded/ros2_ws/install/ecl_formatters/share/ecl_formatters/local_setup.sh
[0.523s] -- Up-to-date symlink: /home/embedded/ros2_ws/install/ecl_formatters/share/ecl_formatters/local_setup.zsh
[0.523s] -- Up-to-date symlink: /home/embedded/ros2_ws/install/ecl_formatters/share/ecl_formatters/local_setup.dsv
[0.523s] -- Symlinking: /home/embedded/ros2_ws/install/ecl_formatters/share/ecl_formatters/package.dsv
[0.540s] -- Up-to-date symlink: /home/embedded/ros2_ws/install/ecl_formatters/share/ament_index/resource_index/packages/ecl_formatters
[0.540s] -- Up-to-date symlink: /home/embedded/ros2_ws/install/ecl_formatters/share/ecl_formatters/cmake/ament_cmake_export_targets-extras.cmake
[0.540s] -- Up-to-date symlink: /home/embedded/ros2_ws/install/ecl_formatters/share/ecl_formatters/cmake/ament_cmake_export_include_directories-extras.cmake
[0.542s] -- Up-to-date symlink: /home/embedded/ros2_ws/install/ecl_formatters/share/ecl_formatters/cmake/ament_cmake_export_libraries-extras.cmake
[0.542s] -- Up-to-date symlink: /home/embedded/ros2_ws/install/ecl_formatters/share/ecl_formatters/cmake/ament_cmake_export_dependencies-extras.cmake
[0.542s] -- Up-to-date symlink: /home/embedded/ros2_ws/install/ecl_formatters/share/ecl_formatters/cmake/ecl_formattersConfig.cmake
[0.542s] -- Up-to-date symlink: /home/embedded/ros2_ws/install/ecl_formatters/share/ecl_formatters/cmake/ecl_formattersConfig-version.cmake
[0.542s] -- Up-to-date symlink: /home/embedded/ros2_ws/install/ecl_formatters/share/ecl_formatters/package.xml
[0.542s] -- Up-to-date: /home/embedded/ros2_ws/install/ecl_formatters/share/ecl_formatters/cmake/ecl_formattersExport.cmake
[0.545s] -- Up-to-date: /home/embedded/ros2_ws/install/ecl_formatters/share/ecl_formatters/cmake/ecl_formattersExport-noconfig.cmake
[0.545s] -- Up-to-date: /home/embedded/ros2_ws/install/ecl_formatters/lib/libecl_formatters.so.1.2.1
[0.546s] -- Up-to-date: /home/embedded/ros2_ws/install/ecl_formatters/lib/libecl_formatters.so
[0.548s] Invoked command in '/home/embedded/ros2_ws/build/ecl_formatters' returned '0': AMENT_PREFIX_PATH=/home/embedded/ros2_ws/install/ecl_converters:/home/embedded/ros2_ws/install/ecl_exceptions:/home/embedded/ros2_ws/install/ecl_concepts:/home/embedded/ros2_ws/install/ecl_type_traits:/home/embedded/ros2_ws/install/ecl_errors:/home/embedded/ros2_ws/install/ecl_mpl:/home/embedded/ros2_ws/install/ecl_config:${AMENT_PREFIX_PATH} CMAKE_PREFIX_PATH=/home/embedded/ros2_ws/install/ecl_converters:/home/embedded/ros2_ws/install/ecl_exceptions:/home/embedded/ros2_ws/install/ecl_concepts:/home/embedded/ros2_ws/install/ecl_type_traits:/home/embedded/ros2_ws/install/ecl_errors:/home/embedded/ros2_ws/install/ecl_mpl:/home/embedded/ros2_ws/install/ecl_config:/opt/ros/jazzy/opt/gz_sim_vendor:/opt/ros/jazzy/opt/gz_sensors_vendor:/opt/ros/jazzy/opt/gz_physics_vendor:/opt/ros/jazzy/opt/sdformat_vendor:/opt/ros/jazzy/opt/gz_gui_vendor:/opt/ros/jazzy/opt/gz_transport_vendor:/opt/ros/jazzy/opt/gz_rendering_vendor:/opt/ros/jazzy/opt/gz_plugin_vendor:/opt/ros/jazzy/opt/gz_fuel_tools_vendor:/opt/ros/jazzy/opt/gz_msgs_vendor:/opt/ros/jazzy/opt/gz_common_vendor:/opt/ros/jazzy/opt/gz_tools_vendor:/opt/ros/jazzy/opt/gz_ogre_next_vendor:/opt/ros/jazzy/opt/gz_dartsim_vendor:/opt/ros/jazzy/opt/gz_math_vendor:/opt/ros/jazzy/opt/gz_utils_vendor:/opt/ros/jazzy/opt/gz_cmake_vendor:/opt/ros/jazzy LD_LIBRARY_PATH=/home/embedded/ros2_ws/install/ecl_exceptions/lib:/home/embedded/ros2_ws/install/ecl_type_traits/lib:/home/embedded/ros2_ws/install/ecl_errors/lib:${LD_LIBRARY_PATH} PATH=/home/embedded/ros2_ws/install/ecl_type_traits/bin:/home/embedded/ros2_ws/install/ecl_config/bin:${PATH} /usr/bin/cmake --install /home/embedded/ros2_ws/build/ecl_formatters
