[0.082s] Invoking command in '/home/embedded/ros2_ws/build/ecl_linear_algebra': AMENT_PREFIX_PATH=/home/embedded/ros2_ws/install/ecl_formatters:/home/embedded/ros2_ws/install/ecl_converters:/home/embedded/ros2_ws/install/ecl_math:/home/embedded/ros2_ws/install/ecl_exceptions:/home/embedded/ros2_ws/install/ecl_concepts:/home/embedded/ros2_ws/install/ecl_type_traits:/home/embedded/ros2_ws/install/ecl_errors:/home/embedded/ros2_ws/install/ecl_mpl:/home/embedded/ros2_ws/install/ecl_eigen:/home/embedded/ros2_ws/install/ecl_config:${AMENT_PREFIX_PATH} CMAKE_PREFIX_PATH=/home/embedded/ros2_ws/install/ecl_formatters:/home/embedded/ros2_ws/install/ecl_converters:/home/embedded/ros2_ws/install/ecl_math:/home/embedded/ros2_ws/install/ecl_exceptions:/home/embedded/ros2_ws/install/ecl_concepts:/home/embedded/ros2_ws/install/ecl_type_traits:/home/embedded/ros2_ws/install/ecl_errors:/home/embedded/ros2_ws/install/ecl_mpl:/home/embedded/ros2_ws/install/ecl_eigen:/home/embedded/ros2_ws/install/ecl_config:/opt/ros/jazzy/opt/gz_sim_vendor:/opt/ros/jazzy/opt/gz_sensors_vendor:/opt/ros/jazzy/opt/gz_physics_vendor:/opt/ros/jazzy/opt/sdformat_vendor:/opt/ros/jazzy/opt/gz_gui_vendor:/opt/ros/jazzy/opt/gz_transport_vendor:/opt/ros/jazzy/opt/gz_rendering_vendor:/opt/ros/jazzy/opt/gz_plugin_vendor:/opt/ros/jazzy/opt/gz_fuel_tools_vendor:/opt/ros/jazzy/opt/gz_msgs_vendor:/opt/ros/jazzy/opt/gz_common_vendor:/opt/ros/jazzy/opt/gz_tools_vendor:/opt/ros/jazzy/opt/gz_ogre_next_vendor:/opt/ros/jazzy/opt/gz_dartsim_vendor:/opt/ros/jazzy/opt/gz_math_vendor:/opt/ros/jazzy/opt/gz_utils_vendor:/opt/ros/jazzy/opt/gz_cmake_vendor:/opt/ros/jazzy LD_LIBRARY_PATH=/home/embedded/ros2_ws/install/ecl_formatters/lib:/home/embedded/ros2_ws/install/ecl_exceptions/lib:/home/embedded/ros2_ws/install/ecl_type_traits/lib:/home/embedded/ros2_ws/install/ecl_errors/lib:${LD_LIBRARY_PATH} PATH=/home/embedded/ros2_ws/install/ecl_type_traits/bin:/home/embedded/ros2_ws/install/ecl_config/bin:${PATH} /usr/bin/cmake --build /home/embedded/ros2_ws/build/ecl_linear_algebra -- -j4 -l4
[0.329s] [ 15%] Built target gtest_main
[0.358s] [ 38%] Built target ecl_linear_algebra
[0.359s] [ 53%] Built target gtest
[0.514s] [ 84%] Built target ecl_test_linear_algebra_plugin
[0.517s] [100%] Built target ecl_test_linear_algebra_interpolators
[0.520s] [ 92%] Built target ecl_test_linear_algebra_formatters
[0.594s] Invoked command in '/home/embedded/ros2_ws/build/ecl_linear_algebra' returned '0': AMENT_PREFIX_PATH=/home/embedded/ros2_ws/install/ecl_formatters:/home/embedded/ros2_ws/install/ecl_converters:/home/embedded/ros2_ws/install/ecl_math:/home/embedded/ros2_ws/install/ecl_exceptions:/home/embedded/ros2_ws/install/ecl_concepts:/home/embedded/ros2_ws/install/ecl_type_traits:/home/embedded/ros2_ws/install/ecl_errors:/home/embedded/ros2_ws/install/ecl_mpl:/home/embedded/ros2_ws/install/ecl_eigen:/home/embedded/ros2_ws/install/ecl_config:${AMENT_PREFIX_PATH} CMAKE_PREFIX_PATH=/home/embedded/ros2_ws/install/ecl_formatters:/home/embedded/ros2_ws/install/ecl_converters:/home/embedded/ros2_ws/install/ecl_math:/home/embedded/ros2_ws/install/ecl_exceptions:/home/embedded/ros2_ws/install/ecl_concepts:/home/embedded/ros2_ws/install/ecl_type_traits:/home/embedded/ros2_ws/install/ecl_errors:/home/embedded/ros2_ws/install/ecl_mpl:/home/embedded/ros2_ws/install/ecl_eigen:/home/embedded/ros2_ws/install/ecl_config:/opt/ros/jazzy/opt/gz_sim_vendor:/opt/ros/jazzy/opt/gz_sensors_vendor:/opt/ros/jazzy/opt/gz_physics_vendor:/opt/ros/jazzy/opt/sdformat_vendor:/opt/ros/jazzy/opt/gz_gui_vendor:/opt/ros/jazzy/opt/gz_transport_vendor:/opt/ros/jazzy/opt/gz_rendering_vendor:/opt/ros/jazzy/opt/gz_plugin_vendor:/opt/ros/jazzy/opt/gz_fuel_tools_vendor:/opt/ros/jazzy/opt/gz_msgs_vendor:/opt/ros/jazzy/opt/gz_common_vendor:/opt/ros/jazzy/opt/gz_tools_vendor:/opt/ros/jazzy/opt/gz_ogre_next_vendor:/opt/ros/jazzy/opt/gz_dartsim_vendor:/opt/ros/jazzy/opt/gz_math_vendor:/opt/ros/jazzy/opt/gz_utils_vendor:/opt/ros/jazzy/opt/gz_cmake_vendor:/opt/ros/jazzy LD_LIBRARY_PATH=/home/embedded/ros2_ws/install/ecl_formatters/lib:/home/embedded/ros2_ws/install/ecl_exceptions/lib:/home/embedded/ros2_ws/install/ecl_type_traits/lib:/home/embedded/ros2_ws/install/ecl_errors/lib:${LD_LIBRARY_PATH} PATH=/home/embedded/ros2_ws/install/ecl_type_traits/bin:/home/embedded/ros2_ws/install/ecl_config/bin:${PATH} /usr/bin/cmake --build /home/embedded/ros2_ws/build/ecl_linear_algebra -- -j4 -l4
[0.599s] Invoking command in '/home/embedded/ros2_ws/build/ecl_linear_algebra': AMENT_PREFIX_PATH=/home/embedded/ros2_ws/install/ecl_formatters:/home/embedded/ros2_ws/install/ecl_converters:/home/embedded/ros2_ws/install/ecl_math:/home/embedded/ros2_ws/install/ecl_exceptions:/home/embedded/ros2_ws/install/ecl_concepts:/home/embedded/ros2_ws/install/ecl_type_traits:/home/embedded/ros2_ws/install/ecl_errors:/home/embedded/ros2_ws/install/ecl_mpl:/home/embedded/ros2_ws/install/ecl_eigen:/home/embedded/ros2_ws/install/ecl_config:${AMENT_PREFIX_PATH} CMAKE_PREFIX_PATH=/home/embedded/ros2_ws/install/ecl_formatters:/home/embedded/ros2_ws/install/ecl_converters:/home/embedded/ros2_ws/install/ecl_math:/home/embedded/ros2_ws/install/ecl_exceptions:/home/embedded/ros2_ws/install/ecl_concepts:/home/embedded/ros2_ws/install/ecl_type_traits:/home/embedded/ros2_ws/install/ecl_errors:/home/embedded/ros2_ws/install/ecl_mpl:/home/embedded/ros2_ws/install/ecl_eigen:/home/embedded/ros2_ws/install/ecl_config:/opt/ros/jazzy/opt/gz_sim_vendor:/opt/ros/jazzy/opt/gz_sensors_vendor:/opt/ros/jazzy/opt/gz_physics_vendor:/opt/ros/jazzy/opt/sdformat_vendor:/opt/ros/jazzy/opt/gz_gui_vendor:/opt/ros/jazzy/opt/gz_transport_vendor:/opt/ros/jazzy/opt/gz_rendering_vendor:/opt/ros/jazzy/opt/gz_plugin_vendor:/opt/ros/jazzy/opt/gz_fuel_tools_vendor:/opt/ros/jazzy/opt/gz_msgs_vendor:/opt/ros/jazzy/opt/gz_common_vendor:/opt/ros/jazzy/opt/gz_tools_vendor:/opt/ros/jazzy/opt/gz_ogre_next_vendor:/opt/ros/jazzy/opt/gz_dartsim_vendor:/opt/ros/jazzy/opt/gz_math_vendor:/opt/ros/jazzy/opt/gz_utils_vendor:/opt/ros/jazzy/opt/gz_cmake_vendor:/opt/ros/jazzy LD_LIBRARY_PATH=/home/embedded/ros2_ws/install/ecl_formatters/lib:/home/embedded/ros2_ws/install/ecl_exceptions/lib:/home/embedded/ros2_ws/install/ecl_type_traits/lib:/home/embedded/ros2_ws/install/ecl_errors/lib:${LD_LIBRARY_PATH} PATH=/home/embedded/ros2_ws/install/ecl_type_traits/bin:/home/embedded/ros2_ws/install/ecl_config/bin:${PATH} /usr/bin/cmake --install /home/embedded/ros2_ws/build/ecl_linear_algebra
[0.633s] -- Install configuration: ""
[0.635s] -- Execute custom install script
[0.636s] -- Up-to-date symlink: /home/embedded/ros2_ws/install/ecl_linear_algebra/include/ecl/linear_algebra/eigen/unsupported/nonlinear_optimization.hpp
[0.636s] -- Up-to-date symlink: /home/embedded/ros2_ws/install/ecl_linear_algebra/include/ecl/linear_algebra/eigen/unsupported/numerical_diff.hpp
[0.639s] -- Up-to-date symlink: /home/embedded/ros2_ws/install/ecl_linear_algebra/include/ecl/linear_algebra/eigen/formatters.hpp
[0.639s] -- Up-to-date symlink: /home/embedded/ros2_ws/install/ecl_linear_algebra/include/ecl/linear_algebra/eigen/plugin.hpp
[0.639s] -- Up-to-date symlink: /home/embedded/ros2_ws/install/ecl_linear_algebra/include/ecl/linear_algebra/sophus/formatters.hpp
[0.640s] -- Up-to-date symlink: /home/embedded/ros2_ws/install/ecl_linear_algebra/include/ecl/linear_algebra/sophus/helpers.hpp
[0.640s] -- Up-to-date symlink: /home/embedded/ros2_ws/install/ecl_linear_algebra/include/ecl/linear_algebra/sophus/interpolators.hpp
[0.641s] -- Up-to-date symlink: /home/embedded/ros2_ws/install/ecl_linear_algebra/include/ecl/linear_algebra/eigen.hpp
[0.643s] -- Up-to-date symlink: /home/embedded/ros2_ws/install/ecl_linear_algebra/include/ecl/linear_algebra/sophus.hpp
[0.643s] -- Up-to-date symlink: /home/embedded/ros2_ws/install/ecl_linear_algebra/include/ecl/linear_algebra.hpp
[0.644s] -- Up-to-date symlink: /home/embedded/ros2_ws/install/ecl_linear_algebra/share/ecl_linear_algebra/environment/library_path.sh
[0.646s] -- Up-to-date symlink: /home/embedded/ros2_ws/install/ecl_linear_algebra/share/ecl_linear_algebra/environment/library_path.dsv
[0.646s] -- Up-to-date symlink: /home/embedded/ros2_ws/install/ecl_linear_algebra/share/ament_index/resource_index/package_run_dependencies/ecl_linear_algebra
[0.647s] -- Up-to-date symlink: /home/embedded/ros2_ws/install/ecl_linear_algebra/share/ament_index/resource_index/parent_prefix_path/ecl_linear_algebra
[0.647s] -- Up-to-date symlink: /home/embedded/ros2_ws/install/ecl_linear_algebra/share/ecl_linear_algebra/environment/ament_prefix_path.sh
[0.649s] -- Up-to-date symlink: /home/embedded/ros2_ws/install/ecl_linear_algebra/share/ecl_linear_algebra/environment/ament_prefix_path.dsv
[0.649s] -- Up-to-date symlink: /home/embedded/ros2_ws/install/ecl_linear_algebra/share/ecl_linear_algebra/environment/path.sh
[0.649s] -- Up-to-date symlink: /home/embedded/ros2_ws/install/ecl_linear_algebra/share/ecl_linear_algebra/environment/path.dsv
[0.649s] -- Up-to-date symlink: /home/embedded/ros2_ws/install/ecl_linear_algebra/share/ecl_linear_algebra/local_setup.bash
[0.650s] -- Up-to-date symlink: /home/embedded/ros2_ws/install/ecl_linear_algebra/share/ecl_linear_algebra/local_setup.sh
[0.650s] -- Up-to-date symlink: /home/embedded/ros2_ws/install/ecl_linear_algebra/share/ecl_linear_algebra/local_setup.zsh
[0.651s] -- Up-to-date symlink: /home/embedded/ros2_ws/install/ecl_linear_algebra/share/ecl_linear_algebra/local_setup.dsv
[0.651s] -- Symlinking: /home/embedded/ros2_ws/install/ecl_linear_algebra/share/ecl_linear_algebra/package.dsv
[0.671s] -- Up-to-date symlink: /home/embedded/ros2_ws/install/ecl_linear_algebra/share/ament_index/resource_index/packages/ecl_linear_algebra
[0.671s] -- Up-to-date symlink: /home/embedded/ros2_ws/install/ecl_linear_algebra/share/ecl_linear_algebra/cmake/ament_cmake_export_targets-extras.cmake
[0.672s] -- Up-to-date symlink: /home/embedded/ros2_ws/install/ecl_linear_algebra/share/ecl_linear_algebra/cmake/ament_cmake_export_include_directories-extras.cmake
[0.672s] -- Up-to-date symlink: /home/embedded/ros2_ws/install/ecl_linear_algebra/share/ecl_linear_algebra/cmake/ament_cmake_export_libraries-extras.cmake
[0.672s] -- Up-to-date symlink: /home/embedded/ros2_ws/install/ecl_linear_algebra/share/ecl_linear_algebra/cmake/ament_cmake_export_dependencies-extras.cmake
[0.673s] -- Up-to-date symlink: /home/embedded/ros2_ws/install/ecl_linear_algebra/share/ecl_linear_algebra/cmake/ecl_linear_algebraConfig.cmake
[0.674s] -- Up-to-date symlink: /home/embedded/ros2_ws/install/ecl_linear_algebra/share/ecl_linear_algebra/cmake/ecl_linear_algebraConfig-version.cmake
[0.674s] -- Up-to-date symlink: /home/embedded/ros2_ws/install/ecl_linear_algebra/share/ecl_linear_algebra/package.xml
[0.674s] -- Up-to-date: /home/embedded/ros2_ws/install/ecl_linear_algebra/share/ecl_linear_algebra/cmake/ecl_linear_algebraExport.cmake
[0.674s] -- Up-to-date: /home/embedded/ros2_ws/install/ecl_linear_algebra/share/ecl_linear_algebra/cmake/ecl_linear_algebraExport-noconfig.cmake
[0.678s] -- Up-to-date: /home/embedded/ros2_ws/install/ecl_linear_algebra/lib/libecl_linear_algebra.so.1.2.1
[0.679s] -- Up-to-date: /home/embedded/ros2_ws/install/ecl_linear_algebra/lib/libecl_linear_algebra.so
[0.685s] Invoked command in '/home/embedded/ros2_ws/build/ecl_linear_algebra' returned '0': AMENT_PREFIX_PATH=/home/embedded/ros2_ws/install/ecl_formatters:/home/embedded/ros2_ws/install/ecl_converters:/home/embedded/ros2_ws/install/ecl_math:/home/embedded/ros2_ws/install/ecl_exceptions:/home/embedded/ros2_ws/install/ecl_concepts:/home/embedded/ros2_ws/install/ecl_type_traits:/home/embedded/ros2_ws/install/ecl_errors:/home/embedded/ros2_ws/install/ecl_mpl:/home/embedded/ros2_ws/install/ecl_eigen:/home/embedded/ros2_ws/install/ecl_config:${AMENT_PREFIX_PATH} CMAKE_PREFIX_PATH=/home/embedded/ros2_ws/install/ecl_formatters:/home/embedded/ros2_ws/install/ecl_converters:/home/embedded/ros2_ws/install/ecl_math:/home/embedded/ros2_ws/install/ecl_exceptions:/home/embedded/ros2_ws/install/ecl_concepts:/home/embedded/ros2_ws/install/ecl_type_traits:/home/embedded/ros2_ws/install/ecl_errors:/home/embedded/ros2_ws/install/ecl_mpl:/home/embedded/ros2_ws/install/ecl_eigen:/home/embedded/ros2_ws/install/ecl_config:/opt/ros/jazzy/opt/gz_sim_vendor:/opt/ros/jazzy/opt/gz_sensors_vendor:/opt/ros/jazzy/opt/gz_physics_vendor:/opt/ros/jazzy/opt/sdformat_vendor:/opt/ros/jazzy/opt/gz_gui_vendor:/opt/ros/jazzy/opt/gz_transport_vendor:/opt/ros/jazzy/opt/gz_rendering_vendor:/opt/ros/jazzy/opt/gz_plugin_vendor:/opt/ros/jazzy/opt/gz_fuel_tools_vendor:/opt/ros/jazzy/opt/gz_msgs_vendor:/opt/ros/jazzy/opt/gz_common_vendor:/opt/ros/jazzy/opt/gz_tools_vendor:/opt/ros/jazzy/opt/gz_ogre_next_vendor:/opt/ros/jazzy/opt/gz_dartsim_vendor:/opt/ros/jazzy/opt/gz_math_vendor:/opt/ros/jazzy/opt/gz_utils_vendor:/opt/ros/jazzy/opt/gz_cmake_vendor:/opt/ros/jazzy LD_LIBRARY_PATH=/home/embedded/ros2_ws/install/ecl_formatters/lib:/home/embedded/ros2_ws/install/ecl_exceptions/lib:/home/embedded/ros2_ws/install/ecl_type_traits/lib:/home/embedded/ros2_ws/install/ecl_errors/lib:${LD_LIBRARY_PATH} PATH=/home/embedded/ros2_ws/install/ecl_type_traits/bin:/home/embedded/ros2_ws/install/ecl_config/bin:${PATH} /usr/bin/cmake --install /home/embedded/ros2_ws/build/ecl_linear_algebra
