[33mCMake Warning (dev) at /usr/share/cmake-3.28/Modules/FindPackageHandleStandardArgs.cmake:438 (message):
  The package name passed to `find_package_handle_standard_args` (JPEG) does
  not match the name of the calling package (JpegPkg).  This can lead to
  problems in calling code that expects `find_package` result variables
  (e.g., `_FOUND`) to follow a certain pattern.
Call Stack (most recent call first):
  /usr/lib/aarch64-linux-gnu/cmake/libuvc/FindJpegPkg.cmake:58 (find_package_handle_standard_args)
  /usr/lib/aarch64-linux-gnu/cmake/libuvc/libuvcConfig.cmake:13 (find_package)
  CMakeLists.txt:31 (find_package)
This warning is for project developers.  Use -Wno-dev to suppress it.
[0m
[31mCMake Error at CMakeLists.txt:32 (find_package):
  By not providing "Findmagic_enum.cmake" in CMAKE_MODULE_PATH this project
  has asked CMake to find a package configuration file provided by
  "magic_enum", but CMake did not find one.

  Could not find a package configuration file provided by "magic_enum" with
  any of the following names:

    magic_enumConfig.cmake
    magic_enum-config.cmake

  Add the installation prefix of "magic_enum" to CMAKE_PREFIX_PATH or set
  "magic_enum_DIR" to a directory containing one of the above files.  If
  "magic_enum" provides a separate development package or SDK, be sure it has
  been installed.

[0m
