[0.029s] Invoking command in '/home/embedded/ros2_ws/build/ecl_config': CMAKE_PREFIX_PATH=${CMAKE_PREFIX_PATH}:/opt/ros/jazzy /usr/bin/cmake --build /home/embedded/ros2_ws/build/ecl_config -- -j4 -l4
[0.186s] [ 12%] Built target gtest_main
[0.197s] [ 25%] Built target ecl_detect_posix
[0.211s] [ 37%] Built target gtest
[0.217s] [ 50%] Built target ecl_detect_endian
[0.296s] [ 62%] Built target ecl_test_macros
[0.309s] [ 75%] Built target ecl_test_portable_types
[0.309s] [ 87%] Built target ecl_test_endianness
[0.309s] [100%] Built target ecl_test_char_sign
[0.334s] Invoked command in '/home/embedded/ros2_ws/build/ecl_config' returned '0': CMAKE_PREFIX_PATH=${CMAKE_PREFIX_PATH}:/opt/ros/jazzy /usr/bin/cmake --build /home/embedded/ros2_ws/build/ecl_config -- -j4 -l4
[0.336s] Invoking command in '/home/embedded/ros2_ws/build/ecl_config': CMAKE_PREFIX_PATH=${CMAKE_PREFIX_PATH}:/opt/ros/jazzy /usr/bin/cmake --install /home/embedded/ros2_ws/build/ecl_config
[0.362s] -- Install configuration: ""
[0.363s] -- Execute custom install script
[0.363s] -- Up-to-date symlink: /home/embedded/ros2_ws/install/ecl_config/include/ecl/config/ecl.hpp
[0.363s] -- Up-to-date symlink: /home/embedded/ros2_ws/install/ecl_config/include/ecl/config/char_sign.hpp
[0.364s] -- Up-to-date symlink: /home/embedded/ros2_ws/install/ecl_config/include/ecl/config/ecl_unknown.hpp
[0.364s] -- Up-to-date symlink: /home/embedded/ros2_ws/install/ecl_config/include/ecl/config/endianness.hpp
[0.364s] -- Up-to-date symlink: /home/embedded/ros2_ws/install/ecl_config/include/ecl/config/macros.hpp
[0.368s] -- Up-to-date symlink: /home/embedded/ros2_ws/install/ecl_config/include/ecl/config/portable_types.hpp
[0.368s] -- Up-to-date symlink: /home/embedded/ros2_ws/install/ecl_config/include/ecl/config/windows.hpp
[0.368s] -- Up-to-date symlink: /home/embedded/ros2_ws/install/ecl_config/include/ecl/config.hpp
[0.368s] -- Up-to-date symlink: /home/embedded/ros2_ws/install/ecl_config/bin/ecl_detect_endian
[0.370s] -- Up-to-date symlink: /home/embedded/ros2_ws/install/ecl_config/bin/ecl_detect_posix
[0.370s] -- Up-to-date symlink: /home/embedded/ros2_ws/install/ecl_config/share/ament_index/resource_index/package_run_dependencies/ecl_config
[0.371s] -- Up-to-date symlink: /home/embedded/ros2_ws/install/ecl_config/share/ament_index/resource_index/parent_prefix_path/ecl_config
[0.371s] -- Up-to-date symlink: /home/embedded/ros2_ws/install/ecl_config/share/ecl_config/environment/ament_prefix_path.sh
[0.372s] -- Up-to-date symlink: /home/embedded/ros2_ws/install/ecl_config/share/ecl_config/environment/ament_prefix_path.dsv
[0.372s] -- Up-to-date symlink: /home/embedded/ros2_ws/install/ecl_config/share/ecl_config/environment/path.sh
[0.373s] -- Up-to-date symlink: /home/embedded/ros2_ws/install/ecl_config/share/ecl_config/environment/path.dsv
[0.375s] -- Up-to-date symlink: /home/embedded/ros2_ws/install/ecl_config/share/ecl_config/local_setup.bash
[0.376s] -- Up-to-date symlink: /home/embedded/ros2_ws/install/ecl_config/share/ecl_config/local_setup.sh
[0.376s] -- Up-to-date symlink: /home/embedded/ros2_ws/install/ecl_config/share/ecl_config/local_setup.zsh
[0.376s] -- Up-to-date symlink: /home/embedded/ros2_ws/install/ecl_config/share/ecl_config/local_setup.dsv
[0.376s] -- Symlinking: /home/embedded/ros2_ws/install/ecl_config/share/ecl_config/package.dsv
[0.411s] -- Up-to-date symlink: /home/embedded/ros2_ws/install/ecl_config/share/ament_index/resource_index/packages/ecl_config
[0.412s] -- Up-to-date symlink: /home/embedded/ros2_ws/install/ecl_config/share/ecl_config/cmake/ament_cmake_export_targets-extras.cmake
[0.412s] -- Up-to-date symlink: /home/embedded/ros2_ws/install/ecl_config/share/ecl_config/cmake/ament_cmake_export_include_directories-extras.cmake
[0.412s] -- Up-to-date symlink: /home/embedded/ros2_ws/install/ecl_config/share/ecl_config/cmake/ecl_configConfig.cmake
[0.412s] -- Up-to-date symlink: /home/embedded/ros2_ws/install/ecl_config/share/ecl_config/cmake/ecl_configConfig-version.cmake
[0.412s] -- Up-to-date symlink: /home/embedded/ros2_ws/install/ecl_config/share/ecl_config/package.xml
[0.413s] -- Up-to-date: /home/embedded/ros2_ws/install/ecl_config/share/ecl_config/cmake/ecl_configExport.cmake
[0.830s] Invoked command in '/home/embedded/ros2_ws/build/ecl_config' returned '0': CMAKE_PREFIX_PATH=${CMAKE_PREFIX_PATH}:/opt/ros/jazzy /usr/bin/cmake --install /home/embedded/ros2_ws/build/ecl_config
