[0.068s] Invoking command in '/home/embedded/ros2_ws/build/ecl_time_lite': AMENT_PREFIX_PATH=/home/embedded/ros2_ws/install/ecl_errors:/home/embedded/ros2_ws/install/ecl_config:${AMENT_PREFIX_PATH} CMAKE_PREFIX_PATH=/home/embedded/ros2_ws/install/ecl_errors:/home/embedded/ros2_ws/install/ecl_config:/opt/ros/jazzy/opt/gz_sim_vendor:/opt/ros/jazzy/opt/gz_sensors_vendor:/opt/ros/jazzy/opt/gz_physics_vendor:/opt/ros/jazzy/opt/sdformat_vendor:/opt/ros/jazzy/opt/gz_gui_vendor:/opt/ros/jazzy/opt/gz_transport_vendor:/opt/ros/jazzy/opt/gz_rendering_vendor:/opt/ros/jazzy/opt/gz_plugin_vendor:/opt/ros/jazzy/opt/gz_fuel_tools_vendor:/opt/ros/jazzy/opt/gz_msgs_vendor:/opt/ros/jazzy/opt/gz_common_vendor:/opt/ros/jazzy/opt/gz_tools_vendor:/opt/ros/jazzy/opt/gz_ogre_next_vendor:/opt/ros/jazzy/opt/gz_dartsim_vendor:/opt/ros/jazzy/opt/gz_math_vendor:/opt/ros/jazzy/opt/gz_utils_vendor:/opt/ros/jazzy/opt/gz_cmake_vendor:/opt/ros/jazzy LD_LIBRARY_PATH=/home/embedded/ros2_ws/install/ecl_errors/lib:${LD_LIBRARY_PATH} PATH=/home/embedded/ros2_ws/install/ecl_config/bin:${PATH} /usr/bin/cmake /home/embedded/ros2_ws/src/ThirdParty/ecl/ecl_lite/ecl_time_lite -DAMENT_CMAKE_SYMLINK_INSTALL=1 -DCMAKE_INSTALL_PREFIX=/home/embedded/ros2_ws/install/ecl_time_lite
[0.373s] -- The C compiler identification is GNU 13.3.0
[0.542s] -- The CXX compiler identification is GNU 13.3.0
[0.610s] -- Detecting C compiler ABI info
[0.966s] -- Detecting C compiler ABI info - done
[1.002s] -- Check for working C compiler: /usr/bin/cc - skipped
[1.004s] -- Detecting C compile features
[1.010s] -- Detecting C compile features - done
[1.048s] -- Detecting CXX compiler ABI info
[1.576s] -- Detecting CXX compiler ABI info - done
[1.618s] -- Check for working CXX compiler: /usr/bin/c++ - skipped
[1.619s] -- Detecting CXX compile features
[1.621s] -- Detecting CXX compile features - done
[1.643s] -- Found ament_cmake_ros: 0.12.0 (/opt/ros/jazzy/share/ament_cmake_ros/cmake)
[2.504s] -- Found Python3: /usr/bin/python3 (found version "3.12.3") found components: Interpreter 
[2.933s] -- Override CMake install command with custom implementation using symlinks instead of copying resources
[3.139s] -- Found ecl_build: 1.0.3 (/opt/ros/jazzy/share/ecl_build/cmake)
[3.149s] [0mCMake Deprecation Warning at /opt/ros/jazzy/share/ecl_build/cmake/cotire.cmake:45 (cmake_minimum_required):
[3.150s]   Compatibility with CMake < 3.5 will be removed from a future version of
[3.150s]   CMake.
[3.150s] 
[3.150s]   Update the VERSION argument <min> value or use a ...<max> suffix to tell
[3.150s]   CMake that the project does not need compatibility with older versions.
[3.150s] Call Stack (most recent call first):
[3.150s]   /opt/ros/jazzy/share/ecl_build/cmake/ecl_buildConfig.cmake:41 (include)
[3.150s]   CMakeLists.txt:17 (find_package)
[3.151s] 
[3.151s] [0m
[3.162s] -- Found ecl_config: 1.2.0 (/home/embedded/ros2_ws/install/ecl_config/share/ecl_config/cmake)
[3.171s] -- Found ecl_errors: 1.2.0 (/home/embedded/ros2_ws/install/ecl_errors/share/ecl_errors/cmake)
[3.663s] -- Looking for _POSIX_VERSION
[4.110s] -- Looking for _POSIX_VERSION - found
[4.110s] -- Looking for realpath in rt
[4.532s] -- Looking for realpath in rt - found
[4.532s] -- Looking for clock_nanosleep in rt
[4.967s] -- Looking for clock_nanosleep in rt - found
[4.967s] -- Looking for clock_gettime in rt
[5.408s] -- Looking for clock_gettime in rt - found
[5.412s] -- Looking for pthread_mutex_timedlock in pthread
[5.863s] -- Looking for pthread_mutex_timedlock in pthread - found
[5.863s] -- Looking for nanosleep in pthread
[6.290s] -- Looking for nanosleep in pthread - found
[6.293s] -- Looking for shm_open in rt
[6.672s] -- Looking for shm_open in rt - found
[6.672s] -- Looking for sched_setscheduler in pthread
[7.097s] -- Looking for sched_setscheduler in pthread - found
[7.099s] -- Looking for sem_timedwait in pthread
[7.515s] -- Looking for sem_timedwait in pthread - found
[7.515s] -- Looking for sem_init in pthread
[7.861s] -- Looking for sem_init in pthread - found
[7.861s] -- Looking for CLOCK_MONOTONIC
[8.320s] -- Looking for CLOCK_MONOTONIC - found
[8.320s] -- Looking for CLOCK_PROCESS_CPUTIME_ID
[8.867s] -- Looking for CLOCK_PROCESS_CPUTIME_ID - found
[8.870s] -- Performing Test CMAKE_HAVE_LIBC_PTHREAD
[9.379s] -- Performing Test CMAKE_HAVE_LIBC_PTHREAD - Success
[9.391s] -- Found Threads: TRUE  
[9.498s] -- Configuring done (9.4s)
[9.564s] -- Generating done (0.1s)
[9.582s] -- Build files have been written to: /home/embedded/ros2_ws/build/ecl_time_lite
[9.609s] Invoked command in '/home/embedded/ros2_ws/build/ecl_time_lite' returned '0': AMENT_PREFIX_PATH=/home/embedded/ros2_ws/install/ecl_errors:/home/embedded/ros2_ws/install/ecl_config:${AMENT_PREFIX_PATH} CMAKE_PREFIX_PATH=/home/embedded/ros2_ws/install/ecl_errors:/home/embedded/ros2_ws/install/ecl_config:/opt/ros/jazzy/opt/gz_sim_vendor:/opt/ros/jazzy/opt/gz_sensors_vendor:/opt/ros/jazzy/opt/gz_physics_vendor:/opt/ros/jazzy/opt/sdformat_vendor:/opt/ros/jazzy/opt/gz_gui_vendor:/opt/ros/jazzy/opt/gz_transport_vendor:/opt/ros/jazzy/opt/gz_rendering_vendor:/opt/ros/jazzy/opt/gz_plugin_vendor:/opt/ros/jazzy/opt/gz_fuel_tools_vendor:/opt/ros/jazzy/opt/gz_msgs_vendor:/opt/ros/jazzy/opt/gz_common_vendor:/opt/ros/jazzy/opt/gz_tools_vendor:/opt/ros/jazzy/opt/gz_ogre_next_vendor:/opt/ros/jazzy/opt/gz_dartsim_vendor:/opt/ros/jazzy/opt/gz_math_vendor:/opt/ros/jazzy/opt/gz_utils_vendor:/opt/ros/jazzy/opt/gz_cmake_vendor:/opt/ros/jazzy LD_LIBRARY_PATH=/home/embedded/ros2_ws/install/ecl_errors/lib:${LD_LIBRARY_PATH} PATH=/home/embedded/ros2_ws/install/ecl_config/bin:${PATH} /usr/bin/cmake /home/embedded/ros2_ws/src/ThirdParty/ecl/ecl_lite/ecl_time_lite -DAMENT_CMAKE_SYMLINK_INSTALL=1 -DCMAKE_INSTALL_PREFIX=/home/embedded/ros2_ws/install/ecl_time_lite
[9.610s] Invoking command in '/home/embedded/ros2_ws/build/ecl_time_lite': AMENT_PREFIX_PATH=/home/embedded/ros2_ws/install/ecl_errors:/home/embedded/ros2_ws/install/ecl_config:${AMENT_PREFIX_PATH} CMAKE_PREFIX_PATH=/home/embedded/ros2_ws/install/ecl_errors:/home/embedded/ros2_ws/install/ecl_config:/opt/ros/jazzy/opt/gz_sim_vendor:/opt/ros/jazzy/opt/gz_sensors_vendor:/opt/ros/jazzy/opt/gz_physics_vendor:/opt/ros/jazzy/opt/sdformat_vendor:/opt/ros/jazzy/opt/gz_gui_vendor:/opt/ros/jazzy/opt/gz_transport_vendor:/opt/ros/jazzy/opt/gz_rendering_vendor:/opt/ros/jazzy/opt/gz_plugin_vendor:/opt/ros/jazzy/opt/gz_fuel_tools_vendor:/opt/ros/jazzy/opt/gz_msgs_vendor:/opt/ros/jazzy/opt/gz_common_vendor:/opt/ros/jazzy/opt/gz_tools_vendor:/opt/ros/jazzy/opt/gz_ogre_next_vendor:/opt/ros/jazzy/opt/gz_dartsim_vendor:/opt/ros/jazzy/opt/gz_math_vendor:/opt/ros/jazzy/opt/gz_utils_vendor:/opt/ros/jazzy/opt/gz_cmake_vendor:/opt/ros/jazzy LD_LIBRARY_PATH=/home/embedded/ros2_ws/install/ecl_errors/lib:${LD_LIBRARY_PATH} PATH=/home/embedded/ros2_ws/install/ecl_config/bin:${PATH} /usr/bin/cmake --build /home/embedded/ros2_ws/build/ecl_time_lite -- -j4 -l4
[9.866s] [ 11%] [32mBuilding CXX object src/lib/CMakeFiles/ecl_time_lite.dir/cpu_time.cpp.o[0m
[9.884s] [ 22%] [32mBuilding CXX object src/lib/CMakeFiles/ecl_time_lite.dir/functions_pos.cpp.o[0m
[9.890s] [ 33%] [32mBuilding CXX object src/lib/CMakeFiles/ecl_time_lite.dir/date.cpp.o[0m
[9.911s] [ 44%] [32mBuilding CXX object src/lib/CMakeFiles/ecl_time_lite.dir/functions_mac.cpp.o[0m
[10.060s] [ 55%] [32mBuilding CXX object src/lib/CMakeFiles/ecl_time_lite.dir/functions_rt.cpp.o[0m
[10.094s] [ 66%] [32mBuilding CXX object src/lib/CMakeFiles/ecl_time_lite.dir/functions_win.cpp.o[0m
[10.726s] [ 77%] [32m[1mLinking CXX shared library libecl_time_lite.so[0m
[11.163s] [ 77%] Built target ecl_time_lite
[11.250s] [ 88%] [32mBuilding CXX object src/examples/CMakeFiles/demo_time_functions.dir/time_functions.cpp.o[0m
[12.321s] [100%] [32m[1mLinking CXX executable demo_time_functions[0m
[12.598s] [100%] Built target demo_time_functions
[12.676s] Invoked command in '/home/embedded/ros2_ws/build/ecl_time_lite' returned '0': AMENT_PREFIX_PATH=/home/embedded/ros2_ws/install/ecl_errors:/home/embedded/ros2_ws/install/ecl_config:${AMENT_PREFIX_PATH} CMAKE_PREFIX_PATH=/home/embedded/ros2_ws/install/ecl_errors:/home/embedded/ros2_ws/install/ecl_config:/opt/ros/jazzy/opt/gz_sim_vendor:/opt/ros/jazzy/opt/gz_sensors_vendor:/opt/ros/jazzy/opt/gz_physics_vendor:/opt/ros/jazzy/opt/sdformat_vendor:/opt/ros/jazzy/opt/gz_gui_vendor:/opt/ros/jazzy/opt/gz_transport_vendor:/opt/ros/jazzy/opt/gz_rendering_vendor:/opt/ros/jazzy/opt/gz_plugin_vendor:/opt/ros/jazzy/opt/gz_fuel_tools_vendor:/opt/ros/jazzy/opt/gz_msgs_vendor:/opt/ros/jazzy/opt/gz_common_vendor:/opt/ros/jazzy/opt/gz_tools_vendor:/opt/ros/jazzy/opt/gz_ogre_next_vendor:/opt/ros/jazzy/opt/gz_dartsim_vendor:/opt/ros/jazzy/opt/gz_math_vendor:/opt/ros/jazzy/opt/gz_utils_vendor:/opt/ros/jazzy/opt/gz_cmake_vendor:/opt/ros/jazzy LD_LIBRARY_PATH=/home/embedded/ros2_ws/install/ecl_errors/lib:${LD_LIBRARY_PATH} PATH=/home/embedded/ros2_ws/install/ecl_config/bin:${PATH} /usr/bin/cmake --build /home/embedded/ros2_ws/build/ecl_time_lite -- -j4 -l4
[12.676s] Invoking command in '/home/embedded/ros2_ws/build/ecl_time_lite': AMENT_PREFIX_PATH=/home/embedded/ros2_ws/install/ecl_errors:/home/embedded/ros2_ws/install/ecl_config:${AMENT_PREFIX_PATH} CMAKE_PREFIX_PATH=/home/embedded/ros2_ws/install/ecl_errors:/home/embedded/ros2_ws/install/ecl_config:/opt/ros/jazzy/opt/gz_sim_vendor:/opt/ros/jazzy/opt/gz_sensors_vendor:/opt/ros/jazzy/opt/gz_physics_vendor:/opt/ros/jazzy/opt/sdformat_vendor:/opt/ros/jazzy/opt/gz_gui_vendor:/opt/ros/jazzy/opt/gz_transport_vendor:/opt/ros/jazzy/opt/gz_rendering_vendor:/opt/ros/jazzy/opt/gz_plugin_vendor:/opt/ros/jazzy/opt/gz_fuel_tools_vendor:/opt/ros/jazzy/opt/gz_msgs_vendor:/opt/ros/jazzy/opt/gz_common_vendor:/opt/ros/jazzy/opt/gz_tools_vendor:/opt/ros/jazzy/opt/gz_ogre_next_vendor:/opt/ros/jazzy/opt/gz_dartsim_vendor:/opt/ros/jazzy/opt/gz_math_vendor:/opt/ros/jazzy/opt/gz_utils_vendor:/opt/ros/jazzy/opt/gz_cmake_vendor:/opt/ros/jazzy LD_LIBRARY_PATH=/home/embedded/ros2_ws/install/ecl_errors/lib:${LD_LIBRARY_PATH} PATH=/home/embedded/ros2_ws/install/ecl_config/bin:${PATH} /usr/bin/cmake --install /home/embedded/ros2_ws/build/ecl_time_lite
[12.702s] -- Install configuration: ""
[12.706s] -- Execute custom install script
[12.706s] -- Symlinking: /home/embedded/ros2_ws/install/ecl_time_lite/include/ecl/time_lite/cpu_time.hpp
[12.742s] -- Symlinking: /home/embedded/ros2_ws/install/ecl_time_lite/include/ecl/time_lite/date.hpp
[12.795s] -- Symlinking: /home/embedded/ros2_ws/install/ecl_time_lite/include/ecl/time_lite/errors.hpp
[12.848s] -- Symlinking: /home/embedded/ros2_ws/install/ecl_time_lite/include/ecl/time_lite/functions.hpp
[12.890s] -- Symlinking: /home/embedded/ros2_ws/install/ecl_time_lite/include/ecl/time_lite/functions_mac.hpp
[12.917s] -- Symlinking: /home/embedded/ros2_ws/install/ecl_time_lite/include/ecl/time_lite/functions_pos.hpp
[12.957s] -- Symlinking: /home/embedded/ros2_ws/install/ecl_time_lite/include/ecl/time_lite/functions_rt.hpp
[13.010s] -- Symlinking: /home/embedded/ros2_ws/install/ecl_time_lite/include/ecl/time_lite/functions_win.hpp
[13.085s] -- Symlinking: /home/embedded/ros2_ws/install/ecl_time_lite/include/ecl/time_lite/macros.hpp
[13.132s] -- Symlinking: /home/embedded/ros2_ws/install/ecl_time_lite/include/ecl/time_lite/types.hpp
[13.195s] -- Symlinking: /home/embedded/ros2_ws/install/ecl_time_lite/include/ecl/time_lite/types_pos.hpp
[13.262s] -- Symlinking: /home/embedded/ros2_ws/install/ecl_time_lite/include/ecl/time_lite/types_win.hpp
[13.354s] -- Symlinking: /home/embedded/ros2_ws/install/ecl_time_lite/include/ecl/time_lite/config.hpp
[13.412s] -- Symlinking: /home/embedded/ros2_ws/install/ecl_time_lite/include/ecl/time_lite.hpp
[13.485s] -- Symlinking: /home/embedded/ros2_ws/install/ecl_time_lite/lib/ecl_time_lite/demo_time_functions
[13.541s] -- Symlinking: /home/embedded/ros2_ws/install/ecl_time_lite/share/ecl_time_lite/environment/library_path.sh
[13.578s] -- Symlinking: /home/embedded/ros2_ws/install/ecl_time_lite/share/ecl_time_lite/environment/library_path.dsv
[13.602s] -- Symlinking: /home/embedded/ros2_ws/install/ecl_time_lite/share/ament_index/resource_index/package_run_dependencies/ecl_time_lite
[13.635s] -- Symlinking: /home/embedded/ros2_ws/install/ecl_time_lite/share/ament_index/resource_index/parent_prefix_path/ecl_time_lite
[13.661s] -- Symlinking: /home/embedded/ros2_ws/install/ecl_time_lite/share/ecl_time_lite/environment/ament_prefix_path.sh
[13.698s] -- Symlinking: /home/embedded/ros2_ws/install/ecl_time_lite/share/ecl_time_lite/environment/ament_prefix_path.dsv
[13.765s] -- Symlinking: /home/embedded/ros2_ws/install/ecl_time_lite/share/ecl_time_lite/environment/path.sh
[13.818s] -- Symlinking: /home/embedded/ros2_ws/install/ecl_time_lite/share/ecl_time_lite/environment/path.dsv
[13.870s] -- Symlinking: /home/embedded/ros2_ws/install/ecl_time_lite/share/ecl_time_lite/local_setup.bash
[13.922s] -- Symlinking: /home/embedded/ros2_ws/install/ecl_time_lite/share/ecl_time_lite/local_setup.sh
[13.973s] -- Symlinking: /home/embedded/ros2_ws/install/ecl_time_lite/share/ecl_time_lite/local_setup.zsh
[14.027s] -- Symlinking: /home/embedded/ros2_ws/install/ecl_time_lite/share/ecl_time_lite/local_setup.dsv
[14.093s] -- Symlinking: /home/embedded/ros2_ws/install/ecl_time_lite/share/ecl_time_lite/package.dsv
[14.145s] -- Symlinking: /home/embedded/ros2_ws/install/ecl_time_lite/share/ament_index/resource_index/packages/ecl_time_lite
[14.197s] -- Symlinking: /home/embedded/ros2_ws/install/ecl_time_lite/share/ecl_time_lite/cmake/ament_cmake_export_targets-extras.cmake
[14.249s] -- Symlinking: /home/embedded/ros2_ws/install/ecl_time_lite/share/ecl_time_lite/cmake/ament_cmake_export_include_directories-extras.cmake
[14.293s] -- Symlinking: /home/embedded/ros2_ws/install/ecl_time_lite/share/ecl_time_lite/cmake/ament_cmake_export_libraries-extras.cmake
[14.343s] -- Symlinking: /home/embedded/ros2_ws/install/ecl_time_lite/share/ecl_time_lite/cmake/ament_cmake_export_dependencies-extras.cmake
[14.386s] -- Symlinking: /home/embedded/ros2_ws/install/ecl_time_lite/share/ecl_time_lite/cmake/ecl_time_liteConfig.cmake
[14.440s] -- Symlinking: /home/embedded/ros2_ws/install/ecl_time_lite/share/ecl_time_lite/cmake/ecl_time_liteConfig-version.cmake
[14.493s] -- Symlinking: /home/embedded/ros2_ws/install/ecl_time_lite/share/ecl_time_lite/package.xml
[14.537s] -- Installing: /home/embedded/ros2_ws/install/ecl_time_lite/share/ecl_time_lite/cmake/ecl_time_liteExport.cmake
[14.538s] -- Installing: /home/embedded/ros2_ws/install/ecl_time_lite/share/ecl_time_lite/cmake/ecl_time_liteExport-noconfig.cmake
[14.540s] -- Installing: /home/embedded/ros2_ws/install/ecl_time_lite/lib/libecl_time_lite.so.1.2.0
[14.545s] -- Set non-toolchain portion of runtime path of "/home/embedded/ros2_ws/install/ecl_time_lite/lib/libecl_time_lite.so.1.2.0" to ""
[14.545s] -- Installing: /home/embedded/ros2_ws/install/ecl_time_lite/lib/libecl_time_lite.so
[14.559s] Invoked command in '/home/embedded/ros2_ws/build/ecl_time_lite' returned '0': AMENT_PREFIX_PATH=/home/embedded/ros2_ws/install/ecl_errors:/home/embedded/ros2_ws/install/ecl_config:${AMENT_PREFIX_PATH} CMAKE_PREFIX_PATH=/home/embedded/ros2_ws/install/ecl_errors:/home/embedded/ros2_ws/install/ecl_config:/opt/ros/jazzy/opt/gz_sim_vendor:/opt/ros/jazzy/opt/gz_sensors_vendor:/opt/ros/jazzy/opt/gz_physics_vendor:/opt/ros/jazzy/opt/sdformat_vendor:/opt/ros/jazzy/opt/gz_gui_vendor:/opt/ros/jazzy/opt/gz_transport_vendor:/opt/ros/jazzy/opt/gz_rendering_vendor:/opt/ros/jazzy/opt/gz_plugin_vendor:/opt/ros/jazzy/opt/gz_fuel_tools_vendor:/opt/ros/jazzy/opt/gz_msgs_vendor:/opt/ros/jazzy/opt/gz_common_vendor:/opt/ros/jazzy/opt/gz_tools_vendor:/opt/ros/jazzy/opt/gz_ogre_next_vendor:/opt/ros/jazzy/opt/gz_dartsim_vendor:/opt/ros/jazzy/opt/gz_math_vendor:/opt/ros/jazzy/opt/gz_utils_vendor:/opt/ros/jazzy/opt/gz_cmake_vendor:/opt/ros/jazzy LD_LIBRARY_PATH=/home/embedded/ros2_ws/install/ecl_errors/lib:${LD_LIBRARY_PATH} PATH=/home/embedded/ros2_ws/install/ecl_config/bin:${PATH} /usr/bin/cmake --install /home/embedded/ros2_ws/build/ecl_time_lite
