-- The C compiler identification is GNU 13.3.0
-- The CXX compiler identification is GNU 13.3.0
-- Detecting C compiler ABI info
-- Detecting C compiler ABI info - done
-- Check for working C compiler: /usr/bin/cc - skipped
-- Detecting C compile features
-- Detecting C compile features - done
-- Detecting CXX compiler ABI info
-- Detecting CXX compiler ABI info - done
-- Check for working CXX compiler: /usr/bin/c++ - skipped
-- Detecting CXX compile features
-- Detecting CXX compile features - done
-- Found ament_cmake_ros: 0.12.0 (/opt/ros/jazzy/share/ament_cmake_ros/cmake)
-- Found Python3: /usr/bin/python3 (found version "3.12.3") found components: Interpreter 
-- Override CMake install command with custom implementation using symlinks instead of copying resources
-- Found ecl_build: 1.0.3 (/opt/ros/jazzy/share/ecl_build/cmake)
[0mCMake Deprecation Warning at /opt/ros/jazzy/share/ecl_build/cmake/cotire.cmake:45 (cmake_minimum_required):
  Compatibility with CMake < 3.5 will be removed from a future version of
  CMake.

  Update the VERSION argument <min> value or use a ...<max> suffix to tell
  CMake that the project does not need compatibility with older versions.
Call Stack (most recent call first):
  /opt/ros/jazzy/share/ecl_build/cmake/ecl_buildConfig.cmake:41 (include)
  CMakeLists.txt:17 (find_package)

[0m
-- Found ecl_concepts: 1.2.1 (/home/embedded/ros2_ws/install/ecl_concepts/share/ecl_concepts/cmake)
-- Found ecl_converters: 1.2.1 (/home/embedded/ros2_ws/install/ecl_converters/share/ecl_converters/cmake)
-- Found ecl_devices: 1.2.1 (/home/embedded/ros2_ws/install/ecl_devices/share/ecl_devices/cmake)
-- Performing Test CMAKE_HAVE_LIBC_PTHREAD
-- Performing Test CMAKE_HAVE_LIBC_PTHREAD - Success
[33mCMake Warning (dev) at /usr/share/cmake-3.28/Modules/FindPackageHandleStandardArgs.cmake:438 (message):
  The package name passed to `find_package_handle_standard_args` (Threads)
  does not match the name of the calling package (ecl_threads).  This can
  lead to problems in calling code that expects `find_package` result
  variables (e.g., `_FOUND`) to follow a certain pattern.
Call Stack (most recent call first):
  /usr/share/cmake-3.28/Modules/FindThreads.cmake:226 (FIND_PACKAGE_HANDLE_STANDARD_ARGS)
  /opt/ros/jazzy/share/ecl_build/cmake/ecl_platform_detection.cmake:225 (include)
  /home/embedded/ros2_ws/install/ecl_threads/share/ecl_threads/cmake/ecl_threads-extras.cmake:4 (ecl_detect_threads)
  /home/embedded/ros2_ws/install/ecl_threads/share/ecl_threads/cmake/ecl_threadsConfig.cmake:41 (include)
  /home/embedded/ros2_ws/install/ecl_devices/share/ecl_devices/cmake/ament_cmake_export_dependencies-extras.cmake:21 (find_package)
  /home/embedded/ros2_ws/install/ecl_devices/share/ecl_devices/cmake/ecl_devicesConfig.cmake:41 (include)
  CMakeLists.txt:20 (find_package)
This warning is for project developers.  Use -Wno-dev to suppress it.
[0m
-- Found Threads: TRUE  
-- Found ament_lint_auto: 0.17.2 (/opt/ros/jazzy/share/ament_lint_auto/cmake)
-- Found gtest sources under '/opt/ros/jazzy/src/gtest_vendor': C++ tests using 'Google Test' will be built
-- Configuring done (2.8s)
-- Generating done (0.0s)
-- Build files have been written to: /home/embedded/ros2_ws/build/ecl_streams
[  6%] [32mBuilding CXX object src/lib/CMakeFiles/ecl_streams.dir/log_stream.cpp.o[0m
[ 13%] [32mBuilding CXX object src/lib/CMakeFiles/ecl_streams.dir/manipulators.cpp.o[0m
[ 20%] [32m[1mLinking CXX shared library libecl_streams.so[0m
[ 20%] Built target ecl_streams
[ 26%] [32mBuilding CXX object gtest/CMakeFiles/gtest.dir/src/gtest-all.cc.o[0m
[ 33%] [32m[1mLinking CXX static library libgtest.a[0m
[ 33%] Built target gtest
[ 40%] [32mBuilding CXX object src/examples/CMakeFiles/ecl_time_example_log_streams.dir/log_streams.cpp.o[0m
[ 46%] [32m[1mLinking CXX executable demo_log_streams[0m
[ 46%] Built target ecl_time_example_log_streams
[ 53%] [32mBuilding CXX object src/examples/CMakeFiles/ecl_time_example_console_streams.dir/console_streams.cpp.o[0m
[ 60%] [32m[1mLinking CXX executable demo_console_streams[0m
[ 60%] Built target ecl_time_example_console_streams
[ 66%] [32mBuilding CXX object gtest/CMakeFiles/gtest_main.dir/src/gtest_main.cc.o[0m
[ 73%] [32m[1mLinking CXX static library libgtest_main.a[0m
[ 73%] Built target gtest_main
[ 80%] [32mBuilding CXX object src/test/CMakeFiles/ecl_test_file_streams.dir/file_streams.cpp.o[0m
[ 86%] [32m[1mLinking CXX executable ecl_test_file_streams[0m
[ 86%] Built target ecl_test_file_streams
[ 93%] [32mBuilding CXX object src/test/CMakeFiles/ecl_test_string_streams.dir/string_streams.cpp.o[0m
[100%] [32m[1mLinking CXX executable ecl_test_string_streams[0m
[100%] Built target ecl_test_string_streams
-- Install configuration: ""
-- Execute custom install script
-- Symlinking: /home/embedded/ros2_ws/install/ecl_streams/include/ecl/streams/manipulators/clear_screen.hpp
-- Symlinking: /home/embedded/ros2_ws/install/ecl_streams/include/ecl/streams/manipulators/end_of_line.hpp
-- Symlinking: /home/embedded/ros2_ws/install/ecl_streams/include/ecl/streams/manipulators/manipulator.hpp
-- Symlinking: /home/embedded/ros2_ws/install/ecl_streams/include/ecl/streams/text_streams/base_text_stream.hpp
-- Symlinking: /home/embedded/ros2_ws/install/ecl_streams/include/ecl/streams/text_streams/input_text_stream.hpp
-- Symlinking: /home/embedded/ros2_ws/install/ecl_streams/include/ecl/streams/text_streams/output_text_stream.hpp
-- Symlinking: /home/embedded/ros2_ws/install/ecl_streams/include/ecl/streams/console_streams.hpp
-- Symlinking: /home/embedded/ros2_ws/install/ecl_streams/include/ecl/streams/file_streams.hpp
-- Symlinking: /home/embedded/ros2_ws/install/ecl_streams/include/ecl/streams/log_stream.hpp
-- Symlinking: /home/embedded/ros2_ws/install/ecl_streams/include/ecl/streams/macros.hpp
-- Symlinking: /home/embedded/ros2_ws/install/ecl_streams/include/ecl/streams/manipulators.hpp
-- Symlinking: /home/embedded/ros2_ws/install/ecl_streams/include/ecl/streams/serial_stream.hpp
-- Symlinking: /home/embedded/ros2_ws/install/ecl_streams/include/ecl/streams/shared_file_stream.hpp
-- Symlinking: /home/embedded/ros2_ws/install/ecl_streams/include/ecl/streams/socket_streams.hpp
-- Symlinking: /home/embedded/ros2_ws/install/ecl_streams/include/ecl/streams/string_stream.hpp
-- Symlinking: /home/embedded/ros2_ws/install/ecl_streams/include/ecl/streams/text_stream.hpp
-- Symlinking: /home/embedded/ros2_ws/install/ecl_streams/include/ecl/streams.hpp
-- Symlinking: /home/embedded/ros2_ws/install/ecl_streams/lib/ecl_streams/demo_console_streams
-- Symlinking: /home/embedded/ros2_ws/install/ecl_streams/lib/ecl_streams/demo_log_streams
-- Symlinking: /home/embedded/ros2_ws/install/ecl_streams/share/ecl_streams/environment/library_path.sh
-- Symlinking: /home/embedded/ros2_ws/install/ecl_streams/share/ecl_streams/environment/library_path.dsv
-- Symlinking: /home/embedded/ros2_ws/install/ecl_streams/share/ament_index/resource_index/package_run_dependencies/ecl_streams
-- Symlinking: /home/embedded/ros2_ws/install/ecl_streams/share/ament_index/resource_index/parent_prefix_path/ecl_streams
-- Symlinking: /home/embedded/ros2_ws/install/ecl_streams/share/ecl_streams/environment/ament_prefix_path.sh
-- Symlinking: /home/embedded/ros2_ws/install/ecl_streams/share/ecl_streams/environment/ament_prefix_path.dsv
-- Symlinking: /home/embedded/ros2_ws/install/ecl_streams/share/ecl_streams/environment/path.sh
-- Symlinking: /home/embedded/ros2_ws/install/ecl_streams/share/ecl_streams/environment/path.dsv
-- Symlinking: /home/embedded/ros2_ws/install/ecl_streams/share/ecl_streams/local_setup.bash
-- Symlinking: /home/embedded/ros2_ws/install/ecl_streams/share/ecl_streams/local_setup.sh
-- Symlinking: /home/embedded/ros2_ws/install/ecl_streams/share/ecl_streams/local_setup.zsh
-- Symlinking: /home/embedded/ros2_ws/install/ecl_streams/share/ecl_streams/local_setup.dsv
-- Symlinking: /home/embedded/ros2_ws/install/ecl_streams/share/ecl_streams/package.dsv
-- Symlinking: /home/embedded/ros2_ws/install/ecl_streams/share/ament_index/resource_index/packages/ecl_streams
-- Symlinking: /home/embedded/ros2_ws/install/ecl_streams/share/ecl_streams/cmake/ament_cmake_export_targets-extras.cmake
-- Symlinking: /home/embedded/ros2_ws/install/ecl_streams/share/ecl_streams/cmake/ament_cmake_export_include_directories-extras.cmake
-- Symlinking: /home/embedded/ros2_ws/install/ecl_streams/share/ecl_streams/cmake/ament_cmake_export_libraries-extras.cmake
-- Symlinking: /home/embedded/ros2_ws/install/ecl_streams/share/ecl_streams/cmake/ament_cmake_export_dependencies-extras.cmake
-- Symlinking: /home/embedded/ros2_ws/install/ecl_streams/share/ecl_streams/cmake/ecl_streamsConfig.cmake
-- Symlinking: /home/embedded/ros2_ws/install/ecl_streams/share/ecl_streams/cmake/ecl_streamsConfig-version.cmake
-- Symlinking: /home/embedded/ros2_ws/install/ecl_streams/share/ecl_streams/package.xml
-- Installing: /home/embedded/ros2_ws/install/ecl_streams/share/ecl_streams/cmake/ecl_streamsExport.cmake
-- Installing: /home/embedded/ros2_ws/install/ecl_streams/share/ecl_streams/cmake/ecl_streamsExport-noconfig.cmake
-- Installing: /home/embedded/ros2_ws/install/ecl_streams/lib/libecl_streams.so.1.2.1
-- Set non-toolchain portion of runtime path of "/home/embedded/ros2_ws/install/ecl_streams/lib/libecl_streams.so.1.2.1" to ""
-- Installing: /home/embedded/ros2_ws/install/ecl_streams/lib/libecl_streams.so
