[0.087s] Invoking command in '/home/embedded/ros2_ws/build/ecl_streams': AMENT_PREFIX_PATH=/home/embedded/ros2_ws/install/ecl_devices:/home/embedded/ros2_ws/install/ecl_containers:/home/embedded/ros2_ws/install/ecl_threads:/home/embedded/ros2_ws/install/ecl_formatters:/home/embedded/ros2_ws/install/ecl_utilities:/home/embedded/ros2_ws/install/ecl_time:/home/embedded/ros2_ws/install/ecl_converters:/home/embedded/ros2_ws/install/ecl_time_lite:/home/embedded/ros2_ws/install/ecl_exceptions:/home/embedded/ros2_ws/install/ecl_concepts:/home/embedded/ros2_ws/install/ecl_type_traits:/home/embedded/ros2_ws/install/ecl_errors:/home/embedded/ros2_ws/install/ecl_mpl:/home/embedded/ros2_ws/install/ecl_config:${AMENT_PREFIX_PATH} CMAKE_PREFIX_PATH=/home/embedded/ros2_ws/install/ecl_devices:/home/embedded/ros2_ws/install/ecl_containers:/home/embedded/ros2_ws/install/ecl_threads:/home/embedded/ros2_ws/install/ecl_formatters:/home/embedded/ros2_ws/install/ecl_utilities:/home/embedded/ros2_ws/install/ecl_time:/home/embedded/ros2_ws/install/ecl_converters:/home/embedded/ros2_ws/install/ecl_time_lite:/home/embedded/ros2_ws/install/ecl_exceptions:/home/embedded/ros2_ws/install/ecl_concepts:/home/embedded/ros2_ws/install/ecl_type_traits:/home/embedded/ros2_ws/install/ecl_errors:/home/embedded/ros2_ws/install/ecl_mpl:/home/embedded/ros2_ws/install/ecl_config:/opt/ros/jazzy/opt/gz_sim_vendor:/opt/ros/jazzy/opt/gz_sensors_vendor:/opt/ros/jazzy/opt/gz_physics_vendor:/opt/ros/jazzy/opt/sdformat_vendor:/opt/ros/jazzy/opt/gz_gui_vendor:/opt/ros/jazzy/opt/gz_transport_vendor:/opt/ros/jazzy/opt/gz_rendering_vendor:/opt/ros/jazzy/opt/gz_plugin_vendor:/opt/ros/jazzy/opt/gz_fuel_tools_vendor:/opt/ros/jazzy/opt/gz_msgs_vendor:/opt/ros/jazzy/opt/gz_common_vendor:/opt/ros/jazzy/opt/gz_tools_vendor:/opt/ros/jazzy/opt/gz_ogre_next_vendor:/opt/ros/jazzy/opt/gz_dartsim_vendor:/opt/ros/jazzy/opt/gz_math_vendor:/opt/ros/jazzy/opt/gz_utils_vendor:/opt/ros/jazzy/opt/gz_cmake_vendor:/opt/ros/jazzy LD_LIBRARY_PATH=/home/embedded/ros2_ws/install/ecl_devices/lib:/home/embedded/ros2_ws/install/ecl_threads/lib:/home/embedded/ros2_ws/install/ecl_formatters/lib:/home/embedded/ros2_ws/install/ecl_time/lib:/home/embedded/ros2_ws/install/ecl_time_lite/lib:/home/embedded/ros2_ws/install/ecl_exceptions/lib:/home/embedded/ros2_ws/install/ecl_type_traits/lib:/home/embedded/ros2_ws/install/ecl_errors/lib:${LD_LIBRARY_PATH} PATH=/home/embedded/ros2_ws/install/ecl_type_traits/bin:/home/embedded/ros2_ws/install/ecl_config/bin:${PATH} /usr/bin/cmake /home/embedded/ros2_ws/src/ThirdParty/ecl/ecl_core/ecl_streams -DAMENT_CMAKE_SYMLINK_INSTALL=1 -DCMAKE_INSTALL_PREFIX=/home/embedded/ros2_ws/install/ecl_streams
[0.318s] -- The C compiler identification is GNU 13.3.0
[0.466s] -- The CXX compiler identification is GNU 13.3.0
[0.506s] -- Detecting C compiler ABI info
[0.776s] -- Detecting C compiler ABI info - done
[0.804s] -- Check for working C compiler: /usr/bin/cc - skipped
[0.805s] -- Detecting C compile features
[0.807s] -- Detecting C compile features - done
[0.833s] -- Detecting CXX compiler ABI info
[1.136s] -- Detecting CXX compiler ABI info - done
[1.172s] -- Check for working CXX compiler: /usr/bin/c++ - skipped
[1.175s] -- Detecting CXX compile features
[1.178s] -- Detecting CXX compile features - done
[1.192s] -- Found ament_cmake_ros: 0.12.0 (/opt/ros/jazzy/share/ament_cmake_ros/cmake)
[1.623s] -- Found Python3: /usr/bin/python3 (found version "3.12.3") found components: Interpreter 
[1.836s] -- Override CMake install command with custom implementation using symlinks instead of copying resources
[1.977s] -- Found ecl_build: 1.0.3 (/opt/ros/jazzy/share/ecl_build/cmake)
[1.984s] [0mCMake Deprecation Warning at /opt/ros/jazzy/share/ecl_build/cmake/cotire.cmake:45 (cmake_minimum_required):
[1.987s]   Compatibility with CMake < 3.5 will be removed from a future version of
[1.988s]   CMake.
[1.988s] 
[1.988s]   Update the VERSION argument <min> value or use a ...<max> suffix to tell
[1.988s]   CMake that the project does not need compatibility with older versions.
[1.988s] Call Stack (most recent call first):
[1.988s]   /opt/ros/jazzy/share/ecl_build/cmake/ecl_buildConfig.cmake:41 (include)
[1.988s]   CMakeLists.txt:17 (find_package)
[1.989s] 
[1.989s] [0m
[1.998s] -- Found ecl_concepts: 1.2.1 (/home/embedded/ros2_ws/install/ecl_concepts/share/ecl_concepts/cmake)
[2.027s] -- Found ecl_converters: 1.2.1 (/home/embedded/ros2_ws/install/ecl_converters/share/ecl_converters/cmake)
[2.054s] -- Found ecl_devices: 1.2.1 (/home/embedded/ros2_ws/install/ecl_devices/share/ecl_devices/cmake)
[2.083s] -- Performing Test CMAKE_HAVE_LIBC_PTHREAD
[2.395s] -- Performing Test CMAKE_HAVE_LIBC_PTHREAD - Success
[2.402s] [33mCMake Warning (dev) at /usr/share/cmake-3.28/Modules/FindPackageHandleStandardArgs.cmake:438 (message):
[2.402s]   The package name passed to `find_package_handle_standard_args` (Threads)
[2.402s]   does not match the name of the calling package (ecl_threads).  This can
[2.402s]   lead to problems in calling code that expects `find_package` result
[2.403s]   variables (e.g., `_FOUND`) to follow a certain pattern.
[2.403s] Call Stack (most recent call first):
[2.403s]   /usr/share/cmake-3.28/Modules/FindThreads.cmake:226 (FIND_PACKAGE_HANDLE_STANDARD_ARGS)
[2.403s]   /opt/ros/jazzy/share/ecl_build/cmake/ecl_platform_detection.cmake:225 (include)
[2.404s]   /home/embedded/ros2_ws/install/ecl_threads/share/ecl_threads/cmake/ecl_threads-extras.cmake:4 (ecl_detect_threads)
[2.404s]   /home/embedded/ros2_ws/install/ecl_threads/share/ecl_threads/cmake/ecl_threadsConfig.cmake:41 (include)
[2.407s]   /home/embedded/ros2_ws/install/ecl_devices/share/ecl_devices/cmake/ament_cmake_export_dependencies-extras.cmake:21 (find_package)
[2.408s]   /home/embedded/ros2_ws/install/ecl_devices/share/ecl_devices/cmake/ecl_devicesConfig.cmake:41 (include)
[2.408s]   CMakeLists.txt:20 (find_package)
[2.408s] This warning is for project developers.  Use -Wno-dev to suppress it.
[2.408s] [0m
[2.408s] -- Found Threads: TRUE  
[2.766s] -- Found ament_lint_auto: 0.17.2 (/opt/ros/jazzy/share/ament_lint_auto/cmake)
[2.867s] -- Found gtest sources under '/opt/ros/jazzy/src/gtest_vendor': C++ tests using 'Google Test' will be built
[2.910s] -- Configuring done (2.8s)
[2.957s] -- Generating done (0.0s)
[2.972s] -- Build files have been written to: /home/embedded/ros2_ws/build/ecl_streams
[2.993s] Invoked command in '/home/embedded/ros2_ws/build/ecl_streams' returned '0': AMENT_PREFIX_PATH=/home/embedded/ros2_ws/install/ecl_devices:/home/embedded/ros2_ws/install/ecl_containers:/home/embedded/ros2_ws/install/ecl_threads:/home/embedded/ros2_ws/install/ecl_formatters:/home/embedded/ros2_ws/install/ecl_utilities:/home/embedded/ros2_ws/install/ecl_time:/home/embedded/ros2_ws/install/ecl_converters:/home/embedded/ros2_ws/install/ecl_time_lite:/home/embedded/ros2_ws/install/ecl_exceptions:/home/embedded/ros2_ws/install/ecl_concepts:/home/embedded/ros2_ws/install/ecl_type_traits:/home/embedded/ros2_ws/install/ecl_errors:/home/embedded/ros2_ws/install/ecl_mpl:/home/embedded/ros2_ws/install/ecl_config:${AMENT_PREFIX_PATH} CMAKE_PREFIX_PATH=/home/embedded/ros2_ws/install/ecl_devices:/home/embedded/ros2_ws/install/ecl_containers:/home/embedded/ros2_ws/install/ecl_threads:/home/embedded/ros2_ws/install/ecl_formatters:/home/embedded/ros2_ws/install/ecl_utilities:/home/embedded/ros2_ws/install/ecl_time:/home/embedded/ros2_ws/install/ecl_converters:/home/embedded/ros2_ws/install/ecl_time_lite:/home/embedded/ros2_ws/install/ecl_exceptions:/home/embedded/ros2_ws/install/ecl_concepts:/home/embedded/ros2_ws/install/ecl_type_traits:/home/embedded/ros2_ws/install/ecl_errors:/home/embedded/ros2_ws/install/ecl_mpl:/home/embedded/ros2_ws/install/ecl_config:/opt/ros/jazzy/opt/gz_sim_vendor:/opt/ros/jazzy/opt/gz_sensors_vendor:/opt/ros/jazzy/opt/gz_physics_vendor:/opt/ros/jazzy/opt/sdformat_vendor:/opt/ros/jazzy/opt/gz_gui_vendor:/opt/ros/jazzy/opt/gz_transport_vendor:/opt/ros/jazzy/opt/gz_rendering_vendor:/opt/ros/jazzy/opt/gz_plugin_vendor:/opt/ros/jazzy/opt/gz_fuel_tools_vendor:/opt/ros/jazzy/opt/gz_msgs_vendor:/opt/ros/jazzy/opt/gz_common_vendor:/opt/ros/jazzy/opt/gz_tools_vendor:/opt/ros/jazzy/opt/gz_ogre_next_vendor:/opt/ros/jazzy/opt/gz_dartsim_vendor:/opt/ros/jazzy/opt/gz_math_vendor:/opt/ros/jazzy/opt/gz_utils_vendor:/opt/ros/jazzy/opt/gz_cmake_vendor:/opt/ros/jazzy LD_LIBRARY_PATH=/home/embedded/ros2_ws/install/ecl_devices/lib:/home/embedded/ros2_ws/install/ecl_threads/lib:/home/embedded/ros2_ws/install/ecl_formatters/lib:/home/embedded/ros2_ws/install/ecl_time/lib:/home/embedded/ros2_ws/install/ecl_time_lite/lib:/home/embedded/ros2_ws/install/ecl_exceptions/lib:/home/embedded/ros2_ws/install/ecl_type_traits/lib:/home/embedded/ros2_ws/install/ecl_errors/lib:${LD_LIBRARY_PATH} PATH=/home/embedded/ros2_ws/install/ecl_type_traits/bin:/home/embedded/ros2_ws/install/ecl_config/bin:${PATH} /usr/bin/cmake /home/embedded/ros2_ws/src/ThirdParty/ecl/ecl_core/ecl_streams -DAMENT_CMAKE_SYMLINK_INSTALL=1 -DCMAKE_INSTALL_PREFIX=/home/embedded/ros2_ws/install/ecl_streams
[2.994s] Invoking command in '/home/embedded/ros2_ws/build/ecl_streams': AMENT_PREFIX_PATH=/home/embedded/ros2_ws/install/ecl_devices:/home/embedded/ros2_ws/install/ecl_containers:/home/embedded/ros2_ws/install/ecl_threads:/home/embedded/ros2_ws/install/ecl_formatters:/home/embedded/ros2_ws/install/ecl_utilities:/home/embedded/ros2_ws/install/ecl_time:/home/embedded/ros2_ws/install/ecl_converters:/home/embedded/ros2_ws/install/ecl_time_lite:/home/embedded/ros2_ws/install/ecl_exceptions:/home/embedded/ros2_ws/install/ecl_concepts:/home/embedded/ros2_ws/install/ecl_type_traits:/home/embedded/ros2_ws/install/ecl_errors:/home/embedded/ros2_ws/install/ecl_mpl:/home/embedded/ros2_ws/install/ecl_config:${AMENT_PREFIX_PATH} CMAKE_PREFIX_PATH=/home/embedded/ros2_ws/install/ecl_devices:/home/embedded/ros2_ws/install/ecl_containers:/home/embedded/ros2_ws/install/ecl_threads:/home/embedded/ros2_ws/install/ecl_formatters:/home/embedded/ros2_ws/install/ecl_utilities:/home/embedded/ros2_ws/install/ecl_time:/home/embedded/ros2_ws/install/ecl_converters:/home/embedded/ros2_ws/install/ecl_time_lite:/home/embedded/ros2_ws/install/ecl_exceptions:/home/embedded/ros2_ws/install/ecl_concepts:/home/embedded/ros2_ws/install/ecl_type_traits:/home/embedded/ros2_ws/install/ecl_errors:/home/embedded/ros2_ws/install/ecl_mpl:/home/embedded/ros2_ws/install/ecl_config:/opt/ros/jazzy/opt/gz_sim_vendor:/opt/ros/jazzy/opt/gz_sensors_vendor:/opt/ros/jazzy/opt/gz_physics_vendor:/opt/ros/jazzy/opt/sdformat_vendor:/opt/ros/jazzy/opt/gz_gui_vendor:/opt/ros/jazzy/opt/gz_transport_vendor:/opt/ros/jazzy/opt/gz_rendering_vendor:/opt/ros/jazzy/opt/gz_plugin_vendor:/opt/ros/jazzy/opt/gz_fuel_tools_vendor:/opt/ros/jazzy/opt/gz_msgs_vendor:/opt/ros/jazzy/opt/gz_common_vendor:/opt/ros/jazzy/opt/gz_tools_vendor:/opt/ros/jazzy/opt/gz_ogre_next_vendor:/opt/ros/jazzy/opt/gz_dartsim_vendor:/opt/ros/jazzy/opt/gz_math_vendor:/opt/ros/jazzy/opt/gz_utils_vendor:/opt/ros/jazzy/opt/gz_cmake_vendor:/opt/ros/jazzy LD_LIBRARY_PATH=/home/embedded/ros2_ws/install/ecl_devices/lib:/home/embedded/ros2_ws/install/ecl_threads/lib:/home/embedded/ros2_ws/install/ecl_formatters/lib:/home/embedded/ros2_ws/install/ecl_time/lib:/home/embedded/ros2_ws/install/ecl_time_lite/lib:/home/embedded/ros2_ws/install/ecl_exceptions/lib:/home/embedded/ros2_ws/install/ecl_type_traits/lib:/home/embedded/ros2_ws/install/ecl_errors/lib:${LD_LIBRARY_PATH} PATH=/home/embedded/ros2_ws/install/ecl_type_traits/bin:/home/embedded/ros2_ws/install/ecl_config/bin:${PATH} /usr/bin/cmake --build /home/embedded/ros2_ws/build/ecl_streams -- -j4 -l4
[3.147s] [  6%] [32mBuilding CXX object src/lib/CMakeFiles/ecl_streams.dir/log_stream.cpp.o[0m
[4.529s] [ 13%] [32mBuilding CXX object src/lib/CMakeFiles/ecl_streams.dir/manipulators.cpp.o[0m
[5.358s] [ 20%] [32m[1mLinking CXX shared library libecl_streams.so[0m
[5.634s] [ 20%] Built target ecl_streams
[5.697s] [ 26%] [32mBuilding CXX object gtest/CMakeFiles/gtest.dir/src/gtest-all.cc.o[0m
[14.815s] [ 33%] [32m[1mLinking CXX static library libgtest.a[0m
[15.069s] [ 33%] Built target gtest
[15.131s] [ 40%] [32mBuilding CXX object src/examples/CMakeFiles/ecl_time_example_log_streams.dir/log_streams.cpp.o[0m
[16.435s] [ 46%] [32m[1mLinking CXX executable demo_log_streams[0m
[16.652s] [ 46%] Built target ecl_time_example_log_streams
[16.705s] [ 53%] [32mBuilding CXX object src/examples/CMakeFiles/ecl_time_example_console_streams.dir/console_streams.cpp.o[0m
[17.852s] [ 60%] [32m[1mLinking CXX executable demo_console_streams[0m
[18.084s] [ 60%] Built target ecl_time_example_console_streams
[18.158s] [ 66%] [32mBuilding CXX object gtest/CMakeFiles/gtest_main.dir/src/gtest_main.cc.o[0m
[19.608s] [ 73%] [32m[1mLinking CXX static library libgtest_main.a[0m
[19.711s] [ 73%] Built target gtest_main
[19.767s] [ 80%] [32mBuilding CXX object src/test/CMakeFiles/ecl_test_file_streams.dir/file_streams.cpp.o[0m
[21.853s] [ 86%] [32m[1mLinking CXX executable ecl_test_file_streams[0m
[22.266s] [ 86%] Built target ecl_test_file_streams
[22.355s] [ 93%] [32mBuilding CXX object src/test/CMakeFiles/ecl_test_string_streams.dir/string_streams.cpp.o[0m
[24.664s] [100%] [32m[1mLinking CXX executable ecl_test_string_streams[0m
[25.012s] [100%] Built target ecl_test_string_streams
[25.045s] Invoked command in '/home/embedded/ros2_ws/build/ecl_streams' returned '0': AMENT_PREFIX_PATH=/home/embedded/ros2_ws/install/ecl_devices:/home/embedded/ros2_ws/install/ecl_containers:/home/embedded/ros2_ws/install/ecl_threads:/home/embedded/ros2_ws/install/ecl_formatters:/home/embedded/ros2_ws/install/ecl_utilities:/home/embedded/ros2_ws/install/ecl_time:/home/embedded/ros2_ws/install/ecl_converters:/home/embedded/ros2_ws/install/ecl_time_lite:/home/embedded/ros2_ws/install/ecl_exceptions:/home/embedded/ros2_ws/install/ecl_concepts:/home/embedded/ros2_ws/install/ecl_type_traits:/home/embedded/ros2_ws/install/ecl_errors:/home/embedded/ros2_ws/install/ecl_mpl:/home/embedded/ros2_ws/install/ecl_config:${AMENT_PREFIX_PATH} CMAKE_PREFIX_PATH=/home/embedded/ros2_ws/install/ecl_devices:/home/embedded/ros2_ws/install/ecl_containers:/home/embedded/ros2_ws/install/ecl_threads:/home/embedded/ros2_ws/install/ecl_formatters:/home/embedded/ros2_ws/install/ecl_utilities:/home/embedded/ros2_ws/install/ecl_time:/home/embedded/ros2_ws/install/ecl_converters:/home/embedded/ros2_ws/install/ecl_time_lite:/home/embedded/ros2_ws/install/ecl_exceptions:/home/embedded/ros2_ws/install/ecl_concepts:/home/embedded/ros2_ws/install/ecl_type_traits:/home/embedded/ros2_ws/install/ecl_errors:/home/embedded/ros2_ws/install/ecl_mpl:/home/embedded/ros2_ws/install/ecl_config:/opt/ros/jazzy/opt/gz_sim_vendor:/opt/ros/jazzy/opt/gz_sensors_vendor:/opt/ros/jazzy/opt/gz_physics_vendor:/opt/ros/jazzy/opt/sdformat_vendor:/opt/ros/jazzy/opt/gz_gui_vendor:/opt/ros/jazzy/opt/gz_transport_vendor:/opt/ros/jazzy/opt/gz_rendering_vendor:/opt/ros/jazzy/opt/gz_plugin_vendor:/opt/ros/jazzy/opt/gz_fuel_tools_vendor:/opt/ros/jazzy/opt/gz_msgs_vendor:/opt/ros/jazzy/opt/gz_common_vendor:/opt/ros/jazzy/opt/gz_tools_vendor:/opt/ros/jazzy/opt/gz_ogre_next_vendor:/opt/ros/jazzy/opt/gz_dartsim_vendor:/opt/ros/jazzy/opt/gz_math_vendor:/opt/ros/jazzy/opt/gz_utils_vendor:/opt/ros/jazzy/opt/gz_cmake_vendor:/opt/ros/jazzy LD_LIBRARY_PATH=/home/embedded/ros2_ws/install/ecl_devices/lib:/home/embedded/ros2_ws/install/ecl_threads/lib:/home/embedded/ros2_ws/install/ecl_formatters/lib:/home/embedded/ros2_ws/install/ecl_time/lib:/home/embedded/ros2_ws/install/ecl_time_lite/lib:/home/embedded/ros2_ws/install/ecl_exceptions/lib:/home/embedded/ros2_ws/install/ecl_type_traits/lib:/home/embedded/ros2_ws/install/ecl_errors/lib:${LD_LIBRARY_PATH} PATH=/home/embedded/ros2_ws/install/ecl_type_traits/bin:/home/embedded/ros2_ws/install/ecl_config/bin:${PATH} /usr/bin/cmake --build /home/embedded/ros2_ws/build/ecl_streams -- -j4 -l4
[25.046s] Invoking command in '/home/embedded/ros2_ws/build/ecl_streams': AMENT_PREFIX_PATH=/home/embedded/ros2_ws/install/ecl_devices:/home/embedded/ros2_ws/install/ecl_containers:/home/embedded/ros2_ws/install/ecl_threads:/home/embedded/ros2_ws/install/ecl_formatters:/home/embedded/ros2_ws/install/ecl_utilities:/home/embedded/ros2_ws/install/ecl_time:/home/embedded/ros2_ws/install/ecl_converters:/home/embedded/ros2_ws/install/ecl_time_lite:/home/embedded/ros2_ws/install/ecl_exceptions:/home/embedded/ros2_ws/install/ecl_concepts:/home/embedded/ros2_ws/install/ecl_type_traits:/home/embedded/ros2_ws/install/ecl_errors:/home/embedded/ros2_ws/install/ecl_mpl:/home/embedded/ros2_ws/install/ecl_config:${AMENT_PREFIX_PATH} CMAKE_PREFIX_PATH=/home/embedded/ros2_ws/install/ecl_devices:/home/embedded/ros2_ws/install/ecl_containers:/home/embedded/ros2_ws/install/ecl_threads:/home/embedded/ros2_ws/install/ecl_formatters:/home/embedded/ros2_ws/install/ecl_utilities:/home/embedded/ros2_ws/install/ecl_time:/home/embedded/ros2_ws/install/ecl_converters:/home/embedded/ros2_ws/install/ecl_time_lite:/home/embedded/ros2_ws/install/ecl_exceptions:/home/embedded/ros2_ws/install/ecl_concepts:/home/embedded/ros2_ws/install/ecl_type_traits:/home/embedded/ros2_ws/install/ecl_errors:/home/embedded/ros2_ws/install/ecl_mpl:/home/embedded/ros2_ws/install/ecl_config:/opt/ros/jazzy/opt/gz_sim_vendor:/opt/ros/jazzy/opt/gz_sensors_vendor:/opt/ros/jazzy/opt/gz_physics_vendor:/opt/ros/jazzy/opt/sdformat_vendor:/opt/ros/jazzy/opt/gz_gui_vendor:/opt/ros/jazzy/opt/gz_transport_vendor:/opt/ros/jazzy/opt/gz_rendering_vendor:/opt/ros/jazzy/opt/gz_plugin_vendor:/opt/ros/jazzy/opt/gz_fuel_tools_vendor:/opt/ros/jazzy/opt/gz_msgs_vendor:/opt/ros/jazzy/opt/gz_common_vendor:/opt/ros/jazzy/opt/gz_tools_vendor:/opt/ros/jazzy/opt/gz_ogre_next_vendor:/opt/ros/jazzy/opt/gz_dartsim_vendor:/opt/ros/jazzy/opt/gz_math_vendor:/opt/ros/jazzy/opt/gz_utils_vendor:/opt/ros/jazzy/opt/gz_cmake_vendor:/opt/ros/jazzy LD_LIBRARY_PATH=/home/embedded/ros2_ws/install/ecl_devices/lib:/home/embedded/ros2_ws/install/ecl_threads/lib:/home/embedded/ros2_ws/install/ecl_formatters/lib:/home/embedded/ros2_ws/install/ecl_time/lib:/home/embedded/ros2_ws/install/ecl_time_lite/lib:/home/embedded/ros2_ws/install/ecl_exceptions/lib:/home/embedded/ros2_ws/install/ecl_type_traits/lib:/home/embedded/ros2_ws/install/ecl_errors/lib:${LD_LIBRARY_PATH} PATH=/home/embedded/ros2_ws/install/ecl_type_traits/bin:/home/embedded/ros2_ws/install/ecl_config/bin:${PATH} /usr/bin/cmake --install /home/embedded/ros2_ws/build/ecl_streams
[25.075s] -- Install configuration: ""
[25.077s] -- Execute custom install script
[25.081s] -- Symlinking: /home/embedded/ros2_ws/install/ecl_streams/include/ecl/streams/manipulators/clear_screen.hpp
[25.105s] -- Symlinking: /home/embedded/ros2_ws/install/ecl_streams/include/ecl/streams/manipulators/end_of_line.hpp
[25.133s] -- Symlinking: /home/embedded/ros2_ws/install/ecl_streams/include/ecl/streams/manipulators/manipulator.hpp
[25.157s] -- Symlinking: /home/embedded/ros2_ws/install/ecl_streams/include/ecl/streams/text_streams/base_text_stream.hpp
[25.183s] -- Symlinking: /home/embedded/ros2_ws/install/ecl_streams/include/ecl/streams/text_streams/input_text_stream.hpp
[25.211s] -- Symlinking: /home/embedded/ros2_ws/install/ecl_streams/include/ecl/streams/text_streams/output_text_stream.hpp
[25.239s] -- Symlinking: /home/embedded/ros2_ws/install/ecl_streams/include/ecl/streams/console_streams.hpp
[25.264s] -- Symlinking: /home/embedded/ros2_ws/install/ecl_streams/include/ecl/streams/file_streams.hpp
[25.288s] -- Symlinking: /home/embedded/ros2_ws/install/ecl_streams/include/ecl/streams/log_stream.hpp
[25.314s] -- Symlinking: /home/embedded/ros2_ws/install/ecl_streams/include/ecl/streams/macros.hpp
[25.343s] -- Symlinking: /home/embedded/ros2_ws/install/ecl_streams/include/ecl/streams/manipulators.hpp
[25.367s] -- Symlinking: /home/embedded/ros2_ws/install/ecl_streams/include/ecl/streams/serial_stream.hpp
[25.394s] -- Symlinking: /home/embedded/ros2_ws/install/ecl_streams/include/ecl/streams/shared_file_stream.hpp
[25.416s] -- Symlinking: /home/embedded/ros2_ws/install/ecl_streams/include/ecl/streams/socket_streams.hpp
[25.443s] -- Symlinking: /home/embedded/ros2_ws/install/ecl_streams/include/ecl/streams/string_stream.hpp
[25.470s] -- Symlinking: /home/embedded/ros2_ws/install/ecl_streams/include/ecl/streams/text_stream.hpp
[25.498s] -- Symlinking: /home/embedded/ros2_ws/install/ecl_streams/include/ecl/streams.hpp
[25.525s] -- Symlinking: /home/embedded/ros2_ws/install/ecl_streams/lib/ecl_streams/demo_console_streams
[25.547s] -- Symlinking: /home/embedded/ros2_ws/install/ecl_streams/lib/ecl_streams/demo_log_streams
[25.571s] -- Symlinking: /home/embedded/ros2_ws/install/ecl_streams/share/ecl_streams/environment/library_path.sh
[25.595s] -- Symlinking: /home/embedded/ros2_ws/install/ecl_streams/share/ecl_streams/environment/library_path.dsv
[25.621s] -- Symlinking: /home/embedded/ros2_ws/install/ecl_streams/share/ament_index/resource_index/package_run_dependencies/ecl_streams
[25.642s] -- Symlinking: /home/embedded/ros2_ws/install/ecl_streams/share/ament_index/resource_index/parent_prefix_path/ecl_streams
[25.665s] -- Symlinking: /home/embedded/ros2_ws/install/ecl_streams/share/ecl_streams/environment/ament_prefix_path.sh
[25.690s] -- Symlinking: /home/embedded/ros2_ws/install/ecl_streams/share/ecl_streams/environment/ament_prefix_path.dsv
[25.718s] -- Symlinking: /home/embedded/ros2_ws/install/ecl_streams/share/ecl_streams/environment/path.sh
[25.744s] -- Symlinking: /home/embedded/ros2_ws/install/ecl_streams/share/ecl_streams/environment/path.dsv
[25.766s] -- Symlinking: /home/embedded/ros2_ws/install/ecl_streams/share/ecl_streams/local_setup.bash
[25.791s] -- Symlinking: /home/embedded/ros2_ws/install/ecl_streams/share/ecl_streams/local_setup.sh
[25.828s] -- Symlinking: /home/embedded/ros2_ws/install/ecl_streams/share/ecl_streams/local_setup.zsh
[25.851s] -- Symlinking: /home/embedded/ros2_ws/install/ecl_streams/share/ecl_streams/local_setup.dsv
[25.877s] -- Symlinking: /home/embedded/ros2_ws/install/ecl_streams/share/ecl_streams/package.dsv
[25.906s] -- Symlinking: /home/embedded/ros2_ws/install/ecl_streams/share/ament_index/resource_index/packages/ecl_streams
[25.932s] -- Symlinking: /home/embedded/ros2_ws/install/ecl_streams/share/ecl_streams/cmake/ament_cmake_export_targets-extras.cmake
[25.958s] -- Symlinking: /home/embedded/ros2_ws/install/ecl_streams/share/ecl_streams/cmake/ament_cmake_export_include_directories-extras.cmake
[25.987s] -- Symlinking: /home/embedded/ros2_ws/install/ecl_streams/share/ecl_streams/cmake/ament_cmake_export_libraries-extras.cmake
[26.016s] -- Symlinking: /home/embedded/ros2_ws/install/ecl_streams/share/ecl_streams/cmake/ament_cmake_export_dependencies-extras.cmake
[26.052s] -- Symlinking: /home/embedded/ros2_ws/install/ecl_streams/share/ecl_streams/cmake/ecl_streamsConfig.cmake
[26.098s] -- Symlinking: /home/embedded/ros2_ws/install/ecl_streams/share/ecl_streams/cmake/ecl_streamsConfig-version.cmake
[26.146s] -- Symlinking: /home/embedded/ros2_ws/install/ecl_streams/share/ecl_streams/package.xml
[26.193s] -- Installing: /home/embedded/ros2_ws/install/ecl_streams/share/ecl_streams/cmake/ecl_streamsExport.cmake
[26.195s] -- Installing: /home/embedded/ros2_ws/install/ecl_streams/share/ecl_streams/cmake/ecl_streamsExport-noconfig.cmake
[26.199s] -- Installing: /home/embedded/ros2_ws/install/ecl_streams/lib/libecl_streams.so.1.2.1
[26.200s] -- Set non-toolchain portion of runtime path of "/home/embedded/ros2_ws/install/ecl_streams/lib/libecl_streams.so.1.2.1" to ""
[26.200s] -- Installing: /home/embedded/ros2_ws/install/ecl_streams/lib/libecl_streams.so
[26.204s] Invoked command in '/home/embedded/ros2_ws/build/ecl_streams' returned '0': AMENT_PREFIX_PATH=/home/embedded/ros2_ws/install/ecl_devices:/home/embedded/ros2_ws/install/ecl_containers:/home/embedded/ros2_ws/install/ecl_threads:/home/embedded/ros2_ws/install/ecl_formatters:/home/embedded/ros2_ws/install/ecl_utilities:/home/embedded/ros2_ws/install/ecl_time:/home/embedded/ros2_ws/install/ecl_converters:/home/embedded/ros2_ws/install/ecl_time_lite:/home/embedded/ros2_ws/install/ecl_exceptions:/home/embedded/ros2_ws/install/ecl_concepts:/home/embedded/ros2_ws/install/ecl_type_traits:/home/embedded/ros2_ws/install/ecl_errors:/home/embedded/ros2_ws/install/ecl_mpl:/home/embedded/ros2_ws/install/ecl_config:${AMENT_PREFIX_PATH} CMAKE_PREFIX_PATH=/home/embedded/ros2_ws/install/ecl_devices:/home/embedded/ros2_ws/install/ecl_containers:/home/embedded/ros2_ws/install/ecl_threads:/home/embedded/ros2_ws/install/ecl_formatters:/home/embedded/ros2_ws/install/ecl_utilities:/home/embedded/ros2_ws/install/ecl_time:/home/embedded/ros2_ws/install/ecl_converters:/home/embedded/ros2_ws/install/ecl_time_lite:/home/embedded/ros2_ws/install/ecl_exceptions:/home/embedded/ros2_ws/install/ecl_concepts:/home/embedded/ros2_ws/install/ecl_type_traits:/home/embedded/ros2_ws/install/ecl_errors:/home/embedded/ros2_ws/install/ecl_mpl:/home/embedded/ros2_ws/install/ecl_config:/opt/ros/jazzy/opt/gz_sim_vendor:/opt/ros/jazzy/opt/gz_sensors_vendor:/opt/ros/jazzy/opt/gz_physics_vendor:/opt/ros/jazzy/opt/sdformat_vendor:/opt/ros/jazzy/opt/gz_gui_vendor:/opt/ros/jazzy/opt/gz_transport_vendor:/opt/ros/jazzy/opt/gz_rendering_vendor:/opt/ros/jazzy/opt/gz_plugin_vendor:/opt/ros/jazzy/opt/gz_fuel_tools_vendor:/opt/ros/jazzy/opt/gz_msgs_vendor:/opt/ros/jazzy/opt/gz_common_vendor:/opt/ros/jazzy/opt/gz_tools_vendor:/opt/ros/jazzy/opt/gz_ogre_next_vendor:/opt/ros/jazzy/opt/gz_dartsim_vendor:/opt/ros/jazzy/opt/gz_math_vendor:/opt/ros/jazzy/opt/gz_utils_vendor:/opt/ros/jazzy/opt/gz_cmake_vendor:/opt/ros/jazzy LD_LIBRARY_PATH=/home/embedded/ros2_ws/install/ecl_devices/lib:/home/embedded/ros2_ws/install/ecl_threads/lib:/home/embedded/ros2_ws/install/ecl_formatters/lib:/home/embedded/ros2_ws/install/ecl_time/lib:/home/embedded/ros2_ws/install/ecl_time_lite/lib:/home/embedded/ros2_ws/install/ecl_exceptions/lib:/home/embedded/ros2_ws/install/ecl_type_traits/lib:/home/embedded/ros2_ws/install/ecl_errors/lib:${LD_LIBRARY_PATH} PATH=/home/embedded/ros2_ws/install/ecl_type_traits/bin:/home/embedded/ros2_ws/install/ecl_config/bin:${PATH} /usr/bin/cmake --install /home/embedded/ros2_ws/build/ecl_streams
