[  1%] Built target astra_camera_msgs__rosidl_generator_type_description
[  1%] Built target ament_cmake_python_symlink_astra_camera_msgs
[  1%] Built target astra_camera_msgs__cpp
[ 27%] Built target astra_camera_msgs__rosidl_generator_c
[ 37%] Built target astra_camera_msgs__rosidl_typesupport_introspection_c
[ 46%] Built target astra_camera_msgs__rosidl_typesupport_fastrtps_c
[ 56%] Built target astra_camera_msgs__rosidl_typesupport_cpp
[ 66%] Built target astra_camera_msgs__rosidl_typesupport_c
[ 76%] Built target astra_camera_msgs__rosidl_typesupport_fastrtps_cpp
[ 85%] Built target astra_camera_msgs__rosidl_typesupport_introspection_cpp
[ 85%] Built target astra_camera_msgs
[ 86%] Built target astra_camera_msgs__py
[ 94%] Built target astra_camera_msgs__rosidl_generator_py
running egg_info
[ 96%] Built target astra_camera_msgs_s__rosidl_typesupport_fastrtps_c
[ 98%] Built target astra_camera_msgs_s__rosidl_typesupport_introspection_c
[100%] Built target astra_camera_msgs_s__rosidl_typesupport_c
writing astra_camera_msgs.egg-info/PKG-INFO
writing dependency_links to astra_camera_msgs.egg-info/dependency_links.txt
writing top-level names to astra_camera_msgs.egg-info/top_level.txt
reading manifest file 'astra_camera_msgs.egg-info/SOURCES.txt'
writing manifest file 'astra_camera_msgs.egg-info/SOURCES.txt'
[100%] Built target ament_cmake_python_build_astra_camera_msgs_egg
-- Install configuration: ""
-- Execute custom install script
-- Symlinking: /home/embedded/ros2_ws/install/astra_camera_msgs/share/ament_index/resource_index/rosidl_interfaces/astra_camera_msgs
-- Symlinking: /home/embedded/ros2_ws/install/astra_camera_msgs/share/astra_camera_msgs/msg/DeviceInfo.json
-- Symlinking: /home/embedded/ros2_ws/install/astra_camera_msgs/share/astra_camera_msgs/msg/Extrinsics.json
-- Symlinking: /home/embedded/ros2_ws/install/astra_camera_msgs/share/astra_camera_msgs/msg/Metadata.json
-- Symlinking: /home/embedded/ros2_ws/install/astra_camera_msgs/share/astra_camera_msgs/srv/GetDeviceInfo.json
-- Symlinking: /home/embedded/ros2_ws/install/astra_camera_msgs/share/astra_camera_msgs/srv/GetCameraInfo.json
-- Symlinking: /home/embedded/ros2_ws/install/astra_camera_msgs/share/astra_camera_msgs/srv/GetCameraParams.json
-- Symlinking: /home/embedded/ros2_ws/install/astra_camera_msgs/share/astra_camera_msgs/srv/GetInt32.json
-- Symlinking: /home/embedded/ros2_ws/install/astra_camera_msgs/share/astra_camera_msgs/srv/GetString.json
-- Symlinking: /home/embedded/ros2_ws/install/astra_camera_msgs/share/astra_camera_msgs/srv/SetInt32.json
-- Symlinking: /home/embedded/ros2_ws/install/astra_camera_msgs/include/astra_camera_msgs/astra_camera_msgs/msg/detail/device_info__functions.h
-- Symlinking: /home/embedded/ros2_ws/install/astra_camera_msgs/include/astra_camera_msgs/astra_camera_msgs/msg/detail/device_info__struct.h
-- Symlinking: /home/embedded/ros2_ws/install/astra_camera_msgs/include/astra_camera_msgs/astra_camera_msgs/msg/detail/device_info__type_support.h
-- Symlinking: /home/embedded/ros2_ws/install/astra_camera_msgs/include/astra_camera_msgs/astra_camera_msgs/msg/detail/extrinsics__functions.h
-- Symlinking: /home/embedded/ros2_ws/install/astra_camera_msgs/include/astra_camera_msgs/astra_camera_msgs/msg/detail/extrinsics__struct.h
-- Symlinking: /home/embedded/ros2_ws/install/astra_camera_msgs/include/astra_camera_msgs/astra_camera_msgs/msg/detail/extrinsics__type_support.h
-- Symlinking: /home/embedded/ros2_ws/install/astra_camera_msgs/include/astra_camera_msgs/astra_camera_msgs/msg/detail/metadata__functions.h
-- Symlinking: /home/embedded/ros2_ws/install/astra_camera_msgs/include/astra_camera_msgs/astra_camera_msgs/msg/detail/metadata__struct.h
-- Symlinking: /home/embedded/ros2_ws/install/astra_camera_msgs/include/astra_camera_msgs/astra_camera_msgs/msg/detail/metadata__type_support.h
-- Symlinking: /home/embedded/ros2_ws/install/astra_camera_msgs/include/astra_camera_msgs/astra_camera_msgs/msg/device_info.h
-- Symlinking: /home/embedded/ros2_ws/install/astra_camera_msgs/include/astra_camera_msgs/astra_camera_msgs/msg/extrinsics.h
-- Symlinking: /home/embedded/ros2_ws/install/astra_camera_msgs/include/astra_camera_msgs/astra_camera_msgs/msg/metadata.h
-- Symlinking: /home/embedded/ros2_ws/install/astra_camera_msgs/include/astra_camera_msgs/astra_camera_msgs/msg/rosidl_generator_c__visibility_control.h
-- Symlinking: /home/embedded/ros2_ws/install/astra_camera_msgs/include/astra_camera_msgs/astra_camera_msgs/srv/detail/get_camera_info__functions.h
-- Symlinking: /home/embedded/ros2_ws/install/astra_camera_msgs/include/astra_camera_msgs/astra_camera_msgs/srv/detail/get_camera_info__struct.h
-- Symlinking: /home/embedded/ros2_ws/install/astra_camera_msgs/include/astra_camera_msgs/astra_camera_msgs/srv/detail/get_camera_info__type_support.h
-- Symlinking: /home/embedded/ros2_ws/install/astra_camera_msgs/include/astra_camera_msgs/astra_camera_msgs/srv/detail/get_camera_params__functions.h
-- Symlinking: /home/embedded/ros2_ws/install/astra_camera_msgs/include/astra_camera_msgs/astra_camera_msgs/srv/detail/get_camera_params__struct.h
-- Symlinking: /home/embedded/ros2_ws/install/astra_camera_msgs/include/astra_camera_msgs/astra_camera_msgs/srv/detail/get_camera_params__type_support.h
-- Symlinking: /home/embedded/ros2_ws/install/astra_camera_msgs/include/astra_camera_msgs/astra_camera_msgs/srv/detail/get_device_info__functions.h
-- Symlinking: /home/embedded/ros2_ws/install/astra_camera_msgs/include/astra_camera_msgs/astra_camera_msgs/srv/detail/get_device_info__struct.h
-- Symlinking: /home/embedded/ros2_ws/install/astra_camera_msgs/include/astra_camera_msgs/astra_camera_msgs/srv/detail/get_device_info__type_support.h
-- Symlinking: /home/embedded/ros2_ws/install/astra_camera_msgs/include/astra_camera_msgs/astra_camera_msgs/srv/detail/get_int32__functions.h
-- Symlinking: /home/embedded/ros2_ws/install/astra_camera_msgs/include/astra_camera_msgs/astra_camera_msgs/srv/detail/get_int32__struct.h
-- Symlinking: /home/embedded/ros2_ws/install/astra_camera_msgs/include/astra_camera_msgs/astra_camera_msgs/srv/detail/get_int32__type_support.h
-- Symlinking: /home/embedded/ros2_ws/install/astra_camera_msgs/include/astra_camera_msgs/astra_camera_msgs/srv/detail/get_string__functions.h
-- Symlinking: /home/embedded/ros2_ws/install/astra_camera_msgs/include/astra_camera_msgs/astra_camera_msgs/srv/detail/get_string__struct.h
-- Symlinking: /home/embedded/ros2_ws/install/astra_camera_msgs/include/astra_camera_msgs/astra_camera_msgs/srv/detail/get_string__type_support.h
-- Symlinking: /home/embedded/ros2_ws/install/astra_camera_msgs/include/astra_camera_msgs/astra_camera_msgs/srv/detail/set_int32__functions.h
-- Symlinking: /home/embedded/ros2_ws/install/astra_camera_msgs/include/astra_camera_msgs/astra_camera_msgs/srv/detail/set_int32__struct.h
-- Symlinking: /home/embedded/ros2_ws/install/astra_camera_msgs/include/astra_camera_msgs/astra_camera_msgs/srv/detail/set_int32__type_support.h
-- Symlinking: /home/embedded/ros2_ws/install/astra_camera_msgs/include/astra_camera_msgs/astra_camera_msgs/srv/get_camera_info.h
-- Symlinking: /home/embedded/ros2_ws/install/astra_camera_msgs/include/astra_camera_msgs/astra_camera_msgs/srv/get_camera_params.h
-- Symlinking: /home/embedded/ros2_ws/install/astra_camera_msgs/include/astra_camera_msgs/astra_camera_msgs/srv/get_device_info.h
-- Symlinking: /home/embedded/ros2_ws/install/astra_camera_msgs/include/astra_camera_msgs/astra_camera_msgs/srv/get_int32.h
-- Symlinking: /home/embedded/ros2_ws/install/astra_camera_msgs/include/astra_camera_msgs/astra_camera_msgs/srv/get_string.h
-- Symlinking: /home/embedded/ros2_ws/install/astra_camera_msgs/include/astra_camera_msgs/astra_camera_msgs/srv/set_int32.h
-- Symlinking: /home/embedded/ros2_ws/install/astra_camera_msgs/share/astra_camera_msgs/environment/library_path.sh
-- Symlinking: /home/embedded/ros2_ws/install/astra_camera_msgs/share/astra_camera_msgs/environment/library_path.dsv
-- Symlinking: /home/embedded/ros2_ws/install/astra_camera_msgs/include/astra_camera_msgs/astra_camera_msgs/msg/detail/device_info__rosidl_typesupport_fastrtps_c.h
-- Symlinking: /home/embedded/ros2_ws/install/astra_camera_msgs/include/astra_camera_msgs/astra_camera_msgs/msg/detail/extrinsics__rosidl_typesupport_fastrtps_c.h
-- Symlinking: /home/embedded/ros2_ws/install/astra_camera_msgs/include/astra_camera_msgs/astra_camera_msgs/msg/detail/metadata__rosidl_typesupport_fastrtps_c.h
-- Symlinking: /home/embedded/ros2_ws/install/astra_camera_msgs/include/astra_camera_msgs/astra_camera_msgs/msg/rosidl_typesupport_fastrtps_c__visibility_control.h
-- Symlinking: /home/embedded/ros2_ws/install/astra_camera_msgs/include/astra_camera_msgs/astra_camera_msgs/srv/detail/get_camera_info__rosidl_typesupport_fastrtps_c.h
-- Symlinking: /home/embedded/ros2_ws/install/astra_camera_msgs/include/astra_camera_msgs/astra_camera_msgs/srv/detail/get_camera_params__rosidl_typesupport_fastrtps_c.h
-- Symlinking: /home/embedded/ros2_ws/install/astra_camera_msgs/include/astra_camera_msgs/astra_camera_msgs/srv/detail/get_device_info__rosidl_typesupport_fastrtps_c.h
-- Symlinking: /home/embedded/ros2_ws/install/astra_camera_msgs/include/astra_camera_msgs/astra_camera_msgs/srv/detail/get_int32__rosidl_typesupport_fastrtps_c.h
-- Symlinking: /home/embedded/ros2_ws/install/astra_camera_msgs/include/astra_camera_msgs/astra_camera_msgs/srv/detail/get_string__rosidl_typesupport_fastrtps_c.h
-- Symlinking: /home/embedded/ros2_ws/install/astra_camera_msgs/include/astra_camera_msgs/astra_camera_msgs/srv/detail/set_int32__rosidl_typesupport_fastrtps_c.h
-- Symlinking: /home/embedded/ros2_ws/install/astra_camera_msgs/include/astra_camera_msgs/astra_camera_msgs/msg/detail/device_info__rosidl_typesupport_introspection_c.h
-- Symlinking: /home/embedded/ros2_ws/install/astra_camera_msgs/include/astra_camera_msgs/astra_camera_msgs/msg/detail/extrinsics__rosidl_typesupport_introspection_c.h
-- Symlinking: /home/embedded/ros2_ws/install/astra_camera_msgs/include/astra_camera_msgs/astra_camera_msgs/msg/detail/metadata__rosidl_typesupport_introspection_c.h
-- Symlinking: /home/embedded/ros2_ws/install/astra_camera_msgs/include/astra_camera_msgs/astra_camera_msgs/msg/rosidl_typesupport_introspection_c__visibility_control.h
-- Symlinking: /home/embedded/ros2_ws/install/astra_camera_msgs/include/astra_camera_msgs/astra_camera_msgs/srv/detail/get_camera_info__rosidl_typesupport_introspection_c.h
-- Symlinking: /home/embedded/ros2_ws/install/astra_camera_msgs/include/astra_camera_msgs/astra_camera_msgs/srv/detail/get_camera_params__rosidl_typesupport_introspection_c.h
-- Symlinking: /home/embedded/ros2_ws/install/astra_camera_msgs/include/astra_camera_msgs/astra_camera_msgs/srv/detail/get_device_info__rosidl_typesupport_introspection_c.h
-- Symlinking: /home/embedded/ros2_ws/install/astra_camera_msgs/include/astra_camera_msgs/astra_camera_msgs/srv/detail/get_int32__rosidl_typesupport_introspection_c.h
-- Symlinking: /home/embedded/ros2_ws/install/astra_camera_msgs/include/astra_camera_msgs/astra_camera_msgs/srv/detail/get_string__rosidl_typesupport_introspection_c.h
-- Symlinking: /home/embedded/ros2_ws/install/astra_camera_msgs/include/astra_camera_msgs/astra_camera_msgs/srv/detail/set_int32__rosidl_typesupport_introspection_c.h
-- Symlinking: /home/embedded/ros2_ws/install/astra_camera_msgs/include/astra_camera_msgs/astra_camera_msgs/msg/detail/device_info__builder.hpp
-- Symlinking: /home/embedded/ros2_ws/install/astra_camera_msgs/include/astra_camera_msgs/astra_camera_msgs/msg/detail/device_info__struct.hpp
-- Symlinking: /home/embedded/ros2_ws/install/astra_camera_msgs/include/astra_camera_msgs/astra_camera_msgs/msg/detail/device_info__traits.hpp
-- Symlinking: /home/embedded/ros2_ws/install/astra_camera_msgs/include/astra_camera_msgs/astra_camera_msgs/msg/detail/device_info__type_support.hpp
-- Symlinking: /home/embedded/ros2_ws/install/astra_camera_msgs/include/astra_camera_msgs/astra_camera_msgs/msg/detail/extrinsics__builder.hpp
-- Symlinking: /home/embedded/ros2_ws/install/astra_camera_msgs/include/astra_camera_msgs/astra_camera_msgs/msg/detail/extrinsics__struct.hpp
-- Symlinking: /home/embedded/ros2_ws/install/astra_camera_msgs/include/astra_camera_msgs/astra_camera_msgs/msg/detail/extrinsics__traits.hpp
-- Symlinking: /home/embedded/ros2_ws/install/astra_camera_msgs/include/astra_camera_msgs/astra_camera_msgs/msg/detail/extrinsics__type_support.hpp
-- Symlinking: /home/embedded/ros2_ws/install/astra_camera_msgs/include/astra_camera_msgs/astra_camera_msgs/msg/detail/metadata__builder.hpp
-- Symlinking: /home/embedded/ros2_ws/install/astra_camera_msgs/include/astra_camera_msgs/astra_camera_msgs/msg/detail/metadata__struct.hpp
-- Symlinking: /home/embedded/ros2_ws/install/astra_camera_msgs/include/astra_camera_msgs/astra_camera_msgs/msg/detail/metadata__traits.hpp
-- Symlinking: /home/embedded/ros2_ws/install/astra_camera_msgs/include/astra_camera_msgs/astra_camera_msgs/msg/detail/metadata__type_support.hpp
-- Symlinking: /home/embedded/ros2_ws/install/astra_camera_msgs/include/astra_camera_msgs/astra_camera_msgs/msg/device_info.hpp
-- Symlinking: /home/embedded/ros2_ws/install/astra_camera_msgs/include/astra_camera_msgs/astra_camera_msgs/msg/extrinsics.hpp
-- Symlinking: /home/embedded/ros2_ws/install/astra_camera_msgs/include/astra_camera_msgs/astra_camera_msgs/msg/metadata.hpp
-- Symlinking: /home/embedded/ros2_ws/install/astra_camera_msgs/include/astra_camera_msgs/astra_camera_msgs/msg/rosidl_generator_cpp__visibility_control.hpp
-- Symlinking: /home/embedded/ros2_ws/install/astra_camera_msgs/include/astra_camera_msgs/astra_camera_msgs/srv/detail/get_camera_info__builder.hpp
-- Symlinking: /home/embedded/ros2_ws/install/astra_camera_msgs/include/astra_camera_msgs/astra_camera_msgs/srv/detail/get_camera_info__struct.hpp
-- Symlinking: /home/embedded/ros2_ws/install/astra_camera_msgs/include/astra_camera_msgs/astra_camera_msgs/srv/detail/get_camera_info__traits.hpp
-- Symlinking: /home/embedded/ros2_ws/install/astra_camera_msgs/include/astra_camera_msgs/astra_camera_msgs/srv/detail/get_camera_info__type_support.hpp
-- Symlinking: /home/embedded/ros2_ws/install/astra_camera_msgs/include/astra_camera_msgs/astra_camera_msgs/srv/detail/get_camera_params__builder.hpp
-- Symlinking: /home/embedded/ros2_ws/install/astra_camera_msgs/include/astra_camera_msgs/astra_camera_msgs/srv/detail/get_camera_params__struct.hpp
-- Symlinking: /home/embedded/ros2_ws/install/astra_camera_msgs/include/astra_camera_msgs/astra_camera_msgs/srv/detail/get_camera_params__traits.hpp
-- Symlinking: /home/embedded/ros2_ws/install/astra_camera_msgs/include/astra_camera_msgs/astra_camera_msgs/srv/detail/get_camera_params__type_support.hpp
-- Symlinking: /home/embedded/ros2_ws/install/astra_camera_msgs/include/astra_camera_msgs/astra_camera_msgs/srv/detail/get_device_info__builder.hpp
-- Symlinking: /home/embedded/ros2_ws/install/astra_camera_msgs/include/astra_camera_msgs/astra_camera_msgs/srv/detail/get_device_info__struct.hpp
-- Symlinking: /home/embedded/ros2_ws/install/astra_camera_msgs/include/astra_camera_msgs/astra_camera_msgs/srv/detail/get_device_info__traits.hpp
-- Symlinking: /home/embedded/ros2_ws/install/astra_camera_msgs/include/astra_camera_msgs/astra_camera_msgs/srv/detail/get_device_info__type_support.hpp
-- Symlinking: /home/embedded/ros2_ws/install/astra_camera_msgs/include/astra_camera_msgs/astra_camera_msgs/srv/detail/get_int32__builder.hpp
-- Symlinking: /home/embedded/ros2_ws/install/astra_camera_msgs/include/astra_camera_msgs/astra_camera_msgs/srv/detail/get_int32__struct.hpp
-- Symlinking: /home/embedded/ros2_ws/install/astra_camera_msgs/include/astra_camera_msgs/astra_camera_msgs/srv/detail/get_int32__traits.hpp
-- Symlinking: /home/embedded/ros2_ws/install/astra_camera_msgs/include/astra_camera_msgs/astra_camera_msgs/srv/detail/get_int32__type_support.hpp
-- Symlinking: /home/embedded/ros2_ws/install/astra_camera_msgs/include/astra_camera_msgs/astra_camera_msgs/srv/detail/get_string__builder.hpp
-- Symlinking: /home/embedded/ros2_ws/install/astra_camera_msgs/include/astra_camera_msgs/astra_camera_msgs/srv/detail/get_string__struct.hpp
-- Symlinking: /home/embedded/ros2_ws/install/astra_camera_msgs/include/astra_camera_msgs/astra_camera_msgs/srv/detail/get_string__traits.hpp
-- Symlinking: /home/embedded/ros2_ws/install/astra_camera_msgs/include/astra_camera_msgs/astra_camera_msgs/srv/detail/get_string__type_support.hpp
-- Symlinking: /home/embedded/ros2_ws/install/astra_camera_msgs/include/astra_camera_msgs/astra_camera_msgs/srv/detail/set_int32__builder.hpp
-- Symlinking: /home/embedded/ros2_ws/install/astra_camera_msgs/include/astra_camera_msgs/astra_camera_msgs/srv/detail/set_int32__struct.hpp
-- Symlinking: /home/embedded/ros2_ws/install/astra_camera_msgs/include/astra_camera_msgs/astra_camera_msgs/srv/detail/set_int32__traits.hpp
-- Symlinking: /home/embedded/ros2_ws/install/astra_camera_msgs/include/astra_camera_msgs/astra_camera_msgs/srv/detail/set_int32__type_support.hpp
-- Symlinking: /home/embedded/ros2_ws/install/astra_camera_msgs/include/astra_camera_msgs/astra_camera_msgs/srv/get_camera_info.hpp
-- Symlinking: /home/embedded/ros2_ws/install/astra_camera_msgs/include/astra_camera_msgs/astra_camera_msgs/srv/get_camera_params.hpp
-- Symlinking: /home/embedded/ros2_ws/install/astra_camera_msgs/include/astra_camera_msgs/astra_camera_msgs/srv/get_device_info.hpp
-- Symlinking: /home/embedded/ros2_ws/install/astra_camera_msgs/include/astra_camera_msgs/astra_camera_msgs/srv/get_int32.hpp
-- Symlinking: /home/embedded/ros2_ws/install/astra_camera_msgs/include/astra_camera_msgs/astra_camera_msgs/srv/get_string.hpp
-- Symlinking: /home/embedded/ros2_ws/install/astra_camera_msgs/include/astra_camera_msgs/astra_camera_msgs/srv/set_int32.hpp
-- Symlinking: /home/embedded/ros2_ws/install/astra_camera_msgs/include/astra_camera_msgs/astra_camera_msgs/msg/detail/device_info__rosidl_typesupport_fastrtps_cpp.hpp
-- Symlinking: /home/embedded/ros2_ws/install/astra_camera_msgs/include/astra_camera_msgs/astra_camera_msgs/msg/detail/extrinsics__rosidl_typesupport_fastrtps_cpp.hpp
-- Symlinking: /home/embedded/ros2_ws/install/astra_camera_msgs/include/astra_camera_msgs/astra_camera_msgs/msg/detail/metadata__rosidl_typesupport_fastrtps_cpp.hpp
-- Symlinking: /home/embedded/ros2_ws/install/astra_camera_msgs/include/astra_camera_msgs/astra_camera_msgs/msg/rosidl_typesupport_fastrtps_cpp__visibility_control.h
-- Symlinking: /home/embedded/ros2_ws/install/astra_camera_msgs/include/astra_camera_msgs/astra_camera_msgs/srv/detail/get_camera_info__rosidl_typesupport_fastrtps_cpp.hpp
-- Symlinking: /home/embedded/ros2_ws/install/astra_camera_msgs/include/astra_camera_msgs/astra_camera_msgs/srv/detail/get_camera_params__rosidl_typesupport_fastrtps_cpp.hpp
-- Symlinking: /home/embedded/ros2_ws/install/astra_camera_msgs/include/astra_camera_msgs/astra_camera_msgs/srv/detail/get_device_info__rosidl_typesupport_fastrtps_cpp.hpp
-- Symlinking: /home/embedded/ros2_ws/install/astra_camera_msgs/include/astra_camera_msgs/astra_camera_msgs/srv/detail/get_int32__rosidl_typesupport_fastrtps_cpp.hpp
-- Symlinking: /home/embedded/ros2_ws/install/astra_camera_msgs/include/astra_camera_msgs/astra_camera_msgs/srv/detail/get_string__rosidl_typesupport_fastrtps_cpp.hpp
-- Symlinking: /home/embedded/ros2_ws/install/astra_camera_msgs/include/astra_camera_msgs/astra_camera_msgs/srv/detail/set_int32__rosidl_typesupport_fastrtps_cpp.hpp
-- Symlinking: /home/embedded/ros2_ws/install/astra_camera_msgs/include/astra_camera_msgs/astra_camera_msgs/msg/detail/device_info__rosidl_typesupport_introspection_cpp.hpp
-- Symlinking: /home/embedded/ros2_ws/install/astra_camera_msgs/include/astra_camera_msgs/astra_camera_msgs/msg/detail/extrinsics__rosidl_typesupport_introspection_cpp.hpp
-- Symlinking: /home/embedded/ros2_ws/install/astra_camera_msgs/include/astra_camera_msgs/astra_camera_msgs/msg/detail/metadata__rosidl_typesupport_introspection_cpp.hpp
-- Symlinking: /home/embedded/ros2_ws/install/astra_camera_msgs/include/astra_camera_msgs/astra_camera_msgs/srv/detail/get_camera_info__rosidl_typesupport_introspection_cpp.hpp
-- Symlinking: /home/embedded/ros2_ws/install/astra_camera_msgs/include/astra_camera_msgs/astra_camera_msgs/srv/detail/get_camera_params__rosidl_typesupport_introspection_cpp.hpp
-- Symlinking: /home/embedded/ros2_ws/install/astra_camera_msgs/include/astra_camera_msgs/astra_camera_msgs/srv/detail/get_device_info__rosidl_typesupport_introspection_cpp.hpp
-- Symlinking: /home/embedded/ros2_ws/install/astra_camera_msgs/include/astra_camera_msgs/astra_camera_msgs/srv/detail/get_int32__rosidl_typesupport_introspection_cpp.hpp
-- Symlinking: /home/embedded/ros2_ws/install/astra_camera_msgs/include/astra_camera_msgs/astra_camera_msgs/srv/detail/get_string__rosidl_typesupport_introspection_cpp.hpp
-- Symlinking: /home/embedded/ros2_ws/install/astra_camera_msgs/include/astra_camera_msgs/astra_camera_msgs/srv/detail/set_int32__rosidl_typesupport_introspection_cpp.hpp
-- Symlinking: /home/embedded/ros2_ws/install/astra_camera_msgs/share/astra_camera_msgs/environment/pythonpath.sh
-- Symlinking: /home/embedded/ros2_ws/install/astra_camera_msgs/share/astra_camera_msgs/environment/pythonpath.dsv
-- Symlinking: /home/embedded/ros2_ws/install/astra_camera_msgs/lib/python3.12/site-packages/astra_camera_msgs-1.0.1-py3.12.egg-info/PKG-INFO
-- Symlinking: /home/embedded/ros2_ws/install/astra_camera_msgs/lib/python3.12/site-packages/astra_camera_msgs-1.0.1-py3.12.egg-info/SOURCES.txt
-- Symlinking: /home/embedded/ros2_ws/install/astra_camera_msgs/lib/python3.12/site-packages/astra_camera_msgs-1.0.1-py3.12.egg-info/dependency_links.txt
-- Symlinking: /home/embedded/ros2_ws/install/astra_camera_msgs/lib/python3.12/site-packages/astra_camera_msgs-1.0.1-py3.12.egg-info/top_level.txt
-- Symlinking: /home/embedded/ros2_ws/install/astra_camera_msgs/lib/python3.12/site-packages/astra_camera_msgs/__init__.py
-- Symlinking: /home/embedded/ros2_ws/install/astra_camera_msgs/lib/python3.12/site-packages/astra_camera_msgs/_astra_camera_msgs_s.ep.rosidl_typesupport_c.c
-- Symlinking: /home/embedded/ros2_ws/install/astra_camera_msgs/lib/python3.12/site-packages/astra_camera_msgs/_astra_camera_msgs_s.ep.rosidl_typesupport_fastrtps_c.c
-- Symlinking: /home/embedded/ros2_ws/install/astra_camera_msgs/lib/python3.12/site-packages/astra_camera_msgs/_astra_camera_msgs_s.ep.rosidl_typesupport_introspection_c.c
-- Symlinking: /home/embedded/ros2_ws/install/astra_camera_msgs/lib/python3.12/site-packages/astra_camera_msgs/astra_camera_msgs_s__rosidl_typesupport_c.so
-- Symlinking: /home/embedded/ros2_ws/install/astra_camera_msgs/lib/python3.12/site-packages/astra_camera_msgs/astra_camera_msgs_s__rosidl_typesupport_fastrtps_c.so
-- Symlinking: /home/embedded/ros2_ws/install/astra_camera_msgs/lib/python3.12/site-packages/astra_camera_msgs/astra_camera_msgs_s__rosidl_typesupport_introspection_c.so
-- Symlinking: /home/embedded/ros2_ws/install/astra_camera_msgs/lib/python3.12/site-packages/astra_camera_msgs/msg/__init__.py
-- Symlinking: /home/embedded/ros2_ws/install/astra_camera_msgs/lib/python3.12/site-packages/astra_camera_msgs/msg/_device_info.py
-- Symlinking: /home/embedded/ros2_ws/install/astra_camera_msgs/lib/python3.12/site-packages/astra_camera_msgs/msg/_device_info_s.c
-- Symlinking: /home/embedded/ros2_ws/install/astra_camera_msgs/lib/python3.12/site-packages/astra_camera_msgs/msg/_extrinsics.py
-- Symlinking: /home/embedded/ros2_ws/install/astra_camera_msgs/lib/python3.12/site-packages/astra_camera_msgs/msg/_extrinsics_s.c
-- Symlinking: /home/embedded/ros2_ws/install/astra_camera_msgs/lib/python3.12/site-packages/astra_camera_msgs/msg/_metadata.py
-- Symlinking: /home/embedded/ros2_ws/install/astra_camera_msgs/lib/python3.12/site-packages/astra_camera_msgs/msg/_metadata_s.c
-- Symlinking: /home/embedded/ros2_ws/install/astra_camera_msgs/lib/python3.12/site-packages/astra_camera_msgs/srv/__init__.py
-- Symlinking: /home/embedded/ros2_ws/install/astra_camera_msgs/lib/python3.12/site-packages/astra_camera_msgs/srv/_get_camera_info.py
-- Symlinking: /home/embedded/ros2_ws/install/astra_camera_msgs/lib/python3.12/site-packages/astra_camera_msgs/srv/_get_camera_info_s.c
-- Symlinking: /home/embedded/ros2_ws/install/astra_camera_msgs/lib/python3.12/site-packages/astra_camera_msgs/srv/_get_camera_params.py
-- Symlinking: /home/embedded/ros2_ws/install/astra_camera_msgs/lib/python3.12/site-packages/astra_camera_msgs/srv/_get_camera_params_s.c
-- Symlinking: /home/embedded/ros2_ws/install/astra_camera_msgs/lib/python3.12/site-packages/astra_camera_msgs/srv/_get_device_info.py
-- Symlinking: /home/embedded/ros2_ws/install/astra_camera_msgs/lib/python3.12/site-packages/astra_camera_msgs/srv/_get_device_info_s.c
-- Symlinking: /home/embedded/ros2_ws/install/astra_camera_msgs/lib/python3.12/site-packages/astra_camera_msgs/srv/_get_int32.py
-- Symlinking: /home/embedded/ros2_ws/install/astra_camera_msgs/lib/python3.12/site-packages/astra_camera_msgs/srv/_get_int32_s.c
-- Symlinking: /home/embedded/ros2_ws/install/astra_camera_msgs/lib/python3.12/site-packages/astra_camera_msgs/srv/_get_string.py
-- Symlinking: /home/embedded/ros2_ws/install/astra_camera_msgs/lib/python3.12/site-packages/astra_camera_msgs/srv/_get_string_s.c
-- Symlinking: /home/embedded/ros2_ws/install/astra_camera_msgs/lib/python3.12/site-packages/astra_camera_msgs/srv/_set_int32.py
-- Symlinking: /home/embedded/ros2_ws/install/astra_camera_msgs/lib/python3.12/site-packages/astra_camera_msgs/srv/_set_int32_s.c
-- Up-to-date symlink: /home/embedded/ros2_ws/install/astra_camera_msgs/lib/python3.12/site-packages/astra_camera_msgs/astra_camera_msgs_s__rosidl_typesupport_fastrtps_c.so
-- Up-to-date symlink: /home/embedded/ros2_ws/install/astra_camera_msgs/lib/python3.12/site-packages/astra_camera_msgs/astra_camera_msgs_s__rosidl_typesupport_introspection_c.so
-- Up-to-date symlink: /home/embedded/ros2_ws/install/astra_camera_msgs/lib/python3.12/site-packages/astra_camera_msgs/astra_camera_msgs_s__rosidl_typesupport_c.so
-- Symlinking: /home/embedded/ros2_ws/install/astra_camera_msgs/share/astra_camera_msgs/msg/DeviceInfo.idl
-- Symlinking: /home/embedded/ros2_ws/install/astra_camera_msgs/share/astra_camera_msgs/msg/Extrinsics.idl
-- Symlinking: /home/embedded/ros2_ws/install/astra_camera_msgs/share/astra_camera_msgs/msg/Metadata.idl
-- Symlinking: /home/embedded/ros2_ws/install/astra_camera_msgs/share/astra_camera_msgs/srv/GetDeviceInfo.idl
-- Symlinking: /home/embedded/ros2_ws/install/astra_camera_msgs/share/astra_camera_msgs/srv/GetCameraInfo.idl
-- Symlinking: /home/embedded/ros2_ws/install/astra_camera_msgs/share/astra_camera_msgs/srv/GetCameraParams.idl
-- Symlinking: /home/embedded/ros2_ws/install/astra_camera_msgs/share/astra_camera_msgs/srv/GetInt32.idl
-- Symlinking: /home/embedded/ros2_ws/install/astra_camera_msgs/share/astra_camera_msgs/srv/GetString.idl
-- Symlinking: /home/embedded/ros2_ws/install/astra_camera_msgs/share/astra_camera_msgs/srv/SetInt32.idl
-- Symlinking: /home/embedded/ros2_ws/install/astra_camera_msgs/share/astra_camera_msgs/msg/DeviceInfo.msg
-- Symlinking: /home/embedded/ros2_ws/install/astra_camera_msgs/share/astra_camera_msgs/msg/Extrinsics.msg
-- Symlinking: /home/embedded/ros2_ws/install/astra_camera_msgs/share/astra_camera_msgs/msg/Metadata.msg
-- Symlinking: /home/embedded/ros2_ws/install/astra_camera_msgs/share/astra_camera_msgs/srv/GetDeviceInfo.srv
-- Symlinking: /home/embedded/ros2_ws/install/astra_camera_msgs/share/astra_camera_msgs/srv/GetCameraInfo.srv
-- Symlinking: /home/embedded/ros2_ws/install/astra_camera_msgs/share/astra_camera_msgs/srv/GetCameraParams.srv
-- Symlinking: /home/embedded/ros2_ws/install/astra_camera_msgs/share/astra_camera_msgs/srv/GetInt32.srv
-- Symlinking: /home/embedded/ros2_ws/install/astra_camera_msgs/share/astra_camera_msgs/srv/GetString.srv
-- Symlinking: /home/embedded/ros2_ws/install/astra_camera_msgs/share/astra_camera_msgs/srv/SetInt32.srv
-- Symlinking: /home/embedded/ros2_ws/install/astra_camera_msgs/share/ament_index/resource_index/package_run_dependencies/astra_camera_msgs
-- Symlinking: /home/embedded/ros2_ws/install/astra_camera_msgs/share/ament_index/resource_index/parent_prefix_path/astra_camera_msgs
-- Symlinking: /home/embedded/ros2_ws/install/astra_camera_msgs/share/astra_camera_msgs/environment/ament_prefix_path.sh
-- Symlinking: /home/embedded/ros2_ws/install/astra_camera_msgs/share/astra_camera_msgs/environment/ament_prefix_path.dsv
-- Symlinking: /home/embedded/ros2_ws/install/astra_camera_msgs/share/astra_camera_msgs/environment/path.sh
-- Symlinking: /home/embedded/ros2_ws/install/astra_camera_msgs/share/astra_camera_msgs/environment/path.dsv
-- Symlinking: /home/embedded/ros2_ws/install/astra_camera_msgs/share/astra_camera_msgs/local_setup.bash
-- Symlinking: /home/embedded/ros2_ws/install/astra_camera_msgs/share/astra_camera_msgs/local_setup.sh
-- Symlinking: /home/embedded/ros2_ws/install/astra_camera_msgs/share/astra_camera_msgs/local_setup.zsh
-- Symlinking: /home/embedded/ros2_ws/install/astra_camera_msgs/share/astra_camera_msgs/local_setup.dsv
-- Symlinking: /home/embedded/ros2_ws/install/astra_camera_msgs/share/astra_camera_msgs/package.dsv
-- Symlinking: /home/embedded/ros2_ws/install/astra_camera_msgs/share/ament_index/resource_index/packages/astra_camera_msgs
-- Symlinking: /home/embedded/ros2_ws/install/astra_camera_msgs/share/astra_camera_msgs/cmake/rosidl_cmake-extras.cmake
-- Symlinking: /home/embedded/ros2_ws/install/astra_camera_msgs/share/astra_camera_msgs/cmake/ament_cmake_export_dependencies-extras.cmake
-- Symlinking: /home/embedded/ros2_ws/install/astra_camera_msgs/share/astra_camera_msgs/cmake/ament_cmake_export_include_directories-extras.cmake
-- Symlinking: /home/embedded/ros2_ws/install/astra_camera_msgs/share/astra_camera_msgs/cmake/ament_cmake_export_libraries-extras.cmake
-- Symlinking: /home/embedded/ros2_ws/install/astra_camera_msgs/share/astra_camera_msgs/cmake/ament_cmake_export_targets-extras.cmake
-- Symlinking: /home/embedded/ros2_ws/install/astra_camera_msgs/share/astra_camera_msgs/cmake/rosidl_cmake_export_typesupport_targets-extras.cmake
-- Symlinking: /home/embedded/ros2_ws/install/astra_camera_msgs/share/astra_camera_msgs/cmake/rosidl_cmake_export_typesupport_libraries-extras.cmake
-- Symlinking: /home/embedded/ros2_ws/install/astra_camera_msgs/share/astra_camera_msgs/cmake/astra_camera_msgsConfig.cmake
-- Symlinking: /home/embedded/ros2_ws/install/astra_camera_msgs/share/astra_camera_msgs/cmake/astra_camera_msgsConfig-version.cmake
-- Symlinking: /home/embedded/ros2_ws/install/astra_camera_msgs/share/astra_camera_msgs/package.xml
-- Installing: /home/embedded/ros2_ws/install/astra_camera_msgs/lib/libastra_camera_msgs__rosidl_generator_c.so
-- Set non-toolchain portion of runtime path of "/home/embedded/ros2_ws/install/astra_camera_msgs/lib/libastra_camera_msgs__rosidl_generator_c.so" to ""
-- Installing: /home/embedded/ros2_ws/install/astra_camera_msgs/lib/libastra_camera_msgs__rosidl_typesupport_fastrtps_c.so
-- Set non-toolchain portion of runtime path of "/home/embedded/ros2_ws/install/astra_camera_msgs/lib/libastra_camera_msgs__rosidl_typesupport_fastrtps_c.so" to ""
-- Installing: /home/embedded/ros2_ws/install/astra_camera_msgs/lib/libastra_camera_msgs__rosidl_typesupport_introspection_c.so
-- Set non-toolchain portion of runtime path of "/home/embedded/ros2_ws/install/astra_camera_msgs/lib/libastra_camera_msgs__rosidl_typesupport_introspection_c.so" to ""
-- Installing: /home/embedded/ros2_ws/install/astra_camera_msgs/lib/libastra_camera_msgs__rosidl_typesupport_c.so
-- Set non-toolchain portion of runtime path of "/home/embedded/ros2_ws/install/astra_camera_msgs/lib/libastra_camera_msgs__rosidl_typesupport_c.so" to ""
-- Installing: /home/embedded/ros2_ws/install/astra_camera_msgs/lib/libastra_camera_msgs__rosidl_typesupport_fastrtps_cpp.so
-- Set non-toolchain portion of runtime path of "/home/embedded/ros2_ws/install/astra_camera_msgs/lib/libastra_camera_msgs__rosidl_typesupport_fastrtps_cpp.so" to ""
-- Installing: /home/embedded/ros2_ws/install/astra_camera_msgs/lib/libastra_camera_msgs__rosidl_typesupport_introspection_cpp.so
-- Set non-toolchain portion of runtime path of "/home/embedded/ros2_ws/install/astra_camera_msgs/lib/libastra_camera_msgs__rosidl_typesupport_introspection_cpp.so" to ""
-- Installing: /home/embedded/ros2_ws/install/astra_camera_msgs/lib/libastra_camera_msgs__rosidl_typesupport_cpp.so
-- Set non-toolchain portion of runtime path of "/home/embedded/ros2_ws/install/astra_camera_msgs/lib/libastra_camera_msgs__rosidl_typesupport_cpp.so" to ""
Listing '/home/embedded/ros2_ws/install/astra_camera_msgs/lib/python3.12/site-packages/astra_camera_msgs'...
Compiling '/home/embedded/ros2_ws/install/astra_camera_msgs/lib/python3.12/site-packages/astra_camera_msgs/__init__.py'...
Listing '/home/embedded/ros2_ws/install/astra_camera_msgs/lib/python3.12/site-packages/astra_camera_msgs/msg'...
Compiling '/home/embedded/ros2_ws/install/astra_camera_msgs/lib/python3.12/site-packages/astra_camera_msgs/msg/__init__.py'...
Compiling '/home/embedded/ros2_ws/install/astra_camera_msgs/lib/python3.12/site-packages/astra_camera_msgs/msg/_device_info.py'...
Compiling '/home/embedded/ros2_ws/install/astra_camera_msgs/lib/python3.12/site-packages/astra_camera_msgs/msg/_extrinsics.py'...
Compiling '/home/embedded/ros2_ws/install/astra_camera_msgs/lib/python3.12/site-packages/astra_camera_msgs/msg/_metadata.py'...
Listing '/home/embedded/ros2_ws/install/astra_camera_msgs/lib/python3.12/site-packages/astra_camera_msgs/srv'...
Compiling '/home/embedded/ros2_ws/install/astra_camera_msgs/lib/python3.12/site-packages/astra_camera_msgs/srv/__init__.py'...
Compiling '/home/embedded/ros2_ws/install/astra_camera_msgs/lib/python3.12/site-packages/astra_camera_msgs/srv/_get_camera_info.py'...
Compiling '/home/embedded/ros2_ws/install/astra_camera_msgs/lib/python3.12/site-packages/astra_camera_msgs/srv/_get_camera_params.py'...
Compiling '/home/embedded/ros2_ws/install/astra_camera_msgs/lib/python3.12/site-packages/astra_camera_msgs/srv/_get_device_info.py'...
Compiling '/home/embedded/ros2_ws/install/astra_camera_msgs/lib/python3.12/site-packages/astra_camera_msgs/srv/_get_int32.py'...
Compiling '/home/embedded/ros2_ws/install/astra_camera_msgs/lib/python3.12/site-packages/astra_camera_msgs/srv/_get_string.py'...
Compiling '/home/embedded/ros2_ws/install/astra_camera_msgs/lib/python3.12/site-packages/astra_camera_msgs/srv/_set_int32.py'...
-- Installing: /home/embedded/ros2_ws/install/astra_camera_msgs/lib/libastra_camera_msgs__rosidl_generator_py.so
-- Set non-toolchain portion of runtime path of "/home/embedded/ros2_ws/install/astra_camera_msgs/lib/libastra_camera_msgs__rosidl_generator_py.so" to ""
-- Installing: /home/embedded/ros2_ws/install/astra_camera_msgs/share/astra_camera_msgs/cmake/export_astra_camera_msgs__rosidl_generator_cExport.cmake
-- Installing: /home/embedded/ros2_ws/install/astra_camera_msgs/share/astra_camera_msgs/cmake/export_astra_camera_msgs__rosidl_generator_cExport-noconfig.cmake
-- Installing: /home/embedded/ros2_ws/install/astra_camera_msgs/share/astra_camera_msgs/cmake/export_astra_camera_msgs__rosidl_typesupport_fastrtps_cExport.cmake
-- Installing: /home/embedded/ros2_ws/install/astra_camera_msgs/share/astra_camera_msgs/cmake/export_astra_camera_msgs__rosidl_typesupport_fastrtps_cExport-noconfig.cmake
-- Installing: /home/embedded/ros2_ws/install/astra_camera_msgs/share/astra_camera_msgs/cmake/astra_camera_msgs__rosidl_typesupport_introspection_cExport.cmake
-- Installing: /home/embedded/ros2_ws/install/astra_camera_msgs/share/astra_camera_msgs/cmake/astra_camera_msgs__rosidl_typesupport_introspection_cExport-noconfig.cmake
-- Installing: /home/embedded/ros2_ws/install/astra_camera_msgs/share/astra_camera_msgs/cmake/astra_camera_msgs__rosidl_typesupport_cExport.cmake
-- Installing: /home/embedded/ros2_ws/install/astra_camera_msgs/share/astra_camera_msgs/cmake/astra_camera_msgs__rosidl_typesupport_cExport-noconfig.cmake
-- Installing: /home/embedded/ros2_ws/install/astra_camera_msgs/share/astra_camera_msgs/cmake/export_astra_camera_msgs__rosidl_generator_cppExport.cmake
-- Installing: /home/embedded/ros2_ws/install/astra_camera_msgs/share/astra_camera_msgs/cmake/export_astra_camera_msgs__rosidl_typesupport_fastrtps_cppExport.cmake
-- Installing: /home/embedded/ros2_ws/install/astra_camera_msgs/share/astra_camera_msgs/cmake/export_astra_camera_msgs__rosidl_typesupport_fastrtps_cppExport-noconfig.cmake
-- Installing: /home/embedded/ros2_ws/install/astra_camera_msgs/share/astra_camera_msgs/cmake/astra_camera_msgs__rosidl_typesupport_introspection_cppExport.cmake
-- Installing: /home/embedded/ros2_ws/install/astra_camera_msgs/share/astra_camera_msgs/cmake/astra_camera_msgs__rosidl_typesupport_introspection_cppExport-noconfig.cmake
-- Installing: /home/embedded/ros2_ws/install/astra_camera_msgs/share/astra_camera_msgs/cmake/astra_camera_msgs__rosidl_typesupport_cppExport.cmake
-- Installing: /home/embedded/ros2_ws/install/astra_camera_msgs/share/astra_camera_msgs/cmake/astra_camera_msgs__rosidl_typesupport_cppExport-noconfig.cmake
-- Installing: /home/embedded/ros2_ws/install/astra_camera_msgs/share/astra_camera_msgs/cmake/export_astra_camera_msgs__rosidl_generator_pyExport.cmake
-- Installing: /home/embedded/ros2_ws/install/astra_camera_msgs/share/astra_camera_msgs/cmake/export_astra_camera_msgs__rosidl_generator_pyExport-noconfig.cmake
