[0.028s] Invoking command in '/home/embedded/ros2_ws/build/ecl_config': CMAKE_PREFIX_PATH=${CMAKE_PREFIX_PATH}:/opt/ros/jazzy /usr/bin/cmake --build /home/embedded/ros2_ws/build/ecl_config -- -j4 -l4
[0.209s] [ 12%] Built target ecl_detect_endian
[0.216s] [ 25%] Built target ecl_detect_posix
[0.235s] [ 37%] Built target gtest_main
[0.238s] [ 50%] Built target gtest
[0.363s] [ 62%] Built target ecl_test_portable_types
[0.379s] [ 75%] Built target ecl_test_macros
[0.384s] [ 87%] Built target ecl_test_char_sign
[0.386s] [100%] Built target ecl_test_endianness
[0.436s] Invoked command in '/home/embedded/ros2_ws/build/ecl_config' returned '0': CMAKE_PREFIX_PATH=${CMAKE_PREFIX_PATH}:/opt/ros/jazzy /usr/bin/cmake --build /home/embedded/ros2_ws/build/ecl_config -- -j4 -l4
[0.436s] Invoking command in '/home/embedded/ros2_ws/build/ecl_config': CMAKE_PREFIX_PATH=${CMAKE_PREFIX_PATH}:/opt/ros/jazzy /usr/bin/cmake --install /home/embedded/ros2_ws/build/ecl_config
[0.486s] -- Install configuration: ""
[0.486s] -- Execute custom install script
[0.486s] -- Up-to-date symlink: /home/embedded/ros2_ws/install/ecl_config/include/ecl/config/ecl.hpp
[0.486s] -- Up-to-date symlink: /home/embedded/ros2_ws/install/ecl_config/include/ecl/config/char_sign.hpp
[0.487s] -- Up-to-date symlink: /home/embedded/ros2_ws/install/ecl_config/include/ecl/config/ecl_unknown.hpp
[0.490s] -- Up-to-date symlink: /home/embedded/ros2_ws/install/ecl_config/include/ecl/config/endianness.hpp
[0.490s] -- Up-to-date symlink: /home/embedded/ros2_ws/install/ecl_config/include/ecl/config/macros.hpp
[0.490s] -- Up-to-date symlink: /home/embedded/ros2_ws/install/ecl_config/include/ecl/config/portable_types.hpp
[0.490s] -- Up-to-date symlink: /home/embedded/ros2_ws/install/ecl_config/include/ecl/config/windows.hpp
[0.490s] -- Up-to-date symlink: /home/embedded/ros2_ws/install/ecl_config/include/ecl/config.hpp
[0.491s] -- Up-to-date symlink: /home/embedded/ros2_ws/install/ecl_config/bin/ecl_detect_endian
[0.491s] -- Up-to-date symlink: /home/embedded/ros2_ws/install/ecl_config/bin/ecl_detect_posix
[0.492s] -- Up-to-date symlink: /home/embedded/ros2_ws/install/ecl_config/share/ament_index/resource_index/package_run_dependencies/ecl_config
[0.493s] -- Up-to-date symlink: /home/embedded/ros2_ws/install/ecl_config/share/ament_index/resource_index/parent_prefix_path/ecl_config
[0.493s] -- Up-to-date symlink: /home/embedded/ros2_ws/install/ecl_config/share/ecl_config/environment/ament_prefix_path.sh
[0.494s] -- Up-to-date symlink: /home/embedded/ros2_ws/install/ecl_config/share/ecl_config/environment/ament_prefix_path.dsv
[0.494s] -- Up-to-date symlink: /home/embedded/ros2_ws/install/ecl_config/share/ecl_config/environment/path.sh
[0.495s] -- Up-to-date symlink: /home/embedded/ros2_ws/install/ecl_config/share/ecl_config/environment/path.dsv
[0.496s] -- Up-to-date symlink: /home/embedded/ros2_ws/install/ecl_config/share/ecl_config/local_setup.bash
[0.497s] -- Up-to-date symlink: /home/embedded/ros2_ws/install/ecl_config/share/ecl_config/local_setup.sh
[0.499s] -- Up-to-date symlink: /home/embedded/ros2_ws/install/ecl_config/share/ecl_config/local_setup.zsh
[0.499s] -- Up-to-date symlink: /home/embedded/ros2_ws/install/ecl_config/share/ecl_config/local_setup.dsv
[0.500s] -- Symlinking: /home/embedded/ros2_ws/install/ecl_config/share/ecl_config/package.dsv
[0.529s] -- Up-to-date symlink: /home/embedded/ros2_ws/install/ecl_config/share/ament_index/resource_index/packages/ecl_config
[0.529s] -- Up-to-date symlink: /home/embedded/ros2_ws/install/ecl_config/share/ecl_config/cmake/ament_cmake_export_targets-extras.cmake
[0.530s] -- Up-to-date symlink: /home/embedded/ros2_ws/install/ecl_config/share/ecl_config/cmake/ament_cmake_export_include_directories-extras.cmake
[0.530s] -- Up-to-date symlink: /home/embedded/ros2_ws/install/ecl_config/share/ecl_config/cmake/ecl_configConfig.cmake
[0.531s] -- Up-to-date symlink: /home/embedded/ros2_ws/install/ecl_config/share/ecl_config/cmake/ecl_configConfig-version.cmake
[0.536s] -- Up-to-date symlink: /home/embedded/ros2_ws/install/ecl_config/share/ecl_config/package.xml
[0.536s] -- Up-to-date: /home/embedded/ros2_ws/install/ecl_config/share/ecl_config/cmake/ecl_configExport.cmake
[0.552s] Invoked command in '/home/embedded/ros2_ws/build/ecl_config' returned '0': CMAKE_PREFIX_PATH=${CMAKE_PREFIX_PATH}:/opt/ros/jazzy /usr/bin/cmake --install /home/embedded/ros2_ws/build/ecl_config
