[0.033s] Invoking command in '/home/embedded/ros2_ws/build/ecl_mpl': CMAKE_PREFIX_PATH=${CMAKE_PREFIX_PATH}:/opt/ros/jazzy /usr/bin/cmake --build /home/embedded/ros2_ws/build/ecl_mpl -- -j4 -l4
[0.202s] [ 33%] Built target gtest
[0.234s] [ 66%] Built target gtest_main
[0.365s] [100%] Built target test_enable_if
[0.418s] Invoked command in '/home/embedded/ros2_ws/build/ecl_mpl' returned '0': CMAKE_PREFIX_PATH=${CMAKE_PREFIX_PATH}:/opt/ros/jazzy /usr/bin/cmake --build /home/embedded/ros2_ws/build/ecl_mpl -- -j4 -l4
[0.422s] Invoking command in '/home/embedded/ros2_ws/build/ecl_mpl': CMAKE_PREFIX_PATH=${CMAKE_PREFIX_PATH}:/opt/ros/jazzy /usr/bin/cmake --install /home/embedded/ros2_ws/build/ecl_mpl
[0.444s] -- Install configuration: ""
[0.445s] -- Execute custom install script
[0.450s] -- Up-to-date symlink: /home/embedded/ros2_ws/install/ecl_mpl/include/ecl/mpl/bool.hpp
[0.450s] -- Up-to-date symlink: /home/embedded/ros2_ws/install/ecl_mpl/include/ecl/mpl/converters.hpp
[0.450s] -- Up-to-date symlink: /home/embedded/ros2_ws/install/ecl_mpl/include/ecl/mpl/enable_if.hpp
[0.450s] -- Up-to-date symlink: /home/embedded/ros2_ws/install/ecl_mpl/include/ecl/mpl/failed_object.hpp
[0.450s] -- Up-to-date symlink: /home/embedded/ros2_ws/install/ecl_mpl/include/ecl/mpl/if.hpp
[0.450s] -- Up-to-date symlink: /home/embedded/ros2_ws/install/ecl_mpl/include/ecl/mpl.hpp
[0.450s] -- Up-to-date symlink: /home/embedded/ros2_ws/install/ecl_mpl/share/ament_index/resource_index/package_run_dependencies/ecl_mpl
[0.450s] -- Up-to-date symlink: /home/embedded/ros2_ws/install/ecl_mpl/share/ament_index/resource_index/parent_prefix_path/ecl_mpl
[0.450s] -- Up-to-date symlink: /home/embedded/ros2_ws/install/ecl_mpl/share/ecl_mpl/environment/ament_prefix_path.sh
[0.451s] -- Up-to-date symlink: /home/embedded/ros2_ws/install/ecl_mpl/share/ecl_mpl/environment/ament_prefix_path.dsv
[0.453s] -- Up-to-date symlink: /home/embedded/ros2_ws/install/ecl_mpl/share/ecl_mpl/environment/path.sh
[0.453s] -- Up-to-date symlink: /home/embedded/ros2_ws/install/ecl_mpl/share/ecl_mpl/environment/path.dsv
[0.453s] -- Up-to-date symlink: /home/embedded/ros2_ws/install/ecl_mpl/share/ecl_mpl/local_setup.bash
[0.453s] -- Up-to-date symlink: /home/embedded/ros2_ws/install/ecl_mpl/share/ecl_mpl/local_setup.sh
[0.455s] -- Up-to-date symlink: /home/embedded/ros2_ws/install/ecl_mpl/share/ecl_mpl/local_setup.zsh
[0.455s] -- Up-to-date symlink: /home/embedded/ros2_ws/install/ecl_mpl/share/ecl_mpl/local_setup.dsv
[0.455s] -- Symlinking: /home/embedded/ros2_ws/install/ecl_mpl/share/ecl_mpl/package.dsv
[0.486s] -- Up-to-date symlink: /home/embedded/ros2_ws/install/ecl_mpl/share/ament_index/resource_index/packages/ecl_mpl
[0.486s] -- Up-to-date symlink: /home/embedded/ros2_ws/install/ecl_mpl/share/ecl_mpl/cmake/ament_cmake_export_targets-extras.cmake
[0.486s] -- Up-to-date symlink: /home/embedded/ros2_ws/install/ecl_mpl/share/ecl_mpl/cmake/ament_cmake_export_include_directories-extras.cmake
[0.486s] -- Up-to-date symlink: /home/embedded/ros2_ws/install/ecl_mpl/share/ecl_mpl/cmake/ecl_mplConfig.cmake
[0.487s] -- Up-to-date symlink: /home/embedded/ros2_ws/install/ecl_mpl/share/ecl_mpl/cmake/ecl_mplConfig-version.cmake
[0.487s] -- Up-to-date symlink: /home/embedded/ros2_ws/install/ecl_mpl/share/ecl_mpl/package.xml
[0.487s] -- Up-to-date: /home/embedded/ros2_ws/install/ecl_mpl/share/ecl_mpl/cmake/ecl_mplExport.cmake
[0.497s] Invoked command in '/home/embedded/ros2_ws/build/ecl_mpl' returned '0': CMAKE_PREFIX_PATH=${CMAKE_PREFIX_PATH}:/opt/ros/jazzy /usr/bin/cmake --install /home/embedded/ros2_ws/build/ecl_mpl
