[0.095s] Invoking command in '/home/embedded/ros2_ws/build/ecl_command_line': CMAKE_PREFIX_PATH=${CMAKE_PREFIX_PATH}:/opt/ros/jazzy /usr/bin/cmake --build /home/embedded/ros2_ws/build/ecl_command_line -- -j4 -l4
[0.468s] [100%] Built target ecl_demo_command_line
[0.542s] Invoked command in '/home/embedded/ros2_ws/build/ecl_command_line' returned '0': CMAKE_PREFIX_PATH=${CMAKE_PREFIX_PATH}:/opt/ros/jazzy /usr/bin/cmake --build /home/embedded/ros2_ws/build/ecl_command_line -- -j4 -l4
[0.542s] Invoking command in '/home/embedded/ros2_ws/build/ecl_command_line': CMAKE_PREFIX_PATH=${CMAKE_PREFIX_PATH}:/opt/ros/jazzy /usr/bin/cmake --install /home/embedded/ros2_ws/build/ecl_command_line
[0.588s] -- Install configuration: ""
[0.601s] -- Execute custom install script
[0.601s] -- Up-to-date symlink: /home/embedded/ros2_ws/install/ecl_command_line/include/ecl/command_line/arg.hpp
[0.603s] -- Up-to-date symlink: /home/embedded/ros2_ws/install/ecl_command_line/include/ecl/command_line/arg_exception.hpp
[0.604s] -- Up-to-date symlink: /home/embedded/ros2_ws/install/ecl_command_line/include/ecl/command_line/cmd_line.hpp
[0.604s] -- Up-to-date symlink: /home/embedded/ros2_ws/install/ecl_command_line/include/ecl/command_line/cmd_line_interface.hpp
[0.604s] -- Up-to-date symlink: /home/embedded/ros2_ws/install/ecl_command_line/include/ecl/command_line/cmd_line_output.hpp
[0.604s] -- Up-to-date symlink: /home/embedded/ros2_ws/install/ecl_command_line/include/ecl/command_line/constraint.hpp
[0.604s] -- Up-to-date symlink: /home/embedded/ros2_ws/install/ecl_command_line/include/ecl/command_line/docbook_output.hpp
[0.608s] -- Up-to-date symlink: /home/embedded/ros2_ws/install/ecl_command_line/include/ecl/command_line/help_visitor.hpp
[0.608s] -- Up-to-date symlink: /home/embedded/ros2_ws/install/ecl_command_line/include/ecl/command_line/ignore_rest_visitor.hpp
[0.608s] -- Up-to-date symlink: /home/embedded/ros2_ws/install/ecl_command_line/include/ecl/command_line/multi_arg.hpp
[0.612s] -- Up-to-date symlink: /home/embedded/ros2_ws/install/ecl_command_line/include/ecl/command_line/multi_switch_arg.hpp
[0.612s] -- Up-to-date symlink: /home/embedded/ros2_ws/install/ecl_command_line/include/ecl/command_line/optional_unlabeled_tracker.hpp
[0.612s] -- Up-to-date symlink: /home/embedded/ros2_ws/install/ecl_command_line/include/ecl/command_line/std_output.hpp
[0.612s] -- Up-to-date symlink: /home/embedded/ros2_ws/install/ecl_command_line/include/ecl/command_line/switch_arg.hpp
[0.612s] -- Up-to-date symlink: /home/embedded/ros2_ws/install/ecl_command_line/include/ecl/command_line/unlabeled_multi_arg.hpp
[0.612s] -- Up-to-date symlink: /home/embedded/ros2_ws/install/ecl_command_line/include/ecl/command_line/unlabeled_value_arg.hpp
[0.612s] -- Up-to-date symlink: /home/embedded/ros2_ws/install/ecl_command_line/include/ecl/command_line/value_arg.hpp
[0.613s] -- Up-to-date symlink: /home/embedded/ros2_ws/install/ecl_command_line/include/ecl/command_line/values_constraint.hpp
[0.613s] -- Up-to-date symlink: /home/embedded/ros2_ws/install/ecl_command_line/include/ecl/command_line/version_visitor.hpp
[0.613s] -- Up-to-date symlink: /home/embedded/ros2_ws/install/ecl_command_line/include/ecl/command_line/visitor.hpp
[0.613s] -- Up-to-date symlink: /home/embedded/ros2_ws/install/ecl_command_line/include/ecl/command_line/xor_handler.hpp
[0.613s] -- Up-to-date symlink: /home/embedded/ros2_ws/install/ecl_command_line/include/ecl/command_line.hpp
[0.613s] -- Up-to-date symlink: /home/embedded/ros2_ws/install/ecl_command_line/lib/ecl_command_line/demo_command_line
[0.613s] -- Up-to-date symlink: /home/embedded/ros2_ws/install/ecl_command_line/share/ament_index/resource_index/package_run_dependencies/ecl_command_line
[0.614s] -- Up-to-date symlink: /home/embedded/ros2_ws/install/ecl_command_line/share/ament_index/resource_index/parent_prefix_path/ecl_command_line
[0.615s] -- Up-to-date symlink: /home/embedded/ros2_ws/install/ecl_command_line/share/ecl_command_line/environment/ament_prefix_path.sh
[0.618s] -- Up-to-date symlink: /home/embedded/ros2_ws/install/ecl_command_line/share/ecl_command_line/environment/ament_prefix_path.dsv
[0.619s] -- Up-to-date symlink: /home/embedded/ros2_ws/install/ecl_command_line/share/ecl_command_line/environment/path.sh
[0.619s] -- Up-to-date symlink: /home/embedded/ros2_ws/install/ecl_command_line/share/ecl_command_line/environment/path.dsv
[0.620s] -- Up-to-date symlink: /home/embedded/ros2_ws/install/ecl_command_line/share/ecl_command_line/local_setup.bash
[0.623s] -- Up-to-date symlink: /home/embedded/ros2_ws/install/ecl_command_line/share/ecl_command_line/local_setup.sh
[0.623s] -- Up-to-date symlink: /home/embedded/ros2_ws/install/ecl_command_line/share/ecl_command_line/local_setup.zsh
[0.625s] -- Up-to-date symlink: /home/embedded/ros2_ws/install/ecl_command_line/share/ecl_command_line/local_setup.dsv
[0.626s] -- Symlinking: /home/embedded/ros2_ws/install/ecl_command_line/share/ecl_command_line/package.dsv
[0.700s] -- Up-to-date symlink: /home/embedded/ros2_ws/install/ecl_command_line/share/ament_index/resource_index/packages/ecl_command_line
[0.701s] -- Up-to-date symlink: /home/embedded/ros2_ws/install/ecl_command_line/share/ecl_command_line/cmake/ament_cmake_export_targets-extras.cmake
[0.701s] -- Up-to-date symlink: /home/embedded/ros2_ws/install/ecl_command_line/share/ecl_command_line/cmake/ament_cmake_export_include_directories-extras.cmake
[0.701s] -- Up-to-date symlink: /home/embedded/ros2_ws/install/ecl_command_line/share/ecl_command_line/cmake/ecl_command_lineConfig.cmake
[0.702s] -- Up-to-date symlink: /home/embedded/ros2_ws/install/ecl_command_line/share/ecl_command_line/cmake/ecl_command_lineConfig-version.cmake
[0.702s] -- Up-to-date symlink: /home/embedded/ros2_ws/install/ecl_command_line/share/ecl_command_line/package.xml
[0.704s] -- Up-to-date: /home/embedded/ros2_ws/install/ecl_command_line/share/ecl_command_line/cmake/ecl_command_lineExport.cmake
[0.727s] Invoked command in '/home/embedded/ros2_ws/build/ecl_command_line' returned '0': CMAKE_PREFIX_PATH=${CMAKE_PREFIX_PATH}:/opt/ros/jazzy /usr/bin/cmake --install /home/embedded/ros2_ws/build/ecl_command_line
