[0.038s] Invoking command in '/home/embedded/ros2_ws/build/ecl_time_lite': AMENT_PREFIX_PATH=/home/embedded/ros2_ws/install/ecl_errors:/home/embedded/ros2_ws/install/ecl_config:${AMENT_PREFIX_PATH} CMAKE_PREFIX_PATH=/home/embedded/ros2_ws/install/ecl_errors:/home/embedded/ros2_ws/install/ecl_config:/opt/ros/jazzy/opt/gz_sim_vendor:/opt/ros/jazzy/opt/gz_sensors_vendor:/opt/ros/jazzy/opt/gz_physics_vendor:/opt/ros/jazzy/opt/sdformat_vendor:/opt/ros/jazzy/opt/gz_gui_vendor:/opt/ros/jazzy/opt/gz_transport_vendor:/opt/ros/jazzy/opt/gz_rendering_vendor:/opt/ros/jazzy/opt/gz_plugin_vendor:/opt/ros/jazzy/opt/gz_fuel_tools_vendor:/opt/ros/jazzy/opt/gz_msgs_vendor:/opt/ros/jazzy/opt/gz_common_vendor:/opt/ros/jazzy/opt/gz_tools_vendor:/opt/ros/jazzy/opt/gz_ogre_next_vendor:/opt/ros/jazzy/opt/gz_dartsim_vendor:/opt/ros/jazzy/opt/gz_math_vendor:/opt/ros/jazzy/opt/gz_utils_vendor:/opt/ros/jazzy/opt/gz_cmake_vendor:/opt/ros/jazzy LD_LIBRARY_PATH=/home/embedded/ros2_ws/install/ecl_errors/lib:${LD_LIBRARY_PATH} PATH=/home/embedded/ros2_ws/install/ecl_config/bin:${PATH} /usr/bin/cmake --build /home/embedded/ros2_ws/build/ecl_time_lite -- -j4 -l4
[0.255s] [ 77%] Built target ecl_time_lite
[0.322s] [100%] Built target demo_time_functions
[0.368s] Invoked command in '/home/embedded/ros2_ws/build/ecl_time_lite' returned '0': AMENT_PREFIX_PATH=/home/embedded/ros2_ws/install/ecl_errors:/home/embedded/ros2_ws/install/ecl_config:${AMENT_PREFIX_PATH} CMAKE_PREFIX_PATH=/home/embedded/ros2_ws/install/ecl_errors:/home/embedded/ros2_ws/install/ecl_config:/opt/ros/jazzy/opt/gz_sim_vendor:/opt/ros/jazzy/opt/gz_sensors_vendor:/opt/ros/jazzy/opt/gz_physics_vendor:/opt/ros/jazzy/opt/sdformat_vendor:/opt/ros/jazzy/opt/gz_gui_vendor:/opt/ros/jazzy/opt/gz_transport_vendor:/opt/ros/jazzy/opt/gz_rendering_vendor:/opt/ros/jazzy/opt/gz_plugin_vendor:/opt/ros/jazzy/opt/gz_fuel_tools_vendor:/opt/ros/jazzy/opt/gz_msgs_vendor:/opt/ros/jazzy/opt/gz_common_vendor:/opt/ros/jazzy/opt/gz_tools_vendor:/opt/ros/jazzy/opt/gz_ogre_next_vendor:/opt/ros/jazzy/opt/gz_dartsim_vendor:/opt/ros/jazzy/opt/gz_math_vendor:/opt/ros/jazzy/opt/gz_utils_vendor:/opt/ros/jazzy/opt/gz_cmake_vendor:/opt/ros/jazzy LD_LIBRARY_PATH=/home/embedded/ros2_ws/install/ecl_errors/lib:${LD_LIBRARY_PATH} PATH=/home/embedded/ros2_ws/install/ecl_config/bin:${PATH} /usr/bin/cmake --build /home/embedded/ros2_ws/build/ecl_time_lite -- -j4 -l4
[0.377s] Invoking command in '/home/embedded/ros2_ws/build/ecl_time_lite': AMENT_PREFIX_PATH=/home/embedded/ros2_ws/install/ecl_errors:/home/embedded/ros2_ws/install/ecl_config:${AMENT_PREFIX_PATH} CMAKE_PREFIX_PATH=/home/embedded/ros2_ws/install/ecl_errors:/home/embedded/ros2_ws/install/ecl_config:/opt/ros/jazzy/opt/gz_sim_vendor:/opt/ros/jazzy/opt/gz_sensors_vendor:/opt/ros/jazzy/opt/gz_physics_vendor:/opt/ros/jazzy/opt/sdformat_vendor:/opt/ros/jazzy/opt/gz_gui_vendor:/opt/ros/jazzy/opt/gz_transport_vendor:/opt/ros/jazzy/opt/gz_rendering_vendor:/opt/ros/jazzy/opt/gz_plugin_vendor:/opt/ros/jazzy/opt/gz_fuel_tools_vendor:/opt/ros/jazzy/opt/gz_msgs_vendor:/opt/ros/jazzy/opt/gz_common_vendor:/opt/ros/jazzy/opt/gz_tools_vendor:/opt/ros/jazzy/opt/gz_ogre_next_vendor:/opt/ros/jazzy/opt/gz_dartsim_vendor:/opt/ros/jazzy/opt/gz_math_vendor:/opt/ros/jazzy/opt/gz_utils_vendor:/opt/ros/jazzy/opt/gz_cmake_vendor:/opt/ros/jazzy LD_LIBRARY_PATH=/home/embedded/ros2_ws/install/ecl_errors/lib:${LD_LIBRARY_PATH} PATH=/home/embedded/ros2_ws/install/ecl_config/bin:${PATH} /usr/bin/cmake --install /home/embedded/ros2_ws/build/ecl_time_lite
[0.405s] -- Install configuration: ""
[0.405s] -- Execute custom install script
[0.405s] -- Up-to-date symlink: /home/embedded/ros2_ws/install/ecl_time_lite/include/ecl/time_lite/cpu_time.hpp
[0.405s] -- Up-to-date symlink: /home/embedded/ros2_ws/install/ecl_time_lite/include/ecl/time_lite/date.hpp
[0.405s] -- Up-to-date symlink: /home/embedded/ros2_ws/install/ecl_time_lite/include/ecl/time_lite/errors.hpp
[0.411s] -- Up-to-date symlink: /home/embedded/ros2_ws/install/ecl_time_lite/include/ecl/time_lite/functions.hpp
[0.411s] -- Up-to-date symlink: /home/embedded/ros2_ws/install/ecl_time_lite/include/ecl/time_lite/functions_mac.hpp
[0.412s] -- Up-to-date symlink: /home/embedded/ros2_ws/install/ecl_time_lite/include/ecl/time_lite/functions_pos.hpp
[0.412s] -- Up-to-date symlink: /home/embedded/ros2_ws/install/ecl_time_lite/include/ecl/time_lite/functions_rt.hpp
[0.412s] -- Up-to-date symlink: /home/embedded/ros2_ws/install/ecl_time_lite/include/ecl/time_lite/functions_win.hpp
[0.412s] -- Up-to-date symlink: /home/embedded/ros2_ws/install/ecl_time_lite/include/ecl/time_lite/macros.hpp
[0.412s] -- Up-to-date symlink: /home/embedded/ros2_ws/install/ecl_time_lite/include/ecl/time_lite/types.hpp
[0.412s] -- Up-to-date symlink: /home/embedded/ros2_ws/install/ecl_time_lite/include/ecl/time_lite/types_pos.hpp
[0.412s] -- Up-to-date symlink: /home/embedded/ros2_ws/install/ecl_time_lite/include/ecl/time_lite/types_win.hpp
[0.412s] -- Up-to-date symlink: /home/embedded/ros2_ws/install/ecl_time_lite/include/ecl/time_lite/config.hpp
[0.412s] -- Up-to-date symlink: /home/embedded/ros2_ws/install/ecl_time_lite/include/ecl/time_lite.hpp
[0.413s] -- Up-to-date symlink: /home/embedded/ros2_ws/install/ecl_time_lite/lib/ecl_time_lite/demo_time_functions
[0.413s] -- Up-to-date symlink: /home/embedded/ros2_ws/install/ecl_time_lite/share/ecl_time_lite/environment/library_path.sh
[0.413s] -- Up-to-date symlink: /home/embedded/ros2_ws/install/ecl_time_lite/share/ecl_time_lite/environment/library_path.dsv
[0.413s] -- Up-to-date symlink: /home/embedded/ros2_ws/install/ecl_time_lite/share/ament_index/resource_index/package_run_dependencies/ecl_time_lite
[0.413s] -- Up-to-date symlink: /home/embedded/ros2_ws/install/ecl_time_lite/share/ament_index/resource_index/parent_prefix_path/ecl_time_lite
[0.413s] -- Up-to-date symlink: /home/embedded/ros2_ws/install/ecl_time_lite/share/ecl_time_lite/environment/ament_prefix_path.sh
[0.413s] -- Up-to-date symlink: /home/embedded/ros2_ws/install/ecl_time_lite/share/ecl_time_lite/environment/ament_prefix_path.dsv
[0.413s] -- Up-to-date symlink: /home/embedded/ros2_ws/install/ecl_time_lite/share/ecl_time_lite/environment/path.sh
[0.413s] -- Up-to-date symlink: /home/embedded/ros2_ws/install/ecl_time_lite/share/ecl_time_lite/environment/path.dsv
[0.413s] -- Up-to-date symlink: /home/embedded/ros2_ws/install/ecl_time_lite/share/ecl_time_lite/local_setup.bash
[0.413s] -- Up-to-date symlink: /home/embedded/ros2_ws/install/ecl_time_lite/share/ecl_time_lite/local_setup.sh
[0.414s] -- Up-to-date symlink: /home/embedded/ros2_ws/install/ecl_time_lite/share/ecl_time_lite/local_setup.zsh
[0.414s] -- Up-to-date symlink: /home/embedded/ros2_ws/install/ecl_time_lite/share/ecl_time_lite/local_setup.dsv
[0.414s] -- Symlinking: /home/embedded/ros2_ws/install/ecl_time_lite/share/ecl_time_lite/package.dsv
[0.430s] -- Up-to-date symlink: /home/embedded/ros2_ws/install/ecl_time_lite/share/ament_index/resource_index/packages/ecl_time_lite
[0.431s] -- Up-to-date symlink: /home/embedded/ros2_ws/install/ecl_time_lite/share/ecl_time_lite/cmake/ament_cmake_export_targets-extras.cmake
[0.432s] -- Up-to-date symlink: /home/embedded/ros2_ws/install/ecl_time_lite/share/ecl_time_lite/cmake/ament_cmake_export_include_directories-extras.cmake
[0.432s] -- Up-to-date symlink: /home/embedded/ros2_ws/install/ecl_time_lite/share/ecl_time_lite/cmake/ament_cmake_export_libraries-extras.cmake
[0.432s] -- Up-to-date symlink: /home/embedded/ros2_ws/install/ecl_time_lite/share/ecl_time_lite/cmake/ament_cmake_export_dependencies-extras.cmake
[0.433s] -- Up-to-date symlink: /home/embedded/ros2_ws/install/ecl_time_lite/share/ecl_time_lite/cmake/ecl_time_liteConfig.cmake
[0.433s] -- Up-to-date symlink: /home/embedded/ros2_ws/install/ecl_time_lite/share/ecl_time_lite/cmake/ecl_time_liteConfig-version.cmake
[0.433s] -- Up-to-date symlink: /home/embedded/ros2_ws/install/ecl_time_lite/share/ecl_time_lite/package.xml
[0.433s] -- Up-to-date: /home/embedded/ros2_ws/install/ecl_time_lite/share/ecl_time_lite/cmake/ecl_time_liteExport.cmake
[0.434s] -- Up-to-date: /home/embedded/ros2_ws/install/ecl_time_lite/share/ecl_time_lite/cmake/ecl_time_liteExport-noconfig.cmake
[0.434s] -- Up-to-date: /home/embedded/ros2_ws/install/ecl_time_lite/lib/libecl_time_lite.so.1.2.0
[0.434s] -- Up-to-date: /home/embedded/ros2_ws/install/ecl_time_lite/lib/libecl_time_lite.so
[0.512s] Invoked command in '/home/embedded/ros2_ws/build/ecl_time_lite' returned '0': AMENT_PREFIX_PATH=/home/embedded/ros2_ws/install/ecl_errors:/home/embedded/ros2_ws/install/ecl_config:${AMENT_PREFIX_PATH} CMAKE_PREFIX_PATH=/home/embedded/ros2_ws/install/ecl_errors:/home/embedded/ros2_ws/install/ecl_config:/opt/ros/jazzy/opt/gz_sim_vendor:/opt/ros/jazzy/opt/gz_sensors_vendor:/opt/ros/jazzy/opt/gz_physics_vendor:/opt/ros/jazzy/opt/sdformat_vendor:/opt/ros/jazzy/opt/gz_gui_vendor:/opt/ros/jazzy/opt/gz_transport_vendor:/opt/ros/jazzy/opt/gz_rendering_vendor:/opt/ros/jazzy/opt/gz_plugin_vendor:/opt/ros/jazzy/opt/gz_fuel_tools_vendor:/opt/ros/jazzy/opt/gz_msgs_vendor:/opt/ros/jazzy/opt/gz_common_vendor:/opt/ros/jazzy/opt/gz_tools_vendor:/opt/ros/jazzy/opt/gz_ogre_next_vendor:/opt/ros/jazzy/opt/gz_dartsim_vendor:/opt/ros/jazzy/opt/gz_math_vendor:/opt/ros/jazzy/opt/gz_utils_vendor:/opt/ros/jazzy/opt/gz_cmake_vendor:/opt/ros/jazzy LD_LIBRARY_PATH=/home/embedded/ros2_ws/install/ecl_errors/lib:${LD_LIBRARY_PATH} PATH=/home/embedded/ros2_ws/install/ecl_config/bin:${PATH} /usr/bin/cmake --install /home/embedded/ros2_ws/build/ecl_time_lite
