[0.032s] Invoking command in '/home/embedded/ros2_ws/build/ecl_console': AMENT_PREFIX_PATH=/home/embedded/ros2_ws/install/ecl_config:${AMENT_PREFIX_PATH} CMAKE_PREFIX_PATH=/home/embedded/ros2_ws/install/ecl_config:/opt/ros/jazzy/opt/gz_sim_vendor:/opt/ros/jazzy/opt/gz_sensors_vendor:/opt/ros/jazzy/opt/gz_physics_vendor:/opt/ros/jazzy/opt/sdformat_vendor:/opt/ros/jazzy/opt/gz_gui_vendor:/opt/ros/jazzy/opt/gz_transport_vendor:/opt/ros/jazzy/opt/gz_rendering_vendor:/opt/ros/jazzy/opt/gz_plugin_vendor:/opt/ros/jazzy/opt/gz_fuel_tools_vendor:/opt/ros/jazzy/opt/gz_msgs_vendor:/opt/ros/jazzy/opt/gz_common_vendor:/opt/ros/jazzy/opt/gz_tools_vendor:/opt/ros/jazzy/opt/gz_ogre_next_vendor:/opt/ros/jazzy/opt/gz_dartsim_vendor:/opt/ros/jazzy/opt/gz_math_vendor:/opt/ros/jazzy/opt/gz_utils_vendor:/opt/ros/jazzy/opt/gz_cmake_vendor:/opt/ros/jazzy PATH=/home/embedded/ros2_ws/install/ecl_config/bin:${PATH} /usr/bin/cmake --build /home/embedded/ros2_ws/build/ecl_console -- -j4 -l4
[0.264s] Invoked command in '/home/embedded/ros2_ws/build/ecl_console' returned '0': AMENT_PREFIX_PATH=/home/embedded/ros2_ws/install/ecl_config:${AMENT_PREFIX_PATH} CMAKE_PREFIX_PATH=/home/embedded/ros2_ws/install/ecl_config:/opt/ros/jazzy/opt/gz_sim_vendor:/opt/ros/jazzy/opt/gz_sensors_vendor:/opt/ros/jazzy/opt/gz_physics_vendor:/opt/ros/jazzy/opt/sdformat_vendor:/opt/ros/jazzy/opt/gz_gui_vendor:/opt/ros/jazzy/opt/gz_transport_vendor:/opt/ros/jazzy/opt/gz_rendering_vendor:/opt/ros/jazzy/opt/gz_plugin_vendor:/opt/ros/jazzy/opt/gz_fuel_tools_vendor:/opt/ros/jazzy/opt/gz_msgs_vendor:/opt/ros/jazzy/opt/gz_common_vendor:/opt/ros/jazzy/opt/gz_tools_vendor:/opt/ros/jazzy/opt/gz_ogre_next_vendor:/opt/ros/jazzy/opt/gz_dartsim_vendor:/opt/ros/jazzy/opt/gz_math_vendor:/opt/ros/jazzy/opt/gz_utils_vendor:/opt/ros/jazzy/opt/gz_cmake_vendor:/opt/ros/jazzy PATH=/home/embedded/ros2_ws/install/ecl_config/bin:${PATH} /usr/bin/cmake --build /home/embedded/ros2_ws/build/ecl_console -- -j4 -l4
[0.265s] Invoking command in '/home/embedded/ros2_ws/build/ecl_console': AMENT_PREFIX_PATH=/home/embedded/ros2_ws/install/ecl_config:${AMENT_PREFIX_PATH} CMAKE_PREFIX_PATH=/home/embedded/ros2_ws/install/ecl_config:/opt/ros/jazzy/opt/gz_sim_vendor:/opt/ros/jazzy/opt/gz_sensors_vendor:/opt/ros/jazzy/opt/gz_physics_vendor:/opt/ros/jazzy/opt/sdformat_vendor:/opt/ros/jazzy/opt/gz_gui_vendor:/opt/ros/jazzy/opt/gz_transport_vendor:/opt/ros/jazzy/opt/gz_rendering_vendor:/opt/ros/jazzy/opt/gz_plugin_vendor:/opt/ros/jazzy/opt/gz_fuel_tools_vendor:/opt/ros/jazzy/opt/gz_msgs_vendor:/opt/ros/jazzy/opt/gz_common_vendor:/opt/ros/jazzy/opt/gz_tools_vendor:/opt/ros/jazzy/opt/gz_ogre_next_vendor:/opt/ros/jazzy/opt/gz_dartsim_vendor:/opt/ros/jazzy/opt/gz_math_vendor:/opt/ros/jazzy/opt/gz_utils_vendor:/opt/ros/jazzy/opt/gz_cmake_vendor:/opt/ros/jazzy PATH=/home/embedded/ros2_ws/install/ecl_config/bin:${PATH} /usr/bin/cmake --install /home/embedded/ros2_ws/build/ecl_console
[0.327s] -- Install configuration: ""
[0.328s] -- Execute custom install script
[0.328s] -- Up-to-date symlink: /home/embedded/ros2_ws/install/ecl_console/share/ament_index/resource_index/package_run_dependencies/ecl_console
[0.328s] -- Up-to-date symlink: /home/embedded/ros2_ws/install/ecl_console/share/ament_index/resource_index/parent_prefix_path/ecl_console
[0.328s] -- Up-to-date symlink: /home/embedded/ros2_ws/install/ecl_console/share/ecl_console/environment/ament_prefix_path.sh
[0.328s] -- Up-to-date symlink: /home/embedded/ros2_ws/install/ecl_console/share/ecl_console/environment/ament_prefix_path.dsv
[0.328s] -- Up-to-date symlink: /home/embedded/ros2_ws/install/ecl_console/share/ecl_console/environment/path.sh
[0.329s] -- Up-to-date symlink: /home/embedded/ros2_ws/install/ecl_console/share/ecl_console/environment/path.dsv
[0.330s] -- Up-to-date symlink: /home/embedded/ros2_ws/install/ecl_console/share/ecl_console/local_setup.bash
[0.330s] -- Up-to-date symlink: /home/embedded/ros2_ws/install/ecl_console/share/ecl_console/local_setup.sh
[0.330s] -- Up-to-date symlink: /home/embedded/ros2_ws/install/ecl_console/share/ecl_console/local_setup.zsh
[0.330s] -- Up-to-date symlink: /home/embedded/ros2_ws/install/ecl_console/share/ecl_console/local_setup.dsv
[0.331s] -- Symlinking: /home/embedded/ros2_ws/install/ecl_console/share/ecl_console/package.dsv
[0.331s] -- Up-to-date symlink: /home/embedded/ros2_ws/install/ecl_console/share/ament_index/resource_index/packages/ecl_console
[0.331s] -- Up-to-date symlink: /home/embedded/ros2_ws/install/ecl_console/share/ecl_console/cmake/ament_cmake_export_targets-extras.cmake
[0.332s] -- Up-to-date symlink: /home/embedded/ros2_ws/install/ecl_console/share/ecl_console/cmake/ament_cmake_export_include_directories-extras.cmake
[0.332s] -- Up-to-date symlink: /home/embedded/ros2_ws/install/ecl_console/share/ecl_console/cmake/ament_cmake_export_dependencies-extras.cmake
[0.333s] -- Up-to-date symlink: /home/embedded/ros2_ws/install/ecl_console/share/ecl_console/cmake/ecl_consoleConfig.cmake
[0.333s] -- Up-to-date symlink: /home/embedded/ros2_ws/install/ecl_console/share/ecl_console/cmake/ecl_consoleConfig-version.cmake
[0.333s] -- Up-to-date symlink: /home/embedded/ros2_ws/install/ecl_console/share/ecl_console/package.xml
[0.333s] -- Up-to-date: /home/embedded/ros2_ws/install/ecl_console/include/ecl
[0.333s] -- Up-to-date: /home/embedded/ros2_ws/install/ecl_console/include/ecl/console.hpp
[0.333s] -- Up-to-date: /home/embedded/ros2_ws/install/ecl_console/share/ecl_console/cmake/ecl_consoleExport.cmake
[0.337s] Invoked command in '/home/embedded/ros2_ws/build/ecl_console' returned '0': AMENT_PREFIX_PATH=/home/embedded/ros2_ws/install/ecl_config:${AMENT_PREFIX_PATH} CMAKE_PREFIX_PATH=/home/embedded/ros2_ws/install/ecl_config:/opt/ros/jazzy/opt/gz_sim_vendor:/opt/ros/jazzy/opt/gz_sensors_vendor:/opt/ros/jazzy/opt/gz_physics_vendor:/opt/ros/jazzy/opt/sdformat_vendor:/opt/ros/jazzy/opt/gz_gui_vendor:/opt/ros/jazzy/opt/gz_transport_vendor:/opt/ros/jazzy/opt/gz_rendering_vendor:/opt/ros/jazzy/opt/gz_plugin_vendor:/opt/ros/jazzy/opt/gz_fuel_tools_vendor:/opt/ros/jazzy/opt/gz_msgs_vendor:/opt/ros/jazzy/opt/gz_common_vendor:/opt/ros/jazzy/opt/gz_tools_vendor:/opt/ros/jazzy/opt/gz_ogre_next_vendor:/opt/ros/jazzy/opt/gz_dartsim_vendor:/opt/ros/jazzy/opt/gz_math_vendor:/opt/ros/jazzy/opt/gz_utils_vendor:/opt/ros/jazzy/opt/gz_cmake_vendor:/opt/ros/jazzy PATH=/home/embedded/ros2_ws/install/ecl_config/bin:${PATH} /usr/bin/cmake --install /home/embedded/ros2_ws/build/ecl_console
