[0.027s] Invoking command in '/home/embedded/ros2_ws/build/ecl_io': AMENT_PREFIX_PATH=/home/embedded/ros2_ws/install/ecl_errors:/home/embedded/ros2_ws/install/ecl_config:${AMENT_PREFIX_PATH} CMAKE_PREFIX_PATH=/home/embedded/ros2_ws/install/ecl_errors:/home/embedded/ros2_ws/install/ecl_config:/opt/ros/jazzy/opt/gz_sim_vendor:/opt/ros/jazzy/opt/gz_sensors_vendor:/opt/ros/jazzy/opt/gz_physics_vendor:/opt/ros/jazzy/opt/sdformat_vendor:/opt/ros/jazzy/opt/gz_gui_vendor:/opt/ros/jazzy/opt/gz_transport_vendor:/opt/ros/jazzy/opt/gz_rendering_vendor:/opt/ros/jazzy/opt/gz_plugin_vendor:/opt/ros/jazzy/opt/gz_fuel_tools_vendor:/opt/ros/jazzy/opt/gz_msgs_vendor:/opt/ros/jazzy/opt/gz_common_vendor:/opt/ros/jazzy/opt/gz_tools_vendor:/opt/ros/jazzy/opt/gz_ogre_next_vendor:/opt/ros/jazzy/opt/gz_dartsim_vendor:/opt/ros/jazzy/opt/gz_math_vendor:/opt/ros/jazzy/opt/gz_utils_vendor:/opt/ros/jazzy/opt/gz_cmake_vendor:/opt/ros/jazzy LD_LIBRARY_PATH=/home/embedded/ros2_ws/install/ecl_errors/lib:${LD_LIBRARY_PATH} PATH=/home/embedded/ros2_ws/install/ecl_config/bin:${PATH} /usr/bin/cmake /home/embedded/ros2_ws/src/ThirdParty/ecl/ecl_lite/ecl_io -DAMENT_CMAKE_SYMLINK_INSTALL=1 -DCMAKE_INSTALL_PREFIX=/home/embedded/ros2_ws/install/ecl_io
[0.197s] -- The C compiler identification is GNU 13.3.0
[0.362s] -- The CXX compiler identification is GNU 13.3.0
[0.401s] -- Detecting C compiler ABI info
[0.698s] -- Detecting C compiler ABI info - done
[0.723s] -- Check for working C compiler: /usr/bin/cc - skipped
[0.727s] -- Detecting C compile features
[0.728s] -- Detecting C compile features - done
[0.750s] -- Detecting CXX compiler ABI info
[1.013s] -- Detecting CXX compiler ABI info - done
[1.035s] -- Check for working CXX compiler: /usr/bin/c++ - skipped
[1.038s] -- Detecting CXX compile features
[1.039s] -- Detecting CXX compile features - done
[1.048s] -- Found ament_cmake_ros: 0.12.0 (/opt/ros/jazzy/share/ament_cmake_ros/cmake)
[1.472s] -- Found Python3: /usr/bin/python3 (found version "3.12.3") found components: Interpreter 
[1.669s] -- Override CMake install command with custom implementation using symlinks instead of copying resources
[1.767s] -- Found ecl_build: 1.0.3 (/opt/ros/jazzy/share/ecl_build/cmake)
[1.774s] [0mCMake Deprecation Warning at /opt/ros/jazzy/share/ecl_build/cmake/cotire.cmake:45 (cmake_minimum_required):
[1.775s]   Compatibility with CMake < 3.5 will be removed from a future version of
[1.775s]   CMake.
[1.775s] 
[1.776s]   Update the VERSION argument <min> value or use a ...<max> suffix to tell
[1.776s]   CMake that the project does not need compatibility with older versions.
[1.776s] Call Stack (most recent call first):
[1.777s]   /opt/ros/jazzy/share/ecl_build/cmake/ecl_buildConfig.cmake:41 (include)
[1.778s]   CMakeLists.txt:30 (find_package)
[1.779s] 
[1.779s] [0m
[1.784s] -- Found ecl_config: 1.2.0 (/home/embedded/ros2_ws/install/ecl_config/share/ecl_config/cmake)
[1.788s] -- Found ecl_errors: 1.2.0 (/home/embedded/ros2_ws/install/ecl_errors/share/ecl_errors/cmake)
[2.121s] -- Configuring done (2.1s)
[2.176s] -- Generating done (0.0s)
[2.187s] -- Build files have been written to: /home/embedded/ros2_ws/build/ecl_io
[2.206s] Invoked command in '/home/embedded/ros2_ws/build/ecl_io' returned '0': AMENT_PREFIX_PATH=/home/embedded/ros2_ws/install/ecl_errors:/home/embedded/ros2_ws/install/ecl_config:${AMENT_PREFIX_PATH} CMAKE_PREFIX_PATH=/home/embedded/ros2_ws/install/ecl_errors:/home/embedded/ros2_ws/install/ecl_config:/opt/ros/jazzy/opt/gz_sim_vendor:/opt/ros/jazzy/opt/gz_sensors_vendor:/opt/ros/jazzy/opt/gz_physics_vendor:/opt/ros/jazzy/opt/sdformat_vendor:/opt/ros/jazzy/opt/gz_gui_vendor:/opt/ros/jazzy/opt/gz_transport_vendor:/opt/ros/jazzy/opt/gz_rendering_vendor:/opt/ros/jazzy/opt/gz_plugin_vendor:/opt/ros/jazzy/opt/gz_fuel_tools_vendor:/opt/ros/jazzy/opt/gz_msgs_vendor:/opt/ros/jazzy/opt/gz_common_vendor:/opt/ros/jazzy/opt/gz_tools_vendor:/opt/ros/jazzy/opt/gz_ogre_next_vendor:/opt/ros/jazzy/opt/gz_dartsim_vendor:/opt/ros/jazzy/opt/gz_math_vendor:/opt/ros/jazzy/opt/gz_utils_vendor:/opt/ros/jazzy/opt/gz_cmake_vendor:/opt/ros/jazzy LD_LIBRARY_PATH=/home/embedded/ros2_ws/install/ecl_errors/lib:${LD_LIBRARY_PATH} PATH=/home/embedded/ros2_ws/install/ecl_config/bin:${PATH} /usr/bin/cmake /home/embedded/ros2_ws/src/ThirdParty/ecl/ecl_lite/ecl_io -DAMENT_CMAKE_SYMLINK_INSTALL=1 -DCMAKE_INSTALL_PREFIX=/home/embedded/ros2_ws/install/ecl_io
[2.207s] Invoking command in '/home/embedded/ros2_ws/build/ecl_io': AMENT_PREFIX_PATH=/home/embedded/ros2_ws/install/ecl_errors:/home/embedded/ros2_ws/install/ecl_config:${AMENT_PREFIX_PATH} CMAKE_PREFIX_PATH=/home/embedded/ros2_ws/install/ecl_errors:/home/embedded/ros2_ws/install/ecl_config:/opt/ros/jazzy/opt/gz_sim_vendor:/opt/ros/jazzy/opt/gz_sensors_vendor:/opt/ros/jazzy/opt/gz_physics_vendor:/opt/ros/jazzy/opt/sdformat_vendor:/opt/ros/jazzy/opt/gz_gui_vendor:/opt/ros/jazzy/opt/gz_transport_vendor:/opt/ros/jazzy/opt/gz_rendering_vendor:/opt/ros/jazzy/opt/gz_plugin_vendor:/opt/ros/jazzy/opt/gz_fuel_tools_vendor:/opt/ros/jazzy/opt/gz_msgs_vendor:/opt/ros/jazzy/opt/gz_common_vendor:/opt/ros/jazzy/opt/gz_tools_vendor:/opt/ros/jazzy/opt/gz_ogre_next_vendor:/opt/ros/jazzy/opt/gz_dartsim_vendor:/opt/ros/jazzy/opt/gz_math_vendor:/opt/ros/jazzy/opt/gz_utils_vendor:/opt/ros/jazzy/opt/gz_cmake_vendor:/opt/ros/jazzy LD_LIBRARY_PATH=/home/embedded/ros2_ws/install/ecl_errors/lib:${LD_LIBRARY_PATH} PATH=/home/embedded/ros2_ws/install/ecl_config/bin:${PATH} /usr/bin/cmake --build /home/embedded/ros2_ws/build/ecl_io -- -j4 -l4
[2.341s] [ 10%] [32mBuilding CXX object src/lib/CMakeFiles/ecl_io.dir/poll.cpp.o[0m
[2.724s] [ 20%] [32mBuilding CXX object src/lib/CMakeFiles/ecl_io.dir/sockets.cpp.o[0m
[3.252s] [ 30%] [32mBuilding CXX object src/lib/CMakeFiles/ecl_io.dir/socketpair.cpp.o[0m
[3.656s] [ 40%] [32m[1mLinking CXX shared library libecl_io.so[0m
[3.963s] [ 40%] Built target ecl_io
[4.023s] [ 50%] [32mBuilding CXX object src/examples/CMakeFiles/ecl_io_example_sockets.dir/sockets.cpp.o[0m
[4.562s] [ 60%] [32m[1mLinking CXX executable demo_sockets[0m
[4.777s] [ 60%] Built target ecl_io_example_sockets
[4.827s] [ 70%] [32mBuilding CXX object src/examples/CMakeFiles/ecl_io_example_poll.dir/poll.cpp.o[0m
[5.344s] [ 80%] [32m[1mLinking CXX executable demo_poll[0m
[5.550s] [ 80%] Built target ecl_io_example_poll
[5.602s] [ 90%] [32mBuilding CXX object src/examples/CMakeFiles/ecl_io_example_socketpair.dir/socketpair.cpp.o[0m
[6.175s] [100%] [32m[1mLinking CXX executable demo_socketpair[0m
[6.387s] [100%] Built target ecl_io_example_socketpair
[6.427s] Invoked command in '/home/embedded/ros2_ws/build/ecl_io' returned '0': AMENT_PREFIX_PATH=/home/embedded/ros2_ws/install/ecl_errors:/home/embedded/ros2_ws/install/ecl_config:${AMENT_PREFIX_PATH} CMAKE_PREFIX_PATH=/home/embedded/ros2_ws/install/ecl_errors:/home/embedded/ros2_ws/install/ecl_config:/opt/ros/jazzy/opt/gz_sim_vendor:/opt/ros/jazzy/opt/gz_sensors_vendor:/opt/ros/jazzy/opt/gz_physics_vendor:/opt/ros/jazzy/opt/sdformat_vendor:/opt/ros/jazzy/opt/gz_gui_vendor:/opt/ros/jazzy/opt/gz_transport_vendor:/opt/ros/jazzy/opt/gz_rendering_vendor:/opt/ros/jazzy/opt/gz_plugin_vendor:/opt/ros/jazzy/opt/gz_fuel_tools_vendor:/opt/ros/jazzy/opt/gz_msgs_vendor:/opt/ros/jazzy/opt/gz_common_vendor:/opt/ros/jazzy/opt/gz_tools_vendor:/opt/ros/jazzy/opt/gz_ogre_next_vendor:/opt/ros/jazzy/opt/gz_dartsim_vendor:/opt/ros/jazzy/opt/gz_math_vendor:/opt/ros/jazzy/opt/gz_utils_vendor:/opt/ros/jazzy/opt/gz_cmake_vendor:/opt/ros/jazzy LD_LIBRARY_PATH=/home/embedded/ros2_ws/install/ecl_errors/lib:${LD_LIBRARY_PATH} PATH=/home/embedded/ros2_ws/install/ecl_config/bin:${PATH} /usr/bin/cmake --build /home/embedded/ros2_ws/build/ecl_io -- -j4 -l4
[6.428s] Invoking command in '/home/embedded/ros2_ws/build/ecl_io': AMENT_PREFIX_PATH=/home/embedded/ros2_ws/install/ecl_errors:/home/embedded/ros2_ws/install/ecl_config:${AMENT_PREFIX_PATH} CMAKE_PREFIX_PATH=/home/embedded/ros2_ws/install/ecl_errors:/home/embedded/ros2_ws/install/ecl_config:/opt/ros/jazzy/opt/gz_sim_vendor:/opt/ros/jazzy/opt/gz_sensors_vendor:/opt/ros/jazzy/opt/gz_physics_vendor:/opt/ros/jazzy/opt/sdformat_vendor:/opt/ros/jazzy/opt/gz_gui_vendor:/opt/ros/jazzy/opt/gz_transport_vendor:/opt/ros/jazzy/opt/gz_rendering_vendor:/opt/ros/jazzy/opt/gz_plugin_vendor:/opt/ros/jazzy/opt/gz_fuel_tools_vendor:/opt/ros/jazzy/opt/gz_msgs_vendor:/opt/ros/jazzy/opt/gz_common_vendor:/opt/ros/jazzy/opt/gz_tools_vendor:/opt/ros/jazzy/opt/gz_ogre_next_vendor:/opt/ros/jazzy/opt/gz_dartsim_vendor:/opt/ros/jazzy/opt/gz_math_vendor:/opt/ros/jazzy/opt/gz_utils_vendor:/opt/ros/jazzy/opt/gz_cmake_vendor:/opt/ros/jazzy LD_LIBRARY_PATH=/home/embedded/ros2_ws/install/ecl_errors/lib:${LD_LIBRARY_PATH} PATH=/home/embedded/ros2_ws/install/ecl_config/bin:${PATH} /usr/bin/cmake --install /home/embedded/ros2_ws/build/ecl_io
[6.455s] -- Install configuration: ""
[6.456s] -- Execute custom install script
[6.458s] -- Symlinking: /home/embedded/ros2_ws/install/ecl_io/include/ecl/sockets/macros.hpp
[6.498s] -- Symlinking: /home/embedded/ros2_ws/install/ecl_io/include/ecl/sockets/poll.hpp
[6.527s] -- Symlinking: /home/embedded/ros2_ws/install/ecl_io/include/ecl/sockets/socketpair.hpp
[6.551s] -- Symlinking: /home/embedded/ros2_ws/install/ecl_io/include/ecl/sockets/sockets.hpp
[6.575s] -- Symlinking: /home/embedded/ros2_ws/install/ecl_io/include/ecl/io.hpp
[6.597s] -- Symlinking: /home/embedded/ros2_ws/install/ecl_io/lib/ecl_io/demo_sockets
[6.619s] -- Symlinking: /home/embedded/ros2_ws/install/ecl_io/lib/ecl_io/demo_socketpair
[6.641s] -- Symlinking: /home/embedded/ros2_ws/install/ecl_io/lib/ecl_io/demo_poll
[6.663s] -- Symlinking: /home/embedded/ros2_ws/install/ecl_io/share/ecl_io/environment/library_path.sh
[6.686s] -- Symlinking: /home/embedded/ros2_ws/install/ecl_io/share/ecl_io/environment/library_path.dsv
[6.710s] -- Symlinking: /home/embedded/ros2_ws/install/ecl_io/share/ament_index/resource_index/package_run_dependencies/ecl_io
[6.739s] -- Symlinking: /home/embedded/ros2_ws/install/ecl_io/share/ament_index/resource_index/parent_prefix_path/ecl_io
[6.780s] -- Symlinking: /home/embedded/ros2_ws/install/ecl_io/share/ecl_io/environment/ament_prefix_path.sh
[6.808s] -- Symlinking: /home/embedded/ros2_ws/install/ecl_io/share/ecl_io/environment/ament_prefix_path.dsv
[6.832s] -- Symlinking: /home/embedded/ros2_ws/install/ecl_io/share/ecl_io/environment/path.sh
[6.858s] -- Symlinking: /home/embedded/ros2_ws/install/ecl_io/share/ecl_io/environment/path.dsv
[6.882s] -- Symlinking: /home/embedded/ros2_ws/install/ecl_io/share/ecl_io/local_setup.bash
[6.907s] -- Symlinking: /home/embedded/ros2_ws/install/ecl_io/share/ecl_io/local_setup.sh
[6.936s] -- Symlinking: /home/embedded/ros2_ws/install/ecl_io/share/ecl_io/local_setup.zsh
[6.966s] -- Symlinking: /home/embedded/ros2_ws/install/ecl_io/share/ecl_io/local_setup.dsv
[6.993s] -- Symlinking: /home/embedded/ros2_ws/install/ecl_io/share/ecl_io/package.dsv
[7.026s] -- Symlinking: /home/embedded/ros2_ws/install/ecl_io/share/ament_index/resource_index/packages/ecl_io
[7.084s] -- Symlinking: /home/embedded/ros2_ws/install/ecl_io/share/ecl_io/cmake/ament_cmake_export_targets-extras.cmake
[7.114s] -- Symlinking: /home/embedded/ros2_ws/install/ecl_io/share/ecl_io/cmake/ament_cmake_export_include_directories-extras.cmake
[7.142s] -- Symlinking: /home/embedded/ros2_ws/install/ecl_io/share/ecl_io/cmake/ament_cmake_export_libraries-extras.cmake
[7.177s] -- Symlinking: /home/embedded/ros2_ws/install/ecl_io/share/ecl_io/cmake/ament_cmake_export_dependencies-extras.cmake
[7.200s] -- Symlinking: /home/embedded/ros2_ws/install/ecl_io/share/ecl_io/cmake/ecl_ioConfig.cmake
[7.230s] -- Symlinking: /home/embedded/ros2_ws/install/ecl_io/share/ecl_io/cmake/ecl_ioConfig-version.cmake
[7.253s] -- Symlinking: /home/embedded/ros2_ws/install/ecl_io/share/ecl_io/package.xml
[7.280s] -- Installing: /home/embedded/ros2_ws/install/ecl_io/share/ecl_io/cmake/ecl_ioExport.cmake
[7.281s] -- Installing: /home/embedded/ros2_ws/install/ecl_io/share/ecl_io/cmake/ecl_ioExport-noconfig.cmake
[7.286s] -- Installing: /home/embedded/ros2_ws/install/ecl_io/lib/libecl_io.so.1.2.0
[7.286s] -- Set non-toolchain portion of runtime path of "/home/embedded/ros2_ws/install/ecl_io/lib/libecl_io.so.1.2.0" to ""
[7.287s] -- Installing: /home/embedded/ros2_ws/install/ecl_io/lib/libecl_io.so
[7.291s] Invoked command in '/home/embedded/ros2_ws/build/ecl_io' returned '0': AMENT_PREFIX_PATH=/home/embedded/ros2_ws/install/ecl_errors:/home/embedded/ros2_ws/install/ecl_config:${AMENT_PREFIX_PATH} CMAKE_PREFIX_PATH=/home/embedded/ros2_ws/install/ecl_errors:/home/embedded/ros2_ws/install/ecl_config:/opt/ros/jazzy/opt/gz_sim_vendor:/opt/ros/jazzy/opt/gz_sensors_vendor:/opt/ros/jazzy/opt/gz_physics_vendor:/opt/ros/jazzy/opt/sdformat_vendor:/opt/ros/jazzy/opt/gz_gui_vendor:/opt/ros/jazzy/opt/gz_transport_vendor:/opt/ros/jazzy/opt/gz_rendering_vendor:/opt/ros/jazzy/opt/gz_plugin_vendor:/opt/ros/jazzy/opt/gz_fuel_tools_vendor:/opt/ros/jazzy/opt/gz_msgs_vendor:/opt/ros/jazzy/opt/gz_common_vendor:/opt/ros/jazzy/opt/gz_tools_vendor:/opt/ros/jazzy/opt/gz_ogre_next_vendor:/opt/ros/jazzy/opt/gz_dartsim_vendor:/opt/ros/jazzy/opt/gz_math_vendor:/opt/ros/jazzy/opt/gz_utils_vendor:/opt/ros/jazzy/opt/gz_cmake_vendor:/opt/ros/jazzy LD_LIBRARY_PATH=/home/embedded/ros2_ws/install/ecl_errors/lib:${LD_LIBRARY_PATH} PATH=/home/embedded/ros2_ws/install/ecl_config/bin:${PATH} /usr/bin/cmake --install /home/embedded/ros2_ws/build/ecl_io
