-- The C compiler identification is GNU 13.3.0
-- The CXX compiler identification is GNU 13.3.0
-- Detecting C compiler ABI info
-- Detecting C compiler ABI info - done
-- Check for working C compiler: /usr/bin/cc - skipped
-- Detecting C compile features
-- Detecting C compile features - done
-- Detecting CXX compiler ABI info
-- Detecting CXX compiler ABI info - done
-- Check for working CXX compiler: /usr/bin/c++ - skipped
-- Detecting CXX compile features
-- Detecting CXX compile features - done
-- Found ament_cmake_ros: 0.12.0 (/opt/ros/jazzy/share/ament_cmake_ros/cmake)
-- Found Python3: /usr/bin/python3 (found version "3.12.3") found components: Interpreter 
-- Override CMake install command with custom implementation using symlinks instead of copying resources
-- Found ecl_build: 1.0.3 (/opt/ros/jazzy/share/ecl_build/cmake)
[0mCMake Deprecation Warning at /opt/ros/jazzy/share/ecl_build/cmake/cotire.cmake:45 (cmake_minimum_required):
  Compatibility with CMake < 3.5 will be removed from a future version of
  CMake.

  Update the VERSION argument <min> value or use a ...<max> suffix to tell
  CMake that the project does not need compatibility with older versions.
Call Stack (most recent call first):
  /opt/ros/jazzy/share/ecl_build/cmake/ecl_buildConfig.cmake:41 (include)
  CMakeLists.txt:18 (find_package)

[0m
-- Found ecl_command_line: 1.2.1 (/home/embedded/ros2_ws/install/ecl_command_line/share/ecl_command_line/cmake)
-- Found ecl_config: 1.2.0 (/home/embedded/ros2_ws/install/ecl_config/share/ecl_config/cmake)
-- Found ecl_console: 1.2.0 (/home/embedded/ros2_ws/install/ecl_console/share/ecl_console/cmake)
-- Found ecl_converters: 1.2.1 (/home/embedded/ros2_ws/install/ecl_converters/share/ecl_converters/cmake)
-- Found ecl_devices: 1.2.1 (/home/embedded/ros2_ws/install/ecl_devices/share/ecl_devices/cmake)
-- Performing Test CMAKE_HAVE_LIBC_PTHREAD
-- Performing Test CMAKE_HAVE_LIBC_PTHREAD - Success
[33mCMake Warning (dev) at /usr/share/cmake-3.28/Modules/FindPackageHandleStandardArgs.cmake:438 (message):
  The package name passed to `find_package_handle_standard_args` (Threads)
  does not match the name of the calling package (ecl_threads).  This can
  lead to problems in calling code that expects `find_package` result
  variables (e.g., `_FOUND`) to follow a certain pattern.
Call Stack (most recent call first):
-- Found Threads: TRUE  
  /usr/share/cmake-3.28/Modules/FindThreads.cmake:226 (FIND_PACKAGE_HANDLE_STANDARD_ARGS)
  /opt/ros/jazzy/share/ecl_build/cmake/ecl_platform_detection.cmake:225 (include)
  /home/embedded/ros2_ws/install/ecl_threads/share/ecl_threads/cmake/ecl_threads-extras.cmake:4 (ecl_detect_threads)
  /home/embedded/ros2_ws/install/ecl_threads/share/ecl_threads/cmake/ecl_threadsConfig.cmake:41 (include)
  /home/embedded/ros2_ws/install/ecl_devices/share/ecl_devices/cmake/ament_cmake_export_dependencies-extras.cmake:21 (find_package)
  /home/embedded/ros2_ws/install/ecl_devices/share/ecl_devices/cmake/ecl_devicesConfig.cmake:41 (include)
  CMakeLists.txt:23 (find_package)
This warning is for project developers.  Use -Wno-dev to suppress it.
[0m
-- Found ecl_geometry: 1.2.1 (/home/embedded/ros2_ws/install/ecl_geometry/share/ecl_geometry/cmake)
-- Found AMD headers in: /usr/include/suitesparse
-- Found AMD library: /usr/lib/aarch64-linux-gnu/libamd.so
-- Found CAMD headers in: /usr/include/suitesparse
-- Found CAMD library: /usr/lib/aarch64-linux-gnu/libcamd.so
-- Found CCOLAMD headers in: /usr/include/suitesparse
-- Found CCOLAMD library: /usr/lib/aarch64-linux-gnu/libccolamd.so
-- Found CHOLMOD headers in: /usr/include/suitesparse
-- Found CHOLMOD library: /usr/lib/aarch64-linux-gnu/libcholmod.so
-- Found COLAMD headers in: /usr/include/suitesparse
-- Found COLAMD library: /usr/lib/aarch64-linux-gnu/libcolamd.so
-- Found SPQR headers in: /usr/include/suitesparse
-- Found SPQR library: /usr/lib/aarch64-linux-gnu/libspqr.so
-- Found Config headers in: /usr/include/suitesparse
-- Found Config library: /usr/lib/aarch64-linux-gnu/libsuitesparseconfig.so
-- Found Intel Thread Building Blocks (TBB) library (2021.11 / ) include location: . Assuming SuiteSparseQR was compiled with TBB.
-- Looking for shm_open in rt
-- Looking for shm_open in rt - found
-- Adding librt to SuiteSparse_config libraries (required on Linux & Unix [not OSX] if SuiteSparse is compiled with timing).
-- Could NOT find METIS (missing: METIS_INCLUDE_DIR METIS_LIBRARY) 
-- Found ecl_mobile_robot: 1.2.1 (/home/embedded/ros2_ws/install/ecl_mobile_robot/share/ecl_mobile_robot/cmake)
-- Found ecl_sigslots: 1.2.1 (/home/embedded/ros2_ws/install/ecl_sigslots/share/ecl_sigslots/cmake)
-- Configuring done (6.7s)
-- Generating done (0.1s)
-- Build files have been written to: /home/embedded/ros2_ws/build/kobuki_core
[  2%] [32mBuilding CXX object src/driver/CMakeFiles/kobuki_core.dir/battery.cpp.o[0m
[  5%] [32mBuilding CXX object src/driver/CMakeFiles/kobuki_core.dir/diff_drive.cpp.o[0m
[  8%] [32mBuilding CXX object src/driver/CMakeFiles/kobuki_core.dir/dock_drive.cpp.o[0m
[ 11%] [32mBuilding CXX object src/driver/CMakeFiles/kobuki_core.dir/dock_drive_debug.cpp.o[0m
[ 14%] [32mBuilding CXX object src/driver/CMakeFiles/kobuki_core.dir/dock_drive_states.cpp.o[0m
[ 17%] [32mBuilding CXX object src/driver/CMakeFiles/kobuki_core.dir/event_manager.cpp.o[0m
[ 20%] [32mBuilding CXX object src/driver/CMakeFiles/kobuki_core.dir/firmware.cpp.o[0m
[ 23%] [32mBuilding CXX object src/driver/CMakeFiles/kobuki_core.dir/kobuki.cpp.o[0m
[ 26%] [32mBuilding CXX object src/driver/CMakeFiles/kobuki_core.dir/logging.cpp.o[0m
[ 29%] [32mBuilding CXX object src/driver/CMakeFiles/kobuki_core.dir/packet_finder.cpp.o[0m
[ 32%] [32mBuilding CXX object src/driver/CMakeFiles/kobuki_core.dir/__/__/version_info.cpp.o[0m
[ 35%] [32mBuilding CXX object src/driver/CMakeFiles/kobuki_core.dir/core_sensors.cpp.o[0m
[ 38%] [32mBuilding CXX object src/driver/CMakeFiles/kobuki_core.dir/command.cpp.o[0m
[ 41%] [32m[1mLinking CXX shared library libkobuki_core.so[0m
[ 41%] Built target kobuki_core
[ 44%] [32mBuilding CXX object src/demos/CMakeFiles/kobuki_core_demo_buttons.dir/buttons.cpp.o[0m
[ 47%] [32m[1mLinking CXX executable demo_buttons[0m
[ 47%] Built target kobuki_core_demo_buttons
[ 50%] [32mBuilding CXX object src/demos/CMakeFiles/kobuki_core_demo_data_stream.dir/data_stream.cpp.o[0m
[ 52%] [32m[1mLinking CXX executable demo_data_stream[0m
[ 52%] Built target kobuki_core_demo_data_stream
[ 55%] [32mBuilding CXX object src/demos/CMakeFiles/kobuki_core_demo_log_levels.dir/log_levels.cpp.o[0m
[ 58%] [32mBuilding CXX object src/demos/CMakeFiles/kobuki_core_demo_raw_data_stream.dir/raw_data_stream.cpp.o[0m
[ 61%] [32mBuilding CXX object src/demos/CMakeFiles/kobuki_core_demo_custom_logging.dir/custom_logging.cpp.o[0m
[ 64%] [32mBuilding CXX object src/demos/CMakeFiles/kobuki_core_demo_chirp.dir/chirp.cpp.o[0m
[ 67%] [32m[1mLinking CXX executable demo_log_levels[0m
[ 67%] Built target kobuki_core_demo_log_levels
[ 70%] [32mBuilding CXX object src/demos/CMakeFiles/kobuki_core_demo_simple_loop.dir/simple_loop.cpp.o[0m
[ 73%] [32m[1mLinking CXX executable demo_raw_data_stream[0m
[ 73%] Built target kobuki_core_demo_raw_data_stream
[ 76%] [32mBuilding CXX object src/demos/CMakeFiles/kobuki_core_demo_velocity_commands.dir/velocity_commands.cpp.o[0m
[ 79%] [32m[1mLinking CXX executable demo_velocity_commands[0m
[ 79%] Built target kobuki_core_demo_velocity_commands
[ 82%] [32mBuilding CXX object src/tools/CMakeFiles/kobuki_core_tool_version_info.dir/version_info.cpp.o[0m
[ 85%] [32m[1mLinking CXX executable demo_custom_logging[0m
[ 85%] Built target kobuki_core_demo_custom_logging
[ 88%] [32mBuilding CXX object src/tools/CMakeFiles/kobuki_core_tool_simple_keyop.dir/simple_keyop.cpp.o[0m
[ 91%] [32m[1mLinking CXX executable demo_chirp[0m
[ 91%] Built target kobuki_core_demo_chirp
[ 94%] [32m[1mLinking CXX executable demo_simple_loop[0m
[ 94%] Built target kobuki_core_demo_simple_loop
[ 97%] [32m[1mLinking CXX executable kobuki-version-info[0m
[ 97%] Built target kobuki_core_tool_version_info
[100%] [32m[1mLinking CXX executable kobuki-simple-keyop[0m
[100%] Built target kobuki_core_tool_simple_keyop
