[0.023s] Invoking command in '/home/embedded/ros2_ws/build/ecl_mpl': CMAKE_PREFIX_PATH=${CMAKE_PREFIX_PATH}:/opt/ros/jazzy /usr/bin/cmake /home/embedded/ros2_ws/src/ThirdParty/ecl/ecl_core/ecl_mpl -DAMENT_CMAKE_SYMLINK_INSTALL=1 -DCMAKE_INSTALL_PREFIX=/home/embedded/ros2_ws/install/ecl_mpl
[0.193s] -- The C compiler identification is GNU 13.3.0
[0.390s] -- The CXX compiler identification is GNU 13.3.0
[0.421s] -- Detecting C compiler ABI info
[0.692s] -- Detecting C compiler ABI info - done
[0.721s] -- Check for working C compiler: /usr/bin/cc - skipped
[0.721s] -- Detecting C compile features
[0.721s] -- Detecting C compile features - done
[0.740s] -- Detecting CXX compiler ABI info
[0.996s] -- Detecting CXX compiler ABI info - done
[1.020s] -- Check for working CXX compiler: /usr/bin/c++ - skipped
[1.020s] -- Detecting CXX compile features
[1.024s] -- Detecting CXX compile features - done
[1.024s] -- Found ament_cmake_ros: 0.12.0 (/opt/ros/jazzy/share/ament_cmake_ros/cmake)
[1.504s] -- Found Python3: /usr/bin/python3 (found version "3.12.3") found components: Interpreter 
[1.688s] -- Override CMake install command with custom implementation using symlinks instead of copying resources
[1.739s] -- Configuring incomplete, errors occurred!
[1.739s] [31mCMake Error at CMakeLists.txt:17 (find_package):
[1.739s]   By not providing "Findecl_build.cmake" in CMAKE_MODULE_PATH this project
[1.740s]   has asked CMake to find a package configuration file provided by
[1.740s]   "ecl_build", but CMake did not find one.
[1.743s] 
[1.744s]   Could not find a package configuration file provided by "ecl_build" with
[1.744s]   any of the following names:
[1.745s] 
[1.745s]     ecl_buildConfig.cmake
[1.745s]     ecl_build-config.cmake
[1.745s] 
[1.746s]   Add the installation prefix of "ecl_build" to CMAKE_PREFIX_PATH or set
[1.747s]   "ecl_build_DIR" to a directory containing one of the above files.  If
[1.747s]   "ecl_build" provides a separate development package or SDK, be sure it has
[1.747s]   been installed.
[1.747s] 
[1.747s] [0m
[1.754s] Invoked command in '/home/embedded/ros2_ws/build/ecl_mpl' returned '1': CMAKE_PREFIX_PATH=${CMAKE_PREFIX_PATH}:/opt/ros/jazzy /usr/bin/cmake /home/embedded/ros2_ws/src/ThirdParty/ecl/ecl_core/ecl_mpl -DAMENT_CMAKE_SYMLINK_INSTALL=1 -DCMAKE_INSTALL_PREFIX=/home/embedded/ros2_ws/install/ecl_mpl
