[0.034s] Invoking command in '/home/embedded/ros2_ws/build/kobuki_ros_interfaces': CMAKE_PREFIX_PATH=${CMAKE_PREFIX_PATH}:/opt/ros/jazzy /usr/bin/cmake --build /home/embedded/ros2_ws/build/kobuki_ros_interfaces -- -j4 -l4
[0.283s] [  1%] Built target kobuki_ros_interfaces__rosidl_generator_type_description
[0.324s] [  1%] Built target ament_cmake_python_symlink_kobuki_ros_interfaces
[0.394s] [  1%] Built target kobuki_ros_interfaces__cpp
[0.416s] [ 29%] Built target kobuki_ros_interfaces__rosidl_generator_c
[0.532s] [ 38%] Built target kobuki_ros_interfaces__rosidl_typesupport_cpp
[0.550s] [ 48%] Built target kobuki_ros_interfaces__rosidl_typesupport_fastrtps_c
[0.571s] [ 58%] Built target kobuki_ros_interfaces__rosidl_typesupport_fastrtps_cpp
[0.644s] [ 68%] Built target kobuki_ros_interfaces__rosidl_typesupport_introspection_c
[0.657s] [ 78%] Built target kobuki_ros_interfaces__rosidl_typesupport_c
[0.683s] [ 88%] Built target kobuki_ros_interfaces__rosidl_typesupport_introspection_cpp
[0.735s] [ 88%] Built target kobuki_ros_interfaces
[0.790s] [ 88%] Built target kobuki_ros_interfaces__py
[0.896s] [ 97%] Built target kobuki_ros_interfaces__rosidl_generator_py
[1.026s] [ 98%] Built target kobuki_ros_interfaces_s__rosidl_typesupport_fastrtps_c
[1.035s] [ 99%] Built target kobuki_ros_interfaces_s__rosidl_typesupport_introspection_c
[1.045s] [100%] Built target kobuki_ros_interfaces_s__rosidl_typesupport_c
[1.095s] running egg_info
[1.145s] writing kobuki_ros_interfaces.egg-info/PKG-INFO
[1.146s] writing dependency_links to kobuki_ros_interfaces.egg-info/dependency_links.txt
[1.146s] writing top-level names to kobuki_ros_interfaces.egg-info/top_level.txt
[1.236s] reading manifest file 'kobuki_ros_interfaces.egg-info/SOURCES.txt'
[1.237s] writing manifest file 'kobuki_ros_interfaces.egg-info/SOURCES.txt'
[1.353s] [100%] Built target ament_cmake_python_build_kobuki_ros_interfaces_egg
[1.401s] Invoked command in '/home/embedded/ros2_ws/build/kobuki_ros_interfaces' returned '0': CMAKE_PREFIX_PATH=${CMAKE_PREFIX_PATH}:/opt/ros/jazzy /usr/bin/cmake --build /home/embedded/ros2_ws/build/kobuki_ros_interfaces -- -j4 -l4
[1.405s] Invoking command in '/home/embedded/ros2_ws/build/kobuki_ros_interfaces': CMAKE_PREFIX_PATH=${CMAKE_PREFIX_PATH}:/opt/ros/jazzy /usr/bin/cmake --install /home/embedded/ros2_ws/build/kobuki_ros_interfaces
[1.435s] -- Install configuration: ""
[1.439s] -- Execute custom install script
[1.439s] -- Up-to-date symlink: /home/embedded/ros2_ws/install/kobuki_ros_interfaces/share/ament_index/resource_index/rosidl_interfaces/kobuki_ros_interfaces
[1.439s] -- Up-to-date symlink: /home/embedded/ros2_ws/install/kobuki_ros_interfaces/share/kobuki_ros_interfaces/msg/BumperEvent.json
[1.439s] -- Up-to-date symlink: /home/embedded/ros2_ws/install/kobuki_ros_interfaces/share/kobuki_ros_interfaces/msg/CliffEvent.json
[1.439s] -- Up-to-date symlink: /home/embedded/ros2_ws/install/kobuki_ros_interfaces/share/kobuki_ros_interfaces/msg/DigitalOutput.json
[1.440s] -- Up-to-date symlink: /home/embedded/ros2_ws/install/kobuki_ros_interfaces/share/kobuki_ros_interfaces/msg/ExternalPower.json
[1.440s] -- Up-to-date symlink: /home/embedded/ros2_ws/install/kobuki_ros_interfaces/share/kobuki_ros_interfaces/msg/Led.json
[1.443s] -- Up-to-date symlink: /home/embedded/ros2_ws/install/kobuki_ros_interfaces/share/kobuki_ros_interfaces/msg/PowerSystemEvent.json
[1.443s] -- Up-to-date symlink: /home/embedded/ros2_ws/install/kobuki_ros_interfaces/share/kobuki_ros_interfaces/msg/SensorState.json
[1.443s] -- Up-to-date symlink: /home/embedded/ros2_ws/install/kobuki_ros_interfaces/share/kobuki_ros_interfaces/msg/VersionInfo.json
[1.443s] -- Up-to-date symlink: /home/embedded/ros2_ws/install/kobuki_ros_interfaces/share/kobuki_ros_interfaces/msg/ControllerInfo.json
[1.443s] -- Up-to-date symlink: /home/embedded/ros2_ws/install/kobuki_ros_interfaces/share/kobuki_ros_interfaces/msg/ButtonEvent.json
[1.443s] -- Up-to-date symlink: /home/embedded/ros2_ws/install/kobuki_ros_interfaces/share/kobuki_ros_interfaces/msg/DigitalInputEvent.json
[1.443s] -- Up-to-date symlink: /home/embedded/ros2_ws/install/kobuki_ros_interfaces/share/kobuki_ros_interfaces/msg/DockInfraRed.json
[1.444s] -- Up-to-date symlink: /home/embedded/ros2_ws/install/kobuki_ros_interfaces/share/kobuki_ros_interfaces/msg/KeyboardInput.json
[1.444s] -- Up-to-date symlink: /home/embedded/ros2_ws/install/kobuki_ros_interfaces/share/kobuki_ros_interfaces/msg/MotorPower.json
[1.446s] -- Up-to-date symlink: /home/embedded/ros2_ws/install/kobuki_ros_interfaces/share/kobuki_ros_interfaces/msg/RobotStateEvent.json
[1.449s] -- Up-to-date symlink: /home/embedded/ros2_ws/install/kobuki_ros_interfaces/share/kobuki_ros_interfaces/msg/Sound.json
[1.449s] -- Up-to-date symlink: /home/embedded/ros2_ws/install/kobuki_ros_interfaces/share/kobuki_ros_interfaces/msg/ScanAngle.json
[1.449s] -- Up-to-date symlink: /home/embedded/ros2_ws/install/kobuki_ros_interfaces/share/kobuki_ros_interfaces/msg/WheelDropEvent.json
[1.449s] -- Up-to-date symlink: /home/embedded/ros2_ws/install/kobuki_ros_interfaces/share/kobuki_ros_interfaces/action/AutoDocking.json
[1.450s] -- Up-to-date symlink: /home/embedded/ros2_ws/install/kobuki_ros_interfaces/include/kobuki_ros_interfaces/kobuki_ros_interfaces/action/auto_docking.h
[1.451s] -- Up-to-date symlink: /home/embedded/ros2_ws/install/kobuki_ros_interfaces/include/kobuki_ros_interfaces/kobuki_ros_interfaces/action/detail/auto_docking__functions.h
[1.451s] -- Up-to-date symlink: /home/embedded/ros2_ws/install/kobuki_ros_interfaces/include/kobuki_ros_interfaces/kobuki_ros_interfaces/action/detail/auto_docking__struct.h
[1.452s] -- Up-to-date symlink: /home/embedded/ros2_ws/install/kobuki_ros_interfaces/include/kobuki_ros_interfaces/kobuki_ros_interfaces/action/detail/auto_docking__type_support.h
[1.453s] -- Up-to-date symlink: /home/embedded/ros2_ws/install/kobuki_ros_interfaces/include/kobuki_ros_interfaces/kobuki_ros_interfaces/msg/bumper_event.h
[1.453s] -- Up-to-date symlink: /home/embedded/ros2_ws/install/kobuki_ros_interfaces/include/kobuki_ros_interfaces/kobuki_ros_interfaces/msg/button_event.h
[1.456s] -- Up-to-date symlink: /home/embedded/ros2_ws/install/kobuki_ros_interfaces/include/kobuki_ros_interfaces/kobuki_ros_interfaces/msg/cliff_event.h
[1.456s] -- Up-to-date symlink: /home/embedded/ros2_ws/install/kobuki_ros_interfaces/include/kobuki_ros_interfaces/kobuki_ros_interfaces/msg/controller_info.h
[1.456s] -- Up-to-date symlink: /home/embedded/ros2_ws/install/kobuki_ros_interfaces/include/kobuki_ros_interfaces/kobuki_ros_interfaces/msg/detail/bumper_event__functions.h
[1.457s] -- Up-to-date symlink: /home/embedded/ros2_ws/install/kobuki_ros_interfaces/include/kobuki_ros_interfaces/kobuki_ros_interfaces/msg/detail/bumper_event__struct.h
[1.457s] -- Up-to-date symlink: /home/embedded/ros2_ws/install/kobuki_ros_interfaces/include/kobuki_ros_interfaces/kobuki_ros_interfaces/msg/detail/bumper_event__type_support.h
[1.457s] -- Up-to-date symlink: /home/embedded/ros2_ws/install/kobuki_ros_interfaces/include/kobuki_ros_interfaces/kobuki_ros_interfaces/msg/detail/button_event__functions.h
[1.457s] -- Up-to-date symlink: /home/embedded/ros2_ws/install/kobuki_ros_interfaces/include/kobuki_ros_interfaces/kobuki_ros_interfaces/msg/detail/button_event__struct.h
[1.457s] -- Up-to-date symlink: /home/embedded/ros2_ws/install/kobuki_ros_interfaces/include/kobuki_ros_interfaces/kobuki_ros_interfaces/msg/detail/button_event__type_support.h
[1.457s] -- Up-to-date symlink: /home/embedded/ros2_ws/install/kobuki_ros_interfaces/include/kobuki_ros_interfaces/kobuki_ros_interfaces/msg/detail/cliff_event__functions.h
[1.457s] -- Up-to-date symlink: /home/embedded/ros2_ws/install/kobuki_ros_interfaces/include/kobuki_ros_interfaces/kobuki_ros_interfaces/msg/detail/cliff_event__struct.h
[1.457s] -- Up-to-date symlink: /home/embedded/ros2_ws/install/kobuki_ros_interfaces/include/kobuki_ros_interfaces/kobuki_ros_interfaces/msg/detail/cliff_event__type_support.h
[1.457s] -- Up-to-date symlink: /home/embedded/ros2_ws/install/kobuki_ros_interfaces/include/kobuki_ros_interfaces/kobuki_ros_interfaces/msg/detail/controller_info__functions.h
[1.458s] -- Up-to-date symlink: /home/embedded/ros2_ws/install/kobuki_ros_interfaces/include/kobuki_ros_interfaces/kobuki_ros_interfaces/msg/detail/controller_info__struct.h
[1.458s] -- Up-to-date symlink: /home/embedded/ros2_ws/install/kobuki_ros_interfaces/include/kobuki_ros_interfaces/kobuki_ros_interfaces/msg/detail/controller_info__type_support.h
[1.459s] -- Up-to-date symlink: /home/embedded/ros2_ws/install/kobuki_ros_interfaces/include/kobuki_ros_interfaces/kobuki_ros_interfaces/msg/detail/digital_input_event__functions.h
[1.461s] -- Up-to-date symlink: /home/embedded/ros2_ws/install/kobuki_ros_interfaces/include/kobuki_ros_interfaces/kobuki_ros_interfaces/msg/detail/digital_input_event__struct.h
[1.461s] -- Up-to-date symlink: /home/embedded/ros2_ws/install/kobuki_ros_interfaces/include/kobuki_ros_interfaces/kobuki_ros_interfaces/msg/detail/digital_input_event__type_support.h
[1.461s] -- Up-to-date symlink: /home/embedded/ros2_ws/install/kobuki_ros_interfaces/include/kobuki_ros_interfaces/kobuki_ros_interfaces/msg/detail/digital_output__functions.h
[1.461s] -- Up-to-date symlink: /home/embedded/ros2_ws/install/kobuki_ros_interfaces/include/kobuki_ros_interfaces/kobuki_ros_interfaces/msg/detail/digital_output__struct.h
[1.461s] -- Up-to-date symlink: /home/embedded/ros2_ws/install/kobuki_ros_interfaces/include/kobuki_ros_interfaces/kobuki_ros_interfaces/msg/detail/digital_output__type_support.h
[1.461s] -- Up-to-date symlink: /home/embedded/ros2_ws/install/kobuki_ros_interfaces/include/kobuki_ros_interfaces/kobuki_ros_interfaces/msg/detail/dock_infra_red__functions.h
[1.461s] -- Up-to-date symlink: /home/embedded/ros2_ws/install/kobuki_ros_interfaces/include/kobuki_ros_interfaces/kobuki_ros_interfaces/msg/detail/dock_infra_red__struct.h
[1.461s] -- Up-to-date symlink: /home/embedded/ros2_ws/install/kobuki_ros_interfaces/include/kobuki_ros_interfaces/kobuki_ros_interfaces/msg/detail/dock_infra_red__type_support.h
[1.461s] -- Up-to-date symlink: /home/embedded/ros2_ws/install/kobuki_ros_interfaces/include/kobuki_ros_interfaces/kobuki_ros_interfaces/msg/detail/external_power__functions.h
[1.462s] -- Up-to-date symlink: /home/embedded/ros2_ws/install/kobuki_ros_interfaces/include/kobuki_ros_interfaces/kobuki_ros_interfaces/msg/detail/external_power__struct.h
[1.462s] -- Up-to-date symlink: /home/embedded/ros2_ws/install/kobuki_ros_interfaces/include/kobuki_ros_interfaces/kobuki_ros_interfaces/msg/detail/external_power__type_support.h
[1.462s] -- Up-to-date symlink: /home/embedded/ros2_ws/install/kobuki_ros_interfaces/include/kobuki_ros_interfaces/kobuki_ros_interfaces/msg/detail/keyboard_input__functions.h
[1.463s] -- Up-to-date symlink: /home/embedded/ros2_ws/install/kobuki_ros_interfaces/include/kobuki_ros_interfaces/kobuki_ros_interfaces/msg/detail/keyboard_input__struct.h
[1.464s] -- Up-to-date symlink: /home/embedded/ros2_ws/install/kobuki_ros_interfaces/include/kobuki_ros_interfaces/kobuki_ros_interfaces/msg/detail/keyboard_input__type_support.h
[1.464s] -- Up-to-date symlink: /home/embedded/ros2_ws/install/kobuki_ros_interfaces/include/kobuki_ros_interfaces/kobuki_ros_interfaces/msg/detail/led__functions.h
[1.464s] -- Up-to-date symlink: /home/embedded/ros2_ws/install/kobuki_ros_interfaces/include/kobuki_ros_interfaces/kobuki_ros_interfaces/msg/detail/led__struct.h
[1.464s] -- Up-to-date symlink: /home/embedded/ros2_ws/install/kobuki_ros_interfaces/include/kobuki_ros_interfaces/kobuki_ros_interfaces/msg/detail/led__type_support.h
[1.466s] -- Up-to-date symlink: /home/embedded/ros2_ws/install/kobuki_ros_interfaces/include/kobuki_ros_interfaces/kobuki_ros_interfaces/msg/detail/motor_power__functions.h
[1.466s] -- Up-to-date symlink: /home/embedded/ros2_ws/install/kobuki_ros_interfaces/include/kobuki_ros_interfaces/kobuki_ros_interfaces/msg/detail/motor_power__struct.h
[1.466s] -- Up-to-date symlink: /home/embedded/ros2_ws/install/kobuki_ros_interfaces/include/kobuki_ros_interfaces/kobuki_ros_interfaces/msg/detail/motor_power__type_support.h
[1.466s] -- Up-to-date symlink: /home/embedded/ros2_ws/install/kobuki_ros_interfaces/include/kobuki_ros_interfaces/kobuki_ros_interfaces/msg/detail/power_system_event__functions.h
[1.466s] -- Up-to-date symlink: /home/embedded/ros2_ws/install/kobuki_ros_interfaces/include/kobuki_ros_interfaces/kobuki_ros_interfaces/msg/detail/power_system_event__struct.h
[1.470s] -- Up-to-date symlink: /home/embedded/ros2_ws/install/kobuki_ros_interfaces/include/kobuki_ros_interfaces/kobuki_ros_interfaces/msg/detail/power_system_event__type_support.h
[1.470s] -- Up-to-date symlink: /home/embedded/ros2_ws/install/kobuki_ros_interfaces/include/kobuki_ros_interfaces/kobuki_ros_interfaces/msg/detail/robot_state_event__functions.h
[1.470s] -- Up-to-date symlink: /home/embedded/ros2_ws/install/kobuki_ros_interfaces/include/kobuki_ros_interfaces/kobuki_ros_interfaces/msg/detail/robot_state_event__struct.h
[1.470s] -- Up-to-date symlink: /home/embedded/ros2_ws/install/kobuki_ros_interfaces/include/kobuki_ros_interfaces/kobuki_ros_interfaces/msg/detail/robot_state_event__type_support.h
[1.470s] -- Up-to-date symlink: /home/embedded/ros2_ws/install/kobuki_ros_interfaces/include/kobuki_ros_interfaces/kobuki_ros_interfaces/msg/detail/scan_angle__functions.h
[1.471s] -- Up-to-date symlink: /home/embedded/ros2_ws/install/kobuki_ros_interfaces/include/kobuki_ros_interfaces/kobuki_ros_interfaces/msg/detail/scan_angle__struct.h
[1.471s] -- Up-to-date symlink: /home/embedded/ros2_ws/install/kobuki_ros_interfaces/include/kobuki_ros_interfaces/kobuki_ros_interfaces/msg/detail/scan_angle__type_support.h
[1.471s] -- Up-to-date symlink: /home/embedded/ros2_ws/install/kobuki_ros_interfaces/include/kobuki_ros_interfaces/kobuki_ros_interfaces/msg/detail/sensor_state__functions.h
[1.471s] -- Up-to-date symlink: /home/embedded/ros2_ws/install/kobuki_ros_interfaces/include/kobuki_ros_interfaces/kobuki_ros_interfaces/msg/detail/sensor_state__struct.h
[1.471s] -- Up-to-date symlink: /home/embedded/ros2_ws/install/kobuki_ros_interfaces/include/kobuki_ros_interfaces/kobuki_ros_interfaces/msg/detail/sensor_state__type_support.h
[1.471s] -- Up-to-date symlink: /home/embedded/ros2_ws/install/kobuki_ros_interfaces/include/kobuki_ros_interfaces/kobuki_ros_interfaces/msg/detail/sound__functions.h
[1.471s] -- Up-to-date symlink: /home/embedded/ros2_ws/install/kobuki_ros_interfaces/include/kobuki_ros_interfaces/kobuki_ros_interfaces/msg/detail/sound__struct.h
[1.473s] -- Up-to-date symlink: /home/embedded/ros2_ws/install/kobuki_ros_interfaces/include/kobuki_ros_interfaces/kobuki_ros_interfaces/msg/detail/sound__type_support.h
[1.473s] -- Up-to-date symlink: /home/embedded/ros2_ws/install/kobuki_ros_interfaces/include/kobuki_ros_interfaces/kobuki_ros_interfaces/msg/detail/version_info__functions.h
[1.473s] -- Up-to-date symlink: /home/embedded/ros2_ws/install/kobuki_ros_interfaces/include/kobuki_ros_interfaces/kobuki_ros_interfaces/msg/detail/version_info__struct.h
[1.476s] -- Up-to-date symlink: /home/embedded/ros2_ws/install/kobuki_ros_interfaces/include/kobuki_ros_interfaces/kobuki_ros_interfaces/msg/detail/version_info__type_support.h
[1.476s] -- Up-to-date symlink: /home/embedded/ros2_ws/install/kobuki_ros_interfaces/include/kobuki_ros_interfaces/kobuki_ros_interfaces/msg/detail/wheel_drop_event__functions.h
[1.476s] -- Up-to-date symlink: /home/embedded/ros2_ws/install/kobuki_ros_interfaces/include/kobuki_ros_interfaces/kobuki_ros_interfaces/msg/detail/wheel_drop_event__struct.h
[1.476s] -- Up-to-date symlink: /home/embedded/ros2_ws/install/kobuki_ros_interfaces/include/kobuki_ros_interfaces/kobuki_ros_interfaces/msg/detail/wheel_drop_event__type_support.h
[1.477s] -- Up-to-date symlink: /home/embedded/ros2_ws/install/kobuki_ros_interfaces/include/kobuki_ros_interfaces/kobuki_ros_interfaces/msg/digital_input_event.h
[1.477s] -- Up-to-date symlink: /home/embedded/ros2_ws/install/kobuki_ros_interfaces/include/kobuki_ros_interfaces/kobuki_ros_interfaces/msg/digital_output.h
[1.477s] -- Up-to-date symlink: /home/embedded/ros2_ws/install/kobuki_ros_interfaces/include/kobuki_ros_interfaces/kobuki_ros_interfaces/msg/dock_infra_red.h
[1.477s] -- Up-to-date symlink: /home/embedded/ros2_ws/install/kobuki_ros_interfaces/include/kobuki_ros_interfaces/kobuki_ros_interfaces/msg/external_power.h
[1.477s] -- Up-to-date symlink: /home/embedded/ros2_ws/install/kobuki_ros_interfaces/include/kobuki_ros_interfaces/kobuki_ros_interfaces/msg/keyboard_input.h
[1.477s] -- Up-to-date symlink: /home/embedded/ros2_ws/install/kobuki_ros_interfaces/include/kobuki_ros_interfaces/kobuki_ros_interfaces/msg/led.h
[1.477s] -- Up-to-date symlink: /home/embedded/ros2_ws/install/kobuki_ros_interfaces/include/kobuki_ros_interfaces/kobuki_ros_interfaces/msg/motor_power.h
[1.477s] -- Up-to-date symlink: /home/embedded/ros2_ws/install/kobuki_ros_interfaces/include/kobuki_ros_interfaces/kobuki_ros_interfaces/msg/power_system_event.h
[1.481s] -- Up-to-date symlink: /home/embedded/ros2_ws/install/kobuki_ros_interfaces/include/kobuki_ros_interfaces/kobuki_ros_interfaces/msg/robot_state_event.h
[1.481s] -- Up-to-date symlink: /home/embedded/ros2_ws/install/kobuki_ros_interfaces/include/kobuki_ros_interfaces/kobuki_ros_interfaces/msg/rosidl_generator_c__visibility_control.h
[1.481s] -- Up-to-date symlink: /home/embedded/ros2_ws/install/kobuki_ros_interfaces/include/kobuki_ros_interfaces/kobuki_ros_interfaces/msg/scan_angle.h
[1.481s] -- Up-to-date symlink: /home/embedded/ros2_ws/install/kobuki_ros_interfaces/include/kobuki_ros_interfaces/kobuki_ros_interfaces/msg/sensor_state.h
[1.482s] -- Up-to-date symlink: /home/embedded/ros2_ws/install/kobuki_ros_interfaces/include/kobuki_ros_interfaces/kobuki_ros_interfaces/msg/sound.h
[1.482s] -- Up-to-date symlink: /home/embedded/ros2_ws/install/kobuki_ros_interfaces/include/kobuki_ros_interfaces/kobuki_ros_interfaces/msg/version_info.h
[1.482s] -- Up-to-date symlink: /home/embedded/ros2_ws/install/kobuki_ros_interfaces/include/kobuki_ros_interfaces/kobuki_ros_interfaces/msg/wheel_drop_event.h
[1.482s] -- Up-to-date symlink: /home/embedded/ros2_ws/install/kobuki_ros_interfaces/share/kobuki_ros_interfaces/environment/library_path.sh
[1.482s] -- Up-to-date symlink: /home/embedded/ros2_ws/install/kobuki_ros_interfaces/share/kobuki_ros_interfaces/environment/library_path.dsv
[1.483s] -- Up-to-date symlink: /home/embedded/ros2_ws/install/kobuki_ros_interfaces/include/kobuki_ros_interfaces/kobuki_ros_interfaces/action/detail/auto_docking__rosidl_typesupport_fastrtps_c.h
[1.483s] -- Up-to-date symlink: /home/embedded/ros2_ws/install/kobuki_ros_interfaces/include/kobuki_ros_interfaces/kobuki_ros_interfaces/msg/detail/bumper_event__rosidl_typesupport_fastrtps_c.h
[1.484s] -- Up-to-date symlink: /home/embedded/ros2_ws/install/kobuki_ros_interfaces/include/kobuki_ros_interfaces/kobuki_ros_interfaces/msg/detail/button_event__rosidl_typesupport_fastrtps_c.h
[1.485s] -- Up-to-date symlink: /home/embedded/ros2_ws/install/kobuki_ros_interfaces/include/kobuki_ros_interfaces/kobuki_ros_interfaces/msg/detail/cliff_event__rosidl_typesupport_fastrtps_c.h
[1.486s] -- Up-to-date symlink: /home/embedded/ros2_ws/install/kobuki_ros_interfaces/include/kobuki_ros_interfaces/kobuki_ros_interfaces/msg/detail/controller_info__rosidl_typesupport_fastrtps_c.h
[1.486s] -- Up-to-date symlink: /home/embedded/ros2_ws/install/kobuki_ros_interfaces/include/kobuki_ros_interfaces/kobuki_ros_interfaces/msg/detail/digital_input_event__rosidl_typesupport_fastrtps_c.h
[1.486s] -- Up-to-date symlink: /home/embedded/ros2_ws/install/kobuki_ros_interfaces/include/kobuki_ros_interfaces/kobuki_ros_interfaces/msg/detail/digital_output__rosidl_typesupport_fastrtps_c.h
[1.487s] -- Up-to-date symlink: /home/embedded/ros2_ws/install/kobuki_ros_interfaces/include/kobuki_ros_interfaces/kobuki_ros_interfaces/msg/detail/dock_infra_red__rosidl_typesupport_fastrtps_c.h
[1.487s] -- Up-to-date symlink: /home/embedded/ros2_ws/install/kobuki_ros_interfaces/include/kobuki_ros_interfaces/kobuki_ros_interfaces/msg/detail/external_power__rosidl_typesupport_fastrtps_c.h
[1.489s] -- Up-to-date symlink: /home/embedded/ros2_ws/install/kobuki_ros_interfaces/include/kobuki_ros_interfaces/kobuki_ros_interfaces/msg/detail/keyboard_input__rosidl_typesupport_fastrtps_c.h
[1.489s] -- Up-to-date symlink: /home/embedded/ros2_ws/install/kobuki_ros_interfaces/include/kobuki_ros_interfaces/kobuki_ros_interfaces/msg/detail/led__rosidl_typesupport_fastrtps_c.h
[1.489s] -- Up-to-date symlink: /home/embedded/ros2_ws/install/kobuki_ros_interfaces/include/kobuki_ros_interfaces/kobuki_ros_interfaces/msg/detail/motor_power__rosidl_typesupport_fastrtps_c.h
[1.489s] -- Up-to-date symlink: /home/embedded/ros2_ws/install/kobuki_ros_interfaces/include/kobuki_ros_interfaces/kobuki_ros_interfaces/msg/detail/power_system_event__rosidl_typesupport_fastrtps_c.h
[1.489s] -- Up-to-date symlink: /home/embedded/ros2_ws/install/kobuki_ros_interfaces/include/kobuki_ros_interfaces/kobuki_ros_interfaces/msg/detail/robot_state_event__rosidl_typesupport_fastrtps_c.h
[1.489s] -- Up-to-date symlink: /home/embedded/ros2_ws/install/kobuki_ros_interfaces/include/kobuki_ros_interfaces/kobuki_ros_interfaces/msg/detail/scan_angle__rosidl_typesupport_fastrtps_c.h
[1.490s] -- Up-to-date symlink: /home/embedded/ros2_ws/install/kobuki_ros_interfaces/include/kobuki_ros_interfaces/kobuki_ros_interfaces/msg/detail/sensor_state__rosidl_typesupport_fastrtps_c.h
[1.490s] -- Up-to-date symlink: /home/embedded/ros2_ws/install/kobuki_ros_interfaces/include/kobuki_ros_interfaces/kobuki_ros_interfaces/msg/detail/sound__rosidl_typesupport_fastrtps_c.h
[1.490s] -- Up-to-date symlink: /home/embedded/ros2_ws/install/kobuki_ros_interfaces/include/kobuki_ros_interfaces/kobuki_ros_interfaces/msg/detail/version_info__rosidl_typesupport_fastrtps_c.h
[1.492s] -- Up-to-date symlink: /home/embedded/ros2_ws/install/kobuki_ros_interfaces/include/kobuki_ros_interfaces/kobuki_ros_interfaces/msg/detail/wheel_drop_event__rosidl_typesupport_fastrtps_c.h
[1.492s] -- Up-to-date symlink: /home/embedded/ros2_ws/install/kobuki_ros_interfaces/include/kobuki_ros_interfaces/kobuki_ros_interfaces/msg/rosidl_typesupport_fastrtps_c__visibility_control.h
[1.495s] -- Up-to-date symlink: /home/embedded/ros2_ws/install/kobuki_ros_interfaces/include/kobuki_ros_interfaces/kobuki_ros_interfaces/action/auto_docking.hpp
[1.495s] -- Up-to-date symlink: /home/embedded/ros2_ws/install/kobuki_ros_interfaces/include/kobuki_ros_interfaces/kobuki_ros_interfaces/action/detail/auto_docking__builder.hpp
[1.496s] -- Up-to-date symlink: /home/embedded/ros2_ws/install/kobuki_ros_interfaces/include/kobuki_ros_interfaces/kobuki_ros_interfaces/action/detail/auto_docking__struct.hpp
[1.496s] -- Up-to-date symlink: /home/embedded/ros2_ws/install/kobuki_ros_interfaces/include/kobuki_ros_interfaces/kobuki_ros_interfaces/action/detail/auto_docking__traits.hpp
[1.496s] -- Up-to-date symlink: /home/embedded/ros2_ws/install/kobuki_ros_interfaces/include/kobuki_ros_interfaces/kobuki_ros_interfaces/action/detail/auto_docking__type_support.hpp
[1.496s] -- Up-to-date symlink: /home/embedded/ros2_ws/install/kobuki_ros_interfaces/include/kobuki_ros_interfaces/kobuki_ros_interfaces/msg/bumper_event.hpp
[1.497s] -- Up-to-date symlink: /home/embedded/ros2_ws/install/kobuki_ros_interfaces/include/kobuki_ros_interfaces/kobuki_ros_interfaces/msg/button_event.hpp
[1.498s] -- Up-to-date symlink: /home/embedded/ros2_ws/install/kobuki_ros_interfaces/include/kobuki_ros_interfaces/kobuki_ros_interfaces/msg/cliff_event.hpp
[1.498s] -- Up-to-date symlink: /home/embedded/ros2_ws/install/kobuki_ros_interfaces/include/kobuki_ros_interfaces/kobuki_ros_interfaces/msg/controller_info.hpp
[1.498s] -- Up-to-date symlink: /home/embedded/ros2_ws/install/kobuki_ros_interfaces/include/kobuki_ros_interfaces/kobuki_ros_interfaces/msg/detail/bumper_event__builder.hpp
[1.498s] -- Up-to-date symlink: /home/embedded/ros2_ws/install/kobuki_ros_interfaces/include/kobuki_ros_interfaces/kobuki_ros_interfaces/msg/detail/bumper_event__struct.hpp
[1.498s] -- Up-to-date symlink: /home/embedded/ros2_ws/install/kobuki_ros_interfaces/include/kobuki_ros_interfaces/kobuki_ros_interfaces/msg/detail/bumper_event__traits.hpp
[1.500s] -- Up-to-date symlink: /home/embedded/ros2_ws/install/kobuki_ros_interfaces/include/kobuki_ros_interfaces/kobuki_ros_interfaces/msg/detail/bumper_event__type_support.hpp
[1.500s] -- Up-to-date symlink: /home/embedded/ros2_ws/install/kobuki_ros_interfaces/include/kobuki_ros_interfaces/kobuki_ros_interfaces/msg/detail/button_event__builder.hpp
[1.500s] -- Up-to-date symlink: /home/embedded/ros2_ws/install/kobuki_ros_interfaces/include/kobuki_ros_interfaces/kobuki_ros_interfaces/msg/detail/button_event__struct.hpp
[1.500s] -- Up-to-date symlink: /home/embedded/ros2_ws/install/kobuki_ros_interfaces/include/kobuki_ros_interfaces/kobuki_ros_interfaces/msg/detail/button_event__traits.hpp
[1.500s] -- Up-to-date symlink: /home/embedded/ros2_ws/install/kobuki_ros_interfaces/include/kobuki_ros_interfaces/kobuki_ros_interfaces/msg/detail/button_event__type_support.hpp
[1.502s] -- Up-to-date symlink: /home/embedded/ros2_ws/install/kobuki_ros_interfaces/include/kobuki_ros_interfaces/kobuki_ros_interfaces/msg/detail/cliff_event__builder.hpp
[1.502s] -- Up-to-date symlink: /home/embedded/ros2_ws/install/kobuki_ros_interfaces/include/kobuki_ros_interfaces/kobuki_ros_interfaces/msg/detail/cliff_event__struct.hpp
[1.503s] -- Up-to-date symlink: /home/embedded/ros2_ws/install/kobuki_ros_interfaces/include/kobuki_ros_interfaces/kobuki_ros_interfaces/msg/detail/cliff_event__traits.hpp
[1.503s] -- Up-to-date symlink: /home/embedded/ros2_ws/install/kobuki_ros_interfaces/include/kobuki_ros_interfaces/kobuki_ros_interfaces/msg/detail/cliff_event__type_support.hpp
[1.503s] -- Up-to-date symlink: /home/embedded/ros2_ws/install/kobuki_ros_interfaces/include/kobuki_ros_interfaces/kobuki_ros_interfaces/msg/detail/controller_info__builder.hpp
[1.503s] -- Up-to-date symlink: /home/embedded/ros2_ws/install/kobuki_ros_interfaces/include/kobuki_ros_interfaces/kobuki_ros_interfaces/msg/detail/controller_info__struct.hpp
[1.506s] -- Up-to-date symlink: /home/embedded/ros2_ws/install/kobuki_ros_interfaces/include/kobuki_ros_interfaces/kobuki_ros_interfaces/msg/detail/controller_info__traits.hpp
[1.506s] -- Up-to-date symlink: /home/embedded/ros2_ws/install/kobuki_ros_interfaces/include/kobuki_ros_interfaces/kobuki_ros_interfaces/msg/detail/controller_info__type_support.hpp
[1.507s] -- Up-to-date symlink: /home/embedded/ros2_ws/install/kobuki_ros_interfaces/include/kobuki_ros_interfaces/kobuki_ros_interfaces/msg/detail/digital_input_event__builder.hpp
[1.508s] -- Up-to-date symlink: /home/embedded/ros2_ws/install/kobuki_ros_interfaces/include/kobuki_ros_interfaces/kobuki_ros_interfaces/msg/detail/digital_input_event__struct.hpp
[1.508s] -- Up-to-date symlink: /home/embedded/ros2_ws/install/kobuki_ros_interfaces/include/kobuki_ros_interfaces/kobuki_ros_interfaces/msg/detail/digital_input_event__traits.hpp
[1.509s] -- Up-to-date symlink: /home/embedded/ros2_ws/install/kobuki_ros_interfaces/include/kobuki_ros_interfaces/kobuki_ros_interfaces/msg/detail/digital_input_event__type_support.hpp
[1.509s] -- Up-to-date symlink: /home/embedded/ros2_ws/install/kobuki_ros_interfaces/include/kobuki_ros_interfaces/kobuki_ros_interfaces/msg/detail/digital_output__builder.hpp
[1.511s] -- Up-to-date symlink: /home/embedded/ros2_ws/install/kobuki_ros_interfaces/include/kobuki_ros_interfaces/kobuki_ros_interfaces/msg/detail/digital_output__struct.hpp
[1.511s] -- Up-to-date symlink: /home/embedded/ros2_ws/install/kobuki_ros_interfaces/include/kobuki_ros_interfaces/kobuki_ros_interfaces/msg/detail/digital_output__traits.hpp
[1.512s] -- Up-to-date symlink: /home/embedded/ros2_ws/install/kobuki_ros_interfaces/include/kobuki_ros_interfaces/kobuki_ros_interfaces/msg/detail/digital_output__type_support.hpp
[1.512s] -- Up-to-date symlink: /home/embedded/ros2_ws/install/kobuki_ros_interfaces/include/kobuki_ros_interfaces/kobuki_ros_interfaces/msg/detail/dock_infra_red__builder.hpp
[1.513s] -- Up-to-date symlink: /home/embedded/ros2_ws/install/kobuki_ros_interfaces/include/kobuki_ros_interfaces/kobuki_ros_interfaces/msg/detail/dock_infra_red__struct.hpp
[1.517s] -- Up-to-date symlink: /home/embedded/ros2_ws/install/kobuki_ros_interfaces/include/kobuki_ros_interfaces/kobuki_ros_interfaces/msg/detail/dock_infra_red__traits.hpp
[1.517s] -- Up-to-date symlink: /home/embedded/ros2_ws/install/kobuki_ros_interfaces/include/kobuki_ros_interfaces/kobuki_ros_interfaces/msg/detail/dock_infra_red__type_support.hpp
[1.517s] -- Up-to-date symlink: /home/embedded/ros2_ws/install/kobuki_ros_interfaces/include/kobuki_ros_interfaces/kobuki_ros_interfaces/msg/detail/external_power__builder.hpp
[1.517s] -- Up-to-date symlink: /home/embedded/ros2_ws/install/kobuki_ros_interfaces/include/kobuki_ros_interfaces/kobuki_ros_interfaces/msg/detail/external_power__struct.hpp
[1.517s] -- Up-to-date symlink: /home/embedded/ros2_ws/install/kobuki_ros_interfaces/include/kobuki_ros_interfaces/kobuki_ros_interfaces/msg/detail/external_power__traits.hpp
[1.518s] -- Up-to-date symlink: /home/embedded/ros2_ws/install/kobuki_ros_interfaces/include/kobuki_ros_interfaces/kobuki_ros_interfaces/msg/detail/external_power__type_support.hpp
[1.518s] -- Up-to-date symlink: /home/embedded/ros2_ws/install/kobuki_ros_interfaces/include/kobuki_ros_interfaces/kobuki_ros_interfaces/msg/detail/keyboard_input__builder.hpp
[1.518s] -- Up-to-date symlink: /home/embedded/ros2_ws/install/kobuki_ros_interfaces/include/kobuki_ros_interfaces/kobuki_ros_interfaces/msg/detail/keyboard_input__struct.hpp
[1.518s] -- Up-to-date symlink: /home/embedded/ros2_ws/install/kobuki_ros_interfaces/include/kobuki_ros_interfaces/kobuki_ros_interfaces/msg/detail/keyboard_input__traits.hpp
[1.518s] -- Up-to-date symlink: /home/embedded/ros2_ws/install/kobuki_ros_interfaces/include/kobuki_ros_interfaces/kobuki_ros_interfaces/msg/detail/keyboard_input__type_support.hpp
[1.518s] -- Up-to-date symlink: /home/embedded/ros2_ws/install/kobuki_ros_interfaces/include/kobuki_ros_interfaces/kobuki_ros_interfaces/msg/detail/led__builder.hpp
[1.518s] -- Up-to-date symlink: /home/embedded/ros2_ws/install/kobuki_ros_interfaces/include/kobuki_ros_interfaces/kobuki_ros_interfaces/msg/detail/led__struct.hpp
[1.519s] -- Up-to-date symlink: /home/embedded/ros2_ws/install/kobuki_ros_interfaces/include/kobuki_ros_interfaces/kobuki_ros_interfaces/msg/detail/led__traits.hpp
[1.519s] -- Up-to-date symlink: /home/embedded/ros2_ws/install/kobuki_ros_interfaces/include/kobuki_ros_interfaces/kobuki_ros_interfaces/msg/detail/led__type_support.hpp
[1.519s] -- Up-to-date symlink: /home/embedded/ros2_ws/install/kobuki_ros_interfaces/include/kobuki_ros_interfaces/kobuki_ros_interfaces/msg/detail/motor_power__builder.hpp
[1.520s] -- Up-to-date symlink: /home/embedded/ros2_ws/install/kobuki_ros_interfaces/include/kobuki_ros_interfaces/kobuki_ros_interfaces/msg/detail/motor_power__struct.hpp
[1.522s] -- Up-to-date symlink: /home/embedded/ros2_ws/install/kobuki_ros_interfaces/include/kobuki_ros_interfaces/kobuki_ros_interfaces/msg/detail/motor_power__traits.hpp
[1.523s] -- Up-to-date symlink: /home/embedded/ros2_ws/install/kobuki_ros_interfaces/include/kobuki_ros_interfaces/kobuki_ros_interfaces/msg/detail/motor_power__type_support.hpp
[1.523s] -- Up-to-date symlink: /home/embedded/ros2_ws/install/kobuki_ros_interfaces/include/kobuki_ros_interfaces/kobuki_ros_interfaces/msg/detail/power_system_event__builder.hpp
[1.524s] -- Up-to-date symlink: /home/embedded/ros2_ws/install/kobuki_ros_interfaces/include/kobuki_ros_interfaces/kobuki_ros_interfaces/msg/detail/power_system_event__struct.hpp
[1.525s] -- Up-to-date symlink: /home/embedded/ros2_ws/install/kobuki_ros_interfaces/include/kobuki_ros_interfaces/kobuki_ros_interfaces/msg/detail/power_system_event__traits.hpp
[1.525s] -- Up-to-date symlink: /home/embedded/ros2_ws/install/kobuki_ros_interfaces/include/kobuki_ros_interfaces/kobuki_ros_interfaces/msg/detail/power_system_event__type_support.hpp
[1.527s] -- Up-to-date symlink: /home/embedded/ros2_ws/install/kobuki_ros_interfaces/include/kobuki_ros_interfaces/kobuki_ros_interfaces/msg/detail/robot_state_event__builder.hpp
[1.530s] -- Up-to-date symlink: /home/embedded/ros2_ws/install/kobuki_ros_interfaces/include/kobuki_ros_interfaces/kobuki_ros_interfaces/msg/detail/robot_state_event__struct.hpp
[1.530s] -- Up-to-date symlink: /home/embedded/ros2_ws/install/kobuki_ros_interfaces/include/kobuki_ros_interfaces/kobuki_ros_interfaces/msg/detail/robot_state_event__traits.hpp
[1.530s] -- Up-to-date symlink: /home/embedded/ros2_ws/install/kobuki_ros_interfaces/include/kobuki_ros_interfaces/kobuki_ros_interfaces/msg/detail/robot_state_event__type_support.hpp
[1.530s] -- Up-to-date symlink: /home/embedded/ros2_ws/install/kobuki_ros_interfaces/include/kobuki_ros_interfaces/kobuki_ros_interfaces/msg/detail/scan_angle__builder.hpp
[1.531s] -- Up-to-date symlink: /home/embedded/ros2_ws/install/kobuki_ros_interfaces/include/kobuki_ros_interfaces/kobuki_ros_interfaces/msg/detail/scan_angle__struct.hpp
[1.533s] -- Up-to-date symlink: /home/embedded/ros2_ws/install/kobuki_ros_interfaces/include/kobuki_ros_interfaces/kobuki_ros_interfaces/msg/detail/scan_angle__traits.hpp
[1.534s] -- Up-to-date symlink: /home/embedded/ros2_ws/install/kobuki_ros_interfaces/include/kobuki_ros_interfaces/kobuki_ros_interfaces/msg/detail/scan_angle__type_support.hpp
[1.534s] -- Up-to-date symlink: /home/embedded/ros2_ws/install/kobuki_ros_interfaces/include/kobuki_ros_interfaces/kobuki_ros_interfaces/msg/detail/sensor_state__builder.hpp
[1.534s] -- Up-to-date symlink: /home/embedded/ros2_ws/install/kobuki_ros_interfaces/include/kobuki_ros_interfaces/kobuki_ros_interfaces/msg/detail/sensor_state__struct.hpp
[1.534s] -- Up-to-date symlink: /home/embedded/ros2_ws/install/kobuki_ros_interfaces/include/kobuki_ros_interfaces/kobuki_ros_interfaces/msg/detail/sensor_state__traits.hpp
[1.534s] -- Up-to-date symlink: /home/embedded/ros2_ws/install/kobuki_ros_interfaces/include/kobuki_ros_interfaces/kobuki_ros_interfaces/msg/detail/sensor_state__type_support.hpp
[1.534s] -- Up-to-date symlink: /home/embedded/ros2_ws/install/kobuki_ros_interfaces/include/kobuki_ros_interfaces/kobuki_ros_interfaces/msg/detail/sound__builder.hpp
[1.534s] -- Up-to-date symlink: /home/embedded/ros2_ws/install/kobuki_ros_interfaces/include/kobuki_ros_interfaces/kobuki_ros_interfaces/msg/detail/sound__struct.hpp
[1.535s] -- Up-to-date symlink: /home/embedded/ros2_ws/install/kobuki_ros_interfaces/include/kobuki_ros_interfaces/kobuki_ros_interfaces/msg/detail/sound__traits.hpp
[1.535s] -- Up-to-date symlink: /home/embedded/ros2_ws/install/kobuki_ros_interfaces/include/kobuki_ros_interfaces/kobuki_ros_interfaces/msg/detail/sound__type_support.hpp
[1.535s] -- Up-to-date symlink: /home/embedded/ros2_ws/install/kobuki_ros_interfaces/include/kobuki_ros_interfaces/kobuki_ros_interfaces/msg/detail/version_info__builder.hpp
[1.535s] -- Up-to-date symlink: /home/embedded/ros2_ws/install/kobuki_ros_interfaces/include/kobuki_ros_interfaces/kobuki_ros_interfaces/msg/detail/version_info__struct.hpp
[1.535s] -- Up-to-date symlink: /home/embedded/ros2_ws/install/kobuki_ros_interfaces/include/kobuki_ros_interfaces/kobuki_ros_interfaces/msg/detail/version_info__traits.hpp
[1.535s] -- Up-to-date symlink: /home/embedded/ros2_ws/install/kobuki_ros_interfaces/include/kobuki_ros_interfaces/kobuki_ros_interfaces/msg/detail/version_info__type_support.hpp
[1.535s] -- Up-to-date symlink: /home/embedded/ros2_ws/install/kobuki_ros_interfaces/include/kobuki_ros_interfaces/kobuki_ros_interfaces/msg/detail/wheel_drop_event__builder.hpp
[1.535s] -- Up-to-date symlink: /home/embedded/ros2_ws/install/kobuki_ros_interfaces/include/kobuki_ros_interfaces/kobuki_ros_interfaces/msg/detail/wheel_drop_event__struct.hpp
[1.535s] -- Up-to-date symlink: /home/embedded/ros2_ws/install/kobuki_ros_interfaces/include/kobuki_ros_interfaces/kobuki_ros_interfaces/msg/detail/wheel_drop_event__traits.hpp
[1.535s] -- Up-to-date symlink: /home/embedded/ros2_ws/install/kobuki_ros_interfaces/include/kobuki_ros_interfaces/kobuki_ros_interfaces/msg/detail/wheel_drop_event__type_support.hpp
[1.538s] -- Up-to-date symlink: /home/embedded/ros2_ws/install/kobuki_ros_interfaces/include/kobuki_ros_interfaces/kobuki_ros_interfaces/msg/digital_input_event.hpp
[1.538s] -- Up-to-date symlink: /home/embedded/ros2_ws/install/kobuki_ros_interfaces/include/kobuki_ros_interfaces/kobuki_ros_interfaces/msg/digital_output.hpp
[1.539s] -- Up-to-date symlink: /home/embedded/ros2_ws/install/kobuki_ros_interfaces/include/kobuki_ros_interfaces/kobuki_ros_interfaces/msg/dock_infra_red.hpp
[1.539s] -- Up-to-date symlink: /home/embedded/ros2_ws/install/kobuki_ros_interfaces/include/kobuki_ros_interfaces/kobuki_ros_interfaces/msg/external_power.hpp
[1.539s] -- Up-to-date symlink: /home/embedded/ros2_ws/install/kobuki_ros_interfaces/include/kobuki_ros_interfaces/kobuki_ros_interfaces/msg/keyboard_input.hpp
[1.539s] -- Up-to-date symlink: /home/embedded/ros2_ws/install/kobuki_ros_interfaces/include/kobuki_ros_interfaces/kobuki_ros_interfaces/msg/led.hpp
[1.539s] -- Up-to-date symlink: /home/embedded/ros2_ws/install/kobuki_ros_interfaces/include/kobuki_ros_interfaces/kobuki_ros_interfaces/msg/motor_power.hpp
[1.539s] -- Up-to-date symlink: /home/embedded/ros2_ws/install/kobuki_ros_interfaces/include/kobuki_ros_interfaces/kobuki_ros_interfaces/msg/power_system_event.hpp
[1.539s] -- Up-to-date symlink: /home/embedded/ros2_ws/install/kobuki_ros_interfaces/include/kobuki_ros_interfaces/kobuki_ros_interfaces/msg/robot_state_event.hpp
[1.539s] -- Up-to-date symlink: /home/embedded/ros2_ws/install/kobuki_ros_interfaces/include/kobuki_ros_interfaces/kobuki_ros_interfaces/msg/rosidl_generator_cpp__visibility_control.hpp
[1.539s] -- Up-to-date symlink: /home/embedded/ros2_ws/install/kobuki_ros_interfaces/include/kobuki_ros_interfaces/kobuki_ros_interfaces/msg/scan_angle.hpp
[1.540s] -- Up-to-date symlink: /home/embedded/ros2_ws/install/kobuki_ros_interfaces/include/kobuki_ros_interfaces/kobuki_ros_interfaces/msg/sensor_state.hpp
[1.540s] -- Up-to-date symlink: /home/embedded/ros2_ws/install/kobuki_ros_interfaces/include/kobuki_ros_interfaces/kobuki_ros_interfaces/msg/sound.hpp
[1.540s] -- Up-to-date symlink: /home/embedded/ros2_ws/install/kobuki_ros_interfaces/include/kobuki_ros_interfaces/kobuki_ros_interfaces/msg/version_info.hpp
[1.540s] -- Up-to-date symlink: /home/embedded/ros2_ws/install/kobuki_ros_interfaces/include/kobuki_ros_interfaces/kobuki_ros_interfaces/msg/wheel_drop_event.hpp
[1.546s] -- Up-to-date symlink: /home/embedded/ros2_ws/install/kobuki_ros_interfaces/include/kobuki_ros_interfaces/kobuki_ros_interfaces/action/detail/auto_docking__rosidl_typesupport_fastrtps_cpp.hpp
[1.546s] -- Up-to-date symlink: /home/embedded/ros2_ws/install/kobuki_ros_interfaces/include/kobuki_ros_interfaces/kobuki_ros_interfaces/msg/detail/bumper_event__rosidl_typesupport_fastrtps_cpp.hpp
[1.547s] -- Up-to-date symlink: /home/embedded/ros2_ws/install/kobuki_ros_interfaces/include/kobuki_ros_interfaces/kobuki_ros_interfaces/msg/detail/button_event__rosidl_typesupport_fastrtps_cpp.hpp
[1.547s] -- Up-to-date symlink: /home/embedded/ros2_ws/install/kobuki_ros_interfaces/include/kobuki_ros_interfaces/kobuki_ros_interfaces/msg/detail/cliff_event__rosidl_typesupport_fastrtps_cpp.hpp
[1.547s] -- Up-to-date symlink: /home/embedded/ros2_ws/install/kobuki_ros_interfaces/include/kobuki_ros_interfaces/kobuki_ros_interfaces/msg/detail/controller_info__rosidl_typesupport_fastrtps_cpp.hpp
[1.547s] -- Up-to-date symlink: /home/embedded/ros2_ws/install/kobuki_ros_interfaces/include/kobuki_ros_interfaces/kobuki_ros_interfaces/msg/detail/digital_input_event__rosidl_typesupport_fastrtps_cpp.hpp
[1.547s] -- Up-to-date symlink: /home/embedded/ros2_ws/install/kobuki_ros_interfaces/include/kobuki_ros_interfaces/kobuki_ros_interfaces/msg/detail/digital_output__rosidl_typesupport_fastrtps_cpp.hpp
[1.547s] -- Up-to-date symlink: /home/embedded/ros2_ws/install/kobuki_ros_interfaces/include/kobuki_ros_interfaces/kobuki_ros_interfaces/msg/detail/dock_infra_red__rosidl_typesupport_fastrtps_cpp.hpp
[1.547s] -- Up-to-date symlink: /home/embedded/ros2_ws/install/kobuki_ros_interfaces/include/kobuki_ros_interfaces/kobuki_ros_interfaces/msg/detail/external_power__rosidl_typesupport_fastrtps_cpp.hpp
[1.548s] -- Up-to-date symlink: /home/embedded/ros2_ws/install/kobuki_ros_interfaces/include/kobuki_ros_interfaces/kobuki_ros_interfaces/msg/detail/keyboard_input__rosidl_typesupport_fastrtps_cpp.hpp
[1.551s] -- Up-to-date symlink: /home/embedded/ros2_ws/install/kobuki_ros_interfaces/include/kobuki_ros_interfaces/kobuki_ros_interfaces/msg/detail/led__rosidl_typesupport_fastrtps_cpp.hpp
[1.552s] -- Up-to-date symlink: /home/embedded/ros2_ws/install/kobuki_ros_interfaces/include/kobuki_ros_interfaces/kobuki_ros_interfaces/msg/detail/motor_power__rosidl_typesupport_fastrtps_cpp.hpp
[1.553s] -- Up-to-date symlink: /home/embedded/ros2_ws/install/kobuki_ros_interfaces/include/kobuki_ros_interfaces/kobuki_ros_interfaces/msg/detail/power_system_event__rosidl_typesupport_fastrtps_cpp.hpp
[1.556s] -- Up-to-date symlink: /home/embedded/ros2_ws/install/kobuki_ros_interfaces/include/kobuki_ros_interfaces/kobuki_ros_interfaces/msg/detail/robot_state_event__rosidl_typesupport_fastrtps_cpp.hpp
[1.557s] -- Up-to-date symlink: /home/embedded/ros2_ws/install/kobuki_ros_interfaces/include/kobuki_ros_interfaces/kobuki_ros_interfaces/msg/detail/scan_angle__rosidl_typesupport_fastrtps_cpp.hpp
[1.557s] -- Up-to-date symlink: /home/embedded/ros2_ws/install/kobuki_ros_interfaces/include/kobuki_ros_interfaces/kobuki_ros_interfaces/msg/detail/sensor_state__rosidl_typesupport_fastrtps_cpp.hpp
[1.560s] -- Up-to-date symlink: /home/embedded/ros2_ws/install/kobuki_ros_interfaces/include/kobuki_ros_interfaces/kobuki_ros_interfaces/msg/detail/sound__rosidl_typesupport_fastrtps_cpp.hpp
[1.561s] -- Up-to-date symlink: /home/embedded/ros2_ws/install/kobuki_ros_interfaces/include/kobuki_ros_interfaces/kobuki_ros_interfaces/msg/detail/version_info__rosidl_typesupport_fastrtps_cpp.hpp
[1.561s] -- Up-to-date symlink: /home/embedded/ros2_ws/install/kobuki_ros_interfaces/include/kobuki_ros_interfaces/kobuki_ros_interfaces/msg/detail/wheel_drop_event__rosidl_typesupport_fastrtps_cpp.hpp
[1.561s] -- Up-to-date symlink: /home/embedded/ros2_ws/install/kobuki_ros_interfaces/include/kobuki_ros_interfaces/kobuki_ros_interfaces/msg/rosidl_typesupport_fastrtps_cpp__visibility_control.h
[1.561s] -- Up-to-date symlink: /home/embedded/ros2_ws/install/kobuki_ros_interfaces/include/kobuki_ros_interfaces/kobuki_ros_interfaces/action/detail/auto_docking__rosidl_typesupport_introspection_c.h
[1.561s] -- Up-to-date symlink: /home/embedded/ros2_ws/install/kobuki_ros_interfaces/include/kobuki_ros_interfaces/kobuki_ros_interfaces/msg/detail/bumper_event__rosidl_typesupport_introspection_c.h
[1.561s] -- Up-to-date symlink: /home/embedded/ros2_ws/install/kobuki_ros_interfaces/include/kobuki_ros_interfaces/kobuki_ros_interfaces/msg/detail/button_event__rosidl_typesupport_introspection_c.h
[1.561s] -- Up-to-date symlink: /home/embedded/ros2_ws/install/kobuki_ros_interfaces/include/kobuki_ros_interfaces/kobuki_ros_interfaces/msg/detail/cliff_event__rosidl_typesupport_introspection_c.h
[1.561s] -- Up-to-date symlink: /home/embedded/ros2_ws/install/kobuki_ros_interfaces/include/kobuki_ros_interfaces/kobuki_ros_interfaces/msg/detail/controller_info__rosidl_typesupport_introspection_c.h
[1.562s] -- Up-to-date symlink: /home/embedded/ros2_ws/install/kobuki_ros_interfaces/include/kobuki_ros_interfaces/kobuki_ros_interfaces/msg/detail/digital_input_event__rosidl_typesupport_introspection_c.h
[1.562s] -- Up-to-date symlink: /home/embedded/ros2_ws/install/kobuki_ros_interfaces/include/kobuki_ros_interfaces/kobuki_ros_interfaces/msg/detail/digital_output__rosidl_typesupport_introspection_c.h
[1.562s] -- Up-to-date symlink: /home/embedded/ros2_ws/install/kobuki_ros_interfaces/include/kobuki_ros_interfaces/kobuki_ros_interfaces/msg/detail/dock_infra_red__rosidl_typesupport_introspection_c.h
[1.562s] -- Up-to-date symlink: /home/embedded/ros2_ws/install/kobuki_ros_interfaces/include/kobuki_ros_interfaces/kobuki_ros_interfaces/msg/detail/external_power__rosidl_typesupport_introspection_c.h
[1.562s] -- Up-to-date symlink: /home/embedded/ros2_ws/install/kobuki_ros_interfaces/include/kobuki_ros_interfaces/kobuki_ros_interfaces/msg/detail/keyboard_input__rosidl_typesupport_introspection_c.h
[1.562s] -- Up-to-date symlink: /home/embedded/ros2_ws/install/kobuki_ros_interfaces/include/kobuki_ros_interfaces/kobuki_ros_interfaces/msg/detail/led__rosidl_typesupport_introspection_c.h
[1.563s] -- Up-to-date symlink: /home/embedded/ros2_ws/install/kobuki_ros_interfaces/include/kobuki_ros_interfaces/kobuki_ros_interfaces/msg/detail/motor_power__rosidl_typesupport_introspection_c.h
[1.563s] -- Up-to-date symlink: /home/embedded/ros2_ws/install/kobuki_ros_interfaces/include/kobuki_ros_interfaces/kobuki_ros_interfaces/msg/detail/power_system_event__rosidl_typesupport_introspection_c.h
[1.563s] -- Up-to-date symlink: /home/embedded/ros2_ws/install/kobuki_ros_interfaces/include/kobuki_ros_interfaces/kobuki_ros_interfaces/msg/detail/robot_state_event__rosidl_typesupport_introspection_c.h
[1.563s] -- Up-to-date symlink: /home/embedded/ros2_ws/install/kobuki_ros_interfaces/include/kobuki_ros_interfaces/kobuki_ros_interfaces/msg/detail/scan_angle__rosidl_typesupport_introspection_c.h
[1.563s] -- Up-to-date symlink: /home/embedded/ros2_ws/install/kobuki_ros_interfaces/include/kobuki_ros_interfaces/kobuki_ros_interfaces/msg/detail/sensor_state__rosidl_typesupport_introspection_c.h
[1.563s] -- Up-to-date symlink: /home/embedded/ros2_ws/install/kobuki_ros_interfaces/include/kobuki_ros_interfaces/kobuki_ros_interfaces/msg/detail/sound__rosidl_typesupport_introspection_c.h
[1.563s] -- Up-to-date symlink: /home/embedded/ros2_ws/install/kobuki_ros_interfaces/include/kobuki_ros_interfaces/kobuki_ros_interfaces/msg/detail/version_info__rosidl_typesupport_introspection_c.h
[1.564s] -- Up-to-date symlink: /home/embedded/ros2_ws/install/kobuki_ros_interfaces/include/kobuki_ros_interfaces/kobuki_ros_interfaces/msg/detail/wheel_drop_event__rosidl_typesupport_introspection_c.h
[1.564s] -- Up-to-date symlink: /home/embedded/ros2_ws/install/kobuki_ros_interfaces/include/kobuki_ros_interfaces/kobuki_ros_interfaces/msg/rosidl_typesupport_introspection_c__visibility_control.h
[1.564s] -- Up-to-date symlink: /home/embedded/ros2_ws/install/kobuki_ros_interfaces/include/kobuki_ros_interfaces/kobuki_ros_interfaces/action/detail/auto_docking__rosidl_typesupport_introspection_cpp.hpp
[1.564s] -- Up-to-date symlink: /home/embedded/ros2_ws/install/kobuki_ros_interfaces/include/kobuki_ros_interfaces/kobuki_ros_interfaces/msg/detail/bumper_event__rosidl_typesupport_introspection_cpp.hpp
[1.564s] -- Up-to-date symlink: /home/embedded/ros2_ws/install/kobuki_ros_interfaces/include/kobuki_ros_interfaces/kobuki_ros_interfaces/msg/detail/button_event__rosidl_typesupport_introspection_cpp.hpp
[1.565s] -- Up-to-date symlink: /home/embedded/ros2_ws/install/kobuki_ros_interfaces/include/kobuki_ros_interfaces/kobuki_ros_interfaces/msg/detail/cliff_event__rosidl_typesupport_introspection_cpp.hpp
[1.565s] -- Up-to-date symlink: /home/embedded/ros2_ws/install/kobuki_ros_interfaces/include/kobuki_ros_interfaces/kobuki_ros_interfaces/msg/detail/controller_info__rosidl_typesupport_introspection_cpp.hpp
[1.565s] -- Up-to-date symlink: /home/embedded/ros2_ws/install/kobuki_ros_interfaces/include/kobuki_ros_interfaces/kobuki_ros_interfaces/msg/detail/digital_input_event__rosidl_typesupport_introspection_cpp.hpp
[1.565s] -- Up-to-date symlink: /home/embedded/ros2_ws/install/kobuki_ros_interfaces/include/kobuki_ros_interfaces/kobuki_ros_interfaces/msg/detail/digital_output__rosidl_typesupport_introspection_cpp.hpp
[1.565s] -- Up-to-date symlink: /home/embedded/ros2_ws/install/kobuki_ros_interfaces/include/kobuki_ros_interfaces/kobuki_ros_interfaces/msg/detail/dock_infra_red__rosidl_typesupport_introspection_cpp.hpp
[1.565s] -- Up-to-date symlink: /home/embedded/ros2_ws/install/kobuki_ros_interfaces/include/kobuki_ros_interfaces/kobuki_ros_interfaces/msg/detail/external_power__rosidl_typesupport_introspection_cpp.hpp
[1.565s] -- Up-to-date symlink: /home/embedded/ros2_ws/install/kobuki_ros_interfaces/include/kobuki_ros_interfaces/kobuki_ros_interfaces/msg/detail/keyboard_input__rosidl_typesupport_introspection_cpp.hpp
[1.565s] -- Up-to-date symlink: /home/embedded/ros2_ws/install/kobuki_ros_interfaces/include/kobuki_ros_interfaces/kobuki_ros_interfaces/msg/detail/led__rosidl_typesupport_introspection_cpp.hpp
[1.566s] -- Up-to-date symlink: /home/embedded/ros2_ws/install/kobuki_ros_interfaces/include/kobuki_ros_interfaces/kobuki_ros_interfaces/msg/detail/motor_power__rosidl_typesupport_introspection_cpp.hpp
[1.566s] -- Up-to-date symlink: /home/embedded/ros2_ws/install/kobuki_ros_interfaces/include/kobuki_ros_interfaces/kobuki_ros_interfaces/msg/detail/power_system_event__rosidl_typesupport_introspection_cpp.hpp
[1.566s] -- Up-to-date symlink: /home/embedded/ros2_ws/install/kobuki_ros_interfaces/include/kobuki_ros_interfaces/kobuki_ros_interfaces/msg/detail/robot_state_event__rosidl_typesupport_introspection_cpp.hpp
[1.566s] -- Up-to-date symlink: /home/embedded/ros2_ws/install/kobuki_ros_interfaces/include/kobuki_ros_interfaces/kobuki_ros_interfaces/msg/detail/scan_angle__rosidl_typesupport_introspection_cpp.hpp
[1.566s] -- Up-to-date symlink: /home/embedded/ros2_ws/install/kobuki_ros_interfaces/include/kobuki_ros_interfaces/kobuki_ros_interfaces/msg/detail/sensor_state__rosidl_typesupport_introspection_cpp.hpp
[1.566s] -- Up-to-date symlink: /home/embedded/ros2_ws/install/kobuki_ros_interfaces/include/kobuki_ros_interfaces/kobuki_ros_interfaces/msg/detail/sound__rosidl_typesupport_introspection_cpp.hpp
[1.566s] -- Up-to-date symlink: /home/embedded/ros2_ws/install/kobuki_ros_interfaces/include/kobuki_ros_interfaces/kobuki_ros_interfaces/msg/detail/version_info__rosidl_typesupport_introspection_cpp.hpp
[1.566s] -- Up-to-date symlink: /home/embedded/ros2_ws/install/kobuki_ros_interfaces/include/kobuki_ros_interfaces/kobuki_ros_interfaces/msg/detail/wheel_drop_event__rosidl_typesupport_introspection_cpp.hpp
[1.566s] -- Up-to-date symlink: /home/embedded/ros2_ws/install/kobuki_ros_interfaces/share/kobuki_ros_interfaces/environment/pythonpath.sh
[1.566s] -- Up-to-date symlink: /home/embedded/ros2_ws/install/kobuki_ros_interfaces/share/kobuki_ros_interfaces/environment/pythonpath.dsv
[1.567s] -- Up-to-date symlink: /home/embedded/ros2_ws/install/kobuki_ros_interfaces/lib/python3.12/site-packages/kobuki_ros_interfaces-1.0.0-py3.12.egg-info/PKG-INFO
[1.567s] -- Up-to-date symlink: /home/embedded/ros2_ws/install/kobuki_ros_interfaces/lib/python3.12/site-packages/kobuki_ros_interfaces-1.0.0-py3.12.egg-info/SOURCES.txt
[1.567s] -- Up-to-date symlink: /home/embedded/ros2_ws/install/kobuki_ros_interfaces/lib/python3.12/site-packages/kobuki_ros_interfaces-1.0.0-py3.12.egg-info/dependency_links.txt
[1.567s] -- Up-to-date symlink: /home/embedded/ros2_ws/install/kobuki_ros_interfaces/lib/python3.12/site-packages/kobuki_ros_interfaces-1.0.0-py3.12.egg-info/top_level.txt
[1.567s] -- Up-to-date symlink: /home/embedded/ros2_ws/install/kobuki_ros_interfaces/lib/python3.12/site-packages/kobuki_ros_interfaces/__init__.py
[1.567s] -- Up-to-date symlink: /home/embedded/ros2_ws/install/kobuki_ros_interfaces/lib/python3.12/site-packages/kobuki_ros_interfaces/_kobuki_ros_interfaces_s.ep.rosidl_typesupport_c.c
[1.567s] -- Up-to-date symlink: /home/embedded/ros2_ws/install/kobuki_ros_interfaces/lib/python3.12/site-packages/kobuki_ros_interfaces/_kobuki_ros_interfaces_s.ep.rosidl_typesupport_fastrtps_c.c
[1.567s] -- Up-to-date symlink: /home/embedded/ros2_ws/install/kobuki_ros_interfaces/lib/python3.12/site-packages/kobuki_ros_interfaces/_kobuki_ros_interfaces_s.ep.rosidl_typesupport_introspection_c.c
[1.567s] -- Up-to-date symlink: /home/embedded/ros2_ws/install/kobuki_ros_interfaces/lib/python3.12/site-packages/kobuki_ros_interfaces/action/__init__.py
[1.567s] -- Up-to-date symlink: /home/embedded/ros2_ws/install/kobuki_ros_interfaces/lib/python3.12/site-packages/kobuki_ros_interfaces/action/_auto_docking.py
[1.567s] -- Up-to-date symlink: /home/embedded/ros2_ws/install/kobuki_ros_interfaces/lib/python3.12/site-packages/kobuki_ros_interfaces/action/_auto_docking_s.c
[1.568s] -- Up-to-date symlink: /home/embedded/ros2_ws/install/kobuki_ros_interfaces/lib/python3.12/site-packages/kobuki_ros_interfaces/kobuki_ros_interfaces_s__rosidl_typesupport_c.so
[1.568s] -- Up-to-date symlink: /home/embedded/ros2_ws/install/kobuki_ros_interfaces/lib/python3.12/site-packages/kobuki_ros_interfaces/kobuki_ros_interfaces_s__rosidl_typesupport_fastrtps_c.so
[1.568s] -- Up-to-date symlink: /home/embedded/ros2_ws/install/kobuki_ros_interfaces/lib/python3.12/site-packages/kobuki_ros_interfaces/kobuki_ros_interfaces_s__rosidl_typesupport_introspection_c.so
[1.568s] -- Up-to-date symlink: /home/embedded/ros2_ws/install/kobuki_ros_interfaces/lib/python3.12/site-packages/kobuki_ros_interfaces/msg/__init__.py
[1.568s] -- Up-to-date symlink: /home/embedded/ros2_ws/install/kobuki_ros_interfaces/lib/python3.12/site-packages/kobuki_ros_interfaces/msg/_bumper_event.py
[1.568s] -- Up-to-date symlink: /home/embedded/ros2_ws/install/kobuki_ros_interfaces/lib/python3.12/site-packages/kobuki_ros_interfaces/msg/_bumper_event_s.c
[1.568s] -- Up-to-date symlink: /home/embedded/ros2_ws/install/kobuki_ros_interfaces/lib/python3.12/site-packages/kobuki_ros_interfaces/msg/_button_event.py
[1.568s] -- Up-to-date symlink: /home/embedded/ros2_ws/install/kobuki_ros_interfaces/lib/python3.12/site-packages/kobuki_ros_interfaces/msg/_button_event_s.c
[1.568s] -- Up-to-date symlink: /home/embedded/ros2_ws/install/kobuki_ros_interfaces/lib/python3.12/site-packages/kobuki_ros_interfaces/msg/_cliff_event.py
[1.568s] -- Up-to-date symlink: /home/embedded/ros2_ws/install/kobuki_ros_interfaces/lib/python3.12/site-packages/kobuki_ros_interfaces/msg/_cliff_event_s.c
[1.568s] -- Up-to-date symlink: /home/embedded/ros2_ws/install/kobuki_ros_interfaces/lib/python3.12/site-packages/kobuki_ros_interfaces/msg/_controller_info.py
[1.569s] -- Up-to-date symlink: /home/embedded/ros2_ws/install/kobuki_ros_interfaces/lib/python3.12/site-packages/kobuki_ros_interfaces/msg/_controller_info_s.c
[1.569s] -- Up-to-date symlink: /home/embedded/ros2_ws/install/kobuki_ros_interfaces/lib/python3.12/site-packages/kobuki_ros_interfaces/msg/_digital_input_event.py
[1.569s] -- Up-to-date symlink: /home/embedded/ros2_ws/install/kobuki_ros_interfaces/lib/python3.12/site-packages/kobuki_ros_interfaces/msg/_digital_input_event_s.c
[1.569s] -- Up-to-date symlink: /home/embedded/ros2_ws/install/kobuki_ros_interfaces/lib/python3.12/site-packages/kobuki_ros_interfaces/msg/_digital_output.py
[1.569s] -- Up-to-date symlink: /home/embedded/ros2_ws/install/kobuki_ros_interfaces/lib/python3.12/site-packages/kobuki_ros_interfaces/msg/_digital_output_s.c
[1.569s] -- Up-to-date symlink: /home/embedded/ros2_ws/install/kobuki_ros_interfaces/lib/python3.12/site-packages/kobuki_ros_interfaces/msg/_dock_infra_red.py
[1.569s] -- Up-to-date symlink: /home/embedded/ros2_ws/install/kobuki_ros_interfaces/lib/python3.12/site-packages/kobuki_ros_interfaces/msg/_dock_infra_red_s.c
[1.569s] -- Up-to-date symlink: /home/embedded/ros2_ws/install/kobuki_ros_interfaces/lib/python3.12/site-packages/kobuki_ros_interfaces/msg/_external_power.py
[1.569s] -- Up-to-date symlink: /home/embedded/ros2_ws/install/kobuki_ros_interfaces/lib/python3.12/site-packages/kobuki_ros_interfaces/msg/_external_power_s.c
[1.570s] -- Up-to-date symlink: /home/embedded/ros2_ws/install/kobuki_ros_interfaces/lib/python3.12/site-packages/kobuki_ros_interfaces/msg/_keyboard_input.py
[1.570s] -- Up-to-date symlink: /home/embedded/ros2_ws/install/kobuki_ros_interfaces/lib/python3.12/site-packages/kobuki_ros_interfaces/msg/_keyboard_input_s.c
[1.570s] -- Up-to-date symlink: /home/embedded/ros2_ws/install/kobuki_ros_interfaces/lib/python3.12/site-packages/kobuki_ros_interfaces/msg/_led.py
[1.570s] -- Up-to-date symlink: /home/embedded/ros2_ws/install/kobuki_ros_interfaces/lib/python3.12/site-packages/kobuki_ros_interfaces/msg/_led_s.c
[1.570s] -- Up-to-date symlink: /home/embedded/ros2_ws/install/kobuki_ros_interfaces/lib/python3.12/site-packages/kobuki_ros_interfaces/msg/_motor_power.py
[1.570s] -- Up-to-date symlink: /home/embedded/ros2_ws/install/kobuki_ros_interfaces/lib/python3.12/site-packages/kobuki_ros_interfaces/msg/_motor_power_s.c
[1.570s] -- Up-to-date symlink: /home/embedded/ros2_ws/install/kobuki_ros_interfaces/lib/python3.12/site-packages/kobuki_ros_interfaces/msg/_power_system_event.py
[1.570s] -- Up-to-date symlink: /home/embedded/ros2_ws/install/kobuki_ros_interfaces/lib/python3.12/site-packages/kobuki_ros_interfaces/msg/_power_system_event_s.c
[1.570s] -- Up-to-date symlink: /home/embedded/ros2_ws/install/kobuki_ros_interfaces/lib/python3.12/site-packages/kobuki_ros_interfaces/msg/_robot_state_event.py
[1.571s] -- Up-to-date symlink: /home/embedded/ros2_ws/install/kobuki_ros_interfaces/lib/python3.12/site-packages/kobuki_ros_interfaces/msg/_robot_state_event_s.c
[1.571s] -- Up-to-date symlink: /home/embedded/ros2_ws/install/kobuki_ros_interfaces/lib/python3.12/site-packages/kobuki_ros_interfaces/msg/_scan_angle.py
[1.571s] -- Up-to-date symlink: /home/embedded/ros2_ws/install/kobuki_ros_interfaces/lib/python3.12/site-packages/kobuki_ros_interfaces/msg/_scan_angle_s.c
[1.571s] -- Up-to-date symlink: /home/embedded/ros2_ws/install/kobuki_ros_interfaces/lib/python3.12/site-packages/kobuki_ros_interfaces/msg/_sensor_state.py
[1.572s] -- Up-to-date symlink: /home/embedded/ros2_ws/install/kobuki_ros_interfaces/lib/python3.12/site-packages/kobuki_ros_interfaces/msg/_sensor_state_s.c
[1.572s] -- Up-to-date symlink: /home/embedded/ros2_ws/install/kobuki_ros_interfaces/lib/python3.12/site-packages/kobuki_ros_interfaces/msg/_sound.py
[1.573s] -- Up-to-date symlink: /home/embedded/ros2_ws/install/kobuki_ros_interfaces/lib/python3.12/site-packages/kobuki_ros_interfaces/msg/_sound_s.c
[1.573s] -- Up-to-date symlink: /home/embedded/ros2_ws/install/kobuki_ros_interfaces/lib/python3.12/site-packages/kobuki_ros_interfaces/msg/_version_info.py
[1.573s] -- Up-to-date symlink: /home/embedded/ros2_ws/install/kobuki_ros_interfaces/lib/python3.12/site-packages/kobuki_ros_interfaces/msg/_version_info_s.c
[1.573s] -- Up-to-date symlink: /home/embedded/ros2_ws/install/kobuki_ros_interfaces/lib/python3.12/site-packages/kobuki_ros_interfaces/msg/_wheel_drop_event.py
[1.573s] -- Up-to-date symlink: /home/embedded/ros2_ws/install/kobuki_ros_interfaces/lib/python3.12/site-packages/kobuki_ros_interfaces/msg/_wheel_drop_event_s.c
[1.573s] -- Up-to-date symlink: /home/embedded/ros2_ws/install/kobuki_ros_interfaces/lib/python3.12/site-packages/kobuki_ros_interfaces/kobuki_ros_interfaces_s__rosidl_typesupport_fastrtps_c.so
[1.573s] -- Up-to-date symlink: /home/embedded/ros2_ws/install/kobuki_ros_interfaces/lib/python3.12/site-packages/kobuki_ros_interfaces/kobuki_ros_interfaces_s__rosidl_typesupport_introspection_c.so
[1.573s] -- Up-to-date symlink: /home/embedded/ros2_ws/install/kobuki_ros_interfaces/lib/python3.12/site-packages/kobuki_ros_interfaces/kobuki_ros_interfaces_s__rosidl_typesupport_c.so
[1.573s] -- Up-to-date symlink: /home/embedded/ros2_ws/install/kobuki_ros_interfaces/share/kobuki_ros_interfaces/msg/BumperEvent.idl
[1.573s] -- Up-to-date symlink: /home/embedded/ros2_ws/install/kobuki_ros_interfaces/share/kobuki_ros_interfaces/msg/CliffEvent.idl
[1.573s] -- Up-to-date symlink: /home/embedded/ros2_ws/install/kobuki_ros_interfaces/share/kobuki_ros_interfaces/msg/DigitalOutput.idl
[1.574s] -- Up-to-date symlink: /home/embedded/ros2_ws/install/kobuki_ros_interfaces/share/kobuki_ros_interfaces/msg/ExternalPower.idl
[1.574s] -- Up-to-date symlink: /home/embedded/ros2_ws/install/kobuki_ros_interfaces/share/kobuki_ros_interfaces/msg/Led.idl
[1.574s] -- Up-to-date symlink: /home/embedded/ros2_ws/install/kobuki_ros_interfaces/share/kobuki_ros_interfaces/msg/PowerSystemEvent.idl
[1.574s] -- Up-to-date symlink: /home/embedded/ros2_ws/install/kobuki_ros_interfaces/share/kobuki_ros_interfaces/msg/SensorState.idl
[1.574s] -- Up-to-date symlink: /home/embedded/ros2_ws/install/kobuki_ros_interfaces/share/kobuki_ros_interfaces/msg/VersionInfo.idl
[1.574s] -- Up-to-date symlink: /home/embedded/ros2_ws/install/kobuki_ros_interfaces/share/kobuki_ros_interfaces/msg/ControllerInfo.idl
[1.574s] -- Up-to-date symlink: /home/embedded/ros2_ws/install/kobuki_ros_interfaces/share/kobuki_ros_interfaces/msg/ButtonEvent.idl
[1.574s] -- Up-to-date symlink: /home/embedded/ros2_ws/install/kobuki_ros_interfaces/share/kobuki_ros_interfaces/msg/DigitalInputEvent.idl
[1.575s] -- Up-to-date symlink: /home/embedded/ros2_ws/install/kobuki_ros_interfaces/share/kobuki_ros_interfaces/msg/DockInfraRed.idl
[1.575s] -- Up-to-date symlink: /home/embedded/ros2_ws/install/kobuki_ros_interfaces/share/kobuki_ros_interfaces/msg/KeyboardInput.idl
[1.575s] -- Up-to-date symlink: /home/embedded/ros2_ws/install/kobuki_ros_interfaces/share/kobuki_ros_interfaces/msg/MotorPower.idl
[1.575s] -- Up-to-date symlink: /home/embedded/ros2_ws/install/kobuki_ros_interfaces/share/kobuki_ros_interfaces/msg/RobotStateEvent.idl
[1.576s] -- Up-to-date symlink: /home/embedded/ros2_ws/install/kobuki_ros_interfaces/share/kobuki_ros_interfaces/msg/Sound.idl
[1.576s] -- Up-to-date symlink: /home/embedded/ros2_ws/install/kobuki_ros_interfaces/share/kobuki_ros_interfaces/msg/ScanAngle.idl
[1.577s] -- Up-to-date symlink: /home/embedded/ros2_ws/install/kobuki_ros_interfaces/share/kobuki_ros_interfaces/msg/WheelDropEvent.idl
[1.577s] -- Up-to-date symlink: /home/embedded/ros2_ws/install/kobuki_ros_interfaces/share/kobuki_ros_interfaces/action/AutoDocking.idl
[1.577s] -- Up-to-date symlink: /home/embedded/ros2_ws/install/kobuki_ros_interfaces/share/kobuki_ros_interfaces/msg/BumperEvent.msg
[1.577s] -- Up-to-date symlink: /home/embedded/ros2_ws/install/kobuki_ros_interfaces/share/kobuki_ros_interfaces/msg/CliffEvent.msg
[1.577s] -- Up-to-date symlink: /home/embedded/ros2_ws/install/kobuki_ros_interfaces/share/kobuki_ros_interfaces/msg/DigitalOutput.msg
[1.578s] -- Up-to-date symlink: /home/embedded/ros2_ws/install/kobuki_ros_interfaces/share/kobuki_ros_interfaces/msg/ExternalPower.msg
[1.578s] -- Up-to-date symlink: /home/embedded/ros2_ws/install/kobuki_ros_interfaces/share/kobuki_ros_interfaces/msg/Led.msg
[1.578s] -- Up-to-date symlink: /home/embedded/ros2_ws/install/kobuki_ros_interfaces/share/kobuki_ros_interfaces/msg/PowerSystemEvent.msg
[1.578s] -- Up-to-date symlink: /home/embedded/ros2_ws/install/kobuki_ros_interfaces/share/kobuki_ros_interfaces/msg/SensorState.msg
[1.578s] -- Up-to-date symlink: /home/embedded/ros2_ws/install/kobuki_ros_interfaces/share/kobuki_ros_interfaces/msg/VersionInfo.msg
[1.578s] -- Up-to-date symlink: /home/embedded/ros2_ws/install/kobuki_ros_interfaces/share/kobuki_ros_interfaces/msg/ControllerInfo.msg
[1.579s] -- Up-to-date symlink: /home/embedded/ros2_ws/install/kobuki_ros_interfaces/share/kobuki_ros_interfaces/msg/ButtonEvent.msg
[1.579s] -- Up-to-date symlink: /home/embedded/ros2_ws/install/kobuki_ros_interfaces/share/kobuki_ros_interfaces/msg/DigitalInputEvent.msg
[1.579s] -- Up-to-date symlink: /home/embedded/ros2_ws/install/kobuki_ros_interfaces/share/kobuki_ros_interfaces/msg/DockInfraRed.msg
[1.579s] -- Up-to-date symlink: /home/embedded/ros2_ws/install/kobuki_ros_interfaces/share/kobuki_ros_interfaces/msg/KeyboardInput.msg
[1.579s] -- Up-to-date symlink: /home/embedded/ros2_ws/install/kobuki_ros_interfaces/share/kobuki_ros_interfaces/msg/MotorPower.msg
[1.579s] -- Up-to-date symlink: /home/embedded/ros2_ws/install/kobuki_ros_interfaces/share/kobuki_ros_interfaces/msg/RobotStateEvent.msg
[1.580s] -- Up-to-date symlink: /home/embedded/ros2_ws/install/kobuki_ros_interfaces/share/kobuki_ros_interfaces/msg/Sound.msg
[1.580s] -- Up-to-date symlink: /home/embedded/ros2_ws/install/kobuki_ros_interfaces/share/kobuki_ros_interfaces/msg/ScanAngle.msg
[1.580s] -- Up-to-date symlink: /home/embedded/ros2_ws/install/kobuki_ros_interfaces/share/kobuki_ros_interfaces/msg/WheelDropEvent.msg
[1.580s] -- Up-to-date symlink: /home/embedded/ros2_ws/install/kobuki_ros_interfaces/share/kobuki_ros_interfaces/action/AutoDocking.action
[1.580s] -- Up-to-date symlink: /home/embedded/ros2_ws/install/kobuki_ros_interfaces/share/ament_index/resource_index/package_run_dependencies/kobuki_ros_interfaces
[1.580s] -- Up-to-date symlink: /home/embedded/ros2_ws/install/kobuki_ros_interfaces/share/ament_index/resource_index/parent_prefix_path/kobuki_ros_interfaces
[1.581s] -- Up-to-date symlink: /home/embedded/ros2_ws/install/kobuki_ros_interfaces/share/kobuki_ros_interfaces/environment/ament_prefix_path.sh
[1.581s] -- Up-to-date symlink: /home/embedded/ros2_ws/install/kobuki_ros_interfaces/share/kobuki_ros_interfaces/environment/ament_prefix_path.dsv
[1.581s] -- Up-to-date symlink: /home/embedded/ros2_ws/install/kobuki_ros_interfaces/share/kobuki_ros_interfaces/environment/path.sh
[1.581s] -- Up-to-date symlink: /home/embedded/ros2_ws/install/kobuki_ros_interfaces/share/kobuki_ros_interfaces/environment/path.dsv
[1.581s] -- Up-to-date symlink: /home/embedded/ros2_ws/install/kobuki_ros_interfaces/share/kobuki_ros_interfaces/local_setup.bash
[1.581s] -- Up-to-date symlink: /home/embedded/ros2_ws/install/kobuki_ros_interfaces/share/kobuki_ros_interfaces/local_setup.sh
[1.582s] -- Up-to-date symlink: /home/embedded/ros2_ws/install/kobuki_ros_interfaces/share/kobuki_ros_interfaces/local_setup.zsh
[1.582s] -- Up-to-date symlink: /home/embedded/ros2_ws/install/kobuki_ros_interfaces/share/kobuki_ros_interfaces/local_setup.dsv
[1.582s] -- Symlinking: /home/embedded/ros2_ws/install/kobuki_ros_interfaces/share/kobuki_ros_interfaces/package.dsv
[1.587s] -- Up-to-date symlink: /home/embedded/ros2_ws/install/kobuki_ros_interfaces/share/ament_index/resource_index/packages/kobuki_ros_interfaces
[1.587s] -- Up-to-date symlink: /home/embedded/ros2_ws/install/kobuki_ros_interfaces/share/kobuki_ros_interfaces/cmake/rosidl_cmake-extras.cmake
[1.587s] -- Up-to-date symlink: /home/embedded/ros2_ws/install/kobuki_ros_interfaces/share/kobuki_ros_interfaces/cmake/ament_cmake_export_dependencies-extras.cmake
[1.587s] -- Up-to-date symlink: /home/embedded/ros2_ws/install/kobuki_ros_interfaces/share/kobuki_ros_interfaces/cmake/ament_cmake_export_include_directories-extras.cmake
[1.587s] -- Up-to-date symlink: /home/embedded/ros2_ws/install/kobuki_ros_interfaces/share/kobuki_ros_interfaces/cmake/ament_cmake_export_libraries-extras.cmake
[1.587s] -- Up-to-date symlink: /home/embedded/ros2_ws/install/kobuki_ros_interfaces/share/kobuki_ros_interfaces/cmake/ament_cmake_export_targets-extras.cmake
[1.587s] -- Up-to-date symlink: /home/embedded/ros2_ws/install/kobuki_ros_interfaces/share/kobuki_ros_interfaces/cmake/rosidl_cmake_export_typesupport_targets-extras.cmake
[1.587s] -- Up-to-date symlink: /home/embedded/ros2_ws/install/kobuki_ros_interfaces/share/kobuki_ros_interfaces/cmake/rosidl_cmake_export_typesupport_libraries-extras.cmake
[1.588s] -- Up-to-date symlink: /home/embedded/ros2_ws/install/kobuki_ros_interfaces/share/kobuki_ros_interfaces/cmake/kobuki_ros_interfacesConfig.cmake
[1.588s] -- Up-to-date symlink: /home/embedded/ros2_ws/install/kobuki_ros_interfaces/share/kobuki_ros_interfaces/cmake/kobuki_ros_interfacesConfig-version.cmake
[1.589s] -- Up-to-date symlink: /home/embedded/ros2_ws/install/kobuki_ros_interfaces/share/kobuki_ros_interfaces/package.xml
[1.589s] -- Up-to-date: /home/embedded/ros2_ws/install/kobuki_ros_interfaces/lib/libkobuki_ros_interfaces__rosidl_generator_c.so
[1.589s] -- Up-to-date: /home/embedded/ros2_ws/install/kobuki_ros_interfaces/lib/libkobuki_ros_interfaces__rosidl_typesupport_fastrtps_c.so
[1.589s] -- Up-to-date: /home/embedded/ros2_ws/install/kobuki_ros_interfaces/lib/libkobuki_ros_interfaces__rosidl_typesupport_fastrtps_cpp.so
[1.589s] -- Up-to-date: /home/embedded/ros2_ws/install/kobuki_ros_interfaces/lib/libkobuki_ros_interfaces__rosidl_typesupport_introspection_c.so
[1.589s] -- Up-to-date: /home/embedded/ros2_ws/install/kobuki_ros_interfaces/lib/libkobuki_ros_interfaces__rosidl_typesupport_c.so
[1.589s] -- Up-to-date: /home/embedded/ros2_ws/install/kobuki_ros_interfaces/lib/libkobuki_ros_interfaces__rosidl_typesupport_introspection_cpp.so
[1.589s] -- Up-to-date: /home/embedded/ros2_ws/install/kobuki_ros_interfaces/lib/libkobuki_ros_interfaces__rosidl_typesupport_cpp.so
[1.666s] Listing '/home/embedded/ros2_ws/install/kobuki_ros_interfaces/lib/python3.12/site-packages/kobuki_ros_interfaces'...
[1.666s] Listing '/home/embedded/ros2_ws/install/kobuki_ros_interfaces/lib/python3.12/site-packages/kobuki_ros_interfaces/action'...
[1.666s] Listing '/home/embedded/ros2_ws/install/kobuki_ros_interfaces/lib/python3.12/site-packages/kobuki_ros_interfaces/msg'...
[1.682s] -- Up-to-date: /home/embedded/ros2_ws/install/kobuki_ros_interfaces/lib/libkobuki_ros_interfaces__rosidl_generator_py.so
[1.683s] -- Up-to-date: /home/embedded/ros2_ws/install/kobuki_ros_interfaces/share/kobuki_ros_interfaces/cmake/export_kobuki_ros_interfaces__rosidl_generator_cExport.cmake
[1.683s] -- Up-to-date: /home/embedded/ros2_ws/install/kobuki_ros_interfaces/share/kobuki_ros_interfaces/cmake/export_kobuki_ros_interfaces__rosidl_generator_cExport-noconfig.cmake
[1.684s] -- Up-to-date: /home/embedded/ros2_ws/install/kobuki_ros_interfaces/share/kobuki_ros_interfaces/cmake/export_kobuki_ros_interfaces__rosidl_typesupport_fastrtps_cExport.cmake
[1.684s] -- Up-to-date: /home/embedded/ros2_ws/install/kobuki_ros_interfaces/share/kobuki_ros_interfaces/cmake/export_kobuki_ros_interfaces__rosidl_typesupport_fastrtps_cExport-noconfig.cmake
[1.684s] -- Up-to-date: /home/embedded/ros2_ws/install/kobuki_ros_interfaces/share/kobuki_ros_interfaces/cmake/export_kobuki_ros_interfaces__rosidl_generator_cppExport.cmake
[1.685s] -- Up-to-date: /home/embedded/ros2_ws/install/kobuki_ros_interfaces/share/kobuki_ros_interfaces/cmake/export_kobuki_ros_interfaces__rosidl_typesupport_fastrtps_cppExport.cmake
[1.685s] -- Up-to-date: /home/embedded/ros2_ws/install/kobuki_ros_interfaces/share/kobuki_ros_interfaces/cmake/export_kobuki_ros_interfaces__rosidl_typesupport_fastrtps_cppExport-noconfig.cmake
[1.685s] -- Up-to-date: /home/embedded/ros2_ws/install/kobuki_ros_interfaces/share/kobuki_ros_interfaces/cmake/kobuki_ros_interfaces__rosidl_typesupport_introspection_cExport.cmake
[1.685s] -- Up-to-date: /home/embedded/ros2_ws/install/kobuki_ros_interfaces/share/kobuki_ros_interfaces/cmake/kobuki_ros_interfaces__rosidl_typesupport_introspection_cExport-noconfig.cmake
[1.685s] -- Up-to-date: /home/embedded/ros2_ws/install/kobuki_ros_interfaces/share/kobuki_ros_interfaces/cmake/kobuki_ros_interfaces__rosidl_typesupport_cExport.cmake
[1.686s] -- Up-to-date: /home/embedded/ros2_ws/install/kobuki_ros_interfaces/share/kobuki_ros_interfaces/cmake/kobuki_ros_interfaces__rosidl_typesupport_cExport-noconfig.cmake
[1.686s] -- Up-to-date: /home/embedded/ros2_ws/install/kobuki_ros_interfaces/share/kobuki_ros_interfaces/cmake/kobuki_ros_interfaces__rosidl_typesupport_introspection_cppExport.cmake
[1.686s] -- Up-to-date: /home/embedded/ros2_ws/install/kobuki_ros_interfaces/share/kobuki_ros_interfaces/cmake/kobuki_ros_interfaces__rosidl_typesupport_introspection_cppExport-noconfig.cmake
[1.686s] -- Up-to-date: /home/embedded/ros2_ws/install/kobuki_ros_interfaces/share/kobuki_ros_interfaces/cmake/kobuki_ros_interfaces__rosidl_typesupport_cppExport.cmake
[1.686s] -- Up-to-date: /home/embedded/ros2_ws/install/kobuki_ros_interfaces/share/kobuki_ros_interfaces/cmake/kobuki_ros_interfaces__rosidl_typesupport_cppExport-noconfig.cmake
[1.686s] -- Up-to-date: /home/embedded/ros2_ws/install/kobuki_ros_interfaces/share/kobuki_ros_interfaces/cmake/export_kobuki_ros_interfaces__rosidl_generator_pyExport.cmake
[1.687s] -- Up-to-date: /home/embedded/ros2_ws/install/kobuki_ros_interfaces/share/kobuki_ros_interfaces/cmake/export_kobuki_ros_interfaces__rosidl_generator_pyExport-noconfig.cmake
[1.733s] Invoked command in '/home/embedded/ros2_ws/build/kobuki_ros_interfaces' returned '0': CMAKE_PREFIX_PATH=${CMAKE_PREFIX_PATH}:/opt/ros/jazzy /usr/bin/cmake --install /home/embedded/ros2_ws/build/kobuki_ros_interfaces
