[0.042s] Invoking command in '/home/embedded/ros2_ws/build/aws_robomaker_racetrack_world': CMAKE_PREFIX_PATH=${CMAKE_PREFIX_PATH}:/opt/ros/jazzy /usr/bin/cmake --build /home/embedded/ros2_ws/build/aws_robomaker_racetrack_world -- -j4 -l4
[0.287s] Invoked command in '/home/embedded/ros2_ws/build/aws_robomaker_racetrack_world' returned '0': CMAKE_PREFIX_PATH=${CMAKE_PREFIX_PATH}:/opt/ros/jazzy /usr/bin/cmake --build /home/embedded/ros2_ws/build/aws_robomaker_racetrack_world -- -j4 -l4
[0.291s] Invoking command in '/home/embedded/ros2_ws/build/aws_robomaker_racetrack_world': CMAKE_PREFIX_PATH=${CMAKE_PREFIX_PATH}:/opt/ros/jazzy /usr/bin/cmake --install /home/embedded/ros2_ws/build/aws_robomaker_racetrack_world
[0.324s] -- Install configuration: ""
[0.324s] -- Execute custom install script
[0.328s] -- Up-to-date symlink: /home/embedded/ros2_ws/install/aws_robomaker_racetrack_world/share/aws_robomaker_racetrack_world/launch/racetrack.launch.py
[0.328s] -- Up-to-date symlink: /home/embedded/ros2_ws/install/aws_robomaker_racetrack_world/share/aws_robomaker_racetrack_world/launch/view_racetrack.launch.py
[0.337s] -- Up-to-date symlink: /home/embedded/ros2_ws/install/aws_robomaker_racetrack_world/share/aws_robomaker_racetrack_world/models/aws_robomaker_racetrack_Archway_01/materials/textures/aws_Archway_01.png
[0.338s] -- Up-to-date symlink: /home/embedded/ros2_ws/install/aws_robomaker_racetrack_world/share/aws_robomaker_racetrack_world/models/aws_robomaker_racetrack_Archway_01/meshes/aws_Archway_01_collision.DAE
[0.338s] -- Up-to-date symlink: /home/embedded/ros2_ws/install/aws_robomaker_racetrack_world/share/aws_robomaker_racetrack_world/models/aws_robomaker_racetrack_Archway_01/meshes/aws_Archway_01_visual.DAE
[0.338s] -- Up-to-date symlink: /home/embedded/ros2_ws/install/aws_robomaker_racetrack_world/share/aws_robomaker_racetrack_world/models/aws_robomaker_racetrack_Archway_01/model.config
[0.338s] -- Up-to-date symlink: /home/embedded/ros2_ws/install/aws_robomaker_racetrack_world/share/aws_robomaker_racetrack_world/models/aws_robomaker_racetrack_Archway_01/model.sdf
[0.338s] -- Up-to-date symlink: /home/embedded/ros2_ws/install/aws_robomaker_racetrack_world/share/aws_robomaker_racetrack_world/models/aws_robomaker_racetrack_Billboard_01/materials/textures/aws_Billboard_01.png
[0.338s] -- Up-to-date symlink: /home/embedded/ros2_ws/install/aws_robomaker_racetrack_world/share/aws_robomaker_racetrack_world/models/aws_robomaker_racetrack_Billboard_01/meshes/aws_Billboard_01_collision.DAE
[0.338s] -- Up-to-date symlink: /home/embedded/ros2_ws/install/aws_robomaker_racetrack_world/share/aws_robomaker_racetrack_world/models/aws_robomaker_racetrack_Billboard_01/meshes/aws_Billboard_01_visual.DAE
[0.338s] -- Up-to-date symlink: /home/embedded/ros2_ws/install/aws_robomaker_racetrack_world/share/aws_robomaker_racetrack_world/models/aws_robomaker_racetrack_Billboard_01/model.config
[0.339s] -- Up-to-date symlink: /home/embedded/ros2_ws/install/aws_robomaker_racetrack_world/share/aws_robomaker_racetrack_world/models/aws_robomaker_racetrack_Billboard_01/model.sdf
[0.339s] -- Up-to-date symlink: /home/embedded/ros2_ws/install/aws_robomaker_racetrack_world/share/aws_robomaker_racetrack_world/models/aws_robomaker_racetrack_Column_01/materials/textures/aws_Column_01.png
[0.339s] -- Up-to-date symlink: /home/embedded/ros2_ws/install/aws_robomaker_racetrack_world/share/aws_robomaker_racetrack_world/models/aws_robomaker_racetrack_Column_01/meshes/aws_Column_01_collision.DAE
[0.339s] -- Up-to-date symlink: /home/embedded/ros2_ws/install/aws_robomaker_racetrack_world/share/aws_robomaker_racetrack_world/models/aws_robomaker_racetrack_Column_01/meshes/aws_Column_01_visual.DAE
[0.345s] -- Up-to-date symlink: /home/embedded/ros2_ws/install/aws_robomaker_racetrack_world/share/aws_robomaker_racetrack_world/models/aws_robomaker_racetrack_Column_01/model.config
[0.345s] -- Up-to-date symlink: /home/embedded/ros2_ws/install/aws_robomaker_racetrack_world/share/aws_robomaker_racetrack_world/models/aws_robomaker_racetrack_Column_01/model.sdf
[0.345s] -- Up-to-date symlink: /home/embedded/ros2_ws/install/aws_robomaker_racetrack_world/share/aws_robomaker_racetrack_world/models/aws_robomaker_racetrack_CrashworthBucket_01/materials/textures/aws_CrashworthBucket_01.png
[0.345s] -- Up-to-date symlink: /home/embedded/ros2_ws/install/aws_robomaker_racetrack_world/share/aws_robomaker_racetrack_world/models/aws_robomaker_racetrack_CrashworthBucket_01/meshes/aws_CrashworthBucket_01_collision.DAE
[0.345s] -- Up-to-date symlink: /home/embedded/ros2_ws/install/aws_robomaker_racetrack_world/share/aws_robomaker_racetrack_world/models/aws_robomaker_racetrack_CrashworthBucket_01/meshes/aws_CrashworthBucket_01_visual.DAE
[0.346s] -- Up-to-date symlink: /home/embedded/ros2_ws/install/aws_robomaker_racetrack_world/share/aws_robomaker_racetrack_world/models/aws_robomaker_racetrack_CrashworthBucket_01/model.config
[0.346s] -- Up-to-date symlink: /home/embedded/ros2_ws/install/aws_robomaker_racetrack_world/share/aws_robomaker_racetrack_world/models/aws_robomaker_racetrack_CrashworthBucket_01/model.sdf
[0.346s] -- Up-to-date symlink: /home/embedded/ros2_ws/install/aws_robomaker_racetrack_world/share/aws_robomaker_racetrack_world/models/aws_robomaker_racetrack_FenceMesh_01/materials/textures/aws_FenceMesh_01.png
[0.348s] -- Up-to-date symlink: /home/embedded/ros2_ws/install/aws_robomaker_racetrack_world/share/aws_robomaker_racetrack_world/models/aws_robomaker_racetrack_FenceMesh_01/meshes/aws_FenceMesh_01_collision.DAE
[0.349s] -- Up-to-date symlink: /home/embedded/ros2_ws/install/aws_robomaker_racetrack_world/share/aws_robomaker_racetrack_world/models/aws_robomaker_racetrack_FenceMesh_01/meshes/aws_FenceMesh_01_visual.DAE
[0.349s] -- Up-to-date symlink: /home/embedded/ros2_ws/install/aws_robomaker_racetrack_world/share/aws_robomaker_racetrack_world/models/aws_robomaker_racetrack_FenceMesh_01/model.config
[0.349s] -- Up-to-date symlink: /home/embedded/ros2_ws/install/aws_robomaker_racetrack_world/share/aws_robomaker_racetrack_world/models/aws_robomaker_racetrack_FenceMesh_01/model.sdf
[0.349s] -- Up-to-date symlink: /home/embedded/ros2_ws/install/aws_robomaker_racetrack_world/share/aws_robomaker_racetrack_world/models/aws_robomaker_racetrack_Fence_01/materials/textures/aws_Fence_01.png
[0.349s] -- Up-to-date symlink: /home/embedded/ros2_ws/install/aws_robomaker_racetrack_world/share/aws_robomaker_racetrack_world/models/aws_robomaker_racetrack_Fence_01/meshes/aws_Fence_01_collision.DAE
[0.349s] -- Up-to-date symlink: /home/embedded/ros2_ws/install/aws_robomaker_racetrack_world/share/aws_robomaker_racetrack_world/models/aws_robomaker_racetrack_Fence_01/meshes/aws_Fence_01_visual.DAE
[0.349s] -- Up-to-date symlink: /home/embedded/ros2_ws/install/aws_robomaker_racetrack_world/share/aws_robomaker_racetrack_world/models/aws_robomaker_racetrack_Fence_01/model.config
[0.350s] -- Up-to-date symlink: /home/embedded/ros2_ws/install/aws_robomaker_racetrack_world/share/aws_robomaker_racetrack_world/models/aws_robomaker_racetrack_Fence_01/model.sdf
[0.350s] -- Up-to-date symlink: /home/embedded/ros2_ws/install/aws_robomaker_racetrack_world/share/aws_robomaker_racetrack_world/models/aws_robomaker_racetrack_Fence_02/materials/textures/aws_Fence_02.png
[0.350s] -- Up-to-date symlink: /home/embedded/ros2_ws/install/aws_robomaker_racetrack_world/share/aws_robomaker_racetrack_world/models/aws_robomaker_racetrack_Fence_02/meshes/aws_Fence_02_collision.DAE
[0.350s] -- Up-to-date symlink: /home/embedded/ros2_ws/install/aws_robomaker_racetrack_world/share/aws_robomaker_racetrack_world/models/aws_robomaker_racetrack_Fence_02/meshes/aws_Fence_02_visual.DAE
[0.350s] -- Up-to-date symlink: /home/embedded/ros2_ws/install/aws_robomaker_racetrack_world/share/aws_robomaker_racetrack_world/models/aws_robomaker_racetrack_Fence_02/model.config
[0.350s] -- Up-to-date symlink: /home/embedded/ros2_ws/install/aws_robomaker_racetrack_world/share/aws_robomaker_racetrack_world/models/aws_robomaker_racetrack_Fence_02/model.sdf
[0.350s] -- Up-to-date symlink: /home/embedded/ros2_ws/install/aws_robomaker_racetrack_world/share/aws_robomaker_racetrack_world/models/aws_robomaker_racetrack_Ground_01/materials/textures/aws_GroundN_01.png
[0.350s] -- Up-to-date symlink: /home/embedded/ros2_ws/install/aws_robomaker_racetrack_world/share/aws_robomaker_racetrack_world/models/aws_robomaker_racetrack_Ground_01/materials/textures/aws_Ground_01.png
[0.350s] -- Up-to-date symlink: /home/embedded/ros2_ws/install/aws_robomaker_racetrack_world/share/aws_robomaker_racetrack_world/models/aws_robomaker_racetrack_Ground_01/meshes/aws_Ground_01_collision.DAE
[0.356s] -- Up-to-date symlink: /home/embedded/ros2_ws/install/aws_robomaker_racetrack_world/share/aws_robomaker_racetrack_world/models/aws_robomaker_racetrack_Ground_01/meshes/aws_Ground_01_visual.DAE
[0.357s] -- Up-to-date symlink: /home/embedded/ros2_ws/install/aws_robomaker_racetrack_world/share/aws_robomaker_racetrack_world/models/aws_robomaker_racetrack_Ground_01/model.config
[0.357s] -- Up-to-date symlink: /home/embedded/ros2_ws/install/aws_robomaker_racetrack_world/share/aws_robomaker_racetrack_world/models/aws_robomaker_racetrack_Ground_01/model.sdf
[0.357s] -- Up-to-date symlink: /home/embedded/ros2_ws/install/aws_robomaker_racetrack_world/share/aws_robomaker_racetrack_world/models/aws_robomaker_racetrack_Light_01/materials/textures/aws_Light_01.png
[0.357s] -- Up-to-date symlink: /home/embedded/ros2_ws/install/aws_robomaker_racetrack_world/share/aws_robomaker_racetrack_world/models/aws_robomaker_racetrack_Light_01/meshes/aws_Light_01_collision.DAE
[0.358s] -- Up-to-date symlink: /home/embedded/ros2_ws/install/aws_robomaker_racetrack_world/share/aws_robomaker_racetrack_world/models/aws_robomaker_racetrack_Light_01/meshes/aws_Light_01_visual.DAE
[0.358s] -- Up-to-date symlink: /home/embedded/ros2_ws/install/aws_robomaker_racetrack_world/share/aws_robomaker_racetrack_world/models/aws_robomaker_racetrack_Light_01/model.config
[0.358s] -- Up-to-date symlink: /home/embedded/ros2_ws/install/aws_robomaker_racetrack_world/share/aws_robomaker_racetrack_world/models/aws_robomaker_racetrack_Light_01/model.sdf
[0.358s] -- Up-to-date symlink: /home/embedded/ros2_ws/install/aws_robomaker_racetrack_world/share/aws_robomaker_racetrack_world/models/aws_robomaker_racetrack_RaceStartLight_01/materials/textures/aws_RaceStartLight_01.png
[0.358s] -- Up-to-date symlink: /home/embedded/ros2_ws/install/aws_robomaker_racetrack_world/share/aws_robomaker_racetrack_world/models/aws_robomaker_racetrack_RaceStartLight_01/meshes/aws_RaceStartLight_01_collision.DAE
[0.358s] -- Up-to-date symlink: /home/embedded/ros2_ws/install/aws_robomaker_racetrack_world/share/aws_robomaker_racetrack_world/models/aws_robomaker_racetrack_RaceStartLight_01/meshes/aws_RaceStartLight_01_visual.DAE
[0.358s] -- Up-to-date symlink: /home/embedded/ros2_ws/install/aws_robomaker_racetrack_world/share/aws_robomaker_racetrack_world/models/aws_robomaker_racetrack_RaceStartLight_01/model.config
[0.358s] -- Up-to-date symlink: /home/embedded/ros2_ws/install/aws_robomaker_racetrack_world/share/aws_robomaker_racetrack_world/models/aws_robomaker_racetrack_RaceStartLight_01/model.sdf
[0.358s] -- Up-to-date symlink: /home/embedded/ros2_ws/install/aws_robomaker_racetrack_world/share/aws_robomaker_racetrack_world/models/aws_robomaker_racetrack_StonePier_01/materials/textures/aws_StonePier_01.png
[0.359s] -- Up-to-date symlink: /home/embedded/ros2_ws/install/aws_robomaker_racetrack_world/share/aws_robomaker_racetrack_world/models/aws_robomaker_racetrack_StonePier_01/meshes/aws_StonePier_01_collision.DAE
[0.359s] -- Up-to-date symlink: /home/embedded/ros2_ws/install/aws_robomaker_racetrack_world/share/aws_robomaker_racetrack_world/models/aws_robomaker_racetrack_StonePier_01/meshes/aws_StonePier_01_visual.DAE
[0.359s] -- Up-to-date symlink: /home/embedded/ros2_ws/install/aws_robomaker_racetrack_world/share/aws_robomaker_racetrack_world/models/aws_robomaker_racetrack_StonePier_01/model.config
[0.359s] -- Up-to-date symlink: /home/embedded/ros2_ws/install/aws_robomaker_racetrack_world/share/aws_robomaker_racetrack_world/models/aws_robomaker_racetrack_StonePier_01/model.sdf
[0.359s] -- Up-to-date symlink: /home/embedded/ros2_ws/install/aws_robomaker_racetrack_world/share/aws_robomaker_racetrack_world/models/aws_robomaker_racetrack_StopSign_01/materials/textures/aws_StopSign_01.png
[0.359s] -- Up-to-date symlink: /home/embedded/ros2_ws/install/aws_robomaker_racetrack_world/share/aws_robomaker_racetrack_world/models/aws_robomaker_racetrack_StopSign_01/meshes/aws_StopSign_01_collision.DAE
[0.359s] -- Up-to-date symlink: /home/embedded/ros2_ws/install/aws_robomaker_racetrack_world/share/aws_robomaker_racetrack_world/models/aws_robomaker_racetrack_StopSign_01/meshes/aws_StopSign_01_visual.DAE
[0.359s] -- Up-to-date symlink: /home/embedded/ros2_ws/install/aws_robomaker_racetrack_world/share/aws_robomaker_racetrack_world/models/aws_robomaker_racetrack_StopSign_01/model.config
[0.359s] -- Up-to-date symlink: /home/embedded/ros2_ws/install/aws_robomaker_racetrack_world/share/aws_robomaker_racetrack_world/models/aws_robomaker_racetrack_StopSign_01/model.sdf
[0.360s] -- Up-to-date symlink: /home/embedded/ros2_ws/install/aws_robomaker_racetrack_world/share/aws_robomaker_racetrack_world/models/aws_robomaker_racetrack_Track_01/materials/textures/aws_Track_01.png
[0.362s] -- Up-to-date symlink: /home/embedded/ros2_ws/install/aws_robomaker_racetrack_world/share/aws_robomaker_racetrack_world/models/aws_robomaker_racetrack_Track_01/materials/textures/aws_Track_01A.png
[0.362s] -- Up-to-date symlink: /home/embedded/ros2_ws/install/aws_robomaker_racetrack_world/share/aws_robomaker_racetrack_world/models/aws_robomaker_racetrack_Track_01/meshes/aws_Track_01_collision.DAE
[0.363s] -- Up-to-date symlink: /home/embedded/ros2_ws/install/aws_robomaker_racetrack_world/share/aws_robomaker_racetrack_world/models/aws_robomaker_racetrack_Track_01/meshes/aws_Track_01_visual.DAE
[0.363s] -- Up-to-date symlink: /home/embedded/ros2_ws/install/aws_robomaker_racetrack_world/share/aws_robomaker_racetrack_world/models/aws_robomaker_racetrack_Track_01/model.config
[0.363s] -- Up-to-date symlink: /home/embedded/ros2_ws/install/aws_robomaker_racetrack_world/share/aws_robomaker_racetrack_world/models/aws_robomaker_racetrack_Track_01/model.sdf
[0.366s] -- Up-to-date symlink: /home/embedded/ros2_ws/install/aws_robomaker_racetrack_world/share/aws_robomaker_racetrack_world/models/aws_robomaker_racetrack_Track_02/materials/textures/aws_Track_02.png
[0.367s] -- Up-to-date symlink: /home/embedded/ros2_ws/install/aws_robomaker_racetrack_world/share/aws_robomaker_racetrack_world/models/aws_robomaker_racetrack_Track_02/materials/textures/aws_Track_02B.png
[0.367s] -- Up-to-date symlink: /home/embedded/ros2_ws/install/aws_robomaker_racetrack_world/share/aws_robomaker_racetrack_world/models/aws_robomaker_racetrack_Track_02/meshes/aws_Track_02_collision.DAE
[0.367s] -- Up-to-date symlink: /home/embedded/ros2_ws/install/aws_robomaker_racetrack_world/share/aws_robomaker_racetrack_world/models/aws_robomaker_racetrack_Track_02/meshes/aws_Track_02_visual.DAE
[0.368s] -- Up-to-date symlink: /home/embedded/ros2_ws/install/aws_robomaker_racetrack_world/share/aws_robomaker_racetrack_world/models/aws_robomaker_racetrack_Track_02/model.config
[0.368s] -- Up-to-date symlink: /home/embedded/ros2_ws/install/aws_robomaker_racetrack_world/share/aws_robomaker_racetrack_world/models/aws_robomaker_racetrack_Track_02/model.sdf
[0.368s] -- Up-to-date symlink: /home/embedded/ros2_ws/install/aws_robomaker_racetrack_world/share/aws_robomaker_racetrack_world/models/aws_robomaker_racetrack_Track_03/materials/textures/aws_Track_03.png
[0.368s] -- Up-to-date symlink: /home/embedded/ros2_ws/install/aws_robomaker_racetrack_world/share/aws_robomaker_racetrack_world/models/aws_robomaker_racetrack_Track_03/materials/textures/aws_Track_03B.png
[0.368s] -- Up-to-date symlink: /home/embedded/ros2_ws/install/aws_robomaker_racetrack_world/share/aws_robomaker_racetrack_world/models/aws_robomaker_racetrack_Track_03/meshes/aws_Track_03_collision.DAE
[0.368s] -- Up-to-date symlink: /home/embedded/ros2_ws/install/aws_robomaker_racetrack_world/share/aws_robomaker_racetrack_world/models/aws_robomaker_racetrack_Track_03/meshes/aws_Track_03_visual.DAE
[0.368s] -- Up-to-date symlink: /home/embedded/ros2_ws/install/aws_robomaker_racetrack_world/share/aws_robomaker_racetrack_world/models/aws_robomaker_racetrack_Track_03/model.config
[0.368s] -- Up-to-date symlink: /home/embedded/ros2_ws/install/aws_robomaker_racetrack_world/share/aws_robomaker_racetrack_world/models/aws_robomaker_racetrack_Track_03/model.sdf
[0.369s] -- Up-to-date symlink: /home/embedded/ros2_ws/install/aws_robomaker_racetrack_world/share/aws_robomaker_racetrack_world/models/aws_robomaker_racetrack_Track_04/materials/textures/aws_Track_04.png
[0.369s] -- Up-to-date symlink: /home/embedded/ros2_ws/install/aws_robomaker_racetrack_world/share/aws_robomaker_racetrack_world/models/aws_robomaker_racetrack_Track_04/materials/textures/aws_Track_04B.png
[0.375s] -- Up-to-date symlink: /home/embedded/ros2_ws/install/aws_robomaker_racetrack_world/share/aws_robomaker_racetrack_world/models/aws_robomaker_racetrack_Track_04/meshes/aws_Track_04_collision.DAE
[0.375s] -- Up-to-date symlink: /home/embedded/ros2_ws/install/aws_robomaker_racetrack_world/share/aws_robomaker_racetrack_world/models/aws_robomaker_racetrack_Track_04/meshes/aws_Track_04_visual.DAE
[0.375s] -- Up-to-date symlink: /home/embedded/ros2_ws/install/aws_robomaker_racetrack_world/share/aws_robomaker_racetrack_world/models/aws_robomaker_racetrack_Track_04/model.config
[0.375s] -- Up-to-date symlink: /home/embedded/ros2_ws/install/aws_robomaker_racetrack_world/share/aws_robomaker_racetrack_world/models/aws_robomaker_racetrack_Track_04/model.sdf
[0.376s] -- Up-to-date symlink: /home/embedded/ros2_ws/install/aws_robomaker_racetrack_world/share/aws_robomaker_racetrack_world/models/aws_robomaker_racetrack_Track_05/materials/aws_Track_05.png
[0.376s] -- Up-to-date symlink: /home/embedded/ros2_ws/install/aws_robomaker_racetrack_world/share/aws_robomaker_racetrack_world/models/aws_robomaker_racetrack_Track_05/materials/aws_Track_05B.png
[0.376s] -- Up-to-date symlink: /home/embedded/ros2_ws/install/aws_robomaker_racetrack_world/share/aws_robomaker_racetrack_world/models/aws_robomaker_racetrack_Track_05/materials/aws_Track_05C.png
[0.376s] -- Up-to-date symlink: /home/embedded/ros2_ws/install/aws_robomaker_racetrack_world/share/aws_robomaker_racetrack_world/models/aws_robomaker_racetrack_Track_05/materials/textures/aws_Track_05.png
[0.376s] -- Up-to-date symlink: /home/embedded/ros2_ws/install/aws_robomaker_racetrack_world/share/aws_robomaker_racetrack_world/models/aws_robomaker_racetrack_Track_05/materials/textures/aws_Track_05B.png
[0.376s] -- Up-to-date symlink: /home/embedded/ros2_ws/install/aws_robomaker_racetrack_world/share/aws_robomaker_racetrack_world/models/aws_robomaker_racetrack_Track_05/materials/textures/aws_Track_05C.png
[0.376s] -- Up-to-date symlink: /home/embedded/ros2_ws/install/aws_robomaker_racetrack_world/share/aws_robomaker_racetrack_world/models/aws_robomaker_racetrack_Track_05/meshes/aws_Track_05_collision.DAE
[0.376s] -- Up-to-date symlink: /home/embedded/ros2_ws/install/aws_robomaker_racetrack_world/share/aws_robomaker_racetrack_world/models/aws_robomaker_racetrack_Track_05/meshes/aws_Track_05_visual.DAE
[0.376s] -- Up-to-date symlink: /home/embedded/ros2_ws/install/aws_robomaker_racetrack_world/share/aws_robomaker_racetrack_world/models/aws_robomaker_racetrack_Track_05/model.config
[0.382s] -- Up-to-date symlink: /home/embedded/ros2_ws/install/aws_robomaker_racetrack_world/share/aws_robomaker_racetrack_world/models/aws_robomaker_racetrack_Track_05/model.sdf
[0.383s] -- Up-to-date symlink: /home/embedded/ros2_ws/install/aws_robomaker_racetrack_world/share/aws_robomaker_racetrack_world/models/aws_robomaker_racetrack_Trackline_01/materials/textures/aws_Trackline_01.png
[0.384s] -- Up-to-date symlink: /home/embedded/ros2_ws/install/aws_robomaker_racetrack_world/share/aws_robomaker_racetrack_world/models/aws_robomaker_racetrack_Trackline_01/meshes/aws_Trackline_01_collision.DAE
[0.384s] -- Up-to-date symlink: /home/embedded/ros2_ws/install/aws_robomaker_racetrack_world/share/aws_robomaker_racetrack_world/models/aws_robomaker_racetrack_Trackline_01/meshes/aws_Trackline_01_visual.DAE
[0.384s] -- Up-to-date symlink: /home/embedded/ros2_ws/install/aws_robomaker_racetrack_world/share/aws_robomaker_racetrack_world/models/aws_robomaker_racetrack_Trackline_01/model.config
[0.384s] -- Up-to-date symlink: /home/embedded/ros2_ws/install/aws_robomaker_racetrack_world/share/aws_robomaker_racetrack_world/models/aws_robomaker_racetrack_Trackline_01/model.sdf
[0.384s] -- Up-to-date symlink: /home/embedded/ros2_ws/install/aws_robomaker_racetrack_world/share/aws_robomaker_racetrack_world/models/aws_robomaker_racetrack_TrafficCone_01/materials/textures/aws_TrafficCone_01.png
[0.384s] -- Up-to-date symlink: /home/embedded/ros2_ws/install/aws_robomaker_racetrack_world/share/aws_robomaker_racetrack_world/models/aws_robomaker_racetrack_TrafficCone_01/meshes/aws_TrafficCone_01_coliision.DAE
[0.385s] -- Up-to-date symlink: /home/embedded/ros2_ws/install/aws_robomaker_racetrack_world/share/aws_robomaker_racetrack_world/models/aws_robomaker_racetrack_TrafficCone_01/meshes/aws_TrafficCone_01_visual.DAE
[0.385s] -- Up-to-date symlink: /home/embedded/ros2_ws/install/aws_robomaker_racetrack_world/share/aws_robomaker_racetrack_world/models/aws_robomaker_racetrack_TrafficCone_01/model.config
[0.387s] -- Up-to-date symlink: /home/embedded/ros2_ws/install/aws_robomaker_racetrack_world/share/aws_robomaker_racetrack_world/models/aws_robomaker_racetrack_TrafficCone_01/model.sdf
[0.388s] -- Up-to-date symlink: /home/embedded/ros2_ws/install/aws_robomaker_racetrack_world/share/aws_robomaker_racetrack_world/models/aws_robomaker_racetrack_Wall_01/materials/textures/aws_Wall_01.png
[0.388s] -- Up-to-date symlink: /home/embedded/ros2_ws/install/aws_robomaker_racetrack_world/share/aws_robomaker_racetrack_world/models/aws_robomaker_racetrack_Wall_01/meshes/aws_Wall_01_collision.DAE
[0.388s] -- Up-to-date symlink: /home/embedded/ros2_ws/install/aws_robomaker_racetrack_world/share/aws_robomaker_racetrack_world/models/aws_robomaker_racetrack_Wall_01/meshes/aws_Wall_01_visual.DAE
[0.388s] -- Up-to-date symlink: /home/embedded/ros2_ws/install/aws_robomaker_racetrack_world/share/aws_robomaker_racetrack_world/models/aws_robomaker_racetrack_Wall_01/model.config
[0.388s] -- Up-to-date symlink: /home/embedded/ros2_ws/install/aws_robomaker_racetrack_world/share/aws_robomaker_racetrack_world/models/aws_robomaker_racetrack_Wall_01/model.sdf
[0.388s] -- Up-to-date symlink: /home/embedded/ros2_ws/install/aws_robomaker_racetrack_world/share/aws_robomaker_racetrack_world/worlds/racetrack_day.world
[0.388s] -- Up-to-date symlink: /home/embedded/ros2_ws/install/aws_robomaker_racetrack_world/share/aws_robomaker_racetrack_world/worlds/racetrack_day_empty.world
[0.388s] -- Up-to-date symlink: /home/embedded/ros2_ws/install/aws_robomaker_racetrack_world/share/aws_robomaker_racetrack_world/worlds/racetrack_night.world
[0.389s] -- Up-to-date symlink: /home/embedded/ros2_ws/install/aws_robomaker_racetrack_world/share/ament_index/resource_index/package_run_dependencies/aws_robomaker_racetrack_world
[0.389s] -- Up-to-date symlink: /home/embedded/ros2_ws/install/aws_robomaker_racetrack_world/share/ament_index/resource_index/parent_prefix_path/aws_robomaker_racetrack_world
[0.389s] -- Up-to-date symlink: /home/embedded/ros2_ws/install/aws_robomaker_racetrack_world/share/aws_robomaker_racetrack_world/environment/ament_prefix_path.sh
[0.389s] -- Up-to-date symlink: /home/embedded/ros2_ws/install/aws_robomaker_racetrack_world/share/aws_robomaker_racetrack_world/environment/ament_prefix_path.dsv
[0.389s] -- Up-to-date symlink: /home/embedded/ros2_ws/install/aws_robomaker_racetrack_world/share/aws_robomaker_racetrack_world/environment/path.sh
[0.389s] -- Up-to-date symlink: /home/embedded/ros2_ws/install/aws_robomaker_racetrack_world/share/aws_robomaker_racetrack_world/environment/path.dsv
[0.389s] -- Up-to-date symlink: /home/embedded/ros2_ws/install/aws_robomaker_racetrack_world/share/aws_robomaker_racetrack_world/local_setup.bash
[0.389s] -- Up-to-date symlink: /home/embedded/ros2_ws/install/aws_robomaker_racetrack_world/share/aws_robomaker_racetrack_world/local_setup.sh
[0.392s] -- Up-to-date symlink: /home/embedded/ros2_ws/install/aws_robomaker_racetrack_world/share/aws_robomaker_racetrack_world/local_setup.zsh
[0.392s] -- Up-to-date symlink: /home/embedded/ros2_ws/install/aws_robomaker_racetrack_world/share/aws_robomaker_racetrack_world/local_setup.dsv
[0.392s] -- Symlinking: /home/embedded/ros2_ws/install/aws_robomaker_racetrack_world/share/aws_robomaker_racetrack_world/package.dsv
[0.436s] -- Up-to-date symlink: /home/embedded/ros2_ws/install/aws_robomaker_racetrack_world/share/ament_index/resource_index/packages/aws_robomaker_racetrack_world
[0.436s] -- Up-to-date symlink: /home/embedded/ros2_ws/install/aws_robomaker_racetrack_world/share/aws_robomaker_racetrack_world/cmake/ament_cmake_export_dependencies-extras.cmake
[0.436s] -- Up-to-date symlink: /home/embedded/ros2_ws/install/aws_robomaker_racetrack_world/share/aws_robomaker_racetrack_world/cmake/aws_robomaker_racetrack_worldConfig.cmake
[0.436s] -- Up-to-date symlink: /home/embedded/ros2_ws/install/aws_robomaker_racetrack_world/share/aws_robomaker_racetrack_world/cmake/aws_robomaker_racetrack_worldConfig-version.cmake
[0.436s] -- Up-to-date symlink: /home/embedded/ros2_ws/install/aws_robomaker_racetrack_world/share/aws_robomaker_racetrack_world/package.xml
[0.445s] Invoked command in '/home/embedded/ros2_ws/build/aws_robomaker_racetrack_world' returned '0': CMAKE_PREFIX_PATH=${CMAKE_PREFIX_PATH}:/opt/ros/jazzy /usr/bin/cmake --install /home/embedded/ros2_ws/build/aws_robomaker_racetrack_world
