[0.371s] Invoking command in '/home/embedded/ros2_ws/build/ecl_time': AMENT_PREFIX_PATH=/home/embedded/ros2_ws/install/ecl_time_lite:/home/embedded/ros2_ws/install/ecl_exceptions:/home/embedded/ros2_ws/install/ecl_errors:/home/embedded/ros2_ws/install/ecl_config:${AMENT_PREFIX_PATH} CMAKE_PREFIX_PATH=/home/embedded/ros2_ws/install/ecl_time_lite:/home/embedded/ros2_ws/install/ecl_exceptions:/home/embedded/ros2_ws/install/ecl_errors:/home/embedded/ros2_ws/install/ecl_config:/opt/ros/jazzy/opt/gz_sim_vendor:/opt/ros/jazzy/opt/gz_sensors_vendor:/opt/ros/jazzy/opt/gz_physics_vendor:/opt/ros/jazzy/opt/sdformat_vendor:/opt/ros/jazzy/opt/gz_gui_vendor:/opt/ros/jazzy/opt/gz_transport_vendor:/opt/ros/jazzy/opt/gz_rendering_vendor:/opt/ros/jazzy/opt/gz_plugin_vendor:/opt/ros/jazzy/opt/gz_fuel_tools_vendor:/opt/ros/jazzy/opt/gz_msgs_vendor:/opt/ros/jazzy/opt/gz_common_vendor:/opt/ros/jazzy/opt/gz_tools_vendor:/opt/ros/jazzy/opt/gz_ogre_next_vendor:/opt/ros/jazzy/opt/gz_dartsim_vendor:/opt/ros/jazzy/opt/gz_math_vendor:/opt/ros/jazzy/opt/gz_utils_vendor:/opt/ros/jazzy/opt/gz_cmake_vendor:/opt/ros/jazzy LD_LIBRARY_PATH=/home/embedded/ros2_ws/install/ecl_time_lite/lib:/home/embedded/ros2_ws/install/ecl_exceptions/lib:/home/embedded/ros2_ws/install/ecl_errors/lib:${LD_LIBRARY_PATH} PATH=/home/embedded/ros2_ws/install/ecl_config/bin:${PATH} /usr/bin/cmake --build /home/embedded/ros2_ws/build/ecl_time -- -j4 -l4
[0.578s] [  5%] Built target gtest_main
[0.626s] [ 11%] Built target gtest
[0.633s] [ 47%] Built target ecl_time
[0.731s] [ 52%] Built target ecl_test_snooze
[0.765s] [ 58%] Built target ecl_test_frequency
[0.774s] [ 64%] Built target ecl_test_sleep
[0.778s] [ 70%] Built target ecl_test_cpuwatch_rt
[0.838s] [ 76%] Built target ecl_test_timestamp
[0.842s] [ 82%] Built target ecl_time_example_random_number_generator
[0.850s] [ 88%] Built target ecl_test_stopwatch
[0.864s] [ 94%] Built target ecl_test_time_data
[0.896s] [100%] Built target ecl_time_example_sleep
[1.022s] Invoked command in '/home/embedded/ros2_ws/build/ecl_time' returned '0': AMENT_PREFIX_PATH=/home/embedded/ros2_ws/install/ecl_time_lite:/home/embedded/ros2_ws/install/ecl_exceptions:/home/embedded/ros2_ws/install/ecl_errors:/home/embedded/ros2_ws/install/ecl_config:${AMENT_PREFIX_PATH} CMAKE_PREFIX_PATH=/home/embedded/ros2_ws/install/ecl_time_lite:/home/embedded/ros2_ws/install/ecl_exceptions:/home/embedded/ros2_ws/install/ecl_errors:/home/embedded/ros2_ws/install/ecl_config:/opt/ros/jazzy/opt/gz_sim_vendor:/opt/ros/jazzy/opt/gz_sensors_vendor:/opt/ros/jazzy/opt/gz_physics_vendor:/opt/ros/jazzy/opt/sdformat_vendor:/opt/ros/jazzy/opt/gz_gui_vendor:/opt/ros/jazzy/opt/gz_transport_vendor:/opt/ros/jazzy/opt/gz_rendering_vendor:/opt/ros/jazzy/opt/gz_plugin_vendor:/opt/ros/jazzy/opt/gz_fuel_tools_vendor:/opt/ros/jazzy/opt/gz_msgs_vendor:/opt/ros/jazzy/opt/gz_common_vendor:/opt/ros/jazzy/opt/gz_tools_vendor:/opt/ros/jazzy/opt/gz_ogre_next_vendor:/opt/ros/jazzy/opt/gz_dartsim_vendor:/opt/ros/jazzy/opt/gz_math_vendor:/opt/ros/jazzy/opt/gz_utils_vendor:/opt/ros/jazzy/opt/gz_cmake_vendor:/opt/ros/jazzy LD_LIBRARY_PATH=/home/embedded/ros2_ws/install/ecl_time_lite/lib:/home/embedded/ros2_ws/install/ecl_exceptions/lib:/home/embedded/ros2_ws/install/ecl_errors/lib:${LD_LIBRARY_PATH} PATH=/home/embedded/ros2_ws/install/ecl_config/bin:${PATH} /usr/bin/cmake --build /home/embedded/ros2_ws/build/ecl_time -- -j4 -l4
[1.025s] Invoking command in '/home/embedded/ros2_ws/build/ecl_time': AMENT_PREFIX_PATH=/home/embedded/ros2_ws/install/ecl_time_lite:/home/embedded/ros2_ws/install/ecl_exceptions:/home/embedded/ros2_ws/install/ecl_errors:/home/embedded/ros2_ws/install/ecl_config:${AMENT_PREFIX_PATH} CMAKE_PREFIX_PATH=/home/embedded/ros2_ws/install/ecl_time_lite:/home/embedded/ros2_ws/install/ecl_exceptions:/home/embedded/ros2_ws/install/ecl_errors:/home/embedded/ros2_ws/install/ecl_config:/opt/ros/jazzy/opt/gz_sim_vendor:/opt/ros/jazzy/opt/gz_sensors_vendor:/opt/ros/jazzy/opt/gz_physics_vendor:/opt/ros/jazzy/opt/sdformat_vendor:/opt/ros/jazzy/opt/gz_gui_vendor:/opt/ros/jazzy/opt/gz_transport_vendor:/opt/ros/jazzy/opt/gz_rendering_vendor:/opt/ros/jazzy/opt/gz_plugin_vendor:/opt/ros/jazzy/opt/gz_fuel_tools_vendor:/opt/ros/jazzy/opt/gz_msgs_vendor:/opt/ros/jazzy/opt/gz_common_vendor:/opt/ros/jazzy/opt/gz_tools_vendor:/opt/ros/jazzy/opt/gz_ogre_next_vendor:/opt/ros/jazzy/opt/gz_dartsim_vendor:/opt/ros/jazzy/opt/gz_math_vendor:/opt/ros/jazzy/opt/gz_utils_vendor:/opt/ros/jazzy/opt/gz_cmake_vendor:/opt/ros/jazzy LD_LIBRARY_PATH=/home/embedded/ros2_ws/install/ecl_time_lite/lib:/home/embedded/ros2_ws/install/ecl_exceptions/lib:/home/embedded/ros2_ws/install/ecl_errors/lib:${LD_LIBRARY_PATH} PATH=/home/embedded/ros2_ws/install/ecl_config/bin:${PATH} /usr/bin/cmake --install /home/embedded/ros2_ws/build/ecl_time
[1.045s] -- Install configuration: ""
[1.045s] -- Execute custom install script
[1.046s] -- Up-to-date symlink: /home/embedded/ros2_ws/install/ecl_time/include/ecl/time/cpuwatch.hpp
[1.047s] -- Up-to-date symlink: /home/embedded/ros2_ws/install/ecl_time/include/ecl/time/cpuwatch_rt.hpp
[1.047s] -- Up-to-date symlink: /home/embedded/ros2_ws/install/ecl_time/include/ecl/time/duration.hpp
[1.048s] -- Up-to-date symlink: /home/embedded/ros2_ws/install/ecl_time/include/ecl/time/frequency.hpp
[1.048s] -- Up-to-date symlink: /home/embedded/ros2_ws/install/ecl_time/include/ecl/time/macros.hpp
[1.049s] -- Up-to-date symlink: /home/embedded/ros2_ws/install/ecl_time/include/ecl/time/random_number_generator.hpp
[1.049s] -- Up-to-date symlink: /home/embedded/ros2_ws/install/ecl_time/include/ecl/time/sleep.hpp
[1.049s] -- Up-to-date symlink: /home/embedded/ros2_ws/install/ecl_time/include/ecl/time/sleep_pos.hpp
[1.050s] -- Up-to-date symlink: /home/embedded/ros2_ws/install/ecl_time/include/ecl/time/sleep_win.hpp
[1.050s] -- Up-to-date symlink: /home/embedded/ros2_ws/install/ecl_time/include/ecl/time/snooze.hpp
[1.050s] -- Up-to-date symlink: /home/embedded/ros2_ws/install/ecl_time/include/ecl/time/snooze_pos.hpp
[1.050s] -- Up-to-date symlink: /home/embedded/ros2_ws/install/ecl_time/include/ecl/time/snooze_win.hpp
[1.051s] -- Up-to-date symlink: /home/embedded/ros2_ws/install/ecl_time/include/ecl/time/stopwatch.hpp
[1.051s] -- Up-to-date symlink: /home/embedded/ros2_ws/install/ecl_time/include/ecl/time/time_data.hpp
[1.051s] -- Up-to-date symlink: /home/embedded/ros2_ws/install/ecl_time/include/ecl/time/timestamp.hpp
[1.051s] -- Up-to-date symlink: /home/embedded/ros2_ws/install/ecl_time/include/ecl/time/timestamp_base.hpp
[1.052s] -- Up-to-date symlink: /home/embedded/ros2_ws/install/ecl_time/include/ecl/time/timestamp_pos.hpp
[1.052s] -- Up-to-date symlink: /home/embedded/ros2_ws/install/ecl_time/include/ecl/time/timestamp_win.hpp
[1.052s] -- Up-to-date symlink: /home/embedded/ros2_ws/install/ecl_time/include/ecl/time.hpp
[1.052s] -- Up-to-date symlink: /home/embedded/ros2_ws/install/ecl_time/lib/ecl_time/demo_random_number_generator
[1.052s] -- Up-to-date symlink: /home/embedded/ros2_ws/install/ecl_time/lib/ecl_time/demo_sleep
[1.052s] -- Up-to-date symlink: /home/embedded/ros2_ws/install/ecl_time/share/ecl_time/environment/library_path.sh
[1.052s] -- Up-to-date symlink: /home/embedded/ros2_ws/install/ecl_time/share/ecl_time/environment/library_path.dsv
[1.052s] -- Up-to-date symlink: /home/embedded/ros2_ws/install/ecl_time/share/ament_index/resource_index/package_run_dependencies/ecl_time
[1.053s] -- Up-to-date symlink: /home/embedded/ros2_ws/install/ecl_time/share/ament_index/resource_index/parent_prefix_path/ecl_time
[1.053s] -- Up-to-date symlink: /home/embedded/ros2_ws/install/ecl_time/share/ecl_time/environment/ament_prefix_path.sh
[1.053s] -- Up-to-date symlink: /home/embedded/ros2_ws/install/ecl_time/share/ecl_time/environment/ament_prefix_path.dsv
[1.053s] -- Up-to-date symlink: /home/embedded/ros2_ws/install/ecl_time/share/ecl_time/environment/path.sh
[1.053s] -- Up-to-date symlink: /home/embedded/ros2_ws/install/ecl_time/share/ecl_time/environment/path.dsv
[1.053s] -- Up-to-date symlink: /home/embedded/ros2_ws/install/ecl_time/share/ecl_time/local_setup.bash
[1.053s] -- Up-to-date symlink: /home/embedded/ros2_ws/install/ecl_time/share/ecl_time/local_setup.sh
[1.053s] -- Up-to-date symlink: /home/embedded/ros2_ws/install/ecl_time/share/ecl_time/local_setup.zsh
[1.053s] -- Up-to-date symlink: /home/embedded/ros2_ws/install/ecl_time/share/ecl_time/local_setup.dsv
[1.053s] -- Symlinking: /home/embedded/ros2_ws/install/ecl_time/share/ecl_time/package.dsv
[1.071s] -- Up-to-date symlink: /home/embedded/ros2_ws/install/ecl_time/share/ament_index/resource_index/packages/ecl_time
[1.071s] -- Up-to-date symlink: /home/embedded/ros2_ws/install/ecl_time/share/ecl_time/cmake/ament_cmake_export_targets-extras.cmake
[1.071s] -- Up-to-date symlink: /home/embedded/ros2_ws/install/ecl_time/share/ecl_time/cmake/ament_cmake_export_include_directories-extras.cmake
[1.072s] -- Up-to-date symlink: /home/embedded/ros2_ws/install/ecl_time/share/ecl_time/cmake/ament_cmake_export_libraries-extras.cmake
[1.072s] -- Up-to-date symlink: /home/embedded/ros2_ws/install/ecl_time/share/ecl_time/cmake/ament_cmake_export_dependencies-extras.cmake
[1.072s] -- Up-to-date symlink: /home/embedded/ros2_ws/install/ecl_time/share/ecl_time/cmake/ecl_timeConfig.cmake
[1.072s] -- Up-to-date symlink: /home/embedded/ros2_ws/install/ecl_time/share/ecl_time/cmake/ecl_timeConfig-version.cmake
[1.072s] -- Up-to-date symlink: /home/embedded/ros2_ws/install/ecl_time/share/ecl_time/package.xml
[1.073s] -- Up-to-date: /home/embedded/ros2_ws/install/ecl_time/share/ecl_time/cmake/ecl_timeExport.cmake
[1.073s] -- Up-to-date: /home/embedded/ros2_ws/install/ecl_time/share/ecl_time/cmake/ecl_timeExport-noconfig.cmake
[1.074s] -- Up-to-date: /home/embedded/ros2_ws/install/ecl_time/lib/libecl_time.so.1.2.1
[1.074s] -- Up-to-date: /home/embedded/ros2_ws/install/ecl_time/lib/libecl_time.so
[1.156s] Invoked command in '/home/embedded/ros2_ws/build/ecl_time' returned '0': AMENT_PREFIX_PATH=/home/embedded/ros2_ws/install/ecl_time_lite:/home/embedded/ros2_ws/install/ecl_exceptions:/home/embedded/ros2_ws/install/ecl_errors:/home/embedded/ros2_ws/install/ecl_config:${AMENT_PREFIX_PATH} CMAKE_PREFIX_PATH=/home/embedded/ros2_ws/install/ecl_time_lite:/home/embedded/ros2_ws/install/ecl_exceptions:/home/embedded/ros2_ws/install/ecl_errors:/home/embedded/ros2_ws/install/ecl_config:/opt/ros/jazzy/opt/gz_sim_vendor:/opt/ros/jazzy/opt/gz_sensors_vendor:/opt/ros/jazzy/opt/gz_physics_vendor:/opt/ros/jazzy/opt/sdformat_vendor:/opt/ros/jazzy/opt/gz_gui_vendor:/opt/ros/jazzy/opt/gz_transport_vendor:/opt/ros/jazzy/opt/gz_rendering_vendor:/opt/ros/jazzy/opt/gz_plugin_vendor:/opt/ros/jazzy/opt/gz_fuel_tools_vendor:/opt/ros/jazzy/opt/gz_msgs_vendor:/opt/ros/jazzy/opt/gz_common_vendor:/opt/ros/jazzy/opt/gz_tools_vendor:/opt/ros/jazzy/opt/gz_ogre_next_vendor:/opt/ros/jazzy/opt/gz_dartsim_vendor:/opt/ros/jazzy/opt/gz_math_vendor:/opt/ros/jazzy/opt/gz_utils_vendor:/opt/ros/jazzy/opt/gz_cmake_vendor:/opt/ros/jazzy LD_LIBRARY_PATH=/home/embedded/ros2_ws/install/ecl_time_lite/lib:/home/embedded/ros2_ws/install/ecl_exceptions/lib:/home/embedded/ros2_ws/install/ecl_errors/lib:${LD_LIBRARY_PATH} PATH=/home/embedded/ros2_ws/install/ecl_config/bin:${PATH} /usr/bin/cmake --install /home/embedded/ros2_ws/build/ecl_time
