[0.026s] Invoking command in '/home/embedded/ros2_ws/build/openni2_camera': CMAKE_PREFIX_PATH=${CMAKE_PREFIX_PATH}:/opt/ros/jazzy /usr/bin/cmake /home/embedded/ros2_ws/src/ThirdParty/openni2_camera/openni2_camera -DAMENT_CMAKE_SYMLINK_INSTALL=1 -DCMAKE_INSTALL_PREFIX=/home/embedded/ros2_ws/install/openni2_camera
[0.086s] -- Found ament_cmake: 2.5.4 (/opt/ros/jazzy/share/ament_cmake/cmake)
[0.911s] -- Override CMake install command with custom implementation using symlinks instead of copying resources
[0.929s] -- Found builtin_interfaces: 2.0.2 (/opt/ros/jazzy/share/builtin_interfaces/cmake)
[1.010s] -- Found rosidl_generator_c: 4.6.5 (/opt/ros/jazzy/share/rosidl_generator_c/cmake)
[1.040s] -- Found rosidl_generator_cpp: 4.6.5 (/opt/ros/jazzy/share/rosidl_generator_cpp/cmake)
[1.088s] -- Using all available rosidl_typesupport_c: rosidl_typesupport_fastrtps_c;rosidl_typesupport_introspection_c
[1.126s] -- Using all available rosidl_typesupport_cpp: rosidl_typesupport_fastrtps_cpp;rosidl_typesupport_introspection_cpp
[1.179s] -- Found camera_info_manager: 5.1.7 (/opt/ros/jazzy/share/camera_info_manager/cmake)
[1.505s] -- Found rmw_implementation_cmake: 7.3.2 (/opt/ros/jazzy/share/rmw_implementation_cmake/cmake)
[1.524s] -- Found rmw_fastrtps_cpp: 8.4.2 (/opt/ros/jazzy/share/rmw_fastrtps_cpp/cmake)
[1.907s] -- Found OpenSSL: /usr/lib/aarch64-linux-gnu/libcrypto.so (found version "3.0.13")  
[1.992s] -- Found FastRTPS: /opt/ros/jazzy/include (Required is at least version "2.13") 
[2.098s] -- Using RMW implementation 'rmw_fastrtps_cpp' as default
[2.698s] -- Setting yaml-cpp_DIR to: '/opt/ros/jazzy/share/yaml_cpp_vendor/cmake/../../../opt/yaml_cpp_vendor/share/cmake/yaml-cpp'
[2.905s] -- Found image_transport: 5.1.7 (/opt/ros/jazzy/share/image_transport/cmake)
[3.052s] -- Found rclcpp_components: 28.1.10 (/opt/ros/jazzy/share/rclcpp_components/cmake)
[3.201s] -- Found rosidl_default_generators: 1.6.0 (/opt/ros/jazzy/share/rosidl_default_generators/cmake)
[3.271s] -- Found rosidl_adapter: 4.6.5 (/opt/ros/jazzy/share/rosidl_adapter/cmake)
[3.283s] -- Found PkgConfig: /usr/bin/pkg-config (found version "1.8.1") 
[3.283s] -- Checking for module 'libopenni2'
[3.350s] --   Found libopenni2, version 2.2.0.3
[6.017s] -- Found ament_cmake_ros: 0.12.0 (/opt/ros/jazzy/share/ament_cmake_ros/cmake)
[9.626s] -- Using all available rosidl_typesupport_c: rosidl_typesupport_fastrtps_c;rosidl_typesupport_introspection_c
[10.748s] -- Using all available rosidl_typesupport_cpp: rosidl_typesupport_fastrtps_cpp;rosidl_typesupport_introspection_cpp
[10.770s] -- Found python_cmake_module: 0.11.1 (/opt/ros/jazzy/share/python_cmake_module/cmake)
[11.529s] -- Found PythonExtra: /usr/bin/python3  
[13.530s] -- Found Python3: /usr/bin/python3 (found version "3.12.3") found components: Interpreter Development NumPy Development.Module Development.Embed 
[13.818s] -- Configuring done (13.7s)
[14.368s] -- Generating done (0.4s)
[14.538s] -- Build files have been written to: /home/embedded/ros2_ws/build/openni2_camera
[14.667s] Invoked command in '/home/embedded/ros2_ws/build/openni2_camera' returned '0': CMAKE_PREFIX_PATH=${CMAKE_PREFIX_PATH}:/opt/ros/jazzy /usr/bin/cmake /home/embedded/ros2_ws/src/ThirdParty/openni2_camera/openni2_camera -DAMENT_CMAKE_SYMLINK_INSTALL=1 -DCMAKE_INSTALL_PREFIX=/home/embedded/ros2_ws/install/openni2_camera
[14.668s] Invoking command in '/home/embedded/ros2_ws/build/openni2_camera': CMAKE_PREFIX_PATH=${CMAKE_PREFIX_PATH}:/opt/ros/jazzy /usr/bin/cmake --build /home/embedded/ros2_ws/build/openni2_camera -- -j4 -l4
[15.008s] [  1%] [34m[1mGenerating type hashes for ROS interfaces[0m
[15.081s] [  5%] [32mBuilding CXX object CMakeFiles/openni2_wrapper.dir/src/openni2_convert.cpp.o[0m
[15.081s] [  5%] [32mBuilding CXX object CMakeFiles/openni2_camera_driver.dir/rclcpp_components/node_main_openni2_camera_driver.cpp.o[0m
[15.105s] [  5%] Built target ament_cmake_python_symlink_openni2_camera
[15.204s] [  7%] [32mBuilding C object CMakeFiles/usb_reset.dir/src/usb_reset.c.o[0m
[15.367s] [  9%] [32m[1mLinking C executable usb_reset[0m
[15.641s] [  9%] Built target usb_reset
[16.758s] [  9%] Built target openni2_camera__rosidl_generator_type_description
[17.001s] running egg_info
[17.012s] creating openni2_camera.egg-info
[17.247s] writing openni2_camera.egg-info/PKG-INFO
[17.248s] writing dependency_links to openni2_camera.egg-info/dependency_links.txt
[17.248s] writing top-level names to openni2_camera.egg-info/top_level.txt
[17.250s] writing manifest file 'openni2_camera.egg-info/SOURCES.txt'
[17.982s] [ 11%] [32mBuilding CXX object CMakeFiles/openni2_wrapper.dir/src/openni2_device.cpp.o[0m
[18.008s] reading manifest file 'openni2_camera.egg-info/SOURCES.txt'
[18.016s] writing manifest file 'openni2_camera.egg-info/SOURCES.txt'
[18.403s] [ 11%] Built target ament_cmake_python_build_openni2_camera_egg
[31.272s] [ 13%] [32m[1mLinking CXX executable openni2_camera_driver[0m
[31.291s] [ 15%] [32mBuilding CXX object CMakeFiles/openni2_wrapper.dir/src/openni2_device_info.cpp.o[0m
[31.963s] [ 15%] Built target openni2_camera_driver
[32.503s] [ 16%] [32mBuilding CXX object CMakeFiles/openni2_wrapper.dir/src/openni2_timer_filter.cpp.o[0m
[33.530s] [ 18%] [32mBuilding CXX object CMakeFiles/openni2_wrapper.dir/src/openni2_frame_listener.cpp.o[0m
[47.161s] [ 20%] [32mBuilding CXX object CMakeFiles/openni2_wrapper.dir/src/openni2_device_manager.cpp.o[0m
[55.862s] [ 22%] [32mBuilding CXX object CMakeFiles/openni2_wrapper.dir/src/openni2_exception.cpp.o[0m
[56.688s] [ 24%] [32mBuilding CXX object CMakeFiles/openni2_wrapper.dir/src/openni2_video_mode.cpp.o[0m
[57.575s] [ 26%] [32m[1mLinking CXX shared library libopenni2_wrapper.so[0m
[58.246s] [ 26%] Built target openni2_wrapper
[58.271s] [ 28%] [34m[1mGenerating C code for ROS interfaces[0m
[59.098s] [ 30%] [32mBuilding C object CMakeFiles/openni2_camera__rosidl_generator_c.dir/rosidl_generator_c/openni2_camera/srv/detail/get_serial__description.c.o[0m
[59.211s] [ 32%] [32mBuilding C object CMakeFiles/openni2_camera__rosidl_generator_c.dir/rosidl_generator_c/openni2_camera/srv/detail/get_serial__functions.c.o[0m
[59.445s] [ 33%] [32mBuilding C object CMakeFiles/openni2_camera__rosidl_generator_c.dir/rosidl_generator_c/openni2_camera/srv/detail/get_serial__type_support.c.o[0m
[59.542s] [ 35%] [32m[1mLinking C shared library libopenni2_camera__rosidl_generator_c.so[0m
[59.638s] [ 35%] Built target openni2_camera__rosidl_generator_c
[59.689s] [ 37%] [32mBuilding CXX object CMakeFiles/list_devices.dir/src/list_devices.cpp.o[0m
[65.555s] [ 39%] [32m[1mLinking CXX executable list_devices[0m
[65.900s] [ 39%] Built target list_devices
[65.924s] [ 41%] [34m[1mGenerating C type support for eProsima Fast-RTPS[0m
[66.503s] [ 43%] [32mBuilding CXX object CMakeFiles/openni2_camera__rosidl_typesupport_fastrtps_c.dir/rosidl_typesupport_fastrtps_c/openni2_camera/srv/detail/get_serial__type_support_c.cpp.o[0m
[67.424s] [ 45%] [32m[1mLinking CXX shared library libopenni2_camera__rosidl_typesupport_fastrtps_c.so[0m
[67.597s] [ 45%] Built target openni2_camera__rosidl_typesupport_fastrtps_c
[67.622s] [ 47%] [34m[1mGenerating C introspection for ROS interfaces[0m
[68.127s] [ 49%] [32mBuilding C object CMakeFiles/openni2_camera__rosidl_typesupport_introspection_c.dir/rosidl_typesupport_introspection_c/openni2_camera/srv/detail/get_serial__type_support.c.o[0m
[68.253s] [ 50%] [32m[1mLinking C shared library libopenni2_camera__rosidl_typesupport_introspection_c.so[0m
[68.331s] [ 50%] Built target openni2_camera__rosidl_typesupport_introspection_c
[68.358s] [ 52%] [34m[1mGenerating C type support dispatch for ROS interfaces[0m
[68.822s] [ 54%] [32mBuilding CXX object CMakeFiles/openni2_camera__rosidl_typesupport_c.dir/rosidl_typesupport_c/openni2_camera/srv/get_serial__type_support.cpp.o[0m
[68.915s] [ 56%] [32m[1mLinking CXX shared library libopenni2_camera__rosidl_typesupport_c.so[0m
[69.041s] [ 56%] Built target openni2_camera__rosidl_typesupport_c
[69.082s] [ 58%] [32mBuilding CXX object CMakeFiles/test_wrapper.dir/test/test_wrapper.cpp.o[0m
[74.963s] [ 60%] [32m[1mLinking CXX executable test_wrapper[0m
[75.398s] [ 60%] Built target test_wrapper
[75.445s] [ 62%] [34m[1mGenerating C++ code for ROS interfaces[0m
[75.997s] [ 62%] Built target openni2_camera__cpp
[76.019s] [ 64%] [34m[1mGenerating C++ type support dispatch for ROS interfaces[0m
[76.495s] [ 66%] [32mBuilding CXX object CMakeFiles/openni2_camera__rosidl_typesupport_cpp.dir/rosidl_typesupport_cpp/openni2_camera/srv/get_serial__type_support.cpp.o[0m
[77.251s] [ 67%] [32m[1mLinking CXX shared library libopenni2_camera__rosidl_typesupport_cpp.so[0m
[77.434s] [ 67%] Built target openni2_camera__rosidl_typesupport_cpp
[77.458s] [ 69%] [34m[1mGenerating C++ introspection for ROS interfaces[0m
[77.957s] [ 71%] [32mBuilding CXX object CMakeFiles/openni2_camera__rosidl_typesupport_introspection_cpp.dir/rosidl_typesupport_introspection_cpp/openni2_camera/srv/detail/get_serial__type_support.cpp.o[0m
[78.761s] [ 73%] [32m[1mLinking CXX shared library libopenni2_camera__rosidl_typesupport_introspection_cpp.so[0m
[78.940s] [ 73%] Built target openni2_camera__rosidl_typesupport_introspection_cpp
[78.987s] [ 75%] [32mBuilding CXX object CMakeFiles/openni2_camera_lib.dir/src/openni2_driver.cpp.o[0m
[94.049s] [ 77%] [32m[1mLinking CXX shared library libopenni2_camera_lib.so[0m
[95.121s] [ 77%] Built target openni2_camera_lib
[95.145s] [ 79%] [34m[1mGenerating C++ type support for eProsima Fast-RTPS[0m
[95.728s] [ 81%] [32mBuilding CXX object CMakeFiles/openni2_camera__rosidl_typesupport_fastrtps_cpp.dir/rosidl_typesupport_fastrtps_cpp/openni2_camera/srv/detail/dds_fastrtps/get_serial__type_support.cpp.o[0m
[96.953s] [ 83%] [32m[1mLinking CXX shared library libopenni2_camera__rosidl_typesupport_fastrtps_cpp.so[0m
[97.148s] [ 83%] Built target openni2_camera__rosidl_typesupport_fastrtps_cpp
[97.193s] [ 83%] Built target openni2_camera
[97.240s] [ 84%] [34m[1mGenerating Python code for ROS interfaces[0m
[97.944s] [ 84%] Built target openni2_camera__py
[97.996s] [ 86%] [32mBuilding C object CMakeFiles/openni2_camera__rosidl_generator_py.dir/rosidl_generator_py/openni2_camera/srv/_get_serial_s.c.o[0m
[98.299s] [ 88%] [32m[1mLinking C shared library libopenni2_camera__rosidl_generator_py.so[0m
[98.402s] [ 88%] Built target openni2_camera__rosidl_generator_py
[98.450s] [ 90%] [32mBuilding C object CMakeFiles/openni2_camera_s__rosidl_typesupport_fastrtps_c.dir/rosidl_generator_py/openni2_camera/_openni2_camera_s.ep.rosidl_typesupport_fastrtps_c.c.o[0m
[98.660s] [ 92%] [32m[1mLinking C shared module rosidl_generator_py/openni2_camera/openni2_camera_s__rosidl_typesupport_fastrtps_c.so[0m
[98.727s] [ 92%] Built target openni2_camera_s__rosidl_typesupport_fastrtps_c
[98.776s] [ 94%] [32mBuilding C object CMakeFiles/openni2_camera_s__rosidl_typesupport_c.dir/rosidl_generator_py/openni2_camera/_openni2_camera_s.ep.rosidl_typesupport_c.c.o[0m
[98.972s] [ 96%] [32m[1mLinking C shared module rosidl_generator_py/openni2_camera/openni2_camera_s__rosidl_typesupport_c.so[0m
[99.038s] [ 96%] Built target openni2_camera_s__rosidl_typesupport_c
[99.085s] [ 98%] [32mBuilding C object CMakeFiles/openni2_camera_s__rosidl_typesupport_introspection_c.dir/rosidl_generator_py/openni2_camera/_openni2_camera_s.ep.rosidl_typesupport_introspection_c.c.o[0m
[99.320s] [100%] [32m[1mLinking C shared module rosidl_generator_py/openni2_camera/openni2_camera_s__rosidl_typesupport_introspection_c.so[0m
[99.408s] [100%] Built target openni2_camera_s__rosidl_typesupport_introspection_c
