[0.166s] Invoking command in '/home/embedded/ros2_ws/build/kobuki_core': AMENT_PREFIX_PATH=/home/embedded/ros2_ws/install/ecl_mobile_robot:/home/embedded/ros2_ws/install/ecl_geometry:/home/embedded/ros2_ws/install/ecl_devices:/home/embedded/ros2_ws/install/ecl_sigslots:/home/embedded/ros2_ws/install/ecl_linear_algebra:/home/embedded/ros2_ws/install/ecl_containers:/home/embedded/ros2_ws/install/ecl_threads:/home/embedded/ros2_ws/install/ecl_formatters:/home/embedded/ros2_ws/install/ecl_utilities:/home/embedded/ros2_ws/install/ecl_time:/home/embedded/ros2_ws/install/ecl_converters:/home/embedded/ros2_ws/install/ecl_time_lite:/home/embedded/ros2_ws/install/ecl_math:/home/embedded/ros2_ws/install/ecl_exceptions:/home/embedded/ros2_ws/install/ecl_concepts:/home/embedded/ros2_ws/install/ecl_type_traits:/home/embedded/ros2_ws/install/ecl_errors:/home/embedded/ros2_ws/install/ecl_console:/home/embedded/ros2_ws/install/ecl_mpl:/home/embedded/ros2_ws/install/ecl_eigen:/home/embedded/ros2_ws/install/ecl_config:/home/embedded/ros2_ws/install/ecl_command_line:${AMENT_PREFIX_PATH} CMAKE_PREFIX_PATH=/home/embedded/ros2_ws/install/ecl_mobile_robot:/home/embedded/ros2_ws/install/ecl_geometry:/home/embedded/ros2_ws/install/ecl_devices:/home/embedded/ros2_ws/install/ecl_sigslots:/home/embedded/ros2_ws/install/ecl_linear_algebra:/home/embedded/ros2_ws/install/ecl_containers:/home/embedded/ros2_ws/install/ecl_threads:/home/embedded/ros2_ws/install/ecl_formatters:/home/embedded/ros2_ws/install/ecl_utilities:/home/embedded/ros2_ws/install/ecl_time:/home/embedded/ros2_ws/install/ecl_converters:/home/embedded/ros2_ws/install/ecl_time_lite:/home/embedded/ros2_ws/install/ecl_math:/home/embedded/ros2_ws/install/ecl_exceptions:/home/embedded/ros2_ws/install/ecl_concepts:/home/embedded/ros2_ws/install/ecl_type_traits:/home/embedded/ros2_ws/install/ecl_errors:/home/embedded/ros2_ws/install/ecl_console:/home/embedded/ros2_ws/install/ecl_mpl:/home/embedded/ros2_ws/install/ecl_eigen:/home/embedded/ros2_ws/install/ecl_config:/home/embedded/ros2_ws/install/ecl_command_line:/opt/ros/jazzy/opt/gz_sim_vendor:/opt/ros/jazzy/opt/gz_sensors_vendor:/opt/ros/jazzy/opt/gz_physics_vendor:/opt/ros/jazzy/opt/sdformat_vendor:/opt/ros/jazzy/opt/gz_gui_vendor:/opt/ros/jazzy/opt/gz_transport_vendor:/opt/ros/jazzy/opt/gz_rendering_vendor:/opt/ros/jazzy/opt/gz_plugin_vendor:/opt/ros/jazzy/opt/gz_fuel_tools_vendor:/opt/ros/jazzy/opt/gz_msgs_vendor:/opt/ros/jazzy/opt/gz_common_vendor:/opt/ros/jazzy/opt/gz_tools_vendor:/opt/ros/jazzy/opt/gz_ogre_next_vendor:/opt/ros/jazzy/opt/gz_dartsim_vendor:/opt/ros/jazzy/opt/gz_math_vendor:/opt/ros/jazzy/opt/gz_utils_vendor:/opt/ros/jazzy/opt/gz_cmake_vendor:/opt/ros/jazzy LD_LIBRARY_PATH=/home/embedded/ros2_ws/install/ecl_mobile_robot/lib:/home/embedded/ros2_ws/install/ecl_geometry/lib:/home/embedded/ros2_ws/install/ecl_devices/lib:/home/embedded/ros2_ws/install/ecl_linear_algebra/lib:/home/embedded/ros2_ws/install/ecl_threads/lib:/home/embedded/ros2_ws/install/ecl_formatters/lib:/home/embedded/ros2_ws/install/ecl_time/lib:/home/embedded/ros2_ws/install/ecl_time_lite/lib:/home/embedded/ros2_ws/install/ecl_exceptions/lib:/home/embedded/ros2_ws/install/ecl_type_traits/lib:/home/embedded/ros2_ws/install/ecl_errors/lib:${LD_LIBRARY_PATH} PATH=/home/embedded/ros2_ws/install/ecl_type_traits/bin:/home/embedded/ros2_ws/install/ecl_config/bin:${PATH} /usr/bin/cmake --build /home/embedded/ros2_ws/build/kobuki_core -- -j4 -l4
[0.472s] [ 41%] Built target kobuki_core
[0.609s] [ 47%] Built target kobuki_core_demo_buttons
[0.632s] [ 52%] Built target kobuki_core_demo_chirp
[0.657s] [ 58%] Built target kobuki_core_demo_data_stream
[0.686s] [ 64%] Built target kobuki_core_demo_custom_logging
[0.831s] [ 70%] Built target kobuki_core_demo_log_levels
[0.831s] [ 76%] Built target kobuki_core_demo_simple_loop
[0.831s] [ 82%] Built target kobuki_core_demo_raw_data_stream
[0.834s] [ 88%] Built target kobuki_core_demo_velocity_commands
[0.895s] [ 94%] Built target kobuki_core_tool_version_info
[0.898s] [100%] Built target kobuki_core_tool_simple_keyop
[0.971s] Invoked command in '/home/embedded/ros2_ws/build/kobuki_core' returned '0': AMENT_PREFIX_PATH=/home/embedded/ros2_ws/install/ecl_mobile_robot:/home/embedded/ros2_ws/install/ecl_geometry:/home/embedded/ros2_ws/install/ecl_devices:/home/embedded/ros2_ws/install/ecl_sigslots:/home/embedded/ros2_ws/install/ecl_linear_algebra:/home/embedded/ros2_ws/install/ecl_containers:/home/embedded/ros2_ws/install/ecl_threads:/home/embedded/ros2_ws/install/ecl_formatters:/home/embedded/ros2_ws/install/ecl_utilities:/home/embedded/ros2_ws/install/ecl_time:/home/embedded/ros2_ws/install/ecl_converters:/home/embedded/ros2_ws/install/ecl_time_lite:/home/embedded/ros2_ws/install/ecl_math:/home/embedded/ros2_ws/install/ecl_exceptions:/home/embedded/ros2_ws/install/ecl_concepts:/home/embedded/ros2_ws/install/ecl_type_traits:/home/embedded/ros2_ws/install/ecl_errors:/home/embedded/ros2_ws/install/ecl_console:/home/embedded/ros2_ws/install/ecl_mpl:/home/embedded/ros2_ws/install/ecl_eigen:/home/embedded/ros2_ws/install/ecl_config:/home/embedded/ros2_ws/install/ecl_command_line:${AMENT_PREFIX_PATH} CMAKE_PREFIX_PATH=/home/embedded/ros2_ws/install/ecl_mobile_robot:/home/embedded/ros2_ws/install/ecl_geometry:/home/embedded/ros2_ws/install/ecl_devices:/home/embedded/ros2_ws/install/ecl_sigslots:/home/embedded/ros2_ws/install/ecl_linear_algebra:/home/embedded/ros2_ws/install/ecl_containers:/home/embedded/ros2_ws/install/ecl_threads:/home/embedded/ros2_ws/install/ecl_formatters:/home/embedded/ros2_ws/install/ecl_utilities:/home/embedded/ros2_ws/install/ecl_time:/home/embedded/ros2_ws/install/ecl_converters:/home/embedded/ros2_ws/install/ecl_time_lite:/home/embedded/ros2_ws/install/ecl_math:/home/embedded/ros2_ws/install/ecl_exceptions:/home/embedded/ros2_ws/install/ecl_concepts:/home/embedded/ros2_ws/install/ecl_type_traits:/home/embedded/ros2_ws/install/ecl_errors:/home/embedded/ros2_ws/install/ecl_console:/home/embedded/ros2_ws/install/ecl_mpl:/home/embedded/ros2_ws/install/ecl_eigen:/home/embedded/ros2_ws/install/ecl_config:/home/embedded/ros2_ws/install/ecl_command_line:/opt/ros/jazzy/opt/gz_sim_vendor:/opt/ros/jazzy/opt/gz_sensors_vendor:/opt/ros/jazzy/opt/gz_physics_vendor:/opt/ros/jazzy/opt/sdformat_vendor:/opt/ros/jazzy/opt/gz_gui_vendor:/opt/ros/jazzy/opt/gz_transport_vendor:/opt/ros/jazzy/opt/gz_rendering_vendor:/opt/ros/jazzy/opt/gz_plugin_vendor:/opt/ros/jazzy/opt/gz_fuel_tools_vendor:/opt/ros/jazzy/opt/gz_msgs_vendor:/opt/ros/jazzy/opt/gz_common_vendor:/opt/ros/jazzy/opt/gz_tools_vendor:/opt/ros/jazzy/opt/gz_ogre_next_vendor:/opt/ros/jazzy/opt/gz_dartsim_vendor:/opt/ros/jazzy/opt/gz_math_vendor:/opt/ros/jazzy/opt/gz_utils_vendor:/opt/ros/jazzy/opt/gz_cmake_vendor:/opt/ros/jazzy LD_LIBRARY_PATH=/home/embedded/ros2_ws/install/ecl_mobile_robot/lib:/home/embedded/ros2_ws/install/ecl_geometry/lib:/home/embedded/ros2_ws/install/ecl_devices/lib:/home/embedded/ros2_ws/install/ecl_linear_algebra/lib:/home/embedded/ros2_ws/install/ecl_threads/lib:/home/embedded/ros2_ws/install/ecl_formatters/lib:/home/embedded/ros2_ws/install/ecl_time/lib:/home/embedded/ros2_ws/install/ecl_time_lite/lib:/home/embedded/ros2_ws/install/ecl_exceptions/lib:/home/embedded/ros2_ws/install/ecl_type_traits/lib:/home/embedded/ros2_ws/install/ecl_errors/lib:${LD_LIBRARY_PATH} PATH=/home/embedded/ros2_ws/install/ecl_type_traits/bin:/home/embedded/ros2_ws/install/ecl_config/bin:${PATH} /usr/bin/cmake --build /home/embedded/ros2_ws/build/kobuki_core -- -j4 -l4
[0.974s] Invoking command in '/home/embedded/ros2_ws/build/kobuki_core': AMENT_PREFIX_PATH=/home/embedded/ros2_ws/install/ecl_mobile_robot:/home/embedded/ros2_ws/install/ecl_geometry:/home/embedded/ros2_ws/install/ecl_devices:/home/embedded/ros2_ws/install/ecl_sigslots:/home/embedded/ros2_ws/install/ecl_linear_algebra:/home/embedded/ros2_ws/install/ecl_containers:/home/embedded/ros2_ws/install/ecl_threads:/home/embedded/ros2_ws/install/ecl_formatters:/home/embedded/ros2_ws/install/ecl_utilities:/home/embedded/ros2_ws/install/ecl_time:/home/embedded/ros2_ws/install/ecl_converters:/home/embedded/ros2_ws/install/ecl_time_lite:/home/embedded/ros2_ws/install/ecl_math:/home/embedded/ros2_ws/install/ecl_exceptions:/home/embedded/ros2_ws/install/ecl_concepts:/home/embedded/ros2_ws/install/ecl_type_traits:/home/embedded/ros2_ws/install/ecl_errors:/home/embedded/ros2_ws/install/ecl_console:/home/embedded/ros2_ws/install/ecl_mpl:/home/embedded/ros2_ws/install/ecl_eigen:/home/embedded/ros2_ws/install/ecl_config:/home/embedded/ros2_ws/install/ecl_command_line:${AMENT_PREFIX_PATH} CMAKE_PREFIX_PATH=/home/embedded/ros2_ws/install/ecl_mobile_robot:/home/embedded/ros2_ws/install/ecl_geometry:/home/embedded/ros2_ws/install/ecl_devices:/home/embedded/ros2_ws/install/ecl_sigslots:/home/embedded/ros2_ws/install/ecl_linear_algebra:/home/embedded/ros2_ws/install/ecl_containers:/home/embedded/ros2_ws/install/ecl_threads:/home/embedded/ros2_ws/install/ecl_formatters:/home/embedded/ros2_ws/install/ecl_utilities:/home/embedded/ros2_ws/install/ecl_time:/home/embedded/ros2_ws/install/ecl_converters:/home/embedded/ros2_ws/install/ecl_time_lite:/home/embedded/ros2_ws/install/ecl_math:/home/embedded/ros2_ws/install/ecl_exceptions:/home/embedded/ros2_ws/install/ecl_concepts:/home/embedded/ros2_ws/install/ecl_type_traits:/home/embedded/ros2_ws/install/ecl_errors:/home/embedded/ros2_ws/install/ecl_console:/home/embedded/ros2_ws/install/ecl_mpl:/home/embedded/ros2_ws/install/ecl_eigen:/home/embedded/ros2_ws/install/ecl_config:/home/embedded/ros2_ws/install/ecl_command_line:/opt/ros/jazzy/opt/gz_sim_vendor:/opt/ros/jazzy/opt/gz_sensors_vendor:/opt/ros/jazzy/opt/gz_physics_vendor:/opt/ros/jazzy/opt/sdformat_vendor:/opt/ros/jazzy/opt/gz_gui_vendor:/opt/ros/jazzy/opt/gz_transport_vendor:/opt/ros/jazzy/opt/gz_rendering_vendor:/opt/ros/jazzy/opt/gz_plugin_vendor:/opt/ros/jazzy/opt/gz_fuel_tools_vendor:/opt/ros/jazzy/opt/gz_msgs_vendor:/opt/ros/jazzy/opt/gz_common_vendor:/opt/ros/jazzy/opt/gz_tools_vendor:/opt/ros/jazzy/opt/gz_ogre_next_vendor:/opt/ros/jazzy/opt/gz_dartsim_vendor:/opt/ros/jazzy/opt/gz_math_vendor:/opt/ros/jazzy/opt/gz_utils_vendor:/opt/ros/jazzy/opt/gz_cmake_vendor:/opt/ros/jazzy LD_LIBRARY_PATH=/home/embedded/ros2_ws/install/ecl_mobile_robot/lib:/home/embedded/ros2_ws/install/ecl_geometry/lib:/home/embedded/ros2_ws/install/ecl_devices/lib:/home/embedded/ros2_ws/install/ecl_linear_algebra/lib:/home/embedded/ros2_ws/install/ecl_threads/lib:/home/embedded/ros2_ws/install/ecl_formatters/lib:/home/embedded/ros2_ws/install/ecl_time/lib:/home/embedded/ros2_ws/install/ecl_time_lite/lib:/home/embedded/ros2_ws/install/ecl_exceptions/lib:/home/embedded/ros2_ws/install/ecl_type_traits/lib:/home/embedded/ros2_ws/install/ecl_errors/lib:${LD_LIBRARY_PATH} PATH=/home/embedded/ros2_ws/install/ecl_type_traits/bin:/home/embedded/ros2_ws/install/ecl_config/bin:${PATH} /usr/bin/cmake --install /home/embedded/ros2_ws/build/kobuki_core
[1.001s] -- Install configuration: ""
[1.002s] -- Execute custom install script
[1.002s] -- Up-to-date symlink: /home/embedded/ros2_ws/install/kobuki_core/include/kobuki_core/command.hpp
[1.003s] -- Up-to-date symlink: /home/embedded/ros2_ws/install/kobuki_core/include/kobuki_core/dock_drive.hpp
[1.003s] -- Up-to-date symlink: /home/embedded/ros2_ws/install/kobuki_core/include/kobuki_core/event_manager.hpp
[1.004s] -- Up-to-date symlink: /home/embedded/ros2_ws/install/kobuki_core/include/kobuki_core/kobuki.hpp
[1.005s] -- Up-to-date symlink: /home/embedded/ros2_ws/install/kobuki_core/include/kobuki_core/logging.hpp
[1.005s] -- Up-to-date symlink: /home/embedded/ros2_ws/install/kobuki_core/include/kobuki_core/macros.hpp
[1.006s] -- Up-to-date symlink: /home/embedded/ros2_ws/install/kobuki_core/include/kobuki_core/modules.hpp
[1.007s] -- Up-to-date symlink: /home/embedded/ros2_ws/install/kobuki_core/include/kobuki_core/modules/acceleration_limiter.hpp
[1.007s] -- Up-to-date symlink: /home/embedded/ros2_ws/install/kobuki_core/include/kobuki_core/modules/battery.hpp
[1.008s] -- Up-to-date symlink: /home/embedded/ros2_ws/install/kobuki_core/include/kobuki_core/modules/diff_drive.hpp
[1.008s] -- Up-to-date symlink: /home/embedded/ros2_ws/install/kobuki_core/include/kobuki_core/modules/digital_output.hpp
[1.009s] -- Up-to-date symlink: /home/embedded/ros2_ws/install/kobuki_core/include/kobuki_core/modules/led_array.hpp
[1.010s] -- Up-to-date symlink: /home/embedded/ros2_ws/install/kobuki_core/include/kobuki_core/modules/sound.hpp
[1.010s] -- Up-to-date symlink: /home/embedded/ros2_ws/install/kobuki_core/include/kobuki_core/packet_handler/packet_finder.hpp
[1.011s] -- Up-to-date symlink: /home/embedded/ros2_ws/install/kobuki_core/include/kobuki_core/packet_handler/payload_base.hpp
[1.012s] -- Up-to-date symlink: /home/embedded/ros2_ws/install/kobuki_core/include/kobuki_core/packet_handler/payload_headers.hpp
[1.013s] -- Up-to-date symlink: /home/embedded/ros2_ws/install/kobuki_core/include/kobuki_core/packets.hpp
[1.014s] -- Up-to-date symlink: /home/embedded/ros2_ws/install/kobuki_core/include/kobuki_core/packets/cliff.hpp
[1.014s] -- Up-to-date symlink: /home/embedded/ros2_ws/install/kobuki_core/include/kobuki_core/packets/controller_info.hpp
[1.014s] -- Up-to-date symlink: /home/embedded/ros2_ws/install/kobuki_core/include/kobuki_core/packets/core_sensors.hpp
[1.014s] -- Up-to-date symlink: /home/embedded/ros2_ws/install/kobuki_core/include/kobuki_core/packets/current.hpp
[1.017s] -- Up-to-date symlink: /home/embedded/ros2_ws/install/kobuki_core/include/kobuki_core/packets/dock_ir.hpp
[1.022s] -- Up-to-date symlink: /home/embedded/ros2_ws/install/kobuki_core/include/kobuki_core/packets/eeprom.hpp
[1.022s] -- Up-to-date symlink: /home/embedded/ros2_ws/install/kobuki_core/include/kobuki_core/packets/firmware.hpp
[1.022s] -- Up-to-date symlink: /home/embedded/ros2_ws/install/kobuki_core/include/kobuki_core/packets/gp_input.hpp
[1.022s] -- Up-to-date symlink: /home/embedded/ros2_ws/install/kobuki_core/include/kobuki_core/packets/hardware.hpp
[1.023s] -- Up-to-date symlink: /home/embedded/ros2_ws/install/kobuki_core/include/kobuki_core/packets/inertia.hpp
[1.023s] -- Up-to-date symlink: /home/embedded/ros2_ws/install/kobuki_core/include/kobuki_core/packets/three_axis_gyro.hpp
[1.023s] -- Up-to-date symlink: /home/embedded/ros2_ws/install/kobuki_core/include/kobuki_core/packets/unique_device_id.hpp
[1.024s] -- Up-to-date symlink: /home/embedded/ros2_ws/install/kobuki_core/include/kobuki_core/parameters.hpp
[1.024s] -- Up-to-date symlink: /home/embedded/ros2_ws/install/kobuki_core/include/kobuki_core/version_info.hpp
[1.024s] -- Up-to-date symlink: /home/embedded/ros2_ws/install/kobuki_core/lib/kobuki_core/demo_buttons
[1.024s] -- Up-to-date symlink: /home/embedded/ros2_ws/install/kobuki_core/lib/kobuki_core/demo_chirp
[1.026s] -- Up-to-date symlink: /home/embedded/ros2_ws/install/kobuki_core/lib/kobuki_core/demo_custom_logging
[1.029s] -- Up-to-date symlink: /home/embedded/ros2_ws/install/kobuki_core/lib/kobuki_core/demo_data_stream
[1.029s] -- Up-to-date symlink: /home/embedded/ros2_ws/install/kobuki_core/lib/kobuki_core/demo_log_levels
[1.029s] -- Up-to-date symlink: /home/embedded/ros2_ws/install/kobuki_core/lib/kobuki_core/demo_raw_data_stream
[1.029s] -- Up-to-date symlink: /home/embedded/ros2_ws/install/kobuki_core/lib/kobuki_core/demo_simple_loop
[1.029s] -- Up-to-date symlink: /home/embedded/ros2_ws/install/kobuki_core/lib/kobuki_core/demo_velocity_commands
[1.029s] -- Up-to-date symlink: /home/embedded/ros2_ws/install/kobuki_core/bin/kobuki-version-info
[1.030s] -- Up-to-date symlink: /home/embedded/ros2_ws/install/kobuki_core/bin/kobuki-simple-keyop
[1.030s] -- Up-to-date symlink: /home/embedded/ros2_ws/install/kobuki_core/include/CMakeLists.txt
[1.030s] -- Up-to-date symlink: /home/embedded/ros2_ws/install/kobuki_core/include/kobuki_core/command.hpp
[1.030s] -- Up-to-date symlink: /home/embedded/ros2_ws/install/kobuki_core/include/kobuki_core/dock_drive.hpp
[1.030s] -- Up-to-date symlink: /home/embedded/ros2_ws/install/kobuki_core/include/kobuki_core/event_manager.hpp
[1.030s] -- Up-to-date symlink: /home/embedded/ros2_ws/install/kobuki_core/include/kobuki_core/kobuki.hpp
[1.030s] -- Up-to-date symlink: /home/embedded/ros2_ws/install/kobuki_core/include/kobuki_core/logging.hpp
[1.030s] -- Up-to-date symlink: /home/embedded/ros2_ws/install/kobuki_core/include/kobuki_core/macros.hpp
[1.032s] -- Up-to-date symlink: /home/embedded/ros2_ws/install/kobuki_core/include/kobuki_core/modules.hpp
[1.032s] -- Up-to-date symlink: /home/embedded/ros2_ws/install/kobuki_core/include/kobuki_core/modules/acceleration_limiter.hpp
[1.032s] -- Up-to-date symlink: /home/embedded/ros2_ws/install/kobuki_core/include/kobuki_core/modules/battery.hpp
[1.032s] -- Up-to-date symlink: /home/embedded/ros2_ws/install/kobuki_core/include/kobuki_core/modules/diff_drive.hpp
[1.032s] -- Up-to-date symlink: /home/embedded/ros2_ws/install/kobuki_core/include/kobuki_core/modules/digital_output.hpp
[1.032s] -- Up-to-date symlink: /home/embedded/ros2_ws/install/kobuki_core/include/kobuki_core/modules/led_array.hpp
[1.032s] -- Up-to-date symlink: /home/embedded/ros2_ws/install/kobuki_core/include/kobuki_core/modules/sound.hpp
[1.032s] -- Up-to-date symlink: /home/embedded/ros2_ws/install/kobuki_core/include/kobuki_core/packet_handler/packet_finder.hpp
[1.032s] -- Up-to-date symlink: /home/embedded/ros2_ws/install/kobuki_core/include/kobuki_core/packet_handler/payload_base.hpp
[1.033s] -- Up-to-date symlink: /home/embedded/ros2_ws/install/kobuki_core/include/kobuki_core/packet_handler/payload_headers.hpp
[1.033s] -- Up-to-date symlink: /home/embedded/ros2_ws/install/kobuki_core/include/kobuki_core/packets.hpp
[1.033s] -- Up-to-date symlink: /home/embedded/ros2_ws/install/kobuki_core/include/kobuki_core/packets/cliff.hpp
[1.033s] -- Up-to-date symlink: /home/embedded/ros2_ws/install/kobuki_core/include/kobuki_core/packets/controller_info.hpp
[1.033s] -- Up-to-date symlink: /home/embedded/ros2_ws/install/kobuki_core/include/kobuki_core/packets/core_sensors.hpp
[1.033s] -- Up-to-date symlink: /home/embedded/ros2_ws/install/kobuki_core/include/kobuki_core/packets/current.hpp
[1.033s] -- Up-to-date symlink: /home/embedded/ros2_ws/install/kobuki_core/include/kobuki_core/packets/dock_ir.hpp
[1.033s] -- Up-to-date symlink: /home/embedded/ros2_ws/install/kobuki_core/include/kobuki_core/packets/eeprom.hpp
[1.033s] -- Up-to-date symlink: /home/embedded/ros2_ws/install/kobuki_core/include/kobuki_core/packets/firmware.hpp
[1.033s] -- Up-to-date symlink: /home/embedded/ros2_ws/install/kobuki_core/include/kobuki_core/packets/gp_input.hpp
[1.033s] -- Up-to-date symlink: /home/embedded/ros2_ws/install/kobuki_core/include/kobuki_core/packets/hardware.hpp
[1.034s] -- Up-to-date symlink: /home/embedded/ros2_ws/install/kobuki_core/include/kobuki_core/packets/inertia.hpp
[1.034s] -- Up-to-date symlink: /home/embedded/ros2_ws/install/kobuki_core/include/kobuki_core/packets/three_axis_gyro.hpp
[1.034s] -- Up-to-date symlink: /home/embedded/ros2_ws/install/kobuki_core/include/kobuki_core/packets/unique_device_id.hpp
[1.034s] -- Up-to-date symlink: /home/embedded/ros2_ws/install/kobuki_core/include/kobuki_core/parameters.hpp
[1.034s] -- Up-to-date symlink: /home/embedded/ros2_ws/install/kobuki_core/include/kobuki_core/version_info.hpp
[1.034s] -- Up-to-date symlink: /home/embedded/ros2_ws/install/kobuki_core/share/kobuki_core/environment/library_path.sh
[1.034s] -- Up-to-date symlink: /home/embedded/ros2_ws/install/kobuki_core/share/kobuki_core/environment/library_path.dsv
[1.034s] -- Up-to-date symlink: /home/embedded/ros2_ws/install/kobuki_core/share/ament_index/resource_index/package_run_dependencies/kobuki_core
[1.034s] -- Up-to-date symlink: /home/embedded/ros2_ws/install/kobuki_core/share/ament_index/resource_index/parent_prefix_path/kobuki_core
[1.034s] -- Up-to-date symlink: /home/embedded/ros2_ws/install/kobuki_core/share/kobuki_core/environment/ament_prefix_path.sh
[1.034s] -- Up-to-date symlink: /home/embedded/ros2_ws/install/kobuki_core/share/kobuki_core/environment/ament_prefix_path.dsv
[1.035s] -- Up-to-date symlink: /home/embedded/ros2_ws/install/kobuki_core/share/kobuki_core/environment/path.sh
[1.035s] -- Up-to-date symlink: /home/embedded/ros2_ws/install/kobuki_core/share/kobuki_core/environment/path.dsv
[1.035s] -- Up-to-date symlink: /home/embedded/ros2_ws/install/kobuki_core/share/kobuki_core/local_setup.bash
[1.035s] -- Up-to-date symlink: /home/embedded/ros2_ws/install/kobuki_core/share/kobuki_core/local_setup.sh
[1.035s] -- Up-to-date symlink: /home/embedded/ros2_ws/install/kobuki_core/share/kobuki_core/local_setup.zsh
[1.035s] -- Up-to-date symlink: /home/embedded/ros2_ws/install/kobuki_core/share/kobuki_core/local_setup.dsv
[1.035s] -- Symlinking: /home/embedded/ros2_ws/install/kobuki_core/share/kobuki_core/package.dsv
[1.065s] -- Up-to-date symlink: /home/embedded/ros2_ws/install/kobuki_core/share/ament_index/resource_index/packages/kobuki_core
[1.068s] -- Up-to-date symlink: /home/embedded/ros2_ws/install/kobuki_core/share/kobuki_core/cmake/ament_cmake_export_targets-extras.cmake
[1.069s] -- Up-to-date symlink: /home/embedded/ros2_ws/install/kobuki_core/share/kobuki_core/cmake/ament_cmake_export_dependencies-extras.cmake
[1.069s] -- Up-to-date symlink: /home/embedded/ros2_ws/install/kobuki_core/share/kobuki_core/cmake/ament_cmake_export_include_directories-extras.cmake
[1.069s] -- Up-to-date symlink: /home/embedded/ros2_ws/install/kobuki_core/share/kobuki_core/cmake/ament_cmake_export_libraries-extras.cmake
[1.069s] -- Up-to-date symlink: /home/embedded/ros2_ws/install/kobuki_core/share/kobuki_core/cmake/kobuki_coreConfig.cmake
[1.069s] -- Up-to-date symlink: /home/embedded/ros2_ws/install/kobuki_core/share/kobuki_core/cmake/kobuki_coreConfig-version.cmake
[1.070s] -- Up-to-date symlink: /home/embedded/ros2_ws/install/kobuki_core/share/kobuki_core/package.xml
[1.072s] -- Up-to-date: /home/embedded/ros2_ws/install/kobuki_core/share/kobuki_core/cmake/kobuki_coreExport.cmake
[1.093s] -- Up-to-date: /home/embedded/ros2_ws/install/kobuki_core/share/kobuki_core/cmake/kobuki_coreExport-noconfig.cmake
[1.096s] -- Up-to-date: /home/embedded/ros2_ws/install/kobuki_core/lib/libkobuki_core.so.1.4.0
[1.096s] -- Up-to-date: /home/embedded/ros2_ws/install/kobuki_core/lib/libkobuki_core.so
[1.149s] Invoked command in '/home/embedded/ros2_ws/build/kobuki_core' returned '0': AMENT_PREFIX_PATH=/home/embedded/ros2_ws/install/ecl_mobile_robot:/home/embedded/ros2_ws/install/ecl_geometry:/home/embedded/ros2_ws/install/ecl_devices:/home/embedded/ros2_ws/install/ecl_sigslots:/home/embedded/ros2_ws/install/ecl_linear_algebra:/home/embedded/ros2_ws/install/ecl_containers:/home/embedded/ros2_ws/install/ecl_threads:/home/embedded/ros2_ws/install/ecl_formatters:/home/embedded/ros2_ws/install/ecl_utilities:/home/embedded/ros2_ws/install/ecl_time:/home/embedded/ros2_ws/install/ecl_converters:/home/embedded/ros2_ws/install/ecl_time_lite:/home/embedded/ros2_ws/install/ecl_math:/home/embedded/ros2_ws/install/ecl_exceptions:/home/embedded/ros2_ws/install/ecl_concepts:/home/embedded/ros2_ws/install/ecl_type_traits:/home/embedded/ros2_ws/install/ecl_errors:/home/embedded/ros2_ws/install/ecl_console:/home/embedded/ros2_ws/install/ecl_mpl:/home/embedded/ros2_ws/install/ecl_eigen:/home/embedded/ros2_ws/install/ecl_config:/home/embedded/ros2_ws/install/ecl_command_line:${AMENT_PREFIX_PATH} CMAKE_PREFIX_PATH=/home/embedded/ros2_ws/install/ecl_mobile_robot:/home/embedded/ros2_ws/install/ecl_geometry:/home/embedded/ros2_ws/install/ecl_devices:/home/embedded/ros2_ws/install/ecl_sigslots:/home/embedded/ros2_ws/install/ecl_linear_algebra:/home/embedded/ros2_ws/install/ecl_containers:/home/embedded/ros2_ws/install/ecl_threads:/home/embedded/ros2_ws/install/ecl_formatters:/home/embedded/ros2_ws/install/ecl_utilities:/home/embedded/ros2_ws/install/ecl_time:/home/embedded/ros2_ws/install/ecl_converters:/home/embedded/ros2_ws/install/ecl_time_lite:/home/embedded/ros2_ws/install/ecl_math:/home/embedded/ros2_ws/install/ecl_exceptions:/home/embedded/ros2_ws/install/ecl_concepts:/home/embedded/ros2_ws/install/ecl_type_traits:/home/embedded/ros2_ws/install/ecl_errors:/home/embedded/ros2_ws/install/ecl_console:/home/embedded/ros2_ws/install/ecl_mpl:/home/embedded/ros2_ws/install/ecl_eigen:/home/embedded/ros2_ws/install/ecl_config:/home/embedded/ros2_ws/install/ecl_command_line:/opt/ros/jazzy/opt/gz_sim_vendor:/opt/ros/jazzy/opt/gz_sensors_vendor:/opt/ros/jazzy/opt/gz_physics_vendor:/opt/ros/jazzy/opt/sdformat_vendor:/opt/ros/jazzy/opt/gz_gui_vendor:/opt/ros/jazzy/opt/gz_transport_vendor:/opt/ros/jazzy/opt/gz_rendering_vendor:/opt/ros/jazzy/opt/gz_plugin_vendor:/opt/ros/jazzy/opt/gz_fuel_tools_vendor:/opt/ros/jazzy/opt/gz_msgs_vendor:/opt/ros/jazzy/opt/gz_common_vendor:/opt/ros/jazzy/opt/gz_tools_vendor:/opt/ros/jazzy/opt/gz_ogre_next_vendor:/opt/ros/jazzy/opt/gz_dartsim_vendor:/opt/ros/jazzy/opt/gz_math_vendor:/opt/ros/jazzy/opt/gz_utils_vendor:/opt/ros/jazzy/opt/gz_cmake_vendor:/opt/ros/jazzy LD_LIBRARY_PATH=/home/embedded/ros2_ws/install/ecl_mobile_robot/lib:/home/embedded/ros2_ws/install/ecl_geometry/lib:/home/embedded/ros2_ws/install/ecl_devices/lib:/home/embedded/ros2_ws/install/ecl_linear_algebra/lib:/home/embedded/ros2_ws/install/ecl_threads/lib:/home/embedded/ros2_ws/install/ecl_formatters/lib:/home/embedded/ros2_ws/install/ecl_time/lib:/home/embedded/ros2_ws/install/ecl_time_lite/lib:/home/embedded/ros2_ws/install/ecl_exceptions/lib:/home/embedded/ros2_ws/install/ecl_type_traits/lib:/home/embedded/ros2_ws/install/ecl_errors/lib:${LD_LIBRARY_PATH} PATH=/home/embedded/ros2_ws/install/ecl_type_traits/bin:/home/embedded/ros2_ws/install/ecl_config/bin:${PATH} /usr/bin/cmake --install /home/embedded/ros2_ws/build/kobuki_core
