[  6%] [32mBuilding CXX object gtest/CMakeFiles/gtest_main.dir/src/gtest_main.cc.o[0m
[ 12%] [32mBuilding CXX object gtest/CMakeFiles/gtest.dir/src/gtest-all.cc.o[0m
[ 18%] [32mBuilding CXX object src/utilities/CMakeFiles/ecl_detect_endian.dir/detect_endian.cpp.o[0m
[ 25%] [32mBuilding CXX object src/utilities/CMakeFiles/ecl_detect_posix.dir/detect_posix.cpp.o[0m
[ 31%] [32m[1mLinking CXX executable bin/ecl_detect_endian[0m
[ 37%] [32m[1mLinking CXX executable bin/ecl_detect_posix[0m
[ 37%] Built target ecl_detect_endian
[ 37%] Built target ecl_detect_posix
[ 43%] [32m[1mLinking CXX static library libgtest_main.a[0m
[ 43%] Built target gtest_main
[ 50%] [32m[1mLinking CXX static library libgtest.a[0m
[ 50%] Built target gtest
[ 56%] [32mBuilding CXX object src/test/CMakeFiles/ecl_test_endianness.dir/endianness.cpp.o[0m
[ 62%] [32mBuilding CXX object src/test/CMakeFiles/ecl_test_portable_types.dir/portable_types.cpp.o[0m
[ 68%] [32mBuilding CXX object src/test/CMakeFiles/ecl_test_macros.dir/macros.cpp.o[0m
[ 75%] [32mBuilding CXX object src/test/CMakeFiles/ecl_test_char_sign.dir/char_sign.cpp.o[0m
[ 81%] [32m[1mLinking CXX executable ecl_test_endianness[0m
[ 87%] [32m[1mLinking CXX executable ecl_test_portable_types[0m
[ 93%] [32m[1mLinking CXX executable ecl_test_char_sign[0m
[100%] [32m[1mLinking CXX executable ecl_test_macros[0m
[100%] Built target ecl_test_portable_types
[100%] Built target ecl_test_endianness
[100%] Built target ecl_test_char_sign
[100%] Built target ecl_test_macros
