[ 33%] Built target gtest_main
[ 66%] Built target gtest
[100%] Built target test_enable_if
-- Install configuration: ""
-- Execute custom install script
-- Symlinking: /home/embedded/ros2_ws/install/ecl_mpl/include/ecl/mpl/bool.hpp
-- Symlinking: /home/embedded/ros2_ws/install/ecl_mpl/include/ecl/mpl/converters.hpp
-- Symlinking: /home/embedded/ros2_ws/install/ecl_mpl/include/ecl/mpl/enable_if.hpp
-- Symlinking: /home/embedded/ros2_ws/install/ecl_mpl/include/ecl/mpl/failed_object.hpp
-- Symlinking: /home/embedded/ros2_ws/install/ecl_mpl/include/ecl/mpl/if.hpp
-- Symlinking: /home/embedded/ros2_ws/install/ecl_mpl/include/ecl/mpl.hpp
-- Symlinking: /home/embedded/ros2_ws/install/ecl_mpl/share/ament_index/resource_index/package_run_dependencies/ecl_mpl
-- Symlinking: /home/embedded/ros2_ws/install/ecl_mpl/share/ament_index/resource_index/parent_prefix_path/ecl_mpl
-- Symlinking: /home/embedded/ros2_ws/install/ecl_mpl/share/ecl_mpl/environment/ament_prefix_path.sh
-- Symlinking: /home/embedded/ros2_ws/install/ecl_mpl/share/ecl_mpl/environment/ament_prefix_path.dsv
-- Symlinking: /home/embedded/ros2_ws/install/ecl_mpl/share/ecl_mpl/environment/path.sh
-- Symlinking: /home/embedded/ros2_ws/install/ecl_mpl/share/ecl_mpl/environment/path.dsv
-- Symlinking: /home/embedded/ros2_ws/install/ecl_mpl/share/ecl_mpl/local_setup.bash
-- Symlinking: /home/embedded/ros2_ws/install/ecl_mpl/share/ecl_mpl/local_setup.sh
-- Symlinking: /home/embedded/ros2_ws/install/ecl_mpl/share/ecl_mpl/local_setup.zsh
-- Symlinking: /home/embedded/ros2_ws/install/ecl_mpl/share/ecl_mpl/local_setup.dsv
-- Symlinking: /home/embedded/ros2_ws/install/ecl_mpl/share/ecl_mpl/package.dsv
-- Symlinking: /home/embedded/ros2_ws/install/ecl_mpl/share/ament_index/resource_index/packages/ecl_mpl
-- Symlinking: /home/embedded/ros2_ws/install/ecl_mpl/share/ecl_mpl/cmake/ament_cmake_export_targets-extras.cmake
-- Symlinking: /home/embedded/ros2_ws/install/ecl_mpl/share/ecl_mpl/cmake/ament_cmake_export_include_directories-extras.cmake
-- Symlinking: /home/embedded/ros2_ws/install/ecl_mpl/share/ecl_mpl/cmake/ecl_mplConfig.cmake
-- Symlinking: /home/embedded/ros2_ws/install/ecl_mpl/share/ecl_mpl/cmake/ecl_mplConfig-version.cmake
-- Symlinking: /home/embedded/ros2_ws/install/ecl_mpl/share/ecl_mpl/package.xml
-- Installing: /home/embedded/ros2_ws/install/ecl_mpl/share/ecl_mpl/cmake/ecl_mplExport.cmake
