[0.029s] Invoking command in '/home/embedded/ros2_ws/build/ecl_mpl': CMAKE_PREFIX_PATH=${CMAKE_PREFIX_PATH}:/opt/ros/jazzy /usr/bin/cmake --build /home/embedded/ros2_ws/build/ecl_mpl -- -j4 -l4
[0.206s] [ 33%] Built target gtest_main
[0.210s] [ 66%] Built target gtest
[0.310s] [100%] Built target test_enable_if
[0.338s] Invoked command in '/home/embedded/ros2_ws/build/ecl_mpl' returned '0': CMAKE_PREFIX_PATH=${CMAKE_PREFIX_PATH}:/opt/ros/jazzy /usr/bin/cmake --build /home/embedded/ros2_ws/build/ecl_mpl -- -j4 -l4
[0.342s] Invoking command in '/home/embedded/ros2_ws/build/ecl_mpl': CMAKE_PREFIX_PATH=${CMAKE_PREFIX_PATH}:/opt/ros/jazzy /usr/bin/cmake --install /home/embedded/ros2_ws/build/ecl_mpl
[0.385s] -- Install configuration: ""
[0.392s] -- Execute custom install script
[0.392s] -- Symlinking: /home/embedded/ros2_ws/install/ecl_mpl/include/ecl/mpl/bool.hpp
[0.433s] -- Symlinking: /home/embedded/ros2_ws/install/ecl_mpl/include/ecl/mpl/converters.hpp
[0.476s] -- Symlinking: /home/embedded/ros2_ws/install/ecl_mpl/include/ecl/mpl/enable_if.hpp
[0.504s] -- Symlinking: /home/embedded/ros2_ws/install/ecl_mpl/include/ecl/mpl/failed_object.hpp
[0.536s] -- Symlinking: /home/embedded/ros2_ws/install/ecl_mpl/include/ecl/mpl/if.hpp
[0.582s] -- Symlinking: /home/embedded/ros2_ws/install/ecl_mpl/include/ecl/mpl.hpp
[0.628s] -- Symlinking: /home/embedded/ros2_ws/install/ecl_mpl/share/ament_index/resource_index/package_run_dependencies/ecl_mpl
[0.671s] -- Symlinking: /home/embedded/ros2_ws/install/ecl_mpl/share/ament_index/resource_index/parent_prefix_path/ecl_mpl
[0.716s] -- Symlinking: /home/embedded/ros2_ws/install/ecl_mpl/share/ecl_mpl/environment/ament_prefix_path.sh
[0.753s] -- Symlinking: /home/embedded/ros2_ws/install/ecl_mpl/share/ecl_mpl/environment/ament_prefix_path.dsv
[0.776s] -- Symlinking: /home/embedded/ros2_ws/install/ecl_mpl/share/ecl_mpl/environment/path.sh
[0.824s] -- Symlinking: /home/embedded/ros2_ws/install/ecl_mpl/share/ecl_mpl/environment/path.dsv
[0.859s] -- Symlinking: /home/embedded/ros2_ws/install/ecl_mpl/share/ecl_mpl/local_setup.bash
[0.903s] -- Symlinking: /home/embedded/ros2_ws/install/ecl_mpl/share/ecl_mpl/local_setup.sh
[0.965s] -- Symlinking: /home/embedded/ros2_ws/install/ecl_mpl/share/ecl_mpl/local_setup.zsh
[1.035s] -- Symlinking: /home/embedded/ros2_ws/install/ecl_mpl/share/ecl_mpl/local_setup.dsv
[1.083s] -- Symlinking: /home/embedded/ros2_ws/install/ecl_mpl/share/ecl_mpl/package.dsv
[1.125s] -- Symlinking: /home/embedded/ros2_ws/install/ecl_mpl/share/ament_index/resource_index/packages/ecl_mpl
[1.169s] -- Symlinking: /home/embedded/ros2_ws/install/ecl_mpl/share/ecl_mpl/cmake/ament_cmake_export_targets-extras.cmake
[1.212s] -- Symlinking: /home/embedded/ros2_ws/install/ecl_mpl/share/ecl_mpl/cmake/ament_cmake_export_include_directories-extras.cmake
[1.264s] -- Symlinking: /home/embedded/ros2_ws/install/ecl_mpl/share/ecl_mpl/cmake/ecl_mplConfig.cmake
[1.324s] -- Symlinking: /home/embedded/ros2_ws/install/ecl_mpl/share/ecl_mpl/cmake/ecl_mplConfig-version.cmake
[1.366s] -- Symlinking: /home/embedded/ros2_ws/install/ecl_mpl/share/ecl_mpl/package.xml
[1.429s] -- Installing: /home/embedded/ros2_ws/install/ecl_mpl/share/ecl_mpl/cmake/ecl_mplExport.cmake
[1.441s] Invoked command in '/home/embedded/ros2_ws/build/ecl_mpl' returned '0': CMAKE_PREFIX_PATH=${CMAKE_PREFIX_PATH}:/opt/ros/jazzy /usr/bin/cmake --install /home/embedded/ros2_ws/build/ecl_mpl
