[0.084s] Invoking command in '/home/embedded/ros2_ws/build/ecl_time': AMENT_PREFIX_PATH=/home/embedded/ros2_ws/install/ecl_time_lite:/home/embedded/ros2_ws/install/ecl_exceptions:/home/embedded/ros2_ws/install/ecl_errors:/home/embedded/ros2_ws/install/ecl_config:${AMENT_PREFIX_PATH} CMAKE_PREFIX_PATH=/home/embedded/ros2_ws/install/ecl_time_lite:/home/embedded/ros2_ws/install/ecl_exceptions:/home/embedded/ros2_ws/install/ecl_errors:/home/embedded/ros2_ws/install/ecl_config:/opt/ros/jazzy/opt/gz_sim_vendor:/opt/ros/jazzy/opt/gz_sensors_vendor:/opt/ros/jazzy/opt/gz_physics_vendor:/opt/ros/jazzy/opt/sdformat_vendor:/opt/ros/jazzy/opt/gz_gui_vendor:/opt/ros/jazzy/opt/gz_transport_vendor:/opt/ros/jazzy/opt/gz_rendering_vendor:/opt/ros/jazzy/opt/gz_plugin_vendor:/opt/ros/jazzy/opt/gz_fuel_tools_vendor:/opt/ros/jazzy/opt/gz_msgs_vendor:/opt/ros/jazzy/opt/gz_common_vendor:/opt/ros/jazzy/opt/gz_tools_vendor:/opt/ros/jazzy/opt/gz_ogre_next_vendor:/opt/ros/jazzy/opt/gz_dartsim_vendor:/opt/ros/jazzy/opt/gz_math_vendor:/opt/ros/jazzy/opt/gz_utils_vendor:/opt/ros/jazzy/opt/gz_cmake_vendor:/opt/ros/jazzy LD_LIBRARY_PATH=/home/embedded/ros2_ws/install/ecl_time_lite/lib:/home/embedded/ros2_ws/install/ecl_exceptions/lib:/home/embedded/ros2_ws/install/ecl_errors/lib:${LD_LIBRARY_PATH} PATH=/home/embedded/ros2_ws/install/ecl_config/bin:${PATH} /usr/bin/cmake /home/embedded/ros2_ws/src/ThirdParty/ecl/ecl_core/ecl_time -DAMENT_CMAKE_SYMLINK_INSTALL=1 -DCMAKE_INSTALL_PREFIX=/home/embedded/ros2_ws/install/ecl_time
[0.389s] -- The C compiler identification is GNU 13.3.0
[0.617s] -- The CXX compiler identification is GNU 13.3.0
[0.686s] -- Detecting C compiler ABI info
[1.156s] -- Detecting C compiler ABI info - done
[1.211s] -- Check for working C compiler: /usr/bin/cc - skipped
[1.212s] -- Detecting C compile features
[1.214s] -- Detecting C compile features - done
[1.245s] -- Detecting CXX compiler ABI info
[1.786s] -- Detecting CXX compiler ABI info - done
[1.865s] -- Check for working CXX compiler: /usr/bin/c++ - skipped
[1.866s] -- Detecting CXX compile features
[1.867s] -- Detecting CXX compile features - done
[1.903s] -- Found ament_cmake_ros: 0.12.0 (/opt/ros/jazzy/share/ament_cmake_ros/cmake)
[2.799s] -- Found Python3: /usr/bin/python3 (found version "3.12.3") found components: Interpreter 
[3.386s] -- Override CMake install command with custom implementation using symlinks instead of copying resources
[3.641s] -- Found ecl_build: 1.0.3 (/opt/ros/jazzy/share/ecl_build/cmake)
[3.665s] [0mCMake Deprecation Warning at /opt/ros/jazzy/share/ecl_build/cmake/cotire.cmake:45 (cmake_minimum_required):
[3.665s]   Compatibility with CMake < 3.5 will be removed from a future version of
[3.666s]   CMake.
[3.666s] 
[3.666s]   Update the VERSION argument <min> value or use a ...<max> suffix to tell
[3.666s]   CMake that the project does not need compatibility with older versions.
[3.666s] Call Stack (most recent call first):
[3.666s]   /opt/ros/jazzy/share/ecl_build/cmake/ecl_buildConfig.cmake:41 (include)
[3.667s]   CMakeLists.txt:17 (find_package)
[3.667s] 
[3.667s] [0m
[3.686s] -- Found ecl_config: 1.2.0 (/home/embedded/ros2_ws/install/ecl_config/share/ecl_config/cmake)
[3.696s] -- Found ecl_errors: 1.2.0 (/home/embedded/ros2_ws/install/ecl_errors/share/ecl_errors/cmake)
[3.709s] -- Found ecl_exceptions: 1.2.1 (/home/embedded/ros2_ws/install/ecl_exceptions/share/ecl_exceptions/cmake)
[3.730s] -- Found ecl_time_lite: 1.2.0 (/home/embedded/ros2_ws/install/ecl_time_lite/share/ecl_time_lite/cmake)
[4.447s] -- Found ament_lint_auto: 0.17.2 (/opt/ros/jazzy/share/ament_lint_auto/cmake)
[4.703s] -- Found gtest sources under '/opt/ros/jazzy/src/gtest_vendor': C++ tests using 'Google Test' will be built
[4.710s] -- Performing Test CMAKE_HAVE_LIBC_PTHREAD
[5.213s] -- Performing Test CMAKE_HAVE_LIBC_PTHREAD - Success
[5.224s] -- Found Threads: TRUE  
[5.396s] -- Configuring done (5.3s)
[5.639s] -- Generating done (0.2s)
[5.697s] -- Build files have been written to: /home/embedded/ros2_ws/build/ecl_time
[5.743s] Invoked command in '/home/embedded/ros2_ws/build/ecl_time' returned '0': AMENT_PREFIX_PATH=/home/embedded/ros2_ws/install/ecl_time_lite:/home/embedded/ros2_ws/install/ecl_exceptions:/home/embedded/ros2_ws/install/ecl_errors:/home/embedded/ros2_ws/install/ecl_config:${AMENT_PREFIX_PATH} CMAKE_PREFIX_PATH=/home/embedded/ros2_ws/install/ecl_time_lite:/home/embedded/ros2_ws/install/ecl_exceptions:/home/embedded/ros2_ws/install/ecl_errors:/home/embedded/ros2_ws/install/ecl_config:/opt/ros/jazzy/opt/gz_sim_vendor:/opt/ros/jazzy/opt/gz_sensors_vendor:/opt/ros/jazzy/opt/gz_physics_vendor:/opt/ros/jazzy/opt/sdformat_vendor:/opt/ros/jazzy/opt/gz_gui_vendor:/opt/ros/jazzy/opt/gz_transport_vendor:/opt/ros/jazzy/opt/gz_rendering_vendor:/opt/ros/jazzy/opt/gz_plugin_vendor:/opt/ros/jazzy/opt/gz_fuel_tools_vendor:/opt/ros/jazzy/opt/gz_msgs_vendor:/opt/ros/jazzy/opt/gz_common_vendor:/opt/ros/jazzy/opt/gz_tools_vendor:/opt/ros/jazzy/opt/gz_ogre_next_vendor:/opt/ros/jazzy/opt/gz_dartsim_vendor:/opt/ros/jazzy/opt/gz_math_vendor:/opt/ros/jazzy/opt/gz_utils_vendor:/opt/ros/jazzy/opt/gz_cmake_vendor:/opt/ros/jazzy LD_LIBRARY_PATH=/home/embedded/ros2_ws/install/ecl_time_lite/lib:/home/embedded/ros2_ws/install/ecl_exceptions/lib:/home/embedded/ros2_ws/install/ecl_errors/lib:${LD_LIBRARY_PATH} PATH=/home/embedded/ros2_ws/install/ecl_config/bin:${PATH} /usr/bin/cmake /home/embedded/ros2_ws/src/ThirdParty/ecl/ecl_core/ecl_time -DAMENT_CMAKE_SYMLINK_INSTALL=1 -DCMAKE_INSTALL_PREFIX=/home/embedded/ros2_ws/install/ecl_time
[5.744s] Invoking command in '/home/embedded/ros2_ws/build/ecl_time': AMENT_PREFIX_PATH=/home/embedded/ros2_ws/install/ecl_time_lite:/home/embedded/ros2_ws/install/ecl_exceptions:/home/embedded/ros2_ws/install/ecl_errors:/home/embedded/ros2_ws/install/ecl_config:${AMENT_PREFIX_PATH} CMAKE_PREFIX_PATH=/home/embedded/ros2_ws/install/ecl_time_lite:/home/embedded/ros2_ws/install/ecl_exceptions:/home/embedded/ros2_ws/install/ecl_errors:/home/embedded/ros2_ws/install/ecl_config:/opt/ros/jazzy/opt/gz_sim_vendor:/opt/ros/jazzy/opt/gz_sensors_vendor:/opt/ros/jazzy/opt/gz_physics_vendor:/opt/ros/jazzy/opt/sdformat_vendor:/opt/ros/jazzy/opt/gz_gui_vendor:/opt/ros/jazzy/opt/gz_transport_vendor:/opt/ros/jazzy/opt/gz_rendering_vendor:/opt/ros/jazzy/opt/gz_plugin_vendor:/opt/ros/jazzy/opt/gz_fuel_tools_vendor:/opt/ros/jazzy/opt/gz_msgs_vendor:/opt/ros/jazzy/opt/gz_common_vendor:/opt/ros/jazzy/opt/gz_tools_vendor:/opt/ros/jazzy/opt/gz_ogre_next_vendor:/opt/ros/jazzy/opt/gz_dartsim_vendor:/opt/ros/jazzy/opt/gz_math_vendor:/opt/ros/jazzy/opt/gz_utils_vendor:/opt/ros/jazzy/opt/gz_cmake_vendor:/opt/ros/jazzy LD_LIBRARY_PATH=/home/embedded/ros2_ws/install/ecl_time_lite/lib:/home/embedded/ros2_ws/install/ecl_exceptions/lib:/home/embedded/ros2_ws/install/ecl_errors/lib:${LD_LIBRARY_PATH} PATH=/home/embedded/ros2_ws/install/ecl_config/bin:${PATH} /usr/bin/cmake --build /home/embedded/ros2_ws/build/ecl_time -- -j4 -l4
[6.082s] [  2%] [32mBuilding CXX object src/lib/CMakeFiles/ecl_time.dir/cpuwatch_rt.cpp.o[0m
[7.103s] [  5%] [32mBuilding CXX object src/lib/CMakeFiles/ecl_time.dir/frequency.cpp.o[0m
[7.809s] [  8%] [32mBuilding CXX object src/lib/CMakeFiles/ecl_time.dir/sleep_win.cpp.o[0m
[8.009s] [ 11%] [32mBuilding CXX object src/lib/CMakeFiles/ecl_time.dir/sleep_pos.cpp.o[0m
[8.881s] [ 14%] [32mBuilding CXX object src/lib/CMakeFiles/ecl_time.dir/snooze_pos.cpp.o[0m
[9.547s] [ 17%] [32mBuilding CXX object src/lib/CMakeFiles/ecl_time.dir/snooze_win.cpp.o[0m
[9.737s] [ 20%] [32mBuilding CXX object src/lib/CMakeFiles/ecl_time.dir/stopwatch.cpp.o[0m
[10.604s] [ 23%] [32mBuilding CXX object src/lib/CMakeFiles/ecl_time.dir/timestamp_base.cpp.o[0m
[11.182s] [ 26%] [32mBuilding CXX object src/lib/CMakeFiles/ecl_time.dir/timestamp_pos.cpp.o[0m
[12.377s] [ 29%] [32mBuilding CXX object src/lib/CMakeFiles/ecl_time.dir/timestamp_win.cpp.o[0m
[12.532s] [ 32%] [32mBuilding CXX object src/lib/CMakeFiles/ecl_time.dir/time_data.cpp.o[0m
[13.218s] [ 35%] [32m[1mLinking CXX shared library libecl_time.so[0m
[13.633s] [ 35%] Built target ecl_time
[13.769s] [ 38%] [32mBuilding CXX object gtest/CMakeFiles/gtest.dir/src/gtest-all.cc.o[0m
[26.846s] [ 41%] [32m[1mLinking CXX static library libgtest.a[0m
[27.111s] [ 41%] Built target gtest
[27.224s] [ 44%] [32mBuilding CXX object src/examples/CMakeFiles/ecl_time_example_sleep.dir/sleep.cpp.o[0m
[28.218s] [ 47%] [32m[1mLinking CXX executable demo_sleep[0m
[28.592s] [ 47%] Built target ecl_time_example_sleep
[28.718s] [ 50%] [32mBuilding CXX object src/examples/CMakeFiles/ecl_time_example_random_number_generator.dir/random_number_generator.cpp.o[0m
[29.644s] [ 52%] [32m[1mLinking CXX executable demo_random_number_generator[0m
[29.938s] [ 52%] Built target ecl_time_example_random_number_generator
[30.041s] [ 55%] [32mBuilding CXX object gtest/CMakeFiles/gtest_main.dir/src/gtest_main.cc.o[0m
[31.927s] [ 58%] [32m[1mLinking CXX static library libgtest_main.a[0m
[32.026s] [ 58%] Built target gtest_main
[32.096s] [ 61%] [32mBuilding CXX object src/test/CMakeFiles/ecl_test_cpuwatch_rt.dir/cpuwatch_rt.cpp.o[0m
[33.887s] [ 64%] [32m[1mLinking CXX executable ecl_test_cpuwatch_rt[0m
[34.217s] [ 64%] Built target ecl_test_cpuwatch_rt
[34.269s] [ 67%] [32mBuilding CXX object src/test/CMakeFiles/ecl_test_snooze.dir/snooze.cpp.o[0m
[36.137s] [ 70%] [32m[1mLinking CXX executable ecl_test_snooze[0m
[36.499s] [ 70%] Built target ecl_test_snooze
[36.554s] [ 73%] [32mBuilding CXX object src/test/CMakeFiles/ecl_test_timestamp.dir/timestamp.cpp.o[0m
[39.326s] [ 76%] [32m[1mLinking CXX executable ecl_test_timestamp[0m
[39.844s] [ 76%] Built target ecl_test_timestamp
[39.899s] [ 79%] [32mBuilding CXX object src/test/CMakeFiles/ecl_test_time_data.dir/time_data.cpp.o[0m
[41.897s] [ 82%] [32m[1mLinking CXX executable ecl_test_time_data[0m
[42.257s] [ 82%] Built target ecl_test_time_data
[42.317s] [ 85%] [32mBuilding CXX object src/test/CMakeFiles/ecl_test_stopwatch.dir/stopwatch.cpp.o[0m
[44.265s] [ 88%] [32m[1mLinking CXX executable ecl_test_stopwatch[0m
[44.631s] [ 88%] Built target ecl_test_stopwatch
[44.690s] [ 91%] [32mBuilding CXX object src/test/CMakeFiles/ecl_test_sleep.dir/sleep.cpp.o[0m
[46.368s] [ 94%] [32m[1mLinking CXX executable ecl_test_sleep[0m
[46.737s] [ 94%] Built target ecl_test_sleep
[46.792s] [ 97%] [32mBuilding CXX object src/test/CMakeFiles/ecl_test_frequency.dir/frequency.cpp.o[0m
[48.646s] [100%] [32m[1mLinking CXX executable ecl_test_frequency[0m
[49.050s] [100%] Built target ecl_test_frequency
[49.090s] Invoked command in '/home/embedded/ros2_ws/build/ecl_time' returned '0': AMENT_PREFIX_PATH=/home/embedded/ros2_ws/install/ecl_time_lite:/home/embedded/ros2_ws/install/ecl_exceptions:/home/embedded/ros2_ws/install/ecl_errors:/home/embedded/ros2_ws/install/ecl_config:${AMENT_PREFIX_PATH} CMAKE_PREFIX_PATH=/home/embedded/ros2_ws/install/ecl_time_lite:/home/embedded/ros2_ws/install/ecl_exceptions:/home/embedded/ros2_ws/install/ecl_errors:/home/embedded/ros2_ws/install/ecl_config:/opt/ros/jazzy/opt/gz_sim_vendor:/opt/ros/jazzy/opt/gz_sensors_vendor:/opt/ros/jazzy/opt/gz_physics_vendor:/opt/ros/jazzy/opt/sdformat_vendor:/opt/ros/jazzy/opt/gz_gui_vendor:/opt/ros/jazzy/opt/gz_transport_vendor:/opt/ros/jazzy/opt/gz_rendering_vendor:/opt/ros/jazzy/opt/gz_plugin_vendor:/opt/ros/jazzy/opt/gz_fuel_tools_vendor:/opt/ros/jazzy/opt/gz_msgs_vendor:/opt/ros/jazzy/opt/gz_common_vendor:/opt/ros/jazzy/opt/gz_tools_vendor:/opt/ros/jazzy/opt/gz_ogre_next_vendor:/opt/ros/jazzy/opt/gz_dartsim_vendor:/opt/ros/jazzy/opt/gz_math_vendor:/opt/ros/jazzy/opt/gz_utils_vendor:/opt/ros/jazzy/opt/gz_cmake_vendor:/opt/ros/jazzy LD_LIBRARY_PATH=/home/embedded/ros2_ws/install/ecl_time_lite/lib:/home/embedded/ros2_ws/install/ecl_exceptions/lib:/home/embedded/ros2_ws/install/ecl_errors/lib:${LD_LIBRARY_PATH} PATH=/home/embedded/ros2_ws/install/ecl_config/bin:${PATH} /usr/bin/cmake --build /home/embedded/ros2_ws/build/ecl_time -- -j4 -l4
[49.095s] Invoking command in '/home/embedded/ros2_ws/build/ecl_time': AMENT_PREFIX_PATH=/home/embedded/ros2_ws/install/ecl_time_lite:/home/embedded/ros2_ws/install/ecl_exceptions:/home/embedded/ros2_ws/install/ecl_errors:/home/embedded/ros2_ws/install/ecl_config:${AMENT_PREFIX_PATH} CMAKE_PREFIX_PATH=/home/embedded/ros2_ws/install/ecl_time_lite:/home/embedded/ros2_ws/install/ecl_exceptions:/home/embedded/ros2_ws/install/ecl_errors:/home/embedded/ros2_ws/install/ecl_config:/opt/ros/jazzy/opt/gz_sim_vendor:/opt/ros/jazzy/opt/gz_sensors_vendor:/opt/ros/jazzy/opt/gz_physics_vendor:/opt/ros/jazzy/opt/sdformat_vendor:/opt/ros/jazzy/opt/gz_gui_vendor:/opt/ros/jazzy/opt/gz_transport_vendor:/opt/ros/jazzy/opt/gz_rendering_vendor:/opt/ros/jazzy/opt/gz_plugin_vendor:/opt/ros/jazzy/opt/gz_fuel_tools_vendor:/opt/ros/jazzy/opt/gz_msgs_vendor:/opt/ros/jazzy/opt/gz_common_vendor:/opt/ros/jazzy/opt/gz_tools_vendor:/opt/ros/jazzy/opt/gz_ogre_next_vendor:/opt/ros/jazzy/opt/gz_dartsim_vendor:/opt/ros/jazzy/opt/gz_math_vendor:/opt/ros/jazzy/opt/gz_utils_vendor:/opt/ros/jazzy/opt/gz_cmake_vendor:/opt/ros/jazzy LD_LIBRARY_PATH=/home/embedded/ros2_ws/install/ecl_time_lite/lib:/home/embedded/ros2_ws/install/ecl_exceptions/lib:/home/embedded/ros2_ws/install/ecl_errors/lib:${LD_LIBRARY_PATH} PATH=/home/embedded/ros2_ws/install/ecl_config/bin:${PATH} /usr/bin/cmake --install /home/embedded/ros2_ws/build/ecl_time
[49.118s] -- Install configuration: ""
[49.120s] -- Execute custom install script
[49.122s] -- Symlinking: /home/embedded/ros2_ws/install/ecl_time/include/ecl/time/cpuwatch.hpp
[49.149s] -- Symlinking: /home/embedded/ros2_ws/install/ecl_time/include/ecl/time/cpuwatch_rt.hpp
[49.176s] -- Symlinking: /home/embedded/ros2_ws/install/ecl_time/include/ecl/time/duration.hpp
[49.204s] -- Symlinking: /home/embedded/ros2_ws/install/ecl_time/include/ecl/time/frequency.hpp
[49.230s] -- Symlinking: /home/embedded/ros2_ws/install/ecl_time/include/ecl/time/macros.hpp
[49.256s] -- Symlinking: /home/embedded/ros2_ws/install/ecl_time/include/ecl/time/random_number_generator.hpp
[49.281s] -- Symlinking: /home/embedded/ros2_ws/install/ecl_time/include/ecl/time/sleep.hpp
[49.308s] -- Symlinking: /home/embedded/ros2_ws/install/ecl_time/include/ecl/time/sleep_pos.hpp
[49.337s] -- Symlinking: /home/embedded/ros2_ws/install/ecl_time/include/ecl/time/sleep_win.hpp
[49.363s] -- Symlinking: /home/embedded/ros2_ws/install/ecl_time/include/ecl/time/snooze.hpp
[49.396s] -- Symlinking: /home/embedded/ros2_ws/install/ecl_time/include/ecl/time/snooze_pos.hpp
[49.423s] -- Symlinking: /home/embedded/ros2_ws/install/ecl_time/include/ecl/time/snooze_win.hpp
[49.454s] -- Symlinking: /home/embedded/ros2_ws/install/ecl_time/include/ecl/time/stopwatch.hpp
[49.491s] -- Symlinking: /home/embedded/ros2_ws/install/ecl_time/include/ecl/time/time_data.hpp
[49.519s] -- Symlinking: /home/embedded/ros2_ws/install/ecl_time/include/ecl/time/timestamp.hpp
[49.548s] -- Symlinking: /home/embedded/ros2_ws/install/ecl_time/include/ecl/time/timestamp_base.hpp
[49.572s] -- Symlinking: /home/embedded/ros2_ws/install/ecl_time/include/ecl/time/timestamp_pos.hpp
[49.598s] -- Symlinking: /home/embedded/ros2_ws/install/ecl_time/include/ecl/time/timestamp_win.hpp
[49.625s] -- Symlinking: /home/embedded/ros2_ws/install/ecl_time/include/ecl/time.hpp
[49.654s] -- Symlinking: /home/embedded/ros2_ws/install/ecl_time/lib/ecl_time/demo_random_number_generator
[49.686s] -- Symlinking: /home/embedded/ros2_ws/install/ecl_time/lib/ecl_time/demo_sleep
[49.713s] -- Symlinking: /home/embedded/ros2_ws/install/ecl_time/share/ecl_time/environment/library_path.sh
[49.743s] -- Symlinking: /home/embedded/ros2_ws/install/ecl_time/share/ecl_time/environment/library_path.dsv
[49.772s] -- Symlinking: /home/embedded/ros2_ws/install/ecl_time/share/ament_index/resource_index/package_run_dependencies/ecl_time
[49.798s] -- Symlinking: /home/embedded/ros2_ws/install/ecl_time/share/ament_index/resource_index/parent_prefix_path/ecl_time
[49.820s] -- Symlinking: /home/embedded/ros2_ws/install/ecl_time/share/ecl_time/environment/ament_prefix_path.sh
[49.854s] -- Symlinking: /home/embedded/ros2_ws/install/ecl_time/share/ecl_time/environment/ament_prefix_path.dsv
[49.884s] -- Symlinking: /home/embedded/ros2_ws/install/ecl_time/share/ecl_time/environment/path.sh
[49.919s] -- Symlinking: /home/embedded/ros2_ws/install/ecl_time/share/ecl_time/environment/path.dsv
[49.958s] -- Symlinking: /home/embedded/ros2_ws/install/ecl_time/share/ecl_time/local_setup.bash
[49.987s] -- Symlinking: /home/embedded/ros2_ws/install/ecl_time/share/ecl_time/local_setup.sh
[50.019s] -- Symlinking: /home/embedded/ros2_ws/install/ecl_time/share/ecl_time/local_setup.zsh
[50.048s] -- Symlinking: /home/embedded/ros2_ws/install/ecl_time/share/ecl_time/local_setup.dsv
[50.076s] -- Symlinking: /home/embedded/ros2_ws/install/ecl_time/share/ecl_time/package.dsv
[50.105s] -- Symlinking: /home/embedded/ros2_ws/install/ecl_time/share/ament_index/resource_index/packages/ecl_time
[50.128s] -- Symlinking: /home/embedded/ros2_ws/install/ecl_time/share/ecl_time/cmake/ament_cmake_export_targets-extras.cmake
[50.160s] -- Symlinking: /home/embedded/ros2_ws/install/ecl_time/share/ecl_time/cmake/ament_cmake_export_include_directories-extras.cmake
[50.193s] -- Symlinking: /home/embedded/ros2_ws/install/ecl_time/share/ecl_time/cmake/ament_cmake_export_libraries-extras.cmake
[50.221s] -- Symlinking: /home/embedded/ros2_ws/install/ecl_time/share/ecl_time/cmake/ament_cmake_export_dependencies-extras.cmake
[50.248s] -- Symlinking: /home/embedded/ros2_ws/install/ecl_time/share/ecl_time/cmake/ecl_timeConfig.cmake
[50.275s] -- Symlinking: /home/embedded/ros2_ws/install/ecl_time/share/ecl_time/cmake/ecl_timeConfig-version.cmake
[50.299s] -- Symlinking: /home/embedded/ros2_ws/install/ecl_time/share/ecl_time/package.xml
[50.326s] -- Installing: /home/embedded/ros2_ws/install/ecl_time/share/ecl_time/cmake/ecl_timeExport.cmake
[50.326s] -- Installing: /home/embedded/ros2_ws/install/ecl_time/share/ecl_time/cmake/ecl_timeExport-noconfig.cmake
[50.326s] -- Installing: /home/embedded/ros2_ws/install/ecl_time/lib/libecl_time.so.1.2.1
[50.327s] -- Set non-toolchain portion of runtime path of "/home/embedded/ros2_ws/install/ecl_time/lib/libecl_time.so.1.2.1" to ""
[50.327s] -- Installing: /home/embedded/ros2_ws/install/ecl_time/lib/libecl_time.so
[50.332s] Invoked command in '/home/embedded/ros2_ws/build/ecl_time' returned '0': AMENT_PREFIX_PATH=/home/embedded/ros2_ws/install/ecl_time_lite:/home/embedded/ros2_ws/install/ecl_exceptions:/home/embedded/ros2_ws/install/ecl_errors:/home/embedded/ros2_ws/install/ecl_config:${AMENT_PREFIX_PATH} CMAKE_PREFIX_PATH=/home/embedded/ros2_ws/install/ecl_time_lite:/home/embedded/ros2_ws/install/ecl_exceptions:/home/embedded/ros2_ws/install/ecl_errors:/home/embedded/ros2_ws/install/ecl_config:/opt/ros/jazzy/opt/gz_sim_vendor:/opt/ros/jazzy/opt/gz_sensors_vendor:/opt/ros/jazzy/opt/gz_physics_vendor:/opt/ros/jazzy/opt/sdformat_vendor:/opt/ros/jazzy/opt/gz_gui_vendor:/opt/ros/jazzy/opt/gz_transport_vendor:/opt/ros/jazzy/opt/gz_rendering_vendor:/opt/ros/jazzy/opt/gz_plugin_vendor:/opt/ros/jazzy/opt/gz_fuel_tools_vendor:/opt/ros/jazzy/opt/gz_msgs_vendor:/opt/ros/jazzy/opt/gz_common_vendor:/opt/ros/jazzy/opt/gz_tools_vendor:/opt/ros/jazzy/opt/gz_ogre_next_vendor:/opt/ros/jazzy/opt/gz_dartsim_vendor:/opt/ros/jazzy/opt/gz_math_vendor:/opt/ros/jazzy/opt/gz_utils_vendor:/opt/ros/jazzy/opt/gz_cmake_vendor:/opt/ros/jazzy LD_LIBRARY_PATH=/home/embedded/ros2_ws/install/ecl_time_lite/lib:/home/embedded/ros2_ws/install/ecl_exceptions/lib:/home/embedded/ros2_ws/install/ecl_errors/lib:${LD_LIBRARY_PATH} PATH=/home/embedded/ros2_ws/install/ecl_config/bin:${PATH} /usr/bin/cmake --install /home/embedded/ros2_ws/build/ecl_time
