[0.066s] Invoking command in '/home/embedded/ros2_ws/build/ecl_converters_lite': AMENT_PREFIX_PATH=/home/embedded/ros2_ws/install/ecl_config:${AMENT_PREFIX_PATH} CMAKE_PREFIX_PATH=/home/embedded/ros2_ws/install/ecl_config:/opt/ros/jazzy/opt/gz_sim_vendor:/opt/ros/jazzy/opt/gz_sensors_vendor:/opt/ros/jazzy/opt/gz_physics_vendor:/opt/ros/jazzy/opt/sdformat_vendor:/opt/ros/jazzy/opt/gz_gui_vendor:/opt/ros/jazzy/opt/gz_transport_vendor:/opt/ros/jazzy/opt/gz_rendering_vendor:/opt/ros/jazzy/opt/gz_plugin_vendor:/opt/ros/jazzy/opt/gz_fuel_tools_vendor:/opt/ros/jazzy/opt/gz_msgs_vendor:/opt/ros/jazzy/opt/gz_common_vendor:/opt/ros/jazzy/opt/gz_tools_vendor:/opt/ros/jazzy/opt/gz_ogre_next_vendor:/opt/ros/jazzy/opt/gz_dartsim_vendor:/opt/ros/jazzy/opt/gz_math_vendor:/opt/ros/jazzy/opt/gz_utils_vendor:/opt/ros/jazzy/opt/gz_cmake_vendor:/opt/ros/jazzy PATH=/home/embedded/ros2_ws/install/ecl_config/bin:${PATH} /usr/bin/cmake --build /home/embedded/ros2_ws/build/ecl_converters_lite -- -j4 -l4
[0.259s] [ 33%] Built target gtest
[0.274s] [ 66%] Built target gtest_main
[0.346s] [100%] Built target test_byte_array
[0.378s] Invoked command in '/home/embedded/ros2_ws/build/ecl_converters_lite' returned '0': AMENT_PREFIX_PATH=/home/embedded/ros2_ws/install/ecl_config:${AMENT_PREFIX_PATH} CMAKE_PREFIX_PATH=/home/embedded/ros2_ws/install/ecl_config:/opt/ros/jazzy/opt/gz_sim_vendor:/opt/ros/jazzy/opt/gz_sensors_vendor:/opt/ros/jazzy/opt/gz_physics_vendor:/opt/ros/jazzy/opt/sdformat_vendor:/opt/ros/jazzy/opt/gz_gui_vendor:/opt/ros/jazzy/opt/gz_transport_vendor:/opt/ros/jazzy/opt/gz_rendering_vendor:/opt/ros/jazzy/opt/gz_plugin_vendor:/opt/ros/jazzy/opt/gz_fuel_tools_vendor:/opt/ros/jazzy/opt/gz_msgs_vendor:/opt/ros/jazzy/opt/gz_common_vendor:/opt/ros/jazzy/opt/gz_tools_vendor:/opt/ros/jazzy/opt/gz_ogre_next_vendor:/opt/ros/jazzy/opt/gz_dartsim_vendor:/opt/ros/jazzy/opt/gz_math_vendor:/opt/ros/jazzy/opt/gz_utils_vendor:/opt/ros/jazzy/opt/gz_cmake_vendor:/opt/ros/jazzy PATH=/home/embedded/ros2_ws/install/ecl_config/bin:${PATH} /usr/bin/cmake --build /home/embedded/ros2_ws/build/ecl_converters_lite -- -j4 -l4
[0.378s] Invoking command in '/home/embedded/ros2_ws/build/ecl_converters_lite': AMENT_PREFIX_PATH=/home/embedded/ros2_ws/install/ecl_config:${AMENT_PREFIX_PATH} CMAKE_PREFIX_PATH=/home/embedded/ros2_ws/install/ecl_config:/opt/ros/jazzy/opt/gz_sim_vendor:/opt/ros/jazzy/opt/gz_sensors_vendor:/opt/ros/jazzy/opt/gz_physics_vendor:/opt/ros/jazzy/opt/sdformat_vendor:/opt/ros/jazzy/opt/gz_gui_vendor:/opt/ros/jazzy/opt/gz_transport_vendor:/opt/ros/jazzy/opt/gz_rendering_vendor:/opt/ros/jazzy/opt/gz_plugin_vendor:/opt/ros/jazzy/opt/gz_fuel_tools_vendor:/opt/ros/jazzy/opt/gz_msgs_vendor:/opt/ros/jazzy/opt/gz_common_vendor:/opt/ros/jazzy/opt/gz_tools_vendor:/opt/ros/jazzy/opt/gz_ogre_next_vendor:/opt/ros/jazzy/opt/gz_dartsim_vendor:/opt/ros/jazzy/opt/gz_math_vendor:/opt/ros/jazzy/opt/gz_utils_vendor:/opt/ros/jazzy/opt/gz_cmake_vendor:/opt/ros/jazzy PATH=/home/embedded/ros2_ws/install/ecl_config/bin:${PATH} /usr/bin/cmake --install /home/embedded/ros2_ws/build/ecl_converters_lite
[0.399s] -- Install configuration: ""
[0.399s] -- Execute custom install script
[0.399s] -- Up-to-date symlink: /home/embedded/ros2_ws/install/ecl_converters_lite/include/ecl/converters_lite/byte_array.hpp
[0.401s] -- Up-to-date symlink: /home/embedded/ros2_ws/install/ecl_converters_lite/include/ecl/converters_lite.hpp
[0.401s] -- Up-to-date symlink: /home/embedded/ros2_ws/install/ecl_converters_lite/share/ament_index/resource_index/package_run_dependencies/ecl_converters_lite
[0.401s] -- Up-to-date symlink: /home/embedded/ros2_ws/install/ecl_converters_lite/share/ament_index/resource_index/parent_prefix_path/ecl_converters_lite
[0.401s] -- Up-to-date symlink: /home/embedded/ros2_ws/install/ecl_converters_lite/share/ecl_converters_lite/environment/ament_prefix_path.sh
[0.404s] -- Up-to-date symlink: /home/embedded/ros2_ws/install/ecl_converters_lite/share/ecl_converters_lite/environment/ament_prefix_path.dsv
[0.404s] -- Up-to-date symlink: /home/embedded/ros2_ws/install/ecl_converters_lite/share/ecl_converters_lite/environment/path.sh
[0.405s] -- Up-to-date symlink: /home/embedded/ros2_ws/install/ecl_converters_lite/share/ecl_converters_lite/environment/path.dsv
[0.405s] -- Up-to-date symlink: /home/embedded/ros2_ws/install/ecl_converters_lite/share/ecl_converters_lite/local_setup.bash
[0.405s] -- Up-to-date symlink: /home/embedded/ros2_ws/install/ecl_converters_lite/share/ecl_converters_lite/local_setup.sh
[0.405s] -- Up-to-date symlink: /home/embedded/ros2_ws/install/ecl_converters_lite/share/ecl_converters_lite/local_setup.zsh
[0.405s] -- Up-to-date symlink: /home/embedded/ros2_ws/install/ecl_converters_lite/share/ecl_converters_lite/local_setup.dsv
[0.406s] -- Symlinking: /home/embedded/ros2_ws/install/ecl_converters_lite/share/ecl_converters_lite/package.dsv
[0.431s] -- Up-to-date symlink: /home/embedded/ros2_ws/install/ecl_converters_lite/share/ament_index/resource_index/packages/ecl_converters_lite
[0.431s] -- Up-to-date symlink: /home/embedded/ros2_ws/install/ecl_converters_lite/share/ecl_converters_lite/cmake/ament_cmake_export_targets-extras.cmake
[0.431s] -- Up-to-date symlink: /home/embedded/ros2_ws/install/ecl_converters_lite/share/ecl_converters_lite/cmake/ament_cmake_export_include_directories-extras.cmake
[0.431s] -- Up-to-date symlink: /home/embedded/ros2_ws/install/ecl_converters_lite/share/ecl_converters_lite/cmake/ament_cmake_export_dependencies-extras.cmake
[0.434s] -- Up-to-date symlink: /home/embedded/ros2_ws/install/ecl_converters_lite/share/ecl_converters_lite/cmake/ecl_converters_liteConfig.cmake
[0.435s] -- Up-to-date symlink: /home/embedded/ros2_ws/install/ecl_converters_lite/share/ecl_converters_lite/cmake/ecl_converters_liteConfig-version.cmake
[0.435s] -- Up-to-date symlink: /home/embedded/ros2_ws/install/ecl_converters_lite/share/ecl_converters_lite/package.xml
[0.435s] -- Up-to-date: /home/embedded/ros2_ws/install/ecl_converters_lite/share/ecl_converters_lite/cmake/ecl_converters_liteExport.cmake
[0.441s] Invoked command in '/home/embedded/ros2_ws/build/ecl_converters_lite' returned '0': AMENT_PREFIX_PATH=/home/embedded/ros2_ws/install/ecl_config:${AMENT_PREFIX_PATH} CMAKE_PREFIX_PATH=/home/embedded/ros2_ws/install/ecl_config:/opt/ros/jazzy/opt/gz_sim_vendor:/opt/ros/jazzy/opt/gz_sensors_vendor:/opt/ros/jazzy/opt/gz_physics_vendor:/opt/ros/jazzy/opt/sdformat_vendor:/opt/ros/jazzy/opt/gz_gui_vendor:/opt/ros/jazzy/opt/gz_transport_vendor:/opt/ros/jazzy/opt/gz_rendering_vendor:/opt/ros/jazzy/opt/gz_plugin_vendor:/opt/ros/jazzy/opt/gz_fuel_tools_vendor:/opt/ros/jazzy/opt/gz_msgs_vendor:/opt/ros/jazzy/opt/gz_common_vendor:/opt/ros/jazzy/opt/gz_tools_vendor:/opt/ros/jazzy/opt/gz_ogre_next_vendor:/opt/ros/jazzy/opt/gz_dartsim_vendor:/opt/ros/jazzy/opt/gz_math_vendor:/opt/ros/jazzy/opt/gz_utils_vendor:/opt/ros/jazzy/opt/gz_cmake_vendor:/opt/ros/jazzy PATH=/home/embedded/ros2_ws/install/ecl_config/bin:${PATH} /usr/bin/cmake --install /home/embedded/ros2_ws/build/ecl_converters_lite
