[0.027s] Invoking command in '/home/embedded/ros2_ws/build/ecl_mpl': CMAKE_PREFIX_PATH=${CMAKE_PREFIX_PATH}:/opt/ros/jazzy /usr/bin/cmake --build /home/embedded/ros2_ws/build/ecl_mpl -- -j4 -l4
[0.205s] [ 33%] Built target gtest
[0.240s] [ 66%] Built target gtest_main
[0.343s] [100%] Built target test_enable_if
[0.442s] Invoked command in '/home/embedded/ros2_ws/build/ecl_mpl' returned '0': CMAKE_PREFIX_PATH=${CMAKE_PREFIX_PATH}:/opt/ros/jazzy /usr/bin/cmake --build /home/embedded/ros2_ws/build/ecl_mpl -- -j4 -l4
[0.442s] Invoking command in '/home/embedded/ros2_ws/build/ecl_mpl': CMAKE_PREFIX_PATH=${CMAKE_PREFIX_PATH}:/opt/ros/jazzy /usr/bin/cmake --install /home/embedded/ros2_ws/build/ecl_mpl
[0.474s] -- Install configuration: ""
[0.474s] -- Execute custom install script
[0.477s] -- Up-to-date symlink: /home/embedded/ros2_ws/install/ecl_mpl/include/ecl/mpl/bool.hpp
[0.478s] -- Up-to-date symlink: /home/embedded/ros2_ws/install/ecl_mpl/include/ecl/mpl/converters.hpp
[0.478s] -- Up-to-date symlink: /home/embedded/ros2_ws/install/ecl_mpl/include/ecl/mpl/enable_if.hpp
[0.478s] -- Up-to-date symlink: /home/embedded/ros2_ws/install/ecl_mpl/include/ecl/mpl/failed_object.hpp
[0.478s] -- Up-to-date symlink: /home/embedded/ros2_ws/install/ecl_mpl/include/ecl/mpl/if.hpp
[0.478s] -- Up-to-date symlink: /home/embedded/ros2_ws/install/ecl_mpl/include/ecl/mpl.hpp
[0.479s] -- Up-to-date symlink: /home/embedded/ros2_ws/install/ecl_mpl/share/ament_index/resource_index/package_run_dependencies/ecl_mpl
[0.479s] -- Up-to-date symlink: /home/embedded/ros2_ws/install/ecl_mpl/share/ament_index/resource_index/parent_prefix_path/ecl_mpl
[0.479s] -- Up-to-date symlink: /home/embedded/ros2_ws/install/ecl_mpl/share/ecl_mpl/environment/ament_prefix_path.sh
[0.479s] -- Up-to-date symlink: /home/embedded/ros2_ws/install/ecl_mpl/share/ecl_mpl/environment/ament_prefix_path.dsv
[0.479s] -- Up-to-date symlink: /home/embedded/ros2_ws/install/ecl_mpl/share/ecl_mpl/environment/path.sh
[0.479s] -- Up-to-date symlink: /home/embedded/ros2_ws/install/ecl_mpl/share/ecl_mpl/environment/path.dsv
[0.479s] -- Up-to-date symlink: /home/embedded/ros2_ws/install/ecl_mpl/share/ecl_mpl/local_setup.bash
[0.488s] -- Up-to-date symlink: /home/embedded/ros2_ws/install/ecl_mpl/share/ecl_mpl/local_setup.sh
[0.488s] -- Up-to-date symlink: /home/embedded/ros2_ws/install/ecl_mpl/share/ecl_mpl/local_setup.zsh
[0.488s] -- Up-to-date symlink: /home/embedded/ros2_ws/install/ecl_mpl/share/ecl_mpl/local_setup.dsv
[0.489s] -- Symlinking: /home/embedded/ros2_ws/install/ecl_mpl/share/ecl_mpl/package.dsv
[0.514s] -- Up-to-date symlink: /home/embedded/ros2_ws/install/ecl_mpl/share/ament_index/resource_index/packages/ecl_mpl
[0.518s] -- Up-to-date symlink: /home/embedded/ros2_ws/install/ecl_mpl/share/ecl_mpl/cmake/ament_cmake_export_targets-extras.cmake
[0.519s] -- Up-to-date symlink: /home/embedded/ros2_ws/install/ecl_mpl/share/ecl_mpl/cmake/ament_cmake_export_include_directories-extras.cmake
[0.519s] -- Up-to-date symlink: /home/embedded/ros2_ws/install/ecl_mpl/share/ecl_mpl/cmake/ecl_mplConfig.cmake
[0.519s] -- Up-to-date symlink: /home/embedded/ros2_ws/install/ecl_mpl/share/ecl_mpl/cmake/ecl_mplConfig-version.cmake
[0.519s] -- Up-to-date symlink: /home/embedded/ros2_ws/install/ecl_mpl/share/ecl_mpl/package.xml
[0.520s] -- Up-to-date: /home/embedded/ros2_ws/install/ecl_mpl/share/ecl_mpl/cmake/ecl_mplExport.cmake
[0.528s] Invoked command in '/home/embedded/ros2_ws/build/ecl_mpl' returned '0': CMAKE_PREFIX_PATH=${CMAKE_PREFIX_PATH}:/opt/ros/jazzy /usr/bin/cmake --install /home/embedded/ros2_ws/build/ecl_mpl
