[0.116s] Invoking command in '/home/embedded/ros2_ws/build/ecl_io': AMENT_PREFIX_PATH=/home/embedded/ros2_ws/install/ecl_errors:/home/embedded/ros2_ws/install/ecl_config:${AMENT_PREFIX_PATH} CMAKE_PREFIX_PATH=/home/embedded/ros2_ws/install/ecl_errors:/home/embedded/ros2_ws/install/ecl_config:/opt/ros/jazzy/opt/gz_sim_vendor:/opt/ros/jazzy/opt/gz_sensors_vendor:/opt/ros/jazzy/opt/gz_physics_vendor:/opt/ros/jazzy/opt/sdformat_vendor:/opt/ros/jazzy/opt/gz_gui_vendor:/opt/ros/jazzy/opt/gz_transport_vendor:/opt/ros/jazzy/opt/gz_rendering_vendor:/opt/ros/jazzy/opt/gz_plugin_vendor:/opt/ros/jazzy/opt/gz_fuel_tools_vendor:/opt/ros/jazzy/opt/gz_msgs_vendor:/opt/ros/jazzy/opt/gz_common_vendor:/opt/ros/jazzy/opt/gz_tools_vendor:/opt/ros/jazzy/opt/gz_ogre_next_vendor:/opt/ros/jazzy/opt/gz_dartsim_vendor:/opt/ros/jazzy/opt/gz_math_vendor:/opt/ros/jazzy/opt/gz_utils_vendor:/opt/ros/jazzy/opt/gz_cmake_vendor:/opt/ros/jazzy LD_LIBRARY_PATH=/home/embedded/ros2_ws/install/ecl_errors/lib:${LD_LIBRARY_PATH} PATH=/home/embedded/ros2_ws/install/ecl_config/bin:${PATH} /usr/bin/cmake --build /home/embedded/ros2_ws/build/ecl_io -- -j4 -l4
[0.295s] [ 40%] Built target ecl_io
[0.368s] [ 60%] Built target ecl_io_example_sockets
[0.371s] [ 80%] Built target ecl_io_example_poll
[0.379s] [100%] Built target ecl_io_example_socketpair
[0.409s] Invoked command in '/home/embedded/ros2_ws/build/ecl_io' returned '0': AMENT_PREFIX_PATH=/home/embedded/ros2_ws/install/ecl_errors:/home/embedded/ros2_ws/install/ecl_config:${AMENT_PREFIX_PATH} CMAKE_PREFIX_PATH=/home/embedded/ros2_ws/install/ecl_errors:/home/embedded/ros2_ws/install/ecl_config:/opt/ros/jazzy/opt/gz_sim_vendor:/opt/ros/jazzy/opt/gz_sensors_vendor:/opt/ros/jazzy/opt/gz_physics_vendor:/opt/ros/jazzy/opt/sdformat_vendor:/opt/ros/jazzy/opt/gz_gui_vendor:/opt/ros/jazzy/opt/gz_transport_vendor:/opt/ros/jazzy/opt/gz_rendering_vendor:/opt/ros/jazzy/opt/gz_plugin_vendor:/opt/ros/jazzy/opt/gz_fuel_tools_vendor:/opt/ros/jazzy/opt/gz_msgs_vendor:/opt/ros/jazzy/opt/gz_common_vendor:/opt/ros/jazzy/opt/gz_tools_vendor:/opt/ros/jazzy/opt/gz_ogre_next_vendor:/opt/ros/jazzy/opt/gz_dartsim_vendor:/opt/ros/jazzy/opt/gz_math_vendor:/opt/ros/jazzy/opt/gz_utils_vendor:/opt/ros/jazzy/opt/gz_cmake_vendor:/opt/ros/jazzy LD_LIBRARY_PATH=/home/embedded/ros2_ws/install/ecl_errors/lib:${LD_LIBRARY_PATH} PATH=/home/embedded/ros2_ws/install/ecl_config/bin:${PATH} /usr/bin/cmake --build /home/embedded/ros2_ws/build/ecl_io -- -j4 -l4
[0.418s] Invoking command in '/home/embedded/ros2_ws/build/ecl_io': AMENT_PREFIX_PATH=/home/embedded/ros2_ws/install/ecl_errors:/home/embedded/ros2_ws/install/ecl_config:${AMENT_PREFIX_PATH} CMAKE_PREFIX_PATH=/home/embedded/ros2_ws/install/ecl_errors:/home/embedded/ros2_ws/install/ecl_config:/opt/ros/jazzy/opt/gz_sim_vendor:/opt/ros/jazzy/opt/gz_sensors_vendor:/opt/ros/jazzy/opt/gz_physics_vendor:/opt/ros/jazzy/opt/sdformat_vendor:/opt/ros/jazzy/opt/gz_gui_vendor:/opt/ros/jazzy/opt/gz_transport_vendor:/opt/ros/jazzy/opt/gz_rendering_vendor:/opt/ros/jazzy/opt/gz_plugin_vendor:/opt/ros/jazzy/opt/gz_fuel_tools_vendor:/opt/ros/jazzy/opt/gz_msgs_vendor:/opt/ros/jazzy/opt/gz_common_vendor:/opt/ros/jazzy/opt/gz_tools_vendor:/opt/ros/jazzy/opt/gz_ogre_next_vendor:/opt/ros/jazzy/opt/gz_dartsim_vendor:/opt/ros/jazzy/opt/gz_math_vendor:/opt/ros/jazzy/opt/gz_utils_vendor:/opt/ros/jazzy/opt/gz_cmake_vendor:/opt/ros/jazzy LD_LIBRARY_PATH=/home/embedded/ros2_ws/install/ecl_errors/lib:${LD_LIBRARY_PATH} PATH=/home/embedded/ros2_ws/install/ecl_config/bin:${PATH} /usr/bin/cmake --install /home/embedded/ros2_ws/build/ecl_io
[0.439s] -- Install configuration: ""
[0.439s] -- Execute custom install script
[0.440s] -- Up-to-date symlink: /home/embedded/ros2_ws/install/ecl_io/include/ecl/sockets/macros.hpp
[0.442s] -- Up-to-date symlink: /home/embedded/ros2_ws/install/ecl_io/include/ecl/sockets/poll.hpp
[0.443s] -- Up-to-date symlink: /home/embedded/ros2_ws/install/ecl_io/include/ecl/sockets/socketpair.hpp
[0.444s] -- Up-to-date symlink: /home/embedded/ros2_ws/install/ecl_io/include/ecl/sockets/sockets.hpp
[0.448s] -- Up-to-date symlink: /home/embedded/ros2_ws/install/ecl_io/include/ecl/io.hpp
[0.448s] -- Up-to-date symlink: /home/embedded/ros2_ws/install/ecl_io/lib/ecl_io/demo_sockets
[0.448s] -- Up-to-date symlink: /home/embedded/ros2_ws/install/ecl_io/lib/ecl_io/demo_socketpair
[0.448s] -- Up-to-date symlink: /home/embedded/ros2_ws/install/ecl_io/lib/ecl_io/demo_poll
[0.449s] -- Up-to-date symlink: /home/embedded/ros2_ws/install/ecl_io/share/ecl_io/environment/library_path.sh
[0.449s] -- Up-to-date symlink: /home/embedded/ros2_ws/install/ecl_io/share/ecl_io/environment/library_path.dsv
[0.449s] -- Up-to-date symlink: /home/embedded/ros2_ws/install/ecl_io/share/ament_index/resource_index/package_run_dependencies/ecl_io
[0.449s] -- Up-to-date symlink: /home/embedded/ros2_ws/install/ecl_io/share/ament_index/resource_index/parent_prefix_path/ecl_io
[0.449s] -- Up-to-date symlink: /home/embedded/ros2_ws/install/ecl_io/share/ecl_io/environment/ament_prefix_path.sh
[0.450s] -- Up-to-date symlink: /home/embedded/ros2_ws/install/ecl_io/share/ecl_io/environment/ament_prefix_path.dsv
[0.450s] -- Up-to-date symlink: /home/embedded/ros2_ws/install/ecl_io/share/ecl_io/environment/path.sh
[0.450s] -- Up-to-date symlink: /home/embedded/ros2_ws/install/ecl_io/share/ecl_io/environment/path.dsv
[0.450s] -- Up-to-date symlink: /home/embedded/ros2_ws/install/ecl_io/share/ecl_io/local_setup.bash
[0.450s] -- Up-to-date symlink: /home/embedded/ros2_ws/install/ecl_io/share/ecl_io/local_setup.sh
[0.456s] -- Up-to-date symlink: /home/embedded/ros2_ws/install/ecl_io/share/ecl_io/local_setup.zsh
[0.456s] -- Up-to-date symlink: /home/embedded/ros2_ws/install/ecl_io/share/ecl_io/local_setup.dsv
[0.456s] -- Symlinking: /home/embedded/ros2_ws/install/ecl_io/share/ecl_io/package.dsv
[0.496s] -- Up-to-date symlink: /home/embedded/ros2_ws/install/ecl_io/share/ament_index/resource_index/packages/ecl_io
[0.496s] -- Up-to-date symlink: /home/embedded/ros2_ws/install/ecl_io/share/ecl_io/cmake/ament_cmake_export_targets-extras.cmake
[0.497s] -- Up-to-date symlink: /home/embedded/ros2_ws/install/ecl_io/share/ecl_io/cmake/ament_cmake_export_include_directories-extras.cmake
[0.497s] -- Up-to-date symlink: /home/embedded/ros2_ws/install/ecl_io/share/ecl_io/cmake/ament_cmake_export_libraries-extras.cmake
[0.499s] -- Up-to-date symlink: /home/embedded/ros2_ws/install/ecl_io/share/ecl_io/cmake/ament_cmake_export_dependencies-extras.cmake
[0.499s] -- Up-to-date symlink: /home/embedded/ros2_ws/install/ecl_io/share/ecl_io/cmake/ecl_ioConfig.cmake
[0.499s] -- Up-to-date symlink: /home/embedded/ros2_ws/install/ecl_io/share/ecl_io/cmake/ecl_ioConfig-version.cmake
[0.499s] -- Up-to-date symlink: /home/embedded/ros2_ws/install/ecl_io/share/ecl_io/package.xml
[0.499s] -- Up-to-date: /home/embedded/ros2_ws/install/ecl_io/share/ecl_io/cmake/ecl_ioExport.cmake
[0.499s] -- Up-to-date: /home/embedded/ros2_ws/install/ecl_io/share/ecl_io/cmake/ecl_ioExport-noconfig.cmake
[0.501s] -- Up-to-date: /home/embedded/ros2_ws/install/ecl_io/lib/libecl_io.so.1.2.0
[0.501s] -- Up-to-date: /home/embedded/ros2_ws/install/ecl_io/lib/libecl_io.so
[0.563s] Invoked command in '/home/embedded/ros2_ws/build/ecl_io' returned '0': AMENT_PREFIX_PATH=/home/embedded/ros2_ws/install/ecl_errors:/home/embedded/ros2_ws/install/ecl_config:${AMENT_PREFIX_PATH} CMAKE_PREFIX_PATH=/home/embedded/ros2_ws/install/ecl_errors:/home/embedded/ros2_ws/install/ecl_config:/opt/ros/jazzy/opt/gz_sim_vendor:/opt/ros/jazzy/opt/gz_sensors_vendor:/opt/ros/jazzy/opt/gz_physics_vendor:/opt/ros/jazzy/opt/sdformat_vendor:/opt/ros/jazzy/opt/gz_gui_vendor:/opt/ros/jazzy/opt/gz_transport_vendor:/opt/ros/jazzy/opt/gz_rendering_vendor:/opt/ros/jazzy/opt/gz_plugin_vendor:/opt/ros/jazzy/opt/gz_fuel_tools_vendor:/opt/ros/jazzy/opt/gz_msgs_vendor:/opt/ros/jazzy/opt/gz_common_vendor:/opt/ros/jazzy/opt/gz_tools_vendor:/opt/ros/jazzy/opt/gz_ogre_next_vendor:/opt/ros/jazzy/opt/gz_dartsim_vendor:/opt/ros/jazzy/opt/gz_math_vendor:/opt/ros/jazzy/opt/gz_utils_vendor:/opt/ros/jazzy/opt/gz_cmake_vendor:/opt/ros/jazzy LD_LIBRARY_PATH=/home/embedded/ros2_ws/install/ecl_errors/lib:${LD_LIBRARY_PATH} PATH=/home/embedded/ros2_ws/install/ecl_config/bin:${PATH} /usr/bin/cmake --install /home/embedded/ros2_ws/build/ecl_io
