-- Found ament_cmake: 2.5.4 (/opt/ros/jazzy/share/ament_cmake/cmake)
-- Override CMake install command with custom implementation using symlinks instead of copying resources
-- Found rclcpp: 28.1.10 (/opt/ros/jazzy/share/rclcpp/cmake)
-- Found rosidl_generator_c: 4.6.5 (/opt/ros/jazzy/share/rosidl_generator_c/cmake)
-- Found rosidl_generator_cpp: 4.6.5 (/opt/ros/jazzy/share/rosidl_generator_cpp/cmake)
-- Using all available rosidl_typesupport_c: rosidl_typesupport_fastrtps_c;rosidl_typesupport_introspection_c
-- Using all available rosidl_typesupport_cpp: rosidl_typesupport_fastrtps_cpp;rosidl_typesupport_introspection_cpp
-- Found rmw_implementation_cmake: 7.3.2 (/opt/ros/jazzy/share/rmw_implementation_cmake/cmake)
-- Found rmw_fastrtps_cpp: 8.4.2 (/opt/ros/jazzy/share/rmw_fastrtps_cpp/cmake)
-- Using RMW implementation 'rmw_fastrtps_cpp' as default
-- Found sensor_msgs: 5.3.6 (/opt/ros/jazzy/share/sensor_msgs/cmake)
-- Found kobuki_ros_interfaces: 1.0.0 (/home/embedded/ros2_ws/install/kobuki_ros_interfaces/share/kobuki_ros_interfaces/cmake)
-- Found ament_lint_auto: 0.17.2 (/opt/ros/jazzy/share/ament_lint_auto/cmake)
-- Added test 'copyright' to check source files copyright and LICENSE
-- Added test 'cppcheck' to perform static code analysis on C / C++ code
-- Configured cppcheck include dirs: /home/embedded/ros2_ws/src/kobuki/include
-- Configured cppcheck exclude dirs and/or files: 
-- Added test 'cpplint' to check C / C++ code against the Google style
-- Configured cpplint exclude dirs and/or files: 
-- Added test 'flake8' to check Python code syntax and style conventions
-- Configured 'flake8' exclude dirs and/or files: 
-- Added test 'lint_cmake' to check CMake code style
-- Added test 'pep257' to check Python code against some of the docstring style conventions in PEP 257
-- Added test 'uncrustify' to check C / C++ code style
-- Configured uncrustify additional arguments: 
-- Added test 'xmllint' to check XML markup files
-- Configuring done (1.2s)
-- Generating done (0.0s)
-- Build files have been written to: /home/embedded/ros2_ws/build/kobuki
[ 25%] [32mBuilding CXX object CMakeFiles/kobuki.dir/src/kobuki/FakeBumper.cpp.o[0m
[ 50%] [32m[1mLinking CXX shared library libkobuki.so[0m
[ 50%] Built target kobuki
[ 75%] [32mBuilding CXX object CMakeFiles/fake_bumer_node.dir/src/fake_bumper_node.cpp.o[0m
[100%] [32m[1mLinking CXX executable fake_bumer_node[0m
[100%] Built target fake_bumer_node
-- Install configuration: ""
-- Execute custom install script
-- Symlinking: /home/embedded/ros2_ws/install/kobuki/lib/kobuki/fake_bumer_node
-- Symlinking: /home/embedded/ros2_ws/install/kobuki/share/kobuki/launch/kobuki.launch.py
-- Symlinking: /home/embedded/ros2_ws/install/kobuki/share/kobuki/launch/multirobot/README.md
-- Symlinking: /home/embedded/ros2_ws/install/kobuki/share/kobuki/launch/multirobot/navigation_multirobot.launch.py
-- Symlinking: /home/embedded/ros2_ws/install/kobuki/share/kobuki/launch/multirobot/rviz_namespaced.launch.py
-- Symlinking: /home/embedded/ros2_ws/install/kobuki/share/kobuki/launch/multirobot/simulation_multirobot.launch.py
-- Symlinking: /home/embedded/ros2_ws/install/kobuki/share/kobuki/launch/navigation.launch.py
-- Symlinking: /home/embedded/ros2_ws/install/kobuki/share/kobuki/launch/navigation_sim.launch.py
-- Symlinking: /home/embedded/ros2_ws/install/kobuki/share/kobuki/launch/simulation.launch.py
-- Symlinking: /home/embedded/ros2_ws/install/kobuki/share/kobuki/config/footprint_filter.yaml
-- Symlinking: /home/embedded/ros2_ws/install/kobuki/share/kobuki/config/kobuki_nav_params.yaml
-- Symlinking: /home/embedded/ros2_ws/install/kobuki/share/kobuki/config/kobuki_node_params.yaml
-- Symlinking: /home/embedded/ros2_ws/install/kobuki/share/kobuki/config/kobuki_sim_nav_params.yaml
-- Symlinking: /home/embedded/ros2_ws/install/kobuki/share/kobuki/config/multirobot/multirobot_config.yaml
-- Symlinking: /home/embedded/ros2_ws/install/kobuki/share/kobuki/config/multirobot/nav2_multirobot_params_template.yaml
-- Symlinking: /home/embedded/ros2_ws/install/kobuki/share/kobuki/maps/aws_bookstore.pgm
-- Symlinking: /home/embedded/ros2_ws/install/kobuki/share/kobuki/maps/aws_bookstore.yaml
-- Symlinking: /home/embedded/ros2_ws/install/kobuki/share/kobuki/maps/aws_hospital.pgm
-- Symlinking: /home/embedded/ros2_ws/install/kobuki/share/kobuki/maps/aws_hospital.yaml
-- Symlinking: /home/embedded/ros2_ws/install/kobuki/share/kobuki/maps/aws_house.pgm
-- Symlinking: /home/embedded/ros2_ws/install/kobuki/share/kobuki/maps/aws_house.yaml
-- Symlinking: /home/embedded/ros2_ws/install/kobuki/share/kobuki/maps/aws_house_keep.pgm
-- Symlinking: /home/embedded/ros2_ws/install/kobuki/share/kobuki/maps/aws_house_keep.yaml
-- Symlinking: /home/embedded/ros2_ws/install/kobuki/share/kobuki/maps/aws_warehouse.pgm
-- Symlinking: /home/embedded/ros2_ws/install/kobuki/share/kobuki/maps/aws_warehouse.yaml
-- Symlinking: /home/embedded/ros2_ws/install/kobuki/share/kobuki/worlds/empty.world
-- Symlinking: /home/embedded/ros2_ws/install/kobuki/share/kobuki/rviz/nav2_namespaced_view.rviz
-- Symlinking: /home/embedded/ros2_ws/install/kobuki/share/kobuki/models/ground_plane/model-1_2.sdf
-- Symlinking: /home/embedded/ros2_ws/install/kobuki/share/kobuki/models/ground_plane/model-1_3.sdf
-- Symlinking: /home/embedded/ros2_ws/install/kobuki/share/kobuki/models/ground_plane/model-1_4.sdf
-- Symlinking: /home/embedded/ros2_ws/install/kobuki/share/kobuki/models/ground_plane/model.config
-- Symlinking: /home/embedded/ros2_ws/install/kobuki/share/kobuki/models/ground_plane/model.sdf
-- Symlinking: /home/embedded/ros2_ws/install/kobuki/share/kobuki/models/sun/model-1_2.sdf
-- Symlinking: /home/embedded/ros2_ws/install/kobuki/share/kobuki/models/sun/model-1_3.sdf
-- Symlinking: /home/embedded/ros2_ws/install/kobuki/share/kobuki/models/sun/model-1_4.sdf
-- Symlinking: /home/embedded/ros2_ws/install/kobuki/share/kobuki/models/sun/model.config
-- Symlinking: /home/embedded/ros2_ws/install/kobuki/share/kobuki/models/sun/model.sdf
-- Symlinking: /home/embedded/ros2_ws/install/kobuki/include//kobuki/FakeBumper.hpp
-- Symlinking: /home/embedded/ros2_ws/install/kobuki/share/ament_index/resource_index/package_run_dependencies/kobuki
-- Symlinking: /home/embedded/ros2_ws/install/kobuki/share/ament_index/resource_index/parent_prefix_path/kobuki
-- Symlinking: /home/embedded/ros2_ws/install/kobuki/share/kobuki/environment/ament_prefix_path.sh
-- Symlinking: /home/embedded/ros2_ws/install/kobuki/share/kobuki/environment/ament_prefix_path.dsv
-- Symlinking: /home/embedded/ros2_ws/install/kobuki/share/kobuki/environment/path.sh
-- Symlinking: /home/embedded/ros2_ws/install/kobuki/share/kobuki/environment/path.dsv
-- Symlinking: /home/embedded/ros2_ws/install/kobuki/share/kobuki/local_setup.bash
-- Symlinking: /home/embedded/ros2_ws/install/kobuki/share/kobuki/local_setup.sh
-- Symlinking: /home/embedded/ros2_ws/install/kobuki/share/kobuki/local_setup.zsh
-- Symlinking: /home/embedded/ros2_ws/install/kobuki/share/kobuki/local_setup.dsv
-- Symlinking: /home/embedded/ros2_ws/install/kobuki/share/kobuki/package.dsv
-- Symlinking: /home/embedded/ros2_ws/install/kobuki/share/ament_index/resource_index/packages/kobuki
-- Symlinking: /home/embedded/ros2_ws/install/kobuki/share/kobuki/cmake/ament_cmake_export_include_directories-extras.cmake
-- Symlinking: /home/embedded/ros2_ws/install/kobuki/share/kobuki/cmake/ament_cmake_export_dependencies-extras.cmake
-- Symlinking: /home/embedded/ros2_ws/install/kobuki/share/kobuki/cmake/kobukiConfig.cmake
-- Symlinking: /home/embedded/ros2_ws/install/kobuki/share/kobuki/cmake/kobukiConfig-version.cmake
-- Symlinking: /home/embedded/ros2_ws/install/kobuki/share/kobuki/package.xml
