[0.049s] Invoking command in '/home/embedded/ros2_ws/build/astra_camera': AMENT_PREFIX_PATH=/home/embedded/ros2_ws/install/astra_camera_msgs:${AMENT_PREFIX_PATH} CMAKE_PREFIX_PATH=/home/embedded/ros2_ws/install/astra_camera_msgs:/opt/ros/jazzy/opt/gz_sim_vendor:/opt/ros/jazzy/opt/gz_sensors_vendor:/opt/ros/jazzy/opt/gz_physics_vendor:/opt/ros/jazzy/opt/sdformat_vendor:/opt/ros/jazzy/opt/gz_gui_vendor:/opt/ros/jazzy/opt/gz_transport_vendor:/opt/ros/jazzy/opt/gz_rendering_vendor:/opt/ros/jazzy/opt/gz_plugin_vendor:/opt/ros/jazzy/opt/gz_fuel_tools_vendor:/opt/ros/jazzy/opt/gz_msgs_vendor:/opt/ros/jazzy/opt/gz_common_vendor:/opt/ros/jazzy/opt/gz_tools_vendor:/opt/ros/jazzy/opt/gz_ogre_next_vendor:/opt/ros/jazzy/opt/gz_dartsim_vendor:/opt/ros/jazzy/opt/gz_math_vendor:/opt/ros/jazzy/opt/gz_utils_vendor:/opt/ros/jazzy/opt/gz_cmake_vendor:/opt/ros/jazzy LD_LIBRARY_PATH=/home/embedded/ros2_ws/install/astra_camera_msgs/lib:${LD_LIBRARY_PATH} PYTHONPATH=/home/embedded/ros2_ws/install/astra_camera_msgs/lib/python3.12/site-packages:${PYTHONPATH} /usr/bin/cmake /home/embedded/ros2_ws/src/ThirdParty/ros_astra_camera/astra_camera -DAMENT_CMAKE_SYMLINK_INSTALL=1 -DCMAKE_INSTALL_PREFIX=/home/embedded/ros2_ws/install/astra_camera
[0.132s] -- Found ament_cmake: 2.5.4 (/opt/ros/jazzy/share/ament_cmake/cmake)
[0.997s] -- Override CMake install command with custom implementation using symlinks instead of copying resources
[1.049s] -- Found ament_index_cpp: 1.8.1 (/opt/ros/jazzy/share/ament_index_cpp/cmake)
[1.057s] -- Found astra_camera_msgs: 1.0.1 (/home/embedded/ros2_ws/install/astra_camera_msgs/share/astra_camera_msgs/cmake)
[1.121s] -- Found rosidl_generator_c: 4.6.5 (/opt/ros/jazzy/share/rosidl_generator_c/cmake)
[1.151s] -- Found rosidl_generator_cpp: 4.6.5 (/opt/ros/jazzy/share/rosidl_generator_cpp/cmake)
[1.174s] -- Using all available rosidl_typesupport_c: rosidl_typesupport_fastrtps_c;rosidl_typesupport_introspection_c
[1.199s] -- Using all available rosidl_typesupport_cpp: rosidl_typesupport_fastrtps_cpp;rosidl_typesupport_introspection_cpp
[1.373s] -- Found camera_info_manager: 5.1.7 (/opt/ros/jazzy/share/camera_info_manager/cmake)
[1.436s] -- Found rmw_implementation_cmake: 7.3.2 (/opt/ros/jazzy/share/rmw_implementation_cmake/cmake)
[1.439s] -- Found rmw_fastrtps_cpp: 8.4.2 (/opt/ros/jazzy/share/rmw_fastrtps_cpp/cmake)
[1.561s] -- Using RMW implementation 'rmw_fastrtps_cpp' as default
[1.658s] -- Setting yaml-cpp_DIR to: '/opt/ros/jazzy/share/yaml_cpp_vendor/cmake/../../../opt/yaml_cpp_vendor/share/cmake/yaml-cpp'
[1.710s] -- Found class_loader: 2.7.0 (/opt/ros/jazzy/share/class_loader/cmake)
[1.720s] -- Found cv_bridge: 4.1.0 (/opt/ros/jazzy/share/cv_bridge/cmake)
[1.738s] -- Found message_filters: 4.11.6 (/opt/ros/jazzy/share/message_filters/cmake)
[1.749s] -- Found image_geometry: 4.1.0 (/opt/ros/jazzy/share/image_geometry/cmake)
[1.753s] -- Found image_publisher: 5.0.11 (/opt/ros/jazzy/share/image_publisher/cmake)
[1.834s] -- Found JPEG: /usr/lib/aarch64-linux-gnu/libjpeg.so (found version "80") 
[1.835s] -- Found JPEG library using standard module
[1.835s] [33mCMake Warning (dev) at /usr/share/cmake-3.28/Modules/FindPackageHandleStandardArgs.cmake:438 (message):
[1.835s]   The package name passed to `find_package_handle_standard_args` (JPEG) does
[1.835s]   not match the name of the calling package (JpegPkg).  This can lead to
[1.835s]   problems in calling code that expects `find_package` result variables
[1.835s]   (e.g., `_FOUND`) to follow a certain pattern.
[1.835s] Call Stack (most recent call first):
[1.836s]   /usr/lib/aarch64-linux-gnu/cmake/libuvc/FindJpegPkg.cmake:58 (find_package_handle_standard_args)
[1.836s]   /usr/lib/aarch64-linux-gnu/cmake/libuvc/libuvcConfig.cmake:13 (find_package)
[1.836s]   CMakeLists.txt:31 (find_package)
[1.836s] This warning is for project developers.  Use -Wno-dev to suppress it.
[1.836s] [0m
[1.836s] -- Found JPEG: /usr/lib/aarch64-linux-gnu/libjpeg.so  
[1.836s] -- libusb-1.0 found using pkgconfig
[1.849s] -- Found OpenCV: /usr (found version "4.6.0") 
[1.856s] -- Found std_srvs: 5.3.6 (/opt/ros/jazzy/share/std_srvs/cmake)
[1.886s] -- Found tf2: 0.36.12 (/opt/ros/jazzy/share/tf2/cmake)
[1.896s] -- Found tf2_eigen: 0.36.12 (/opt/ros/jazzy/share/tf2_eigen/cmake)
[2.051s] -- Found tf2_sensor_msgs: 0.36.12 (/opt/ros/jazzy/share/tf2_sensor_msgs/cmake)
[2.066s] -- Checking for one of the modules 'libuvc'
[2.188s] -- ORRBEC Machine : aarch64
[2.190s] 
[2.190s] -- ORRBEC Machine Bits : 64
[2.190s] 
[2.190s] -- ORRBEC : arm64
[2.229s] -- Found ament_lint_auto: 0.17.2 (/opt/ros/jazzy/share/ament_lint_auto/cmake)
[2.448s] -- Configuring done (2.3s)
[2.578s] -- Generating done (0.1s)
[2.595s] -- Build files have been written to: /home/embedded/ros2_ws/build/astra_camera
