[0.056s] Invoking command in '/home/embedded/ros2_ws/build/ecl_filesystem': AMENT_PREFIX_PATH=/home/embedded/ros2_ws/install/ecl_errors:/home/embedded/ros2_ws/install/ecl_config:${AMENT_PREFIX_PATH} CMAKE_PREFIX_PATH=/home/embedded/ros2_ws/install/ecl_errors:/home/embedded/ros2_ws/install/ecl_config:/opt/ros/jazzy/opt/gz_sim_vendor:/opt/ros/jazzy/opt/gz_sensors_vendor:/opt/ros/jazzy/opt/gz_physics_vendor:/opt/ros/jazzy/opt/sdformat_vendor:/opt/ros/jazzy/opt/gz_gui_vendor:/opt/ros/jazzy/opt/gz_transport_vendor:/opt/ros/jazzy/opt/gz_rendering_vendor:/opt/ros/jazzy/opt/gz_plugin_vendor:/opt/ros/jazzy/opt/gz_fuel_tools_vendor:/opt/ros/jazzy/opt/gz_msgs_vendor:/opt/ros/jazzy/opt/gz_common_vendor:/opt/ros/jazzy/opt/gz_tools_vendor:/opt/ros/jazzy/opt/gz_ogre_next_vendor:/opt/ros/jazzy/opt/gz_dartsim_vendor:/opt/ros/jazzy/opt/gz_math_vendor:/opt/ros/jazzy/opt/gz_utils_vendor:/opt/ros/jazzy/opt/gz_cmake_vendor:/opt/ros/jazzy LD_LIBRARY_PATH=/home/embedded/ros2_ws/install/ecl_errors/lib:${LD_LIBRARY_PATH} PATH=/home/embedded/ros2_ws/install/ecl_config/bin:${PATH} /usr/bin/cmake --build /home/embedded/ros2_ws/build/ecl_filesystem -- -j4 -l4
[0.309s] [ 25%] Built target gtest
[0.323s] [ 50%] Built target gtest_main
[0.330s] [ 75%] Built target ecl_filesystem
[0.470s] [100%] Built target ecl_test_realpath
[0.529s] Invoked command in '/home/embedded/ros2_ws/build/ecl_filesystem' returned '0': AMENT_PREFIX_PATH=/home/embedded/ros2_ws/install/ecl_errors:/home/embedded/ros2_ws/install/ecl_config:${AMENT_PREFIX_PATH} CMAKE_PREFIX_PATH=/home/embedded/ros2_ws/install/ecl_errors:/home/embedded/ros2_ws/install/ecl_config:/opt/ros/jazzy/opt/gz_sim_vendor:/opt/ros/jazzy/opt/gz_sensors_vendor:/opt/ros/jazzy/opt/gz_physics_vendor:/opt/ros/jazzy/opt/sdformat_vendor:/opt/ros/jazzy/opt/gz_gui_vendor:/opt/ros/jazzy/opt/gz_transport_vendor:/opt/ros/jazzy/opt/gz_rendering_vendor:/opt/ros/jazzy/opt/gz_plugin_vendor:/opt/ros/jazzy/opt/gz_fuel_tools_vendor:/opt/ros/jazzy/opt/gz_msgs_vendor:/opt/ros/jazzy/opt/gz_common_vendor:/opt/ros/jazzy/opt/gz_tools_vendor:/opt/ros/jazzy/opt/gz_ogre_next_vendor:/opt/ros/jazzy/opt/gz_dartsim_vendor:/opt/ros/jazzy/opt/gz_math_vendor:/opt/ros/jazzy/opt/gz_utils_vendor:/opt/ros/jazzy/opt/gz_cmake_vendor:/opt/ros/jazzy LD_LIBRARY_PATH=/home/embedded/ros2_ws/install/ecl_errors/lib:${LD_LIBRARY_PATH} PATH=/home/embedded/ros2_ws/install/ecl_config/bin:${PATH} /usr/bin/cmake --build /home/embedded/ros2_ws/build/ecl_filesystem -- -j4 -l4
[0.531s] Invoking command in '/home/embedded/ros2_ws/build/ecl_filesystem': AMENT_PREFIX_PATH=/home/embedded/ros2_ws/install/ecl_errors:/home/embedded/ros2_ws/install/ecl_config:${AMENT_PREFIX_PATH} CMAKE_PREFIX_PATH=/home/embedded/ros2_ws/install/ecl_errors:/home/embedded/ros2_ws/install/ecl_config:/opt/ros/jazzy/opt/gz_sim_vendor:/opt/ros/jazzy/opt/gz_sensors_vendor:/opt/ros/jazzy/opt/gz_physics_vendor:/opt/ros/jazzy/opt/sdformat_vendor:/opt/ros/jazzy/opt/gz_gui_vendor:/opt/ros/jazzy/opt/gz_transport_vendor:/opt/ros/jazzy/opt/gz_rendering_vendor:/opt/ros/jazzy/opt/gz_plugin_vendor:/opt/ros/jazzy/opt/gz_fuel_tools_vendor:/opt/ros/jazzy/opt/gz_msgs_vendor:/opt/ros/jazzy/opt/gz_common_vendor:/opt/ros/jazzy/opt/gz_tools_vendor:/opt/ros/jazzy/opt/gz_ogre_next_vendor:/opt/ros/jazzy/opt/gz_dartsim_vendor:/opt/ros/jazzy/opt/gz_math_vendor:/opt/ros/jazzy/opt/gz_utils_vendor:/opt/ros/jazzy/opt/gz_cmake_vendor:/opt/ros/jazzy LD_LIBRARY_PATH=/home/embedded/ros2_ws/install/ecl_errors/lib:${LD_LIBRARY_PATH} PATH=/home/embedded/ros2_ws/install/ecl_config/bin:${PATH} /usr/bin/cmake --install /home/embedded/ros2_ws/build/ecl_filesystem
[0.582s] -- Install configuration: ""
[0.582s] -- Execute custom install script
[0.582s] -- Up-to-date symlink: /home/embedded/ros2_ws/install/ecl_filesystem/include/ecl/filesystem/errors.hpp
[0.582s] -- Up-to-date symlink: /home/embedded/ros2_ws/install/ecl_filesystem/include/ecl/filesystem/macros.hpp
[0.585s] -- Up-to-date symlink: /home/embedded/ros2_ws/install/ecl_filesystem/include/ecl/filesystem/realpath.hpp
[0.586s] -- Up-to-date symlink: /home/embedded/ros2_ws/install/ecl_filesystem/include/ecl/filesystem/config.hpp
[0.586s] -- Up-to-date symlink: /home/embedded/ros2_ws/install/ecl_filesystem/include/ecl/filesystem.hpp
[0.587s] -- Up-to-date symlink: /home/embedded/ros2_ws/install/ecl_filesystem/share/ecl_filesystem/environment/library_path.sh
[0.590s] -- Up-to-date symlink: /home/embedded/ros2_ws/install/ecl_filesystem/share/ecl_filesystem/environment/library_path.dsv
[0.590s] -- Up-to-date symlink: /home/embedded/ros2_ws/install/ecl_filesystem/share/ament_index/resource_index/package_run_dependencies/ecl_filesystem
[0.594s] -- Up-to-date symlink: /home/embedded/ros2_ws/install/ecl_filesystem/share/ament_index/resource_index/parent_prefix_path/ecl_filesystem
[0.594s] -- Up-to-date symlink: /home/embedded/ros2_ws/install/ecl_filesystem/share/ecl_filesystem/environment/ament_prefix_path.sh
[0.595s] -- Up-to-date symlink: /home/embedded/ros2_ws/install/ecl_filesystem/share/ecl_filesystem/environment/ament_prefix_path.dsv
[0.595s] -- Up-to-date symlink: /home/embedded/ros2_ws/install/ecl_filesystem/share/ecl_filesystem/environment/path.sh
[0.602s] -- Up-to-date symlink: /home/embedded/ros2_ws/install/ecl_filesystem/share/ecl_filesystem/environment/path.dsv
[0.603s] -- Up-to-date symlink: /home/embedded/ros2_ws/install/ecl_filesystem/share/ecl_filesystem/local_setup.bash
[0.603s] -- Up-to-date symlink: /home/embedded/ros2_ws/install/ecl_filesystem/share/ecl_filesystem/local_setup.sh
[0.603s] -- Up-to-date symlink: /home/embedded/ros2_ws/install/ecl_filesystem/share/ecl_filesystem/local_setup.zsh
[0.603s] -- Up-to-date symlink: /home/embedded/ros2_ws/install/ecl_filesystem/share/ecl_filesystem/local_setup.dsv
[0.603s] -- Symlinking: /home/embedded/ros2_ws/install/ecl_filesystem/share/ecl_filesystem/package.dsv
[0.676s] -- Up-to-date symlink: /home/embedded/ros2_ws/install/ecl_filesystem/share/ament_index/resource_index/packages/ecl_filesystem
[0.677s] -- Up-to-date symlink: /home/embedded/ros2_ws/install/ecl_filesystem/share/ecl_filesystem/cmake/ament_cmake_export_targets-extras.cmake
[0.677s] -- Up-to-date symlink: /home/embedded/ros2_ws/install/ecl_filesystem/share/ecl_filesystem/cmake/ament_cmake_export_include_directories-extras.cmake
[0.677s] -- Up-to-date symlink: /home/embedded/ros2_ws/install/ecl_filesystem/share/ecl_filesystem/cmake/ament_cmake_export_libraries-extras.cmake
[0.677s] -- Up-to-date symlink: /home/embedded/ros2_ws/install/ecl_filesystem/share/ecl_filesystem/cmake/ament_cmake_export_dependencies-extras.cmake
[0.678s] -- Up-to-date symlink: /home/embedded/ros2_ws/install/ecl_filesystem/share/ecl_filesystem/cmake/ecl_filesystemConfig.cmake
[0.678s] -- Up-to-date symlink: /home/embedded/ros2_ws/install/ecl_filesystem/share/ecl_filesystem/cmake/ecl_filesystemConfig-version.cmake
[0.678s] -- Up-to-date symlink: /home/embedded/ros2_ws/install/ecl_filesystem/share/ecl_filesystem/package.xml
[0.678s] -- Up-to-date: /home/embedded/ros2_ws/install/ecl_filesystem/share/ecl_filesystem/cmake/ecl_filesystemExport.cmake
[0.684s] -- Up-to-date: /home/embedded/ros2_ws/install/ecl_filesystem/share/ecl_filesystem/cmake/ecl_filesystemExport-noconfig.cmake
[0.684s] -- Up-to-date: /home/embedded/ros2_ws/install/ecl_filesystem/lib/libecl_filesystem.so.1.2.1
[0.685s] -- Up-to-date: /home/embedded/ros2_ws/install/ecl_filesystem/lib/libecl_filesystem.so
[0.698s] Invoked command in '/home/embedded/ros2_ws/build/ecl_filesystem' returned '0': AMENT_PREFIX_PATH=/home/embedded/ros2_ws/install/ecl_errors:/home/embedded/ros2_ws/install/ecl_config:${AMENT_PREFIX_PATH} CMAKE_PREFIX_PATH=/home/embedded/ros2_ws/install/ecl_errors:/home/embedded/ros2_ws/install/ecl_config:/opt/ros/jazzy/opt/gz_sim_vendor:/opt/ros/jazzy/opt/gz_sensors_vendor:/opt/ros/jazzy/opt/gz_physics_vendor:/opt/ros/jazzy/opt/sdformat_vendor:/opt/ros/jazzy/opt/gz_gui_vendor:/opt/ros/jazzy/opt/gz_transport_vendor:/opt/ros/jazzy/opt/gz_rendering_vendor:/opt/ros/jazzy/opt/gz_plugin_vendor:/opt/ros/jazzy/opt/gz_fuel_tools_vendor:/opt/ros/jazzy/opt/gz_msgs_vendor:/opt/ros/jazzy/opt/gz_common_vendor:/opt/ros/jazzy/opt/gz_tools_vendor:/opt/ros/jazzy/opt/gz_ogre_next_vendor:/opt/ros/jazzy/opt/gz_dartsim_vendor:/opt/ros/jazzy/opt/gz_math_vendor:/opt/ros/jazzy/opt/gz_utils_vendor:/opt/ros/jazzy/opt/gz_cmake_vendor:/opt/ros/jazzy LD_LIBRARY_PATH=/home/embedded/ros2_ws/install/ecl_errors/lib:${LD_LIBRARY_PATH} PATH=/home/embedded/ros2_ws/install/ecl_config/bin:${PATH} /usr/bin/cmake --install /home/embedded/ros2_ws/build/ecl_filesystem
