[ 12%] Built target ecl_detect_endian
[ 25%] Built target gtest_main
[ 37%] Built target ecl_detect_posix
[ 50%] Built target gtest
[ 75%] Built target ecl_test_endianness
[ 75%] Built target ecl_test_portable_types
[ 87%] Built target ecl_test_macros
[100%] Built target ecl_test_char_sign
-- Install configuration: ""
-- Execute custom install script
-- Symlinking: /home/embedded/ros2_ws/install/ecl_config/include/ecl/config/ecl.hpp
-- Symlinking: /home/embedded/ros2_ws/install/ecl_config/include/ecl/config/char_sign.hpp
-- Symlinking: /home/embedded/ros2_ws/install/ecl_config/include/ecl/config/ecl_unknown.hpp
-- Symlinking: /home/embedded/ros2_ws/install/ecl_config/include/ecl/config/endianness.hpp
-- Symlinking: /home/embedded/ros2_ws/install/ecl_config/include/ecl/config/macros.hpp
-- Symlinking: /home/embedded/ros2_ws/install/ecl_config/include/ecl/config/portable_types.hpp
-- Symlinking: /home/embedded/ros2_ws/install/ecl_config/include/ecl/config/windows.hpp
-- Symlinking: /home/embedded/ros2_ws/install/ecl_config/include/ecl/config.hpp
-- Symlinking: /home/embedded/ros2_ws/install/ecl_config/bin/ecl_detect_endian
-- Symlinking: /home/embedded/ros2_ws/install/ecl_config/bin/ecl_detect_posix
-- Symlinking: /home/embedded/ros2_ws/install/ecl_config/share/ament_index/resource_index/package_run_dependencies/ecl_config
-- Symlinking: /home/embedded/ros2_ws/install/ecl_config/share/ament_index/resource_index/parent_prefix_path/ecl_config
-- Symlinking: /home/embedded/ros2_ws/install/ecl_config/share/ecl_config/environment/ament_prefix_path.sh
-- Symlinking: /home/embedded/ros2_ws/install/ecl_config/share/ecl_config/environment/ament_prefix_path.dsv
-- Symlinking: /home/embedded/ros2_ws/install/ecl_config/share/ecl_config/environment/path.sh
-- Symlinking: /home/embedded/ros2_ws/install/ecl_config/share/ecl_config/environment/path.dsv
-- Symlinking: /home/embedded/ros2_ws/install/ecl_config/share/ecl_config/local_setup.bash
-- Symlinking: /home/embedded/ros2_ws/install/ecl_config/share/ecl_config/local_setup.sh
-- Symlinking: /home/embedded/ros2_ws/install/ecl_config/share/ecl_config/local_setup.zsh
-- Symlinking: /home/embedded/ros2_ws/install/ecl_config/share/ecl_config/local_setup.dsv
-- Symlinking: /home/embedded/ros2_ws/install/ecl_config/share/ecl_config/package.dsv
-- Symlinking: /home/embedded/ros2_ws/install/ecl_config/share/ament_index/resource_index/packages/ecl_config
-- Symlinking: /home/embedded/ros2_ws/install/ecl_config/share/ecl_config/cmake/ament_cmake_export_targets-extras.cmake
-- Symlinking: /home/embedded/ros2_ws/install/ecl_config/share/ecl_config/cmake/ament_cmake_export_include_directories-extras.cmake
-- Symlinking: /home/embedded/ros2_ws/install/ecl_config/share/ecl_config/cmake/ecl_configConfig.cmake
-- Symlinking: /home/embedded/ros2_ws/install/ecl_config/share/ecl_config/cmake/ecl_configConfig-version.cmake
-- Symlinking: /home/embedded/ros2_ws/install/ecl_config/share/ecl_config/package.xml
-- Installing: /home/embedded/ros2_ws/install/ecl_config/share/ecl_config/cmake/ecl_configExport.cmake
