[0.039s] Invoking command in '/home/embedded/ros2_ws/build/kobuki_ros_interfaces': CMAKE_PREFIX_PATH=${CMAKE_PREFIX_PATH}:/opt/ros/jazzy /usr/bin/cmake --build /home/embedded/ros2_ws/build/kobuki_ros_interfaces -- -j4 -l4
[0.359s] [  1%] Built target kobuki_ros_interfaces__rosidl_generator_type_description
[0.384s] [  1%] Built target ament_cmake_python_symlink_kobuki_ros_interfaces
[0.431s] [  1%] Built target kobuki_ros_interfaces__cpp
[0.493s] [ 29%] Built target kobuki_ros_interfaces__rosidl_generator_c
[0.627s] [ 39%] Built target kobuki_ros_interfaces__rosidl_typesupport_fastrtps_c
[0.628s] [ 49%] Built target kobuki_ros_interfaces__rosidl_typesupport_fastrtps_cpp
[0.666s] [ 58%] Built target kobuki_ros_interfaces__rosidl_typesupport_cpp
[0.733s] [ 68%] Built target kobuki_ros_interfaces__rosidl_typesupport_c
[0.753s] [ 78%] Built target kobuki_ros_interfaces__rosidl_typesupport_introspection_c
[0.803s] running egg_info
[0.803s] [ 88%] Built target kobuki_ros_interfaces__rosidl_typesupport_introspection_cpp
[0.808s] writing kobuki_ros_interfaces.egg-info/PKG-INFO
[0.824s] [ 88%] Built target kobuki_ros_interfaces
[0.834s] writing dependency_links to kobuki_ros_interfaces.egg-info/dependency_links.txt
[0.866s] [ 88%] Built target kobuki_ros_interfaces__py
[0.872s] writing top-level names to kobuki_ros_interfaces.egg-info/top_level.txt
[0.968s] reading manifest file 'kobuki_ros_interfaces.egg-info/SOURCES.txt'
[0.968s] writing manifest file 'kobuki_ros_interfaces.egg-info/SOURCES.txt'
[0.994s] [ 97%] Built target kobuki_ros_interfaces__rosidl_generator_py
[1.088s] [ 98%] Built target kobuki_ros_interfaces_s__rosidl_typesupport_c
[1.088s] [ 98%] Built target ament_cmake_python_build_kobuki_ros_interfaces_egg
[1.092s] [ 99%] Built target kobuki_ros_interfaces_s__rosidl_typesupport_fastrtps_c
[1.100s] [100%] Built target kobuki_ros_interfaces_s__rosidl_typesupport_introspection_c
[1.141s] Invoked command in '/home/embedded/ros2_ws/build/kobuki_ros_interfaces' returned '0': CMAKE_PREFIX_PATH=${CMAKE_PREFIX_PATH}:/opt/ros/jazzy /usr/bin/cmake --build /home/embedded/ros2_ws/build/kobuki_ros_interfaces -- -j4 -l4
[1.193s] Invoking command in '/home/embedded/ros2_ws/build/kobuki_ros_interfaces': CMAKE_PREFIX_PATH=${CMAKE_PREFIX_PATH}:/opt/ros/jazzy /usr/bin/cmake --install /home/embedded/ros2_ws/build/kobuki_ros_interfaces
[1.231s] -- Install configuration: ""
[1.236s] -- Execute custom install script
[1.236s] -- Symlinking: /home/embedded/ros2_ws/install/kobuki_ros_interfaces/share/ament_index/resource_index/rosidl_interfaces/kobuki_ros_interfaces
[1.271s] -- Symlinking: /home/embedded/ros2_ws/install/kobuki_ros_interfaces/share/kobuki_ros_interfaces/msg/BumperEvent.json
[1.301s] -- Symlinking: /home/embedded/ros2_ws/install/kobuki_ros_interfaces/share/kobuki_ros_interfaces/msg/CliffEvent.json
[1.349s] -- Symlinking: /home/embedded/ros2_ws/install/kobuki_ros_interfaces/share/kobuki_ros_interfaces/msg/DigitalOutput.json
[1.385s] -- Symlinking: /home/embedded/ros2_ws/install/kobuki_ros_interfaces/share/kobuki_ros_interfaces/msg/ExternalPower.json
[1.439s] -- Symlinking: /home/embedded/ros2_ws/install/kobuki_ros_interfaces/share/kobuki_ros_interfaces/msg/Led.json
[1.480s] -- Symlinking: /home/embedded/ros2_ws/install/kobuki_ros_interfaces/share/kobuki_ros_interfaces/msg/PowerSystemEvent.json
[1.509s] -- Symlinking: /home/embedded/ros2_ws/install/kobuki_ros_interfaces/share/kobuki_ros_interfaces/msg/SensorState.json
[1.541s] -- Symlinking: /home/embedded/ros2_ws/install/kobuki_ros_interfaces/share/kobuki_ros_interfaces/msg/VersionInfo.json
[1.567s] -- Symlinking: /home/embedded/ros2_ws/install/kobuki_ros_interfaces/share/kobuki_ros_interfaces/msg/ControllerInfo.json
[1.596s] -- Symlinking: /home/embedded/ros2_ws/install/kobuki_ros_interfaces/share/kobuki_ros_interfaces/msg/ButtonEvent.json
[1.630s] -- Symlinking: /home/embedded/ros2_ws/install/kobuki_ros_interfaces/share/kobuki_ros_interfaces/msg/DigitalInputEvent.json
[1.652s] -- Symlinking: /home/embedded/ros2_ws/install/kobuki_ros_interfaces/share/kobuki_ros_interfaces/msg/DockInfraRed.json
[1.677s] -- Symlinking: /home/embedded/ros2_ws/install/kobuki_ros_interfaces/share/kobuki_ros_interfaces/msg/KeyboardInput.json
[1.698s] -- Symlinking: /home/embedded/ros2_ws/install/kobuki_ros_interfaces/share/kobuki_ros_interfaces/msg/MotorPower.json
[1.742s] -- Symlinking: /home/embedded/ros2_ws/install/kobuki_ros_interfaces/share/kobuki_ros_interfaces/msg/RobotStateEvent.json
[1.768s] -- Symlinking: /home/embedded/ros2_ws/install/kobuki_ros_interfaces/share/kobuki_ros_interfaces/msg/Sound.json
[1.793s] -- Symlinking: /home/embedded/ros2_ws/install/kobuki_ros_interfaces/share/kobuki_ros_interfaces/msg/ScanAngle.json
[1.817s] -- Symlinking: /home/embedded/ros2_ws/install/kobuki_ros_interfaces/share/kobuki_ros_interfaces/msg/WheelDropEvent.json
[1.840s] -- Symlinking: /home/embedded/ros2_ws/install/kobuki_ros_interfaces/share/kobuki_ros_interfaces/action/AutoDocking.json
[1.874s] -- Symlinking: /home/embedded/ros2_ws/install/kobuki_ros_interfaces/include/kobuki_ros_interfaces/kobuki_ros_interfaces/action/auto_docking.h
[1.911s] -- Symlinking: /home/embedded/ros2_ws/install/kobuki_ros_interfaces/include/kobuki_ros_interfaces/kobuki_ros_interfaces/action/detail/auto_docking__functions.h
[1.949s] -- Symlinking: /home/embedded/ros2_ws/install/kobuki_ros_interfaces/include/kobuki_ros_interfaces/kobuki_ros_interfaces/action/detail/auto_docking__struct.h
[1.969s] -- Symlinking: /home/embedded/ros2_ws/install/kobuki_ros_interfaces/include/kobuki_ros_interfaces/kobuki_ros_interfaces/action/detail/auto_docking__type_support.h
[1.999s] -- Symlinking: /home/embedded/ros2_ws/install/kobuki_ros_interfaces/include/kobuki_ros_interfaces/kobuki_ros_interfaces/msg/bumper_event.h
[2.020s] -- Symlinking: /home/embedded/ros2_ws/install/kobuki_ros_interfaces/include/kobuki_ros_interfaces/kobuki_ros_interfaces/msg/button_event.h
[2.043s] -- Symlinking: /home/embedded/ros2_ws/install/kobuki_ros_interfaces/include/kobuki_ros_interfaces/kobuki_ros_interfaces/msg/cliff_event.h
[2.079s] -- Symlinking: /home/embedded/ros2_ws/install/kobuki_ros_interfaces/include/kobuki_ros_interfaces/kobuki_ros_interfaces/msg/controller_info.h
[2.122s] -- Symlinking: /home/embedded/ros2_ws/install/kobuki_ros_interfaces/include/kobuki_ros_interfaces/kobuki_ros_interfaces/msg/detail/bumper_event__functions.h
[2.151s] -- Symlinking: /home/embedded/ros2_ws/install/kobuki_ros_interfaces/include/kobuki_ros_interfaces/kobuki_ros_interfaces/msg/detail/bumper_event__struct.h
[2.175s] -- Symlinking: /home/embedded/ros2_ws/install/kobuki_ros_interfaces/include/kobuki_ros_interfaces/kobuki_ros_interfaces/msg/detail/bumper_event__type_support.h
[2.237s] -- Symlinking: /home/embedded/ros2_ws/install/kobuki_ros_interfaces/include/kobuki_ros_interfaces/kobuki_ros_interfaces/msg/detail/button_event__functions.h
[2.266s] -- Symlinking: /home/embedded/ros2_ws/install/kobuki_ros_interfaces/include/kobuki_ros_interfaces/kobuki_ros_interfaces/msg/detail/button_event__struct.h
[2.299s] -- Symlinking: /home/embedded/ros2_ws/install/kobuki_ros_interfaces/include/kobuki_ros_interfaces/kobuki_ros_interfaces/msg/detail/button_event__type_support.h
[2.326s] -- Symlinking: /home/embedded/ros2_ws/install/kobuki_ros_interfaces/include/kobuki_ros_interfaces/kobuki_ros_interfaces/msg/detail/cliff_event__functions.h
[2.359s] -- Symlinking: /home/embedded/ros2_ws/install/kobuki_ros_interfaces/include/kobuki_ros_interfaces/kobuki_ros_interfaces/msg/detail/cliff_event__struct.h
[2.398s] -- Symlinking: /home/embedded/ros2_ws/install/kobuki_ros_interfaces/include/kobuki_ros_interfaces/kobuki_ros_interfaces/msg/detail/cliff_event__type_support.h
[2.457s] -- Symlinking: /home/embedded/ros2_ws/install/kobuki_ros_interfaces/include/kobuki_ros_interfaces/kobuki_ros_interfaces/msg/detail/controller_info__functions.h
[2.501s] -- Symlinking: /home/embedded/ros2_ws/install/kobuki_ros_interfaces/include/kobuki_ros_interfaces/kobuki_ros_interfaces/msg/detail/controller_info__struct.h
[2.572s] -- Symlinking: /home/embedded/ros2_ws/install/kobuki_ros_interfaces/include/kobuki_ros_interfaces/kobuki_ros_interfaces/msg/detail/controller_info__type_support.h
[2.628s] -- Symlinking: /home/embedded/ros2_ws/install/kobuki_ros_interfaces/include/kobuki_ros_interfaces/kobuki_ros_interfaces/msg/detail/digital_input_event__functions.h
[2.681s] -- Symlinking: /home/embedded/ros2_ws/install/kobuki_ros_interfaces/include/kobuki_ros_interfaces/kobuki_ros_interfaces/msg/detail/digital_input_event__struct.h
[2.732s] -- Symlinking: /home/embedded/ros2_ws/install/kobuki_ros_interfaces/include/kobuki_ros_interfaces/kobuki_ros_interfaces/msg/detail/digital_input_event__type_support.h
[2.777s] -- Symlinking: /home/embedded/ros2_ws/install/kobuki_ros_interfaces/include/kobuki_ros_interfaces/kobuki_ros_interfaces/msg/detail/digital_output__functions.h
[2.804s] -- Symlinking: /home/embedded/ros2_ws/install/kobuki_ros_interfaces/include/kobuki_ros_interfaces/kobuki_ros_interfaces/msg/detail/digital_output__struct.h
[2.843s] -- Symlinking: /home/embedded/ros2_ws/install/kobuki_ros_interfaces/include/kobuki_ros_interfaces/kobuki_ros_interfaces/msg/detail/digital_output__type_support.h
[2.870s] -- Symlinking: /home/embedded/ros2_ws/install/kobuki_ros_interfaces/include/kobuki_ros_interfaces/kobuki_ros_interfaces/msg/detail/dock_infra_red__functions.h
[2.904s] -- Symlinking: /home/embedded/ros2_ws/install/kobuki_ros_interfaces/include/kobuki_ros_interfaces/kobuki_ros_interfaces/msg/detail/dock_infra_red__struct.h
[2.953s] -- Symlinking: /home/embedded/ros2_ws/install/kobuki_ros_interfaces/include/kobuki_ros_interfaces/kobuki_ros_interfaces/msg/detail/dock_infra_red__type_support.h
[3.004s] -- Symlinking: /home/embedded/ros2_ws/install/kobuki_ros_interfaces/include/kobuki_ros_interfaces/kobuki_ros_interfaces/msg/detail/external_power__functions.h
[3.057s] -- Symlinking: /home/embedded/ros2_ws/install/kobuki_ros_interfaces/include/kobuki_ros_interfaces/kobuki_ros_interfaces/msg/detail/external_power__struct.h
[3.089s] -- Symlinking: /home/embedded/ros2_ws/install/kobuki_ros_interfaces/include/kobuki_ros_interfaces/kobuki_ros_interfaces/msg/detail/external_power__type_support.h
[3.124s] -- Symlinking: /home/embedded/ros2_ws/install/kobuki_ros_interfaces/include/kobuki_ros_interfaces/kobuki_ros_interfaces/msg/detail/keyboard_input__functions.h
[3.150s] -- Symlinking: /home/embedded/ros2_ws/install/kobuki_ros_interfaces/include/kobuki_ros_interfaces/kobuki_ros_interfaces/msg/detail/keyboard_input__struct.h
[3.175s] -- Symlinking: /home/embedded/ros2_ws/install/kobuki_ros_interfaces/include/kobuki_ros_interfaces/kobuki_ros_interfaces/msg/detail/keyboard_input__type_support.h
[3.199s] -- Symlinking: /home/embedded/ros2_ws/install/kobuki_ros_interfaces/include/kobuki_ros_interfaces/kobuki_ros_interfaces/msg/detail/led__functions.h
[3.223s] -- Symlinking: /home/embedded/ros2_ws/install/kobuki_ros_interfaces/include/kobuki_ros_interfaces/kobuki_ros_interfaces/msg/detail/led__struct.h
[3.243s] -- Symlinking: /home/embedded/ros2_ws/install/kobuki_ros_interfaces/include/kobuki_ros_interfaces/kobuki_ros_interfaces/msg/detail/led__type_support.h
[3.277s] -- Symlinking: /home/embedded/ros2_ws/install/kobuki_ros_interfaces/include/kobuki_ros_interfaces/kobuki_ros_interfaces/msg/detail/motor_power__functions.h
[3.298s] -- Symlinking: /home/embedded/ros2_ws/install/kobuki_ros_interfaces/include/kobuki_ros_interfaces/kobuki_ros_interfaces/msg/detail/motor_power__struct.h
[3.322s] -- Symlinking: /home/embedded/ros2_ws/install/kobuki_ros_interfaces/include/kobuki_ros_interfaces/kobuki_ros_interfaces/msg/detail/motor_power__type_support.h
[3.340s] -- Symlinking: /home/embedded/ros2_ws/install/kobuki_ros_interfaces/include/kobuki_ros_interfaces/kobuki_ros_interfaces/msg/detail/power_system_event__functions.h
[3.368s] -- Symlinking: /home/embedded/ros2_ws/install/kobuki_ros_interfaces/include/kobuki_ros_interfaces/kobuki_ros_interfaces/msg/detail/power_system_event__struct.h
[3.388s] -- Symlinking: /home/embedded/ros2_ws/install/kobuki_ros_interfaces/include/kobuki_ros_interfaces/kobuki_ros_interfaces/msg/detail/power_system_event__type_support.h
[3.414s] -- Symlinking: /home/embedded/ros2_ws/install/kobuki_ros_interfaces/include/kobuki_ros_interfaces/kobuki_ros_interfaces/msg/detail/robot_state_event__functions.h
[3.437s] -- Symlinking: /home/embedded/ros2_ws/install/kobuki_ros_interfaces/include/kobuki_ros_interfaces/kobuki_ros_interfaces/msg/detail/robot_state_event__struct.h
[3.463s] -- Symlinking: /home/embedded/ros2_ws/install/kobuki_ros_interfaces/include/kobuki_ros_interfaces/kobuki_ros_interfaces/msg/detail/robot_state_event__type_support.h
[3.494s] -- Symlinking: /home/embedded/ros2_ws/install/kobuki_ros_interfaces/include/kobuki_ros_interfaces/kobuki_ros_interfaces/msg/detail/scan_angle__functions.h
[3.528s] -- Symlinking: /home/embedded/ros2_ws/install/kobuki_ros_interfaces/include/kobuki_ros_interfaces/kobuki_ros_interfaces/msg/detail/scan_angle__struct.h
[3.561s] -- Symlinking: /home/embedded/ros2_ws/install/kobuki_ros_interfaces/include/kobuki_ros_interfaces/kobuki_ros_interfaces/msg/detail/scan_angle__type_support.h
[3.606s] -- Symlinking: /home/embedded/ros2_ws/install/kobuki_ros_interfaces/include/kobuki_ros_interfaces/kobuki_ros_interfaces/msg/detail/sensor_state__functions.h
[3.643s] -- Symlinking: /home/embedded/ros2_ws/install/kobuki_ros_interfaces/include/kobuki_ros_interfaces/kobuki_ros_interfaces/msg/detail/sensor_state__struct.h
[3.667s] -- Symlinking: /home/embedded/ros2_ws/install/kobuki_ros_interfaces/include/kobuki_ros_interfaces/kobuki_ros_interfaces/msg/detail/sensor_state__type_support.h
[3.709s] -- Symlinking: /home/embedded/ros2_ws/install/kobuki_ros_interfaces/include/kobuki_ros_interfaces/kobuki_ros_interfaces/msg/detail/sound__functions.h
[3.763s] -- Symlinking: /home/embedded/ros2_ws/install/kobuki_ros_interfaces/include/kobuki_ros_interfaces/kobuki_ros_interfaces/msg/detail/sound__struct.h
[3.809s] -- Symlinking: /home/embedded/ros2_ws/install/kobuki_ros_interfaces/include/kobuki_ros_interfaces/kobuki_ros_interfaces/msg/detail/sound__type_support.h
[3.854s] -- Symlinking: /home/embedded/ros2_ws/install/kobuki_ros_interfaces/include/kobuki_ros_interfaces/kobuki_ros_interfaces/msg/detail/version_info__functions.h
[3.889s] -- Symlinking: /home/embedded/ros2_ws/install/kobuki_ros_interfaces/include/kobuki_ros_interfaces/kobuki_ros_interfaces/msg/detail/version_info__struct.h
[3.918s] -- Symlinking: /home/embedded/ros2_ws/install/kobuki_ros_interfaces/include/kobuki_ros_interfaces/kobuki_ros_interfaces/msg/detail/version_info__type_support.h
[3.953s] -- Symlinking: /home/embedded/ros2_ws/install/kobuki_ros_interfaces/include/kobuki_ros_interfaces/kobuki_ros_interfaces/msg/detail/wheel_drop_event__functions.h
[3.985s] -- Symlinking: /home/embedded/ros2_ws/install/kobuki_ros_interfaces/include/kobuki_ros_interfaces/kobuki_ros_interfaces/msg/detail/wheel_drop_event__struct.h
[4.023s] -- Symlinking: /home/embedded/ros2_ws/install/kobuki_ros_interfaces/include/kobuki_ros_interfaces/kobuki_ros_interfaces/msg/detail/wheel_drop_event__type_support.h
[4.041s] -- Symlinking: /home/embedded/ros2_ws/install/kobuki_ros_interfaces/include/kobuki_ros_interfaces/kobuki_ros_interfaces/msg/digital_input_event.h
[4.068s] -- Symlinking: /home/embedded/ros2_ws/install/kobuki_ros_interfaces/include/kobuki_ros_interfaces/kobuki_ros_interfaces/msg/digital_output.h
[4.104s] -- Symlinking: /home/embedded/ros2_ws/install/kobuki_ros_interfaces/include/kobuki_ros_interfaces/kobuki_ros_interfaces/msg/dock_infra_red.h
[4.143s] -- Symlinking: /home/embedded/ros2_ws/install/kobuki_ros_interfaces/include/kobuki_ros_interfaces/kobuki_ros_interfaces/msg/external_power.h
[4.170s] -- Symlinking: /home/embedded/ros2_ws/install/kobuki_ros_interfaces/include/kobuki_ros_interfaces/kobuki_ros_interfaces/msg/keyboard_input.h
[4.218s] -- Symlinking: /home/embedded/ros2_ws/install/kobuki_ros_interfaces/include/kobuki_ros_interfaces/kobuki_ros_interfaces/msg/led.h
[4.258s] -- Symlinking: /home/embedded/ros2_ws/install/kobuki_ros_interfaces/include/kobuki_ros_interfaces/kobuki_ros_interfaces/msg/motor_power.h
[4.305s] -- Symlinking: /home/embedded/ros2_ws/install/kobuki_ros_interfaces/include/kobuki_ros_interfaces/kobuki_ros_interfaces/msg/power_system_event.h
[4.329s] -- Symlinking: /home/embedded/ros2_ws/install/kobuki_ros_interfaces/include/kobuki_ros_interfaces/kobuki_ros_interfaces/msg/robot_state_event.h
[4.352s] -- Symlinking: /home/embedded/ros2_ws/install/kobuki_ros_interfaces/include/kobuki_ros_interfaces/kobuki_ros_interfaces/msg/rosidl_generator_c__visibility_control.h
[4.381s] -- Symlinking: /home/embedded/ros2_ws/install/kobuki_ros_interfaces/include/kobuki_ros_interfaces/kobuki_ros_interfaces/msg/scan_angle.h
[4.407s] -- Symlinking: /home/embedded/ros2_ws/install/kobuki_ros_interfaces/include/kobuki_ros_interfaces/kobuki_ros_interfaces/msg/sensor_state.h
[4.437s] -- Symlinking: /home/embedded/ros2_ws/install/kobuki_ros_interfaces/include/kobuki_ros_interfaces/kobuki_ros_interfaces/msg/sound.h
[4.464s] -- Symlinking: /home/embedded/ros2_ws/install/kobuki_ros_interfaces/include/kobuki_ros_interfaces/kobuki_ros_interfaces/msg/version_info.h
[4.498s] -- Symlinking: /home/embedded/ros2_ws/install/kobuki_ros_interfaces/include/kobuki_ros_interfaces/kobuki_ros_interfaces/msg/wheel_drop_event.h
[4.530s] -- Symlinking: /home/embedded/ros2_ws/install/kobuki_ros_interfaces/share/kobuki_ros_interfaces/environment/library_path.sh
[4.559s] -- Symlinking: /home/embedded/ros2_ws/install/kobuki_ros_interfaces/share/kobuki_ros_interfaces/environment/library_path.dsv
[4.587s] -- Symlinking: /home/embedded/ros2_ws/install/kobuki_ros_interfaces/include/kobuki_ros_interfaces/kobuki_ros_interfaces/action/detail/auto_docking__rosidl_typesupport_fastrtps_c.h
[4.607s] -- Symlinking: /home/embedded/ros2_ws/install/kobuki_ros_interfaces/include/kobuki_ros_interfaces/kobuki_ros_interfaces/msg/detail/bumper_event__rosidl_typesupport_fastrtps_c.h
[4.657s] -- Symlinking: /home/embedded/ros2_ws/install/kobuki_ros_interfaces/include/kobuki_ros_interfaces/kobuki_ros_interfaces/msg/detail/button_event__rosidl_typesupport_fastrtps_c.h
[4.720s] -- Symlinking: /home/embedded/ros2_ws/install/kobuki_ros_interfaces/include/kobuki_ros_interfaces/kobuki_ros_interfaces/msg/detail/cliff_event__rosidl_typesupport_fastrtps_c.h
[4.747s] -- Symlinking: /home/embedded/ros2_ws/install/kobuki_ros_interfaces/include/kobuki_ros_interfaces/kobuki_ros_interfaces/msg/detail/controller_info__rosidl_typesupport_fastrtps_c.h
[4.769s] -- Symlinking: /home/embedded/ros2_ws/install/kobuki_ros_interfaces/include/kobuki_ros_interfaces/kobuki_ros_interfaces/msg/detail/digital_input_event__rosidl_typesupport_fastrtps_c.h
[4.771s] -- Symlinking: /home/embedded/ros2_ws/install/kobuki_ros_interfaces/include/kobuki_ros_interfaces/kobuki_ros_interfaces/msg/detail/digital_output__rosidl_typesupport_fastrtps_c.h
[4.801s] -- Symlinking: /home/embedded/ros2_ws/install/kobuki_ros_interfaces/include/kobuki_ros_interfaces/kobuki_ros_interfaces/msg/detail/dock_infra_red__rosidl_typesupport_fastrtps_c.h
[4.833s] -- Symlinking: /home/embedded/ros2_ws/install/kobuki_ros_interfaces/include/kobuki_ros_interfaces/kobuki_ros_interfaces/msg/detail/external_power__rosidl_typesupport_fastrtps_c.h
[4.875s] -- Symlinking: /home/embedded/ros2_ws/install/kobuki_ros_interfaces/include/kobuki_ros_interfaces/kobuki_ros_interfaces/msg/detail/keyboard_input__rosidl_typesupport_fastrtps_c.h
[4.901s] -- Symlinking: /home/embedded/ros2_ws/install/kobuki_ros_interfaces/include/kobuki_ros_interfaces/kobuki_ros_interfaces/msg/detail/led__rosidl_typesupport_fastrtps_c.h
[4.924s] -- Symlinking: /home/embedded/ros2_ws/install/kobuki_ros_interfaces/include/kobuki_ros_interfaces/kobuki_ros_interfaces/msg/detail/motor_power__rosidl_typesupport_fastrtps_c.h
[4.946s] -- Symlinking: /home/embedded/ros2_ws/install/kobuki_ros_interfaces/include/kobuki_ros_interfaces/kobuki_ros_interfaces/msg/detail/power_system_event__rosidl_typesupport_fastrtps_c.h
[4.973s] -- Symlinking: /home/embedded/ros2_ws/install/kobuki_ros_interfaces/include/kobuki_ros_interfaces/kobuki_ros_interfaces/msg/detail/robot_state_event__rosidl_typesupport_fastrtps_c.h
[4.995s] -- Symlinking: /home/embedded/ros2_ws/install/kobuki_ros_interfaces/include/kobuki_ros_interfaces/kobuki_ros_interfaces/msg/detail/scan_angle__rosidl_typesupport_fastrtps_c.h
[5.022s] -- Symlinking: /home/embedded/ros2_ws/install/kobuki_ros_interfaces/include/kobuki_ros_interfaces/kobuki_ros_interfaces/msg/detail/sensor_state__rosidl_typesupport_fastrtps_c.h
[5.050s] -- Symlinking: /home/embedded/ros2_ws/install/kobuki_ros_interfaces/include/kobuki_ros_interfaces/kobuki_ros_interfaces/msg/detail/sound__rosidl_typesupport_fastrtps_c.h
[5.079s] -- Symlinking: /home/embedded/ros2_ws/install/kobuki_ros_interfaces/include/kobuki_ros_interfaces/kobuki_ros_interfaces/msg/detail/version_info__rosidl_typesupport_fastrtps_c.h
[5.105s] -- Symlinking: /home/embedded/ros2_ws/install/kobuki_ros_interfaces/include/kobuki_ros_interfaces/kobuki_ros_interfaces/msg/detail/wheel_drop_event__rosidl_typesupport_fastrtps_c.h
[5.135s] -- Symlinking: /home/embedded/ros2_ws/install/kobuki_ros_interfaces/include/kobuki_ros_interfaces/kobuki_ros_interfaces/msg/rosidl_typesupport_fastrtps_c__visibility_control.h
[5.171s] -- Symlinking: /home/embedded/ros2_ws/install/kobuki_ros_interfaces/include/kobuki_ros_interfaces/kobuki_ros_interfaces/action/auto_docking.hpp
[5.194s] -- Symlinking: /home/embedded/ros2_ws/install/kobuki_ros_interfaces/include/kobuki_ros_interfaces/kobuki_ros_interfaces/action/detail/auto_docking__builder.hpp
[5.219s] -- Symlinking: /home/embedded/ros2_ws/install/kobuki_ros_interfaces/include/kobuki_ros_interfaces/kobuki_ros_interfaces/action/detail/auto_docking__struct.hpp
[5.247s] -- Symlinking: /home/embedded/ros2_ws/install/kobuki_ros_interfaces/include/kobuki_ros_interfaces/kobuki_ros_interfaces/action/detail/auto_docking__traits.hpp
[5.278s] -- Symlinking: /home/embedded/ros2_ws/install/kobuki_ros_interfaces/include/kobuki_ros_interfaces/kobuki_ros_interfaces/action/detail/auto_docking__type_support.hpp
[5.308s] -- Symlinking: /home/embedded/ros2_ws/install/kobuki_ros_interfaces/include/kobuki_ros_interfaces/kobuki_ros_interfaces/msg/bumper_event.hpp
[5.347s] -- Symlinking: /home/embedded/ros2_ws/install/kobuki_ros_interfaces/include/kobuki_ros_interfaces/kobuki_ros_interfaces/msg/button_event.hpp
[5.377s] -- Symlinking: /home/embedded/ros2_ws/install/kobuki_ros_interfaces/include/kobuki_ros_interfaces/kobuki_ros_interfaces/msg/cliff_event.hpp
[5.405s] -- Symlinking: /home/embedded/ros2_ws/install/kobuki_ros_interfaces/include/kobuki_ros_interfaces/kobuki_ros_interfaces/msg/controller_info.hpp
[5.430s] -- Symlinking: /home/embedded/ros2_ws/install/kobuki_ros_interfaces/include/kobuki_ros_interfaces/kobuki_ros_interfaces/msg/detail/bumper_event__builder.hpp
[5.457s] -- Symlinking: /home/embedded/ros2_ws/install/kobuki_ros_interfaces/include/kobuki_ros_interfaces/kobuki_ros_interfaces/msg/detail/bumper_event__struct.hpp
[5.486s] -- Symlinking: /home/embedded/ros2_ws/install/kobuki_ros_interfaces/include/kobuki_ros_interfaces/kobuki_ros_interfaces/msg/detail/bumper_event__traits.hpp
[5.517s] -- Symlinking: /home/embedded/ros2_ws/install/kobuki_ros_interfaces/include/kobuki_ros_interfaces/kobuki_ros_interfaces/msg/detail/bumper_event__type_support.hpp
[5.543s] -- Symlinking: /home/embedded/ros2_ws/install/kobuki_ros_interfaces/include/kobuki_ros_interfaces/kobuki_ros_interfaces/msg/detail/button_event__builder.hpp
[5.563s] -- Symlinking: /home/embedded/ros2_ws/install/kobuki_ros_interfaces/include/kobuki_ros_interfaces/kobuki_ros_interfaces/msg/detail/button_event__struct.hpp
[5.601s] -- Symlinking: /home/embedded/ros2_ws/install/kobuki_ros_interfaces/include/kobuki_ros_interfaces/kobuki_ros_interfaces/msg/detail/button_event__traits.hpp
[5.621s] -- Symlinking: /home/embedded/ros2_ws/install/kobuki_ros_interfaces/include/kobuki_ros_interfaces/kobuki_ros_interfaces/msg/detail/button_event__type_support.hpp
[5.648s] -- Symlinking: /home/embedded/ros2_ws/install/kobuki_ros_interfaces/include/kobuki_ros_interfaces/kobuki_ros_interfaces/msg/detail/cliff_event__builder.hpp
[5.673s] -- Symlinking: /home/embedded/ros2_ws/install/kobuki_ros_interfaces/include/kobuki_ros_interfaces/kobuki_ros_interfaces/msg/detail/cliff_event__struct.hpp
[5.697s] -- Symlinking: /home/embedded/ros2_ws/install/kobuki_ros_interfaces/include/kobuki_ros_interfaces/kobuki_ros_interfaces/msg/detail/cliff_event__traits.hpp
[5.720s] -- Symlinking: /home/embedded/ros2_ws/install/kobuki_ros_interfaces/include/kobuki_ros_interfaces/kobuki_ros_interfaces/msg/detail/cliff_event__type_support.hpp
[5.750s] -- Symlinking: /home/embedded/ros2_ws/install/kobuki_ros_interfaces/include/kobuki_ros_interfaces/kobuki_ros_interfaces/msg/detail/controller_info__builder.hpp
[5.775s] -- Symlinking: /home/embedded/ros2_ws/install/kobuki_ros_interfaces/include/kobuki_ros_interfaces/kobuki_ros_interfaces/msg/detail/controller_info__struct.hpp
[5.805s] -- Symlinking: /home/embedded/ros2_ws/install/kobuki_ros_interfaces/include/kobuki_ros_interfaces/kobuki_ros_interfaces/msg/detail/controller_info__traits.hpp
[5.828s] -- Symlinking: /home/embedded/ros2_ws/install/kobuki_ros_interfaces/include/kobuki_ros_interfaces/kobuki_ros_interfaces/msg/detail/controller_info__type_support.hpp
[5.849s] -- Symlinking: /home/embedded/ros2_ws/install/kobuki_ros_interfaces/include/kobuki_ros_interfaces/kobuki_ros_interfaces/msg/detail/digital_input_event__builder.hpp
[5.871s] -- Symlinking: /home/embedded/ros2_ws/install/kobuki_ros_interfaces/include/kobuki_ros_interfaces/kobuki_ros_interfaces/msg/detail/digital_input_event__struct.hpp
[5.897s] -- Symlinking: /home/embedded/ros2_ws/install/kobuki_ros_interfaces/include/kobuki_ros_interfaces/kobuki_ros_interfaces/msg/detail/digital_input_event__traits.hpp
[5.923s] -- Symlinking: /home/embedded/ros2_ws/install/kobuki_ros_interfaces/include/kobuki_ros_interfaces/kobuki_ros_interfaces/msg/detail/digital_input_event__type_support.hpp
[5.950s] -- Symlinking: /home/embedded/ros2_ws/install/kobuki_ros_interfaces/include/kobuki_ros_interfaces/kobuki_ros_interfaces/msg/detail/digital_output__builder.hpp
[5.965s] -- Symlinking: /home/embedded/ros2_ws/install/kobuki_ros_interfaces/include/kobuki_ros_interfaces/kobuki_ros_interfaces/msg/detail/digital_output__struct.hpp
[5.986s] -- Symlinking: /home/embedded/ros2_ws/install/kobuki_ros_interfaces/include/kobuki_ros_interfaces/kobuki_ros_interfaces/msg/detail/digital_output__traits.hpp
[6.014s] -- Symlinking: /home/embedded/ros2_ws/install/kobuki_ros_interfaces/include/kobuki_ros_interfaces/kobuki_ros_interfaces/msg/detail/digital_output__type_support.hpp
[6.037s] -- Symlinking: /home/embedded/ros2_ws/install/kobuki_ros_interfaces/include/kobuki_ros_interfaces/kobuki_ros_interfaces/msg/detail/dock_infra_red__builder.hpp
[6.079s] -- Symlinking: /home/embedded/ros2_ws/install/kobuki_ros_interfaces/include/kobuki_ros_interfaces/kobuki_ros_interfaces/msg/detail/dock_infra_red__struct.hpp
[6.131s] -- Symlinking: /home/embedded/ros2_ws/install/kobuki_ros_interfaces/include/kobuki_ros_interfaces/kobuki_ros_interfaces/msg/detail/dock_infra_red__traits.hpp
[6.182s] -- Symlinking: /home/embedded/ros2_ws/install/kobuki_ros_interfaces/include/kobuki_ros_interfaces/kobuki_ros_interfaces/msg/detail/dock_infra_red__type_support.hpp
[6.226s] -- Symlinking: /home/embedded/ros2_ws/install/kobuki_ros_interfaces/include/kobuki_ros_interfaces/kobuki_ros_interfaces/msg/detail/external_power__builder.hpp
[6.256s] -- Symlinking: /home/embedded/ros2_ws/install/kobuki_ros_interfaces/include/kobuki_ros_interfaces/kobuki_ros_interfaces/msg/detail/external_power__struct.hpp
[6.304s] -- Symlinking: /home/embedded/ros2_ws/install/kobuki_ros_interfaces/include/kobuki_ros_interfaces/kobuki_ros_interfaces/msg/detail/external_power__traits.hpp
[6.348s] -- Symlinking: /home/embedded/ros2_ws/install/kobuki_ros_interfaces/include/kobuki_ros_interfaces/kobuki_ros_interfaces/msg/detail/external_power__type_support.hpp
[6.373s] -- Symlinking: /home/embedded/ros2_ws/install/kobuki_ros_interfaces/include/kobuki_ros_interfaces/kobuki_ros_interfaces/msg/detail/keyboard_input__builder.hpp
[6.401s] -- Symlinking: /home/embedded/ros2_ws/install/kobuki_ros_interfaces/include/kobuki_ros_interfaces/kobuki_ros_interfaces/msg/detail/keyboard_input__struct.hpp
[6.427s] -- Symlinking: /home/embedded/ros2_ws/install/kobuki_ros_interfaces/include/kobuki_ros_interfaces/kobuki_ros_interfaces/msg/detail/keyboard_input__traits.hpp
[6.453s] -- Symlinking: /home/embedded/ros2_ws/install/kobuki_ros_interfaces/include/kobuki_ros_interfaces/kobuki_ros_interfaces/msg/detail/keyboard_input__type_support.hpp
[6.484s] -- Symlinking: /home/embedded/ros2_ws/install/kobuki_ros_interfaces/include/kobuki_ros_interfaces/kobuki_ros_interfaces/msg/detail/led__builder.hpp
[6.514s] -- Symlinking: /home/embedded/ros2_ws/install/kobuki_ros_interfaces/include/kobuki_ros_interfaces/kobuki_ros_interfaces/msg/detail/led__struct.hpp
[6.540s] -- Symlinking: /home/embedded/ros2_ws/install/kobuki_ros_interfaces/include/kobuki_ros_interfaces/kobuki_ros_interfaces/msg/detail/led__traits.hpp
[6.572s] -- Symlinking: /home/embedded/ros2_ws/install/kobuki_ros_interfaces/include/kobuki_ros_interfaces/kobuki_ros_interfaces/msg/detail/led__type_support.hpp
[6.602s] -- Symlinking: /home/embedded/ros2_ws/install/kobuki_ros_interfaces/include/kobuki_ros_interfaces/kobuki_ros_interfaces/msg/detail/motor_power__builder.hpp
[6.628s] -- Symlinking: /home/embedded/ros2_ws/install/kobuki_ros_interfaces/include/kobuki_ros_interfaces/kobuki_ros_interfaces/msg/detail/motor_power__struct.hpp
[6.660s] -- Symlinking: /home/embedded/ros2_ws/install/kobuki_ros_interfaces/include/kobuki_ros_interfaces/kobuki_ros_interfaces/msg/detail/motor_power__traits.hpp
[6.694s] -- Symlinking: /home/embedded/ros2_ws/install/kobuki_ros_interfaces/include/kobuki_ros_interfaces/kobuki_ros_interfaces/msg/detail/motor_power__type_support.hpp
[6.721s] -- Symlinking: /home/embedded/ros2_ws/install/kobuki_ros_interfaces/include/kobuki_ros_interfaces/kobuki_ros_interfaces/msg/detail/power_system_event__builder.hpp
[6.743s] -- Symlinking: /home/embedded/ros2_ws/install/kobuki_ros_interfaces/include/kobuki_ros_interfaces/kobuki_ros_interfaces/msg/detail/power_system_event__struct.hpp
[6.767s] -- Symlinking: /home/embedded/ros2_ws/install/kobuki_ros_interfaces/include/kobuki_ros_interfaces/kobuki_ros_interfaces/msg/detail/power_system_event__traits.hpp
[6.790s] -- Symlinking: /home/embedded/ros2_ws/install/kobuki_ros_interfaces/include/kobuki_ros_interfaces/kobuki_ros_interfaces/msg/detail/power_system_event__type_support.hpp
[6.813s] -- Symlinking: /home/embedded/ros2_ws/install/kobuki_ros_interfaces/include/kobuki_ros_interfaces/kobuki_ros_interfaces/msg/detail/robot_state_event__builder.hpp
[6.846s] -- Symlinking: /home/embedded/ros2_ws/install/kobuki_ros_interfaces/include/kobuki_ros_interfaces/kobuki_ros_interfaces/msg/detail/robot_state_event__struct.hpp
[6.872s] -- Symlinking: /home/embedded/ros2_ws/install/kobuki_ros_interfaces/include/kobuki_ros_interfaces/kobuki_ros_interfaces/msg/detail/robot_state_event__traits.hpp
[6.895s] -- Symlinking: /home/embedded/ros2_ws/install/kobuki_ros_interfaces/include/kobuki_ros_interfaces/kobuki_ros_interfaces/msg/detail/robot_state_event__type_support.hpp
[6.918s] -- Symlinking: /home/embedded/ros2_ws/install/kobuki_ros_interfaces/include/kobuki_ros_interfaces/kobuki_ros_interfaces/msg/detail/scan_angle__builder.hpp
[6.946s] -- Symlinking: /home/embedded/ros2_ws/install/kobuki_ros_interfaces/include/kobuki_ros_interfaces/kobuki_ros_interfaces/msg/detail/scan_angle__struct.hpp
[6.965s] -- Symlinking: /home/embedded/ros2_ws/install/kobuki_ros_interfaces/include/kobuki_ros_interfaces/kobuki_ros_interfaces/msg/detail/scan_angle__traits.hpp
[6.995s] -- Symlinking: /home/embedded/ros2_ws/install/kobuki_ros_interfaces/include/kobuki_ros_interfaces/kobuki_ros_interfaces/msg/detail/scan_angle__type_support.hpp
[7.023s] -- Symlinking: /home/embedded/ros2_ws/install/kobuki_ros_interfaces/include/kobuki_ros_interfaces/kobuki_ros_interfaces/msg/detail/sensor_state__builder.hpp
[7.079s] -- Symlinking: /home/embedded/ros2_ws/install/kobuki_ros_interfaces/include/kobuki_ros_interfaces/kobuki_ros_interfaces/msg/detail/sensor_state__struct.hpp
[7.134s] -- Symlinking: /home/embedded/ros2_ws/install/kobuki_ros_interfaces/include/kobuki_ros_interfaces/kobuki_ros_interfaces/msg/detail/sensor_state__traits.hpp
[7.182s] -- Symlinking: /home/embedded/ros2_ws/install/kobuki_ros_interfaces/include/kobuki_ros_interfaces/kobuki_ros_interfaces/msg/detail/sensor_state__type_support.hpp
[7.223s] -- Symlinking: /home/embedded/ros2_ws/install/kobuki_ros_interfaces/include/kobuki_ros_interfaces/kobuki_ros_interfaces/msg/detail/sound__builder.hpp
[7.264s] -- Symlinking: /home/embedded/ros2_ws/install/kobuki_ros_interfaces/include/kobuki_ros_interfaces/kobuki_ros_interfaces/msg/detail/sound__struct.hpp
[7.302s] -- Symlinking: /home/embedded/ros2_ws/install/kobuki_ros_interfaces/include/kobuki_ros_interfaces/kobuki_ros_interfaces/msg/detail/sound__traits.hpp
[7.360s] -- Symlinking: /home/embedded/ros2_ws/install/kobuki_ros_interfaces/include/kobuki_ros_interfaces/kobuki_ros_interfaces/msg/detail/sound__type_support.hpp
[7.441s] -- Symlinking: /home/embedded/ros2_ws/install/kobuki_ros_interfaces/include/kobuki_ros_interfaces/kobuki_ros_interfaces/msg/detail/version_info__builder.hpp
[7.491s] -- Symlinking: /home/embedded/ros2_ws/install/kobuki_ros_interfaces/include/kobuki_ros_interfaces/kobuki_ros_interfaces/msg/detail/version_info__struct.hpp
[7.557s] -- Symlinking: /home/embedded/ros2_ws/install/kobuki_ros_interfaces/include/kobuki_ros_interfaces/kobuki_ros_interfaces/msg/detail/version_info__traits.hpp
[7.642s] -- Symlinking: /home/embedded/ros2_ws/install/kobuki_ros_interfaces/include/kobuki_ros_interfaces/kobuki_ros_interfaces/msg/detail/version_info__type_support.hpp
[7.700s] -- Symlinking: /home/embedded/ros2_ws/install/kobuki_ros_interfaces/include/kobuki_ros_interfaces/kobuki_ros_interfaces/msg/detail/wheel_drop_event__builder.hpp
[7.759s] -- Symlinking: /home/embedded/ros2_ws/install/kobuki_ros_interfaces/include/kobuki_ros_interfaces/kobuki_ros_interfaces/msg/detail/wheel_drop_event__struct.hpp
[7.809s] -- Symlinking: /home/embedded/ros2_ws/install/kobuki_ros_interfaces/include/kobuki_ros_interfaces/kobuki_ros_interfaces/msg/detail/wheel_drop_event__traits.hpp
[7.864s] -- Symlinking: /home/embedded/ros2_ws/install/kobuki_ros_interfaces/include/kobuki_ros_interfaces/kobuki_ros_interfaces/msg/detail/wheel_drop_event__type_support.hpp
[7.925s] -- Symlinking: /home/embedded/ros2_ws/install/kobuki_ros_interfaces/include/kobuki_ros_interfaces/kobuki_ros_interfaces/msg/digital_input_event.hpp
[7.987s] -- Symlinking: /home/embedded/ros2_ws/install/kobuki_ros_interfaces/include/kobuki_ros_interfaces/kobuki_ros_interfaces/msg/digital_output.hpp
[8.037s] -- Symlinking: /home/embedded/ros2_ws/install/kobuki_ros_interfaces/include/kobuki_ros_interfaces/kobuki_ros_interfaces/msg/dock_infra_red.hpp
[8.085s] -- Symlinking: /home/embedded/ros2_ws/install/kobuki_ros_interfaces/include/kobuki_ros_interfaces/kobuki_ros_interfaces/msg/external_power.hpp
[8.129s] -- Symlinking: /home/embedded/ros2_ws/install/kobuki_ros_interfaces/include/kobuki_ros_interfaces/kobuki_ros_interfaces/msg/keyboard_input.hpp
[8.159s] -- Symlinking: /home/embedded/ros2_ws/install/kobuki_ros_interfaces/include/kobuki_ros_interfaces/kobuki_ros_interfaces/msg/led.hpp
[8.188s] -- Symlinking: /home/embedded/ros2_ws/install/kobuki_ros_interfaces/include/kobuki_ros_interfaces/kobuki_ros_interfaces/msg/motor_power.hpp
[8.208s] -- Symlinking: /home/embedded/ros2_ws/install/kobuki_ros_interfaces/include/kobuki_ros_interfaces/kobuki_ros_interfaces/msg/power_system_event.hpp
[8.235s] -- Symlinking: /home/embedded/ros2_ws/install/kobuki_ros_interfaces/include/kobuki_ros_interfaces/kobuki_ros_interfaces/msg/robot_state_event.hpp
[8.262s] -- Symlinking: /home/embedded/ros2_ws/install/kobuki_ros_interfaces/include/kobuki_ros_interfaces/kobuki_ros_interfaces/msg/rosidl_generator_cpp__visibility_control.hpp
[8.284s] -- Symlinking: /home/embedded/ros2_ws/install/kobuki_ros_interfaces/include/kobuki_ros_interfaces/kobuki_ros_interfaces/msg/scan_angle.hpp
[8.308s] -- Symlinking: /home/embedded/ros2_ws/install/kobuki_ros_interfaces/include/kobuki_ros_interfaces/kobuki_ros_interfaces/msg/sensor_state.hpp
[8.333s] -- Symlinking: /home/embedded/ros2_ws/install/kobuki_ros_interfaces/include/kobuki_ros_interfaces/kobuki_ros_interfaces/msg/sound.hpp
[8.357s] -- Symlinking: /home/embedded/ros2_ws/install/kobuki_ros_interfaces/include/kobuki_ros_interfaces/kobuki_ros_interfaces/msg/version_info.hpp
[8.382s] -- Symlinking: /home/embedded/ros2_ws/install/kobuki_ros_interfaces/include/kobuki_ros_interfaces/kobuki_ros_interfaces/msg/wheel_drop_event.hpp
[8.408s] -- Symlinking: /home/embedded/ros2_ws/install/kobuki_ros_interfaces/include/kobuki_ros_interfaces/kobuki_ros_interfaces/action/detail/auto_docking__rosidl_typesupport_fastrtps_cpp.hpp
[8.434s] -- Symlinking: /home/embedded/ros2_ws/install/kobuki_ros_interfaces/include/kobuki_ros_interfaces/kobuki_ros_interfaces/msg/detail/bumper_event__rosidl_typesupport_fastrtps_cpp.hpp
[8.461s] -- Symlinking: /home/embedded/ros2_ws/install/kobuki_ros_interfaces/include/kobuki_ros_interfaces/kobuki_ros_interfaces/msg/detail/button_event__rosidl_typesupport_fastrtps_cpp.hpp
[8.486s] -- Symlinking: /home/embedded/ros2_ws/install/kobuki_ros_interfaces/include/kobuki_ros_interfaces/kobuki_ros_interfaces/msg/detail/cliff_event__rosidl_typesupport_fastrtps_cpp.hpp
[8.512s] -- Symlinking: /home/embedded/ros2_ws/install/kobuki_ros_interfaces/include/kobuki_ros_interfaces/kobuki_ros_interfaces/msg/detail/controller_info__rosidl_typesupport_fastrtps_cpp.hpp
[8.539s] -- Symlinking: /home/embedded/ros2_ws/install/kobuki_ros_interfaces/include/kobuki_ros_interfaces/kobuki_ros_interfaces/msg/detail/digital_input_event__rosidl_typesupport_fastrtps_cpp.hpp
[8.566s] -- Symlinking: /home/embedded/ros2_ws/install/kobuki_ros_interfaces/include/kobuki_ros_interfaces/kobuki_ros_interfaces/msg/detail/digital_output__rosidl_typesupport_fastrtps_cpp.hpp
[8.595s] -- Symlinking: /home/embedded/ros2_ws/install/kobuki_ros_interfaces/include/kobuki_ros_interfaces/kobuki_ros_interfaces/msg/detail/dock_infra_red__rosidl_typesupport_fastrtps_cpp.hpp
[8.643s] -- Symlinking: /home/embedded/ros2_ws/install/kobuki_ros_interfaces/include/kobuki_ros_interfaces/kobuki_ros_interfaces/msg/detail/external_power__rosidl_typesupport_fastrtps_cpp.hpp
[8.698s] -- Symlinking: /home/embedded/ros2_ws/install/kobuki_ros_interfaces/include/kobuki_ros_interfaces/kobuki_ros_interfaces/msg/detail/keyboard_input__rosidl_typesupport_fastrtps_cpp.hpp
[8.779s] -- Symlinking: /home/embedded/ros2_ws/install/kobuki_ros_interfaces/include/kobuki_ros_interfaces/kobuki_ros_interfaces/msg/detail/led__rosidl_typesupport_fastrtps_cpp.hpp
[8.832s] -- Symlinking: /home/embedded/ros2_ws/install/kobuki_ros_interfaces/include/kobuki_ros_interfaces/kobuki_ros_interfaces/msg/detail/motor_power__rosidl_typesupport_fastrtps_cpp.hpp
[8.884s] -- Symlinking: /home/embedded/ros2_ws/install/kobuki_ros_interfaces/include/kobuki_ros_interfaces/kobuki_ros_interfaces/msg/detail/power_system_event__rosidl_typesupport_fastrtps_cpp.hpp
[8.956s] -- Symlinking: /home/embedded/ros2_ws/install/kobuki_ros_interfaces/include/kobuki_ros_interfaces/kobuki_ros_interfaces/msg/detail/robot_state_event__rosidl_typesupport_fastrtps_cpp.hpp
[9.012s] -- Symlinking: /home/embedded/ros2_ws/install/kobuki_ros_interfaces/include/kobuki_ros_interfaces/kobuki_ros_interfaces/msg/detail/scan_angle__rosidl_typesupport_fastrtps_cpp.hpp
[9.057s] -- Symlinking: /home/embedded/ros2_ws/install/kobuki_ros_interfaces/include/kobuki_ros_interfaces/kobuki_ros_interfaces/msg/detail/sensor_state__rosidl_typesupport_fastrtps_cpp.hpp
[9.111s] -- Symlinking: /home/embedded/ros2_ws/install/kobuki_ros_interfaces/include/kobuki_ros_interfaces/kobuki_ros_interfaces/msg/detail/sound__rosidl_typesupport_fastrtps_cpp.hpp
[9.159s] -- Symlinking: /home/embedded/ros2_ws/install/kobuki_ros_interfaces/include/kobuki_ros_interfaces/kobuki_ros_interfaces/msg/detail/version_info__rosidl_typesupport_fastrtps_cpp.hpp
[9.199s] -- Symlinking: /home/embedded/ros2_ws/install/kobuki_ros_interfaces/include/kobuki_ros_interfaces/kobuki_ros_interfaces/msg/detail/wheel_drop_event__rosidl_typesupport_fastrtps_cpp.hpp
[9.229s] -- Symlinking: /home/embedded/ros2_ws/install/kobuki_ros_interfaces/include/kobuki_ros_interfaces/kobuki_ros_interfaces/msg/rosidl_typesupport_fastrtps_cpp__visibility_control.h
[9.298s] -- Symlinking: /home/embedded/ros2_ws/install/kobuki_ros_interfaces/include/kobuki_ros_interfaces/kobuki_ros_interfaces/action/detail/auto_docking__rosidl_typesupport_introspection_c.h
[9.345s] -- Symlinking: /home/embedded/ros2_ws/install/kobuki_ros_interfaces/include/kobuki_ros_interfaces/kobuki_ros_interfaces/msg/detail/bumper_event__rosidl_typesupport_introspection_c.h
[9.400s] -- Symlinking: /home/embedded/ros2_ws/install/kobuki_ros_interfaces/include/kobuki_ros_interfaces/kobuki_ros_interfaces/msg/detail/button_event__rosidl_typesupport_introspection_c.h
[9.445s] -- Symlinking: /home/embedded/ros2_ws/install/kobuki_ros_interfaces/include/kobuki_ros_interfaces/kobuki_ros_interfaces/msg/detail/cliff_event__rosidl_typesupport_introspection_c.h
[9.520s] -- Symlinking: /home/embedded/ros2_ws/install/kobuki_ros_interfaces/include/kobuki_ros_interfaces/kobuki_ros_interfaces/msg/detail/controller_info__rosidl_typesupport_introspection_c.h
[9.551s] -- Symlinking: /home/embedded/ros2_ws/install/kobuki_ros_interfaces/include/kobuki_ros_interfaces/kobuki_ros_interfaces/msg/detail/digital_input_event__rosidl_typesupport_introspection_c.h
[9.691s] -- Symlinking: /home/embedded/ros2_ws/install/kobuki_ros_interfaces/include/kobuki_ros_interfaces/kobuki_ros_interfaces/msg/detail/digital_output__rosidl_typesupport_introspection_c.h
[9.763s] -- Symlinking: /home/embedded/ros2_ws/install/kobuki_ros_interfaces/include/kobuki_ros_interfaces/kobuki_ros_interfaces/msg/detail/dock_infra_red__rosidl_typesupport_introspection_c.h
[9.814s] -- Symlinking: /home/embedded/ros2_ws/install/kobuki_ros_interfaces/include/kobuki_ros_interfaces/kobuki_ros_interfaces/msg/detail/external_power__rosidl_typesupport_introspection_c.h
[9.840s] -- Symlinking: /home/embedded/ros2_ws/install/kobuki_ros_interfaces/include/kobuki_ros_interfaces/kobuki_ros_interfaces/msg/detail/keyboard_input__rosidl_typesupport_introspection_c.h
[9.891s] -- Symlinking: /home/embedded/ros2_ws/install/kobuki_ros_interfaces/include/kobuki_ros_interfaces/kobuki_ros_interfaces/msg/detail/led__rosidl_typesupport_introspection_c.h
[9.906s] -- Symlinking: /home/embedded/ros2_ws/install/kobuki_ros_interfaces/include/kobuki_ros_interfaces/kobuki_ros_interfaces/msg/detail/motor_power__rosidl_typesupport_introspection_c.h
[9.928s] -- Symlinking: /home/embedded/ros2_ws/install/kobuki_ros_interfaces/include/kobuki_ros_interfaces/kobuki_ros_interfaces/msg/detail/power_system_event__rosidl_typesupport_introspection_c.h
[9.957s] -- Symlinking: /home/embedded/ros2_ws/install/kobuki_ros_interfaces/include/kobuki_ros_interfaces/kobuki_ros_interfaces/msg/detail/robot_state_event__rosidl_typesupport_introspection_c.h
[9.985s] -- Symlinking: /home/embedded/ros2_ws/install/kobuki_ros_interfaces/include/kobuki_ros_interfaces/kobuki_ros_interfaces/msg/detail/scan_angle__rosidl_typesupport_introspection_c.h
[10.010s] -- Symlinking: /home/embedded/ros2_ws/install/kobuki_ros_interfaces/include/kobuki_ros_interfaces/kobuki_ros_interfaces/msg/detail/sensor_state__rosidl_typesupport_introspection_c.h
[10.034s] -- Symlinking: /home/embedded/ros2_ws/install/kobuki_ros_interfaces/include/kobuki_ros_interfaces/kobuki_ros_interfaces/msg/detail/sound__rosidl_typesupport_introspection_c.h
[10.079s] -- Symlinking: /home/embedded/ros2_ws/install/kobuki_ros_interfaces/include/kobuki_ros_interfaces/kobuki_ros_interfaces/msg/detail/version_info__rosidl_typesupport_introspection_c.h
[10.100s] -- Symlinking: /home/embedded/ros2_ws/install/kobuki_ros_interfaces/include/kobuki_ros_interfaces/kobuki_ros_interfaces/msg/detail/wheel_drop_event__rosidl_typesupport_introspection_c.h
[10.127s] -- Symlinking: /home/embedded/ros2_ws/install/kobuki_ros_interfaces/include/kobuki_ros_interfaces/kobuki_ros_interfaces/msg/rosidl_typesupport_introspection_c__visibility_control.h
[10.152s] -- Symlinking: /home/embedded/ros2_ws/install/kobuki_ros_interfaces/include/kobuki_ros_interfaces/kobuki_ros_interfaces/action/detail/auto_docking__rosidl_typesupport_introspection_cpp.hpp
[10.181s] -- Symlinking: /home/embedded/ros2_ws/install/kobuki_ros_interfaces/include/kobuki_ros_interfaces/kobuki_ros_interfaces/msg/detail/bumper_event__rosidl_typesupport_introspection_cpp.hpp
[10.233s] -- Symlinking: /home/embedded/ros2_ws/install/kobuki_ros_interfaces/include/kobuki_ros_interfaces/kobuki_ros_interfaces/msg/detail/button_event__rosidl_typesupport_introspection_cpp.hpp
[10.279s] -- Symlinking: /home/embedded/ros2_ws/install/kobuki_ros_interfaces/include/kobuki_ros_interfaces/kobuki_ros_interfaces/msg/detail/cliff_event__rosidl_typesupport_introspection_cpp.hpp
[10.367s] -- Symlinking: /home/embedded/ros2_ws/install/kobuki_ros_interfaces/include/kobuki_ros_interfaces/kobuki_ros_interfaces/msg/detail/controller_info__rosidl_typesupport_introspection_cpp.hpp
[10.422s] -- Symlinking: /home/embedded/ros2_ws/install/kobuki_ros_interfaces/include/kobuki_ros_interfaces/kobuki_ros_interfaces/msg/detail/digital_input_event__rosidl_typesupport_introspection_cpp.hpp
[10.473s] -- Symlinking: /home/embedded/ros2_ws/install/kobuki_ros_interfaces/include/kobuki_ros_interfaces/kobuki_ros_interfaces/msg/detail/digital_output__rosidl_typesupport_introspection_cpp.hpp
[10.526s] -- Symlinking: /home/embedded/ros2_ws/install/kobuki_ros_interfaces/include/kobuki_ros_interfaces/kobuki_ros_interfaces/msg/detail/dock_infra_red__rosidl_typesupport_introspection_cpp.hpp
[10.593s] -- Symlinking: /home/embedded/ros2_ws/install/kobuki_ros_interfaces/include/kobuki_ros_interfaces/kobuki_ros_interfaces/msg/detail/external_power__rosidl_typesupport_introspection_cpp.hpp
[10.670s] -- Symlinking: /home/embedded/ros2_ws/install/kobuki_ros_interfaces/include/kobuki_ros_interfaces/kobuki_ros_interfaces/msg/detail/keyboard_input__rosidl_typesupport_introspection_cpp.hpp
[10.702s] -- Symlinking: /home/embedded/ros2_ws/install/kobuki_ros_interfaces/include/kobuki_ros_interfaces/kobuki_ros_interfaces/msg/detail/led__rosidl_typesupport_introspection_cpp.hpp
[10.754s] -- Symlinking: /home/embedded/ros2_ws/install/kobuki_ros_interfaces/include/kobuki_ros_interfaces/kobuki_ros_interfaces/msg/detail/motor_power__rosidl_typesupport_introspection_cpp.hpp
[10.815s] -- Symlinking: /home/embedded/ros2_ws/install/kobuki_ros_interfaces/include/kobuki_ros_interfaces/kobuki_ros_interfaces/msg/detail/power_system_event__rosidl_typesupport_introspection_cpp.hpp
[10.848s] -- Symlinking: /home/embedded/ros2_ws/install/kobuki_ros_interfaces/include/kobuki_ros_interfaces/kobuki_ros_interfaces/msg/detail/robot_state_event__rosidl_typesupport_introspection_cpp.hpp
[10.876s] -- Symlinking: /home/embedded/ros2_ws/install/kobuki_ros_interfaces/include/kobuki_ros_interfaces/kobuki_ros_interfaces/msg/detail/scan_angle__rosidl_typesupport_introspection_cpp.hpp
[10.901s] -- Symlinking: /home/embedded/ros2_ws/install/kobuki_ros_interfaces/include/kobuki_ros_interfaces/kobuki_ros_interfaces/msg/detail/sensor_state__rosidl_typesupport_introspection_cpp.hpp
[10.927s] -- Symlinking: /home/embedded/ros2_ws/install/kobuki_ros_interfaces/include/kobuki_ros_interfaces/kobuki_ros_interfaces/msg/detail/sound__rosidl_typesupport_introspection_cpp.hpp
[10.954s] -- Symlinking: /home/embedded/ros2_ws/install/kobuki_ros_interfaces/include/kobuki_ros_interfaces/kobuki_ros_interfaces/msg/detail/version_info__rosidl_typesupport_introspection_cpp.hpp
[10.987s] -- Symlinking: /home/embedded/ros2_ws/install/kobuki_ros_interfaces/include/kobuki_ros_interfaces/kobuki_ros_interfaces/msg/detail/wheel_drop_event__rosidl_typesupport_introspection_cpp.hpp
[11.042s] -- Symlinking: /home/embedded/ros2_ws/install/kobuki_ros_interfaces/share/kobuki_ros_interfaces/environment/pythonpath.sh
[11.105s] -- Symlinking: /home/embedded/ros2_ws/install/kobuki_ros_interfaces/share/kobuki_ros_interfaces/environment/pythonpath.dsv
[11.179s] -- Symlinking: /home/embedded/ros2_ws/install/kobuki_ros_interfaces/lib/python3.12/site-packages/kobuki_ros_interfaces-1.0.0-py3.12.egg-info/PKG-INFO
[11.305s] -- Symlinking: /home/embedded/ros2_ws/install/kobuki_ros_interfaces/lib/python3.12/site-packages/kobuki_ros_interfaces-1.0.0-py3.12.egg-info/SOURCES.txt
[11.419s] -- Symlinking: /home/embedded/ros2_ws/install/kobuki_ros_interfaces/lib/python3.12/site-packages/kobuki_ros_interfaces-1.0.0-py3.12.egg-info/dependency_links.txt
[11.530s] -- Symlinking: /home/embedded/ros2_ws/install/kobuki_ros_interfaces/lib/python3.12/site-packages/kobuki_ros_interfaces-1.0.0-py3.12.egg-info/top_level.txt
[11.584s] -- Symlinking: /home/embedded/ros2_ws/install/kobuki_ros_interfaces/lib/python3.12/site-packages/kobuki_ros_interfaces/__init__.py
[11.662s] -- Symlinking: /home/embedded/ros2_ws/install/kobuki_ros_interfaces/lib/python3.12/site-packages/kobuki_ros_interfaces/_kobuki_ros_interfaces_s.ep.rosidl_typesupport_c.c
[11.714s] -- Symlinking: /home/embedded/ros2_ws/install/kobuki_ros_interfaces/lib/python3.12/site-packages/kobuki_ros_interfaces/_kobuki_ros_interfaces_s.ep.rosidl_typesupport_fastrtps_c.c
[11.774s] -- Symlinking: /home/embedded/ros2_ws/install/kobuki_ros_interfaces/lib/python3.12/site-packages/kobuki_ros_interfaces/_kobuki_ros_interfaces_s.ep.rosidl_typesupport_introspection_c.c
[11.822s] -- Symlinking: /home/embedded/ros2_ws/install/kobuki_ros_interfaces/lib/python3.12/site-packages/kobuki_ros_interfaces/action/__init__.py
[11.905s] -- Symlinking: /home/embedded/ros2_ws/install/kobuki_ros_interfaces/lib/python3.12/site-packages/kobuki_ros_interfaces/action/_auto_docking.py
[11.938s] -- Symlinking: /home/embedded/ros2_ws/install/kobuki_ros_interfaces/lib/python3.12/site-packages/kobuki_ros_interfaces/action/_auto_docking_s.c
[11.988s] -- Symlinking: /home/embedded/ros2_ws/install/kobuki_ros_interfaces/lib/python3.12/site-packages/kobuki_ros_interfaces/kobuki_ros_interfaces_s__rosidl_typesupport_c.so
[12.101s] -- Symlinking: /home/embedded/ros2_ws/install/kobuki_ros_interfaces/lib/python3.12/site-packages/kobuki_ros_interfaces/kobuki_ros_interfaces_s__rosidl_typesupport_fastrtps_c.so
[12.147s] -- Symlinking: /home/embedded/ros2_ws/install/kobuki_ros_interfaces/lib/python3.12/site-packages/kobuki_ros_interfaces/kobuki_ros_interfaces_s__rosidl_typesupport_introspection_c.so
[12.188s] -- Symlinking: /home/embedded/ros2_ws/install/kobuki_ros_interfaces/lib/python3.12/site-packages/kobuki_ros_interfaces/msg/__init__.py
[12.242s] -- Symlinking: /home/embedded/ros2_ws/install/kobuki_ros_interfaces/lib/python3.12/site-packages/kobuki_ros_interfaces/msg/_bumper_event.py
[12.310s] -- Symlinking: /home/embedded/ros2_ws/install/kobuki_ros_interfaces/lib/python3.12/site-packages/kobuki_ros_interfaces/msg/_bumper_event_s.c
[12.368s] -- Symlinking: /home/embedded/ros2_ws/install/kobuki_ros_interfaces/lib/python3.12/site-packages/kobuki_ros_interfaces/msg/_button_event.py
[12.425s] -- Symlinking: /home/embedded/ros2_ws/install/kobuki_ros_interfaces/lib/python3.12/site-packages/kobuki_ros_interfaces/msg/_button_event_s.c
[12.504s] -- Symlinking: /home/embedded/ros2_ws/install/kobuki_ros_interfaces/lib/python3.12/site-packages/kobuki_ros_interfaces/msg/_cliff_event.py
[12.549s] -- Symlinking: /home/embedded/ros2_ws/install/kobuki_ros_interfaces/lib/python3.12/site-packages/kobuki_ros_interfaces/msg/_cliff_event_s.c
[12.604s] -- Symlinking: /home/embedded/ros2_ws/install/kobuki_ros_interfaces/lib/python3.12/site-packages/kobuki_ros_interfaces/msg/_controller_info.py
[12.655s] -- Symlinking: /home/embedded/ros2_ws/install/kobuki_ros_interfaces/lib/python3.12/site-packages/kobuki_ros_interfaces/msg/_controller_info_s.c
[12.683s] -- Symlinking: /home/embedded/ros2_ws/install/kobuki_ros_interfaces/lib/python3.12/site-packages/kobuki_ros_interfaces/msg/_digital_input_event.py
[12.729s] -- Symlinking: /home/embedded/ros2_ws/install/kobuki_ros_interfaces/lib/python3.12/site-packages/kobuki_ros_interfaces/msg/_digital_input_event_s.c
[12.782s] -- Symlinking: /home/embedded/ros2_ws/install/kobuki_ros_interfaces/lib/python3.12/site-packages/kobuki_ros_interfaces/msg/_digital_output.py
[12.856s] -- Symlinking: /home/embedded/ros2_ws/install/kobuki_ros_interfaces/lib/python3.12/site-packages/kobuki_ros_interfaces/msg/_digital_output_s.c
[12.935s] -- Symlinking: /home/embedded/ros2_ws/install/kobuki_ros_interfaces/lib/python3.12/site-packages/kobuki_ros_interfaces/msg/_dock_infra_red.py
[13.016s] -- Symlinking: /home/embedded/ros2_ws/install/kobuki_ros_interfaces/lib/python3.12/site-packages/kobuki_ros_interfaces/msg/_dock_infra_red_s.c
[13.092s] -- Symlinking: /home/embedded/ros2_ws/install/kobuki_ros_interfaces/lib/python3.12/site-packages/kobuki_ros_interfaces/msg/_external_power.py
[13.145s] -- Symlinking: /home/embedded/ros2_ws/install/kobuki_ros_interfaces/lib/python3.12/site-packages/kobuki_ros_interfaces/msg/_external_power_s.c
[13.179s] -- Symlinking: /home/embedded/ros2_ws/install/kobuki_ros_interfaces/lib/python3.12/site-packages/kobuki_ros_interfaces/msg/_keyboard_input.py
[13.203s] -- Symlinking: /home/embedded/ros2_ws/install/kobuki_ros_interfaces/lib/python3.12/site-packages/kobuki_ros_interfaces/msg/_keyboard_input_s.c
[13.227s] -- Symlinking: /home/embedded/ros2_ws/install/kobuki_ros_interfaces/lib/python3.12/site-packages/kobuki_ros_interfaces/msg/_led.py
[13.253s] -- Symlinking: /home/embedded/ros2_ws/install/kobuki_ros_interfaces/lib/python3.12/site-packages/kobuki_ros_interfaces/msg/_led_s.c
[13.279s] -- Symlinking: /home/embedded/ros2_ws/install/kobuki_ros_interfaces/lib/python3.12/site-packages/kobuki_ros_interfaces/msg/_motor_power.py
[13.309s] -- Symlinking: /home/embedded/ros2_ws/install/kobuki_ros_interfaces/lib/python3.12/site-packages/kobuki_ros_interfaces/msg/_motor_power_s.c
[13.332s] -- Symlinking: /home/embedded/ros2_ws/install/kobuki_ros_interfaces/lib/python3.12/site-packages/kobuki_ros_interfaces/msg/_power_system_event.py
[13.354s] -- Symlinking: /home/embedded/ros2_ws/install/kobuki_ros_interfaces/lib/python3.12/site-packages/kobuki_ros_interfaces/msg/_power_system_event_s.c
[13.379s] -- Symlinking: /home/embedded/ros2_ws/install/kobuki_ros_interfaces/lib/python3.12/site-packages/kobuki_ros_interfaces/msg/_robot_state_event.py
[13.404s] -- Symlinking: /home/embedded/ros2_ws/install/kobuki_ros_interfaces/lib/python3.12/site-packages/kobuki_ros_interfaces/msg/_robot_state_event_s.c
[13.429s] -- Symlinking: /home/embedded/ros2_ws/install/kobuki_ros_interfaces/lib/python3.12/site-packages/kobuki_ros_interfaces/msg/_scan_angle.py
[13.457s] -- Symlinking: /home/embedded/ros2_ws/install/kobuki_ros_interfaces/lib/python3.12/site-packages/kobuki_ros_interfaces/msg/_scan_angle_s.c
[13.491s] -- Symlinking: /home/embedded/ros2_ws/install/kobuki_ros_interfaces/lib/python3.12/site-packages/kobuki_ros_interfaces/msg/_sensor_state.py
[13.517s] -- Symlinking: /home/embedded/ros2_ws/install/kobuki_ros_interfaces/lib/python3.12/site-packages/kobuki_ros_interfaces/msg/_sensor_state_s.c
[13.567s] -- Symlinking: /home/embedded/ros2_ws/install/kobuki_ros_interfaces/lib/python3.12/site-packages/kobuki_ros_interfaces/msg/_sound.py
[13.624s] -- Symlinking: /home/embedded/ros2_ws/install/kobuki_ros_interfaces/lib/python3.12/site-packages/kobuki_ros_interfaces/msg/_sound_s.c
[13.663s] -- Symlinking: /home/embedded/ros2_ws/install/kobuki_ros_interfaces/lib/python3.12/site-packages/kobuki_ros_interfaces/msg/_version_info.py
[13.736s] -- Symlinking: /home/embedded/ros2_ws/install/kobuki_ros_interfaces/lib/python3.12/site-packages/kobuki_ros_interfaces/msg/_version_info_s.c
[13.778s] -- Symlinking: /home/embedded/ros2_ws/install/kobuki_ros_interfaces/lib/python3.12/site-packages/kobuki_ros_interfaces/msg/_wheel_drop_event.py
[13.832s] -- Symlinking: /home/embedded/ros2_ws/install/kobuki_ros_interfaces/lib/python3.12/site-packages/kobuki_ros_interfaces/msg/_wheel_drop_event_s.c
[13.889s] -- Up-to-date symlink: /home/embedded/ros2_ws/install/kobuki_ros_interfaces/lib/python3.12/site-packages/kobuki_ros_interfaces/kobuki_ros_interfaces_s__rosidl_typesupport_fastrtps_c.so
[13.897s] -- Up-to-date symlink: /home/embedded/ros2_ws/install/kobuki_ros_interfaces/lib/python3.12/site-packages/kobuki_ros_interfaces/kobuki_ros_interfaces_s__rosidl_typesupport_introspection_c.so
[13.902s] -- Up-to-date symlink: /home/embedded/ros2_ws/install/kobuki_ros_interfaces/lib/python3.12/site-packages/kobuki_ros_interfaces/kobuki_ros_interfaces_s__rosidl_typesupport_c.so
[13.909s] -- Symlinking: /home/embedded/ros2_ws/install/kobuki_ros_interfaces/share/kobuki_ros_interfaces/msg/BumperEvent.idl
[13.994s] -- Symlinking: /home/embedded/ros2_ws/install/kobuki_ros_interfaces/share/kobuki_ros_interfaces/msg/CliffEvent.idl
[14.047s] -- Symlinking: /home/embedded/ros2_ws/install/kobuki_ros_interfaces/share/kobuki_ros_interfaces/msg/DigitalOutput.idl
[14.142s] -- Symlinking: /home/embedded/ros2_ws/install/kobuki_ros_interfaces/share/kobuki_ros_interfaces/msg/ExternalPower.idl
[14.204s] -- Symlinking: /home/embedded/ros2_ws/install/kobuki_ros_interfaces/share/kobuki_ros_interfaces/msg/Led.idl
[14.268s] -- Symlinking: /home/embedded/ros2_ws/install/kobuki_ros_interfaces/share/kobuki_ros_interfaces/msg/PowerSystemEvent.idl
[14.316s] -- Symlinking: /home/embedded/ros2_ws/install/kobuki_ros_interfaces/share/kobuki_ros_interfaces/msg/SensorState.idl
[14.347s] -- Symlinking: /home/embedded/ros2_ws/install/kobuki_ros_interfaces/share/kobuki_ros_interfaces/msg/VersionInfo.idl
[14.415s] -- Symlinking: /home/embedded/ros2_ws/install/kobuki_ros_interfaces/share/kobuki_ros_interfaces/msg/ControllerInfo.idl
[14.467s] -- Symlinking: /home/embedded/ros2_ws/install/kobuki_ros_interfaces/share/kobuki_ros_interfaces/msg/ButtonEvent.idl
[14.520s] -- Symlinking: /home/embedded/ros2_ws/install/kobuki_ros_interfaces/share/kobuki_ros_interfaces/msg/DigitalInputEvent.idl
[14.574s] -- Symlinking: /home/embedded/ros2_ws/install/kobuki_ros_interfaces/share/kobuki_ros_interfaces/msg/DockInfraRed.idl
[14.649s] -- Symlinking: /home/embedded/ros2_ws/install/kobuki_ros_interfaces/share/kobuki_ros_interfaces/msg/KeyboardInput.idl
[14.684s] -- Symlinking: /home/embedded/ros2_ws/install/kobuki_ros_interfaces/share/kobuki_ros_interfaces/msg/MotorPower.idl
[14.732s] -- Symlinking: /home/embedded/ros2_ws/install/kobuki_ros_interfaces/share/kobuki_ros_interfaces/msg/RobotStateEvent.idl
[14.783s] -- Symlinking: /home/embedded/ros2_ws/install/kobuki_ros_interfaces/share/kobuki_ros_interfaces/msg/Sound.idl
[14.853s] -- Symlinking: /home/embedded/ros2_ws/install/kobuki_ros_interfaces/share/kobuki_ros_interfaces/msg/ScanAngle.idl
[14.904s] -- Symlinking: /home/embedded/ros2_ws/install/kobuki_ros_interfaces/share/kobuki_ros_interfaces/msg/WheelDropEvent.idl
[14.960s] -- Symlinking: /home/embedded/ros2_ws/install/kobuki_ros_interfaces/share/kobuki_ros_interfaces/action/AutoDocking.idl
[15.038s] -- Symlinking: /home/embedded/ros2_ws/install/kobuki_ros_interfaces/share/kobuki_ros_interfaces/msg/BumperEvent.msg
[15.087s] -- Symlinking: /home/embedded/ros2_ws/install/kobuki_ros_interfaces/share/kobuki_ros_interfaces/msg/CliffEvent.msg
[15.138s] -- Symlinking: /home/embedded/ros2_ws/install/kobuki_ros_interfaces/share/kobuki_ros_interfaces/msg/DigitalOutput.msg
[15.202s] -- Symlinking: /home/embedded/ros2_ws/install/kobuki_ros_interfaces/share/kobuki_ros_interfaces/msg/ExternalPower.msg
[15.249s] -- Symlinking: /home/embedded/ros2_ws/install/kobuki_ros_interfaces/share/kobuki_ros_interfaces/msg/Led.msg
[15.304s] -- Symlinking: /home/embedded/ros2_ws/install/kobuki_ros_interfaces/share/kobuki_ros_interfaces/msg/PowerSystemEvent.msg
[15.367s] -- Symlinking: /home/embedded/ros2_ws/install/kobuki_ros_interfaces/share/kobuki_ros_interfaces/msg/SensorState.msg
[15.405s] -- Symlinking: /home/embedded/ros2_ws/install/kobuki_ros_interfaces/share/kobuki_ros_interfaces/msg/VersionInfo.msg
[15.483s] -- Symlinking: /home/embedded/ros2_ws/install/kobuki_ros_interfaces/share/kobuki_ros_interfaces/msg/ControllerInfo.msg
[15.530s] -- Symlinking: /home/embedded/ros2_ws/install/kobuki_ros_interfaces/share/kobuki_ros_interfaces/msg/ButtonEvent.msg
[15.609s] -- Symlinking: /home/embedded/ros2_ws/install/kobuki_ros_interfaces/share/kobuki_ros_interfaces/msg/DigitalInputEvent.msg
[15.657s] -- Symlinking: /home/embedded/ros2_ws/install/kobuki_ros_interfaces/share/kobuki_ros_interfaces/msg/DockInfraRed.msg
[15.697s] -- Symlinking: /home/embedded/ros2_ws/install/kobuki_ros_interfaces/share/kobuki_ros_interfaces/msg/KeyboardInput.msg
[15.742s] -- Symlinking: /home/embedded/ros2_ws/install/kobuki_ros_interfaces/share/kobuki_ros_interfaces/msg/MotorPower.msg
[15.768s] -- Symlinking: /home/embedded/ros2_ws/install/kobuki_ros_interfaces/share/kobuki_ros_interfaces/msg/RobotStateEvent.msg
[15.794s] -- Symlinking: /home/embedded/ros2_ws/install/kobuki_ros_interfaces/share/kobuki_ros_interfaces/msg/Sound.msg
[15.823s] -- Symlinking: /home/embedded/ros2_ws/install/kobuki_ros_interfaces/share/kobuki_ros_interfaces/msg/ScanAngle.msg
[15.851s] -- Symlinking: /home/embedded/ros2_ws/install/kobuki_ros_interfaces/share/kobuki_ros_interfaces/msg/WheelDropEvent.msg
[15.879s] -- Symlinking: /home/embedded/ros2_ws/install/kobuki_ros_interfaces/share/kobuki_ros_interfaces/action/AutoDocking.action
[15.925s] -- Symlinking: /home/embedded/ros2_ws/install/kobuki_ros_interfaces/share/ament_index/resource_index/package_run_dependencies/kobuki_ros_interfaces
[15.974s] -- Symlinking: /home/embedded/ros2_ws/install/kobuki_ros_interfaces/share/ament_index/resource_index/parent_prefix_path/kobuki_ros_interfaces
[16.025s] -- Symlinking: /home/embedded/ros2_ws/install/kobuki_ros_interfaces/share/kobuki_ros_interfaces/environment/ament_prefix_path.sh
[16.082s] -- Symlinking: /home/embedded/ros2_ws/install/kobuki_ros_interfaces/share/kobuki_ros_interfaces/environment/ament_prefix_path.dsv
[16.131s] -- Symlinking: /home/embedded/ros2_ws/install/kobuki_ros_interfaces/share/kobuki_ros_interfaces/environment/path.sh
[16.179s] -- Symlinking: /home/embedded/ros2_ws/install/kobuki_ros_interfaces/share/kobuki_ros_interfaces/environment/path.dsv
[16.227s] -- Symlinking: /home/embedded/ros2_ws/install/kobuki_ros_interfaces/share/kobuki_ros_interfaces/local_setup.bash
[16.273s] -- Symlinking: /home/embedded/ros2_ws/install/kobuki_ros_interfaces/share/kobuki_ros_interfaces/local_setup.sh
[16.344s] -- Symlinking: /home/embedded/ros2_ws/install/kobuki_ros_interfaces/share/kobuki_ros_interfaces/local_setup.zsh
[16.379s] -- Symlinking: /home/embedded/ros2_ws/install/kobuki_ros_interfaces/share/kobuki_ros_interfaces/local_setup.dsv
[16.430s] -- Symlinking: /home/embedded/ros2_ws/install/kobuki_ros_interfaces/share/kobuki_ros_interfaces/package.dsv
[16.485s] -- Symlinking: /home/embedded/ros2_ws/install/kobuki_ros_interfaces/share/ament_index/resource_index/packages/kobuki_ros_interfaces
[16.537s] -- Symlinking: /home/embedded/ros2_ws/install/kobuki_ros_interfaces/share/kobuki_ros_interfaces/cmake/rosidl_cmake-extras.cmake
[16.589s] -- Symlinking: /home/embedded/ros2_ws/install/kobuki_ros_interfaces/share/kobuki_ros_interfaces/cmake/ament_cmake_export_dependencies-extras.cmake
[16.663s] -- Symlinking: /home/embedded/ros2_ws/install/kobuki_ros_interfaces/share/kobuki_ros_interfaces/cmake/ament_cmake_export_include_directories-extras.cmake
[16.707s] -- Symlinking: /home/embedded/ros2_ws/install/kobuki_ros_interfaces/share/kobuki_ros_interfaces/cmake/ament_cmake_export_libraries-extras.cmake
[16.750s] -- Symlinking: /home/embedded/ros2_ws/install/kobuki_ros_interfaces/share/kobuki_ros_interfaces/cmake/ament_cmake_export_targets-extras.cmake
[16.802s] -- Symlinking: /home/embedded/ros2_ws/install/kobuki_ros_interfaces/share/kobuki_ros_interfaces/cmake/rosidl_cmake_export_typesupport_targets-extras.cmake
[16.852s] -- Symlinking: /home/embedded/ros2_ws/install/kobuki_ros_interfaces/share/kobuki_ros_interfaces/cmake/rosidl_cmake_export_typesupport_libraries-extras.cmake
[16.898s] -- Symlinking: /home/embedded/ros2_ws/install/kobuki_ros_interfaces/share/kobuki_ros_interfaces/cmake/kobuki_ros_interfacesConfig.cmake
[16.946s] -- Symlinking: /home/embedded/ros2_ws/install/kobuki_ros_interfaces/share/kobuki_ros_interfaces/cmake/kobuki_ros_interfacesConfig-version.cmake
[17.014s] -- Symlinking: /home/embedded/ros2_ws/install/kobuki_ros_interfaces/share/kobuki_ros_interfaces/package.xml
[17.075s] -- Installing: /home/embedded/ros2_ws/install/kobuki_ros_interfaces/lib/libkobuki_ros_interfaces__rosidl_generator_c.so
[17.084s] -- Set non-toolchain portion of runtime path of "/home/embedded/ros2_ws/install/kobuki_ros_interfaces/lib/libkobuki_ros_interfaces__rosidl_generator_c.so" to ""
[17.087s] -- Installing: /home/embedded/ros2_ws/install/kobuki_ros_interfaces/lib/libkobuki_ros_interfaces__rosidl_typesupport_fastrtps_c.so
[17.090s] -- Set non-toolchain portion of runtime path of "/home/embedded/ros2_ws/install/kobuki_ros_interfaces/lib/libkobuki_ros_interfaces__rosidl_typesupport_fastrtps_c.so" to ""
[17.090s] -- Installing: /home/embedded/ros2_ws/install/kobuki_ros_interfaces/lib/libkobuki_ros_interfaces__rosidl_typesupport_fastrtps_cpp.so
[17.103s] -- Set non-toolchain portion of runtime path of "/home/embedded/ros2_ws/install/kobuki_ros_interfaces/lib/libkobuki_ros_interfaces__rosidl_typesupport_fastrtps_cpp.so" to ""
[17.105s] -- Installing: /home/embedded/ros2_ws/install/kobuki_ros_interfaces/lib/libkobuki_ros_interfaces__rosidl_typesupport_introspection_c.so
[17.109s] -- Set non-toolchain portion of runtime path of "/home/embedded/ros2_ws/install/kobuki_ros_interfaces/lib/libkobuki_ros_interfaces__rosidl_typesupport_introspection_c.so" to ""
[17.113s] -- Installing: /home/embedded/ros2_ws/install/kobuki_ros_interfaces/lib/libkobuki_ros_interfaces__rosidl_typesupport_c.so
[17.114s] -- Set non-toolchain portion of runtime path of "/home/embedded/ros2_ws/install/kobuki_ros_interfaces/lib/libkobuki_ros_interfaces__rosidl_typesupport_c.so" to ""
[17.115s] -- Installing: /home/embedded/ros2_ws/install/kobuki_ros_interfaces/lib/libkobuki_ros_interfaces__rosidl_typesupport_introspection_cpp.so
[17.123s] -- Set non-toolchain portion of runtime path of "/home/embedded/ros2_ws/install/kobuki_ros_interfaces/lib/libkobuki_ros_interfaces__rosidl_typesupport_introspection_cpp.so" to ""
[17.124s] -- Installing: /home/embedded/ros2_ws/install/kobuki_ros_interfaces/lib/libkobuki_ros_interfaces__rosidl_typesupport_cpp.so
[17.131s] -- Set non-toolchain portion of runtime path of "/home/embedded/ros2_ws/install/kobuki_ros_interfaces/lib/libkobuki_ros_interfaces__rosidl_typesupport_cpp.so" to ""
[17.381s] Listing '/home/embedded/ros2_ws/install/kobuki_ros_interfaces/lib/python3.12/site-packages/kobuki_ros_interfaces'...
[17.381s] Compiling '/home/embedded/ros2_ws/install/kobuki_ros_interfaces/lib/python3.12/site-packages/kobuki_ros_interfaces/__init__.py'...
[17.381s] Listing '/home/embedded/ros2_ws/install/kobuki_ros_interfaces/lib/python3.12/site-packages/kobuki_ros_interfaces/action'...
[17.381s] Compiling '/home/embedded/ros2_ws/install/kobuki_ros_interfaces/lib/python3.12/site-packages/kobuki_ros_interfaces/action/__init__.py'...
[17.381s] Compiling '/home/embedded/ros2_ws/install/kobuki_ros_interfaces/lib/python3.12/site-packages/kobuki_ros_interfaces/action/_auto_docking.py'...
[17.382s] Listing '/home/embedded/ros2_ws/install/kobuki_ros_interfaces/lib/python3.12/site-packages/kobuki_ros_interfaces/msg'...
[17.382s] Compiling '/home/embedded/ros2_ws/install/kobuki_ros_interfaces/lib/python3.12/site-packages/kobuki_ros_interfaces/msg/__init__.py'...
[17.382s] Compiling '/home/embedded/ros2_ws/install/kobuki_ros_interfaces/lib/python3.12/site-packages/kobuki_ros_interfaces/msg/_bumper_event.py'...
[17.382s] Compiling '/home/embedded/ros2_ws/install/kobuki_ros_interfaces/lib/python3.12/site-packages/kobuki_ros_interfaces/msg/_button_event.py'...
[17.382s] Compiling '/home/embedded/ros2_ws/install/kobuki_ros_interfaces/lib/python3.12/site-packages/kobuki_ros_interfaces/msg/_cliff_event.py'...
[17.382s] Compiling '/home/embedded/ros2_ws/install/kobuki_ros_interfaces/lib/python3.12/site-packages/kobuki_ros_interfaces/msg/_controller_info.py'...
[17.382s] Compiling '/home/embedded/ros2_ws/install/kobuki_ros_interfaces/lib/python3.12/site-packages/kobuki_ros_interfaces/msg/_digital_input_event.py'...
[17.382s] Compiling '/home/embedded/ros2_ws/install/kobuki_ros_interfaces/lib/python3.12/site-packages/kobuki_ros_interfaces/msg/_digital_output.py'...
[17.382s] Compiling '/home/embedded/ros2_ws/install/kobuki_ros_interfaces/lib/python3.12/site-packages/kobuki_ros_interfaces/msg/_dock_infra_red.py'...
[17.383s] Compiling '/home/embedded/ros2_ws/install/kobuki_ros_interfaces/lib/python3.12/site-packages/kobuki_ros_interfaces/msg/_external_power.py'...
[17.383s] Compiling '/home/embedded/ros2_ws/install/kobuki_ros_interfaces/lib/python3.12/site-packages/kobuki_ros_interfaces/msg/_keyboard_input.py'...
[17.383s] Compiling '/home/embedded/ros2_ws/install/kobuki_ros_interfaces/lib/python3.12/site-packages/kobuki_ros_interfaces/msg/_led.py'...
[17.383s] Compiling '/home/embedded/ros2_ws/install/kobuki_ros_interfaces/lib/python3.12/site-packages/kobuki_ros_interfaces/msg/_motor_power.py'...
[17.383s] Compiling '/home/embedded/ros2_ws/install/kobuki_ros_interfaces/lib/python3.12/site-packages/kobuki_ros_interfaces/msg/_power_system_event.py'...
[17.383s] Compiling '/home/embedded/ros2_ws/install/kobuki_ros_interfaces/lib/python3.12/site-packages/kobuki_ros_interfaces/msg/_robot_state_event.py'...
[17.389s] Compiling '/home/embedded/ros2_ws/install/kobuki_ros_interfaces/lib/python3.12/site-packages/kobuki_ros_interfaces/msg/_scan_angle.py'...
[17.390s] Compiling '/home/embedded/ros2_ws/install/kobuki_ros_interfaces/lib/python3.12/site-packages/kobuki_ros_interfaces/msg/_sensor_state.py'...
[17.390s] Compiling '/home/embedded/ros2_ws/install/kobuki_ros_interfaces/lib/python3.12/site-packages/kobuki_ros_interfaces/msg/_sound.py'...
[17.390s] Compiling '/home/embedded/ros2_ws/install/kobuki_ros_interfaces/lib/python3.12/site-packages/kobuki_ros_interfaces/msg/_version_info.py'...
[17.391s] Compiling '/home/embedded/ros2_ws/install/kobuki_ros_interfaces/lib/python3.12/site-packages/kobuki_ros_interfaces/msg/_wheel_drop_event.py'...
[17.432s] -- Installing: /home/embedded/ros2_ws/install/kobuki_ros_interfaces/lib/libkobuki_ros_interfaces__rosidl_generator_py.so
[17.434s] -- Set non-toolchain portion of runtime path of "/home/embedded/ros2_ws/install/kobuki_ros_interfaces/lib/libkobuki_ros_interfaces__rosidl_generator_py.so" to ""
[17.436s] -- Installing: /home/embedded/ros2_ws/install/kobuki_ros_interfaces/share/kobuki_ros_interfaces/cmake/export_kobuki_ros_interfaces__rosidl_generator_cExport.cmake
[17.438s] -- Installing: /home/embedded/ros2_ws/install/kobuki_ros_interfaces/share/kobuki_ros_interfaces/cmake/export_kobuki_ros_interfaces__rosidl_generator_cExport-noconfig.cmake
[17.441s] -- Installing: /home/embedded/ros2_ws/install/kobuki_ros_interfaces/share/kobuki_ros_interfaces/cmake/export_kobuki_ros_interfaces__rosidl_typesupport_fastrtps_cExport.cmake
[17.442s] -- Installing: /home/embedded/ros2_ws/install/kobuki_ros_interfaces/share/kobuki_ros_interfaces/cmake/export_kobuki_ros_interfaces__rosidl_typesupport_fastrtps_cExport-noconfig.cmake
[17.447s] -- Installing: /home/embedded/ros2_ws/install/kobuki_ros_interfaces/share/kobuki_ros_interfaces/cmake/export_kobuki_ros_interfaces__rosidl_generator_cppExport.cmake
[17.448s] -- Installing: /home/embedded/ros2_ws/install/kobuki_ros_interfaces/share/kobuki_ros_interfaces/cmake/export_kobuki_ros_interfaces__rosidl_typesupport_fastrtps_cppExport.cmake
[17.451s] -- Installing: /home/embedded/ros2_ws/install/kobuki_ros_interfaces/share/kobuki_ros_interfaces/cmake/export_kobuki_ros_interfaces__rosidl_typesupport_fastrtps_cppExport-noconfig.cmake
[17.452s] -- Installing: /home/embedded/ros2_ws/install/kobuki_ros_interfaces/share/kobuki_ros_interfaces/cmake/kobuki_ros_interfaces__rosidl_typesupport_introspection_cExport.cmake
[17.453s] -- Installing: /home/embedded/ros2_ws/install/kobuki_ros_interfaces/share/kobuki_ros_interfaces/cmake/kobuki_ros_interfaces__rosidl_typesupport_introspection_cExport-noconfig.cmake
[17.454s] -- Installing: /home/embedded/ros2_ws/install/kobuki_ros_interfaces/share/kobuki_ros_interfaces/cmake/kobuki_ros_interfaces__rosidl_typesupport_cExport.cmake
[17.459s] -- Installing: /home/embedded/ros2_ws/install/kobuki_ros_interfaces/share/kobuki_ros_interfaces/cmake/kobuki_ros_interfaces__rosidl_typesupport_cExport-noconfig.cmake
[17.460s] -- Installing: /home/embedded/ros2_ws/install/kobuki_ros_interfaces/share/kobuki_ros_interfaces/cmake/kobuki_ros_interfaces__rosidl_typesupport_introspection_cppExport.cmake
[17.461s] -- Installing: /home/embedded/ros2_ws/install/kobuki_ros_interfaces/share/kobuki_ros_interfaces/cmake/kobuki_ros_interfaces__rosidl_typesupport_introspection_cppExport-noconfig.cmake
[17.465s] -- Installing: /home/embedded/ros2_ws/install/kobuki_ros_interfaces/share/kobuki_ros_interfaces/cmake/kobuki_ros_interfaces__rosidl_typesupport_cppExport.cmake
[17.466s] -- Installing: /home/embedded/ros2_ws/install/kobuki_ros_interfaces/share/kobuki_ros_interfaces/cmake/kobuki_ros_interfaces__rosidl_typesupport_cppExport-noconfig.cmake
[17.471s] -- Installing: /home/embedded/ros2_ws/install/kobuki_ros_interfaces/share/kobuki_ros_interfaces/cmake/export_kobuki_ros_interfaces__rosidl_generator_pyExport.cmake
[17.472s] -- Installing: /home/embedded/ros2_ws/install/kobuki_ros_interfaces/share/kobuki_ros_interfaces/cmake/export_kobuki_ros_interfaces__rosidl_generator_pyExport-noconfig.cmake
[17.506s] Invoked command in '/home/embedded/ros2_ws/build/kobuki_ros_interfaces' returned '0': CMAKE_PREFIX_PATH=${CMAKE_PREFIX_PATH}:/opt/ros/jazzy /usr/bin/cmake --install /home/embedded/ros2_ws/build/kobuki_ros_interfaces
