[0.096s] Invoking command in '/home/embedded/ros2_ws/build/ecl_containers': AMENT_PREFIX_PATH=/home/embedded/ros2_ws/install/ecl_formatters:/home/embedded/ros2_ws/install/ecl_utilities:/home/embedded/ros2_ws/install/ecl_converters:/home/embedded/ros2_ws/install/ecl_exceptions:/home/embedded/ros2_ws/install/ecl_concepts:/home/embedded/ros2_ws/install/ecl_type_traits:/home/embedded/ros2_ws/install/ecl_errors:/home/embedded/ros2_ws/install/ecl_mpl:/home/embedded/ros2_ws/install/ecl_config:${AMENT_PREFIX_PATH} CMAKE_PREFIX_PATH=/home/embedded/ros2_ws/install/ecl_formatters:/home/embedded/ros2_ws/install/ecl_utilities:/home/embedded/ros2_ws/install/ecl_converters:/home/embedded/ros2_ws/install/ecl_exceptions:/home/embedded/ros2_ws/install/ecl_concepts:/home/embedded/ros2_ws/install/ecl_type_traits:/home/embedded/ros2_ws/install/ecl_errors:/home/embedded/ros2_ws/install/ecl_mpl:/home/embedded/ros2_ws/install/ecl_config:/opt/ros/jazzy/opt/gz_sim_vendor:/opt/ros/jazzy/opt/gz_sensors_vendor:/opt/ros/jazzy/opt/gz_physics_vendor:/opt/ros/jazzy/opt/sdformat_vendor:/opt/ros/jazzy/opt/gz_gui_vendor:/opt/ros/jazzy/opt/gz_transport_vendor:/opt/ros/jazzy/opt/gz_rendering_vendor:/opt/ros/jazzy/opt/gz_plugin_vendor:/opt/ros/jazzy/opt/gz_fuel_tools_vendor:/opt/ros/jazzy/opt/gz_msgs_vendor:/opt/ros/jazzy/opt/gz_common_vendor:/opt/ros/jazzy/opt/gz_tools_vendor:/opt/ros/jazzy/opt/gz_ogre_next_vendor:/opt/ros/jazzy/opt/gz_dartsim_vendor:/opt/ros/jazzy/opt/gz_math_vendor:/opt/ros/jazzy/opt/gz_utils_vendor:/opt/ros/jazzy/opt/gz_cmake_vendor:/opt/ros/jazzy LD_LIBRARY_PATH=/home/embedded/ros2_ws/install/ecl_formatters/lib:/home/embedded/ros2_ws/install/ecl_exceptions/lib:/home/embedded/ros2_ws/install/ecl_type_traits/lib:/home/embedded/ros2_ws/install/ecl_errors/lib:${LD_LIBRARY_PATH} PATH=/home/embedded/ros2_ws/install/ecl_type_traits/bin:/home/embedded/ros2_ws/install/ecl_config/bin:${PATH} /usr/bin/cmake --build /home/embedded/ros2_ws/build/ecl_containers -- -j4 -l4
[0.341s] [ 11%] Built target gtest_main
[0.348s] [ 22%] Built target gtest
[0.356s] [ 33%] Built target ecl_demo_formatters
[0.475s] [ 44%] Built target ecl_test_arrays
[0.493s] [ 55%] Built target ecl_test_stencil
[0.503s] [ 66%] Built target ecl_test_container_converters
[0.503s] [ 77%] Built target ecl_test_arrays_mem_check
[0.590s] [ 88%] Built target ecl_test_fifo
[0.616s] [100%] Built target ecl_test_push_and_pop
[0.661s] Invoked command in '/home/embedded/ros2_ws/build/ecl_containers' returned '0': AMENT_PREFIX_PATH=/home/embedded/ros2_ws/install/ecl_formatters:/home/embedded/ros2_ws/install/ecl_utilities:/home/embedded/ros2_ws/install/ecl_converters:/home/embedded/ros2_ws/install/ecl_exceptions:/home/embedded/ros2_ws/install/ecl_concepts:/home/embedded/ros2_ws/install/ecl_type_traits:/home/embedded/ros2_ws/install/ecl_errors:/home/embedded/ros2_ws/install/ecl_mpl:/home/embedded/ros2_ws/install/ecl_config:${AMENT_PREFIX_PATH} CMAKE_PREFIX_PATH=/home/embedded/ros2_ws/install/ecl_formatters:/home/embedded/ros2_ws/install/ecl_utilities:/home/embedded/ros2_ws/install/ecl_converters:/home/embedded/ros2_ws/install/ecl_exceptions:/home/embedded/ros2_ws/install/ecl_concepts:/home/embedded/ros2_ws/install/ecl_type_traits:/home/embedded/ros2_ws/install/ecl_errors:/home/embedded/ros2_ws/install/ecl_mpl:/home/embedded/ros2_ws/install/ecl_config:/opt/ros/jazzy/opt/gz_sim_vendor:/opt/ros/jazzy/opt/gz_sensors_vendor:/opt/ros/jazzy/opt/gz_physics_vendor:/opt/ros/jazzy/opt/sdformat_vendor:/opt/ros/jazzy/opt/gz_gui_vendor:/opt/ros/jazzy/opt/gz_transport_vendor:/opt/ros/jazzy/opt/gz_rendering_vendor:/opt/ros/jazzy/opt/gz_plugin_vendor:/opt/ros/jazzy/opt/gz_fuel_tools_vendor:/opt/ros/jazzy/opt/gz_msgs_vendor:/opt/ros/jazzy/opt/gz_common_vendor:/opt/ros/jazzy/opt/gz_tools_vendor:/opt/ros/jazzy/opt/gz_ogre_next_vendor:/opt/ros/jazzy/opt/gz_dartsim_vendor:/opt/ros/jazzy/opt/gz_math_vendor:/opt/ros/jazzy/opt/gz_utils_vendor:/opt/ros/jazzy/opt/gz_cmake_vendor:/opt/ros/jazzy LD_LIBRARY_PATH=/home/embedded/ros2_ws/install/ecl_formatters/lib:/home/embedded/ros2_ws/install/ecl_exceptions/lib:/home/embedded/ros2_ws/install/ecl_type_traits/lib:/home/embedded/ros2_ws/install/ecl_errors/lib:${LD_LIBRARY_PATH} PATH=/home/embedded/ros2_ws/install/ecl_type_traits/bin:/home/embedded/ros2_ws/install/ecl_config/bin:${PATH} /usr/bin/cmake --build /home/embedded/ros2_ws/build/ecl_containers -- -j4 -l4
[0.663s] Invoking command in '/home/embedded/ros2_ws/build/ecl_containers': AMENT_PREFIX_PATH=/home/embedded/ros2_ws/install/ecl_formatters:/home/embedded/ros2_ws/install/ecl_utilities:/home/embedded/ros2_ws/install/ecl_converters:/home/embedded/ros2_ws/install/ecl_exceptions:/home/embedded/ros2_ws/install/ecl_concepts:/home/embedded/ros2_ws/install/ecl_type_traits:/home/embedded/ros2_ws/install/ecl_errors:/home/embedded/ros2_ws/install/ecl_mpl:/home/embedded/ros2_ws/install/ecl_config:${AMENT_PREFIX_PATH} CMAKE_PREFIX_PATH=/home/embedded/ros2_ws/install/ecl_formatters:/home/embedded/ros2_ws/install/ecl_utilities:/home/embedded/ros2_ws/install/ecl_converters:/home/embedded/ros2_ws/install/ecl_exceptions:/home/embedded/ros2_ws/install/ecl_concepts:/home/embedded/ros2_ws/install/ecl_type_traits:/home/embedded/ros2_ws/install/ecl_errors:/home/embedded/ros2_ws/install/ecl_mpl:/home/embedded/ros2_ws/install/ecl_config:/opt/ros/jazzy/opt/gz_sim_vendor:/opt/ros/jazzy/opt/gz_sensors_vendor:/opt/ros/jazzy/opt/gz_physics_vendor:/opt/ros/jazzy/opt/sdformat_vendor:/opt/ros/jazzy/opt/gz_gui_vendor:/opt/ros/jazzy/opt/gz_transport_vendor:/opt/ros/jazzy/opt/gz_rendering_vendor:/opt/ros/jazzy/opt/gz_plugin_vendor:/opt/ros/jazzy/opt/gz_fuel_tools_vendor:/opt/ros/jazzy/opt/gz_msgs_vendor:/opt/ros/jazzy/opt/gz_common_vendor:/opt/ros/jazzy/opt/gz_tools_vendor:/opt/ros/jazzy/opt/gz_ogre_next_vendor:/opt/ros/jazzy/opt/gz_dartsim_vendor:/opt/ros/jazzy/opt/gz_math_vendor:/opt/ros/jazzy/opt/gz_utils_vendor:/opt/ros/jazzy/opt/gz_cmake_vendor:/opt/ros/jazzy LD_LIBRARY_PATH=/home/embedded/ros2_ws/install/ecl_formatters/lib:/home/embedded/ros2_ws/install/ecl_exceptions/lib:/home/embedded/ros2_ws/install/ecl_type_traits/lib:/home/embedded/ros2_ws/install/ecl_errors/lib:${LD_LIBRARY_PATH} PATH=/home/embedded/ros2_ws/install/ecl_type_traits/bin:/home/embedded/ros2_ws/install/ecl_config/bin:${PATH} /usr/bin/cmake --install /home/embedded/ros2_ws/build/ecl_containers
[0.696s] -- Install configuration: ""
[0.701s] -- Execute custom install script
[0.701s] -- Up-to-date symlink: /home/embedded/ros2_ws/install/ecl_containers/include/ecl/containers/common/formatters.hpp
[0.701s] -- Up-to-date symlink: /home/embedded/ros2_ws/install/ecl_containers/include/ecl/containers/array/array_dynamic_mem_check.hpp
[0.701s] -- Up-to-date symlink: /home/embedded/ros2_ws/install/ecl_containers/include/ecl/containers/array/array_dynamic_no_mem_check.hpp
[0.701s] -- Up-to-date symlink: /home/embedded/ros2_ws/install/ecl_containers/include/ecl/containers/array/array_mem_check.hpp
[0.701s] -- Up-to-date symlink: /home/embedded/ros2_ws/install/ecl_containers/include/ecl/containers/array/array_no_mem_check.hpp
[0.702s] -- Up-to-date symlink: /home/embedded/ros2_ws/install/ecl_containers/include/ecl/containers/array/converters.hpp
[0.702s] -- Up-to-date symlink: /home/embedded/ros2_ws/install/ecl_containers/include/ecl/containers/array/formatters.hpp
[0.707s] -- Up-to-date symlink: /home/embedded/ros2_ws/install/ecl_containers/include/ecl/containers/push_and_pop/formatters.hpp
[0.708s] -- Up-to-date symlink: /home/embedded/ros2_ws/install/ecl_containers/include/ecl/containers/push_and_pop/push_and_pop_dynamic.hpp
[0.708s] -- Up-to-date symlink: /home/embedded/ros2_ws/install/ecl_containers/include/ecl/containers/push_and_pop/push_and_pop_fixed.hpp
[0.708s] -- Up-to-date symlink: /home/embedded/ros2_ws/install/ecl_containers/include/ecl/containers/stencil/converters.hpp
[0.708s] -- Up-to-date symlink: /home/embedded/ros2_ws/install/ecl_containers/include/ecl/containers/stencil/formatters.hpp
[0.708s] -- Up-to-date symlink: /home/embedded/ros2_ws/install/ecl_containers/include/ecl/containers/stencil/specialisations.hpp
[0.708s] -- Up-to-date symlink: /home/embedded/ros2_ws/install/ecl_containers/include/ecl/containers/stencil/stencil.hpp
[0.708s] -- Up-to-date symlink: /home/embedded/ros2_ws/install/ecl_containers/include/ecl/containers/array.hpp
[0.708s] -- Up-to-date symlink: /home/embedded/ros2_ws/install/ecl_containers/include/ecl/containers/converters.hpp
[0.709s] -- Up-to-date symlink: /home/embedded/ros2_ws/install/ecl_containers/include/ecl/containers/definitions.hpp
[0.709s] -- Up-to-date symlink: /home/embedded/ros2_ws/install/ecl_containers/include/ecl/containers/fifo.hpp
[0.709s] -- Up-to-date symlink: /home/embedded/ros2_ws/install/ecl_containers/include/ecl/containers/initialiser.hpp
[0.709s] -- Up-to-date symlink: /home/embedded/ros2_ws/install/ecl_containers/include/ecl/containers/push_and_pop.hpp
[0.713s] -- Up-to-date symlink: /home/embedded/ros2_ws/install/ecl_containers/include/ecl/containers/stencil.hpp
[0.713s] -- Up-to-date symlink: /home/embedded/ros2_ws/install/ecl_containers/include/ecl/containers.hpp
[0.714s] -- Up-to-date symlink: /home/embedded/ros2_ws/install/ecl_containers/lib/ecl_containers/demo_formatters
[0.714s] -- Up-to-date symlink: /home/embedded/ros2_ws/install/ecl_containers/share/ament_index/resource_index/package_run_dependencies/ecl_containers
[0.714s] -- Up-to-date symlink: /home/embedded/ros2_ws/install/ecl_containers/share/ament_index/resource_index/parent_prefix_path/ecl_containers
[0.714s] -- Up-to-date symlink: /home/embedded/ros2_ws/install/ecl_containers/share/ecl_containers/environment/ament_prefix_path.sh
[0.716s] -- Up-to-date symlink: /home/embedded/ros2_ws/install/ecl_containers/share/ecl_containers/environment/ament_prefix_path.dsv
[0.716s] -- Up-to-date symlink: /home/embedded/ros2_ws/install/ecl_containers/share/ecl_containers/environment/path.sh
[0.717s] -- Up-to-date symlink: /home/embedded/ros2_ws/install/ecl_containers/share/ecl_containers/environment/path.dsv
[0.717s] -- Up-to-date symlink: /home/embedded/ros2_ws/install/ecl_containers/share/ecl_containers/local_setup.bash
[0.717s] -- Up-to-date symlink: /home/embedded/ros2_ws/install/ecl_containers/share/ecl_containers/local_setup.sh
[0.717s] -- Up-to-date symlink: /home/embedded/ros2_ws/install/ecl_containers/share/ecl_containers/local_setup.zsh
[0.717s] -- Up-to-date symlink: /home/embedded/ros2_ws/install/ecl_containers/share/ecl_containers/local_setup.dsv
[0.717s] -- Symlinking: /home/embedded/ros2_ws/install/ecl_containers/share/ecl_containers/package.dsv
[0.752s] -- Up-to-date symlink: /home/embedded/ros2_ws/install/ecl_containers/share/ament_index/resource_index/packages/ecl_containers
[0.753s] -- Up-to-date symlink: /home/embedded/ros2_ws/install/ecl_containers/share/ecl_containers/cmake/ament_cmake_export_targets-extras.cmake
[0.753s] -- Up-to-date symlink: /home/embedded/ros2_ws/install/ecl_containers/share/ecl_containers/cmake/ament_cmake_export_include_directories-extras.cmake
[0.753s] -- Up-to-date symlink: /home/embedded/ros2_ws/install/ecl_containers/share/ecl_containers/cmake/ament_cmake_export_dependencies-extras.cmake
[0.753s] -- Up-to-date symlink: /home/embedded/ros2_ws/install/ecl_containers/share/ecl_containers/cmake/ecl_containersConfig.cmake
[0.755s] -- Up-to-date symlink: /home/embedded/ros2_ws/install/ecl_containers/share/ecl_containers/cmake/ecl_containersConfig-version.cmake
[0.756s] -- Up-to-date symlink: /home/embedded/ros2_ws/install/ecl_containers/share/ecl_containers/package.xml
[0.758s] -- Up-to-date: /home/embedded/ros2_ws/install/ecl_containers/share/ecl_containers/cmake/ecl_containersExport.cmake
[0.803s] Invoked command in '/home/embedded/ros2_ws/build/ecl_containers' returned '0': AMENT_PREFIX_PATH=/home/embedded/ros2_ws/install/ecl_formatters:/home/embedded/ros2_ws/install/ecl_utilities:/home/embedded/ros2_ws/install/ecl_converters:/home/embedded/ros2_ws/install/ecl_exceptions:/home/embedded/ros2_ws/install/ecl_concepts:/home/embedded/ros2_ws/install/ecl_type_traits:/home/embedded/ros2_ws/install/ecl_errors:/home/embedded/ros2_ws/install/ecl_mpl:/home/embedded/ros2_ws/install/ecl_config:${AMENT_PREFIX_PATH} CMAKE_PREFIX_PATH=/home/embedded/ros2_ws/install/ecl_formatters:/home/embedded/ros2_ws/install/ecl_utilities:/home/embedded/ros2_ws/install/ecl_converters:/home/embedded/ros2_ws/install/ecl_exceptions:/home/embedded/ros2_ws/install/ecl_concepts:/home/embedded/ros2_ws/install/ecl_type_traits:/home/embedded/ros2_ws/install/ecl_errors:/home/embedded/ros2_ws/install/ecl_mpl:/home/embedded/ros2_ws/install/ecl_config:/opt/ros/jazzy/opt/gz_sim_vendor:/opt/ros/jazzy/opt/gz_sensors_vendor:/opt/ros/jazzy/opt/gz_physics_vendor:/opt/ros/jazzy/opt/sdformat_vendor:/opt/ros/jazzy/opt/gz_gui_vendor:/opt/ros/jazzy/opt/gz_transport_vendor:/opt/ros/jazzy/opt/gz_rendering_vendor:/opt/ros/jazzy/opt/gz_plugin_vendor:/opt/ros/jazzy/opt/gz_fuel_tools_vendor:/opt/ros/jazzy/opt/gz_msgs_vendor:/opt/ros/jazzy/opt/gz_common_vendor:/opt/ros/jazzy/opt/gz_tools_vendor:/opt/ros/jazzy/opt/gz_ogre_next_vendor:/opt/ros/jazzy/opt/gz_dartsim_vendor:/opt/ros/jazzy/opt/gz_math_vendor:/opt/ros/jazzy/opt/gz_utils_vendor:/opt/ros/jazzy/opt/gz_cmake_vendor:/opt/ros/jazzy LD_LIBRARY_PATH=/home/embedded/ros2_ws/install/ecl_formatters/lib:/home/embedded/ros2_ws/install/ecl_exceptions/lib:/home/embedded/ros2_ws/install/ecl_type_traits/lib:/home/embedded/ros2_ws/install/ecl_errors/lib:${LD_LIBRARY_PATH} PATH=/home/embedded/ros2_ws/install/ecl_type_traits/bin:/home/embedded/ros2_ws/install/ecl_config/bin:${PATH} /usr/bin/cmake --install /home/embedded/ros2_ws/build/ecl_containers
