-- The C compiler identification is GNU 13.3.0
-- The CXX compiler identification is GNU 13.3.0
-- Detecting C compiler ABI info
-- Detecting C compiler ABI info - done
-- Check for working C compiler: /usr/bin/cc - skipped
-- Detecting C compile features
-- Detecting C compile features - done
-- Detecting CXX compiler ABI info
-- Detecting CXX compiler ABI info - done
-- Check for working CXX compiler: /usr/bin/c++ - skipped
-- Detecting CXX compile features
-- Detecting CXX compile features - done
-- Found ament_cmake: 2.5.4 (/opt/ros/jazzy/share/ament_cmake/cmake)
-- Found Python3: /usr/bin/python3 (found version "3.12.3") found components: Interpreter 
-- Override CMake install command with custom implementation using symlinks instead of copying resources
-- Configuring done (2.4s)
-- Generating done (0.0s)
-- Build files have been written to: /home/embedded/ros2_ws/build/kobuki_ros
-- Install configuration: ""
-- Execute custom install script
-- Symlinking: /home/embedded/ros2_ws/install/kobuki_ros/share/ament_index/resource_index/package_run_dependencies/kobuki_ros
-- Symlinking: /home/embedded/ros2_ws/install/kobuki_ros/share/ament_index/resource_index/parent_prefix_path/kobuki_ros
-- Symlinking: /home/embedded/ros2_ws/install/kobuki_ros/share/kobuki_ros/environment/ament_prefix_path.sh
-- Symlinking: /home/embedded/ros2_ws/install/kobuki_ros/share/kobuki_ros/environment/ament_prefix_path.dsv
-- Symlinking: /home/embedded/ros2_ws/install/kobuki_ros/share/kobuki_ros/environment/path.sh
-- Symlinking: /home/embedded/ros2_ws/install/kobuki_ros/share/kobuki_ros/environment/path.dsv
-- Symlinking: /home/embedded/ros2_ws/install/kobuki_ros/share/kobuki_ros/local_setup.bash
-- Symlinking: /home/embedded/ros2_ws/install/kobuki_ros/share/kobuki_ros/local_setup.sh
-- Symlinking: /home/embedded/ros2_ws/install/kobuki_ros/share/kobuki_ros/local_setup.zsh
-- Symlinking: /home/embedded/ros2_ws/install/kobuki_ros/share/kobuki_ros/local_setup.dsv
-- Symlinking: /home/embedded/ros2_ws/install/kobuki_ros/share/kobuki_ros/package.dsv
-- Symlinking: /home/embedded/ros2_ws/install/kobuki_ros/share/ament_index/resource_index/packages/kobuki_ros
-- Symlinking: /home/embedded/ros2_ws/install/kobuki_ros/share/kobuki_ros/cmake/kobuki_rosConfig.cmake
-- Symlinking: /home/embedded/ros2_ws/install/kobuki_ros/share/kobuki_ros/cmake/kobuki_rosConfig-version.cmake
-- Symlinking: /home/embedded/ros2_ws/install/kobuki_ros/share/kobuki_ros/package.xml
