[0.038s] Invoking command in '/home/embedded/ros2_ws/build/ecl_filesystem': AMENT_PREFIX_PATH=/home/embedded/ros2_ws/install/ecl_errors:/home/embedded/ros2_ws/install/ecl_config:${AMENT_PREFIX_PATH} CMAKE_PREFIX_PATH=/home/embedded/ros2_ws/install/ecl_errors:/home/embedded/ros2_ws/install/ecl_config:/opt/ros/jazzy/opt/gz_sim_vendor:/opt/ros/jazzy/opt/gz_sensors_vendor:/opt/ros/jazzy/opt/gz_physics_vendor:/opt/ros/jazzy/opt/sdformat_vendor:/opt/ros/jazzy/opt/gz_gui_vendor:/opt/ros/jazzy/opt/gz_transport_vendor:/opt/ros/jazzy/opt/gz_rendering_vendor:/opt/ros/jazzy/opt/gz_plugin_vendor:/opt/ros/jazzy/opt/gz_fuel_tools_vendor:/opt/ros/jazzy/opt/gz_msgs_vendor:/opt/ros/jazzy/opt/gz_common_vendor:/opt/ros/jazzy/opt/gz_tools_vendor:/opt/ros/jazzy/opt/gz_ogre_next_vendor:/opt/ros/jazzy/opt/gz_dartsim_vendor:/opt/ros/jazzy/opt/gz_math_vendor:/opt/ros/jazzy/opt/gz_utils_vendor:/opt/ros/jazzy/opt/gz_cmake_vendor:/opt/ros/jazzy LD_LIBRARY_PATH=/home/embedded/ros2_ws/install/ecl_errors/lib:${LD_LIBRARY_PATH} PATH=/home/embedded/ros2_ws/install/ecl_config/bin:${PATH} /usr/bin/cmake /home/embedded/ros2_ws/src/ThirdParty/ecl/ecl_core/ecl_filesystem -DAMENT_CMAKE_SYMLINK_INSTALL=1 -DCMAKE_INSTALL_PREFIX=/home/embedded/ros2_ws/install/ecl_filesystem
[0.224s] -- The C compiler identification is GNU 13.3.0
[0.446s] -- The CXX compiler identification is GNU 13.3.0
[0.516s] -- Detecting C compiler ABI info
[0.957s] -- Detecting C compiler ABI info - done
[1.003s] -- Check for working C compiler: /usr/bin/cc - skipped
[1.004s] -- Detecting C compile features
[1.004s] -- Detecting C compile features - done
[1.045s] -- Detecting CXX compiler ABI info
[1.424s] -- Detecting CXX compiler ABI info - done
[1.472s] -- Check for working CXX compiler: /usr/bin/c++ - skipped
[1.473s] -- Detecting CXX compile features
[1.473s] -- Detecting CXX compile features - done
[1.490s] -- Found ament_cmake_ros: 0.12.0 (/opt/ros/jazzy/share/ament_cmake_ros/cmake)
[2.197s] -- Found Python3: /usr/bin/python3 (found version "3.12.3") found components: Interpreter 
[2.491s] -- Override CMake install command with custom implementation using symlinks instead of copying resources
[2.653s] -- Found ecl_build: 1.0.3 (/opt/ros/jazzy/share/ecl_build/cmake)
[2.660s] [0mCMake Deprecation Warning at /opt/ros/jazzy/share/ecl_build/cmake/cotire.cmake:45 (cmake_minimum_required):
[2.660s]   Compatibility with CMake < 3.5 will be removed from a future version of
[2.660s]   CMake.
[2.660s] 
[2.660s]   Update the VERSION argument <min> value or use a ...<max> suffix to tell
[2.660s]   CMake that the project does not need compatibility with older versions.
[2.661s] Call Stack (most recent call first):
[2.661s]   /opt/ros/jazzy/share/ecl_build/cmake/ecl_buildConfig.cmake:41 (include)
[2.661s]   CMakeLists.txt:17 (find_package)
[2.661s] 
[2.661s] [0m
[2.670s] -- Found ecl_config: 1.2.0 (/home/embedded/ros2_ws/install/ecl_config/share/ecl_config/cmake)
[2.673s] -- Found ecl_errors: 1.2.0 (/home/embedded/ros2_ws/install/ecl_errors/share/ecl_errors/cmake)
[3.093s] -- Looking for _POSIX_VERSION
[3.574s] -- Looking for _POSIX_VERSION - found
[3.589s] -- Looking for realpath in rt
[3.926s] -- Looking for realpath in rt - found
[3.926s] -- Looking for clock_nanosleep in rt
[4.331s] -- Looking for clock_nanosleep in rt - found
[4.333s] -- Looking for clock_gettime in rt
[4.743s] -- Looking for clock_gettime in rt - found
[4.744s] -- Looking for pthread_mutex_timedlock in pthread
[5.170s] -- Looking for pthread_mutex_timedlock in pthread - found
[5.170s] -- Looking for nanosleep in pthread
[5.607s] -- Looking for nanosleep in pthread - found
[5.610s] -- Looking for shm_open in rt
[6.002s] -- Looking for shm_open in rt - found
[6.002s] -- Looking for sched_setscheduler in pthread
[6.371s] -- Looking for sched_setscheduler in pthread - found
[6.371s] -- Looking for sem_timedwait in pthread
[6.829s] -- Looking for sem_timedwait in pthread - found
[6.830s] -- Looking for sem_init in pthread
[7.367s] -- Looking for sem_init in pthread - found
[7.368s] -- Looking for CLOCK_MONOTONIC
[7.845s] -- Looking for CLOCK_MONOTONIC - found
[7.845s] -- Looking for CLOCK_PROCESS_CPUTIME_ID
[8.395s] -- Looking for CLOCK_PROCESS_CPUTIME_ID - found
[8.450s] -- Found ament_lint_auto: 0.17.2 (/opt/ros/jazzy/share/ament_lint_auto/cmake)
[8.706s] -- Found gtest sources under '/opt/ros/jazzy/src/gtest_vendor': C++ tests using 'Google Test' will be built
[8.720s] -- Performing Test CMAKE_HAVE_LIBC_PTHREAD
[9.125s] -- Performing Test CMAKE_HAVE_LIBC_PTHREAD - Success
[9.135s] -- Found Threads: TRUE  
[9.225s] -- Configuring done (9.2s)
[9.291s] -- Generating done (0.1s)
[9.313s] -- Build files have been written to: /home/embedded/ros2_ws/build/ecl_filesystem
[9.346s] Invoked command in '/home/embedded/ros2_ws/build/ecl_filesystem' returned '0': AMENT_PREFIX_PATH=/home/embedded/ros2_ws/install/ecl_errors:/home/embedded/ros2_ws/install/ecl_config:${AMENT_PREFIX_PATH} CMAKE_PREFIX_PATH=/home/embedded/ros2_ws/install/ecl_errors:/home/embedded/ros2_ws/install/ecl_config:/opt/ros/jazzy/opt/gz_sim_vendor:/opt/ros/jazzy/opt/gz_sensors_vendor:/opt/ros/jazzy/opt/gz_physics_vendor:/opt/ros/jazzy/opt/sdformat_vendor:/opt/ros/jazzy/opt/gz_gui_vendor:/opt/ros/jazzy/opt/gz_transport_vendor:/opt/ros/jazzy/opt/gz_rendering_vendor:/opt/ros/jazzy/opt/gz_plugin_vendor:/opt/ros/jazzy/opt/gz_fuel_tools_vendor:/opt/ros/jazzy/opt/gz_msgs_vendor:/opt/ros/jazzy/opt/gz_common_vendor:/opt/ros/jazzy/opt/gz_tools_vendor:/opt/ros/jazzy/opt/gz_ogre_next_vendor:/opt/ros/jazzy/opt/gz_dartsim_vendor:/opt/ros/jazzy/opt/gz_math_vendor:/opt/ros/jazzy/opt/gz_utils_vendor:/opt/ros/jazzy/opt/gz_cmake_vendor:/opt/ros/jazzy LD_LIBRARY_PATH=/home/embedded/ros2_ws/install/ecl_errors/lib:${LD_LIBRARY_PATH} PATH=/home/embedded/ros2_ws/install/ecl_config/bin:${PATH} /usr/bin/cmake /home/embedded/ros2_ws/src/ThirdParty/ecl/ecl_core/ecl_filesystem -DAMENT_CMAKE_SYMLINK_INSTALL=1 -DCMAKE_INSTALL_PREFIX=/home/embedded/ros2_ws/install/ecl_filesystem
[9.347s] Invoking command in '/home/embedded/ros2_ws/build/ecl_filesystem': AMENT_PREFIX_PATH=/home/embedded/ros2_ws/install/ecl_errors:/home/embedded/ros2_ws/install/ecl_config:${AMENT_PREFIX_PATH} CMAKE_PREFIX_PATH=/home/embedded/ros2_ws/install/ecl_errors:/home/embedded/ros2_ws/install/ecl_config:/opt/ros/jazzy/opt/gz_sim_vendor:/opt/ros/jazzy/opt/gz_sensors_vendor:/opt/ros/jazzy/opt/gz_physics_vendor:/opt/ros/jazzy/opt/sdformat_vendor:/opt/ros/jazzy/opt/gz_gui_vendor:/opt/ros/jazzy/opt/gz_transport_vendor:/opt/ros/jazzy/opt/gz_rendering_vendor:/opt/ros/jazzy/opt/gz_plugin_vendor:/opt/ros/jazzy/opt/gz_fuel_tools_vendor:/opt/ros/jazzy/opt/gz_msgs_vendor:/opt/ros/jazzy/opt/gz_common_vendor:/opt/ros/jazzy/opt/gz_tools_vendor:/opt/ros/jazzy/opt/gz_ogre_next_vendor:/opt/ros/jazzy/opt/gz_dartsim_vendor:/opt/ros/jazzy/opt/gz_math_vendor:/opt/ros/jazzy/opt/gz_utils_vendor:/opt/ros/jazzy/opt/gz_cmake_vendor:/opt/ros/jazzy LD_LIBRARY_PATH=/home/embedded/ros2_ws/install/ecl_errors/lib:${LD_LIBRARY_PATH} PATH=/home/embedded/ros2_ws/install/ecl_config/bin:${PATH} /usr/bin/cmake --build /home/embedded/ros2_ws/build/ecl_filesystem -- -j4 -l4
[9.622s] [ 12%] [32mBuilding CXX object gtest/CMakeFiles/gtest_main.dir/src/gtest_main.cc.o[0m
[9.623s] [ 25%] [32mBuilding CXX object gtest/CMakeFiles/gtest.dir/src/gtest-all.cc.o[0m
[9.625s] [ 37%] [32mBuilding CXX object src/lib/CMakeFiles/ecl_filesystem.dir/realpath.cpp.o[0m
[11.849s] [ 50%] [32m[1mLinking CXX shared library libecl_filesystem.so[0m
[12.255s] [ 50%] Built target ecl_filesystem
[15.579s] [ 62%] [32m[1mLinking CXX static library libgtest_main.a[0m
[15.810s] [ 62%] Built target gtest_main
[31.879s] [ 75%] [32m[1mLinking CXX static library libgtest.a[0m
[32.302s] [ 75%] Built target gtest
[32.427s] [ 87%] [32mBuilding CXX object src/test/CMakeFiles/ecl_test_realpath.dir/realpath.cpp.o[0m
[34.399s] [100%] [32m[1mLinking CXX executable ecl_test_realpath[0m
[35.075s] [100%] Built target ecl_test_realpath
[35.138s] Invoked command in '/home/embedded/ros2_ws/build/ecl_filesystem' returned '0': AMENT_PREFIX_PATH=/home/embedded/ros2_ws/install/ecl_errors:/home/embedded/ros2_ws/install/ecl_config:${AMENT_PREFIX_PATH} CMAKE_PREFIX_PATH=/home/embedded/ros2_ws/install/ecl_errors:/home/embedded/ros2_ws/install/ecl_config:/opt/ros/jazzy/opt/gz_sim_vendor:/opt/ros/jazzy/opt/gz_sensors_vendor:/opt/ros/jazzy/opt/gz_physics_vendor:/opt/ros/jazzy/opt/sdformat_vendor:/opt/ros/jazzy/opt/gz_gui_vendor:/opt/ros/jazzy/opt/gz_transport_vendor:/opt/ros/jazzy/opt/gz_rendering_vendor:/opt/ros/jazzy/opt/gz_plugin_vendor:/opt/ros/jazzy/opt/gz_fuel_tools_vendor:/opt/ros/jazzy/opt/gz_msgs_vendor:/opt/ros/jazzy/opt/gz_common_vendor:/opt/ros/jazzy/opt/gz_tools_vendor:/opt/ros/jazzy/opt/gz_ogre_next_vendor:/opt/ros/jazzy/opt/gz_dartsim_vendor:/opt/ros/jazzy/opt/gz_math_vendor:/opt/ros/jazzy/opt/gz_utils_vendor:/opt/ros/jazzy/opt/gz_cmake_vendor:/opt/ros/jazzy LD_LIBRARY_PATH=/home/embedded/ros2_ws/install/ecl_errors/lib:${LD_LIBRARY_PATH} PATH=/home/embedded/ros2_ws/install/ecl_config/bin:${PATH} /usr/bin/cmake --build /home/embedded/ros2_ws/build/ecl_filesystem -- -j4 -l4
[35.139s] Invoking command in '/home/embedded/ros2_ws/build/ecl_filesystem': AMENT_PREFIX_PATH=/home/embedded/ros2_ws/install/ecl_errors:/home/embedded/ros2_ws/install/ecl_config:${AMENT_PREFIX_PATH} CMAKE_PREFIX_PATH=/home/embedded/ros2_ws/install/ecl_errors:/home/embedded/ros2_ws/install/ecl_config:/opt/ros/jazzy/opt/gz_sim_vendor:/opt/ros/jazzy/opt/gz_sensors_vendor:/opt/ros/jazzy/opt/gz_physics_vendor:/opt/ros/jazzy/opt/sdformat_vendor:/opt/ros/jazzy/opt/gz_gui_vendor:/opt/ros/jazzy/opt/gz_transport_vendor:/opt/ros/jazzy/opt/gz_rendering_vendor:/opt/ros/jazzy/opt/gz_plugin_vendor:/opt/ros/jazzy/opt/gz_fuel_tools_vendor:/opt/ros/jazzy/opt/gz_msgs_vendor:/opt/ros/jazzy/opt/gz_common_vendor:/opt/ros/jazzy/opt/gz_tools_vendor:/opt/ros/jazzy/opt/gz_ogre_next_vendor:/opt/ros/jazzy/opt/gz_dartsim_vendor:/opt/ros/jazzy/opt/gz_math_vendor:/opt/ros/jazzy/opt/gz_utils_vendor:/opt/ros/jazzy/opt/gz_cmake_vendor:/opt/ros/jazzy LD_LIBRARY_PATH=/home/embedded/ros2_ws/install/ecl_errors/lib:${LD_LIBRARY_PATH} PATH=/home/embedded/ros2_ws/install/ecl_config/bin:${PATH} /usr/bin/cmake --install /home/embedded/ros2_ws/build/ecl_filesystem
[35.184s] -- Install configuration: ""
[35.188s] -- Execute custom install script
[35.189s] -- Symlinking: /home/embedded/ros2_ws/install/ecl_filesystem/include/ecl/filesystem/errors.hpp
[35.237s] -- Symlinking: /home/embedded/ros2_ws/install/ecl_filesystem/include/ecl/filesystem/macros.hpp
[35.288s] -- Symlinking: /home/embedded/ros2_ws/install/ecl_filesystem/include/ecl/filesystem/realpath.hpp
[35.343s] -- Symlinking: /home/embedded/ros2_ws/install/ecl_filesystem/include/ecl/filesystem/config.hpp
[35.387s] -- Symlinking: /home/embedded/ros2_ws/install/ecl_filesystem/include/ecl/filesystem.hpp
[35.444s] -- Symlinking: /home/embedded/ros2_ws/install/ecl_filesystem/share/ecl_filesystem/environment/library_path.sh
[35.491s] -- Symlinking: /home/embedded/ros2_ws/install/ecl_filesystem/share/ecl_filesystem/environment/library_path.dsv
[35.539s] -- Symlinking: /home/embedded/ros2_ws/install/ecl_filesystem/share/ament_index/resource_index/package_run_dependencies/ecl_filesystem
[35.592s] -- Symlinking: /home/embedded/ros2_ws/install/ecl_filesystem/share/ament_index/resource_index/parent_prefix_path/ecl_filesystem
[35.638s] -- Symlinking: /home/embedded/ros2_ws/install/ecl_filesystem/share/ecl_filesystem/environment/ament_prefix_path.sh
[35.677s] -- Symlinking: /home/embedded/ros2_ws/install/ecl_filesystem/share/ecl_filesystem/environment/ament_prefix_path.dsv
[35.702s] -- Symlinking: /home/embedded/ros2_ws/install/ecl_filesystem/share/ecl_filesystem/environment/path.sh
[35.730s] -- Symlinking: /home/embedded/ros2_ws/install/ecl_filesystem/share/ecl_filesystem/environment/path.dsv
[35.754s] -- Symlinking: /home/embedded/ros2_ws/install/ecl_filesystem/share/ecl_filesystem/local_setup.bash
[35.777s] -- Symlinking: /home/embedded/ros2_ws/install/ecl_filesystem/share/ecl_filesystem/local_setup.sh
[35.802s] -- Symlinking: /home/embedded/ros2_ws/install/ecl_filesystem/share/ecl_filesystem/local_setup.zsh
[35.828s] -- Symlinking: /home/embedded/ros2_ws/install/ecl_filesystem/share/ecl_filesystem/local_setup.dsv
[35.862s] -- Symlinking: /home/embedded/ros2_ws/install/ecl_filesystem/share/ecl_filesystem/package.dsv
[35.921s] -- Symlinking: /home/embedded/ros2_ws/install/ecl_filesystem/share/ament_index/resource_index/packages/ecl_filesystem
[35.962s] -- Symlinking: /home/embedded/ros2_ws/install/ecl_filesystem/share/ecl_filesystem/cmake/ament_cmake_export_targets-extras.cmake
[35.994s] -- Symlinking: /home/embedded/ros2_ws/install/ecl_filesystem/share/ecl_filesystem/cmake/ament_cmake_export_include_directories-extras.cmake
[36.053s] -- Symlinking: /home/embedded/ros2_ws/install/ecl_filesystem/share/ecl_filesystem/cmake/ament_cmake_export_libraries-extras.cmake
[36.089s] -- Symlinking: /home/embedded/ros2_ws/install/ecl_filesystem/share/ecl_filesystem/cmake/ament_cmake_export_dependencies-extras.cmake
[36.140s] -- Symlinking: /home/embedded/ros2_ws/install/ecl_filesystem/share/ecl_filesystem/cmake/ecl_filesystemConfig.cmake
[36.191s] -- Symlinking: /home/embedded/ros2_ws/install/ecl_filesystem/share/ecl_filesystem/cmake/ecl_filesystemConfig-version.cmake
[36.239s] -- Symlinking: /home/embedded/ros2_ws/install/ecl_filesystem/share/ecl_filesystem/package.xml
[36.289s] -- Installing: /home/embedded/ros2_ws/install/ecl_filesystem/share/ecl_filesystem/cmake/ecl_filesystemExport.cmake
[36.289s] -- Installing: /home/embedded/ros2_ws/install/ecl_filesystem/share/ecl_filesystem/cmake/ecl_filesystemExport-noconfig.cmake
[36.289s] -- Installing: /home/embedded/ros2_ws/install/ecl_filesystem/lib/libecl_filesystem.so.1.2.1
[36.293s] -- Set non-toolchain portion of runtime path of "/home/embedded/ros2_ws/install/ecl_filesystem/lib/libecl_filesystem.so.1.2.1" to ""
[36.294s] -- Installing: /home/embedded/ros2_ws/install/ecl_filesystem/lib/libecl_filesystem.so
[36.309s] Invoked command in '/home/embedded/ros2_ws/build/ecl_filesystem' returned '0': AMENT_PREFIX_PATH=/home/embedded/ros2_ws/install/ecl_errors:/home/embedded/ros2_ws/install/ecl_config:${AMENT_PREFIX_PATH} CMAKE_PREFIX_PATH=/home/embedded/ros2_ws/install/ecl_errors:/home/embedded/ros2_ws/install/ecl_config:/opt/ros/jazzy/opt/gz_sim_vendor:/opt/ros/jazzy/opt/gz_sensors_vendor:/opt/ros/jazzy/opt/gz_physics_vendor:/opt/ros/jazzy/opt/sdformat_vendor:/opt/ros/jazzy/opt/gz_gui_vendor:/opt/ros/jazzy/opt/gz_transport_vendor:/opt/ros/jazzy/opt/gz_rendering_vendor:/opt/ros/jazzy/opt/gz_plugin_vendor:/opt/ros/jazzy/opt/gz_fuel_tools_vendor:/opt/ros/jazzy/opt/gz_msgs_vendor:/opt/ros/jazzy/opt/gz_common_vendor:/opt/ros/jazzy/opt/gz_tools_vendor:/opt/ros/jazzy/opt/gz_ogre_next_vendor:/opt/ros/jazzy/opt/gz_dartsim_vendor:/opt/ros/jazzy/opt/gz_math_vendor:/opt/ros/jazzy/opt/gz_utils_vendor:/opt/ros/jazzy/opt/gz_cmake_vendor:/opt/ros/jazzy LD_LIBRARY_PATH=/home/embedded/ros2_ws/install/ecl_errors/lib:${LD_LIBRARY_PATH} PATH=/home/embedded/ros2_ws/install/ecl_config/bin:${PATH} /usr/bin/cmake --install /home/embedded/ros2_ws/build/ecl_filesystem
