[0.117s] Invoking command in '/home/embedded/ros2_ws/build/astra_camera_msgs': CMAKE_PREFIX_PATH=${CMAKE_PREFIX_PATH}:/opt/ros/jazzy /usr/bin/cmake --build /home/embedded/ros2_ws/build/astra_camera_msgs -- -j4 -l4
[0.526s] [  1%] Built target astra_camera_msgs__rosidl_generator_type_description
[0.635s] [  1%] Built target ament_cmake_python_symlink_astra_camera_msgs
[0.691s] [  1%] Built target astra_camera_msgs__cpp
[0.777s] [ 27%] Built target astra_camera_msgs__rosidl_generator_c
[0.889s] [ 37%] Built target astra_camera_msgs__rosidl_typesupport_cpp
[1.113s] [ 47%] Built target astra_camera_msgs__rosidl_typesupport_introspection_c
[1.150s] [ 57%] Built target astra_camera_msgs__rosidl_typesupport_c
[1.448s] running egg_info
[1.509s] writing astra_camera_msgs.egg-info/PKG-INFO
[1.511s] writing dependency_links to astra_camera_msgs.egg-info/dependency_links.txt
[1.513s] writing top-level names to astra_camera_msgs.egg-info/top_level.txt
[1.703s] reading manifest file 'astra_camera_msgs.egg-info/SOURCES.txt'
[1.714s] writing manifest file 'astra_camera_msgs.egg-info/SOURCES.txt'
[1.894s] [ 57%] Built target ament_cmake_python_build_astra_camera_msgs_egg
[2.014s] [ 66%] Built target astra_camera_msgs__rosidl_typesupport_introspection_cpp
[2.167s] [ 76%] Built target astra_camera_msgs__rosidl_typesupport_fastrtps_cpp
[2.294s] [ 85%] Built target astra_camera_msgs__rosidl_typesupport_fastrtps_c
[2.377s] [ 85%] Built target astra_camera_msgs
[2.519s] [ 86%] Built target astra_camera_msgs__py
[2.630s] [ 94%] Built target astra_camera_msgs__rosidl_generator_py
[2.852s] [ 96%] Built target astra_camera_msgs_s__rosidl_typesupport_fastrtps_c
[2.972s] [ 98%] Built target astra_camera_msgs_s__rosidl_typesupport_c
[3.082s] [100%] Built target astra_camera_msgs_s__rosidl_typesupport_introspection_c
[3.161s] Invoked command in '/home/embedded/ros2_ws/build/astra_camera_msgs' returned '0': CMAKE_PREFIX_PATH=${CMAKE_PREFIX_PATH}:/opt/ros/jazzy /usr/bin/cmake --build /home/embedded/ros2_ws/build/astra_camera_msgs -- -j4 -l4
[3.165s] Invoking command in '/home/embedded/ros2_ws/build/astra_camera_msgs': CMAKE_PREFIX_PATH=${CMAKE_PREFIX_PATH}:/opt/ros/jazzy /usr/bin/cmake --install /home/embedded/ros2_ws/build/astra_camera_msgs
[3.209s] -- Install configuration: ""
[3.215s] -- Execute custom install script
[3.222s] -- Up-to-date symlink: /home/embedded/ros2_ws/install/astra_camera_msgs/share/ament_index/resource_index/rosidl_interfaces/astra_camera_msgs
[3.225s] -- Up-to-date symlink: /home/embedded/ros2_ws/install/astra_camera_msgs/share/astra_camera_msgs/msg/DeviceInfo.json
[3.227s] -- Up-to-date symlink: /home/embedded/ros2_ws/install/astra_camera_msgs/share/astra_camera_msgs/msg/Extrinsics.json
[3.229s] -- Up-to-date symlink: /home/embedded/ros2_ws/install/astra_camera_msgs/share/astra_camera_msgs/msg/Metadata.json
[3.229s] -- Up-to-date symlink: /home/embedded/ros2_ws/install/astra_camera_msgs/share/astra_camera_msgs/srv/GetDeviceInfo.json
[3.229s] -- Up-to-date symlink: /home/embedded/ros2_ws/install/astra_camera_msgs/share/astra_camera_msgs/srv/GetCameraInfo.json
[3.229s] -- Up-to-date symlink: /home/embedded/ros2_ws/install/astra_camera_msgs/share/astra_camera_msgs/srv/GetCameraParams.json
[3.235s] -- Up-to-date symlink: /home/embedded/ros2_ws/install/astra_camera_msgs/share/astra_camera_msgs/srv/GetInt32.json
[3.235s] -- Up-to-date symlink: /home/embedded/ros2_ws/install/astra_camera_msgs/share/astra_camera_msgs/srv/GetString.json
[3.236s] -- Up-to-date symlink: /home/embedded/ros2_ws/install/astra_camera_msgs/share/astra_camera_msgs/srv/SetInt32.json
[3.236s] -- Up-to-date symlink: /home/embedded/ros2_ws/install/astra_camera_msgs/include/astra_camera_msgs/astra_camera_msgs/msg/detail/device_info__functions.h
[3.236s] -- Up-to-date symlink: /home/embedded/ros2_ws/install/astra_camera_msgs/include/astra_camera_msgs/astra_camera_msgs/msg/detail/device_info__struct.h
[3.236s] -- Up-to-date symlink: /home/embedded/ros2_ws/install/astra_camera_msgs/include/astra_camera_msgs/astra_camera_msgs/msg/detail/device_info__type_support.h
[3.236s] -- Up-to-date symlink: /home/embedded/ros2_ws/install/astra_camera_msgs/include/astra_camera_msgs/astra_camera_msgs/msg/detail/extrinsics__functions.h
[3.236s] -- Up-to-date symlink: /home/embedded/ros2_ws/install/astra_camera_msgs/include/astra_camera_msgs/astra_camera_msgs/msg/detail/extrinsics__struct.h
[3.237s] -- Up-to-date symlink: /home/embedded/ros2_ws/install/astra_camera_msgs/include/astra_camera_msgs/astra_camera_msgs/msg/detail/extrinsics__type_support.h
[3.239s] -- Up-to-date symlink: /home/embedded/ros2_ws/install/astra_camera_msgs/include/astra_camera_msgs/astra_camera_msgs/msg/detail/metadata__functions.h
[3.241s] -- Up-to-date symlink: /home/embedded/ros2_ws/install/astra_camera_msgs/include/astra_camera_msgs/astra_camera_msgs/msg/detail/metadata__struct.h
[3.245s] -- Up-to-date symlink: /home/embedded/ros2_ws/install/astra_camera_msgs/include/astra_camera_msgs/astra_camera_msgs/msg/detail/metadata__type_support.h
[3.247s] -- Up-to-date symlink: /home/embedded/ros2_ws/install/astra_camera_msgs/include/astra_camera_msgs/astra_camera_msgs/msg/device_info.h
[3.248s] -- Up-to-date symlink: /home/embedded/ros2_ws/install/astra_camera_msgs/include/astra_camera_msgs/astra_camera_msgs/msg/extrinsics.h
[3.248s] -- Up-to-date symlink: /home/embedded/ros2_ws/install/astra_camera_msgs/include/astra_camera_msgs/astra_camera_msgs/msg/metadata.h
[3.248s] -- Up-to-date symlink: /home/embedded/ros2_ws/install/astra_camera_msgs/include/astra_camera_msgs/astra_camera_msgs/msg/rosidl_generator_c__visibility_control.h
[3.249s] -- Up-to-date symlink: /home/embedded/ros2_ws/install/astra_camera_msgs/include/astra_camera_msgs/astra_camera_msgs/srv/detail/get_camera_info__functions.h
[3.258s] -- Up-to-date symlink: /home/embedded/ros2_ws/install/astra_camera_msgs/include/astra_camera_msgs/astra_camera_msgs/srv/detail/get_camera_info__struct.h
[3.258s] -- Up-to-date symlink: /home/embedded/ros2_ws/install/astra_camera_msgs/include/astra_camera_msgs/astra_camera_msgs/srv/detail/get_camera_info__type_support.h
[3.258s] -- Up-to-date symlink: /home/embedded/ros2_ws/install/astra_camera_msgs/include/astra_camera_msgs/astra_camera_msgs/srv/detail/get_camera_params__functions.h
[3.258s] -- Up-to-date symlink: /home/embedded/ros2_ws/install/astra_camera_msgs/include/astra_camera_msgs/astra_camera_msgs/srv/detail/get_camera_params__struct.h
[3.258s] -- Up-to-date symlink: /home/embedded/ros2_ws/install/astra_camera_msgs/include/astra_camera_msgs/astra_camera_msgs/srv/detail/get_camera_params__type_support.h
[3.258s] -- Up-to-date symlink: /home/embedded/ros2_ws/install/astra_camera_msgs/include/astra_camera_msgs/astra_camera_msgs/srv/detail/get_device_info__functions.h
[3.258s] -- Up-to-date symlink: /home/embedded/ros2_ws/install/astra_camera_msgs/include/astra_camera_msgs/astra_camera_msgs/srv/detail/get_device_info__struct.h
[3.258s] -- Up-to-date symlink: /home/embedded/ros2_ws/install/astra_camera_msgs/include/astra_camera_msgs/astra_camera_msgs/srv/detail/get_device_info__type_support.h
[3.259s] -- Up-to-date symlink: /home/embedded/ros2_ws/install/astra_camera_msgs/include/astra_camera_msgs/astra_camera_msgs/srv/detail/get_int32__functions.h
[3.259s] -- Up-to-date symlink: /home/embedded/ros2_ws/install/astra_camera_msgs/include/astra_camera_msgs/astra_camera_msgs/srv/detail/get_int32__struct.h
[3.259s] -- Up-to-date symlink: /home/embedded/ros2_ws/install/astra_camera_msgs/include/astra_camera_msgs/astra_camera_msgs/srv/detail/get_int32__type_support.h
[3.259s] -- Up-to-date symlink: /home/embedded/ros2_ws/install/astra_camera_msgs/include/astra_camera_msgs/astra_camera_msgs/srv/detail/get_string__functions.h
[3.259s] -- Up-to-date symlink: /home/embedded/ros2_ws/install/astra_camera_msgs/include/astra_camera_msgs/astra_camera_msgs/srv/detail/get_string__struct.h
[3.263s] -- Up-to-date symlink: /home/embedded/ros2_ws/install/astra_camera_msgs/include/astra_camera_msgs/astra_camera_msgs/srv/detail/get_string__type_support.h
[3.264s] -- Up-to-date symlink: /home/embedded/ros2_ws/install/astra_camera_msgs/include/astra_camera_msgs/astra_camera_msgs/srv/detail/set_int32__functions.h
[3.264s] -- Up-to-date symlink: /home/embedded/ros2_ws/install/astra_camera_msgs/include/astra_camera_msgs/astra_camera_msgs/srv/detail/set_int32__struct.h
[3.264s] -- Up-to-date symlink: /home/embedded/ros2_ws/install/astra_camera_msgs/include/astra_camera_msgs/astra_camera_msgs/srv/detail/set_int32__type_support.h
[3.264s] -- Up-to-date symlink: /home/embedded/ros2_ws/install/astra_camera_msgs/include/astra_camera_msgs/astra_camera_msgs/srv/get_camera_info.h
[3.264s] -- Up-to-date symlink: /home/embedded/ros2_ws/install/astra_camera_msgs/include/astra_camera_msgs/astra_camera_msgs/srv/get_camera_params.h
[3.264s] -- Up-to-date symlink: /home/embedded/ros2_ws/install/astra_camera_msgs/include/astra_camera_msgs/astra_camera_msgs/srv/get_device_info.h
[3.264s] -- Up-to-date symlink: /home/embedded/ros2_ws/install/astra_camera_msgs/include/astra_camera_msgs/astra_camera_msgs/srv/get_int32.h
[3.265s] -- Up-to-date symlink: /home/embedded/ros2_ws/install/astra_camera_msgs/include/astra_camera_msgs/astra_camera_msgs/srv/get_string.h
[3.265s] -- Up-to-date symlink: /home/embedded/ros2_ws/install/astra_camera_msgs/include/astra_camera_msgs/astra_camera_msgs/srv/set_int32.h
[3.266s] -- Up-to-date symlink: /home/embedded/ros2_ws/install/astra_camera_msgs/share/astra_camera_msgs/environment/library_path.sh
[3.267s] -- Up-to-date symlink: /home/embedded/ros2_ws/install/astra_camera_msgs/share/astra_camera_msgs/environment/library_path.dsv
[3.267s] -- Up-to-date symlink: /home/embedded/ros2_ws/install/astra_camera_msgs/include/astra_camera_msgs/astra_camera_msgs/msg/detail/device_info__rosidl_typesupport_fastrtps_c.h
[3.268s] -- Up-to-date symlink: /home/embedded/ros2_ws/install/astra_camera_msgs/include/astra_camera_msgs/astra_camera_msgs/msg/detail/extrinsics__rosidl_typesupport_fastrtps_c.h
[3.269s] -- Up-to-date symlink: /home/embedded/ros2_ws/install/astra_camera_msgs/include/astra_camera_msgs/astra_camera_msgs/msg/detail/metadata__rosidl_typesupport_fastrtps_c.h
[3.269s] -- Up-to-date symlink: /home/embedded/ros2_ws/install/astra_camera_msgs/include/astra_camera_msgs/astra_camera_msgs/msg/rosidl_typesupport_fastrtps_c__visibility_control.h
[3.270s] -- Up-to-date symlink: /home/embedded/ros2_ws/install/astra_camera_msgs/include/astra_camera_msgs/astra_camera_msgs/srv/detail/get_camera_info__rosidl_typesupport_fastrtps_c.h
[3.271s] -- Up-to-date symlink: /home/embedded/ros2_ws/install/astra_camera_msgs/include/astra_camera_msgs/astra_camera_msgs/srv/detail/get_camera_params__rosidl_typesupport_fastrtps_c.h
[3.272s] -- Up-to-date symlink: /home/embedded/ros2_ws/install/astra_camera_msgs/include/astra_camera_msgs/astra_camera_msgs/srv/detail/get_device_info__rosidl_typesupport_fastrtps_c.h
[3.272s] -- Up-to-date symlink: /home/embedded/ros2_ws/install/astra_camera_msgs/include/astra_camera_msgs/astra_camera_msgs/srv/detail/get_int32__rosidl_typesupport_fastrtps_c.h
[3.272s] -- Up-to-date symlink: /home/embedded/ros2_ws/install/astra_camera_msgs/include/astra_camera_msgs/astra_camera_msgs/srv/detail/get_string__rosidl_typesupport_fastrtps_c.h
[3.274s] -- Up-to-date symlink: /home/embedded/ros2_ws/install/astra_camera_msgs/include/astra_camera_msgs/astra_camera_msgs/srv/detail/set_int32__rosidl_typesupport_fastrtps_c.h
[3.275s] -- Up-to-date symlink: /home/embedded/ros2_ws/install/astra_camera_msgs/include/astra_camera_msgs/astra_camera_msgs/msg/detail/device_info__rosidl_typesupport_introspection_c.h
[3.275s] -- Up-to-date symlink: /home/embedded/ros2_ws/install/astra_camera_msgs/include/astra_camera_msgs/astra_camera_msgs/msg/detail/extrinsics__rosidl_typesupport_introspection_c.h
[3.276s] -- Up-to-date symlink: /home/embedded/ros2_ws/install/astra_camera_msgs/include/astra_camera_msgs/astra_camera_msgs/msg/detail/metadata__rosidl_typesupport_introspection_c.h
[3.277s] -- Up-to-date symlink: /home/embedded/ros2_ws/install/astra_camera_msgs/include/astra_camera_msgs/astra_camera_msgs/msg/rosidl_typesupport_introspection_c__visibility_control.h
[3.279s] -- Up-to-date symlink: /home/embedded/ros2_ws/install/astra_camera_msgs/include/astra_camera_msgs/astra_camera_msgs/srv/detail/get_camera_info__rosidl_typesupport_introspection_c.h
[3.282s] -- Up-to-date symlink: /home/embedded/ros2_ws/install/astra_camera_msgs/include/astra_camera_msgs/astra_camera_msgs/srv/detail/get_camera_params__rosidl_typesupport_introspection_c.h
[3.283s] -- Up-to-date symlink: /home/embedded/ros2_ws/install/astra_camera_msgs/include/astra_camera_msgs/astra_camera_msgs/srv/detail/get_device_info__rosidl_typesupport_introspection_c.h
[3.284s] -- Up-to-date symlink: /home/embedded/ros2_ws/install/astra_camera_msgs/include/astra_camera_msgs/astra_camera_msgs/srv/detail/get_int32__rosidl_typesupport_introspection_c.h
[3.286s] -- Up-to-date symlink: /home/embedded/ros2_ws/install/astra_camera_msgs/include/astra_camera_msgs/astra_camera_msgs/srv/detail/get_string__rosidl_typesupport_introspection_c.h
[3.288s] -- Up-to-date symlink: /home/embedded/ros2_ws/install/astra_camera_msgs/include/astra_camera_msgs/astra_camera_msgs/srv/detail/set_int32__rosidl_typesupport_introspection_c.h
[3.288s] -- Up-to-date symlink: /home/embedded/ros2_ws/install/astra_camera_msgs/include/astra_camera_msgs/astra_camera_msgs/msg/detail/device_info__builder.hpp
[3.289s] -- Up-to-date symlink: /home/embedded/ros2_ws/install/astra_camera_msgs/include/astra_camera_msgs/astra_camera_msgs/msg/detail/device_info__struct.hpp
[3.290s] -- Up-to-date symlink: /home/embedded/ros2_ws/install/astra_camera_msgs/include/astra_camera_msgs/astra_camera_msgs/msg/detail/device_info__traits.hpp
[3.291s] -- Up-to-date symlink: /home/embedded/ros2_ws/install/astra_camera_msgs/include/astra_camera_msgs/astra_camera_msgs/msg/detail/device_info__type_support.hpp
[3.292s] -- Up-to-date symlink: /home/embedded/ros2_ws/install/astra_camera_msgs/include/astra_camera_msgs/astra_camera_msgs/msg/detail/extrinsics__builder.hpp
[3.293s] -- Up-to-date symlink: /home/embedded/ros2_ws/install/astra_camera_msgs/include/astra_camera_msgs/astra_camera_msgs/msg/detail/extrinsics__struct.hpp
[3.293s] -- Up-to-date symlink: /home/embedded/ros2_ws/install/astra_camera_msgs/include/astra_camera_msgs/astra_camera_msgs/msg/detail/extrinsics__traits.hpp
[3.294s] -- Up-to-date symlink: /home/embedded/ros2_ws/install/astra_camera_msgs/include/astra_camera_msgs/astra_camera_msgs/msg/detail/extrinsics__type_support.hpp
[3.295s] -- Up-to-date symlink: /home/embedded/ros2_ws/install/astra_camera_msgs/include/astra_camera_msgs/astra_camera_msgs/msg/detail/metadata__builder.hpp
[3.295s] -- Up-to-date symlink: /home/embedded/ros2_ws/install/astra_camera_msgs/include/astra_camera_msgs/astra_camera_msgs/msg/detail/metadata__struct.hpp
[3.295s] -- Up-to-date symlink: /home/embedded/ros2_ws/install/astra_camera_msgs/include/astra_camera_msgs/astra_camera_msgs/msg/detail/metadata__traits.hpp
[3.296s] -- Up-to-date symlink: /home/embedded/ros2_ws/install/astra_camera_msgs/include/astra_camera_msgs/astra_camera_msgs/msg/detail/metadata__type_support.hpp
[3.297s] -- Up-to-date symlink: /home/embedded/ros2_ws/install/astra_camera_msgs/include/astra_camera_msgs/astra_camera_msgs/msg/device_info.hpp
[3.297s] -- Up-to-date symlink: /home/embedded/ros2_ws/install/astra_camera_msgs/include/astra_camera_msgs/astra_camera_msgs/msg/extrinsics.hpp
[3.298s] -- Up-to-date symlink: /home/embedded/ros2_ws/install/astra_camera_msgs/include/astra_camera_msgs/astra_camera_msgs/msg/metadata.hpp
[3.299s] -- Up-to-date symlink: /home/embedded/ros2_ws/install/astra_camera_msgs/include/astra_camera_msgs/astra_camera_msgs/msg/rosidl_generator_cpp__visibility_control.hpp
[3.301s] -- Up-to-date symlink: /home/embedded/ros2_ws/install/astra_camera_msgs/include/astra_camera_msgs/astra_camera_msgs/srv/detail/get_camera_info__builder.hpp
[3.301s] -- Up-to-date symlink: /home/embedded/ros2_ws/install/astra_camera_msgs/include/astra_camera_msgs/astra_camera_msgs/srv/detail/get_camera_info__struct.hpp
[3.302s] -- Up-to-date symlink: /home/embedded/ros2_ws/install/astra_camera_msgs/include/astra_camera_msgs/astra_camera_msgs/srv/detail/get_camera_info__traits.hpp
[3.302s] -- Up-to-date symlink: /home/embedded/ros2_ws/install/astra_camera_msgs/include/astra_camera_msgs/astra_camera_msgs/srv/detail/get_camera_info__type_support.hpp
[3.304s] -- Up-to-date symlink: /home/embedded/ros2_ws/install/astra_camera_msgs/include/astra_camera_msgs/astra_camera_msgs/srv/detail/get_camera_params__builder.hpp
[3.304s] -- Up-to-date symlink: /home/embedded/ros2_ws/install/astra_camera_msgs/include/astra_camera_msgs/astra_camera_msgs/srv/detail/get_camera_params__struct.hpp
[3.304s] -- Up-to-date symlink: /home/embedded/ros2_ws/install/astra_camera_msgs/include/astra_camera_msgs/astra_camera_msgs/srv/detail/get_camera_params__traits.hpp
[3.305s] -- Up-to-date symlink: /home/embedded/ros2_ws/install/astra_camera_msgs/include/astra_camera_msgs/astra_camera_msgs/srv/detail/get_camera_params__type_support.hpp
[3.305s] -- Up-to-date symlink: /home/embedded/ros2_ws/install/astra_camera_msgs/include/astra_camera_msgs/astra_camera_msgs/srv/detail/get_device_info__builder.hpp
[3.307s] -- Up-to-date symlink: /home/embedded/ros2_ws/install/astra_camera_msgs/include/astra_camera_msgs/astra_camera_msgs/srv/detail/get_device_info__struct.hpp
[3.307s] -- Up-to-date symlink: /home/embedded/ros2_ws/install/astra_camera_msgs/include/astra_camera_msgs/astra_camera_msgs/srv/detail/get_device_info__traits.hpp
[3.311s] -- Up-to-date symlink: /home/embedded/ros2_ws/install/astra_camera_msgs/include/astra_camera_msgs/astra_camera_msgs/srv/detail/get_device_info__type_support.hpp
[3.312s] -- Up-to-date symlink: /home/embedded/ros2_ws/install/astra_camera_msgs/include/astra_camera_msgs/astra_camera_msgs/srv/detail/get_int32__builder.hpp
[3.315s] -- Up-to-date symlink: /home/embedded/ros2_ws/install/astra_camera_msgs/include/astra_camera_msgs/astra_camera_msgs/srv/detail/get_int32__struct.hpp
[3.319s] -- Up-to-date symlink: /home/embedded/ros2_ws/install/astra_camera_msgs/include/astra_camera_msgs/astra_camera_msgs/srv/detail/get_int32__traits.hpp
[3.319s] -- Up-to-date symlink: /home/embedded/ros2_ws/install/astra_camera_msgs/include/astra_camera_msgs/astra_camera_msgs/srv/detail/get_int32__type_support.hpp
[3.319s] -- Up-to-date symlink: /home/embedded/ros2_ws/install/astra_camera_msgs/include/astra_camera_msgs/astra_camera_msgs/srv/detail/get_string__builder.hpp
[3.319s] -- Up-to-date symlink: /home/embedded/ros2_ws/install/astra_camera_msgs/include/astra_camera_msgs/astra_camera_msgs/srv/detail/get_string__struct.hpp
[3.321s] -- Up-to-date symlink: /home/embedded/ros2_ws/install/astra_camera_msgs/include/astra_camera_msgs/astra_camera_msgs/srv/detail/get_string__traits.hpp
[3.321s] -- Up-to-date symlink: /home/embedded/ros2_ws/install/astra_camera_msgs/include/astra_camera_msgs/astra_camera_msgs/srv/detail/get_string__type_support.hpp
[3.321s] -- Up-to-date symlink: /home/embedded/ros2_ws/install/astra_camera_msgs/include/astra_camera_msgs/astra_camera_msgs/srv/detail/set_int32__builder.hpp
[3.324s] -- Up-to-date symlink: /home/embedded/ros2_ws/install/astra_camera_msgs/include/astra_camera_msgs/astra_camera_msgs/srv/detail/set_int32__struct.hpp
[3.325s] -- Up-to-date symlink: /home/embedded/ros2_ws/install/astra_camera_msgs/include/astra_camera_msgs/astra_camera_msgs/srv/detail/set_int32__traits.hpp
[3.325s] -- Up-to-date symlink: /home/embedded/ros2_ws/install/astra_camera_msgs/include/astra_camera_msgs/astra_camera_msgs/srv/detail/set_int32__type_support.hpp
[3.326s] -- Up-to-date symlink: /home/embedded/ros2_ws/install/astra_camera_msgs/include/astra_camera_msgs/astra_camera_msgs/srv/get_camera_info.hpp
[3.327s] -- Up-to-date symlink: /home/embedded/ros2_ws/install/astra_camera_msgs/include/astra_camera_msgs/astra_camera_msgs/srv/get_camera_params.hpp
[3.328s] -- Up-to-date symlink: /home/embedded/ros2_ws/install/astra_camera_msgs/include/astra_camera_msgs/astra_camera_msgs/srv/get_device_info.hpp
[3.328s] -- Up-to-date symlink: /home/embedded/ros2_ws/install/astra_camera_msgs/include/astra_camera_msgs/astra_camera_msgs/srv/get_int32.hpp
[3.330s] -- Up-to-date symlink: /home/embedded/ros2_ws/install/astra_camera_msgs/include/astra_camera_msgs/astra_camera_msgs/srv/get_string.hpp
[3.330s] -- Up-to-date symlink: /home/embedded/ros2_ws/install/astra_camera_msgs/include/astra_camera_msgs/astra_camera_msgs/srv/set_int32.hpp
[3.333s] -- Up-to-date symlink: /home/embedded/ros2_ws/install/astra_camera_msgs/include/astra_camera_msgs/astra_camera_msgs/msg/detail/device_info__rosidl_typesupport_fastrtps_cpp.hpp
[3.333s] -- Up-to-date symlink: /home/embedded/ros2_ws/install/astra_camera_msgs/include/astra_camera_msgs/astra_camera_msgs/msg/detail/extrinsics__rosidl_typesupport_fastrtps_cpp.hpp
[3.336s] -- Up-to-date symlink: /home/embedded/ros2_ws/install/astra_camera_msgs/include/astra_camera_msgs/astra_camera_msgs/msg/detail/metadata__rosidl_typesupport_fastrtps_cpp.hpp
[3.336s] -- Up-to-date symlink: /home/embedded/ros2_ws/install/astra_camera_msgs/include/astra_camera_msgs/astra_camera_msgs/msg/rosidl_typesupport_fastrtps_cpp__visibility_control.h
[3.337s] -- Up-to-date symlink: /home/embedded/ros2_ws/install/astra_camera_msgs/include/astra_camera_msgs/astra_camera_msgs/srv/detail/get_camera_info__rosidl_typesupport_fastrtps_cpp.hpp
[3.337s] -- Up-to-date symlink: /home/embedded/ros2_ws/install/astra_camera_msgs/include/astra_camera_msgs/astra_camera_msgs/srv/detail/get_camera_params__rosidl_typesupport_fastrtps_cpp.hpp
[3.338s] -- Up-to-date symlink: /home/embedded/ros2_ws/install/astra_camera_msgs/include/astra_camera_msgs/astra_camera_msgs/srv/detail/get_device_info__rosidl_typesupport_fastrtps_cpp.hpp
[3.339s] -- Up-to-date symlink: /home/embedded/ros2_ws/install/astra_camera_msgs/include/astra_camera_msgs/astra_camera_msgs/srv/detail/get_int32__rosidl_typesupport_fastrtps_cpp.hpp
[3.340s] -- Up-to-date symlink: /home/embedded/ros2_ws/install/astra_camera_msgs/include/astra_camera_msgs/astra_camera_msgs/srv/detail/get_string__rosidl_typesupport_fastrtps_cpp.hpp
[3.342s] -- Up-to-date symlink: /home/embedded/ros2_ws/install/astra_camera_msgs/include/astra_camera_msgs/astra_camera_msgs/srv/detail/set_int32__rosidl_typesupport_fastrtps_cpp.hpp
[3.348s] -- Up-to-date symlink: /home/embedded/ros2_ws/install/astra_camera_msgs/include/astra_camera_msgs/astra_camera_msgs/msg/detail/device_info__rosidl_typesupport_introspection_cpp.hpp
[3.349s] -- Up-to-date symlink: /home/embedded/ros2_ws/install/astra_camera_msgs/include/astra_camera_msgs/astra_camera_msgs/msg/detail/extrinsics__rosidl_typesupport_introspection_cpp.hpp
[3.349s] -- Up-to-date symlink: /home/embedded/ros2_ws/install/astra_camera_msgs/include/astra_camera_msgs/astra_camera_msgs/msg/detail/metadata__rosidl_typesupport_introspection_cpp.hpp
[3.349s] -- Up-to-date symlink: /home/embedded/ros2_ws/install/astra_camera_msgs/include/astra_camera_msgs/astra_camera_msgs/srv/detail/get_camera_info__rosidl_typesupport_introspection_cpp.hpp
[3.352s] -- Up-to-date symlink: /home/embedded/ros2_ws/install/astra_camera_msgs/include/astra_camera_msgs/astra_camera_msgs/srv/detail/get_camera_params__rosidl_typesupport_introspection_cpp.hpp
[3.352s] -- Up-to-date symlink: /home/embedded/ros2_ws/install/astra_camera_msgs/include/astra_camera_msgs/astra_camera_msgs/srv/detail/get_device_info__rosidl_typesupport_introspection_cpp.hpp
[3.353s] -- Up-to-date symlink: /home/embedded/ros2_ws/install/astra_camera_msgs/include/astra_camera_msgs/astra_camera_msgs/srv/detail/get_int32__rosidl_typesupport_introspection_cpp.hpp
[3.354s] -- Up-to-date symlink: /home/embedded/ros2_ws/install/astra_camera_msgs/include/astra_camera_msgs/astra_camera_msgs/srv/detail/get_string__rosidl_typesupport_introspection_cpp.hpp
[3.354s] -- Up-to-date symlink: /home/embedded/ros2_ws/install/astra_camera_msgs/include/astra_camera_msgs/astra_camera_msgs/srv/detail/set_int32__rosidl_typesupport_introspection_cpp.hpp
[3.354s] -- Up-to-date symlink: /home/embedded/ros2_ws/install/astra_camera_msgs/share/astra_camera_msgs/environment/pythonpath.sh
[3.354s] -- Up-to-date symlink: /home/embedded/ros2_ws/install/astra_camera_msgs/share/astra_camera_msgs/environment/pythonpath.dsv
[3.354s] -- Up-to-date symlink: /home/embedded/ros2_ws/install/astra_camera_msgs/lib/python3.12/site-packages/astra_camera_msgs-1.0.1-py3.12.egg-info/PKG-INFO
[3.355s] -- Up-to-date symlink: /home/embedded/ros2_ws/install/astra_camera_msgs/lib/python3.12/site-packages/astra_camera_msgs-1.0.1-py3.12.egg-info/SOURCES.txt
[3.355s] -- Up-to-date symlink: /home/embedded/ros2_ws/install/astra_camera_msgs/lib/python3.12/site-packages/astra_camera_msgs-1.0.1-py3.12.egg-info/dependency_links.txt
[3.355s] -- Up-to-date symlink: /home/embedded/ros2_ws/install/astra_camera_msgs/lib/python3.12/site-packages/astra_camera_msgs-1.0.1-py3.12.egg-info/top_level.txt
[3.366s] -- Up-to-date symlink: /home/embedded/ros2_ws/install/astra_camera_msgs/lib/python3.12/site-packages/astra_camera_msgs/__init__.py
[3.366s] -- Up-to-date symlink: /home/embedded/ros2_ws/install/astra_camera_msgs/lib/python3.12/site-packages/astra_camera_msgs/_astra_camera_msgs_s.ep.rosidl_typesupport_c.c
[3.367s] -- Up-to-date symlink: /home/embedded/ros2_ws/install/astra_camera_msgs/lib/python3.12/site-packages/astra_camera_msgs/_astra_camera_msgs_s.ep.rosidl_typesupport_fastrtps_c.c
[3.367s] -- Up-to-date symlink: /home/embedded/ros2_ws/install/astra_camera_msgs/lib/python3.12/site-packages/astra_camera_msgs/_astra_camera_msgs_s.ep.rosidl_typesupport_introspection_c.c
[3.367s] -- Up-to-date symlink: /home/embedded/ros2_ws/install/astra_camera_msgs/lib/python3.12/site-packages/astra_camera_msgs/astra_camera_msgs_s__rosidl_typesupport_c.so
[3.367s] -- Up-to-date symlink: /home/embedded/ros2_ws/install/astra_camera_msgs/lib/python3.12/site-packages/astra_camera_msgs/astra_camera_msgs_s__rosidl_typesupport_fastrtps_c.so
[3.367s] -- Up-to-date symlink: /home/embedded/ros2_ws/install/astra_camera_msgs/lib/python3.12/site-packages/astra_camera_msgs/astra_camera_msgs_s__rosidl_typesupport_introspection_c.so
[3.370s] -- Up-to-date symlink: /home/embedded/ros2_ws/install/astra_camera_msgs/lib/python3.12/site-packages/astra_camera_msgs/msg/__init__.py
[3.370s] -- Up-to-date symlink: /home/embedded/ros2_ws/install/astra_camera_msgs/lib/python3.12/site-packages/astra_camera_msgs/msg/_device_info.py
[3.370s] -- Up-to-date symlink: /home/embedded/ros2_ws/install/astra_camera_msgs/lib/python3.12/site-packages/astra_camera_msgs/msg/_device_info_s.c
[3.371s] -- Up-to-date symlink: /home/embedded/ros2_ws/install/astra_camera_msgs/lib/python3.12/site-packages/astra_camera_msgs/msg/_extrinsics.py
[3.371s] -- Up-to-date symlink: /home/embedded/ros2_ws/install/astra_camera_msgs/lib/python3.12/site-packages/astra_camera_msgs/msg/_extrinsics_s.c
[3.371s] -- Up-to-date symlink: /home/embedded/ros2_ws/install/astra_camera_msgs/lib/python3.12/site-packages/astra_camera_msgs/msg/_metadata.py
[3.371s] -- Up-to-date symlink: /home/embedded/ros2_ws/install/astra_camera_msgs/lib/python3.12/site-packages/astra_camera_msgs/msg/_metadata_s.c
[3.371s] -- Up-to-date symlink: /home/embedded/ros2_ws/install/astra_camera_msgs/lib/python3.12/site-packages/astra_camera_msgs/srv/__init__.py
[3.372s] -- Up-to-date symlink: /home/embedded/ros2_ws/install/astra_camera_msgs/lib/python3.12/site-packages/astra_camera_msgs/srv/_get_camera_info.py
[3.373s] -- Up-to-date symlink: /home/embedded/ros2_ws/install/astra_camera_msgs/lib/python3.12/site-packages/astra_camera_msgs/srv/_get_camera_info_s.c
[3.373s] -- Up-to-date symlink: /home/embedded/ros2_ws/install/astra_camera_msgs/lib/python3.12/site-packages/astra_camera_msgs/srv/_get_camera_params.py
[3.375s] -- Up-to-date symlink: /home/embedded/ros2_ws/install/astra_camera_msgs/lib/python3.12/site-packages/astra_camera_msgs/srv/_get_camera_params_s.c
[3.377s] -- Up-to-date symlink: /home/embedded/ros2_ws/install/astra_camera_msgs/lib/python3.12/site-packages/astra_camera_msgs/srv/_get_device_info.py
[3.381s] -- Up-to-date symlink: /home/embedded/ros2_ws/install/astra_camera_msgs/lib/python3.12/site-packages/astra_camera_msgs/srv/_get_device_info_s.c
[3.382s] -- Up-to-date symlink: /home/embedded/ros2_ws/install/astra_camera_msgs/lib/python3.12/site-packages/astra_camera_msgs/srv/_get_int32.py
[3.383s] -- Up-to-date symlink: /home/embedded/ros2_ws/install/astra_camera_msgs/lib/python3.12/site-packages/astra_camera_msgs/srv/_get_int32_s.c
[3.383s] -- Up-to-date symlink: /home/embedded/ros2_ws/install/astra_camera_msgs/lib/python3.12/site-packages/astra_camera_msgs/srv/_get_string.py
[3.383s] -- Up-to-date symlink: /home/embedded/ros2_ws/install/astra_camera_msgs/lib/python3.12/site-packages/astra_camera_msgs/srv/_get_string_s.c
[3.384s] -- Up-to-date symlink: /home/embedded/ros2_ws/install/astra_camera_msgs/lib/python3.12/site-packages/astra_camera_msgs/srv/_set_int32.py
[3.384s] -- Up-to-date symlink: /home/embedded/ros2_ws/install/astra_camera_msgs/lib/python3.12/site-packages/astra_camera_msgs/srv/_set_int32_s.c
[3.385s] -- Up-to-date symlink: /home/embedded/ros2_ws/install/astra_camera_msgs/lib/python3.12/site-packages/astra_camera_msgs/astra_camera_msgs_s__rosidl_typesupport_fastrtps_c.so
[3.391s] -- Up-to-date symlink: /home/embedded/ros2_ws/install/astra_camera_msgs/lib/python3.12/site-packages/astra_camera_msgs/astra_camera_msgs_s__rosidl_typesupport_introspection_c.so
[3.391s] -- Up-to-date symlink: /home/embedded/ros2_ws/install/astra_camera_msgs/lib/python3.12/site-packages/astra_camera_msgs/astra_camera_msgs_s__rosidl_typesupport_c.so
[3.391s] -- Up-to-date symlink: /home/embedded/ros2_ws/install/astra_camera_msgs/share/astra_camera_msgs/msg/DeviceInfo.idl
[3.394s] -- Up-to-date symlink: /home/embedded/ros2_ws/install/astra_camera_msgs/share/astra_camera_msgs/msg/Extrinsics.idl
[3.396s] -- Up-to-date symlink: /home/embedded/ros2_ws/install/astra_camera_msgs/share/astra_camera_msgs/msg/Metadata.idl
[3.397s] -- Up-to-date symlink: /home/embedded/ros2_ws/install/astra_camera_msgs/share/astra_camera_msgs/srv/GetDeviceInfo.idl
[3.398s] -- Up-to-date symlink: /home/embedded/ros2_ws/install/astra_camera_msgs/share/astra_camera_msgs/srv/GetCameraInfo.idl
[3.402s] -- Up-to-date symlink: /home/embedded/ros2_ws/install/astra_camera_msgs/share/astra_camera_msgs/srv/GetCameraParams.idl
[3.403s] -- Up-to-date symlink: /home/embedded/ros2_ws/install/astra_camera_msgs/share/astra_camera_msgs/srv/GetInt32.idl
[3.403s] -- Up-to-date symlink: /home/embedded/ros2_ws/install/astra_camera_msgs/share/astra_camera_msgs/srv/GetString.idl
[3.406s] -- Up-to-date symlink: /home/embedded/ros2_ws/install/astra_camera_msgs/share/astra_camera_msgs/srv/SetInt32.idl
[3.407s] -- Up-to-date symlink: /home/embedded/ros2_ws/install/astra_camera_msgs/share/astra_camera_msgs/msg/DeviceInfo.msg
[3.407s] -- Up-to-date symlink: /home/embedded/ros2_ws/install/astra_camera_msgs/share/astra_camera_msgs/msg/Extrinsics.msg
[3.418s] -- Up-to-date symlink: /home/embedded/ros2_ws/install/astra_camera_msgs/share/astra_camera_msgs/msg/Metadata.msg
[3.419s] -- Up-to-date symlink: /home/embedded/ros2_ws/install/astra_camera_msgs/share/astra_camera_msgs/srv/GetDeviceInfo.srv
[3.431s] -- Up-to-date symlink: /home/embedded/ros2_ws/install/astra_camera_msgs/share/astra_camera_msgs/srv/GetCameraInfo.srv
[3.431s] -- Up-to-date symlink: /home/embedded/ros2_ws/install/astra_camera_msgs/share/astra_camera_msgs/srv/GetCameraParams.srv
[3.431s] -- Up-to-date symlink: /home/embedded/ros2_ws/install/astra_camera_msgs/share/astra_camera_msgs/srv/GetInt32.srv
[3.436s] -- Up-to-date symlink: /home/embedded/ros2_ws/install/astra_camera_msgs/share/astra_camera_msgs/srv/GetString.srv
[3.436s] -- Up-to-date symlink: /home/embedded/ros2_ws/install/astra_camera_msgs/share/astra_camera_msgs/srv/SetInt32.srv
[3.436s] -- Up-to-date symlink: /home/embedded/ros2_ws/install/astra_camera_msgs/share/ament_index/resource_index/package_run_dependencies/astra_camera_msgs
[3.437s] -- Up-to-date symlink: /home/embedded/ros2_ws/install/astra_camera_msgs/share/ament_index/resource_index/parent_prefix_path/astra_camera_msgs
[3.437s] -- Up-to-date symlink: /home/embedded/ros2_ws/install/astra_camera_msgs/share/astra_camera_msgs/environment/ament_prefix_path.sh
[3.437s] -- Up-to-date symlink: /home/embedded/ros2_ws/install/astra_camera_msgs/share/astra_camera_msgs/environment/ament_prefix_path.dsv
[3.443s] -- Up-to-date symlink: /home/embedded/ros2_ws/install/astra_camera_msgs/share/astra_camera_msgs/environment/path.sh
[3.446s] -- Up-to-date symlink: /home/embedded/ros2_ws/install/astra_camera_msgs/share/astra_camera_msgs/environment/path.dsv
[3.446s] -- Up-to-date symlink: /home/embedded/ros2_ws/install/astra_camera_msgs/share/astra_camera_msgs/local_setup.bash
[3.450s] -- Up-to-date symlink: /home/embedded/ros2_ws/install/astra_camera_msgs/share/astra_camera_msgs/local_setup.sh
[3.454s] -- Up-to-date symlink: /home/embedded/ros2_ws/install/astra_camera_msgs/share/astra_camera_msgs/local_setup.zsh
[3.454s] -- Up-to-date symlink: /home/embedded/ros2_ws/install/astra_camera_msgs/share/astra_camera_msgs/local_setup.dsv
[3.455s] -- Symlinking: /home/embedded/ros2_ws/install/astra_camera_msgs/share/astra_camera_msgs/package.dsv
[3.484s] -- Up-to-date symlink: /home/embedded/ros2_ws/install/astra_camera_msgs/share/ament_index/resource_index/packages/astra_camera_msgs
[3.487s] -- Up-to-date symlink: /home/embedded/ros2_ws/install/astra_camera_msgs/share/astra_camera_msgs/cmake/rosidl_cmake-extras.cmake
[3.488s] -- Up-to-date symlink: /home/embedded/ros2_ws/install/astra_camera_msgs/share/astra_camera_msgs/cmake/ament_cmake_export_dependencies-extras.cmake
[3.488s] -- Up-to-date symlink: /home/embedded/ros2_ws/install/astra_camera_msgs/share/astra_camera_msgs/cmake/ament_cmake_export_include_directories-extras.cmake
[3.490s] -- Up-to-date symlink: /home/embedded/ros2_ws/install/astra_camera_msgs/share/astra_camera_msgs/cmake/ament_cmake_export_libraries-extras.cmake
[3.491s] -- Up-to-date symlink: /home/embedded/ros2_ws/install/astra_camera_msgs/share/astra_camera_msgs/cmake/ament_cmake_export_targets-extras.cmake
[3.493s] -- Up-to-date symlink: /home/embedded/ros2_ws/install/astra_camera_msgs/share/astra_camera_msgs/cmake/rosidl_cmake_export_typesupport_targets-extras.cmake
[3.493s] -- Up-to-date symlink: /home/embedded/ros2_ws/install/astra_camera_msgs/share/astra_camera_msgs/cmake/rosidl_cmake_export_typesupport_libraries-extras.cmake
[3.494s] -- Up-to-date symlink: /home/embedded/ros2_ws/install/astra_camera_msgs/share/astra_camera_msgs/cmake/astra_camera_msgsConfig.cmake
[3.494s] -- Up-to-date symlink: /home/embedded/ros2_ws/install/astra_camera_msgs/share/astra_camera_msgs/cmake/astra_camera_msgsConfig-version.cmake
[3.497s] -- Up-to-date symlink: /home/embedded/ros2_ws/install/astra_camera_msgs/share/astra_camera_msgs/package.xml
[3.498s] -- Up-to-date: /home/embedded/ros2_ws/install/astra_camera_msgs/lib/libastra_camera_msgs__rosidl_generator_c.so
[3.498s] -- Up-to-date: /home/embedded/ros2_ws/install/astra_camera_msgs/lib/libastra_camera_msgs__rosidl_typesupport_fastrtps_c.so
[3.501s] -- Up-to-date: /home/embedded/ros2_ws/install/astra_camera_msgs/lib/libastra_camera_msgs__rosidl_typesupport_introspection_c.so
[3.506s] -- Up-to-date: /home/embedded/ros2_ws/install/astra_camera_msgs/lib/libastra_camera_msgs__rosidl_typesupport_c.so
[3.512s] -- Up-to-date: /home/embedded/ros2_ws/install/astra_camera_msgs/lib/libastra_camera_msgs__rosidl_typesupport_fastrtps_cpp.so
[3.513s] -- Up-to-date: /home/embedded/ros2_ws/install/astra_camera_msgs/lib/libastra_camera_msgs__rosidl_typesupport_introspection_cpp.so
[3.513s] -- Up-to-date: /home/embedded/ros2_ws/install/astra_camera_msgs/lib/libastra_camera_msgs__rosidl_typesupport_cpp.so
[3.725s] Listing '/home/embedded/ros2_ws/install/astra_camera_msgs/lib/python3.12/site-packages/astra_camera_msgs'...
[3.725s] Listing '/home/embedded/ros2_ws/install/astra_camera_msgs/lib/python3.12/site-packages/astra_camera_msgs/msg'...
[3.725s] Listing '/home/embedded/ros2_ws/install/astra_camera_msgs/lib/python3.12/site-packages/astra_camera_msgs/srv'...
[3.771s] -- Up-to-date: /home/embedded/ros2_ws/install/astra_camera_msgs/lib/libastra_camera_msgs__rosidl_generator_py.so
[3.771s] -- Up-to-date: /home/embedded/ros2_ws/install/astra_camera_msgs/share/astra_camera_msgs/cmake/export_astra_camera_msgs__rosidl_generator_cExport.cmake
[3.771s] -- Up-to-date: /home/embedded/ros2_ws/install/astra_camera_msgs/share/astra_camera_msgs/cmake/export_astra_camera_msgs__rosidl_generator_cExport-noconfig.cmake
[3.773s] -- Up-to-date: /home/embedded/ros2_ws/install/astra_camera_msgs/share/astra_camera_msgs/cmake/export_astra_camera_msgs__rosidl_typesupport_fastrtps_cExport.cmake
[3.773s] -- Up-to-date: /home/embedded/ros2_ws/install/astra_camera_msgs/share/astra_camera_msgs/cmake/export_astra_camera_msgs__rosidl_typesupport_fastrtps_cExport-noconfig.cmake
[3.775s] -- Up-to-date: /home/embedded/ros2_ws/install/astra_camera_msgs/share/astra_camera_msgs/cmake/astra_camera_msgs__rosidl_typesupport_introspection_cExport.cmake
[3.775s] -- Up-to-date: /home/embedded/ros2_ws/install/astra_camera_msgs/share/astra_camera_msgs/cmake/astra_camera_msgs__rosidl_typesupport_introspection_cExport-noconfig.cmake
[3.779s] -- Up-to-date: /home/embedded/ros2_ws/install/astra_camera_msgs/share/astra_camera_msgs/cmake/astra_camera_msgs__rosidl_typesupport_cExport.cmake
[3.779s] -- Up-to-date: /home/embedded/ros2_ws/install/astra_camera_msgs/share/astra_camera_msgs/cmake/astra_camera_msgs__rosidl_typesupport_cExport-noconfig.cmake
[3.780s] -- Up-to-date: /home/embedded/ros2_ws/install/astra_camera_msgs/share/astra_camera_msgs/cmake/export_astra_camera_msgs__rosidl_generator_cppExport.cmake
[3.780s] -- Up-to-date: /home/embedded/ros2_ws/install/astra_camera_msgs/share/astra_camera_msgs/cmake/export_astra_camera_msgs__rosidl_typesupport_fastrtps_cppExport.cmake
[3.780s] -- Up-to-date: /home/embedded/ros2_ws/install/astra_camera_msgs/share/astra_camera_msgs/cmake/export_astra_camera_msgs__rosidl_typesupport_fastrtps_cppExport-noconfig.cmake
[3.784s] -- Up-to-date: /home/embedded/ros2_ws/install/astra_camera_msgs/share/astra_camera_msgs/cmake/astra_camera_msgs__rosidl_typesupport_introspection_cppExport.cmake
[3.784s] -- Up-to-date: /home/embedded/ros2_ws/install/astra_camera_msgs/share/astra_camera_msgs/cmake/astra_camera_msgs__rosidl_typesupport_introspection_cppExport-noconfig.cmake
[3.784s] -- Up-to-date: /home/embedded/ros2_ws/install/astra_camera_msgs/share/astra_camera_msgs/cmake/astra_camera_msgs__rosidl_typesupport_cppExport.cmake
[3.784s] -- Up-to-date: /home/embedded/ros2_ws/install/astra_camera_msgs/share/astra_camera_msgs/cmake/astra_camera_msgs__rosidl_typesupport_cppExport-noconfig.cmake
[3.785s] -- Up-to-date: /home/embedded/ros2_ws/install/astra_camera_msgs/share/astra_camera_msgs/cmake/export_astra_camera_msgs__rosidl_generator_pyExport.cmake
[3.785s] -- Up-to-date: /home/embedded/ros2_ws/install/astra_camera_msgs/share/astra_camera_msgs/cmake/export_astra_camera_msgs__rosidl_generator_pyExport-noconfig.cmake
[3.813s] Invoked command in '/home/embedded/ros2_ws/build/astra_camera_msgs' returned '0': CMAKE_PREFIX_PATH=${CMAKE_PREFIX_PATH}:/opt/ros/jazzy /usr/bin/cmake --install /home/embedded/ros2_ws/build/astra_camera_msgs
