[0.097s] Invoking command in '/home/embedded/ros2_ws/build/astra_camera_msgs': CMAKE_PREFIX_PATH=${CMAKE_PREFIX_PATH}:/opt/ros/jazzy /usr/bin/cmake --build /home/embedded/ros2_ws/build/astra_camera_msgs -- -j4 -l4
[0.310s] [  1%] Built target astra_camera_msgs__rosidl_generator_type_description
[0.311s] [  1%] Built target ament_cmake_python_symlink_astra_camera_msgs
[0.433s] [  1%] Built target astra_camera_msgs__cpp
[0.447s] [ 27%] Built target astra_camera_msgs__rosidl_generator_c
[0.604s] [ 37%] Built target astra_camera_msgs__rosidl_typesupport_introspection_c
[0.626s] [ 47%] Built target astra_camera_msgs__rosidl_typesupport_cpp
[0.656s] [ 56%] Built target astra_camera_msgs__rosidl_typesupport_fastrtps_c
[0.767s] [ 66%] Built target astra_camera_msgs__rosidl_typesupport_c
[0.782s] [ 75%] Built target astra_camera_msgs__rosidl_typesupport_introspection_cpp
[0.785s] [ 85%] Built target astra_camera_msgs__rosidl_typesupport_fastrtps_cpp
[0.899s] [ 85%] Built target astra_camera_msgs
[0.976s] [ 86%] Built target astra_camera_msgs__py
[1.049s] [ 94%] Built target astra_camera_msgs__rosidl_generator_py
[1.141s] [ 97%] Built target astra_camera_msgs_s__rosidl_typesupport_fastrtps_c
[1.147s] [ 98%] Built target astra_camera_msgs_s__rosidl_typesupport_c
[1.170s] [100%] Built target astra_camera_msgs_s__rosidl_typesupport_introspection_c
[1.207s] running egg_info
[1.264s] writing astra_camera_msgs.egg-info/PKG-INFO
[1.264s] writing dependency_links to astra_camera_msgs.egg-info/dependency_links.txt
[1.264s] writing top-level names to astra_camera_msgs.egg-info/top_level.txt
[1.386s] reading manifest file 'astra_camera_msgs.egg-info/SOURCES.txt'
[1.394s] writing manifest file 'astra_camera_msgs.egg-info/SOURCES.txt'
[1.559s] [100%] Built target ament_cmake_python_build_astra_camera_msgs_egg
[1.614s] Invoked command in '/home/embedded/ros2_ws/build/astra_camera_msgs' returned '0': CMAKE_PREFIX_PATH=${CMAKE_PREFIX_PATH}:/opt/ros/jazzy /usr/bin/cmake --build /home/embedded/ros2_ws/build/astra_camera_msgs -- -j4 -l4
[1.615s] Invoking command in '/home/embedded/ros2_ws/build/astra_camera_msgs': CMAKE_PREFIX_PATH=${CMAKE_PREFIX_PATH}:/opt/ros/jazzy /usr/bin/cmake --install /home/embedded/ros2_ws/build/astra_camera_msgs
[1.646s] -- Install configuration: ""
[1.648s] -- Execute custom install script
[1.648s] -- Up-to-date symlink: /home/embedded/ros2_ws/install/astra_camera_msgs/share/ament_index/resource_index/rosidl_interfaces/astra_camera_msgs
[1.649s] -- Up-to-date symlink: /home/embedded/ros2_ws/install/astra_camera_msgs/share/astra_camera_msgs/msg/DeviceInfo.json
[1.650s] -- Up-to-date symlink: /home/embedded/ros2_ws/install/astra_camera_msgs/share/astra_camera_msgs/msg/Extrinsics.json
[1.650s] -- Up-to-date symlink: /home/embedded/ros2_ws/install/astra_camera_msgs/share/astra_camera_msgs/msg/Metadata.json
[1.650s] -- Up-to-date symlink: /home/embedded/ros2_ws/install/astra_camera_msgs/share/astra_camera_msgs/srv/GetDeviceInfo.json
[1.653s] -- Up-to-date symlink: /home/embedded/ros2_ws/install/astra_camera_msgs/share/astra_camera_msgs/srv/GetCameraInfo.json
[1.653s] -- Up-to-date symlink: /home/embedded/ros2_ws/install/astra_camera_msgs/share/astra_camera_msgs/srv/GetCameraParams.json
[1.653s] -- Up-to-date symlink: /home/embedded/ros2_ws/install/astra_camera_msgs/share/astra_camera_msgs/srv/GetInt32.json
[1.653s] -- Up-to-date symlink: /home/embedded/ros2_ws/install/astra_camera_msgs/share/astra_camera_msgs/srv/GetString.json
[1.653s] -- Up-to-date symlink: /home/embedded/ros2_ws/install/astra_camera_msgs/share/astra_camera_msgs/srv/SetInt32.json
[1.654s] -- Up-to-date symlink: /home/embedded/ros2_ws/install/astra_camera_msgs/include/astra_camera_msgs/astra_camera_msgs/msg/detail/device_info__functions.h
[1.654s] -- Up-to-date symlink: /home/embedded/ros2_ws/install/astra_camera_msgs/include/astra_camera_msgs/astra_camera_msgs/msg/detail/device_info__struct.h
[1.654s] -- Up-to-date symlink: /home/embedded/ros2_ws/install/astra_camera_msgs/include/astra_camera_msgs/astra_camera_msgs/msg/detail/device_info__type_support.h
[1.657s] -- Up-to-date symlink: /home/embedded/ros2_ws/install/astra_camera_msgs/include/astra_camera_msgs/astra_camera_msgs/msg/detail/extrinsics__functions.h
[1.658s] -- Up-to-date symlink: /home/embedded/ros2_ws/install/astra_camera_msgs/include/astra_camera_msgs/astra_camera_msgs/msg/detail/extrinsics__struct.h
[1.658s] -- Up-to-date symlink: /home/embedded/ros2_ws/install/astra_camera_msgs/include/astra_camera_msgs/astra_camera_msgs/msg/detail/extrinsics__type_support.h
[1.658s] -- Up-to-date symlink: /home/embedded/ros2_ws/install/astra_camera_msgs/include/astra_camera_msgs/astra_camera_msgs/msg/detail/metadata__functions.h
[1.658s] -- Up-to-date symlink: /home/embedded/ros2_ws/install/astra_camera_msgs/include/astra_camera_msgs/astra_camera_msgs/msg/detail/metadata__struct.h
[1.658s] -- Up-to-date symlink: /home/embedded/ros2_ws/install/astra_camera_msgs/include/astra_camera_msgs/astra_camera_msgs/msg/detail/metadata__type_support.h
[1.659s] -- Up-to-date symlink: /home/embedded/ros2_ws/install/astra_camera_msgs/include/astra_camera_msgs/astra_camera_msgs/msg/device_info.h
[1.659s] -- Up-to-date symlink: /home/embedded/ros2_ws/install/astra_camera_msgs/include/astra_camera_msgs/astra_camera_msgs/msg/extrinsics.h
[1.659s] -- Up-to-date symlink: /home/embedded/ros2_ws/install/astra_camera_msgs/include/astra_camera_msgs/astra_camera_msgs/msg/metadata.h
[1.659s] -- Up-to-date symlink: /home/embedded/ros2_ws/install/astra_camera_msgs/include/astra_camera_msgs/astra_camera_msgs/msg/rosidl_generator_c__visibility_control.h
[1.659s] -- Up-to-date symlink: /home/embedded/ros2_ws/install/astra_camera_msgs/include/astra_camera_msgs/astra_camera_msgs/srv/detail/get_camera_info__functions.h
[1.659s] -- Up-to-date symlink: /home/embedded/ros2_ws/install/astra_camera_msgs/include/astra_camera_msgs/astra_camera_msgs/srv/detail/get_camera_info__struct.h
[1.660s] -- Up-to-date symlink: /home/embedded/ros2_ws/install/astra_camera_msgs/include/astra_camera_msgs/astra_camera_msgs/srv/detail/get_camera_info__type_support.h
[1.660s] -- Up-to-date symlink: /home/embedded/ros2_ws/install/astra_camera_msgs/include/astra_camera_msgs/astra_camera_msgs/srv/detail/get_camera_params__functions.h
[1.661s] -- Up-to-date symlink: /home/embedded/ros2_ws/install/astra_camera_msgs/include/astra_camera_msgs/astra_camera_msgs/srv/detail/get_camera_params__struct.h
[1.661s] -- Up-to-date symlink: /home/embedded/ros2_ws/install/astra_camera_msgs/include/astra_camera_msgs/astra_camera_msgs/srv/detail/get_camera_params__type_support.h
[1.662s] -- Up-to-date symlink: /home/embedded/ros2_ws/install/astra_camera_msgs/include/astra_camera_msgs/astra_camera_msgs/srv/detail/get_device_info__functions.h
[1.662s] -- Up-to-date symlink: /home/embedded/ros2_ws/install/astra_camera_msgs/include/astra_camera_msgs/astra_camera_msgs/srv/detail/get_device_info__struct.h
[1.665s] -- Up-to-date symlink: /home/embedded/ros2_ws/install/astra_camera_msgs/include/astra_camera_msgs/astra_camera_msgs/srv/detail/get_device_info__type_support.h
[1.666s] -- Up-to-date symlink: /home/embedded/ros2_ws/install/astra_camera_msgs/include/astra_camera_msgs/astra_camera_msgs/srv/detail/get_int32__functions.h
[1.666s] -- Up-to-date symlink: /home/embedded/ros2_ws/install/astra_camera_msgs/include/astra_camera_msgs/astra_camera_msgs/srv/detail/get_int32__struct.h
[1.666s] -- Up-to-date symlink: /home/embedded/ros2_ws/install/astra_camera_msgs/include/astra_camera_msgs/astra_camera_msgs/srv/detail/get_int32__type_support.h
[1.667s] -- Up-to-date symlink: /home/embedded/ros2_ws/install/astra_camera_msgs/include/astra_camera_msgs/astra_camera_msgs/srv/detail/get_string__functions.h
[1.667s] -- Up-to-date symlink: /home/embedded/ros2_ws/install/astra_camera_msgs/include/astra_camera_msgs/astra_camera_msgs/srv/detail/get_string__struct.h
[1.667s] -- Up-to-date symlink: /home/embedded/ros2_ws/install/astra_camera_msgs/include/astra_camera_msgs/astra_camera_msgs/srv/detail/get_string__type_support.h
[1.667s] -- Up-to-date symlink: /home/embedded/ros2_ws/install/astra_camera_msgs/include/astra_camera_msgs/astra_camera_msgs/srv/detail/set_int32__functions.h
[1.667s] -- Up-to-date symlink: /home/embedded/ros2_ws/install/astra_camera_msgs/include/astra_camera_msgs/astra_camera_msgs/srv/detail/set_int32__struct.h
[1.667s] -- Up-to-date symlink: /home/embedded/ros2_ws/install/astra_camera_msgs/include/astra_camera_msgs/astra_camera_msgs/srv/detail/set_int32__type_support.h
[1.667s] -- Up-to-date symlink: /home/embedded/ros2_ws/install/astra_camera_msgs/include/astra_camera_msgs/astra_camera_msgs/srv/get_camera_info.h
[1.668s] -- Up-to-date symlink: /home/embedded/ros2_ws/install/astra_camera_msgs/include/astra_camera_msgs/astra_camera_msgs/srv/get_camera_params.h
[1.668s] -- Up-to-date symlink: /home/embedded/ros2_ws/install/astra_camera_msgs/include/astra_camera_msgs/astra_camera_msgs/srv/get_device_info.h
[1.668s] -- Up-to-date symlink: /home/embedded/ros2_ws/install/astra_camera_msgs/include/astra_camera_msgs/astra_camera_msgs/srv/get_int32.h
[1.668s] -- Up-to-date symlink: /home/embedded/ros2_ws/install/astra_camera_msgs/include/astra_camera_msgs/astra_camera_msgs/srv/get_string.h
[1.668s] -- Up-to-date symlink: /home/embedded/ros2_ws/install/astra_camera_msgs/include/astra_camera_msgs/astra_camera_msgs/srv/set_int32.h
[1.668s] -- Up-to-date symlink: /home/embedded/ros2_ws/install/astra_camera_msgs/share/astra_camera_msgs/environment/library_path.sh
[1.668s] -- Up-to-date symlink: /home/embedded/ros2_ws/install/astra_camera_msgs/share/astra_camera_msgs/environment/library_path.dsv
[1.668s] -- Up-to-date symlink: /home/embedded/ros2_ws/install/astra_camera_msgs/include/astra_camera_msgs/astra_camera_msgs/msg/detail/device_info__rosidl_typesupport_fastrtps_c.h
[1.668s] -- Up-to-date symlink: /home/embedded/ros2_ws/install/astra_camera_msgs/include/astra_camera_msgs/astra_camera_msgs/msg/detail/extrinsics__rosidl_typesupport_fastrtps_c.h
[1.668s] -- Up-to-date symlink: /home/embedded/ros2_ws/install/astra_camera_msgs/include/astra_camera_msgs/astra_camera_msgs/msg/detail/metadata__rosidl_typesupport_fastrtps_c.h
[1.668s] -- Up-to-date symlink: /home/embedded/ros2_ws/install/astra_camera_msgs/include/astra_camera_msgs/astra_camera_msgs/msg/rosidl_typesupport_fastrtps_c__visibility_control.h
[1.668s] -- Up-to-date symlink: /home/embedded/ros2_ws/install/astra_camera_msgs/include/astra_camera_msgs/astra_camera_msgs/srv/detail/get_camera_info__rosidl_typesupport_fastrtps_c.h
[1.669s] -- Up-to-date symlink: /home/embedded/ros2_ws/install/astra_camera_msgs/include/astra_camera_msgs/astra_camera_msgs/srv/detail/get_camera_params__rosidl_typesupport_fastrtps_c.h
[1.669s] -- Up-to-date symlink: /home/embedded/ros2_ws/install/astra_camera_msgs/include/astra_camera_msgs/astra_camera_msgs/srv/detail/get_device_info__rosidl_typesupport_fastrtps_c.h
[1.669s] -- Up-to-date symlink: /home/embedded/ros2_ws/install/astra_camera_msgs/include/astra_camera_msgs/astra_camera_msgs/srv/detail/get_int32__rosidl_typesupport_fastrtps_c.h
[1.669s] -- Up-to-date symlink: /home/embedded/ros2_ws/install/astra_camera_msgs/include/astra_camera_msgs/astra_camera_msgs/srv/detail/get_string__rosidl_typesupport_fastrtps_c.h
[1.669s] -- Up-to-date symlink: /home/embedded/ros2_ws/install/astra_camera_msgs/include/astra_camera_msgs/astra_camera_msgs/srv/detail/set_int32__rosidl_typesupport_fastrtps_c.h
[1.671s] -- Up-to-date symlink: /home/embedded/ros2_ws/install/astra_camera_msgs/include/astra_camera_msgs/astra_camera_msgs/msg/detail/device_info__rosidl_typesupport_introspection_c.h
[1.671s] -- Up-to-date symlink: /home/embedded/ros2_ws/install/astra_camera_msgs/include/astra_camera_msgs/astra_camera_msgs/msg/detail/extrinsics__rosidl_typesupport_introspection_c.h
[1.671s] -- Up-to-date symlink: /home/embedded/ros2_ws/install/astra_camera_msgs/include/astra_camera_msgs/astra_camera_msgs/msg/detail/metadata__rosidl_typesupport_introspection_c.h
[1.671s] -- Up-to-date symlink: /home/embedded/ros2_ws/install/astra_camera_msgs/include/astra_camera_msgs/astra_camera_msgs/msg/rosidl_typesupport_introspection_c__visibility_control.h
[1.671s] -- Up-to-date symlink: /home/embedded/ros2_ws/install/astra_camera_msgs/include/astra_camera_msgs/astra_camera_msgs/srv/detail/get_camera_info__rosidl_typesupport_introspection_c.h
[1.671s] -- Up-to-date symlink: /home/embedded/ros2_ws/install/astra_camera_msgs/include/astra_camera_msgs/astra_camera_msgs/srv/detail/get_camera_params__rosidl_typesupport_introspection_c.h
[1.672s] -- Up-to-date symlink: /home/embedded/ros2_ws/install/astra_camera_msgs/include/astra_camera_msgs/astra_camera_msgs/srv/detail/get_device_info__rosidl_typesupport_introspection_c.h
[1.672s] -- Up-to-date symlink: /home/embedded/ros2_ws/install/astra_camera_msgs/include/astra_camera_msgs/astra_camera_msgs/srv/detail/get_int32__rosidl_typesupport_introspection_c.h
[1.672s] -- Up-to-date symlink: /home/embedded/ros2_ws/install/astra_camera_msgs/include/astra_camera_msgs/astra_camera_msgs/srv/detail/get_string__rosidl_typesupport_introspection_c.h
[1.672s] -- Up-to-date symlink: /home/embedded/ros2_ws/install/astra_camera_msgs/include/astra_camera_msgs/astra_camera_msgs/srv/detail/set_int32__rosidl_typesupport_introspection_c.h
[1.678s] -- Up-to-date symlink: /home/embedded/ros2_ws/install/astra_camera_msgs/include/astra_camera_msgs/astra_camera_msgs/msg/detail/device_info__builder.hpp
[1.681s] -- Up-to-date symlink: /home/embedded/ros2_ws/install/astra_camera_msgs/include/astra_camera_msgs/astra_camera_msgs/msg/detail/device_info__struct.hpp
[1.682s] -- Up-to-date symlink: /home/embedded/ros2_ws/install/astra_camera_msgs/include/astra_camera_msgs/astra_camera_msgs/msg/detail/device_info__traits.hpp
[1.682s] -- Up-to-date symlink: /home/embedded/ros2_ws/install/astra_camera_msgs/include/astra_camera_msgs/astra_camera_msgs/msg/detail/device_info__type_support.hpp
[1.682s] -- Up-to-date symlink: /home/embedded/ros2_ws/install/astra_camera_msgs/include/astra_camera_msgs/astra_camera_msgs/msg/detail/extrinsics__builder.hpp
[1.682s] -- Up-to-date symlink: /home/embedded/ros2_ws/install/astra_camera_msgs/include/astra_camera_msgs/astra_camera_msgs/msg/detail/extrinsics__struct.hpp
[1.683s] -- Up-to-date symlink: /home/embedded/ros2_ws/install/astra_camera_msgs/include/astra_camera_msgs/astra_camera_msgs/msg/detail/extrinsics__traits.hpp
[1.683s] -- Up-to-date symlink: /home/embedded/ros2_ws/install/astra_camera_msgs/include/astra_camera_msgs/astra_camera_msgs/msg/detail/extrinsics__type_support.hpp
[1.683s] -- Up-to-date symlink: /home/embedded/ros2_ws/install/astra_camera_msgs/include/astra_camera_msgs/astra_camera_msgs/msg/detail/metadata__builder.hpp
[1.683s] -- Up-to-date symlink: /home/embedded/ros2_ws/install/astra_camera_msgs/include/astra_camera_msgs/astra_camera_msgs/msg/detail/metadata__struct.hpp
[1.684s] -- Up-to-date symlink: /home/embedded/ros2_ws/install/astra_camera_msgs/include/astra_camera_msgs/astra_camera_msgs/msg/detail/metadata__traits.hpp
[1.684s] -- Up-to-date symlink: /home/embedded/ros2_ws/install/astra_camera_msgs/include/astra_camera_msgs/astra_camera_msgs/msg/detail/metadata__type_support.hpp
[1.684s] -- Up-to-date symlink: /home/embedded/ros2_ws/install/astra_camera_msgs/include/astra_camera_msgs/astra_camera_msgs/msg/device_info.hpp
[1.684s] -- Up-to-date symlink: /home/embedded/ros2_ws/install/astra_camera_msgs/include/astra_camera_msgs/astra_camera_msgs/msg/extrinsics.hpp
[1.684s] -- Up-to-date symlink: /home/embedded/ros2_ws/install/astra_camera_msgs/include/astra_camera_msgs/astra_camera_msgs/msg/metadata.hpp
[1.684s] -- Up-to-date symlink: /home/embedded/ros2_ws/install/astra_camera_msgs/include/astra_camera_msgs/astra_camera_msgs/msg/rosidl_generator_cpp__visibility_control.hpp
[1.684s] -- Up-to-date symlink: /home/embedded/ros2_ws/install/astra_camera_msgs/include/astra_camera_msgs/astra_camera_msgs/srv/detail/get_camera_info__builder.hpp
[1.684s] -- Up-to-date symlink: /home/embedded/ros2_ws/install/astra_camera_msgs/include/astra_camera_msgs/astra_camera_msgs/srv/detail/get_camera_info__struct.hpp
[1.685s] -- Up-to-date symlink: /home/embedded/ros2_ws/install/astra_camera_msgs/include/astra_camera_msgs/astra_camera_msgs/srv/detail/get_camera_info__traits.hpp
[1.686s] -- Up-to-date symlink: /home/embedded/ros2_ws/install/astra_camera_msgs/include/astra_camera_msgs/astra_camera_msgs/srv/detail/get_camera_info__type_support.hpp
[1.686s] -- Up-to-date symlink: /home/embedded/ros2_ws/install/astra_camera_msgs/include/astra_camera_msgs/astra_camera_msgs/srv/detail/get_camera_params__builder.hpp
[1.686s] -- Up-to-date symlink: /home/embedded/ros2_ws/install/astra_camera_msgs/include/astra_camera_msgs/astra_camera_msgs/srv/detail/get_camera_params__struct.hpp
[1.686s] -- Up-to-date symlink: /home/embedded/ros2_ws/install/astra_camera_msgs/include/astra_camera_msgs/astra_camera_msgs/srv/detail/get_camera_params__traits.hpp
[1.686s] -- Up-to-date symlink: /home/embedded/ros2_ws/install/astra_camera_msgs/include/astra_camera_msgs/astra_camera_msgs/srv/detail/get_camera_params__type_support.hpp
[1.686s] -- Up-to-date symlink: /home/embedded/ros2_ws/install/astra_camera_msgs/include/astra_camera_msgs/astra_camera_msgs/srv/detail/get_device_info__builder.hpp
[1.688s] -- Up-to-date symlink: /home/embedded/ros2_ws/install/astra_camera_msgs/include/astra_camera_msgs/astra_camera_msgs/srv/detail/get_device_info__struct.hpp
[1.689s] -- Up-to-date symlink: /home/embedded/ros2_ws/install/astra_camera_msgs/include/astra_camera_msgs/astra_camera_msgs/srv/detail/get_device_info__traits.hpp
[1.689s] -- Up-to-date symlink: /home/embedded/ros2_ws/install/astra_camera_msgs/include/astra_camera_msgs/astra_camera_msgs/srv/detail/get_device_info__type_support.hpp
[1.689s] -- Up-to-date symlink: /home/embedded/ros2_ws/install/astra_camera_msgs/include/astra_camera_msgs/astra_camera_msgs/srv/detail/get_int32__builder.hpp
[1.690s] -- Up-to-date symlink: /home/embedded/ros2_ws/install/astra_camera_msgs/include/astra_camera_msgs/astra_camera_msgs/srv/detail/get_int32__struct.hpp
[1.690s] -- Up-to-date symlink: /home/embedded/ros2_ws/install/astra_camera_msgs/include/astra_camera_msgs/astra_camera_msgs/srv/detail/get_int32__traits.hpp
[1.690s] -- Up-to-date symlink: /home/embedded/ros2_ws/install/astra_camera_msgs/include/astra_camera_msgs/astra_camera_msgs/srv/detail/get_int32__type_support.hpp
[1.690s] -- Up-to-date symlink: /home/embedded/ros2_ws/install/astra_camera_msgs/include/astra_camera_msgs/astra_camera_msgs/srv/detail/get_string__builder.hpp
[1.690s] -- Up-to-date symlink: /home/embedded/ros2_ws/install/astra_camera_msgs/include/astra_camera_msgs/astra_camera_msgs/srv/detail/get_string__struct.hpp
[1.690s] -- Up-to-date symlink: /home/embedded/ros2_ws/install/astra_camera_msgs/include/astra_camera_msgs/astra_camera_msgs/srv/detail/get_string__traits.hpp
[1.693s] -- Up-to-date symlink: /home/embedded/ros2_ws/install/astra_camera_msgs/include/astra_camera_msgs/astra_camera_msgs/srv/detail/get_string__type_support.hpp
[1.694s] -- Up-to-date symlink: /home/embedded/ros2_ws/install/astra_camera_msgs/include/astra_camera_msgs/astra_camera_msgs/srv/detail/set_int32__builder.hpp
[1.694s] -- Up-to-date symlink: /home/embedded/ros2_ws/install/astra_camera_msgs/include/astra_camera_msgs/astra_camera_msgs/srv/detail/set_int32__struct.hpp
[1.695s] -- Up-to-date symlink: /home/embedded/ros2_ws/install/astra_camera_msgs/include/astra_camera_msgs/astra_camera_msgs/srv/detail/set_int32__traits.hpp
[1.695s] -- Up-to-date symlink: /home/embedded/ros2_ws/install/astra_camera_msgs/include/astra_camera_msgs/astra_camera_msgs/srv/detail/set_int32__type_support.hpp
[1.695s] -- Up-to-date symlink: /home/embedded/ros2_ws/install/astra_camera_msgs/include/astra_camera_msgs/astra_camera_msgs/srv/get_camera_info.hpp
[1.695s] -- Up-to-date symlink: /home/embedded/ros2_ws/install/astra_camera_msgs/include/astra_camera_msgs/astra_camera_msgs/srv/get_camera_params.hpp
[1.695s] -- Up-to-date symlink: /home/embedded/ros2_ws/install/astra_camera_msgs/include/astra_camera_msgs/astra_camera_msgs/srv/get_device_info.hpp
[1.695s] -- Up-to-date symlink: /home/embedded/ros2_ws/install/astra_camera_msgs/include/astra_camera_msgs/astra_camera_msgs/srv/get_int32.hpp
[1.696s] -- Up-to-date symlink: /home/embedded/ros2_ws/install/astra_camera_msgs/include/astra_camera_msgs/astra_camera_msgs/srv/get_string.hpp
[1.696s] -- Up-to-date symlink: /home/embedded/ros2_ws/install/astra_camera_msgs/include/astra_camera_msgs/astra_camera_msgs/srv/set_int32.hpp
[1.696s] -- Up-to-date symlink: /home/embedded/ros2_ws/install/astra_camera_msgs/include/astra_camera_msgs/astra_camera_msgs/msg/detail/device_info__rosidl_typesupport_fastrtps_cpp.hpp
[1.696s] -- Up-to-date symlink: /home/embedded/ros2_ws/install/astra_camera_msgs/include/astra_camera_msgs/astra_camera_msgs/msg/detail/extrinsics__rosidl_typesupport_fastrtps_cpp.hpp
[1.696s] -- Up-to-date symlink: /home/embedded/ros2_ws/install/astra_camera_msgs/include/astra_camera_msgs/astra_camera_msgs/msg/detail/metadata__rosidl_typesupport_fastrtps_cpp.hpp
[1.696s] -- Up-to-date symlink: /home/embedded/ros2_ws/install/astra_camera_msgs/include/astra_camera_msgs/astra_camera_msgs/msg/rosidl_typesupport_fastrtps_cpp__visibility_control.h
[1.696s] -- Up-to-date symlink: /home/embedded/ros2_ws/install/astra_camera_msgs/include/astra_camera_msgs/astra_camera_msgs/srv/detail/get_camera_info__rosidl_typesupport_fastrtps_cpp.hpp
[1.696s] -- Up-to-date symlink: /home/embedded/ros2_ws/install/astra_camera_msgs/include/astra_camera_msgs/astra_camera_msgs/srv/detail/get_camera_params__rosidl_typesupport_fastrtps_cpp.hpp
[1.697s] -- Up-to-date symlink: /home/embedded/ros2_ws/install/astra_camera_msgs/include/astra_camera_msgs/astra_camera_msgs/srv/detail/get_device_info__rosidl_typesupport_fastrtps_cpp.hpp
[1.699s] -- Up-to-date symlink: /home/embedded/ros2_ws/install/astra_camera_msgs/include/astra_camera_msgs/astra_camera_msgs/srv/detail/get_int32__rosidl_typesupport_fastrtps_cpp.hpp
[1.700s] -- Up-to-date symlink: /home/embedded/ros2_ws/install/astra_camera_msgs/include/astra_camera_msgs/astra_camera_msgs/srv/detail/get_string__rosidl_typesupport_fastrtps_cpp.hpp
[1.700s] -- Up-to-date symlink: /home/embedded/ros2_ws/install/astra_camera_msgs/include/astra_camera_msgs/astra_camera_msgs/srv/detail/set_int32__rosidl_typesupport_fastrtps_cpp.hpp
[1.701s] -- Up-to-date symlink: /home/embedded/ros2_ws/install/astra_camera_msgs/include/astra_camera_msgs/astra_camera_msgs/msg/detail/device_info__rosidl_typesupport_introspection_cpp.hpp
[1.701s] -- Up-to-date symlink: /home/embedded/ros2_ws/install/astra_camera_msgs/include/astra_camera_msgs/astra_camera_msgs/msg/detail/extrinsics__rosidl_typesupport_introspection_cpp.hpp
[1.701s] -- Up-to-date symlink: /home/embedded/ros2_ws/install/astra_camera_msgs/include/astra_camera_msgs/astra_camera_msgs/msg/detail/metadata__rosidl_typesupport_introspection_cpp.hpp
[1.701s] -- Up-to-date symlink: /home/embedded/ros2_ws/install/astra_camera_msgs/include/astra_camera_msgs/astra_camera_msgs/srv/detail/get_camera_info__rosidl_typesupport_introspection_cpp.hpp
[1.702s] -- Up-to-date symlink: /home/embedded/ros2_ws/install/astra_camera_msgs/include/astra_camera_msgs/astra_camera_msgs/srv/detail/get_camera_params__rosidl_typesupport_introspection_cpp.hpp
[1.702s] -- Up-to-date symlink: /home/embedded/ros2_ws/install/astra_camera_msgs/include/astra_camera_msgs/astra_camera_msgs/srv/detail/get_device_info__rosidl_typesupport_introspection_cpp.hpp
[1.702s] -- Up-to-date symlink: /home/embedded/ros2_ws/install/astra_camera_msgs/include/astra_camera_msgs/astra_camera_msgs/srv/detail/get_int32__rosidl_typesupport_introspection_cpp.hpp
[1.703s] -- Up-to-date symlink: /home/embedded/ros2_ws/install/astra_camera_msgs/include/astra_camera_msgs/astra_camera_msgs/srv/detail/get_string__rosidl_typesupport_introspection_cpp.hpp
[1.706s] -- Up-to-date symlink: /home/embedded/ros2_ws/install/astra_camera_msgs/include/astra_camera_msgs/astra_camera_msgs/srv/detail/set_int32__rosidl_typesupport_introspection_cpp.hpp
[1.707s] -- Up-to-date symlink: /home/embedded/ros2_ws/install/astra_camera_msgs/share/astra_camera_msgs/environment/pythonpath.sh
[1.707s] -- Up-to-date symlink: /home/embedded/ros2_ws/install/astra_camera_msgs/share/astra_camera_msgs/environment/pythonpath.dsv
[1.707s] -- Up-to-date symlink: /home/embedded/ros2_ws/install/astra_camera_msgs/lib/python3.12/site-packages/astra_camera_msgs-1.0.1-py3.12.egg-info/PKG-INFO
[1.707s] -- Up-to-date symlink: /home/embedded/ros2_ws/install/astra_camera_msgs/lib/python3.12/site-packages/astra_camera_msgs-1.0.1-py3.12.egg-info/SOURCES.txt
[1.707s] -- Up-to-date symlink: /home/embedded/ros2_ws/install/astra_camera_msgs/lib/python3.12/site-packages/astra_camera_msgs-1.0.1-py3.12.egg-info/dependency_links.txt
[1.707s] -- Up-to-date symlink: /home/embedded/ros2_ws/install/astra_camera_msgs/lib/python3.12/site-packages/astra_camera_msgs-1.0.1-py3.12.egg-info/top_level.txt
[1.708s] -- Up-to-date symlink: /home/embedded/ros2_ws/install/astra_camera_msgs/lib/python3.12/site-packages/astra_camera_msgs/__init__.py
[1.708s] -- Up-to-date symlink: /home/embedded/ros2_ws/install/astra_camera_msgs/lib/python3.12/site-packages/astra_camera_msgs/_astra_camera_msgs_s.ep.rosidl_typesupport_c.c
[1.708s] -- Up-to-date symlink: /home/embedded/ros2_ws/install/astra_camera_msgs/lib/python3.12/site-packages/astra_camera_msgs/_astra_camera_msgs_s.ep.rosidl_typesupport_fastrtps_c.c
[1.708s] -- Up-to-date symlink: /home/embedded/ros2_ws/install/astra_camera_msgs/lib/python3.12/site-packages/astra_camera_msgs/_astra_camera_msgs_s.ep.rosidl_typesupport_introspection_c.c
[1.708s] -- Up-to-date symlink: /home/embedded/ros2_ws/install/astra_camera_msgs/lib/python3.12/site-packages/astra_camera_msgs/astra_camera_msgs_s__rosidl_typesupport_c.so
[1.709s] -- Up-to-date symlink: /home/embedded/ros2_ws/install/astra_camera_msgs/lib/python3.12/site-packages/astra_camera_msgs/astra_camera_msgs_s__rosidl_typesupport_fastrtps_c.so
[1.709s] -- Up-to-date symlink: /home/embedded/ros2_ws/install/astra_camera_msgs/lib/python3.12/site-packages/astra_camera_msgs/astra_camera_msgs_s__rosidl_typesupport_introspection_c.so
[1.709s] -- Up-to-date symlink: /home/embedded/ros2_ws/install/astra_camera_msgs/lib/python3.12/site-packages/astra_camera_msgs/msg/__init__.py
[1.709s] -- Up-to-date symlink: /home/embedded/ros2_ws/install/astra_camera_msgs/lib/python3.12/site-packages/astra_camera_msgs/msg/_device_info.py
[1.709s] -- Up-to-date symlink: /home/embedded/ros2_ws/install/astra_camera_msgs/lib/python3.12/site-packages/astra_camera_msgs/msg/_device_info_s.c
[1.709s] -- Up-to-date symlink: /home/embedded/ros2_ws/install/astra_camera_msgs/lib/python3.12/site-packages/astra_camera_msgs/msg/_extrinsics.py
[1.710s] -- Up-to-date symlink: /home/embedded/ros2_ws/install/astra_camera_msgs/lib/python3.12/site-packages/astra_camera_msgs/msg/_extrinsics_s.c
[1.710s] -- Up-to-date symlink: /home/embedded/ros2_ws/install/astra_camera_msgs/lib/python3.12/site-packages/astra_camera_msgs/msg/_metadata.py
[1.710s] -- Up-to-date symlink: /home/embedded/ros2_ws/install/astra_camera_msgs/lib/python3.12/site-packages/astra_camera_msgs/msg/_metadata_s.c
[1.714s] -- Up-to-date symlink: /home/embedded/ros2_ws/install/astra_camera_msgs/lib/python3.12/site-packages/astra_camera_msgs/srv/__init__.py
[1.714s] -- Up-to-date symlink: /home/embedded/ros2_ws/install/astra_camera_msgs/lib/python3.12/site-packages/astra_camera_msgs/srv/_get_camera_info.py
[1.714s] -- Up-to-date symlink: /home/embedded/ros2_ws/install/astra_camera_msgs/lib/python3.12/site-packages/astra_camera_msgs/srv/_get_camera_info_s.c
[1.714s] -- Up-to-date symlink: /home/embedded/ros2_ws/install/astra_camera_msgs/lib/python3.12/site-packages/astra_camera_msgs/srv/_get_camera_params.py
[1.714s] -- Up-to-date symlink: /home/embedded/ros2_ws/install/astra_camera_msgs/lib/python3.12/site-packages/astra_camera_msgs/srv/_get_camera_params_s.c
[1.714s] -- Up-to-date symlink: /home/embedded/ros2_ws/install/astra_camera_msgs/lib/python3.12/site-packages/astra_camera_msgs/srv/_get_device_info.py
[1.715s] -- Up-to-date symlink: /home/embedded/ros2_ws/install/astra_camera_msgs/lib/python3.12/site-packages/astra_camera_msgs/srv/_get_device_info_s.c
[1.715s] -- Up-to-date symlink: /home/embedded/ros2_ws/install/astra_camera_msgs/lib/python3.12/site-packages/astra_camera_msgs/srv/_get_int32.py
[1.715s] -- Up-to-date symlink: /home/embedded/ros2_ws/install/astra_camera_msgs/lib/python3.12/site-packages/astra_camera_msgs/srv/_get_int32_s.c
[1.715s] -- Up-to-date symlink: /home/embedded/ros2_ws/install/astra_camera_msgs/lib/python3.12/site-packages/astra_camera_msgs/srv/_get_string.py
[1.715s] -- Up-to-date symlink: /home/embedded/ros2_ws/install/astra_camera_msgs/lib/python3.12/site-packages/astra_camera_msgs/srv/_get_string_s.c
[1.715s] -- Up-to-date symlink: /home/embedded/ros2_ws/install/astra_camera_msgs/lib/python3.12/site-packages/astra_camera_msgs/srv/_set_int32.py
[1.715s] -- Up-to-date symlink: /home/embedded/ros2_ws/install/astra_camera_msgs/lib/python3.12/site-packages/astra_camera_msgs/srv/_set_int32_s.c
[1.715s] -- Up-to-date symlink: /home/embedded/ros2_ws/install/astra_camera_msgs/lib/python3.12/site-packages/astra_camera_msgs/astra_camera_msgs_s__rosidl_typesupport_fastrtps_c.so
[1.715s] -- Up-to-date symlink: /home/embedded/ros2_ws/install/astra_camera_msgs/lib/python3.12/site-packages/astra_camera_msgs/astra_camera_msgs_s__rosidl_typesupport_introspection_c.so
[1.716s] -- Up-to-date symlink: /home/embedded/ros2_ws/install/astra_camera_msgs/lib/python3.12/site-packages/astra_camera_msgs/astra_camera_msgs_s__rosidl_typesupport_c.so
[1.716s] -- Up-to-date symlink: /home/embedded/ros2_ws/install/astra_camera_msgs/share/astra_camera_msgs/msg/DeviceInfo.idl
[1.716s] -- Up-to-date symlink: /home/embedded/ros2_ws/install/astra_camera_msgs/share/astra_camera_msgs/msg/Extrinsics.idl
[1.716s] -- Up-to-date symlink: /home/embedded/ros2_ws/install/astra_camera_msgs/share/astra_camera_msgs/msg/Metadata.idl
[1.716s] -- Up-to-date symlink: /home/embedded/ros2_ws/install/astra_camera_msgs/share/astra_camera_msgs/srv/GetDeviceInfo.idl
[1.716s] -- Up-to-date symlink: /home/embedded/ros2_ws/install/astra_camera_msgs/share/astra_camera_msgs/srv/GetCameraInfo.idl
[1.716s] -- Up-to-date symlink: /home/embedded/ros2_ws/install/astra_camera_msgs/share/astra_camera_msgs/srv/GetCameraParams.idl
[1.716s] -- Up-to-date symlink: /home/embedded/ros2_ws/install/astra_camera_msgs/share/astra_camera_msgs/srv/GetInt32.idl
[1.716s] -- Up-to-date symlink: /home/embedded/ros2_ws/install/astra_camera_msgs/share/astra_camera_msgs/srv/GetString.idl
[1.716s] -- Up-to-date symlink: /home/embedded/ros2_ws/install/astra_camera_msgs/share/astra_camera_msgs/srv/SetInt32.idl
[1.717s] -- Up-to-date symlink: /home/embedded/ros2_ws/install/astra_camera_msgs/share/astra_camera_msgs/msg/DeviceInfo.msg
[1.717s] -- Up-to-date symlink: /home/embedded/ros2_ws/install/astra_camera_msgs/share/astra_camera_msgs/msg/Extrinsics.msg
[1.717s] -- Up-to-date symlink: /home/embedded/ros2_ws/install/astra_camera_msgs/share/astra_camera_msgs/msg/Metadata.msg
[1.717s] -- Up-to-date symlink: /home/embedded/ros2_ws/install/astra_camera_msgs/share/astra_camera_msgs/srv/GetDeviceInfo.srv
[1.717s] -- Up-to-date symlink: /home/embedded/ros2_ws/install/astra_camera_msgs/share/astra_camera_msgs/srv/GetCameraInfo.srv
[1.719s] -- Up-to-date symlink: /home/embedded/ros2_ws/install/astra_camera_msgs/share/astra_camera_msgs/srv/GetCameraParams.srv
[1.720s] -- Up-to-date symlink: /home/embedded/ros2_ws/install/astra_camera_msgs/share/astra_camera_msgs/srv/GetInt32.srv
[1.720s] -- Up-to-date symlink: /home/embedded/ros2_ws/install/astra_camera_msgs/share/astra_camera_msgs/srv/GetString.srv
[1.720s] -- Up-to-date symlink: /home/embedded/ros2_ws/install/astra_camera_msgs/share/astra_camera_msgs/srv/SetInt32.srv
[1.720s] -- Up-to-date symlink: /home/embedded/ros2_ws/install/astra_camera_msgs/share/ament_index/resource_index/package_run_dependencies/astra_camera_msgs
[1.720s] -- Up-to-date symlink: /home/embedded/ros2_ws/install/astra_camera_msgs/share/ament_index/resource_index/parent_prefix_path/astra_camera_msgs
[1.720s] -- Up-to-date symlink: /home/embedded/ros2_ws/install/astra_camera_msgs/share/astra_camera_msgs/environment/ament_prefix_path.sh
[1.720s] -- Up-to-date symlink: /home/embedded/ros2_ws/install/astra_camera_msgs/share/astra_camera_msgs/environment/ament_prefix_path.dsv
[1.720s] -- Up-to-date symlink: /home/embedded/ros2_ws/install/astra_camera_msgs/share/astra_camera_msgs/environment/path.sh
[1.720s] -- Up-to-date symlink: /home/embedded/ros2_ws/install/astra_camera_msgs/share/astra_camera_msgs/environment/path.dsv
[1.721s] -- Up-to-date symlink: /home/embedded/ros2_ws/install/astra_camera_msgs/share/astra_camera_msgs/local_setup.bash
[1.721s] -- Up-to-date symlink: /home/embedded/ros2_ws/install/astra_camera_msgs/share/astra_camera_msgs/local_setup.sh
[1.721s] -- Up-to-date symlink: /home/embedded/ros2_ws/install/astra_camera_msgs/share/astra_camera_msgs/local_setup.zsh
[1.721s] -- Up-to-date symlink: /home/embedded/ros2_ws/install/astra_camera_msgs/share/astra_camera_msgs/local_setup.dsv
[1.721s] -- Symlinking: /home/embedded/ros2_ws/install/astra_camera_msgs/share/astra_camera_msgs/package.dsv
[1.767s] -- Up-to-date symlink: /home/embedded/ros2_ws/install/astra_camera_msgs/share/ament_index/resource_index/packages/astra_camera_msgs
[1.768s] -- Up-to-date symlink: /home/embedded/ros2_ws/install/astra_camera_msgs/share/astra_camera_msgs/cmake/rosidl_cmake-extras.cmake
[1.773s] -- Up-to-date symlink: /home/embedded/ros2_ws/install/astra_camera_msgs/share/astra_camera_msgs/cmake/ament_cmake_export_dependencies-extras.cmake
[1.773s] -- Up-to-date symlink: /home/embedded/ros2_ws/install/astra_camera_msgs/share/astra_camera_msgs/cmake/ament_cmake_export_include_directories-extras.cmake
[1.774s] -- Up-to-date symlink: /home/embedded/ros2_ws/install/astra_camera_msgs/share/astra_camera_msgs/cmake/ament_cmake_export_libraries-extras.cmake
[1.774s] -- Up-to-date symlink: /home/embedded/ros2_ws/install/astra_camera_msgs/share/astra_camera_msgs/cmake/ament_cmake_export_targets-extras.cmake
[1.774s] -- Up-to-date symlink: /home/embedded/ros2_ws/install/astra_camera_msgs/share/astra_camera_msgs/cmake/rosidl_cmake_export_typesupport_targets-extras.cmake
[1.775s] -- Up-to-date symlink: /home/embedded/ros2_ws/install/astra_camera_msgs/share/astra_camera_msgs/cmake/rosidl_cmake_export_typesupport_libraries-extras.cmake
[1.775s] -- Up-to-date symlink: /home/embedded/ros2_ws/install/astra_camera_msgs/share/astra_camera_msgs/cmake/astra_camera_msgsConfig.cmake
[1.775s] -- Up-to-date symlink: /home/embedded/ros2_ws/install/astra_camera_msgs/share/astra_camera_msgs/cmake/astra_camera_msgsConfig-version.cmake
[1.780s] -- Up-to-date symlink: /home/embedded/ros2_ws/install/astra_camera_msgs/share/astra_camera_msgs/package.xml
[1.780s] -- Up-to-date: /home/embedded/ros2_ws/install/astra_camera_msgs/lib/libastra_camera_msgs__rosidl_generator_c.so
[1.783s] -- Up-to-date: /home/embedded/ros2_ws/install/astra_camera_msgs/lib/libastra_camera_msgs__rosidl_typesupport_fastrtps_c.so
[1.783s] -- Up-to-date: /home/embedded/ros2_ws/install/astra_camera_msgs/lib/libastra_camera_msgs__rosidl_typesupport_introspection_c.so
[1.783s] -- Up-to-date: /home/embedded/ros2_ws/install/astra_camera_msgs/lib/libastra_camera_msgs__rosidl_typesupport_c.so
[1.784s] -- Up-to-date: /home/embedded/ros2_ws/install/astra_camera_msgs/lib/libastra_camera_msgs__rosidl_typesupport_fastrtps_cpp.so
[1.784s] -- Up-to-date: /home/embedded/ros2_ws/install/astra_camera_msgs/lib/libastra_camera_msgs__rosidl_typesupport_introspection_cpp.so
[1.784s] -- Up-to-date: /home/embedded/ros2_ws/install/astra_camera_msgs/lib/libastra_camera_msgs__rosidl_typesupport_cpp.so
[1.917s] Listing '/home/embedded/ros2_ws/install/astra_camera_msgs/lib/python3.12/site-packages/astra_camera_msgs'...
[1.918s] Listing '/home/embedded/ros2_ws/install/astra_camera_msgs/lib/python3.12/site-packages/astra_camera_msgs/msg'...
[1.918s] Listing '/home/embedded/ros2_ws/install/astra_camera_msgs/lib/python3.12/site-packages/astra_camera_msgs/srv'...
[1.976s] -- Up-to-date: /home/embedded/ros2_ws/install/astra_camera_msgs/lib/libastra_camera_msgs__rosidl_generator_py.so
[1.977s] -- Up-to-date: /home/embedded/ros2_ws/install/astra_camera_msgs/share/astra_camera_msgs/cmake/export_astra_camera_msgs__rosidl_generator_cExport.cmake
[1.977s] -- Up-to-date: /home/embedded/ros2_ws/install/astra_camera_msgs/share/astra_camera_msgs/cmake/export_astra_camera_msgs__rosidl_generator_cExport-noconfig.cmake
[1.980s] -- Up-to-date: /home/embedded/ros2_ws/install/astra_camera_msgs/share/astra_camera_msgs/cmake/export_astra_camera_msgs__rosidl_typesupport_fastrtps_cExport.cmake
[1.981s] -- Up-to-date: /home/embedded/ros2_ws/install/astra_camera_msgs/share/astra_camera_msgs/cmake/export_astra_camera_msgs__rosidl_typesupport_fastrtps_cExport-noconfig.cmake
[1.981s] -- Up-to-date: /home/embedded/ros2_ws/install/astra_camera_msgs/share/astra_camera_msgs/cmake/astra_camera_msgs__rosidl_typesupport_introspection_cExport.cmake
[1.981s] -- Up-to-date: /home/embedded/ros2_ws/install/astra_camera_msgs/share/astra_camera_msgs/cmake/astra_camera_msgs__rosidl_typesupport_introspection_cExport-noconfig.cmake
[1.982s] -- Up-to-date: /home/embedded/ros2_ws/install/astra_camera_msgs/share/astra_camera_msgs/cmake/astra_camera_msgs__rosidl_typesupport_cExport.cmake
[1.982s] -- Up-to-date: /home/embedded/ros2_ws/install/astra_camera_msgs/share/astra_camera_msgs/cmake/astra_camera_msgs__rosidl_typesupport_cExport-noconfig.cmake
[1.983s] -- Up-to-date: /home/embedded/ros2_ws/install/astra_camera_msgs/share/astra_camera_msgs/cmake/export_astra_camera_msgs__rosidl_generator_cppExport.cmake
[1.983s] -- Up-to-date: /home/embedded/ros2_ws/install/astra_camera_msgs/share/astra_camera_msgs/cmake/export_astra_camera_msgs__rosidl_typesupport_fastrtps_cppExport.cmake
[1.983s] -- Up-to-date: /home/embedded/ros2_ws/install/astra_camera_msgs/share/astra_camera_msgs/cmake/export_astra_camera_msgs__rosidl_typesupport_fastrtps_cppExport-noconfig.cmake
[1.993s] -- Up-to-date: /home/embedded/ros2_ws/install/astra_camera_msgs/share/astra_camera_msgs/cmake/astra_camera_msgs__rosidl_typesupport_introspection_cppExport.cmake
[1.993s] -- Up-to-date: /home/embedded/ros2_ws/install/astra_camera_msgs/share/astra_camera_msgs/cmake/astra_camera_msgs__rosidl_typesupport_introspection_cppExport-noconfig.cmake
[1.993s] -- Up-to-date: /home/embedded/ros2_ws/install/astra_camera_msgs/share/astra_camera_msgs/cmake/astra_camera_msgs__rosidl_typesupport_cppExport.cmake
[1.993s] -- Up-to-date: /home/embedded/ros2_ws/install/astra_camera_msgs/share/astra_camera_msgs/cmake/astra_camera_msgs__rosidl_typesupport_cppExport-noconfig.cmake
[1.993s] -- Up-to-date: /home/embedded/ros2_ws/install/astra_camera_msgs/share/astra_camera_msgs/cmake/export_astra_camera_msgs__rosidl_generator_pyExport.cmake
[1.993s] -- Up-to-date: /home/embedded/ros2_ws/install/astra_camera_msgs/share/astra_camera_msgs/cmake/export_astra_camera_msgs__rosidl_generator_pyExport-noconfig.cmake
[2.052s] Invoked command in '/home/embedded/ros2_ws/build/astra_camera_msgs' returned '0': CMAKE_PREFIX_PATH=${CMAKE_PREFIX_PATH}:/opt/ros/jazzy /usr/bin/cmake --install /home/embedded/ros2_ws/build/astra_camera_msgs
