[0.000000] (-) TimerEvent: {}
[0.000416] (-) JobUnselected: {'identifier': 'astra_camera'}
[0.000669] (-) JobUnselected: {'identifier': 'astra_camera_msgs'}
[0.000713] (-) JobUnselected: {'identifier': 'aws_robomaker_bookstore_world'}
[0.000737] (-) JobUnselected: {'identifier': 'aws_robomaker_racetrack_world'}
[0.000759] (-) JobUnselected: {'identifier': 'aws_robomaker_small_house_world'}
[0.000779] (-) JobUnselected: {'identifier': 'aws_robomaker_small_warehouse_world'}
[0.000797] (-) JobUnselected: {'identifier': 'ecl_command_line'}
[0.000815] (-) JobUnselected: {'identifier': 'ecl_concepts'}
[0.000834] (-) JobUnselected: {'identifier': 'ecl_config'}
[0.000853] (-) JobUnselected: {'identifier': 'ecl_console'}
[0.000872] (-) JobUnselected: {'identifier': 'ecl_containers'}
[0.000891] (-) JobUnselected: {'identifier': 'ecl_converters'}
[0.000909] (-) JobUnselected: {'identifier': 'ecl_converters_lite'}
[0.000927] (-) JobUnselected: {'identifier': 'ecl_core'}
[0.000950] (-) JobUnselected: {'identifier': 'ecl_core_apps'}
[0.000968] (-) JobUnselected: {'identifier': 'ecl_devices'}
[0.000988] (-) JobUnselected: {'identifier': 'ecl_eigen'}
[0.001007] (-) JobUnselected: {'identifier': 'ecl_errors'}
[0.001025] (-) JobUnselected: {'identifier': 'ecl_exceptions'}
[0.001083] (-) JobUnselected: {'identifier': 'ecl_filesystem'}
[0.001107] (-) JobUnselected: {'identifier': 'ecl_formatters'}
[0.001124] (-) JobUnselected: {'identifier': 'ecl_geometry'}
[0.001144] (-) JobUnselected: {'identifier': 'ecl_io'}
[0.001164] (-) JobUnselected: {'identifier': 'ecl_ipc'}
[0.001183] (-) JobUnselected: {'identifier': 'ecl_linear_algebra'}
[0.001203] (-) JobUnselected: {'identifier': 'ecl_lite'}
[0.001221] (-) JobUnselected: {'identifier': 'ecl_manipulators'}
[0.001239] (-) JobUnselected: {'identifier': 'ecl_math'}
[0.001258] (-) JobUnselected: {'identifier': 'ecl_mobile_robot'}
[0.001275] (-) JobUnselected: {'identifier': 'ecl_mpl'}
[0.001293] (-) JobUnselected: {'identifier': 'ecl_sigslots'}
[0.001310] (-) JobUnselected: {'identifier': 'ecl_sigslots_lite'}
[0.001339] (-) JobUnselected: {'identifier': 'ecl_statistics'}
[0.001386] (-) JobUnselected: {'identifier': 'ecl_streams'}
[0.001407] (-) JobUnselected: {'identifier': 'ecl_threads'}
[0.001426] (-) JobUnselected: {'identifier': 'ecl_time'}
[0.001445] (-) JobUnselected: {'identifier': 'ecl_time_lite'}
[0.001462] (-) JobUnselected: {'identifier': 'ecl_type_traits'}
[0.001480] (-) JobUnselected: {'identifier': 'ecl_utilities'}
[0.001496] (-) JobUnselected: {'identifier': 'kobuki'}
[0.001513] (-) JobUnselected: {'identifier': 'kobuki_auto_docking'}
[0.001530] (-) JobUnselected: {'identifier': 'kobuki_bumper2pc'}
[0.001547] (-) JobUnselected: {'identifier': 'kobuki_core'}
[0.001566] (-) JobUnselected: {'identifier': 'kobuki_description'}
[0.001585] (-) JobUnselected: {'identifier': 'kobuki_keyop'}
[0.001603] (-) JobUnselected: {'identifier': 'kobuki_node'}
[0.001622] (-) JobUnselected: {'identifier': 'kobuki_random_walker'}
[0.001641] (-) JobUnselected: {'identifier': 'kobuki_ros'}
[0.001657] (-) JobUnselected: {'identifier': 'kobuki_ros_interfaces'}
[0.001675] (-) JobUnselected: {'identifier': 'kobuki_safety_controller'}
[0.001692] (-) JobUnselected: {'identifier': 'openni2_camera'}
[0.001708] (-) JobUnselected: {'identifier': 'rplidar_ros'}
[0.002422] (-) EventReactorShutdown: {}
