[0.109s] Invoking command in '/home/embedded/ros2_ws/build/ecl_containers': AMENT_PREFIX_PATH=/home/embedded/ros2_ws/install/ecl_formatters:/home/embedded/ros2_ws/install/ecl_utilities:/home/embedded/ros2_ws/install/ecl_converters:/home/embedded/ros2_ws/install/ecl_exceptions:/home/embedded/ros2_ws/install/ecl_concepts:/home/embedded/ros2_ws/install/ecl_type_traits:/home/embedded/ros2_ws/install/ecl_errors:/home/embedded/ros2_ws/install/ecl_mpl:/home/embedded/ros2_ws/install/ecl_config:${AMENT_PREFIX_PATH} CMAKE_PREFIX_PATH=/home/embedded/ros2_ws/install/ecl_formatters:/home/embedded/ros2_ws/install/ecl_utilities:/home/embedded/ros2_ws/install/ecl_converters:/home/embedded/ros2_ws/install/ecl_exceptions:/home/embedded/ros2_ws/install/ecl_concepts:/home/embedded/ros2_ws/install/ecl_type_traits:/home/embedded/ros2_ws/install/ecl_errors:/home/embedded/ros2_ws/install/ecl_mpl:/home/embedded/ros2_ws/install/ecl_config:/opt/ros/jazzy/opt/gz_sim_vendor:/opt/ros/jazzy/opt/gz_sensors_vendor:/opt/ros/jazzy/opt/gz_physics_vendor:/opt/ros/jazzy/opt/sdformat_vendor:/opt/ros/jazzy/opt/gz_gui_vendor:/opt/ros/jazzy/opt/gz_transport_vendor:/opt/ros/jazzy/opt/gz_rendering_vendor:/opt/ros/jazzy/opt/gz_plugin_vendor:/opt/ros/jazzy/opt/gz_fuel_tools_vendor:/opt/ros/jazzy/opt/gz_msgs_vendor:/opt/ros/jazzy/opt/gz_common_vendor:/opt/ros/jazzy/opt/gz_tools_vendor:/opt/ros/jazzy/opt/gz_ogre_next_vendor:/opt/ros/jazzy/opt/gz_dartsim_vendor:/opt/ros/jazzy/opt/gz_math_vendor:/opt/ros/jazzy/opt/gz_utils_vendor:/opt/ros/jazzy/opt/gz_cmake_vendor:/opt/ros/jazzy LD_LIBRARY_PATH=/home/embedded/ros2_ws/install/ecl_formatters/lib:/home/embedded/ros2_ws/install/ecl_exceptions/lib:/home/embedded/ros2_ws/install/ecl_type_traits/lib:/home/embedded/ros2_ws/install/ecl_errors/lib:${LD_LIBRARY_PATH} PATH=/home/embedded/ros2_ws/install/ecl_type_traits/bin:/home/embedded/ros2_ws/install/ecl_config/bin:${PATH} /usr/bin/cmake /home/embedded/ros2_ws/src/ThirdParty/ecl/ecl_core/ecl_containers -DAMENT_CMAKE_SYMLINK_INSTALL=1 -DCMAKE_INSTALL_PREFIX=/home/embedded/ros2_ws/install/ecl_containers
[0.345s] -- The C compiler identification is GNU 13.3.0
[0.502s] -- The CXX compiler identification is GNU 13.3.0
[0.548s] -- Detecting C compiler ABI info
[0.862s] -- Detecting C compiler ABI info - done
[0.868s] -- Check for working C compiler: /usr/bin/cc - skipped
[0.869s] -- Detecting C compile features
[0.869s] -- Detecting C compile features - done
[0.898s] -- Detecting CXX compiler ABI info
[1.175s] -- Detecting CXX compiler ABI info - done
[1.209s] -- Check for working CXX compiler: /usr/bin/c++ - skipped
[1.209s] -- Detecting CXX compile features
[1.209s] -- Detecting CXX compile features - done
[1.218s] -- Found ament_cmake_ros: 0.12.0 (/opt/ros/jazzy/share/ament_cmake_ros/cmake)
[1.671s] -- Found Python3: /usr/bin/python3 (found version "3.12.3") found components: Interpreter 
[1.877s] -- Override CMake install command with custom implementation using symlinks instead of copying resources
[2.012s] -- Found ecl_build: 1.0.3 (/opt/ros/jazzy/share/ecl_build/cmake)
[2.020s] [0mCMake Deprecation Warning at /opt/ros/jazzy/share/ecl_build/cmake/cotire.cmake:45 (cmake_minimum_required):
[2.020s]   Compatibility with CMake < 3.5 will be removed from a future version of
[2.020s]   CMake.
[2.020s] 
[2.020s]   Update the VERSION argument <min> value or use a ...<max> suffix to tell
[2.020s]   CMake that the project does not need compatibility with older versions.
[2.021s] Call Stack (most recent call first):
[2.021s]   /opt/ros/jazzy/share/ecl_build/cmake/ecl_buildConfig.cmake:41 (include)
[2.021s]   CMakeLists.txt:17 (find_package)
[2.021s] 
[2.021s] [0m
[2.027s] -- Found ecl_config: 1.2.0 (/home/embedded/ros2_ws/install/ecl_config/share/ecl_config/cmake)
[2.027s] -- Found ecl_converters: 1.2.1 (/home/embedded/ros2_ws/install/ecl_converters/share/ecl_converters/cmake)
[2.061s] -- Found ecl_formatters: 1.2.1 (/home/embedded/ros2_ws/install/ecl_formatters/share/ecl_formatters/cmake)
[2.067s] -- Found ecl_utilities: 1.2.1 (/home/embedded/ros2_ws/install/ecl_utilities/share/ecl_utilities/cmake)
[2.462s] -- Found ament_lint_auto: 0.17.2 (/opt/ros/jazzy/share/ament_lint_auto/cmake)
[2.548s] -- Found gtest sources under '/opt/ros/jazzy/src/gtest_vendor': C++ tests using 'Google Test' will be built
[2.550s] -- Performing Test CMAKE_HAVE_LIBC_PTHREAD
[2.808s] -- Performing Test CMAKE_HAVE_LIBC_PTHREAD - Success
[2.810s] -- Found Threads: TRUE  
[2.845s] -- Configuring done (2.7s)
[2.893s] -- Generating done (0.0s)
[2.908s] -- Build files have been written to: /home/embedded/ros2_ws/build/ecl_containers
[2.932s] Invoked command in '/home/embedded/ros2_ws/build/ecl_containers' returned '0': AMENT_PREFIX_PATH=/home/embedded/ros2_ws/install/ecl_formatters:/home/embedded/ros2_ws/install/ecl_utilities:/home/embedded/ros2_ws/install/ecl_converters:/home/embedded/ros2_ws/install/ecl_exceptions:/home/embedded/ros2_ws/install/ecl_concepts:/home/embedded/ros2_ws/install/ecl_type_traits:/home/embedded/ros2_ws/install/ecl_errors:/home/embedded/ros2_ws/install/ecl_mpl:/home/embedded/ros2_ws/install/ecl_config:${AMENT_PREFIX_PATH} CMAKE_PREFIX_PATH=/home/embedded/ros2_ws/install/ecl_formatters:/home/embedded/ros2_ws/install/ecl_utilities:/home/embedded/ros2_ws/install/ecl_converters:/home/embedded/ros2_ws/install/ecl_exceptions:/home/embedded/ros2_ws/install/ecl_concepts:/home/embedded/ros2_ws/install/ecl_type_traits:/home/embedded/ros2_ws/install/ecl_errors:/home/embedded/ros2_ws/install/ecl_mpl:/home/embedded/ros2_ws/install/ecl_config:/opt/ros/jazzy/opt/gz_sim_vendor:/opt/ros/jazzy/opt/gz_sensors_vendor:/opt/ros/jazzy/opt/gz_physics_vendor:/opt/ros/jazzy/opt/sdformat_vendor:/opt/ros/jazzy/opt/gz_gui_vendor:/opt/ros/jazzy/opt/gz_transport_vendor:/opt/ros/jazzy/opt/gz_rendering_vendor:/opt/ros/jazzy/opt/gz_plugin_vendor:/opt/ros/jazzy/opt/gz_fuel_tools_vendor:/opt/ros/jazzy/opt/gz_msgs_vendor:/opt/ros/jazzy/opt/gz_common_vendor:/opt/ros/jazzy/opt/gz_tools_vendor:/opt/ros/jazzy/opt/gz_ogre_next_vendor:/opt/ros/jazzy/opt/gz_dartsim_vendor:/opt/ros/jazzy/opt/gz_math_vendor:/opt/ros/jazzy/opt/gz_utils_vendor:/opt/ros/jazzy/opt/gz_cmake_vendor:/opt/ros/jazzy LD_LIBRARY_PATH=/home/embedded/ros2_ws/install/ecl_formatters/lib:/home/embedded/ros2_ws/install/ecl_exceptions/lib:/home/embedded/ros2_ws/install/ecl_type_traits/lib:/home/embedded/ros2_ws/install/ecl_errors/lib:${LD_LIBRARY_PATH} PATH=/home/embedded/ros2_ws/install/ecl_type_traits/bin:/home/embedded/ros2_ws/install/ecl_config/bin:${PATH} /usr/bin/cmake /home/embedded/ros2_ws/src/ThirdParty/ecl/ecl_core/ecl_containers -DAMENT_CMAKE_SYMLINK_INSTALL=1 -DCMAKE_INSTALL_PREFIX=/home/embedded/ros2_ws/install/ecl_containers
[2.933s] Invoking command in '/home/embedded/ros2_ws/build/ecl_containers': AMENT_PREFIX_PATH=/home/embedded/ros2_ws/install/ecl_formatters:/home/embedded/ros2_ws/install/ecl_utilities:/home/embedded/ros2_ws/install/ecl_converters:/home/embedded/ros2_ws/install/ecl_exceptions:/home/embedded/ros2_ws/install/ecl_concepts:/home/embedded/ros2_ws/install/ecl_type_traits:/home/embedded/ros2_ws/install/ecl_errors:/home/embedded/ros2_ws/install/ecl_mpl:/home/embedded/ros2_ws/install/ecl_config:${AMENT_PREFIX_PATH} CMAKE_PREFIX_PATH=/home/embedded/ros2_ws/install/ecl_formatters:/home/embedded/ros2_ws/install/ecl_utilities:/home/embedded/ros2_ws/install/ecl_converters:/home/embedded/ros2_ws/install/ecl_exceptions:/home/embedded/ros2_ws/install/ecl_concepts:/home/embedded/ros2_ws/install/ecl_type_traits:/home/embedded/ros2_ws/install/ecl_errors:/home/embedded/ros2_ws/install/ecl_mpl:/home/embedded/ros2_ws/install/ecl_config:/opt/ros/jazzy/opt/gz_sim_vendor:/opt/ros/jazzy/opt/gz_sensors_vendor:/opt/ros/jazzy/opt/gz_physics_vendor:/opt/ros/jazzy/opt/sdformat_vendor:/opt/ros/jazzy/opt/gz_gui_vendor:/opt/ros/jazzy/opt/gz_transport_vendor:/opt/ros/jazzy/opt/gz_rendering_vendor:/opt/ros/jazzy/opt/gz_plugin_vendor:/opt/ros/jazzy/opt/gz_fuel_tools_vendor:/opt/ros/jazzy/opt/gz_msgs_vendor:/opt/ros/jazzy/opt/gz_common_vendor:/opt/ros/jazzy/opt/gz_tools_vendor:/opt/ros/jazzy/opt/gz_ogre_next_vendor:/opt/ros/jazzy/opt/gz_dartsim_vendor:/opt/ros/jazzy/opt/gz_math_vendor:/opt/ros/jazzy/opt/gz_utils_vendor:/opt/ros/jazzy/opt/gz_cmake_vendor:/opt/ros/jazzy LD_LIBRARY_PATH=/home/embedded/ros2_ws/install/ecl_formatters/lib:/home/embedded/ros2_ws/install/ecl_exceptions/lib:/home/embedded/ros2_ws/install/ecl_type_traits/lib:/home/embedded/ros2_ws/install/ecl_errors/lib:${LD_LIBRARY_PATH} PATH=/home/embedded/ros2_ws/install/ecl_type_traits/bin:/home/embedded/ros2_ws/install/ecl_config/bin:${PATH} /usr/bin/cmake --build /home/embedded/ros2_ws/build/ecl_containers -- -j4 -l4
[3.100s] [  5%] [32mBuilding CXX object gtest/CMakeFiles/gtest.dir/src/gtest-all.cc.o[0m
[3.112s] [ 11%] [32mBuilding CXX object gtest/CMakeFiles/gtest_main.dir/src/gtest_main.cc.o[0m
[3.125s] [ 16%] [32mBuilding CXX object src/examples/CMakeFiles/ecl_demo_formatters.dir/formatters.cpp.o[0m
[7.977s] [ 22%] [32m[1mLinking CXX executable demo_formatters[0m
[8.434s] [ 27%] [32m[1mLinking CXX static library libgtest_main.a[0m
[8.667s] [ 27%] Built target gtest_main
[8.742s] [ 27%] Built target ecl_demo_formatters
[18.589s] [ 33%] [32m[1mLinking CXX static library libgtest.a[0m
[18.984s] [ 33%] Built target gtest
[19.136s] [ 44%] [32mBuilding CXX object src/test/CMakeFiles/ecl_test_arrays_mem_check.dir/arrays_mem_check.cpp.o[0m
[19.141s] [ 50%] [32mBuilding CXX object src/test/CMakeFiles/ecl_test_arrays.dir/arrays.cpp.o[0m
[19.141s] [ 50%] [32mBuilding CXX object src/test/CMakeFiles/ecl_test_container_converters.dir/container_converters.cpp.o[0m
[20.182s] [ 55%] [32mBuilding CXX object src/test/CMakeFiles/ecl_test_stencil.dir/stencil.cpp.o[0m
[25.794s] [ 61%] [32m[1mLinking CXX executable ecl_test_container_converters[0m
[25.887s] [ 66%] [32m[1mLinking CXX executable ecl_test_arrays_mem_check[0m
[26.021s] [ 72%] [32m[1mLinking CXX executable ecl_test_arrays[0m
[26.957s] [ 77%] [32m[1mLinking CXX executable ecl_test_stencil[0m
[26.973s] [ 77%] Built target ecl_test_container_converters
[26.991s] [ 77%] Built target ecl_test_arrays
[27.098s] [ 77%] Built target ecl_test_arrays_mem_check
[27.439s] [ 77%] Built target ecl_test_stencil
[27.544s] [ 83%] [32mBuilding CXX object src/test/CMakeFiles/ecl_test_push_and_pop.dir/push_and_pop.cpp.o[0m
[30.852s] [ 88%] [32m[1mLinking CXX executable ecl_test_push_and_pop[0m
[31.300s] [ 88%] Built target ecl_test_push_and_pop
[31.387s] [ 94%] [32mBuilding CXX object src/test/CMakeFiles/ecl_test_fifo.dir/fifo.cpp.o[0m
[34.201s] [100%] [32m[1mLinking CXX executable ecl_test_fifo[0m
[34.539s] [100%] Built target ecl_test_fifo
[34.576s] Invoked command in '/home/embedded/ros2_ws/build/ecl_containers' returned '0': AMENT_PREFIX_PATH=/home/embedded/ros2_ws/install/ecl_formatters:/home/embedded/ros2_ws/install/ecl_utilities:/home/embedded/ros2_ws/install/ecl_converters:/home/embedded/ros2_ws/install/ecl_exceptions:/home/embedded/ros2_ws/install/ecl_concepts:/home/embedded/ros2_ws/install/ecl_type_traits:/home/embedded/ros2_ws/install/ecl_errors:/home/embedded/ros2_ws/install/ecl_mpl:/home/embedded/ros2_ws/install/ecl_config:${AMENT_PREFIX_PATH} CMAKE_PREFIX_PATH=/home/embedded/ros2_ws/install/ecl_formatters:/home/embedded/ros2_ws/install/ecl_utilities:/home/embedded/ros2_ws/install/ecl_converters:/home/embedded/ros2_ws/install/ecl_exceptions:/home/embedded/ros2_ws/install/ecl_concepts:/home/embedded/ros2_ws/install/ecl_type_traits:/home/embedded/ros2_ws/install/ecl_errors:/home/embedded/ros2_ws/install/ecl_mpl:/home/embedded/ros2_ws/install/ecl_config:/opt/ros/jazzy/opt/gz_sim_vendor:/opt/ros/jazzy/opt/gz_sensors_vendor:/opt/ros/jazzy/opt/gz_physics_vendor:/opt/ros/jazzy/opt/sdformat_vendor:/opt/ros/jazzy/opt/gz_gui_vendor:/opt/ros/jazzy/opt/gz_transport_vendor:/opt/ros/jazzy/opt/gz_rendering_vendor:/opt/ros/jazzy/opt/gz_plugin_vendor:/opt/ros/jazzy/opt/gz_fuel_tools_vendor:/opt/ros/jazzy/opt/gz_msgs_vendor:/opt/ros/jazzy/opt/gz_common_vendor:/opt/ros/jazzy/opt/gz_tools_vendor:/opt/ros/jazzy/opt/gz_ogre_next_vendor:/opt/ros/jazzy/opt/gz_dartsim_vendor:/opt/ros/jazzy/opt/gz_math_vendor:/opt/ros/jazzy/opt/gz_utils_vendor:/opt/ros/jazzy/opt/gz_cmake_vendor:/opt/ros/jazzy LD_LIBRARY_PATH=/home/embedded/ros2_ws/install/ecl_formatters/lib:/home/embedded/ros2_ws/install/ecl_exceptions/lib:/home/embedded/ros2_ws/install/ecl_type_traits/lib:/home/embedded/ros2_ws/install/ecl_errors/lib:${LD_LIBRARY_PATH} PATH=/home/embedded/ros2_ws/install/ecl_type_traits/bin:/home/embedded/ros2_ws/install/ecl_config/bin:${PATH} /usr/bin/cmake --build /home/embedded/ros2_ws/build/ecl_containers -- -j4 -l4
[34.577s] Invoking command in '/home/embedded/ros2_ws/build/ecl_containers': AMENT_PREFIX_PATH=/home/embedded/ros2_ws/install/ecl_formatters:/home/embedded/ros2_ws/install/ecl_utilities:/home/embedded/ros2_ws/install/ecl_converters:/home/embedded/ros2_ws/install/ecl_exceptions:/home/embedded/ros2_ws/install/ecl_concepts:/home/embedded/ros2_ws/install/ecl_type_traits:/home/embedded/ros2_ws/install/ecl_errors:/home/embedded/ros2_ws/install/ecl_mpl:/home/embedded/ros2_ws/install/ecl_config:${AMENT_PREFIX_PATH} CMAKE_PREFIX_PATH=/home/embedded/ros2_ws/install/ecl_formatters:/home/embedded/ros2_ws/install/ecl_utilities:/home/embedded/ros2_ws/install/ecl_converters:/home/embedded/ros2_ws/install/ecl_exceptions:/home/embedded/ros2_ws/install/ecl_concepts:/home/embedded/ros2_ws/install/ecl_type_traits:/home/embedded/ros2_ws/install/ecl_errors:/home/embedded/ros2_ws/install/ecl_mpl:/home/embedded/ros2_ws/install/ecl_config:/opt/ros/jazzy/opt/gz_sim_vendor:/opt/ros/jazzy/opt/gz_sensors_vendor:/opt/ros/jazzy/opt/gz_physics_vendor:/opt/ros/jazzy/opt/sdformat_vendor:/opt/ros/jazzy/opt/gz_gui_vendor:/opt/ros/jazzy/opt/gz_transport_vendor:/opt/ros/jazzy/opt/gz_rendering_vendor:/opt/ros/jazzy/opt/gz_plugin_vendor:/opt/ros/jazzy/opt/gz_fuel_tools_vendor:/opt/ros/jazzy/opt/gz_msgs_vendor:/opt/ros/jazzy/opt/gz_common_vendor:/opt/ros/jazzy/opt/gz_tools_vendor:/opt/ros/jazzy/opt/gz_ogre_next_vendor:/opt/ros/jazzy/opt/gz_dartsim_vendor:/opt/ros/jazzy/opt/gz_math_vendor:/opt/ros/jazzy/opt/gz_utils_vendor:/opt/ros/jazzy/opt/gz_cmake_vendor:/opt/ros/jazzy LD_LIBRARY_PATH=/home/embedded/ros2_ws/install/ecl_formatters/lib:/home/embedded/ros2_ws/install/ecl_exceptions/lib:/home/embedded/ros2_ws/install/ecl_type_traits/lib:/home/embedded/ros2_ws/install/ecl_errors/lib:${LD_LIBRARY_PATH} PATH=/home/embedded/ros2_ws/install/ecl_type_traits/bin:/home/embedded/ros2_ws/install/ecl_config/bin:${PATH} /usr/bin/cmake --install /home/embedded/ros2_ws/build/ecl_containers
[34.604s] -- Install configuration: ""
[34.604s] -- Execute custom install script
[34.604s] -- Symlinking: /home/embedded/ros2_ws/install/ecl_containers/include/ecl/containers/common/formatters.hpp
[34.633s] -- Symlinking: /home/embedded/ros2_ws/install/ecl_containers/include/ecl/containers/array/array_dynamic_mem_check.hpp
[34.660s] -- Symlinking: /home/embedded/ros2_ws/install/ecl_containers/include/ecl/containers/array/array_dynamic_no_mem_check.hpp
[34.694s] -- Symlinking: /home/embedded/ros2_ws/install/ecl_containers/include/ecl/containers/array/array_mem_check.hpp
[34.726s] -- Symlinking: /home/embedded/ros2_ws/install/ecl_containers/include/ecl/containers/array/array_no_mem_check.hpp
[34.753s] -- Symlinking: /home/embedded/ros2_ws/install/ecl_containers/include/ecl/containers/array/converters.hpp
[34.781s] -- Symlinking: /home/embedded/ros2_ws/install/ecl_containers/include/ecl/containers/array/formatters.hpp
[34.813s] -- Symlinking: /home/embedded/ros2_ws/install/ecl_containers/include/ecl/containers/push_and_pop/formatters.hpp
[34.845s] -- Symlinking: /home/embedded/ros2_ws/install/ecl_containers/include/ecl/containers/push_and_pop/push_and_pop_dynamic.hpp
[34.881s] -- Symlinking: /home/embedded/ros2_ws/install/ecl_containers/include/ecl/containers/push_and_pop/push_and_pop_fixed.hpp
[34.915s] -- Symlinking: /home/embedded/ros2_ws/install/ecl_containers/include/ecl/containers/stencil/converters.hpp
[34.942s] -- Symlinking: /home/embedded/ros2_ws/install/ecl_containers/include/ecl/containers/stencil/formatters.hpp
[34.969s] -- Symlinking: /home/embedded/ros2_ws/install/ecl_containers/include/ecl/containers/stencil/specialisations.hpp
[34.998s] -- Symlinking: /home/embedded/ros2_ws/install/ecl_containers/include/ecl/containers/stencil/stencil.hpp
[35.021s] -- Symlinking: /home/embedded/ros2_ws/install/ecl_containers/include/ecl/containers/array.hpp
[35.047s] -- Symlinking: /home/embedded/ros2_ws/install/ecl_containers/include/ecl/containers/converters.hpp
[35.072s] -- Symlinking: /home/embedded/ros2_ws/install/ecl_containers/include/ecl/containers/definitions.hpp
[35.098s] -- Symlinking: /home/embedded/ros2_ws/install/ecl_containers/include/ecl/containers/fifo.hpp
[35.124s] -- Symlinking: /home/embedded/ros2_ws/install/ecl_containers/include/ecl/containers/initialiser.hpp
[35.147s] -- Symlinking: /home/embedded/ros2_ws/install/ecl_containers/include/ecl/containers/push_and_pop.hpp
[35.169s] -- Symlinking: /home/embedded/ros2_ws/install/ecl_containers/include/ecl/containers/stencil.hpp
[35.192s] -- Symlinking: /home/embedded/ros2_ws/install/ecl_containers/include/ecl/containers.hpp
[35.219s] -- Symlinking: /home/embedded/ros2_ws/install/ecl_containers/lib/ecl_containers/demo_formatters
[35.241s] -- Symlinking: /home/embedded/ros2_ws/install/ecl_containers/share/ament_index/resource_index/package_run_dependencies/ecl_containers
[35.267s] -- Symlinking: /home/embedded/ros2_ws/install/ecl_containers/share/ament_index/resource_index/parent_prefix_path/ecl_containers
[35.290s] -- Symlinking: /home/embedded/ros2_ws/install/ecl_containers/share/ecl_containers/environment/ament_prefix_path.sh
[35.319s] -- Symlinking: /home/embedded/ros2_ws/install/ecl_containers/share/ecl_containers/environment/ament_prefix_path.dsv
[35.340s] -- Symlinking: /home/embedded/ros2_ws/install/ecl_containers/share/ecl_containers/environment/path.sh
[35.368s] -- Symlinking: /home/embedded/ros2_ws/install/ecl_containers/share/ecl_containers/environment/path.dsv
[35.392s] -- Symlinking: /home/embedded/ros2_ws/install/ecl_containers/share/ecl_containers/local_setup.bash
[35.418s] -- Symlinking: /home/embedded/ros2_ws/install/ecl_containers/share/ecl_containers/local_setup.sh
[35.443s] -- Symlinking: /home/embedded/ros2_ws/install/ecl_containers/share/ecl_containers/local_setup.zsh
[35.469s] -- Symlinking: /home/embedded/ros2_ws/install/ecl_containers/share/ecl_containers/local_setup.dsv
[35.498s] -- Symlinking: /home/embedded/ros2_ws/install/ecl_containers/share/ecl_containers/package.dsv
[35.525s] -- Symlinking: /home/embedded/ros2_ws/install/ecl_containers/share/ament_index/resource_index/packages/ecl_containers
[35.549s] -- Symlinking: /home/embedded/ros2_ws/install/ecl_containers/share/ecl_containers/cmake/ament_cmake_export_targets-extras.cmake
[35.577s] -- Symlinking: /home/embedded/ros2_ws/install/ecl_containers/share/ecl_containers/cmake/ament_cmake_export_include_directories-extras.cmake
[35.602s] -- Symlinking: /home/embedded/ros2_ws/install/ecl_containers/share/ecl_containers/cmake/ament_cmake_export_dependencies-extras.cmake
[35.633s] -- Symlinking: /home/embedded/ros2_ws/install/ecl_containers/share/ecl_containers/cmake/ecl_containersConfig.cmake
[35.681s] -- Symlinking: /home/embedded/ros2_ws/install/ecl_containers/share/ecl_containers/cmake/ecl_containersConfig-version.cmake
[35.726s] -- Symlinking: /home/embedded/ros2_ws/install/ecl_containers/share/ecl_containers/package.xml
[35.776s] -- Installing: /home/embedded/ros2_ws/install/ecl_containers/share/ecl_containers/cmake/ecl_containersExport.cmake
[35.798s] Invoked command in '/home/embedded/ros2_ws/build/ecl_containers' returned '0': AMENT_PREFIX_PATH=/home/embedded/ros2_ws/install/ecl_formatters:/home/embedded/ros2_ws/install/ecl_utilities:/home/embedded/ros2_ws/install/ecl_converters:/home/embedded/ros2_ws/install/ecl_exceptions:/home/embedded/ros2_ws/install/ecl_concepts:/home/embedded/ros2_ws/install/ecl_type_traits:/home/embedded/ros2_ws/install/ecl_errors:/home/embedded/ros2_ws/install/ecl_mpl:/home/embedded/ros2_ws/install/ecl_config:${AMENT_PREFIX_PATH} CMAKE_PREFIX_PATH=/home/embedded/ros2_ws/install/ecl_formatters:/home/embedded/ros2_ws/install/ecl_utilities:/home/embedded/ros2_ws/install/ecl_converters:/home/embedded/ros2_ws/install/ecl_exceptions:/home/embedded/ros2_ws/install/ecl_concepts:/home/embedded/ros2_ws/install/ecl_type_traits:/home/embedded/ros2_ws/install/ecl_errors:/home/embedded/ros2_ws/install/ecl_mpl:/home/embedded/ros2_ws/install/ecl_config:/opt/ros/jazzy/opt/gz_sim_vendor:/opt/ros/jazzy/opt/gz_sensors_vendor:/opt/ros/jazzy/opt/gz_physics_vendor:/opt/ros/jazzy/opt/sdformat_vendor:/opt/ros/jazzy/opt/gz_gui_vendor:/opt/ros/jazzy/opt/gz_transport_vendor:/opt/ros/jazzy/opt/gz_rendering_vendor:/opt/ros/jazzy/opt/gz_plugin_vendor:/opt/ros/jazzy/opt/gz_fuel_tools_vendor:/opt/ros/jazzy/opt/gz_msgs_vendor:/opt/ros/jazzy/opt/gz_common_vendor:/opt/ros/jazzy/opt/gz_tools_vendor:/opt/ros/jazzy/opt/gz_ogre_next_vendor:/opt/ros/jazzy/opt/gz_dartsim_vendor:/opt/ros/jazzy/opt/gz_math_vendor:/opt/ros/jazzy/opt/gz_utils_vendor:/opt/ros/jazzy/opt/gz_cmake_vendor:/opt/ros/jazzy LD_LIBRARY_PATH=/home/embedded/ros2_ws/install/ecl_formatters/lib:/home/embedded/ros2_ws/install/ecl_exceptions/lib:/home/embedded/ros2_ws/install/ecl_type_traits/lib:/home/embedded/ros2_ws/install/ecl_errors/lib:${LD_LIBRARY_PATH} PATH=/home/embedded/ros2_ws/install/ecl_type_traits/bin:/home/embedded/ros2_ws/install/ecl_config/bin:${PATH} /usr/bin/cmake --install /home/embedded/ros2_ws/build/ecl_containers
