[ 50%] Built target kobuki_auto_docking
[100%] Built target kobuki_auto_docking_node
-- Install configuration: ""
-- Execute custom install script
-- Symlinking: /home/embedded/ros2_ws/install/kobuki_auto_docking/lib/kobuki_auto_docking/kobuki_auto_docking_node
-- Symlinking: /home/embedded/ros2_ws/install/kobuki_auto_docking/lib/libkobuki_auto_docking.so
-- Symlinking: /home/embedded/ros2_ws/install/kobuki_auto_docking/include/kobuki_auto_docking/auto_docking_ros.hpp
-- Symlinking: /home/embedded/ros2_ws/install/kobuki_auto_docking/share/kobuki_auto_docking/launch/compact.launch.py
-- Symlinking: /home/embedded/ros2_ws/install/kobuki_auto_docking/share/kobuki_auto_docking/config/auto_docking.yaml
-- Symlinking: /home/embedded/ros2_ws/install/kobuki_auto_docking/share/kobuki_auto_docking/config/kobuki_node_params.yaml
-- Symlinking: /home/embedded/ros2_ws/install/kobuki_auto_docking/lib/kobuki_auto_docking/activate.sh
-- Symlinking: /home/embedded/ros2_ws/install/kobuki_auto_docking/share/ament_index/resource_index/package_run_dependencies/kobuki_auto_docking
-- Symlinking: /home/embedded/ros2_ws/install/kobuki_auto_docking/share/ament_index/resource_index/parent_prefix_path/kobuki_auto_docking
-- Symlinking: /home/embedded/ros2_ws/install/kobuki_auto_docking/share/kobuki_auto_docking/environment/ament_prefix_path.sh
-- Symlinking: /home/embedded/ros2_ws/install/kobuki_auto_docking/share/kobuki_auto_docking/environment/ament_prefix_path.dsv
-- Symlinking: /home/embedded/ros2_ws/install/kobuki_auto_docking/share/kobuki_auto_docking/environment/path.sh
-- Symlinking: /home/embedded/ros2_ws/install/kobuki_auto_docking/share/kobuki_auto_docking/environment/path.dsv
-- Symlinking: /home/embedded/ros2_ws/install/kobuki_auto_docking/share/kobuki_auto_docking/local_setup.bash
-- Symlinking: /home/embedded/ros2_ws/install/kobuki_auto_docking/share/kobuki_auto_docking/local_setup.sh
-- Symlinking: /home/embedded/ros2_ws/install/kobuki_auto_docking/share/kobuki_auto_docking/local_setup.zsh
-- Symlinking: /home/embedded/ros2_ws/install/kobuki_auto_docking/share/kobuki_auto_docking/local_setup.dsv
-- Symlinking: /home/embedded/ros2_ws/install/kobuki_auto_docking/share/kobuki_auto_docking/package.dsv
-- Symlinking: /home/embedded/ros2_ws/install/kobuki_auto_docking/share/ament_index/resource_index/packages/kobuki_auto_docking
-- Symlinking: /home/embedded/ros2_ws/install/kobuki_auto_docking/share/ament_index/resource_index/rclcpp_components/kobuki_auto_docking
-- Symlinking: /home/embedded/ros2_ws/install/kobuki_auto_docking/share/kobuki_auto_docking/cmake/kobuki_auto_dockingConfig.cmake
-- Symlinking: /home/embedded/ros2_ws/install/kobuki_auto_docking/share/kobuki_auto_docking/cmake/kobuki_auto_dockingConfig-version.cmake
-- Symlinking: /home/embedded/ros2_ws/install/kobuki_auto_docking/share/kobuki_auto_docking/package.xml
