-- The C compiler identification is GNU 13.3.0
-- The CXX compiler identification is GNU 13.3.0
-- Detecting C compiler ABI info
-- Detecting C compiler ABI info - done
-- Check for working C compiler: /usr/bin/cc - skipped
-- Detecting C compile features
-- Detecting C compile features - done
-- Detecting CXX compiler ABI info
-- Detecting CXX compiler ABI info - done
-- Check for working CXX compiler: /usr/bin/c++ - skipped
-- Detecting CXX compile features
-- Detecting CXX compile features - done
-- Found ament_cmake_ros: 0.12.0 (/opt/ros/jazzy/share/ament_cmake_ros/cmake)
-- Found Python3: /usr/bin/python3 (found version "3.12.3") found components: Interpreter 
-- Override CMake install command with custom implementation using symlinks instead of copying resources
-- Found ecl_build: 1.0.3 (/opt/ros/jazzy/share/ecl_build/cmake)
[0mCMake Deprecation Warning at /opt/ros/jazzy/share/ecl_build/cmake/cotire.cmake:45 (cmake_minimum_required):
  Compatibility with CMake < 3.5 will be removed from a future version of
  CMake.

  Update the VERSION argument <min> value or use a ...<max> suffix to tell
  CMake that the project does not need compatibility with older versions.
Call Stack (most recent call first):
  /opt/ros/jazzy/share/ecl_build/cmake/ecl_buildConfig.cmake:41 (include)
  CMakeLists.txt:20 (find_package)

[0m
-- Found ecl_exceptions: 1.2.1 (/home/embedded/ros2_ws/install/ecl_exceptions/share/ecl_exceptions/cmake)
-- Found ecl_formatters: 1.2.1 (/home/embedded/ros2_ws/install/ecl_formatters/share/ecl_formatters/cmake)
-- Found ecl_geometry: 1.2.1 (/home/embedded/ros2_ws/install/ecl_geometry/share/ecl_geometry/cmake)
-- Performing Test CMAKE_HAVE_LIBC_PTHREAD
-- Performing Test CMAKE_HAVE_LIBC_PTHREAD - Success
-- Found Threads: TRUE  
-- Found AMD headers in: /usr/include/suitesparse
-- Found AMD library: /usr/lib/aarch64-linux-gnu/libamd.so
-- Found CAMD headers in: /usr/include/suitesparse
-- Found CAMD library: /usr/lib/aarch64-linux-gnu/libcamd.so
-- Found CCOLAMD headers in: /usr/include/suitesparse
-- Found CCOLAMD library: /usr/lib/aarch64-linux-gnu/libccolamd.so
-- Found CHOLMOD headers in: /usr/include/suitesparse
-- Found CHOLMOD library: /usr/lib/aarch64-linux-gnu/libcholmod.so
-- Found COLAMD headers in: /usr/include/suitesparse
-- Found COLAMD library: /usr/lib/aarch64-linux-gnu/libcolamd.so
-- Found SPQR headers in: /usr/include/suitesparse
-- Found SPQR library: /usr/lib/aarch64-linux-gnu/libspqr.so
-- Found Config headers in: /usr/include/suitesparse
-- Found Config library: /usr/lib/aarch64-linux-gnu/libsuitesparseconfig.so
-- Found Intel Thread Building Blocks (TBB) library (2021.11 / ) include location: . Assuming SuiteSparseQR was compiled with TBB.
-- Looking for shm_open in rt
-- Looking for shm_open in rt - found
-- Adding librt to SuiteSparse_config libraries (required on Linux & Unix [not OSX] if SuiteSparse is compiled with timing).
-- Could NOT find METIS (missing: METIS_INCLUDE_DIR METIS_LIBRARY) 
-- Found ament_lint_auto: 0.17.2 (/opt/ros/jazzy/share/ament_lint_auto/cmake)
-- Found gtest sources under '/opt/ros/jazzy/src/gtest_vendor': C++ tests using 'Google Test' will be built
-- Configuring done (8.7s)
-- Generating done (0.1s)
-- Build files have been written to: /home/embedded/ros2_ws/build/ecl_manipulators
[  9%] [32mBuilding CXX object gtest/CMakeFiles/gtest_main.dir/src/gtest_main.cc.o[0m
[ 18%] [32mBuilding CXX object src/lib/CMakeFiles/ecl_manipulators.dir/trajectory.cpp.o[0m
[ 27%] [32mBuilding CXX object gtest/CMakeFiles/gtest.dir/src/gtest-all.cc.o[0m
[ 36%] [32mBuilding CXX object src/lib/CMakeFiles/ecl_manipulators.dir/waypoint.cpp.o[0m
[ 45%] [32m[1mLinking CXX static library libgtest_main.a[0m
[ 45%] Built target gtest_main
[ 54%] [32m[1mLinking CXX shared library libecl_manipulators.so[0m
[ 54%] Built target ecl_manipulators
[ 63%] [32m[1mLinking CXX static library libgtest.a[0m
[ 63%] Built target gtest
[ 72%] [32mBuilding CXX object src/test/CMakeFiles/ecl_test_trajectories.dir/trajectories.cpp.o[0m
[ 81%] [32m[1mLinking CXX executable ecl_test_trajectories[0m
[ 81%] Built target ecl_test_trajectories
[ 90%] [32mBuilding CXX object src/test/CMakeFiles/ecl_test_waypoints.dir/waypoints.cpp.o[0m
[100%] [32m[1mLinking CXX executable ecl_test_waypoints[0m
[100%] Built target ecl_test_waypoints
-- Install configuration: ""
-- Execute custom install script
-- Symlinking: /home/embedded/ros2_ws/install/ecl_manipulators/include/ecl/manipulators/trajectory.hpp
-- Symlinking: /home/embedded/ros2_ws/install/ecl_manipulators/include/ecl/manipulators/types.hpp
-- Symlinking: /home/embedded/ros2_ws/install/ecl_manipulators/include/ecl/manipulators/waypoint.hpp
-- Symlinking: /home/embedded/ros2_ws/install/ecl_manipulators/include/ecl/manipulators.hpp
-- Symlinking: /home/embedded/ros2_ws/install/ecl_manipulators/share/ecl_manipulators/scripts/Makefile
-- Symlinking: /home/embedded/ros2_ws/install/ecl_manipulators/share/ecl_manipulators/scripts/linear.x11
-- Symlinking: /home/embedded/ros2_ws/install/ecl_manipulators/share/ecl_manipulators/scripts/tension.x11
-- Symlinking: /home/embedded/ros2_ws/install/ecl_manipulators/share/ecl_manipulators/environment/library_path.sh
-- Symlinking: /home/embedded/ros2_ws/install/ecl_manipulators/share/ecl_manipulators/environment/library_path.dsv
-- Symlinking: /home/embedded/ros2_ws/install/ecl_manipulators/share/ament_index/resource_index/package_run_dependencies/ecl_manipulators
-- Symlinking: /home/embedded/ros2_ws/install/ecl_manipulators/share/ament_index/resource_index/parent_prefix_path/ecl_manipulators
-- Symlinking: /home/embedded/ros2_ws/install/ecl_manipulators/share/ecl_manipulators/environment/ament_prefix_path.sh
-- Symlinking: /home/embedded/ros2_ws/install/ecl_manipulators/share/ecl_manipulators/environment/ament_prefix_path.dsv
-- Symlinking: /home/embedded/ros2_ws/install/ecl_manipulators/share/ecl_manipulators/environment/path.sh
-- Symlinking: /home/embedded/ros2_ws/install/ecl_manipulators/share/ecl_manipulators/environment/path.dsv
-- Symlinking: /home/embedded/ros2_ws/install/ecl_manipulators/share/ecl_manipulators/local_setup.bash
-- Symlinking: /home/embedded/ros2_ws/install/ecl_manipulators/share/ecl_manipulators/local_setup.sh
-- Symlinking: /home/embedded/ros2_ws/install/ecl_manipulators/share/ecl_manipulators/local_setup.zsh
-- Symlinking: /home/embedded/ros2_ws/install/ecl_manipulators/share/ecl_manipulators/local_setup.dsv
-- Symlinking: /home/embedded/ros2_ws/install/ecl_manipulators/share/ecl_manipulators/package.dsv
-- Symlinking: /home/embedded/ros2_ws/install/ecl_manipulators/share/ament_index/resource_index/packages/ecl_manipulators
-- Symlinking: /home/embedded/ros2_ws/install/ecl_manipulators/share/ecl_manipulators/cmake/ament_cmake_export_targets-extras.cmake
-- Symlinking: /home/embedded/ros2_ws/install/ecl_manipulators/share/ecl_manipulators/cmake/ament_cmake_export_include_directories-extras.cmake
-- Symlinking: /home/embedded/ros2_ws/install/ecl_manipulators/share/ecl_manipulators/cmake/ament_cmake_export_libraries-extras.cmake
-- Symlinking: /home/embedded/ros2_ws/install/ecl_manipulators/share/ecl_manipulators/cmake/ament_cmake_export_dependencies-extras.cmake
-- Symlinking: /home/embedded/ros2_ws/install/ecl_manipulators/share/ecl_manipulators/cmake/ecl_manipulatorsConfig.cmake
-- Symlinking: /home/embedded/ros2_ws/install/ecl_manipulators/share/ecl_manipulators/cmake/ecl_manipulatorsConfig-version.cmake
-- Symlinking: /home/embedded/ros2_ws/install/ecl_manipulators/share/ecl_manipulators/package.xml
-- Installing: /home/embedded/ros2_ws/install/ecl_manipulators/share/ecl_manipulators/cmake/ecl_manipulatorsExport.cmake
-- Installing: /home/embedded/ros2_ws/install/ecl_manipulators/share/ecl_manipulators/cmake/ecl_manipulatorsExport-noconfig.cmake
-- Installing: /home/embedded/ros2_ws/install/ecl_manipulators/lib/libecl_manipulators.so.1.2.1
-- Set non-toolchain portion of runtime path of "/home/embedded/ros2_ws/install/ecl_manipulators/lib/libecl_manipulators.so.1.2.1" to ""
-- Installing: /home/embedded/ros2_ws/install/ecl_manipulators/lib/libecl_manipulators.so
