[0.142s] Invoking command in '/home/embedded/ros2_ws/build/kobuki_node': AMENT_PREFIX_PATH=/home/embedded/ros2_ws/install/kobuki_core:/home/embedded/ros2_ws/install/ecl_mobile_robot:/home/embedded/ros2_ws/install/ecl_geometry:/home/embedded/ros2_ws/install/ecl_devices:/home/embedded/ros2_ws/install/ecl_sigslots:/home/embedded/ros2_ws/install/ecl_linear_algebra:/home/embedded/ros2_ws/install/ecl_containers:/home/embedded/ros2_ws/install/ecl_threads:/home/embedded/ros2_ws/install/ecl_formatters:/home/embedded/ros2_ws/install/ecl_utilities:/home/embedded/ros2_ws/install/ecl_time:/home/embedded/ros2_ws/install/ecl_converters:/home/embedded/ros2_ws/install/ecl_time_lite:/home/embedded/ros2_ws/install/ecl_math:/home/embedded/ros2_ws/install/ecl_exceptions:/home/embedded/ros2_ws/install/ecl_concepts:/home/embedded/ros2_ws/install/ecl_type_traits:/home/embedded/ros2_ws/install/ecl_errors:/home/embedded/ros2_ws/install/ecl_console:/home/embedded/ros2_ws/install/kobuki_ros_interfaces:/home/embedded/ros2_ws/install/ecl_mpl:/home/embedded/ros2_ws/install/ecl_eigen:/home/embedded/ros2_ws/install/ecl_config:/home/embedded/ros2_ws/install/ecl_command_line:${AMENT_PREFIX_PATH} CMAKE_PREFIX_PATH=/home/embedded/ros2_ws/install/kobuki_core:/home/embedded/ros2_ws/install/ecl_mobile_robot:/home/embedded/ros2_ws/install/ecl_geometry:/home/embedded/ros2_ws/install/ecl_devices:/home/embedded/ros2_ws/install/ecl_sigslots:/home/embedded/ros2_ws/install/ecl_linear_algebra:/home/embedded/ros2_ws/install/ecl_containers:/home/embedded/ros2_ws/install/ecl_threads:/home/embedded/ros2_ws/install/ecl_formatters:/home/embedded/ros2_ws/install/ecl_utilities:/home/embedded/ros2_ws/install/ecl_time:/home/embedded/ros2_ws/install/ecl_converters:/home/embedded/ros2_ws/install/ecl_time_lite:/home/embedded/ros2_ws/install/ecl_math:/home/embedded/ros2_ws/install/ecl_exceptions:/home/embedded/ros2_ws/install/ecl_concepts:/home/embedded/ros2_ws/install/ecl_type_traits:/home/embedded/ros2_ws/install/ecl_errors:/home/embedded/ros2_ws/install/ecl_console:/home/embedded/ros2_ws/install/kobuki_ros_interfaces:/home/embedded/ros2_ws/install/ecl_mpl:/home/embedded/ros2_ws/install/ecl_eigen:/home/embedded/ros2_ws/install/ecl_config:/home/embedded/ros2_ws/install/ecl_command_line:/opt/ros/jazzy/opt/gz_sim_vendor:/opt/ros/jazzy/opt/gz_sensors_vendor:/opt/ros/jazzy/opt/gz_physics_vendor:/opt/ros/jazzy/opt/sdformat_vendor:/opt/ros/jazzy/opt/gz_gui_vendor:/opt/ros/jazzy/opt/gz_transport_vendor:/opt/ros/jazzy/opt/gz_rendering_vendor:/opt/ros/jazzy/opt/gz_plugin_vendor:/opt/ros/jazzy/opt/gz_fuel_tools_vendor:/opt/ros/jazzy/opt/gz_msgs_vendor:/opt/ros/jazzy/opt/gz_common_vendor:/opt/ros/jazzy/opt/gz_tools_vendor:/opt/ros/jazzy/opt/gz_ogre_next_vendor:/opt/ros/jazzy/opt/gz_dartsim_vendor:/opt/ros/jazzy/opt/gz_math_vendor:/opt/ros/jazzy/opt/gz_utils_vendor:/opt/ros/jazzy/opt/gz_cmake_vendor:/opt/ros/jazzy LD_LIBRARY_PATH=/home/embedded/ros2_ws/install/kobuki_core/lib:/home/embedded/ros2_ws/install/ecl_mobile_robot/lib:/home/embedded/ros2_ws/install/ecl_geometry/lib:/home/embedded/ros2_ws/install/ecl_devices/lib:/home/embedded/ros2_ws/install/ecl_linear_algebra/lib:/home/embedded/ros2_ws/install/ecl_threads/lib:/home/embedded/ros2_ws/install/ecl_formatters/lib:/home/embedded/ros2_ws/install/ecl_time/lib:/home/embedded/ros2_ws/install/ecl_time_lite/lib:/home/embedded/ros2_ws/install/ecl_exceptions/lib:/home/embedded/ros2_ws/install/ecl_type_traits/lib:/home/embedded/ros2_ws/install/ecl_errors/lib:/home/embedded/ros2_ws/install/kobuki_ros_interfaces/lib:${LD_LIBRARY_PATH} PATH=/home/embedded/ros2_ws/install/kobuki_core/bin:/home/embedded/ros2_ws/install/ecl_type_traits/bin:/home/embedded/ros2_ws/install/ecl_config/bin:${PATH} PYTHONPATH=/home/embedded/ros2_ws/install/kobuki_ros_interfaces/lib/python3.12/site-packages:${PYTHONPATH} /usr/bin/cmake /home/embedded/ros2_ws/src/ThirdParty/kobuki_ros/kobuki_node -DAMENT_CMAKE_SYMLINK_INSTALL=1 -DCMAKE_INSTALL_PREFIX=/home/embedded/ros2_ws/install/kobuki_node
[0.435s] -- The C compiler identification is GNU 13.3.0
[0.688s] -- The CXX compiler identification is GNU 13.3.0
[0.769s] -- Detecting C compiler ABI info
[1.218s] -- Detecting C compiler ABI info - done
[1.240s] -- Check for working C compiler: /usr/bin/cc - skipped
[1.240s] -- Detecting C compile features
[1.244s] -- Detecting C compile features - done
[1.265s] -- Detecting CXX compiler ABI info
[1.599s] -- Detecting CXX compiler ABI info - done
[1.627s] -- Check for working CXX compiler: /usr/bin/c++ - skipped
[1.628s] -- Detecting CXX compile features
[1.633s] -- Detecting CXX compile features - done
[1.647s] -- Found ament_cmake_ros: 0.12.0 (/opt/ros/jazzy/share/ament_cmake_ros/cmake)
[2.109s] -- Found Python3: /usr/bin/python3 (found version "3.12.3") found components: Interpreter 
[2.318s] -- Override CMake install command with custom implementation using symlinks instead of copying resources
[2.484s] -- Found angles: 1.16.0 (/opt/ros/jazzy/share/angles/cmake)
[2.496s] -- Found diagnostic_msgs: 5.3.6 (/opt/ros/jazzy/share/diagnostic_msgs/cmake)
[2.626s] -- Found rosidl_generator_c: 4.6.5 (/opt/ros/jazzy/share/rosidl_generator_c/cmake)
[2.674s] -- Found rosidl_generator_cpp: 4.6.5 (/opt/ros/jazzy/share/rosidl_generator_cpp/cmake)
[2.737s] -- Using all available rosidl_typesupport_c: rosidl_typesupport_fastrtps_c;rosidl_typesupport_introspection_c
[2.795s] -- Using all available rosidl_typesupport_cpp: rosidl_typesupport_fastrtps_cpp;rosidl_typesupport_introspection_cpp
[2.944s] [31mCMake Error at CMakeLists.txt:7 (find_package):
[2.944s]   By not providing "Finddiagnostic_updater.cmake" in CMAKE_MODULE_PATH this
[2.944s]   project has asked CMake to find a package configuration file provided by
[2.944s]   "diagnostic_updater", but CMake did not find one.
[2.944s] 
[2.945s]   Could not find a package configuration file provided by
[2.945s]   "diagnostic_updater" with any of the following names:
[2.945s] 
[2.945s]     diagnostic_updaterConfig.cmake
[2.945s]     diagnostic_updater-config.cmake
[2.945s] 
[2.945s]   Add the installation prefix of "diagnostic_updater" to CMAKE_PREFIX_PATH or
[2.949s]   set "diagnostic_updater_DIR" to a directory containing one of the above
[2.949s] -- Configuring incomplete, errors occurred!
[2.949s]   files.  If "diagnostic_updater" provides a separate development package or
[2.950s]   SDK, be sure it has been installed.
[2.950s] 
[2.950s] [0m
