[ 50%] [32mBuilding CXX object src/examples/CMakeFiles/demo_sigslots_lite.dir/sigslots.cpp.o[0m
[100%] [32m[1mLinking CXX executable demo_sigslots_lite[0m
[100%] Built target demo_sigslots_lite
-- Install configuration: ""
-- Execute custom install script
-- Symlinking: /home/embedded/ros2_ws/install/ecl_sigslots_lite/include/ecl/sigslots_lite/connect.hpp
-- Symlinking: /home/embedded/ros2_ws/install/ecl_sigslots_lite/include/ecl/sigslots_lite/errors.hpp
-- Symlinking: /home/embedded/ros2_ws/install/ecl_sigslots_lite/include/ecl/sigslots_lite/managers.hpp
-- Symlinking: /home/embedded/ros2_ws/install/ecl_sigslots_lite/include/ecl/sigslots_lite/signal.hpp
-- Symlinking: /home/embedded/ros2_ws/install/ecl_sigslots_lite/include/ecl/sigslots_lite/slot.hpp
-- Symlinking: /home/embedded/ros2_ws/install/ecl_sigslots_lite/include/ecl/sigslots_lite/utilities.hpp
-- Symlinking: /home/embedded/ros2_ws/install/ecl_sigslots_lite/include/ecl/sigslots_lite.hpp
-- Symlinking: /home/embedded/ros2_ws/install/ecl_sigslots_lite/lib/ecl_sigslots_lite/demo_sigslots_lite
-- Symlinking: /home/embedded/ros2_ws/install/ecl_sigslots_lite/share/ament_index/resource_index/package_run_dependencies/ecl_sigslots_lite
-- Symlinking: /home/embedded/ros2_ws/install/ecl_sigslots_lite/share/ament_index/resource_index/parent_prefix_path/ecl_sigslots_lite
-- Symlinking: /home/embedded/ros2_ws/install/ecl_sigslots_lite/share/ecl_sigslots_lite/environment/ament_prefix_path.sh
-- Symlinking: /home/embedded/ros2_ws/install/ecl_sigslots_lite/share/ecl_sigslots_lite/environment/ament_prefix_path.dsv
-- Symlinking: /home/embedded/ros2_ws/install/ecl_sigslots_lite/share/ecl_sigslots_lite/environment/path.sh
-- Symlinking: /home/embedded/ros2_ws/install/ecl_sigslots_lite/share/ecl_sigslots_lite/environment/path.dsv
-- Symlinking: /home/embedded/ros2_ws/install/ecl_sigslots_lite/share/ecl_sigslots_lite/local_setup.bash
-- Symlinking: /home/embedded/ros2_ws/install/ecl_sigslots_lite/share/ecl_sigslots_lite/local_setup.sh
-- Symlinking: /home/embedded/ros2_ws/install/ecl_sigslots_lite/share/ecl_sigslots_lite/local_setup.zsh
-- Symlinking: /home/embedded/ros2_ws/install/ecl_sigslots_lite/share/ecl_sigslots_lite/local_setup.dsv
-- Symlinking: /home/embedded/ros2_ws/install/ecl_sigslots_lite/share/ecl_sigslots_lite/package.dsv
-- Symlinking: /home/embedded/ros2_ws/install/ecl_sigslots_lite/share/ament_index/resource_index/packages/ecl_sigslots_lite
-- Symlinking: /home/embedded/ros2_ws/install/ecl_sigslots_lite/share/ecl_sigslots_lite/cmake/ament_cmake_export_targets-extras.cmake
-- Symlinking: /home/embedded/ros2_ws/install/ecl_sigslots_lite/share/ecl_sigslots_lite/cmake/ament_cmake_export_include_directories-extras.cmake
-- Symlinking: /home/embedded/ros2_ws/install/ecl_sigslots_lite/share/ecl_sigslots_lite/cmake/ament_cmake_export_dependencies-extras.cmake
-- Symlinking: /home/embedded/ros2_ws/install/ecl_sigslots_lite/share/ecl_sigslots_lite/cmake/ecl_sigslots_liteConfig.cmake
-- Symlinking: /home/embedded/ros2_ws/install/ecl_sigslots_lite/share/ecl_sigslots_lite/cmake/ecl_sigslots_liteConfig-version.cmake
-- Symlinking: /home/embedded/ros2_ws/install/ecl_sigslots_lite/share/ecl_sigslots_lite/package.xml
-- Installing: /home/embedded/ros2_ws/install/ecl_sigslots_lite/share/ecl_sigslots_lite/cmake/ecl_sigslots_liteExport.cmake
