[0.118s] Invoking command in '/home/embedded/ros2_ws/build/ecl_sigslots': AMENT_PREFIX_PATH=/home/embedded/ros2_ws/install/ecl_threads:/home/embedded/ros2_ws/install/ecl_utilities:/home/embedded/ros2_ws/install/ecl_time:/home/embedded/ros2_ws/install/ecl_time_lite:/home/embedded/ros2_ws/install/ecl_exceptions:/home/embedded/ros2_ws/install/ecl_concepts:/home/embedded/ros2_ws/install/ecl_type_traits:/home/embedded/ros2_ws/install/ecl_errors:/home/embedded/ros2_ws/install/ecl_mpl:/home/embedded/ros2_ws/install/ecl_config:${AMENT_PREFIX_PATH} CMAKE_PREFIX_PATH=/home/embedded/ros2_ws/install/ecl_threads:/home/embedded/ros2_ws/install/ecl_utilities:/home/embedded/ros2_ws/install/ecl_time:/home/embedded/ros2_ws/install/ecl_time_lite:/home/embedded/ros2_ws/install/ecl_exceptions:/home/embedded/ros2_ws/install/ecl_concepts:/home/embedded/ros2_ws/install/ecl_type_traits:/home/embedded/ros2_ws/install/ecl_errors:/home/embedded/ros2_ws/install/ecl_mpl:/home/embedded/ros2_ws/install/ecl_config:/opt/ros/jazzy/opt/gz_sim_vendor:/opt/ros/jazzy/opt/gz_sensors_vendor:/opt/ros/jazzy/opt/gz_physics_vendor:/opt/ros/jazzy/opt/sdformat_vendor:/opt/ros/jazzy/opt/gz_gui_vendor:/opt/ros/jazzy/opt/gz_transport_vendor:/opt/ros/jazzy/opt/gz_rendering_vendor:/opt/ros/jazzy/opt/gz_plugin_vendor:/opt/ros/jazzy/opt/gz_fuel_tools_vendor:/opt/ros/jazzy/opt/gz_msgs_vendor:/opt/ros/jazzy/opt/gz_common_vendor:/opt/ros/jazzy/opt/gz_tools_vendor:/opt/ros/jazzy/opt/gz_ogre_next_vendor:/opt/ros/jazzy/opt/gz_dartsim_vendor:/opt/ros/jazzy/opt/gz_math_vendor:/opt/ros/jazzy/opt/gz_utils_vendor:/opt/ros/jazzy/opt/gz_cmake_vendor:/opt/ros/jazzy LD_LIBRARY_PATH=/home/embedded/ros2_ws/install/ecl_threads/lib:/home/embedded/ros2_ws/install/ecl_time/lib:/home/embedded/ros2_ws/install/ecl_time_lite/lib:/home/embedded/ros2_ws/install/ecl_exceptions/lib:/home/embedded/ros2_ws/install/ecl_type_traits/lib:/home/embedded/ros2_ws/install/ecl_errors/lib:${LD_LIBRARY_PATH} PATH=/home/embedded/ros2_ws/install/ecl_type_traits/bin:/home/embedded/ros2_ws/install/ecl_config/bin:${PATH} /usr/bin/cmake /home/embedded/ros2_ws/src/ThirdParty/ecl/ecl_core/ecl_sigslots -DAMENT_CMAKE_SYMLINK_INSTALL=1 -DCMAKE_INSTALL_PREFIX=/home/embedded/ros2_ws/install/ecl_sigslots
[0.333s] -- The C compiler identification is GNU 13.3.0
[0.493s] -- The CXX compiler identification is GNU 13.3.0
[0.539s] -- Detecting C compiler ABI info
[0.837s] -- Detecting C compiler ABI info - done
[0.869s] -- Check for working C compiler: /usr/bin/cc - skipped
[0.871s] -- Detecting C compile features
[0.871s] -- Detecting C compile features - done
[0.895s] -- Detecting CXX compiler ABI info
[1.187s] -- Detecting CXX compiler ABI info - done
[1.212s] -- Check for working CXX compiler: /usr/bin/c++ - skipped
[1.213s] -- Detecting CXX compile features
[1.215s] -- Detecting CXX compile features - done
[1.227s] -- Found ament_cmake_ros: 0.12.0 (/opt/ros/jazzy/share/ament_cmake_ros/cmake)
[1.736s] -- Found Python3: /usr/bin/python3 (found version "3.12.3") found components: Interpreter 
[1.986s] -- Override CMake install command with custom implementation using symlinks instead of copying resources
[2.122s] -- Found ecl_build: 1.0.3 (/opt/ros/jazzy/share/ecl_build/cmake)
[2.127s] [0mCMake Deprecation Warning at /opt/ros/jazzy/share/ecl_build/cmake/cotire.cmake:45 (cmake_minimum_required):
[2.127s]   Compatibility with CMake < 3.5 will be removed from a future version of
[2.127s]   CMake.
[2.127s] 
[2.127s]   Update the VERSION argument <min> value or use a ...<max> suffix to tell
[2.128s]   CMake that the project does not need compatibility with older versions.
[2.128s] Call Stack (most recent call first):
[2.128s]   /opt/ros/jazzy/share/ecl_build/cmake/ecl_buildConfig.cmake:41 (include)
[2.128s]   CMakeLists.txt:17 (find_package)
[2.128s] 
[2.128s] [0m
[2.136s] -- Found ecl_config: 1.2.0 (/home/embedded/ros2_ws/install/ecl_config/share/ecl_config/cmake)
[2.139s] -- Found ecl_threads: 1.2.1 (/home/embedded/ros2_ws/install/ecl_threads/share/ecl_threads/cmake)
[2.141s] -- Performing Test CMAKE_HAVE_LIBC_PTHREAD
[2.370s] [33mCMake Warning (dev) at /usr/share/cmake-3.28/Modules/FindPackageHandleStandardArgs.cmake:438 (message):
[2.370s]   The package name passed to `find_package_handle_standard_args` (Threads)
[2.371s]   does not match the name of the calling package (ecl_threads).  This can
[2.371s]   lead to problems in calling code that expects `find_package` result
[2.371s]   variables (e.g., `_FOUND`) to follow a certain pattern.
[2.371s] Call Stack (most recent call first):
[2.371s]   /usr/share/cmake-3.28/Modules/FindThreads.cmake:226 (FIND_PACKAGE_HANDLE_STANDARD_ARGS)
[2.371s]   /opt/ros/jazzy/share/ecl_build/cmake/ecl_platform_detection.cmake:225 (include)
[2.371s]   /home/embedded/ros2_ws/install/ecl_threads/share/ecl_threads/cmake/ecl_threads-extras.cmake:4 (ecl_detect_threads)
[2.372s]   /home/embedded/ros2_ws/install/ecl_threads/share/ecl_threads/cmake/ecl_threadsConfig.cmake:41 (include)
[2.372s]   CMakeLists.txt:19 (find_package)
[2.372s] This warning is for project developers.  Use -Wno-dev to suppress it.
[2.372s] [0m
[2.374s] -- Performing Test CMAKE_HAVE_LIBC_PTHREAD - Success
[2.374s] -- Found Threads: TRUE  
[2.783s] -- Found ament_lint_auto: 0.17.2 (/opt/ros/jazzy/share/ament_lint_auto/cmake)
[2.895s] -- Found gtest sources under '/opt/ros/jazzy/src/gtest_vendor': C++ tests using 'Google Test' will be built
[2.914s] -- Configuring done (2.7s)
[2.967s] -- Generating done (0.0s)
[2.976s] -- Build files have been written to: /home/embedded/ros2_ws/build/ecl_sigslots
[2.991s] Invoked command in '/home/embedded/ros2_ws/build/ecl_sigslots' returned '0': AMENT_PREFIX_PATH=/home/embedded/ros2_ws/install/ecl_threads:/home/embedded/ros2_ws/install/ecl_utilities:/home/embedded/ros2_ws/install/ecl_time:/home/embedded/ros2_ws/install/ecl_time_lite:/home/embedded/ros2_ws/install/ecl_exceptions:/home/embedded/ros2_ws/install/ecl_concepts:/home/embedded/ros2_ws/install/ecl_type_traits:/home/embedded/ros2_ws/install/ecl_errors:/home/embedded/ros2_ws/install/ecl_mpl:/home/embedded/ros2_ws/install/ecl_config:${AMENT_PREFIX_PATH} CMAKE_PREFIX_PATH=/home/embedded/ros2_ws/install/ecl_threads:/home/embedded/ros2_ws/install/ecl_utilities:/home/embedded/ros2_ws/install/ecl_time:/home/embedded/ros2_ws/install/ecl_time_lite:/home/embedded/ros2_ws/install/ecl_exceptions:/home/embedded/ros2_ws/install/ecl_concepts:/home/embedded/ros2_ws/install/ecl_type_traits:/home/embedded/ros2_ws/install/ecl_errors:/home/embedded/ros2_ws/install/ecl_mpl:/home/embedded/ros2_ws/install/ecl_config:/opt/ros/jazzy/opt/gz_sim_vendor:/opt/ros/jazzy/opt/gz_sensors_vendor:/opt/ros/jazzy/opt/gz_physics_vendor:/opt/ros/jazzy/opt/sdformat_vendor:/opt/ros/jazzy/opt/gz_gui_vendor:/opt/ros/jazzy/opt/gz_transport_vendor:/opt/ros/jazzy/opt/gz_rendering_vendor:/opt/ros/jazzy/opt/gz_plugin_vendor:/opt/ros/jazzy/opt/gz_fuel_tools_vendor:/opt/ros/jazzy/opt/gz_msgs_vendor:/opt/ros/jazzy/opt/gz_common_vendor:/opt/ros/jazzy/opt/gz_tools_vendor:/opt/ros/jazzy/opt/gz_ogre_next_vendor:/opt/ros/jazzy/opt/gz_dartsim_vendor:/opt/ros/jazzy/opt/gz_math_vendor:/opt/ros/jazzy/opt/gz_utils_vendor:/opt/ros/jazzy/opt/gz_cmake_vendor:/opt/ros/jazzy LD_LIBRARY_PATH=/home/embedded/ros2_ws/install/ecl_threads/lib:/home/embedded/ros2_ws/install/ecl_time/lib:/home/embedded/ros2_ws/install/ecl_time_lite/lib:/home/embedded/ros2_ws/install/ecl_exceptions/lib:/home/embedded/ros2_ws/install/ecl_type_traits/lib:/home/embedded/ros2_ws/install/ecl_errors/lib:${LD_LIBRARY_PATH} PATH=/home/embedded/ros2_ws/install/ecl_type_traits/bin:/home/embedded/ros2_ws/install/ecl_config/bin:${PATH} /usr/bin/cmake /home/embedded/ros2_ws/src/ThirdParty/ecl/ecl_core/ecl_sigslots -DAMENT_CMAKE_SYMLINK_INSTALL=1 -DCMAKE_INSTALL_PREFIX=/home/embedded/ros2_ws/install/ecl_sigslots
[2.995s] Invoking command in '/home/embedded/ros2_ws/build/ecl_sigslots': AMENT_PREFIX_PATH=/home/embedded/ros2_ws/install/ecl_threads:/home/embedded/ros2_ws/install/ecl_utilities:/home/embedded/ros2_ws/install/ecl_time:/home/embedded/ros2_ws/install/ecl_time_lite:/home/embedded/ros2_ws/install/ecl_exceptions:/home/embedded/ros2_ws/install/ecl_concepts:/home/embedded/ros2_ws/install/ecl_type_traits:/home/embedded/ros2_ws/install/ecl_errors:/home/embedded/ros2_ws/install/ecl_mpl:/home/embedded/ros2_ws/install/ecl_config:${AMENT_PREFIX_PATH} CMAKE_PREFIX_PATH=/home/embedded/ros2_ws/install/ecl_threads:/home/embedded/ros2_ws/install/ecl_utilities:/home/embedded/ros2_ws/install/ecl_time:/home/embedded/ros2_ws/install/ecl_time_lite:/home/embedded/ros2_ws/install/ecl_exceptions:/home/embedded/ros2_ws/install/ecl_concepts:/home/embedded/ros2_ws/install/ecl_type_traits:/home/embedded/ros2_ws/install/ecl_errors:/home/embedded/ros2_ws/install/ecl_mpl:/home/embedded/ros2_ws/install/ecl_config:/opt/ros/jazzy/opt/gz_sim_vendor:/opt/ros/jazzy/opt/gz_sensors_vendor:/opt/ros/jazzy/opt/gz_physics_vendor:/opt/ros/jazzy/opt/sdformat_vendor:/opt/ros/jazzy/opt/gz_gui_vendor:/opt/ros/jazzy/opt/gz_transport_vendor:/opt/ros/jazzy/opt/gz_rendering_vendor:/opt/ros/jazzy/opt/gz_plugin_vendor:/opt/ros/jazzy/opt/gz_fuel_tools_vendor:/opt/ros/jazzy/opt/gz_msgs_vendor:/opt/ros/jazzy/opt/gz_common_vendor:/opt/ros/jazzy/opt/gz_tools_vendor:/opt/ros/jazzy/opt/gz_ogre_next_vendor:/opt/ros/jazzy/opt/gz_dartsim_vendor:/opt/ros/jazzy/opt/gz_math_vendor:/opt/ros/jazzy/opt/gz_utils_vendor:/opt/ros/jazzy/opt/gz_cmake_vendor:/opt/ros/jazzy LD_LIBRARY_PATH=/home/embedded/ros2_ws/install/ecl_threads/lib:/home/embedded/ros2_ws/install/ecl_time/lib:/home/embedded/ros2_ws/install/ecl_time_lite/lib:/home/embedded/ros2_ws/install/ecl_exceptions/lib:/home/embedded/ros2_ws/install/ecl_type_traits/lib:/home/embedded/ros2_ws/install/ecl_errors/lib:${LD_LIBRARY_PATH} PATH=/home/embedded/ros2_ws/install/ecl_type_traits/bin:/home/embedded/ros2_ws/install/ecl_config/bin:${PATH} /usr/bin/cmake --build /home/embedded/ros2_ws/build/ecl_sigslots -- -j4 -l4
[3.131s] [ 10%] [32mBuilding CXX object src/examples/CMakeFiles/ecl_demo_sigslots.dir/sigslots.cpp.o[0m
[5.168s] [ 20%] [32m[1mLinking CXX executable demo_sigslots[0m
[5.427s] [ 20%] Built target ecl_demo_sigslots
[5.485s] [ 30%] [32mBuilding CXX object gtest/CMakeFiles/gtest.dir/src/gtest-all.cc.o[0m
[15.297s] [ 40%] [32m[1mLinking CXX static library libgtest.a[0m
[15.569s] [ 40%] Built target gtest
[15.639s] [ 50%] [32mBuilding CXX object gtest/CMakeFiles/gtest_main.dir/src/gtest_main.cc.o[0m
[17.249s] [ 60%] [32m[1mLinking CXX static library libgtest_main.a[0m
[17.345s] [ 60%] Built target gtest_main
[17.404s] [ 70%] [32mBuilding CXX object src/examples/CMakeFiles/ecl_demo_sigslots_manager.dir/sigslots_manager.cpp.o[0m
[19.382s] [ 80%] [32m[1mLinking CXX executable demo_sigslots_manager[0m
[19.625s] [ 80%] Built target ecl_demo_sigslots_manager
[19.683s] [ 90%] [32mBuilding CXX object src/test/CMakeFiles/ecl_test_sigslots.dir/sigslots.cpp.o[0m
[22.776s] [100%] [32m[1mLinking CXX executable ecl_test_sigslots[0m
[23.177s] [100%] Built target ecl_test_sigslots
[23.216s] Invoked command in '/home/embedded/ros2_ws/build/ecl_sigslots' returned '0': AMENT_PREFIX_PATH=/home/embedded/ros2_ws/install/ecl_threads:/home/embedded/ros2_ws/install/ecl_utilities:/home/embedded/ros2_ws/install/ecl_time:/home/embedded/ros2_ws/install/ecl_time_lite:/home/embedded/ros2_ws/install/ecl_exceptions:/home/embedded/ros2_ws/install/ecl_concepts:/home/embedded/ros2_ws/install/ecl_type_traits:/home/embedded/ros2_ws/install/ecl_errors:/home/embedded/ros2_ws/install/ecl_mpl:/home/embedded/ros2_ws/install/ecl_config:${AMENT_PREFIX_PATH} CMAKE_PREFIX_PATH=/home/embedded/ros2_ws/install/ecl_threads:/home/embedded/ros2_ws/install/ecl_utilities:/home/embedded/ros2_ws/install/ecl_time:/home/embedded/ros2_ws/install/ecl_time_lite:/home/embedded/ros2_ws/install/ecl_exceptions:/home/embedded/ros2_ws/install/ecl_concepts:/home/embedded/ros2_ws/install/ecl_type_traits:/home/embedded/ros2_ws/install/ecl_errors:/home/embedded/ros2_ws/install/ecl_mpl:/home/embedded/ros2_ws/install/ecl_config:/opt/ros/jazzy/opt/gz_sim_vendor:/opt/ros/jazzy/opt/gz_sensors_vendor:/opt/ros/jazzy/opt/gz_physics_vendor:/opt/ros/jazzy/opt/sdformat_vendor:/opt/ros/jazzy/opt/gz_gui_vendor:/opt/ros/jazzy/opt/gz_transport_vendor:/opt/ros/jazzy/opt/gz_rendering_vendor:/opt/ros/jazzy/opt/gz_plugin_vendor:/opt/ros/jazzy/opt/gz_fuel_tools_vendor:/opt/ros/jazzy/opt/gz_msgs_vendor:/opt/ros/jazzy/opt/gz_common_vendor:/opt/ros/jazzy/opt/gz_tools_vendor:/opt/ros/jazzy/opt/gz_ogre_next_vendor:/opt/ros/jazzy/opt/gz_dartsim_vendor:/opt/ros/jazzy/opt/gz_math_vendor:/opt/ros/jazzy/opt/gz_utils_vendor:/opt/ros/jazzy/opt/gz_cmake_vendor:/opt/ros/jazzy LD_LIBRARY_PATH=/home/embedded/ros2_ws/install/ecl_threads/lib:/home/embedded/ros2_ws/install/ecl_time/lib:/home/embedded/ros2_ws/install/ecl_time_lite/lib:/home/embedded/ros2_ws/install/ecl_exceptions/lib:/home/embedded/ros2_ws/install/ecl_type_traits/lib:/home/embedded/ros2_ws/install/ecl_errors/lib:${LD_LIBRARY_PATH} PATH=/home/embedded/ros2_ws/install/ecl_type_traits/bin:/home/embedded/ros2_ws/install/ecl_config/bin:${PATH} /usr/bin/cmake --build /home/embedded/ros2_ws/build/ecl_sigslots -- -j4 -l4
[23.220s] Invoking command in '/home/embedded/ros2_ws/build/ecl_sigslots': AMENT_PREFIX_PATH=/home/embedded/ros2_ws/install/ecl_threads:/home/embedded/ros2_ws/install/ecl_utilities:/home/embedded/ros2_ws/install/ecl_time:/home/embedded/ros2_ws/install/ecl_time_lite:/home/embedded/ros2_ws/install/ecl_exceptions:/home/embedded/ros2_ws/install/ecl_concepts:/home/embedded/ros2_ws/install/ecl_type_traits:/home/embedded/ros2_ws/install/ecl_errors:/home/embedded/ros2_ws/install/ecl_mpl:/home/embedded/ros2_ws/install/ecl_config:${AMENT_PREFIX_PATH} CMAKE_PREFIX_PATH=/home/embedded/ros2_ws/install/ecl_threads:/home/embedded/ros2_ws/install/ecl_utilities:/home/embedded/ros2_ws/install/ecl_time:/home/embedded/ros2_ws/install/ecl_time_lite:/home/embedded/ros2_ws/install/ecl_exceptions:/home/embedded/ros2_ws/install/ecl_concepts:/home/embedded/ros2_ws/install/ecl_type_traits:/home/embedded/ros2_ws/install/ecl_errors:/home/embedded/ros2_ws/install/ecl_mpl:/home/embedded/ros2_ws/install/ecl_config:/opt/ros/jazzy/opt/gz_sim_vendor:/opt/ros/jazzy/opt/gz_sensors_vendor:/opt/ros/jazzy/opt/gz_physics_vendor:/opt/ros/jazzy/opt/sdformat_vendor:/opt/ros/jazzy/opt/gz_gui_vendor:/opt/ros/jazzy/opt/gz_transport_vendor:/opt/ros/jazzy/opt/gz_rendering_vendor:/opt/ros/jazzy/opt/gz_plugin_vendor:/opt/ros/jazzy/opt/gz_fuel_tools_vendor:/opt/ros/jazzy/opt/gz_msgs_vendor:/opt/ros/jazzy/opt/gz_common_vendor:/opt/ros/jazzy/opt/gz_tools_vendor:/opt/ros/jazzy/opt/gz_ogre_next_vendor:/opt/ros/jazzy/opt/gz_dartsim_vendor:/opt/ros/jazzy/opt/gz_math_vendor:/opt/ros/jazzy/opt/gz_utils_vendor:/opt/ros/jazzy/opt/gz_cmake_vendor:/opt/ros/jazzy LD_LIBRARY_PATH=/home/embedded/ros2_ws/install/ecl_threads/lib:/home/embedded/ros2_ws/install/ecl_time/lib:/home/embedded/ros2_ws/install/ecl_time_lite/lib:/home/embedded/ros2_ws/install/ecl_exceptions/lib:/home/embedded/ros2_ws/install/ecl_type_traits/lib:/home/embedded/ros2_ws/install/ecl_errors/lib:${LD_LIBRARY_PATH} PATH=/home/embedded/ros2_ws/install/ecl_type_traits/bin:/home/embedded/ros2_ws/install/ecl_config/bin:${PATH} /usr/bin/cmake --install /home/embedded/ros2_ws/build/ecl_sigslots
[23.246s] -- Install configuration: ""
[23.246s] -- Execute custom install script
[23.246s] -- Symlinking: /home/embedded/ros2_ws/install/ecl_sigslots/include/ecl/sigslots/macros.hpp
[23.275s] -- Symlinking: /home/embedded/ros2_ws/install/ecl_sigslots/include/ecl/sigslots/manager.hpp
[23.307s] -- Symlinking: /home/embedded/ros2_ws/install/ecl_sigslots/include/ecl/sigslots/signal.hpp
[23.335s] -- Symlinking: /home/embedded/ros2_ws/install/ecl_sigslots/include/ecl/sigslots/sigslot.hpp
[23.365s] -- Symlinking: /home/embedded/ros2_ws/install/ecl_sigslots/include/ecl/sigslots/slot.hpp
[23.397s] -- Symlinking: /home/embedded/ros2_ws/install/ecl_sigslots/include/ecl/sigslots/topic.hpp
[23.422s] -- Symlinking: /home/embedded/ros2_ws/install/ecl_sigslots/include/ecl/sigslots.hpp
[23.451s] -- Symlinking: /home/embedded/ros2_ws/install/ecl_sigslots/lib/ecl_sigslots/demo_sigslots
[23.483s] -- Symlinking: /home/embedded/ros2_ws/install/ecl_sigslots/lib/ecl_sigslots/demo_sigslots_manager
[23.533s] -- Symlinking: /home/embedded/ros2_ws/install/ecl_sigslots/share/ament_index/resource_index/package_run_dependencies/ecl_sigslots
[23.578s] -- Symlinking: /home/embedded/ros2_ws/install/ecl_sigslots/share/ament_index/resource_index/parent_prefix_path/ecl_sigslots
[23.615s] -- Symlinking: /home/embedded/ros2_ws/install/ecl_sigslots/share/ecl_sigslots/environment/ament_prefix_path.sh
[23.651s] -- Symlinking: /home/embedded/ros2_ws/install/ecl_sigslots/share/ecl_sigslots/environment/ament_prefix_path.dsv
[23.686s] -- Symlinking: /home/embedded/ros2_ws/install/ecl_sigslots/share/ecl_sigslots/environment/path.sh
[23.720s] -- Symlinking: /home/embedded/ros2_ws/install/ecl_sigslots/share/ecl_sigslots/environment/path.dsv
[23.754s] -- Symlinking: /home/embedded/ros2_ws/install/ecl_sigslots/share/ecl_sigslots/local_setup.bash
[23.786s] -- Symlinking: /home/embedded/ros2_ws/install/ecl_sigslots/share/ecl_sigslots/local_setup.sh
[23.821s] -- Symlinking: /home/embedded/ros2_ws/install/ecl_sigslots/share/ecl_sigslots/local_setup.zsh
[23.852s] -- Symlinking: /home/embedded/ros2_ws/install/ecl_sigslots/share/ecl_sigslots/local_setup.dsv
[23.901s] -- Symlinking: /home/embedded/ros2_ws/install/ecl_sigslots/share/ecl_sigslots/package.dsv
[23.932s] -- Symlinking: /home/embedded/ros2_ws/install/ecl_sigslots/share/ament_index/resource_index/packages/ecl_sigslots
[23.958s] -- Symlinking: /home/embedded/ros2_ws/install/ecl_sigslots/share/ecl_sigslots/cmake/ament_cmake_export_targets-extras.cmake
[23.990s] -- Symlinking: /home/embedded/ros2_ws/install/ecl_sigslots/share/ecl_sigslots/cmake/ament_cmake_export_include_directories-extras.cmake
[24.019s] -- Symlinking: /home/embedded/ros2_ws/install/ecl_sigslots/share/ecl_sigslots/cmake/ament_cmake_export_dependencies-extras.cmake
[24.048s] -- Symlinking: /home/embedded/ros2_ws/install/ecl_sigslots/share/ecl_sigslots/cmake/ecl_sigslotsConfig.cmake
[24.078s] -- Symlinking: /home/embedded/ros2_ws/install/ecl_sigslots/share/ecl_sigslots/cmake/ecl_sigslotsConfig-version.cmake
[24.116s] -- Symlinking: /home/embedded/ros2_ws/install/ecl_sigslots/share/ecl_sigslots/package.xml
[24.149s] -- Installing: /home/embedded/ros2_ws/install/ecl_sigslots/share/ecl_sigslots/cmake/ecl_sigslotsExport.cmake
[24.159s] Invoked command in '/home/embedded/ros2_ws/build/ecl_sigslots' returned '0': AMENT_PREFIX_PATH=/home/embedded/ros2_ws/install/ecl_threads:/home/embedded/ros2_ws/install/ecl_utilities:/home/embedded/ros2_ws/install/ecl_time:/home/embedded/ros2_ws/install/ecl_time_lite:/home/embedded/ros2_ws/install/ecl_exceptions:/home/embedded/ros2_ws/install/ecl_concepts:/home/embedded/ros2_ws/install/ecl_type_traits:/home/embedded/ros2_ws/install/ecl_errors:/home/embedded/ros2_ws/install/ecl_mpl:/home/embedded/ros2_ws/install/ecl_config:${AMENT_PREFIX_PATH} CMAKE_PREFIX_PATH=/home/embedded/ros2_ws/install/ecl_threads:/home/embedded/ros2_ws/install/ecl_utilities:/home/embedded/ros2_ws/install/ecl_time:/home/embedded/ros2_ws/install/ecl_time_lite:/home/embedded/ros2_ws/install/ecl_exceptions:/home/embedded/ros2_ws/install/ecl_concepts:/home/embedded/ros2_ws/install/ecl_type_traits:/home/embedded/ros2_ws/install/ecl_errors:/home/embedded/ros2_ws/install/ecl_mpl:/home/embedded/ros2_ws/install/ecl_config:/opt/ros/jazzy/opt/gz_sim_vendor:/opt/ros/jazzy/opt/gz_sensors_vendor:/opt/ros/jazzy/opt/gz_physics_vendor:/opt/ros/jazzy/opt/sdformat_vendor:/opt/ros/jazzy/opt/gz_gui_vendor:/opt/ros/jazzy/opt/gz_transport_vendor:/opt/ros/jazzy/opt/gz_rendering_vendor:/opt/ros/jazzy/opt/gz_plugin_vendor:/opt/ros/jazzy/opt/gz_fuel_tools_vendor:/opt/ros/jazzy/opt/gz_msgs_vendor:/opt/ros/jazzy/opt/gz_common_vendor:/opt/ros/jazzy/opt/gz_tools_vendor:/opt/ros/jazzy/opt/gz_ogre_next_vendor:/opt/ros/jazzy/opt/gz_dartsim_vendor:/opt/ros/jazzy/opt/gz_math_vendor:/opt/ros/jazzy/opt/gz_utils_vendor:/opt/ros/jazzy/opt/gz_cmake_vendor:/opt/ros/jazzy LD_LIBRARY_PATH=/home/embedded/ros2_ws/install/ecl_threads/lib:/home/embedded/ros2_ws/install/ecl_time/lib:/home/embedded/ros2_ws/install/ecl_time_lite/lib:/home/embedded/ros2_ws/install/ecl_exceptions/lib:/home/embedded/ros2_ws/install/ecl_type_traits/lib:/home/embedded/ros2_ws/install/ecl_errors/lib:${LD_LIBRARY_PATH} PATH=/home/embedded/ros2_ws/install/ecl_type_traits/bin:/home/embedded/ros2_ws/install/ecl_config/bin:${PATH} /usr/bin/cmake --install /home/embedded/ros2_ws/build/ecl_sigslots
