[0.045s] Invoking command in '/home/embedded/ros2_ws/build/kobuki_bumper2pc': AMENT_PREFIX_PATH=/home/embedded/ros2_ws/install/kobuki_ros_interfaces:${AMENT_PREFIX_PATH} CMAKE_PREFIX_PATH=/home/embedded/ros2_ws/install/kobuki_ros_interfaces:/opt/ros/jazzy/opt/gz_sim_vendor:/opt/ros/jazzy/opt/gz_sensors_vendor:/opt/ros/jazzy/opt/gz_physics_vendor:/opt/ros/jazzy/opt/sdformat_vendor:/opt/ros/jazzy/opt/gz_gui_vendor:/opt/ros/jazzy/opt/gz_transport_vendor:/opt/ros/jazzy/opt/gz_rendering_vendor:/opt/ros/jazzy/opt/gz_plugin_vendor:/opt/ros/jazzy/opt/gz_fuel_tools_vendor:/opt/ros/jazzy/opt/gz_msgs_vendor:/opt/ros/jazzy/opt/gz_common_vendor:/opt/ros/jazzy/opt/gz_tools_vendor:/opt/ros/jazzy/opt/gz_ogre_next_vendor:/opt/ros/jazzy/opt/gz_dartsim_vendor:/opt/ros/jazzy/opt/gz_math_vendor:/opt/ros/jazzy/opt/gz_utils_vendor:/opt/ros/jazzy/opt/gz_cmake_vendor:/opt/ros/jazzy LD_LIBRARY_PATH=/home/embedded/ros2_ws/install/kobuki_ros_interfaces/lib:${LD_LIBRARY_PATH} PYTHONPATH=/home/embedded/ros2_ws/install/kobuki_ros_interfaces/lib/python3.12/site-packages:${PYTHONPATH} /usr/bin/cmake --build /home/embedded/ros2_ws/build/kobuki_bumper2pc -- -j4 -l4
[0.270s] [ 50%] Built target kobuki_bumper2pc_node
[0.296s] [100%] Built target kobuki_bumper2pc
[0.356s] Invoked command in '/home/embedded/ros2_ws/build/kobuki_bumper2pc' returned '0': AMENT_PREFIX_PATH=/home/embedded/ros2_ws/install/kobuki_ros_interfaces:${AMENT_PREFIX_PATH} CMAKE_PREFIX_PATH=/home/embedded/ros2_ws/install/kobuki_ros_interfaces:/opt/ros/jazzy/opt/gz_sim_vendor:/opt/ros/jazzy/opt/gz_sensors_vendor:/opt/ros/jazzy/opt/gz_physics_vendor:/opt/ros/jazzy/opt/sdformat_vendor:/opt/ros/jazzy/opt/gz_gui_vendor:/opt/ros/jazzy/opt/gz_transport_vendor:/opt/ros/jazzy/opt/gz_rendering_vendor:/opt/ros/jazzy/opt/gz_plugin_vendor:/opt/ros/jazzy/opt/gz_fuel_tools_vendor:/opt/ros/jazzy/opt/gz_msgs_vendor:/opt/ros/jazzy/opt/gz_common_vendor:/opt/ros/jazzy/opt/gz_tools_vendor:/opt/ros/jazzy/opt/gz_ogre_next_vendor:/opt/ros/jazzy/opt/gz_dartsim_vendor:/opt/ros/jazzy/opt/gz_math_vendor:/opt/ros/jazzy/opt/gz_utils_vendor:/opt/ros/jazzy/opt/gz_cmake_vendor:/opt/ros/jazzy LD_LIBRARY_PATH=/home/embedded/ros2_ws/install/kobuki_ros_interfaces/lib:${LD_LIBRARY_PATH} PYTHONPATH=/home/embedded/ros2_ws/install/kobuki_ros_interfaces/lib/python3.12/site-packages:${PYTHONPATH} /usr/bin/cmake --build /home/embedded/ros2_ws/build/kobuki_bumper2pc -- -j4 -l4
[0.356s] Invoking command in '/home/embedded/ros2_ws/build/kobuki_bumper2pc': AMENT_PREFIX_PATH=/home/embedded/ros2_ws/install/kobuki_ros_interfaces:${AMENT_PREFIX_PATH} CMAKE_PREFIX_PATH=/home/embedded/ros2_ws/install/kobuki_ros_interfaces:/opt/ros/jazzy/opt/gz_sim_vendor:/opt/ros/jazzy/opt/gz_sensors_vendor:/opt/ros/jazzy/opt/gz_physics_vendor:/opt/ros/jazzy/opt/sdformat_vendor:/opt/ros/jazzy/opt/gz_gui_vendor:/opt/ros/jazzy/opt/gz_transport_vendor:/opt/ros/jazzy/opt/gz_rendering_vendor:/opt/ros/jazzy/opt/gz_plugin_vendor:/opt/ros/jazzy/opt/gz_fuel_tools_vendor:/opt/ros/jazzy/opt/gz_msgs_vendor:/opt/ros/jazzy/opt/gz_common_vendor:/opt/ros/jazzy/opt/gz_tools_vendor:/opt/ros/jazzy/opt/gz_ogre_next_vendor:/opt/ros/jazzy/opt/gz_dartsim_vendor:/opt/ros/jazzy/opt/gz_math_vendor:/opt/ros/jazzy/opt/gz_utils_vendor:/opt/ros/jazzy/opt/gz_cmake_vendor:/opt/ros/jazzy LD_LIBRARY_PATH=/home/embedded/ros2_ws/install/kobuki_ros_interfaces/lib:${LD_LIBRARY_PATH} PYTHONPATH=/home/embedded/ros2_ws/install/kobuki_ros_interfaces/lib/python3.12/site-packages:${PYTHONPATH} /usr/bin/cmake --install /home/embedded/ros2_ws/build/kobuki_bumper2pc
[0.411s] -- Install configuration: ""
[0.412s] -- Execute custom install script
[0.415s] -- Up-to-date symlink: /home/embedded/ros2_ws/install/kobuki_bumper2pc/lib/kobuki_bumper2pc/kobuki_bumper2pc_node
[0.416s] -- Up-to-date symlink: /home/embedded/ros2_ws/install/kobuki_bumper2pc/lib/libkobuki_bumper2pc.so
[0.416s] -- Up-to-date symlink: /home/embedded/ros2_ws/install/kobuki_bumper2pc/include/kobuki_bumper2pc/kobuki_bumper2pc.hpp
[0.416s] -- Up-to-date symlink: /home/embedded/ros2_ws/install/kobuki_bumper2pc/share/kobuki_bumper2pc/launch/kobuki_bumper2pc-launch.py
[0.416s] -- Up-to-date symlink: /home/embedded/ros2_ws/install/kobuki_bumper2pc/share/ament_index/resource_index/package_run_dependencies/kobuki_bumper2pc
[0.416s] -- Up-to-date symlink: /home/embedded/ros2_ws/install/kobuki_bumper2pc/share/ament_index/resource_index/parent_prefix_path/kobuki_bumper2pc
[0.417s] -- Up-to-date symlink: /home/embedded/ros2_ws/install/kobuki_bumper2pc/share/kobuki_bumper2pc/environment/ament_prefix_path.sh
[0.417s] -- Up-to-date symlink: /home/embedded/ros2_ws/install/kobuki_bumper2pc/share/kobuki_bumper2pc/environment/ament_prefix_path.dsv
[0.417s] -- Up-to-date symlink: /home/embedded/ros2_ws/install/kobuki_bumper2pc/share/kobuki_bumper2pc/environment/path.sh
[0.417s] -- Up-to-date symlink: /home/embedded/ros2_ws/install/kobuki_bumper2pc/share/kobuki_bumper2pc/environment/path.dsv
[0.420s] -- Up-to-date symlink: /home/embedded/ros2_ws/install/kobuki_bumper2pc/share/kobuki_bumper2pc/local_setup.bash
[0.420s] -- Up-to-date symlink: /home/embedded/ros2_ws/install/kobuki_bumper2pc/share/kobuki_bumper2pc/local_setup.sh
[0.420s] -- Up-to-date symlink: /home/embedded/ros2_ws/install/kobuki_bumper2pc/share/kobuki_bumper2pc/local_setup.zsh
[0.420s] -- Up-to-date symlink: /home/embedded/ros2_ws/install/kobuki_bumper2pc/share/kobuki_bumper2pc/local_setup.dsv
[0.421s] -- Symlinking: /home/embedded/ros2_ws/install/kobuki_bumper2pc/share/kobuki_bumper2pc/package.dsv
[0.454s] -- Up-to-date symlink: /home/embedded/ros2_ws/install/kobuki_bumper2pc/share/ament_index/resource_index/packages/kobuki_bumper2pc
[0.454s] -- Up-to-date symlink: /home/embedded/ros2_ws/install/kobuki_bumper2pc/share/ament_index/resource_index/rclcpp_components/kobuki_bumper2pc
[0.455s] -- Up-to-date symlink: /home/embedded/ros2_ws/install/kobuki_bumper2pc/share/kobuki_bumper2pc/cmake/kobuki_bumper2pcConfig.cmake
[0.456s] -- Up-to-date symlink: /home/embedded/ros2_ws/install/kobuki_bumper2pc/share/kobuki_bumper2pc/cmake/kobuki_bumper2pcConfig-version.cmake
[0.456s] -- Up-to-date symlink: /home/embedded/ros2_ws/install/kobuki_bumper2pc/share/kobuki_bumper2pc/package.xml
[0.467s] Invoked command in '/home/embedded/ros2_ws/build/kobuki_bumper2pc' returned '0': AMENT_PREFIX_PATH=/home/embedded/ros2_ws/install/kobuki_ros_interfaces:${AMENT_PREFIX_PATH} CMAKE_PREFIX_PATH=/home/embedded/ros2_ws/install/kobuki_ros_interfaces:/opt/ros/jazzy/opt/gz_sim_vendor:/opt/ros/jazzy/opt/gz_sensors_vendor:/opt/ros/jazzy/opt/gz_physics_vendor:/opt/ros/jazzy/opt/sdformat_vendor:/opt/ros/jazzy/opt/gz_gui_vendor:/opt/ros/jazzy/opt/gz_transport_vendor:/opt/ros/jazzy/opt/gz_rendering_vendor:/opt/ros/jazzy/opt/gz_plugin_vendor:/opt/ros/jazzy/opt/gz_fuel_tools_vendor:/opt/ros/jazzy/opt/gz_msgs_vendor:/opt/ros/jazzy/opt/gz_common_vendor:/opt/ros/jazzy/opt/gz_tools_vendor:/opt/ros/jazzy/opt/gz_ogre_next_vendor:/opt/ros/jazzy/opt/gz_dartsim_vendor:/opt/ros/jazzy/opt/gz_math_vendor:/opt/ros/jazzy/opt/gz_utils_vendor:/opt/ros/jazzy/opt/gz_cmake_vendor:/opt/ros/jazzy LD_LIBRARY_PATH=/home/embedded/ros2_ws/install/kobuki_ros_interfaces/lib:${LD_LIBRARY_PATH} PYTHONPATH=/home/embedded/ros2_ws/install/kobuki_ros_interfaces/lib/python3.12/site-packages:${PYTHONPATH} /usr/bin/cmake --install /home/embedded/ros2_ws/build/kobuki_bumper2pc
