[0.027s] Invoking command in '/home/embedded/ros2_ws/build/ecl_eigen': CMAKE_PREFIX_PATH=${CMAKE_PREFIX_PATH}:/opt/ros/jazzy /usr/bin/cmake --build /home/embedded/ros2_ws/build/ecl_eigen -- -j4 -l4
[0.180s] Invoked command in '/home/embedded/ros2_ws/build/ecl_eigen' returned '0': CMAKE_PREFIX_PATH=${CMAKE_PREFIX_PATH}:/opt/ros/jazzy /usr/bin/cmake --build /home/embedded/ros2_ws/build/ecl_eigen -- -j4 -l4
[0.231s] Invoking command in '/home/embedded/ros2_ws/build/ecl_eigen': CMAKE_PREFIX_PATH=${CMAKE_PREFIX_PATH}:/opt/ros/jazzy /usr/bin/cmake --install /home/embedded/ros2_ws/build/ecl_eigen
[0.281s] -- Install configuration: ""
[0.282s] -- Execute custom install script
[0.290s] -- Up-to-date symlink: /home/embedded/ros2_ws/install/ecl_eigen/include/ecl/eigen.hpp
[0.291s] -- Up-to-date symlink: /home/embedded/ros2_ws/install/ecl_eigen/share/licenses/eigen/COPYING.LESSER
[0.292s] -- Up-to-date symlink: /home/embedded/ros2_ws/install/ecl_eigen/share/ament_index/resource_index/package_run_dependencies/ecl_eigen
[0.292s] -- Up-to-date symlink: /home/embedded/ros2_ws/install/ecl_eigen/share/ament_index/resource_index/parent_prefix_path/ecl_eigen
[0.292s] -- Up-to-date symlink: /home/embedded/ros2_ws/install/ecl_eigen/share/ecl_eigen/environment/ament_prefix_path.sh
[0.292s] -- Up-to-date symlink: /home/embedded/ros2_ws/install/ecl_eigen/share/ecl_eigen/environment/ament_prefix_path.dsv
[0.293s] -- Up-to-date symlink: /home/embedded/ros2_ws/install/ecl_eigen/share/ecl_eigen/environment/path.sh
[0.293s] -- Up-to-date symlink: /home/embedded/ros2_ws/install/ecl_eigen/share/ecl_eigen/environment/path.dsv
[0.293s] -- Up-to-date symlink: /home/embedded/ros2_ws/install/ecl_eigen/share/ecl_eigen/local_setup.bash
[0.303s] -- Up-to-date symlink: /home/embedded/ros2_ws/install/ecl_eigen/share/ecl_eigen/local_setup.sh
[0.303s] -- Up-to-date symlink: /home/embedded/ros2_ws/install/ecl_eigen/share/ecl_eigen/local_setup.zsh
[0.303s] -- Up-to-date symlink: /home/embedded/ros2_ws/install/ecl_eigen/share/ecl_eigen/local_setup.dsv
[0.303s] -- Symlinking: /home/embedded/ros2_ws/install/ecl_eigen/share/ecl_eigen/package.dsv
[0.374s] -- Up-to-date symlink: /home/embedded/ros2_ws/install/ecl_eigen/share/ament_index/resource_index/packages/ecl_eigen
[0.374s] -- Up-to-date symlink: /home/embedded/ros2_ws/install/ecl_eigen/share/ecl_eigen/cmake/ament_cmake_export_targets-extras.cmake
[0.375s] -- Up-to-date symlink: /home/embedded/ros2_ws/install/ecl_eigen/share/ecl_eigen/cmake/ament_cmake_export_include_directories-extras.cmake
[0.375s] -- Up-to-date symlink: /home/embedded/ros2_ws/install/ecl_eigen/share/ecl_eigen/cmake/ament_cmake_export_dependencies-extras.cmake
[0.375s] -- Up-to-date symlink: /home/embedded/ros2_ws/install/ecl_eigen/share/ecl_eigen/cmake/ecl_eigenConfig.cmake
[0.375s] -- Up-to-date symlink: /home/embedded/ros2_ws/install/ecl_eigen/share/ecl_eigen/cmake/ecl_eigenConfig-version.cmake
[0.375s] -- Up-to-date symlink: /home/embedded/ros2_ws/install/ecl_eigen/share/ecl_eigen/package.xml
[0.382s] -- Up-to-date: /home/embedded/ros2_ws/install/ecl_eigen/share/ecl_eigen/cmake/ecl_eigenExport.cmake
[0.389s] Invoked command in '/home/embedded/ros2_ws/build/ecl_eigen' returned '0': CMAKE_PREFIX_PATH=${CMAKE_PREFIX_PATH}:/opt/ros/jazzy /usr/bin/cmake --install /home/embedded/ros2_ws/build/ecl_eigen
