[0.149s] Invoking command in '/home/embedded/ros2_ws/build/ecl_streams': AMENT_PREFIX_PATH=/home/embedded/ros2_ws/install/ecl_devices:/home/embedded/ros2_ws/install/ecl_containers:/home/embedded/ros2_ws/install/ecl_threads:/home/embedded/ros2_ws/install/ecl_formatters:/home/embedded/ros2_ws/install/ecl_utilities:/home/embedded/ros2_ws/install/ecl_time:/home/embedded/ros2_ws/install/ecl_converters:/home/embedded/ros2_ws/install/ecl_time_lite:/home/embedded/ros2_ws/install/ecl_exceptions:/home/embedded/ros2_ws/install/ecl_concepts:/home/embedded/ros2_ws/install/ecl_type_traits:/home/embedded/ros2_ws/install/ecl_errors:/home/embedded/ros2_ws/install/ecl_mpl:/home/embedded/ros2_ws/install/ecl_config:${AMENT_PREFIX_PATH} CMAKE_PREFIX_PATH=/home/embedded/ros2_ws/install/ecl_devices:/home/embedded/ros2_ws/install/ecl_containers:/home/embedded/ros2_ws/install/ecl_threads:/home/embedded/ros2_ws/install/ecl_formatters:/home/embedded/ros2_ws/install/ecl_utilities:/home/embedded/ros2_ws/install/ecl_time:/home/embedded/ros2_ws/install/ecl_converters:/home/embedded/ros2_ws/install/ecl_time_lite:/home/embedded/ros2_ws/install/ecl_exceptions:/home/embedded/ros2_ws/install/ecl_concepts:/home/embedded/ros2_ws/install/ecl_type_traits:/home/embedded/ros2_ws/install/ecl_errors:/home/embedded/ros2_ws/install/ecl_mpl:/home/embedded/ros2_ws/install/ecl_config:/opt/ros/jazzy/opt/gz_sim_vendor:/opt/ros/jazzy/opt/gz_sensors_vendor:/opt/ros/jazzy/opt/gz_physics_vendor:/opt/ros/jazzy/opt/sdformat_vendor:/opt/ros/jazzy/opt/gz_gui_vendor:/opt/ros/jazzy/opt/gz_transport_vendor:/opt/ros/jazzy/opt/gz_rendering_vendor:/opt/ros/jazzy/opt/gz_plugin_vendor:/opt/ros/jazzy/opt/gz_fuel_tools_vendor:/opt/ros/jazzy/opt/gz_msgs_vendor:/opt/ros/jazzy/opt/gz_common_vendor:/opt/ros/jazzy/opt/gz_tools_vendor:/opt/ros/jazzy/opt/gz_ogre_next_vendor:/opt/ros/jazzy/opt/gz_dartsim_vendor:/opt/ros/jazzy/opt/gz_math_vendor:/opt/ros/jazzy/opt/gz_utils_vendor:/opt/ros/jazzy/opt/gz_cmake_vendor:/opt/ros/jazzy LD_LIBRARY_PATH=/home/embedded/ros2_ws/install/ecl_devices/lib:/home/embedded/ros2_ws/install/ecl_threads/lib:/home/embedded/ros2_ws/install/ecl_formatters/lib:/home/embedded/ros2_ws/install/ecl_time/lib:/home/embedded/ros2_ws/install/ecl_time_lite/lib:/home/embedded/ros2_ws/install/ecl_exceptions/lib:/home/embedded/ros2_ws/install/ecl_type_traits/lib:/home/embedded/ros2_ws/install/ecl_errors/lib:${LD_LIBRARY_PATH} PATH=/home/embedded/ros2_ws/install/ecl_type_traits/bin:/home/embedded/ros2_ws/install/ecl_config/bin:${PATH} /usr/bin/cmake --build /home/embedded/ros2_ws/build/ecl_streams -- -j4 -l4
[0.565s] [ 13%] Built target gtest
[0.565s] [ 26%] Built target gtest_main
[0.589s] [ 46%] Built target ecl_streams
[0.743s] [ 60%] Built target ecl_time_example_console_streams
[0.763s] [ 73%] Built target ecl_test_string_streams
[0.763s] [ 86%] Built target ecl_time_example_log_streams
[0.766s] [100%] Built target ecl_test_file_streams
[0.823s] Invoked command in '/home/embedded/ros2_ws/build/ecl_streams' returned '0': AMENT_PREFIX_PATH=/home/embedded/ros2_ws/install/ecl_devices:/home/embedded/ros2_ws/install/ecl_containers:/home/embedded/ros2_ws/install/ecl_threads:/home/embedded/ros2_ws/install/ecl_formatters:/home/embedded/ros2_ws/install/ecl_utilities:/home/embedded/ros2_ws/install/ecl_time:/home/embedded/ros2_ws/install/ecl_converters:/home/embedded/ros2_ws/install/ecl_time_lite:/home/embedded/ros2_ws/install/ecl_exceptions:/home/embedded/ros2_ws/install/ecl_concepts:/home/embedded/ros2_ws/install/ecl_type_traits:/home/embedded/ros2_ws/install/ecl_errors:/home/embedded/ros2_ws/install/ecl_mpl:/home/embedded/ros2_ws/install/ecl_config:${AMENT_PREFIX_PATH} CMAKE_PREFIX_PATH=/home/embedded/ros2_ws/install/ecl_devices:/home/embedded/ros2_ws/install/ecl_containers:/home/embedded/ros2_ws/install/ecl_threads:/home/embedded/ros2_ws/install/ecl_formatters:/home/embedded/ros2_ws/install/ecl_utilities:/home/embedded/ros2_ws/install/ecl_time:/home/embedded/ros2_ws/install/ecl_converters:/home/embedded/ros2_ws/install/ecl_time_lite:/home/embedded/ros2_ws/install/ecl_exceptions:/home/embedded/ros2_ws/install/ecl_concepts:/home/embedded/ros2_ws/install/ecl_type_traits:/home/embedded/ros2_ws/install/ecl_errors:/home/embedded/ros2_ws/install/ecl_mpl:/home/embedded/ros2_ws/install/ecl_config:/opt/ros/jazzy/opt/gz_sim_vendor:/opt/ros/jazzy/opt/gz_sensors_vendor:/opt/ros/jazzy/opt/gz_physics_vendor:/opt/ros/jazzy/opt/sdformat_vendor:/opt/ros/jazzy/opt/gz_gui_vendor:/opt/ros/jazzy/opt/gz_transport_vendor:/opt/ros/jazzy/opt/gz_rendering_vendor:/opt/ros/jazzy/opt/gz_plugin_vendor:/opt/ros/jazzy/opt/gz_fuel_tools_vendor:/opt/ros/jazzy/opt/gz_msgs_vendor:/opt/ros/jazzy/opt/gz_common_vendor:/opt/ros/jazzy/opt/gz_tools_vendor:/opt/ros/jazzy/opt/gz_ogre_next_vendor:/opt/ros/jazzy/opt/gz_dartsim_vendor:/opt/ros/jazzy/opt/gz_math_vendor:/opt/ros/jazzy/opt/gz_utils_vendor:/opt/ros/jazzy/opt/gz_cmake_vendor:/opt/ros/jazzy LD_LIBRARY_PATH=/home/embedded/ros2_ws/install/ecl_devices/lib:/home/embedded/ros2_ws/install/ecl_threads/lib:/home/embedded/ros2_ws/install/ecl_formatters/lib:/home/embedded/ros2_ws/install/ecl_time/lib:/home/embedded/ros2_ws/install/ecl_time_lite/lib:/home/embedded/ros2_ws/install/ecl_exceptions/lib:/home/embedded/ros2_ws/install/ecl_type_traits/lib:/home/embedded/ros2_ws/install/ecl_errors/lib:${LD_LIBRARY_PATH} PATH=/home/embedded/ros2_ws/install/ecl_type_traits/bin:/home/embedded/ros2_ws/install/ecl_config/bin:${PATH} /usr/bin/cmake --build /home/embedded/ros2_ws/build/ecl_streams -- -j4 -l4
[0.823s] Invoking command in '/home/embedded/ros2_ws/build/ecl_streams': AMENT_PREFIX_PATH=/home/embedded/ros2_ws/install/ecl_devices:/home/embedded/ros2_ws/install/ecl_containers:/home/embedded/ros2_ws/install/ecl_threads:/home/embedded/ros2_ws/install/ecl_formatters:/home/embedded/ros2_ws/install/ecl_utilities:/home/embedded/ros2_ws/install/ecl_time:/home/embedded/ros2_ws/install/ecl_converters:/home/embedded/ros2_ws/install/ecl_time_lite:/home/embedded/ros2_ws/install/ecl_exceptions:/home/embedded/ros2_ws/install/ecl_concepts:/home/embedded/ros2_ws/install/ecl_type_traits:/home/embedded/ros2_ws/install/ecl_errors:/home/embedded/ros2_ws/install/ecl_mpl:/home/embedded/ros2_ws/install/ecl_config:${AMENT_PREFIX_PATH} CMAKE_PREFIX_PATH=/home/embedded/ros2_ws/install/ecl_devices:/home/embedded/ros2_ws/install/ecl_containers:/home/embedded/ros2_ws/install/ecl_threads:/home/embedded/ros2_ws/install/ecl_formatters:/home/embedded/ros2_ws/install/ecl_utilities:/home/embedded/ros2_ws/install/ecl_time:/home/embedded/ros2_ws/install/ecl_converters:/home/embedded/ros2_ws/install/ecl_time_lite:/home/embedded/ros2_ws/install/ecl_exceptions:/home/embedded/ros2_ws/install/ecl_concepts:/home/embedded/ros2_ws/install/ecl_type_traits:/home/embedded/ros2_ws/install/ecl_errors:/home/embedded/ros2_ws/install/ecl_mpl:/home/embedded/ros2_ws/install/ecl_config:/opt/ros/jazzy/opt/gz_sim_vendor:/opt/ros/jazzy/opt/gz_sensors_vendor:/opt/ros/jazzy/opt/gz_physics_vendor:/opt/ros/jazzy/opt/sdformat_vendor:/opt/ros/jazzy/opt/gz_gui_vendor:/opt/ros/jazzy/opt/gz_transport_vendor:/opt/ros/jazzy/opt/gz_rendering_vendor:/opt/ros/jazzy/opt/gz_plugin_vendor:/opt/ros/jazzy/opt/gz_fuel_tools_vendor:/opt/ros/jazzy/opt/gz_msgs_vendor:/opt/ros/jazzy/opt/gz_common_vendor:/opt/ros/jazzy/opt/gz_tools_vendor:/opt/ros/jazzy/opt/gz_ogre_next_vendor:/opt/ros/jazzy/opt/gz_dartsim_vendor:/opt/ros/jazzy/opt/gz_math_vendor:/opt/ros/jazzy/opt/gz_utils_vendor:/opt/ros/jazzy/opt/gz_cmake_vendor:/opt/ros/jazzy LD_LIBRARY_PATH=/home/embedded/ros2_ws/install/ecl_devices/lib:/home/embedded/ros2_ws/install/ecl_threads/lib:/home/embedded/ros2_ws/install/ecl_formatters/lib:/home/embedded/ros2_ws/install/ecl_time/lib:/home/embedded/ros2_ws/install/ecl_time_lite/lib:/home/embedded/ros2_ws/install/ecl_exceptions/lib:/home/embedded/ros2_ws/install/ecl_type_traits/lib:/home/embedded/ros2_ws/install/ecl_errors/lib:${LD_LIBRARY_PATH} PATH=/home/embedded/ros2_ws/install/ecl_type_traits/bin:/home/embedded/ros2_ws/install/ecl_config/bin:${PATH} /usr/bin/cmake --install /home/embedded/ros2_ws/build/ecl_streams
[0.859s] -- Install configuration: ""
[0.862s] -- Execute custom install script
[0.862s] -- Up-to-date symlink: /home/embedded/ros2_ws/install/ecl_streams/include/ecl/streams/manipulators/clear_screen.hpp
[0.862s] -- Up-to-date symlink: /home/embedded/ros2_ws/install/ecl_streams/include/ecl/streams/manipulators/end_of_line.hpp
[0.863s] -- Up-to-date symlink: /home/embedded/ros2_ws/install/ecl_streams/include/ecl/streams/manipulators/manipulator.hpp
[0.869s] -- Up-to-date symlink: /home/embedded/ros2_ws/install/ecl_streams/include/ecl/streams/text_streams/base_text_stream.hpp
[0.870s] -- Up-to-date symlink: /home/embedded/ros2_ws/install/ecl_streams/include/ecl/streams/text_streams/input_text_stream.hpp
[0.870s] -- Up-to-date symlink: /home/embedded/ros2_ws/install/ecl_streams/include/ecl/streams/text_streams/output_text_stream.hpp
[0.871s] -- Up-to-date symlink: /home/embedded/ros2_ws/install/ecl_streams/include/ecl/streams/console_streams.hpp
[0.871s] -- Up-to-date symlink: /home/embedded/ros2_ws/install/ecl_streams/include/ecl/streams/file_streams.hpp
[0.871s] -- Up-to-date symlink: /home/embedded/ros2_ws/install/ecl_streams/include/ecl/streams/log_stream.hpp
[0.871s] -- Up-to-date symlink: /home/embedded/ros2_ws/install/ecl_streams/include/ecl/streams/macros.hpp
[0.872s] -- Up-to-date symlink: /home/embedded/ros2_ws/install/ecl_streams/include/ecl/streams/manipulators.hpp
[0.876s] -- Up-to-date symlink: /home/embedded/ros2_ws/install/ecl_streams/include/ecl/streams/serial_stream.hpp
[0.877s] -- Up-to-date symlink: /home/embedded/ros2_ws/install/ecl_streams/include/ecl/streams/shared_file_stream.hpp
[0.877s] -- Up-to-date symlink: /home/embedded/ros2_ws/install/ecl_streams/include/ecl/streams/socket_streams.hpp
[0.877s] -- Up-to-date symlink: /home/embedded/ros2_ws/install/ecl_streams/include/ecl/streams/string_stream.hpp
[0.877s] -- Up-to-date symlink: /home/embedded/ros2_ws/install/ecl_streams/include/ecl/streams/text_stream.hpp
[0.877s] -- Up-to-date symlink: /home/embedded/ros2_ws/install/ecl_streams/include/ecl/streams.hpp
[0.880s] -- Up-to-date symlink: /home/embedded/ros2_ws/install/ecl_streams/lib/ecl_streams/demo_console_streams
[0.880s] -- Up-to-date symlink: /home/embedded/ros2_ws/install/ecl_streams/lib/ecl_streams/demo_log_streams
[0.881s] -- Up-to-date symlink: /home/embedded/ros2_ws/install/ecl_streams/share/ecl_streams/environment/library_path.sh
[0.881s] -- Up-to-date symlink: /home/embedded/ros2_ws/install/ecl_streams/share/ecl_streams/environment/library_path.dsv
[0.881s] -- Up-to-date symlink: /home/embedded/ros2_ws/install/ecl_streams/share/ament_index/resource_index/package_run_dependencies/ecl_streams
[0.881s] -- Up-to-date symlink: /home/embedded/ros2_ws/install/ecl_streams/share/ament_index/resource_index/parent_prefix_path/ecl_streams
[0.881s] -- Up-to-date symlink: /home/embedded/ros2_ws/install/ecl_streams/share/ecl_streams/environment/ament_prefix_path.sh
[0.882s] -- Up-to-date symlink: /home/embedded/ros2_ws/install/ecl_streams/share/ecl_streams/environment/ament_prefix_path.dsv
[0.882s] -- Up-to-date symlink: /home/embedded/ros2_ws/install/ecl_streams/share/ecl_streams/environment/path.sh
[0.882s] -- Up-to-date symlink: /home/embedded/ros2_ws/install/ecl_streams/share/ecl_streams/environment/path.dsv
[0.882s] -- Up-to-date symlink: /home/embedded/ros2_ws/install/ecl_streams/share/ecl_streams/local_setup.bash
[0.882s] -- Up-to-date symlink: /home/embedded/ros2_ws/install/ecl_streams/share/ecl_streams/local_setup.sh
[0.882s] -- Up-to-date symlink: /home/embedded/ros2_ws/install/ecl_streams/share/ecl_streams/local_setup.zsh
[0.882s] -- Up-to-date symlink: /home/embedded/ros2_ws/install/ecl_streams/share/ecl_streams/local_setup.dsv
[0.882s] -- Symlinking: /home/embedded/ros2_ws/install/ecl_streams/share/ecl_streams/package.dsv
[0.908s] -- Up-to-date symlink: /home/embedded/ros2_ws/install/ecl_streams/share/ament_index/resource_index/packages/ecl_streams
[0.909s] -- Up-to-date symlink: /home/embedded/ros2_ws/install/ecl_streams/share/ecl_streams/cmake/ament_cmake_export_targets-extras.cmake
[0.909s] -- Up-to-date symlink: /home/embedded/ros2_ws/install/ecl_streams/share/ecl_streams/cmake/ament_cmake_export_include_directories-extras.cmake
[0.909s] -- Up-to-date symlink: /home/embedded/ros2_ws/install/ecl_streams/share/ecl_streams/cmake/ament_cmake_export_libraries-extras.cmake
[0.909s] -- Up-to-date symlink: /home/embedded/ros2_ws/install/ecl_streams/share/ecl_streams/cmake/ament_cmake_export_dependencies-extras.cmake
[0.909s] -- Up-to-date symlink: /home/embedded/ros2_ws/install/ecl_streams/share/ecl_streams/cmake/ecl_streamsConfig.cmake
[0.909s] -- Up-to-date symlink: /home/embedded/ros2_ws/install/ecl_streams/share/ecl_streams/cmake/ecl_streamsConfig-version.cmake
[0.909s] -- Up-to-date symlink: /home/embedded/ros2_ws/install/ecl_streams/share/ecl_streams/package.xml
[0.911s] -- Up-to-date: /home/embedded/ros2_ws/install/ecl_streams/share/ecl_streams/cmake/ecl_streamsExport.cmake
[0.911s] -- Up-to-date: /home/embedded/ros2_ws/install/ecl_streams/share/ecl_streams/cmake/ecl_streamsExport-noconfig.cmake
[0.937s] -- Up-to-date: /home/embedded/ros2_ws/install/ecl_streams/lib/libecl_streams.so.1.2.1
[0.940s] -- Up-to-date: /home/embedded/ros2_ws/install/ecl_streams/lib/libecl_streams.so
[0.946s] Invoked command in '/home/embedded/ros2_ws/build/ecl_streams' returned '0': AMENT_PREFIX_PATH=/home/embedded/ros2_ws/install/ecl_devices:/home/embedded/ros2_ws/install/ecl_containers:/home/embedded/ros2_ws/install/ecl_threads:/home/embedded/ros2_ws/install/ecl_formatters:/home/embedded/ros2_ws/install/ecl_utilities:/home/embedded/ros2_ws/install/ecl_time:/home/embedded/ros2_ws/install/ecl_converters:/home/embedded/ros2_ws/install/ecl_time_lite:/home/embedded/ros2_ws/install/ecl_exceptions:/home/embedded/ros2_ws/install/ecl_concepts:/home/embedded/ros2_ws/install/ecl_type_traits:/home/embedded/ros2_ws/install/ecl_errors:/home/embedded/ros2_ws/install/ecl_mpl:/home/embedded/ros2_ws/install/ecl_config:${AMENT_PREFIX_PATH} CMAKE_PREFIX_PATH=/home/embedded/ros2_ws/install/ecl_devices:/home/embedded/ros2_ws/install/ecl_containers:/home/embedded/ros2_ws/install/ecl_threads:/home/embedded/ros2_ws/install/ecl_formatters:/home/embedded/ros2_ws/install/ecl_utilities:/home/embedded/ros2_ws/install/ecl_time:/home/embedded/ros2_ws/install/ecl_converters:/home/embedded/ros2_ws/install/ecl_time_lite:/home/embedded/ros2_ws/install/ecl_exceptions:/home/embedded/ros2_ws/install/ecl_concepts:/home/embedded/ros2_ws/install/ecl_type_traits:/home/embedded/ros2_ws/install/ecl_errors:/home/embedded/ros2_ws/install/ecl_mpl:/home/embedded/ros2_ws/install/ecl_config:/opt/ros/jazzy/opt/gz_sim_vendor:/opt/ros/jazzy/opt/gz_sensors_vendor:/opt/ros/jazzy/opt/gz_physics_vendor:/opt/ros/jazzy/opt/sdformat_vendor:/opt/ros/jazzy/opt/gz_gui_vendor:/opt/ros/jazzy/opt/gz_transport_vendor:/opt/ros/jazzy/opt/gz_rendering_vendor:/opt/ros/jazzy/opt/gz_plugin_vendor:/opt/ros/jazzy/opt/gz_fuel_tools_vendor:/opt/ros/jazzy/opt/gz_msgs_vendor:/opt/ros/jazzy/opt/gz_common_vendor:/opt/ros/jazzy/opt/gz_tools_vendor:/opt/ros/jazzy/opt/gz_ogre_next_vendor:/opt/ros/jazzy/opt/gz_dartsim_vendor:/opt/ros/jazzy/opt/gz_math_vendor:/opt/ros/jazzy/opt/gz_utils_vendor:/opt/ros/jazzy/opt/gz_cmake_vendor:/opt/ros/jazzy LD_LIBRARY_PATH=/home/embedded/ros2_ws/install/ecl_devices/lib:/home/embedded/ros2_ws/install/ecl_threads/lib:/home/embedded/ros2_ws/install/ecl_formatters/lib:/home/embedded/ros2_ws/install/ecl_time/lib:/home/embedded/ros2_ws/install/ecl_time_lite/lib:/home/embedded/ros2_ws/install/ecl_exceptions/lib:/home/embedded/ros2_ws/install/ecl_type_traits/lib:/home/embedded/ros2_ws/install/ecl_errors/lib:${LD_LIBRARY_PATH} PATH=/home/embedded/ros2_ws/install/ecl_type_traits/bin:/home/embedded/ros2_ws/install/ecl_config/bin:${PATH} /usr/bin/cmake --install /home/embedded/ros2_ws/build/ecl_streams
