[0.072s] Invoking command in '/home/embedded/ros2_ws/build/ecl_time': AMENT_PREFIX_PATH=/home/embedded/ros2_ws/install/ecl_time_lite:/home/embedded/ros2_ws/install/ecl_exceptions:/home/embedded/ros2_ws/install/ecl_errors:/home/embedded/ros2_ws/install/ecl_config:${AMENT_PREFIX_PATH} CMAKE_PREFIX_PATH=/home/embedded/ros2_ws/install/ecl_time_lite:/home/embedded/ros2_ws/install/ecl_exceptions:/home/embedded/ros2_ws/install/ecl_errors:/home/embedded/ros2_ws/install/ecl_config:/opt/ros/jazzy/opt/gz_sim_vendor:/opt/ros/jazzy/opt/gz_sensors_vendor:/opt/ros/jazzy/opt/gz_physics_vendor:/opt/ros/jazzy/opt/sdformat_vendor:/opt/ros/jazzy/opt/gz_gui_vendor:/opt/ros/jazzy/opt/gz_transport_vendor:/opt/ros/jazzy/opt/gz_rendering_vendor:/opt/ros/jazzy/opt/gz_plugin_vendor:/opt/ros/jazzy/opt/gz_fuel_tools_vendor:/opt/ros/jazzy/opt/gz_msgs_vendor:/opt/ros/jazzy/opt/gz_common_vendor:/opt/ros/jazzy/opt/gz_tools_vendor:/opt/ros/jazzy/opt/gz_ogre_next_vendor:/opt/ros/jazzy/opt/gz_dartsim_vendor:/opt/ros/jazzy/opt/gz_math_vendor:/opt/ros/jazzy/opt/gz_utils_vendor:/opt/ros/jazzy/opt/gz_cmake_vendor:/opt/ros/jazzy LD_LIBRARY_PATH=/home/embedded/ros2_ws/install/ecl_time_lite/lib:/home/embedded/ros2_ws/install/ecl_exceptions/lib:/home/embedded/ros2_ws/install/ecl_errors/lib:${LD_LIBRARY_PATH} PATH=/home/embedded/ros2_ws/install/ecl_config/bin:${PATH} /usr/bin/cmake --build /home/embedded/ros2_ws/build/ecl_time -- -j4 -l4
[0.299s] [  5%] Built target gtest_main
[0.323s] [ 11%] Built target gtest
[0.324s] [ 47%] Built target ecl_time
[0.414s] [ 52%] Built target ecl_test_cpuwatch_rt
[0.415s] [ 58%] Built target ecl_test_sleep
[0.443s] [ 64%] Built target ecl_test_frequency
[0.443s] [ 70%] Built target ecl_test_snooze
[0.503s] [ 76%] Built target ecl_test_timestamp
[0.531s] [ 82%] Built target ecl_test_time_data
[0.546s] [ 88%] Built target ecl_test_stopwatch
[0.546s] [ 94%] Built target ecl_time_example_random_number_generator
[0.584s] [100%] Built target ecl_time_example_sleep
[0.618s] Invoked command in '/home/embedded/ros2_ws/build/ecl_time' returned '0': AMENT_PREFIX_PATH=/home/embedded/ros2_ws/install/ecl_time_lite:/home/embedded/ros2_ws/install/ecl_exceptions:/home/embedded/ros2_ws/install/ecl_errors:/home/embedded/ros2_ws/install/ecl_config:${AMENT_PREFIX_PATH} CMAKE_PREFIX_PATH=/home/embedded/ros2_ws/install/ecl_time_lite:/home/embedded/ros2_ws/install/ecl_exceptions:/home/embedded/ros2_ws/install/ecl_errors:/home/embedded/ros2_ws/install/ecl_config:/opt/ros/jazzy/opt/gz_sim_vendor:/opt/ros/jazzy/opt/gz_sensors_vendor:/opt/ros/jazzy/opt/gz_physics_vendor:/opt/ros/jazzy/opt/sdformat_vendor:/opt/ros/jazzy/opt/gz_gui_vendor:/opt/ros/jazzy/opt/gz_transport_vendor:/opt/ros/jazzy/opt/gz_rendering_vendor:/opt/ros/jazzy/opt/gz_plugin_vendor:/opt/ros/jazzy/opt/gz_fuel_tools_vendor:/opt/ros/jazzy/opt/gz_msgs_vendor:/opt/ros/jazzy/opt/gz_common_vendor:/opt/ros/jazzy/opt/gz_tools_vendor:/opt/ros/jazzy/opt/gz_ogre_next_vendor:/opt/ros/jazzy/opt/gz_dartsim_vendor:/opt/ros/jazzy/opt/gz_math_vendor:/opt/ros/jazzy/opt/gz_utils_vendor:/opt/ros/jazzy/opt/gz_cmake_vendor:/opt/ros/jazzy LD_LIBRARY_PATH=/home/embedded/ros2_ws/install/ecl_time_lite/lib:/home/embedded/ros2_ws/install/ecl_exceptions/lib:/home/embedded/ros2_ws/install/ecl_errors/lib:${LD_LIBRARY_PATH} PATH=/home/embedded/ros2_ws/install/ecl_config/bin:${PATH} /usr/bin/cmake --build /home/embedded/ros2_ws/build/ecl_time -- -j4 -l4
[0.620s] Invoking command in '/home/embedded/ros2_ws/build/ecl_time': AMENT_PREFIX_PATH=/home/embedded/ros2_ws/install/ecl_time_lite:/home/embedded/ros2_ws/install/ecl_exceptions:/home/embedded/ros2_ws/install/ecl_errors:/home/embedded/ros2_ws/install/ecl_config:${AMENT_PREFIX_PATH} CMAKE_PREFIX_PATH=/home/embedded/ros2_ws/install/ecl_time_lite:/home/embedded/ros2_ws/install/ecl_exceptions:/home/embedded/ros2_ws/install/ecl_errors:/home/embedded/ros2_ws/install/ecl_config:/opt/ros/jazzy/opt/gz_sim_vendor:/opt/ros/jazzy/opt/gz_sensors_vendor:/opt/ros/jazzy/opt/gz_physics_vendor:/opt/ros/jazzy/opt/sdformat_vendor:/opt/ros/jazzy/opt/gz_gui_vendor:/opt/ros/jazzy/opt/gz_transport_vendor:/opt/ros/jazzy/opt/gz_rendering_vendor:/opt/ros/jazzy/opt/gz_plugin_vendor:/opt/ros/jazzy/opt/gz_fuel_tools_vendor:/opt/ros/jazzy/opt/gz_msgs_vendor:/opt/ros/jazzy/opt/gz_common_vendor:/opt/ros/jazzy/opt/gz_tools_vendor:/opt/ros/jazzy/opt/gz_ogre_next_vendor:/opt/ros/jazzy/opt/gz_dartsim_vendor:/opt/ros/jazzy/opt/gz_math_vendor:/opt/ros/jazzy/opt/gz_utils_vendor:/opt/ros/jazzy/opt/gz_cmake_vendor:/opt/ros/jazzy LD_LIBRARY_PATH=/home/embedded/ros2_ws/install/ecl_time_lite/lib:/home/embedded/ros2_ws/install/ecl_exceptions/lib:/home/embedded/ros2_ws/install/ecl_errors/lib:${LD_LIBRARY_PATH} PATH=/home/embedded/ros2_ws/install/ecl_config/bin:${PATH} /usr/bin/cmake --install /home/embedded/ros2_ws/build/ecl_time
[0.647s] -- Install configuration: ""
[0.647s] -- Execute custom install script
[0.647s] -- Up-to-date symlink: /home/embedded/ros2_ws/install/ecl_time/include/ecl/time/cpuwatch.hpp
[0.647s] -- Up-to-date symlink: /home/embedded/ros2_ws/install/ecl_time/include/ecl/time/cpuwatch_rt.hpp
[0.647s] -- Up-to-date symlink: /home/embedded/ros2_ws/install/ecl_time/include/ecl/time/duration.hpp
[0.647s] -- Up-to-date symlink: /home/embedded/ros2_ws/install/ecl_time/include/ecl/time/frequency.hpp
[0.647s] -- Up-to-date symlink: /home/embedded/ros2_ws/install/ecl_time/include/ecl/time/macros.hpp
[0.647s] -- Up-to-date symlink: /home/embedded/ros2_ws/install/ecl_time/include/ecl/time/random_number_generator.hpp
[0.647s] -- Up-to-date symlink: /home/embedded/ros2_ws/install/ecl_time/include/ecl/time/sleep.hpp
[0.648s] -- Up-to-date symlink: /home/embedded/ros2_ws/install/ecl_time/include/ecl/time/sleep_pos.hpp
[0.648s] -- Up-to-date symlink: /home/embedded/ros2_ws/install/ecl_time/include/ecl/time/sleep_win.hpp
[0.648s] -- Up-to-date symlink: /home/embedded/ros2_ws/install/ecl_time/include/ecl/time/snooze.hpp
[0.652s] -- Up-to-date symlink: /home/embedded/ros2_ws/install/ecl_time/include/ecl/time/snooze_pos.hpp
[0.652s] -- Up-to-date symlink: /home/embedded/ros2_ws/install/ecl_time/include/ecl/time/snooze_win.hpp
[0.652s] -- Up-to-date symlink: /home/embedded/ros2_ws/install/ecl_time/include/ecl/time/stopwatch.hpp
[0.652s] -- Up-to-date symlink: /home/embedded/ros2_ws/install/ecl_time/include/ecl/time/time_data.hpp
[0.652s] -- Up-to-date symlink: /home/embedded/ros2_ws/install/ecl_time/include/ecl/time/timestamp.hpp
[0.652s] -- Up-to-date symlink: /home/embedded/ros2_ws/install/ecl_time/include/ecl/time/timestamp_base.hpp
[0.653s] -- Up-to-date symlink: /home/embedded/ros2_ws/install/ecl_time/include/ecl/time/timestamp_pos.hpp
[0.653s] -- Up-to-date symlink: /home/embedded/ros2_ws/install/ecl_time/include/ecl/time/timestamp_win.hpp
[0.653s] -- Up-to-date symlink: /home/embedded/ros2_ws/install/ecl_time/include/ecl/time.hpp
[0.653s] -- Up-to-date symlink: /home/embedded/ros2_ws/install/ecl_time/lib/ecl_time/demo_random_number_generator
[0.653s] -- Up-to-date symlink: /home/embedded/ros2_ws/install/ecl_time/lib/ecl_time/demo_sleep
[0.653s] -- Up-to-date symlink: /home/embedded/ros2_ws/install/ecl_time/share/ecl_time/environment/library_path.sh
[0.653s] -- Up-to-date symlink: /home/embedded/ros2_ws/install/ecl_time/share/ecl_time/environment/library_path.dsv
[0.654s] -- Up-to-date symlink: /home/embedded/ros2_ws/install/ecl_time/share/ament_index/resource_index/package_run_dependencies/ecl_time
[0.654s] -- Up-to-date symlink: /home/embedded/ros2_ws/install/ecl_time/share/ament_index/resource_index/parent_prefix_path/ecl_time
[0.654s] -- Up-to-date symlink: /home/embedded/ros2_ws/install/ecl_time/share/ecl_time/environment/ament_prefix_path.sh
[0.654s] -- Up-to-date symlink: /home/embedded/ros2_ws/install/ecl_time/share/ecl_time/environment/ament_prefix_path.dsv
[0.657s] -- Up-to-date symlink: /home/embedded/ros2_ws/install/ecl_time/share/ecl_time/environment/path.sh
[0.657s] -- Up-to-date symlink: /home/embedded/ros2_ws/install/ecl_time/share/ecl_time/environment/path.dsv
[0.657s] -- Up-to-date symlink: /home/embedded/ros2_ws/install/ecl_time/share/ecl_time/local_setup.bash
[0.657s] -- Up-to-date symlink: /home/embedded/ros2_ws/install/ecl_time/share/ecl_time/local_setup.sh
[0.657s] -- Up-to-date symlink: /home/embedded/ros2_ws/install/ecl_time/share/ecl_time/local_setup.zsh
[0.657s] -- Up-to-date symlink: /home/embedded/ros2_ws/install/ecl_time/share/ecl_time/local_setup.dsv
[0.657s] -- Symlinking: /home/embedded/ros2_ws/install/ecl_time/share/ecl_time/package.dsv
[0.680s] -- Up-to-date symlink: /home/embedded/ros2_ws/install/ecl_time/share/ament_index/resource_index/packages/ecl_time
[0.681s] -- Up-to-date symlink: /home/embedded/ros2_ws/install/ecl_time/share/ecl_time/cmake/ament_cmake_export_targets-extras.cmake
[0.681s] -- Up-to-date symlink: /home/embedded/ros2_ws/install/ecl_time/share/ecl_time/cmake/ament_cmake_export_include_directories-extras.cmake
[0.681s] -- Up-to-date symlink: /home/embedded/ros2_ws/install/ecl_time/share/ecl_time/cmake/ament_cmake_export_libraries-extras.cmake
[0.681s] -- Up-to-date symlink: /home/embedded/ros2_ws/install/ecl_time/share/ecl_time/cmake/ament_cmake_export_dependencies-extras.cmake
[0.684s] -- Up-to-date symlink: /home/embedded/ros2_ws/install/ecl_time/share/ecl_time/cmake/ecl_timeConfig.cmake
[0.684s] -- Up-to-date symlink: /home/embedded/ros2_ws/install/ecl_time/share/ecl_time/cmake/ecl_timeConfig-version.cmake
[0.685s] -- Up-to-date symlink: /home/embedded/ros2_ws/install/ecl_time/share/ecl_time/package.xml
[0.685s] -- Up-to-date: /home/embedded/ros2_ws/install/ecl_time/share/ecl_time/cmake/ecl_timeExport.cmake
[0.685s] -- Up-to-date: /home/embedded/ros2_ws/install/ecl_time/share/ecl_time/cmake/ecl_timeExport-noconfig.cmake
[0.686s] -- Up-to-date: /home/embedded/ros2_ws/install/ecl_time/lib/libecl_time.so.1.2.1
[0.686s] -- Up-to-date: /home/embedded/ros2_ws/install/ecl_time/lib/libecl_time.so
[0.693s] Invoked command in '/home/embedded/ros2_ws/build/ecl_time' returned '0': AMENT_PREFIX_PATH=/home/embedded/ros2_ws/install/ecl_time_lite:/home/embedded/ros2_ws/install/ecl_exceptions:/home/embedded/ros2_ws/install/ecl_errors:/home/embedded/ros2_ws/install/ecl_config:${AMENT_PREFIX_PATH} CMAKE_PREFIX_PATH=/home/embedded/ros2_ws/install/ecl_time_lite:/home/embedded/ros2_ws/install/ecl_exceptions:/home/embedded/ros2_ws/install/ecl_errors:/home/embedded/ros2_ws/install/ecl_config:/opt/ros/jazzy/opt/gz_sim_vendor:/opt/ros/jazzy/opt/gz_sensors_vendor:/opt/ros/jazzy/opt/gz_physics_vendor:/opt/ros/jazzy/opt/sdformat_vendor:/opt/ros/jazzy/opt/gz_gui_vendor:/opt/ros/jazzy/opt/gz_transport_vendor:/opt/ros/jazzy/opt/gz_rendering_vendor:/opt/ros/jazzy/opt/gz_plugin_vendor:/opt/ros/jazzy/opt/gz_fuel_tools_vendor:/opt/ros/jazzy/opt/gz_msgs_vendor:/opt/ros/jazzy/opt/gz_common_vendor:/opt/ros/jazzy/opt/gz_tools_vendor:/opt/ros/jazzy/opt/gz_ogre_next_vendor:/opt/ros/jazzy/opt/gz_dartsim_vendor:/opt/ros/jazzy/opt/gz_math_vendor:/opt/ros/jazzy/opt/gz_utils_vendor:/opt/ros/jazzy/opt/gz_cmake_vendor:/opt/ros/jazzy LD_LIBRARY_PATH=/home/embedded/ros2_ws/install/ecl_time_lite/lib:/home/embedded/ros2_ws/install/ecl_exceptions/lib:/home/embedded/ros2_ws/install/ecl_errors/lib:${LD_LIBRARY_PATH} PATH=/home/embedded/ros2_ws/install/ecl_config/bin:${PATH} /usr/bin/cmake --install /home/embedded/ros2_ws/build/ecl_time
